LOADING R
R LOADED
[1] "/home/lvanderl/Rlibs2"                         
[2] "/app/software/R/4.2.2-foss-2021b/lib/R/library"
[1] "/home/lvanderl/sieveSims"
[1] 1
[1] 0.2503338
[1] 0.2927221
[1] "AdaLSE"
[1] 0.2860793
[1] 0.03681386
[1] 1

1 
1 
[1] "Fitting mean A"
[1] "Fitting variance A"
[1] "DR"
[1] 0.3143142
[1] 0.04210109
[1] 1

1 
1 
[1] 2
[1] 0.2503338
[1] 0.2927221
[1] "AdaLSE"
[1] 0.2872674
[1] 0.03656073
[1] 1

1 
2 
[1] "Fitting mean A"
[1] "Fitting variance A"
[1] "DR"
[1] -0.09263235
[1] 0.2822129
[1] 1

1 
2 
[1] 3
[1] 0.2503338
[1] 0.2927221
[1] "AdaLSE"
[1] 0.1755294
[1] 0.03793354
[1] 0.6666667

0 1 
1 2 
[1] "Fitting mean A"
[1] "Fitting variance A"
[1] "DR"
[1] 0.170165
[1] 0.04422237
[1] 0.6666667

0 1 
1 2 
[1] 4
[1] 0.2503338
[1] 0.2927221
[1] "AdaLSE"
[1] 0.2619972
[1] 0.03936245
[1] 0.75

0 1 
1 3 
[1] "Fitting mean A"
[1] "Fitting variance A"
[1] "DR"
[1] 0.2666492
[1] 0.03800359
[1] 0.75

0 1 
1 3 
[1] 5
[1] 0.2503338
[1] 0.2927221
[1] "AdaLSE"
[1] 0.2865194
[1] 0.03753277
[1] 0.8

0 1 
1 4 
[1] "Fitting mean A"
[1] "Fitting variance A"
[1] "DR"
[1] -0.06381239
[1] 0.2643307
[1] 0.8

0 1 
1 4 
[1] 6
[1] 0.2503338
[1] 0.2927221
[1] "AdaLSE"
[1] 0.1638557
[1] 0.03872756
[1] 0.6666667

0 1 
2 4 
[1] "Fitting mean A"
[1] "Fitting variance A"
[1] "DR"
[1] 0.1529317
[1] 0.03493942
[1] 0.6666667

0 1 
2 4 
[1] 7
[1] 0.2503338
[1] 0.2927221
[1] "AdaLSE"
[1] 0.3653124
[1] 0.03773925
[1] 0.7142857

0 1 
2 5 
[1] "Fitting mean A"
[1] "Fitting variance A"
[1] "DR"
[1] 0.3821836
[1] 0.05497529
[1] 0.7142857

0 1 
2 5 
[1] 8
[1] 0.2503338
[1] 0.2927221
[1] "AdaLSE"
[1] 0.2244748
[1] 0.03884971
[1] 0.75

0 1 
2 6 
[1] "Fitting mean A"
[1] "Fitting variance A"
[1] "DR"
[1] 0.2179474
[1] 0.03775008
[1] 0.625

0 1 
3 5 
[1] 9
[1] 0.2503338
[1] 0.2927221
[1] "AdaLSE"
[1] 0.3943738
[1] 0.03658143
[1] 0.6666667

0 1 
3 6 
[1] "Fitting mean A"
[1] "Fitting variance A"
[1] "DR"
[1] 0.3675744
[1] 0.04037579
[1] 0.6666667

0 1 
3 6 
[1] 10
[1] 0.2503338
[1] 0.2927221
[1] "AdaLSE"
[1] 0.3150294
[1] 0.0370906
[1] 0.7

0 1 
3 7 
[1] "Fitting mean A"
[1] "Fitting variance A"
[1] "DR"
[1] 0.3414414
[1] 0.04375053
[1] 0.7

0 1 
3 7 
[1] 11
[1] 0.2503338
[1] 0.2927221
[1] "AdaLSE"
[1] 0.2962576
[1] 0.03743829
[1] 0.7272727

0 1 
3 8 
[1] "Fitting mean A"
[1] "Fitting variance A"
[1] "DR"
[1] 0.2711418
[1] 0.03751869
[1] 0.7272727

0 1 
3 8 
[1] 12
[1] 0.2503338
[1] 0.2927221
[1] "AdaLSE"
[1] 0.2683254
[1] 0.04073325
[1] 0.75

0 1 
3 9 
[1] "Fitting mean A"
[1] "Fitting variance A"
[1] "DR"
[1] 0.2670862
[1] 0.03893279
[1] 0.75

0 1 
3 9 
[1] 13
[1] 0.2503338
[1] 0.2927221
[1] "AdaLSE"
[1] 0.2723832
[1] 0.03640358
[1] 0.7692308

 0  1 
 3 10 
[1] "Fitting mean A"
[1] "Fitting variance A"
[1] "DR"
[1] 0.2631781
[1] 0.03516408
[1] 0.7692308

 0  1 
 3 10 
[1] 14
[1] 0.2503338
[1] 0.2927221
[1] "AdaLSE"
[1] 0.2934651
[1] 0.03864741
[1] 0.7857143

 0  1 
 3 11 
[1] "Fitting mean A"
[1] "Fitting variance A"
[1] "DR"
[1] 0.2782035
[1] 0.04304821
[1] 0.7857143

 0  1 
 3 11 
[1] 15
[1] 0.2503338
[1] 0.2927221
[1] "AdaLSE"
[1] 0.2285404
[1] 0.03552439
[1] 0.8

 0  1 
 3 12 
[1] "Fitting mean A"
[1] "Fitting variance A"
[1] "DR"
[1] 0.2222142
[1] 0.03756842
[1] 0.8

 0  1 
 3 12 
[1] 16
[1] 0.2503338
[1] 0.2927221
[1] "AdaLSE"
[1] 0.3074848
[1] 0.03741522
[1] 0.8125

 0  1 
 3 13 
[1] "Fitting mean A"
[1] "Fitting variance A"
[1] "DR"
[1] 0.03703253
[1] 0.9068478
[1] 0.8125

 0  1 
 3 13 
[1] 17
[1] 0.2503338
[1] 0.2927221
[1] "AdaLSE"
[1] 0.2500948
[1] 0.03684793
[1] 0.8235294

 0  1 
 3 14 
[1] "Fitting mean A"
[1] "Fitting variance A"
[1] "DR"
[1] 0.2454533
[1] 0.04318661
[1] 0.8235294

 0  1 
 3 14 
[1] 18
[1] 0.2503338
[1] 0.2927221
[1] "AdaLSE"
[1] 0.2536742
[1] 0.03809359
[1] 0.8333333

 0  1 
 3 15 
[1] "Fitting mean A"
[1] "Fitting variance A"
[1] "DR"
[1] 0.2682579
[1] 0.04898458
[1] 0.8333333

 0  1 
 3 15 
[1] 19
[1] 0.2503338
[1] 0.2927221
[1] "AdaLSE"
[1] 0.2513862
[1] 0.03627157
[1] 0.8421053

 0  1 
 3 16 
[1] "Fitting mean A"
[1] "Fitting variance A"
[1] "DR"
[1] 0.2439834
[1] 0.03942794
[1] 0.8421053

 0  1 
 3 16 
[1] 20
[1] 0.2503338
[1] 0.2927221
[1] "AdaLSE"
[1] 0.2753773
[1] 0.0376733
[1] 0.85

 0  1 
 3 17 
[1] "Fitting mean A"
[1] "Fitting variance A"
[1] "DR"
[1] 0.2683847
[1] 0.0435998
[1] 0.85

 0  1 
 3 17 
[1] 21
[1] 0.2503338
[1] 0.2927221
[1] "AdaLSE"
[1] 0.2615676
[1] 0.03951873
[1] 0.8571429

 0  1 
 3 18 
[1] "Fitting mean A"
[1] "Fitting variance A"
[1] "DR"
[1] 0.273071
[1] 0.04089295
[1] 0.8571429

 0  1 
 3 18 
[1] 22
[1] 0.2503338
[1] 0.2927221
[1] "AdaLSE"
[1] 0.3338074
[1] 0.03887308
[1] 0.8636364

 0  1 
 3 19 
[1] "Fitting mean A"
[1] "Fitting variance A"
[1] "DR"
[1] -0.1560619
[1] 0.6243703
[1] 0.8636364

 0  1 
 3 19 
[1] 23
[1] 0.2503338
[1] 0.2927221
[1] "AdaLSE"
[1] 0.264702
[1] 0.03805723
[1] 0.8695652

 0  1 
 3 20 
[1] "Fitting mean A"
[1] "Fitting variance A"
[1] "DR"
[1] 0.2676294
[1] 0.03799974
[1] 0.8695652

 0  1 
 3 20 
[1] 24
[1] 0.2503338
[1] 0.2927221
[1] "AdaLSE"
[1] 0.2540058
[1] 0.03985056
[1] 0.875

 0  1 
 3 21 
[1] "Fitting mean A"
[1] "Fitting variance A"
[1] "DR"
[1] 1.22303
[1] 0.6344576
[1] 0.875

 0  1 
 3 21 
[1] 25
[1] 0.2503338
[1] 0.2927221
[1] "AdaLSE"
[1] 0.3468224
[1] 0.03937272
[1] 0.88

 0  1 
 3 22 
[1] "Fitting mean A"
[1] "Fitting variance A"
[1] "DR"
[1] 0.317872
[1] 0.03884519
[1] 0.88

 0  1 
 3 22 
[1] 26
[1] 0.2503338
[1] 0.2927221
[1] "AdaLSE"
[1] 0.3465954
[1] 0.03823747
[1] 0.8846154

 0  1 
 3 23 
[1] "Fitting mean A"
[1] "Fitting variance A"
[1] "DR"
[1] 0.3285248
[1] 0.03724648
[1] 0.8846154

 0  1 
 3 23 
[1] 27
[1] 0.2503338
[1] 0.2927221
[1] "AdaLSE"
[1] 0.2510849
[1] 0.03549966
[1] 0.8888889

 0  1 
 3 24 
[1] "Fitting mean A"
[1] "Fitting variance A"
[1] "DR"
[1] 0.2420396
[1] 0.03791146
[1] 0.8888889

 0  1 
 3 24 
[1] 28
[1] 0.2503338
[1] 0.2927221
[1] "AdaLSE"
[1] 0.3492524
[1] 0.03536529
[1] 0.8928571

 0  1 
 3 25 
[1] "Fitting mean A"
[1] "Fitting variance A"
[1] "DR"
[1] 0.3236426
[1] 0.04089814
[1] 0.8928571

 0  1 
 3 25 
[1] 29
[1] 0.2503338
[1] 0.2927221
[1] "AdaLSE"
[1] 0.2341717
[1] 0.03831719
[1] 0.8965517

 0  1 
 3 26 
[1] "Fitting mean A"
[1] "Fitting variance A"
[1] "DR"
[1] 0.2405168
[1] 0.03612376
[1] 0.8965517

 0  1 
 3 26 
[1] 30
[1] 0.2503338
[1] 0.2927221
[1] "AdaLSE"
[1] 0.3253273
[1] 0.03718968
[1] 0.9

 0  1 
 3 27 
[1] "Fitting mean A"
[1] "Fitting variance A"
[1] "DR"
[1] 0.9849088
[1] 0.6094948
[1] 0.9

 0  1 
 3 27 
[1] 31
[1] 0.2503338
[1] 0.2927221
[1] "AdaLSE"
[1] 0.3247062
[1] 0.03915565
[1] 0.9032258

 0  1 
 3 28 
[1] "Fitting mean A"
[1] "Fitting variance A"
[1] "DR"
[1] 0.310697
[1] 0.04039313
[1] 0.9032258

 0  1 
 3 28 
[1] 32
[1] 0.2503338
[1] 0.2927221
[1] "AdaLSE"
[1] 0.3097689
[1] 0.03643486
[1] 0.90625

 0  1 
 3 29 
[1] "Fitting mean A"
[1] "Fitting variance A"
[1] "DR"
[1] 0.3582198
[1] 0.03771814
[1] 0.90625

 0  1 
 3 29 
[1] 33
[1] 0.2503338
[1] 0.2927221
[1] "AdaLSE"
[1] 0.2582211
[1] 0.03782378
[1] 0.9090909

 0  1 
 3 30 
[1] "Fitting mean A"
[1] "Fitting variance A"
[1] "DR"
[1] 1.110507
[1] 0.4932183
[1] 0.9090909

 0  1 
 3 30 
[1] 34
[1] 0.2503338
[1] 0.2927221
[1] "AdaLSE"
[1] 0.2584071
[1] 0.03957941
[1] 0.9117647

 0  1 
 3 31 
[1] "Fitting mean A"
[1] "Fitting variance A"
[1] "DR"
[1] 0.2757039
[1] 0.03689078
[1] 0.9117647

 0  1 
 3 31 
[1] 35
[1] 0.2503338
[1] 0.2927221
[1] "AdaLSE"
[1] 0.3417924
[1] 0.03399236
[1] 0.9142857

 0  1 
 3 32 
[1] "Fitting mean A"
[1] "Fitting variance A"
[1] "DR"
[1] -0.4133591
[1] 0.4321615
[1] 0.9142857

 0  1 
 3 32 
[1] 36
[1] 0.2503338
[1] 0.2927221
[1] "AdaLSE"
[1] 0.2808092
[1] 0.03912768
[1] 0.9166667

 0  1 
 3 33 
[1] "Fitting mean A"
[1] "Fitting variance A"
[1] "DR"
[1] 0.2741385
[1] 0.03894364
[1] 0.9166667

 0  1 
 3 33 
[1] 37
[1] 0.2503338
[1] 0.2927221
[1] "AdaLSE"
[1] 0.2328549
[1] 0.03704114
[1] 0.9189189

 0  1 
 3 34 
[1] "Fitting mean A"
[1] "Fitting variance A"
[1] "DR"
[1] 0.2720014
[1] 0.0466465
[1] 0.9189189

 0  1 
 3 34 
[1] 38
[1] 0.2503338
[1] 0.2927221
[1] "AdaLSE"
[1] 0.2943223
[1] 0.04052706
[1] 0.9210526

 0  1 
 3 35 
[1] "Fitting mean A"
[1] "Fitting variance A"
[1] "DR"
[1] 0.3288148
[1] 0.04229745
[1] 0.9210526

 0  1 
 3 35 
[1] 39
[1] 0.2503338
[1] 0.2927221
[1] "AdaLSE"
[1] 0.3697507
[1] 0.03572814
[1] 0.8974359

 0  1 
 4 35 
[1] "Fitting mean A"
[1] "Fitting variance A"
[1] "DR"
[1] 0.3593934
[1] 0.03711011
[1] 0.9230769

 0  1 
 3 36 
[1] 40
[1] 0.2503338
[1] 0.2927221
[1] "AdaLSE"
[1] 0.3207778
[1] 0.03712059
[1] 0.9

 0  1 
 4 36 
[1] "Fitting mean A"
[1] "Fitting variance A"
[1] "DR"
[1] 0.2970871
[1] 0.04633371
[1] 0.925

 0  1 
 3 37 
[1] 41
[1] 0.2503338
[1] 0.2927221
[1] "AdaLSE"
[1] 0.3290364
[1] 0.03766218
[1] 0.902439

 0  1 
 4 37 
[1] "Fitting mean A"
[1] "Fitting variance A"
[1] "DR"
[1] 0.3355945
[1] 0.03945508
[1] 0.9268293

 0  1 
 3 38 
[1] 42
[1] 0.2503338
[1] 0.2927221
[1] "AdaLSE"
[1] 0.2892376
[1] 0.03857687
[1] 0.9047619

 0  1 
 4 38 
[1] "Fitting mean A"
[1] "Fitting variance A"
[1] "DR"
[1] 0.2894611
[1] 0.04216647
[1] 0.9285714

 0  1 
 3 39 
[1] 43
[1] 0.2503338
[1] 0.2927221
[1] "AdaLSE"
[1] 0.2706343
[1] 0.04192412
[1] 0.9069767

 0  1 
 4 39 
[1] "Fitting mean A"
[1] "Fitting variance A"
[1] "DR"
[1] 0.2433073
[1] 0.04675094
[1] 0.9302326

 0  1 
 3 40 
[1] 44
[1] 0.2503338
[1] 0.2927221
[1] "AdaLSE"
[1] 0.2871915
[1] 0.04075835
[1] 0.9090909

 0  1 
 4 40 
[1] "Fitting mean A"
[1] "Fitting variance A"
[1] "DR"
[1] 0.3134937
[1] 0.04111539
[1] 0.9318182

 0  1 
 3 41 
[1] 45
[1] 0.2503338
[1] 0.2927221
[1] "AdaLSE"
[1] 0.2556169
[1] 0.03699832
[1] 0.9111111

 0  1 
 4 41 
[1] "Fitting mean A"
[1] "Fitting variance A"
[1] "DR"
[1] 0.2426439
[1] 0.03825144
[1] 0.9333333

 0  1 
 3 42 
[1] 46
[1] 0.2503338
[1] 0.2927221
[1] "AdaLSE"
[1] 0.2639017
[1] 0.04060252
[1] 0.9130435

 0  1 
 4 42 
[1] "Fitting mean A"
[1] "Fitting variance A"
[1] "DR"
[1] 0.2575291
[1] 0.06601822
[1] 0.9347826

 0  1 
 3 43 
[1] 47
[1] 0.2503338
[1] 0.2927221
[1] "AdaLSE"
[1] 0.2778957
[1] 0.0377543
[1] 0.9148936

 0  1 
 4 43 
[1] "Fitting mean A"
[1] "Fitting variance A"
[1] "DR"
[1] -0.6349264
[1] 0.5260033
[1] 0.9361702

 0  1 
 3 44 
[1] 48
[1] 0.2503338
[1] 0.2927221
[1] "AdaLSE"
[1] 0.308404
[1] 0.03820715
[1] 0.9166667

 0  1 
 4 44 
[1] "Fitting mean A"
[1] "Fitting variance A"
[1] "DR"
[1] 0.3232763
[1] 0.03412318
[1] 0.9375

 0  1 
 3 45 
[1] 49
[1] 0.2503338
[1] 0.2927221
[1] "AdaLSE"
[1] 0.198684
[1] 0.03876431
[1] 0.8979592

 0  1 
 5 44 
[1] "Fitting mean A"
[1] "Fitting variance A"
[1] "DR"
[1] 0.1890499
[1] 0.03746275
[1] 0.9183673

 0  1 
 4 45 
[1] 50
[1] 0.2503338
[1] 0.2927221
[1] "AdaLSE"
[1] 0.3298858
[1] 0.03733251
[1] 0.9

 0  1 
 5 45 
[1] "Fitting mean A"
[1] "Fitting variance A"
[1] "DR"
[1] 0.3413737
[1] 0.0401027
[1] 0.92

 0  1 
 4 46 
[1] 51
[1] 0.2503338
[1] 0.2927221
[1] "AdaLSE"
[1] 0.2791288
[1] 0.03804164
[1] 0.9019608

 0  1 
 5 46 
[1] "Fitting mean A"
[1] "Fitting variance A"
[1] "DR"
[1] -0.01834796
[1] 0.2036266
[1] 0.9215686

 0  1 
 4 47 
[1] 52
[1] 0.2503338
[1] 0.2927221
[1] "AdaLSE"
[1] 0.2600956
[1] 0.0383629
[1] 0.9038462

 0  1 
 5 47 
[1] "Fitting mean A"
[1] "Fitting variance A"
[1] "DR"
[1] 0.2682643
[1] 0.03653365
[1] 0.9230769

 0  1 
 4 48 
[1] 53
[1] 0.2503338
[1] 0.2927221
[1] "AdaLSE"
[1] 0.2576231
[1] 0.0362285
[1] 0.9056604

 0  1 
 5 48 
[1] "Fitting mean A"
[1] "Fitting variance A"
[1] "DR"
[1] 0.214203
[1] 0.05001145
[1] 0.9245283

 0  1 
 4 49 
[1] 54
[1] 0.2503338
[1] 0.2927221
[1] "AdaLSE"
[1] 0.2227015
[1] 0.03835134
[1] 0.9074074

 0  1 
 5 49 
[1] "Fitting mean A"
[1] "Fitting variance A"
[1] "DR"
[1] 0.244723
[1] 0.03717244
[1] 0.9259259

 0  1 
 4 50 
[1] 55
[1] 0.2503338
[1] 0.2927221
[1] "AdaLSE"
[1] 0.3364697
[1] 0.04147134
[1] 0.9090909

 0  1 
 5 50 
[1] "Fitting mean A"
[1] "Fitting variance A"
[1] "DR"
[1] 0.3197442
[1] 0.04433432
[1] 0.9272727

 0  1 
 4 51 
[1] 56
[1] 0.2503338
[1] 0.2927221
[1] "AdaLSE"
[1] 0.2666696
[1] 0.03847027
[1] 0.9107143

 0  1 
 5 51 
[1] "Fitting mean A"
[1] "Fitting variance A"
[1] "DR"
[1] 0.2617722
[1] 0.03338354
[1] 0.9285714

 0  1 
 4 52 
[1] 57
[1] 0.2503338
[1] 0.2927221
[1] "AdaLSE"
[1] 0.2280914
[1] 0.03717914
[1] 0.9122807

 0  1 
 5 52 
[1] "Fitting mean A"
[1] "Fitting variance A"
[1] "DR"
[1] 0.2231637
[1] 0.03330505
[1] 0.9122807

 0  1 
 5 52 
[1] 58
[1] 0.2503338
[1] 0.2927221
[1] "AdaLSE"
[1] 0.2683056
[1] 0.03519949
[1] 0.9137931

 0  1 
 5 53 
[1] "Fitting mean A"
[1] "Fitting variance A"
[1] "DR"
[1] 0.2595689
[1] 0.03727333
[1] 0.9137931

 0  1 
 5 53 
[1] 59
[1] 0.2503338
[1] 0.2927221
[1] "AdaLSE"
[1] 0.2932744
[1] 0.03914688
[1] 0.9152542

 0  1 
 5 54 
[1] "Fitting mean A"
[1] "Fitting variance A"
[1] "DR"
[1] -0.6315251
[1] 0.5983414
[1] 0.9152542

 0  1 
 5 54 
[1] 60
[1] 0.2503338
[1] 0.2927221
[1] "AdaLSE"
[1] 0.2808826
[1] 0.03878094
[1] 0.9166667

 0  1 
 5 55 
[1] "Fitting mean A"
[1] "Fitting variance A"
[1] "DR"
[1] 0.2801062
[1] 0.03677264
[1] 0.9166667

 0  1 
 5 55 
[1] 61
[1] 0.2503338
[1] 0.2927221
[1] "AdaLSE"
[1] 0.2174966
[1] 0.0375528
[1] 0.9016393

 0  1 
 6 55 
[1] "Fitting mean A"
[1] "Fitting variance A"
[1] "DR"
[1] 0.2184344
[1] 0.0380208
[1] 0.9180328

 0  1 
 5 56 
[1] 62
[1] 0.2503338
[1] 0.2927221
[1] "AdaLSE"
[1] 0.2677969
[1] 0.03938703
[1] 0.9032258

 0  1 
 6 56 
[1] "Fitting mean A"
[1] "Fitting variance A"
[1] "DR"
[1] 0.2391357
[1] 0.07666928
[1] 0.9193548

 0  1 
 5 57 
[1] 63
[1] 0.2503338
[1] 0.2927221
[1] "AdaLSE"
[1] 0.2919183
[1] 0.03561611
[1] 0.9047619

 0  1 
 6 57 
[1] "Fitting mean A"
[1] "Fitting variance A"
[1] "DR"
[1] 0.2865752
[1] 0.038756
[1] 0.9206349

 0  1 
 5 58 
[1] 64
[1] 0.2503338
[1] 0.2927221
[1] "AdaLSE"
[1] 0.2666923
[1] 0.03914693
[1] 0.90625

 0  1 
 6 58 
[1] "Fitting mean A"
[1] "Fitting variance A"
[1] "DR"
[1] 1.058134
[1] 0.5876172
[1] 0.921875

 0  1 
 5 59 
[1] 65
[1] 0.2503338
[1] 0.2927221
[1] "AdaLSE"
[1] 0.2948108
[1] 0.04175347
[1] 0.9076923

 0  1 
 6 59 
[1] "Fitting mean A"
[1] "Fitting variance A"
[1] "DR"
[1] 0.2592568
[1] 0.04027919
[1] 0.9230769

 0  1 
 5 60 
[1] 66
[1] 0.2503338
[1] 0.2927221
[1] "AdaLSE"
[1] 0.2845562
[1] 0.0382119
[1] 0.9090909

 0  1 
 6 60 
[1] "Fitting mean A"
[1] "Fitting variance A"
[1] "DR"
[1] 0.271386
[1] 0.03900202
[1] 0.9242424

 0  1 
 5 61 
[1] 67
[1] 0.2503338
[1] 0.2927221
[1] "AdaLSE"
[1] 0.2579048
[1] 0.03887135
[1] 0.9104478

 0  1 
 6 61 
[1] "Fitting mean A"
[1] "Fitting variance A"
[1] "DR"
[1] 0.140816
[1] 0.1133047
[1] 0.9253731

 0  1 
 5 62 
[1] 68
[1] 0.2503338
[1] 0.2927221
[1] "AdaLSE"
[1] 0.2183585
[1] 0.03968411
[1] 0.9117647

 0  1 
 6 62 
[1] "Fitting mean A"
[1] "Fitting variance A"
[1] "DR"
[1] 0.103038
[1] 0.07733942
[1] 0.9117647

 0  1 
 6 62 
[1] 69
[1] 0.2503338
[1] 0.2927221
[1] "AdaLSE"
[1] 0.2839671
[1] 0.04087302
[1] 0.9130435

 0  1 
 6 63 
[1] "Fitting mean A"
[1] "Fitting variance A"
[1] "DR"
[1] 0.8992206
[1] 0.3369837
[1] 0.9130435

 0  1 
 6 63 
[1] 70
[1] 0.2503338
[1] 0.2927221
[1] "AdaLSE"
[1] 0.2721039
[1] 0.03863974
[1] 0.9142857

 0  1 
 6 64 
[1] "Fitting mean A"
[1] "Fitting variance A"
[1] "DR"
[1] 0.2638793
[1] 0.03695622
[1] 0.9142857

 0  1 
 6 64 
[1] 71
[1] 0.2503338
[1] 0.2927221
[1] "AdaLSE"
[1] 0.3694975
[1] 0.03610121
[1] 0.9014085

 0  1 
 7 64 
[1] "Fitting mean A"
[1] "Fitting variance A"
[1] "DR"
[1] 0.3783881
[1] 0.03524331
[1] 0.9014085

 0  1 
 7 64 
[1] 72
[1] 0.2503338
[1] 0.2927221
[1] "AdaLSE"
[1] 0.289125
[1] 0.0384348
[1] 0.9027778

 0  1 
 7 65 
[1] "Fitting mean A"
[1] "Fitting variance A"
[1] "DR"
[1] 0.3391748
[1] 0.06379304
[1] 0.9027778

 0  1 
 7 65 
[1] 73
[1] 0.2503338
[1] 0.2927221
[1] "AdaLSE"
[1] 0.2343949
[1] 0.03880931
[1] 0.9041096

 0  1 
 7 66 
[1] "Fitting mean A"
[1] "Fitting variance A"
[1] "DR"
[1] 0.2524568
[1] 0.04281823
[1] 0.9041096

 0  1 
 7 66 
[1] 74
[1] 0.2503338
[1] 0.2927221
[1] "AdaLSE"
[1] 0.255002
[1] 0.03791976
[1] 0.9054054

 0  1 
 7 67 
[1] "Fitting mean A"
[1] "Fitting variance A"
[1] "DR"
[1] 1.045485
[1] 0.7390458
[1] 0.9054054

 0  1 
 7 67 
[1] 75
[1] 0.2503338
[1] 0.2927221
[1] "AdaLSE"
[1] 0.2860472
[1] 0.03715252
[1] 0.9066667

 0  1 
 7 68 
[1] "Fitting mean A"
[1] "Fitting variance A"
[1] "DR"
[1] 0.3008183
[1] 0.04251241
[1] 0.9066667

 0  1 
 7 68 
[1] 76
[1] 0.2503338
[1] 0.2927221
[1] "AdaLSE"
[1] 0.2987567
[1] 0.03513233
[1] 0.9078947

 0  1 
 7 69 
[1] "Fitting mean A"
[1] "Fitting variance A"
[1] "DR"
[1] 0.2909558
[1] 0.03589433
[1] 0.9078947

 0  1 
 7 69 
[1] 77
[1] 0.2503338
[1] 0.2927221
[1] "AdaLSE"
[1] 0.3040454
[1] 0.03582954
[1] 0.9090909

 0  1 
 7 70 
[1] "Fitting mean A"
[1] "Fitting variance A"
[1] "DR"
[1] 0.3107516
[1] 0.0362891
[1] 0.9090909

 0  1 
 7 70 
[1] 78
[1] 0.2503338
[1] 0.2927221
[1] "AdaLSE"
[1] 0.1960953
[1] 0.0359088
[1] 0.8974359

 0  1 
 8 70 
[1] "Fitting mean A"
[1] "Fitting variance A"
[1] "DR"
[1] 0.1974654
[1] 0.03648157
[1] 0.8974359

 0  1 
 8 70 
[1] 79
[1] 0.2503338
[1] 0.2927221
[1] "AdaLSE"
[1] 0.3295513
[1] 0.03918576
[1] 0.8987342

 0  1 
 8 71 
[1] "Fitting mean A"
[1] "Fitting variance A"
[1] "DR"
[1] 0.2573489
[1] 0.1300587
[1] 0.8987342

 0  1 
 8 71 
[1] 80
[1] 0.2503338
[1] 0.2927221
[1] "AdaLSE"
[1] 0.2756572
[1] 0.03584968
[1] 0.9

 0  1 
 8 72 
[1] "Fitting mean A"
[1] "Fitting variance A"
[1] "DR"
[1] 0.280852
[1] 0.0337524
[1] 0.9

 0  1 
 8 72 
[1] 81
[1] 0.2503338
[1] 0.2927221
[1] "AdaLSE"
[1] 0.325974
[1] 0.03968345
[1] 0.9012346

 0  1 
 8 73 
[1] "Fitting mean A"
[1] "Fitting variance A"
[1] "DR"
[1] 0.3142579
[1] 0.0434719
[1] 0.9012346

 0  1 
 8 73 
[1] 82
[1] 0.2503338
[1] 0.2927221
[1] "AdaLSE"
[1] 0.2954903
[1] 0.03826562
[1] 0.902439

 0  1 
 8 74 
[1] "Fitting mean A"
[1] "Fitting variance A"
[1] "DR"
[1] 0.275315
[1] 0.03843778
[1] 0.902439

 0  1 
 8 74 
[1] 83
[1] 0.2503338
[1] 0.2927221
[1] "AdaLSE"
[1] 0.2647146
[1] 0.03736778
[1] 0.9036145

 0  1 
 8 75 
[1] "Fitting mean A"
[1] "Fitting variance A"
[1] "DR"
[1] 0.2595087
[1] 0.03952398
[1] 0.9036145

 0  1 
 8 75 
[1] 84
[1] 0.2503338
[1] 0.2927221
[1] "AdaLSE"
[1] 0.2614938
[1] 0.03791723
[1] 0.9047619

 0  1 
 8 76 
[1] "Fitting mean A"
[1] "Fitting variance A"
[1] "DR"
[1] 1.318571
[1] 0.6859274
[1] 0.9047619

 0  1 
 8 76 
[1] 85
[1] 0.2503338
[1] 0.2927221
[1] "AdaLSE"
[1] 0.2381486
[1] 0.03636405
[1] 0.9058824

 0  1 
 8 77 
[1] "Fitting mean A"
[1] "Fitting variance A"
[1] "DR"
[1] 0.2244659
[1] 0.03343803
[1] 0.8941176

 0  1 
 9 76 
[1] 86
[1] 0.2503338
[1] 0.2927221
[1] "AdaLSE"
[1] 0.1954915
[1] 0.03627359
[1] 0.8953488

 0  1 
 9 77 
[1] "Fitting mean A"
[1] "Fitting variance A"
[1] "DR"
[1] 0.2170482
[1] 0.03621482
[1] 0.8837209

 0  1 
10 76 
[1] 87
[1] 0.2503338
[1] 0.2927221
[1] "AdaLSE"
[1] 0.2738583
[1] 0.03746097
[1] 0.8965517

 0  1 
 9 78 
[1] "Fitting mean A"
[1] "Fitting variance A"
[1] "DR"
[1] 1.048063
[1] 0.4953918
[1] 0.8850575

 0  1 
10 77 
[1] 88
[1] 0.2503338
[1] 0.2927221
[1] "AdaLSE"
[1] 0.2340982
[1] 0.04209074
[1] 0.8977273

 0  1 
 9 79 
[1] "Fitting mean A"
[1] "Fitting variance A"
[1] "DR"
[1] 0.237291
[1] 0.03875897
[1] 0.8863636

 0  1 
10 78 
[1] 89
[1] 0.2503338
[1] 0.2927221
[1] "AdaLSE"
[1] 0.3248303
[1] 0.03814679
[1] 0.8988764

 0  1 
 9 80 
[1] "Fitting mean A"
[1] "Fitting variance A"
[1] "DR"
[1] 0.3335215
[1] 0.03829907
[1] 0.8876404

 0  1 
10 79 
[1] 90
[1] 0.2503338
[1] 0.2927221
[1] "AdaLSE"
[1] 0.3718809
[1] 0.03884685
[1] 0.8888889

 0  1 
10 80 
[1] "Fitting mean A"
[1] "Fitting variance A"
[1] "DR"
[1] 0.3706622
[1] 0.03797978
[1] 0.8777778

 0  1 
11 79 
[1] 91
[1] 0.2503338
[1] 0.2927221
[1] "AdaLSE"
[1] 0.2843282
[1] 0.03466377
[1] 0.8901099

 0  1 
10 81 
[1] "Fitting mean A"
[1] "Fitting variance A"
[1] "DR"
[1] 0.3100119
[1] 0.03582952
[1] 0.8791209

 0  1 
11 80 
[1] 92
[1] 0.2503338
[1] 0.2927221
[1] "AdaLSE"
[1] 0.2029814
[1] 0.04117984
[1] 0.8804348

 0  1 
11 81 
[1] "Fitting mean A"
[1] "Fitting variance A"
[1] "DR"
[1] 0.170573
[1] 0.1356506
[1] 0.8804348

 0  1 
11 81 
[1] 93
[1] 0.2503338
[1] 0.2927221
[1] "AdaLSE"
[1] 0.2829194
[1] 0.03880303
[1] 0.8817204

 0  1 
11 82 
[1] "Fitting mean A"
[1] "Fitting variance A"
[1] "DR"
[1] 0.2795656
[1] 0.0346411
[1] 0.8817204

 0  1 
11 82 
[1] 94
[1] 0.2503338
[1] 0.2927221
[1] "AdaLSE"
[1] 0.2768603
[1] 0.03871365
[1] 0.8829787

 0  1 
11 83 
[1] "Fitting mean A"
[1] "Fitting variance A"
[1] "DR"
[1] 0.270586
[1] 0.03947033
[1] 0.8829787

 0  1 
11 83 
[1] 95
[1] 0.2503338
[1] 0.2927221
[1] "AdaLSE"
[1] 0.2956728
[1] 0.03781252
[1] 0.8842105

 0  1 
11 84 
[1] "Fitting mean A"
[1] "Fitting variance A"
[1] "DR"
[1] 0.3233878
[1] 0.05503024
[1] 0.8842105

 0  1 
11 84 
[1] 96
[1] 0.2503338
[1] 0.2927221
[1] "AdaLSE"
[1] 0.2843191
[1] 0.03916078
[1] 0.8854167

 0  1 
11 85 
[1] "Fitting mean A"
[1] "Fitting variance A"
[1] "DR"
[1] 0.2870277
[1] 0.03783859
[1] 0.8854167

 0  1 
11 85 
[1] 97
[1] 0.2503338
[1] 0.2927221
[1] "AdaLSE"
[1] 0.3383278
[1] 0.04009953
[1] 0.8865979

 0  1 
11 86 
[1] "Fitting mean A"
[1] "Fitting variance A"
[1] "DR"
[1] -0.1513513
[1] 0.4013875
[1] 0.8865979

 0  1 
11 86 
[1] 98
[1] 0.2503338
[1] 0.2927221
[1] "AdaLSE"
[1] 0.2698594
[1] 0.03833874
[1] 0.8877551

 0  1 
11 87 
[1] "Fitting mean A"
[1] "Fitting variance A"
[1] "DR"
[1] 0.2572208
[1] 0.04188053
[1] 0.8877551

 0  1 
11 87 
[1] 99
[1] 0.2503338
[1] 0.2927221
[1] "AdaLSE"
[1] 0.2721303
[1] 0.0360943
[1] 0.8888889

 0  1 
11 88 
[1] "Fitting mean A"
[1] "Fitting variance A"
[1] "DR"
[1] 0.2864476
[1] 0.03792162
[1] 0.8888889

 0  1 
11 88 
[1] 100
[1] 0.2503338
[1] 0.2927221
[1] "AdaLSE"
[1] 0.2738628
[1] 0.04078213
[1] 0.89

 0  1 
11 89 
[1] "Fitting mean A"
[1] "Fitting variance A"
[1] "DR"
[1] 0.2569613
[1] 0.03751711
[1] 0.89

 0  1 
11 89 
[1] 101
[1] 0.2503338
[1] 0.2927221
[1] "AdaLSE"
[1] 0.3124517
[1] 0.03824076
[1] 0.8910891

 0  1 
11 90 
[1] "Fitting mean A"
[1] "Fitting variance A"
[1] "DR"
[1] 0.3181662
[1] 0.03642451
[1] 0.8910891

 0  1 
11 90 
[1] 102
[1] 0.2503338
[1] 0.2927221
[1] "AdaLSE"
[1] 0.2786094
[1] 0.03909469
[1] 0.8921569

 0  1 
11 91 
[1] "Fitting mean A"
[1] "Fitting variance A"
[1] "DR"
[1] 0.268544
[1] 0.03841645
[1] 0.8921569

 0  1 
11 91 
[1] 103
[1] 0.2503338
[1] 0.2927221
[1] "AdaLSE"
[1] 0.2592134
[1] 0.03870988
[1] 0.8932039

 0  1 
11 92 
[1] "Fitting mean A"
[1] "Fitting variance A"
[1] "DR"
[1] 0.2989518
[1] 0.06193044
[1] 0.8932039

 0  1 
11 92 
[1] 104
[1] 0.2503338
[1] 0.2927221
[1] "AdaLSE"
[1] 0.252572
[1] 0.03744938
[1] 0.8942308

 0  1 
11 93 
[1] "Fitting mean A"
[1] "Fitting variance A"
[1] "DR"
[1] 0.2658071
[1] 0.0343578
[1] 0.8942308

 0  1 
11 93 
[1] 105
[1] 0.2503338
[1] 0.2927221
[1] "AdaLSE"
[1] 0.2233378
[1] 0.03857992
[1] 0.8952381

 0  1 
11 94 
[1] "Fitting mean A"
[1] "Fitting variance A"
[1] "DR"
[1] 0.2018584
[1] 0.03797643
[1] 0.8857143

 0  1 
12 93 
[1] 106
[1] 0.2503338
[1] 0.2927221
[1] "AdaLSE"
[1] 0.2129912
[1] 0.04117446
[1] 0.8962264

 0  1 
11 95 
[1] "Fitting mean A"
[1] "Fitting variance A"
[1] "DR"
[1] 0.2207883
[1] 0.05991283
[1] 0.8867925

 0  1 
12 94 
[1] 107
[1] 0.2503338
[1] 0.2927221
[1] "AdaLSE"
[1] 0.2884187
[1] 0.03913796
[1] 0.8971963

 0  1 
11 96 
[1] "Fitting mean A"
[1] "Fitting variance A"
[1] "DR"
[1] 0.2884983
[1] 0.03919281
[1] 0.8878505

 0  1 
12 95 
[1] 108
[1] 0.2503338
[1] 0.2927221
[1] "AdaLSE"
[1] 0.3117426
[1] 0.0372427
[1] 0.8981481

 0  1 
11 97 
[1] "Fitting mean A"
[1] "Fitting variance A"
[1] "DR"
[1] 0.3010891
[1] 0.03815597
[1] 0.8888889

 0  1 
12 96 
[1] 109
[1] 0.2503338
[1] 0.2927221
[1] "AdaLSE"
[1] 0.3771762
[1] 0.03552657
[1] 0.8899083

 0  1 
12 97 
[1] "Fitting mean A"
[1] "Fitting variance A"
[1] "DR"
[1] 1.419706
[1] 0.9862804
[1] 0.8899083

 0  1 
12 97 
[1] 110
[1] 0.2503338
[1] 0.2927221
[1] "AdaLSE"
[1] 0.2292038
[1] 0.04019562
[1] 0.8909091

 0  1 
12 98 
[1] "Fitting mean A"
[1] "Fitting variance A"
[1] "DR"
[1] 0.232366
[1] 0.04048634
[1] 0.8909091

 0  1 
12 98 
[1] 111
[1] 0.2503338
[1] 0.2927221
[1] "AdaLSE"
[1] 0.2299611
[1] 0.03665806
[1] 0.8918919

 0  1 
12 99 
[1] "Fitting mean A"
[1] "Fitting variance A"
[1] "DR"
[1] 0.2372031
[1] 0.0381052
[1] 0.8918919

 0  1 
12 99 
[1] 112
[1] 0.2503338
[1] 0.2927221
[1] "AdaLSE"
[1] 0.2432506
[1] 0.04001895
[1] 0.8928571

  0   1 
 12 100 
[1] "Fitting mean A"
[1] "Fitting variance A"
[1] "DR"
[1] 0.2582084
[1] 0.04266655
[1] 0.8928571

  0   1 
 12 100 
[1] 113
[1] 0.2503338
[1] 0.2927221
[1] "AdaLSE"
[1] 0.2541284
[1] 0.03998384
[1] 0.8938053

  0   1 
 12 101 
[1] "Fitting mean A"
[1] "Fitting variance A"
[1] "DR"
[1] 0.2315903
[1] 0.03838434
[1] 0.8938053

  0   1 
 12 101 
[1] 114
[1] 0.2503338
[1] 0.2927221
[1] "AdaLSE"
[1] 0.3194534
[1] 0.03571265
[1] 0.8947368

  0   1 
 12 102 
[1] "Fitting mean A"
[1] "Fitting variance A"
[1] "DR"
[1] 0.2812202
[1] 0.04413141
[1] 0.8947368

  0   1 
 12 102 
[1] 115
[1] 0.2503338
[1] 0.2927221
[1] "AdaLSE"
[1] 0.2662526
[1] 0.03632005
[1] 0.8956522

  0   1 
 12 103 
[1] "Fitting mean A"
[1] "Fitting variance A"
[1] "DR"
[1] 0.2593323
[1] 0.03329156
[1] 0.8956522

  0   1 
 12 103 
[1] 116
[1] 0.2503338
[1] 0.2927221
[1] "AdaLSE"
[1] 0.3167764
[1] 0.0377526
[1] 0.8965517

  0   1 
 12 104 
[1] "Fitting mean A"
[1] "Fitting variance A"
[1] "DR"
[1] 0.3037249
[1] 0.05569301
[1] 0.8965517

  0   1 
 12 104 
[1] 117
[1] 0.2503338
[1] 0.2927221
[1] "AdaLSE"
[1] 0.2233482
[1] 0.03812262
[1] 0.8974359

  0   1 
 12 105 
[1] "Fitting mean A"
[1] "Fitting variance A"
[1] "DR"
[1] 0.219296
[1] 0.03875134
[1] 0.8974359

  0   1 
 12 105 
[1] 118
[1] 0.2503338
[1] 0.2927221
[1] "AdaLSE"
[1] 0.3274056
[1] 0.03540967
[1] 0.8983051

  0   1 
 12 106 
[1] "Fitting mean A"
[1] "Fitting variance A"
[1] "DR"
[1] 0.3692021
[1] 0.04539176
[1] 0.8983051

  0   1 
 12 106 
[1] 119
[1] 0.2503338
[1] 0.2927221
[1] "AdaLSE"
[1] 0.2932457
[1] 0.03585484
[1] 0.8991597

  0   1 
 12 107 
[1] "Fitting mean A"
[1] "Fitting variance A"
[1] "DR"
[1] 0.3455076
[1] 0.04707123
[1] 0.8991597

  0   1 
 12 107 
[1] 120
[1] 0.2503338
[1] 0.2927221
[1] "AdaLSE"
[1] 0.2399808
[1] 0.03645648
[1] 0.9

  0   1 
 12 108 
[1] "Fitting mean A"
[1] "Fitting variance A"
[1] "DR"
[1] 0.227309
[1] 0.03592551
[1] 0.9

  0   1 
 12 108 
[1] 121
[1] 0.2503338
[1] 0.2927221
[1] "AdaLSE"
[1] 0.2838998
[1] 0.03870825
[1] 0.9008264

  0   1 
 12 109 
[1] "Fitting mean A"
[1] "Fitting variance A"
[1] "DR"
[1] 0.3066866
[1] 0.2457679
[1] 0.9008264

  0   1 
 12 109 
[1] 122
[1] 0.2503338
[1] 0.2927221
[1] "AdaLSE"
[1] 0.3048555
[1] 0.03684601
[1] 0.9016393

  0   1 
 12 110 
[1] "Fitting mean A"
[1] "Fitting variance A"
[1] "DR"
[1] 0.2866361
[1] 0.0374046
[1] 0.9016393

  0   1 
 12 110 
[1] 123
[1] 0.2503338
[1] 0.2927221
[1] "AdaLSE"
[1] 0.2858948
[1] 0.03717829
[1] 0.902439

  0   1 
 12 111 
[1] "Fitting mean A"
[1] "Fitting variance A"
[1] "DR"
[1] 0.08647552
[1] 0.6312388
[1] 0.902439

  0   1 
 12 111 
[1] 124
[1] 0.2503338
[1] 0.2927221
[1] "AdaLSE"
[1] 0.2410894
[1] 0.03804914
[1] 0.9032258

  0   1 
 12 112 
[1] "Fitting mean A"
[1] "Fitting variance A"
[1] "DR"
[1] 0.2397362
[1] 0.03615226
[1] 0.9032258

  0   1 
 12 112 
[1] 125
[1] 0.2503338
[1] 0.2927221
[1] "AdaLSE"
[1] 0.3042332
[1] 0.04113337
[1] 0.904

  0   1 
 12 113 
[1] "Fitting mean A"
[1] "Fitting variance A"
[1] "DR"
[1] 0.279453
[1] 0.04140631
[1] 0.904

  0   1 
 12 113 
[1] 126
[1] 0.2503338
[1] 0.2927221
[1] "AdaLSE"
[1] 0.320479
[1] 0.03683737
[1] 0.9047619

  0   1 
 12 114 
[1] "Fitting mean A"
[1] "Fitting variance A"
[1] "DR"
[1] 0.2998528
[1] 0.03884292
[1] 0.9047619

  0   1 
 12 114 
[1] 127
[1] 0.2503338
[1] 0.2927221
[1] "AdaLSE"
[1] 0.3097903
[1] 0.03754162
[1] 0.9055118

  0   1 
 12 115 
[1] "Fitting mean A"
[1] "Fitting variance A"
[1] "DR"
[1] 0.3468705
[1] 0.04313726
[1] 0.9055118

  0   1 
 12 115 
[1] 128
[1] 0.2503338
[1] 0.2927221
[1] "AdaLSE"
[1] 0.2414432
[1] 0.03725721
[1] 0.90625

  0   1 
 12 116 
[1] "Fitting mean A"
[1] "Fitting variance A"
[1] "DR"
[1] 0.2178788
[1] 0.03647305
[1] 0.8984375

  0   1 
 13 115 
[1] 129
[1] 0.2503338
[1] 0.2927221
[1] "AdaLSE"
[1] 0.3299262
[1] 0.03812834
[1] 0.9069767

  0   1 
 12 117 
[1] "Fitting mean A"
[1] "Fitting variance A"
[1] "DR"
[1] 0.3142611
[1] 0.04094556
[1] 0.8992248

  0   1 
 13 116 
[1] 130
[1] 0.2503338
[1] 0.2927221
[1] "AdaLSE"
[1] 0.1904777
[1] 0.03814705
[1] 0.9

  0   1 
 13 117 
[1] "Fitting mean A"
[1] "Fitting variance A"
[1] "DR"
[1] 0.1677559
[1] 0.0371881
[1] 0.8923077

  0   1 
 14 116 
[1] 131
[1] 0.2503338
[1] 0.2927221
[1] "AdaLSE"
[1] 0.2258122
[1] 0.03809195
[1] 0.9007634

  0   1 
 13 118 
[1] "Fitting mean A"
[1] "Fitting variance A"
[1] "DR"
[1] 0.2429872
[1] 0.0371917
[1] 0.8931298

  0   1 
 14 117 
[1] 132
[1] 0.2503338
[1] 0.2927221
[1] "AdaLSE"
[1] 0.2114997
[1] 0.03813043
[1] 0.8939394

  0   1 
 14 118 
[1] "Fitting mean A"
[1] "Fitting variance A"
[1] "DR"
[1] 0.2156279
[1] 0.03892945
[1] 0.8863636

  0   1 
 15 117 
[1] 133
[1] 0.2503338
[1] 0.2927221
[1] "AdaLSE"
[1] 0.3098344
[1] 0.03672678
[1] 0.8947368

  0   1 
 14 119 
[1] "Fitting mean A"
[1] "Fitting variance A"
[1] "DR"
[1] 0.3153901
[1] 0.04385947
[1] 0.887218

  0   1 
 15 118 
[1] 134
[1] 0.2503338
[1] 0.2927221
[1] "AdaLSE"
[1] 0.2430632
[1] 0.03613251
[1] 0.8955224

  0   1 
 14 120 
[1] "Fitting mean A"
[1] "Fitting variance A"
[1] "DR"
[1] 0.1928892
[1] 0.05295298
[1] 0.8880597

  0   1 
 15 119 
[1] 135
[1] 0.2503338
[1] 0.2927221
[1] "AdaLSE"
[1] 0.3351814
[1] 0.03903761
[1] 0.8962963

  0   1 
 14 121 
[1] "Fitting mean A"
[1] "Fitting variance A"
[1] "DR"
[1] 0.3296428
[1] 0.06649385
[1] 0.8888889

  0   1 
 15 120 
[1] 136
[1] 0.2503338
[1] 0.2927221
[1] "AdaLSE"
[1] 0.2645912
[1] 0.03776884
[1] 0.8970588

  0   1 
 14 122 
[1] "Fitting mean A"
[1] "Fitting variance A"
[1] "DR"
[1] 0.2667321
[1] 0.03567139
[1] 0.8897059

  0   1 
 15 121 
[1] 137
[1] 0.2503338
[1] 0.2927221
[1] "AdaLSE"
[1] 0.3096023
[1] 0.03608004
[1] 0.8978102

  0   1 
 14 123 
[1] "Fitting mean A"
[1] "Fitting variance A"
[1] "DR"
[1] 0.3051145
[1] 0.03963682
[1] 0.8905109

  0   1 
 15 122 
[1] 138
[1] 0.2503338
[1] 0.2927221
[1] "AdaLSE"
[1] 0.2799125
[1] 0.03547136
[1] 0.8985507

  0   1 
 14 124 
[1] "Fitting mean A"
[1] "Fitting variance A"
[1] "DR"
[1] 0.2709111
[1] 0.03383087
[1] 0.8913043

  0   1 
 15 123 
[1] 139
[1] 0.2503338
[1] 0.2927221
[1] "AdaLSE"
[1] 0.1233603
[1] 0.03625622
[1] 0.8920863

  0   1 
 15 124 
[1] "Fitting mean A"
[1] "Fitting variance A"
[1] "DR"
[1] 0.1068867
[1] 0.03492113
[1] 0.8848921

  0   1 
 16 123 
[1] 140
[1] 0.2503338
[1] 0.2927221
[1] "AdaLSE"
[1] 0.2558827
[1] 0.03492388
[1] 0.8928571

  0   1 
 15 125 
[1] "Fitting mean A"
[1] "Fitting variance A"
[1] "DR"
[1] 0.2528982
[1] 0.03616866
[1] 0.8857143

  0   1 
 16 124 
[1] 141
[1] 0.2503338
[1] 0.2927221
[1] "AdaLSE"
[1] 0.2744693
[1] 0.0389215
[1] 0.893617

  0   1 
 15 126 
[1] "Fitting mean A"
[1] "Fitting variance A"
[1] "DR"
[1] 0.2575771
[1] 0.04272143
[1] 0.8865248

  0   1 
 16 125 
[1] 142
[1] 0.2503338
[1] 0.2927221
[1] "AdaLSE"
[1] 0.2161716
[1] 0.0358942
[1] 0.8873239

  0   1 
 16 126 
[1] "Fitting mean A"
[1] "Fitting variance A"
[1] "DR"
[1] -0.315648
[1] 0.2132374
[1] 0.8802817

  0   1 
 17 125 
[1] 143
[1] 0.2503338
[1] 0.2927221
[1] "AdaLSE"
[1] 0.2717522
[1] 0.04030618
[1] 0.8881119

  0   1 
 16 127 
[1] "Fitting mean A"
[1] "Fitting variance A"
[1] "DR"
[1] 0.2709218
[1] 0.0407416
[1] 0.8811189

  0   1 
 17 126 
[1] 144
[1] 0.2503338
[1] 0.2927221
[1] "AdaLSE"
[1] 0.259441
[1] 0.03605237
[1] 0.8888889

  0   1 
 16 128 
[1] "Fitting mean A"
[1] "Fitting variance A"
[1] "DR"
[1] 0.256336
[1] 0.03709073
[1] 0.8819444

  0   1 
 17 127 
[1] 145
[1] 0.2503338
[1] 0.2927221
[1] "AdaLSE"
[1] 0.2320671
[1] 0.04130109
[1] 0.8896552

  0   1 
 16 129 
[1] "Fitting mean A"
[1] "Fitting variance A"
[1] "DR"
[1] 0.2089033
[1] 0.04104319
[1] 0.8758621

  0   1 
 18 127 
[1] 146
[1] 0.2503338
[1] 0.2927221
[1] "AdaLSE"
[1] 0.2769614
[1] 0.03635643
[1] 0.890411

  0   1 
 16 130 
[1] "Fitting mean A"
[1] "Fitting variance A"
[1] "DR"
[1] 0.2655904
[1] 0.04959868
[1] 0.8767123

  0   1 
 18 128 
[1] 147
[1] 0.2503338
[1] 0.2927221
[1] "AdaLSE"
[1] 0.2345467
[1] 0.03729618
[1] 0.8911565

  0   1 
 16 131 
[1] "Fitting mean A"
[1] "Fitting variance A"
[1] "DR"
[1] 0.2460088
[1] 0.04050267
[1] 0.877551

  0   1 
 18 129 
[1] 148
[1] 0.2503338
[1] 0.2927221
[1] "AdaLSE"
[1] 0.323588
[1] 0.03884813
[1] 0.8918919

  0   1 
 16 132 
[1] "Fitting mean A"
[1] "Fitting variance A"
[1] "DR"
[1] 0.3060507
[1] 0.03623049
[1] 0.8783784

  0   1 
 18 130 
[1] 149
[1] 0.2503338
[1] 0.2927221
[1] "AdaLSE"
[1] 0.2683335
[1] 0.03843506
[1] 0.8926174

  0   1 
 16 133 
[1] "Fitting mean A"
[1] "Fitting variance A"
[1] "DR"
[1] 0.07655752
[1] 0.5493502
[1] 0.8791946

  0   1 
 18 131 
[1] 150
[1] 0.2503338
[1] 0.2927221
[1] "AdaLSE"
[1] 0.2379098
[1] 0.03980823
[1] 0.8933333

  0   1 
 16 134 
[1] "Fitting mean A"
[1] "Fitting variance A"
[1] "DR"
[1] 0.06125163
[1] 0.4597323
[1] 0.88

  0   1 
 18 132 
[1] 151
[1] 0.2503338
[1] 0.2927221
[1] "AdaLSE"
[1] 0.2418702
[1] 0.04321707
[1] 0.8940397

  0   1 
 16 135 
[1] "Fitting mean A"
[1] "Fitting variance A"
[1] "DR"
[1] 0.2379126
[1] 0.04522778
[1] 0.8807947

  0   1 
 18 133 
[1] 152
[1] 0.2503338
[1] 0.2927221
[1] "AdaLSE"
[1] 0.2837897
[1] 0.03958111
[1] 0.8947368

  0   1 
 16 136 
[1] "Fitting mean A"
[1] "Fitting variance A"
[1] "DR"
[1] 0.2367618
[1] 0.1115278
[1] 0.8815789

  0   1 
 18 134 
[1] 153
[1] 0.2503338
[1] 0.2927221
[1] "AdaLSE"
[1] 0.2364921
[1] 0.03794844
[1] 0.8954248

  0   1 
 16 137 
[1] "Fitting mean A"
[1] "Fitting variance A"
[1] "DR"
[1] 0.6278628
[1] 0.8252318
[1] 0.8823529

  0   1 
 18 135 
[1] 154
[1] 0.2503338
[1] 0.2927221
[1] "AdaLSE"
[1] 0.2532416
[1] 0.03565811
[1] 0.8961039

  0   1 
 16 138 
[1] "Fitting mean A"
[1] "Fitting variance A"
[1] "DR"
[1] 0.23328
[1] 0.03998409
[1] 0.8831169

  0   1 
 18 136 
[1] 155
[1] 0.2503338
[1] 0.2927221
[1] "AdaLSE"
[1] 0.2474129
[1] 0.03967519
[1] 0.8967742

  0   1 
 16 139 
[1] "Fitting mean A"
[1] "Fitting variance A"
[1] "DR"
[1] 0.2416841
[1] 0.0360683
[1] 0.883871

  0   1 
 18 137 
[1] 156
[1] 0.2503338
[1] 0.2927221
[1] "AdaLSE"
[1] 0.2494354
[1] 0.03946744
[1] 0.8974359

  0   1 
 16 140 
[1] "Fitting mean A"
[1] "Fitting variance A"
[1] "DR"
[1] 0.244611
[1] 0.03388261
[1] 0.8846154

  0   1 
 18 138 
[1] 157
[1] 0.2503338
[1] 0.2927221
[1] "AdaLSE"
[1] 0.304391
[1] 0.03745471
[1] 0.8980892

  0   1 
 16 141 
[1] "Fitting mean A"
[1] "Fitting variance A"
[1] "DR"
[1] 0.3133668
[1] 0.04003477
[1] 0.8853503

  0   1 
 18 139 
[1] 158
[1] 0.2503338
[1] 0.2927221
[1] "AdaLSE"
[1] 0.2949903
[1] 0.03952999
[1] 0.8987342

  0   1 
 16 142 
[1] "Fitting mean A"
[1] "Fitting variance A"
[1] "DR"
[1] 0.2719443
[1] 0.03870557
[1] 0.8860759

  0   1 
 18 140 
[1] 159
[1] 0.2503338
[1] 0.2927221
[1] "AdaLSE"
[1] 0.3416702
[1] 0.04202918
[1] 0.8993711

  0   1 
 16 143 
[1] "Fitting mean A"
[1] "Fitting variance A"
[1] "DR"
[1] 0.3281047
[1] 0.08073586
[1] 0.8867925

  0   1 
 18 141 
[1] 160
[1] 0.2503338
[1] 0.2927221
[1] "AdaLSE"
[1] 0.2550018
[1] 0.03830312
[1] 0.9

  0   1 
 16 144 
[1] "Fitting mean A"
[1] "Fitting variance A"
[1] "DR"
[1] 0.2767391
[1] 0.1275323
[1] 0.8875

  0   1 
 18 142 
[1] 161
[1] 0.2503338
[1] 0.2927221
[1] "AdaLSE"
[1] 0.3417757
[1] 0.03953701
[1] 0.9006211

  0   1 
 16 145 
[1] "Fitting mean A"
[1] "Fitting variance A"
[1] "DR"
[1] 0.3336485
[1] 0.04026851
[1] 0.8881988

  0   1 
 18 143 
[1] 162
[1] 0.2503338
[1] 0.2927221
[1] "AdaLSE"
[1] 0.2291663
[1] 0.03835575
[1] 0.9012346

  0   1 
 16 146 
[1] "Fitting mean A"
[1] "Fitting variance A"
[1] "DR"
[1] 0.2451902
[1] 0.07369257
[1] 0.8888889

  0   1 
 18 144 
[1] 163
[1] 0.2503338
[1] 0.2927221
[1] "AdaLSE"
[1] 0.2301057
[1] 0.04013337
[1] 0.9018405

  0   1 
 16 147 
[1] "Fitting mean A"
[1] "Fitting variance A"
[1] "DR"
[1] 0.2288351
[1] 0.03517039
[1] 0.8895706

  0   1 
 18 145 
[1] 164
[1] 0.2503338
[1] 0.2927221
[1] "AdaLSE"
[1] 0.2312264
[1] 0.03703757
[1] 0.902439

  0   1 
 16 148 
[1] "Fitting mean A"
[1] "Fitting variance A"
[1] "DR"
[1] 0.2298833
[1] 0.03592298
[1] 0.8902439

  0   1 
 18 146 
[1] 165
[1] 0.2503338
[1] 0.2927221
[1] "AdaLSE"
[1] 0.3160751
[1] 0.03704245
[1] 0.9030303

  0   1 
 16 149 
[1] "Fitting mean A"
[1] "Fitting variance A"
[1] "DR"
[1] 0.3618315
[1] 0.04504782
[1] 0.8909091

  0   1 
 18 147 
[1] 166
[1] 0.2503338
[1] 0.2927221
[1] "AdaLSE"
[1] 0.3195095
[1] 0.03828389
[1] 0.9036145

  0   1 
 16 150 
[1] "Fitting mean A"
[1] "Fitting variance A"
[1] "DR"
[1] 0.3359495
[1] 0.03800156
[1] 0.8915663

  0   1 
 18 148 
[1] 167
[1] 0.2503338
[1] 0.2927221
[1] "AdaLSE"
[1] 0.2870242
[1] 0.03889642
[1] 0.9041916

  0   1 
 16 151 
[1] "Fitting mean A"
[1] "Fitting variance A"
[1] "DR"
[1] 0.2881644
[1] 0.03878145
[1] 0.8922156

  0   1 
 18 149 
[1] 168
[1] 0.2503338
[1] 0.2927221
[1] "AdaLSE"
[1] 0.1850802
[1] 0.03569524
[1] 0.8988095

  0   1 
 17 151 
[1] "Fitting mean A"
[1] "Fitting variance A"
[1] "DR"
[1] 0.1473346
[1] 0.04401164
[1] 0.8869048

  0   1 
 19 149 
[1] 169
[1] 0.2503338
[1] 0.2927221
[1] "AdaLSE"
[1] 0.2631239
[1] 0.03849177
[1] 0.8994083

  0   1 
 17 152 
[1] "Fitting mean A"
[1] "Fitting variance A"
[1] "DR"
[1] 0.2665892
[1] 0.03699387
[1] 0.887574

  0   1 
 19 150 
[1] 170
[1] 0.2503338
[1] 0.2927221
[1] "AdaLSE"
[1] 0.253638
[1] 0.03990297
[1] 0.9

  0   1 
 17 153 
[1] "Fitting mean A"
[1] "Fitting variance A"
[1] "DR"
[1] 0.2226105
[1] 0.04837419
[1] 0.8882353

  0   1 
 19 151 
[1] 171
[1] 0.2503338
[1] 0.2927221
[1] "AdaLSE"
[1] 0.2996286
[1] 0.03893219
[1] 0.9005848

  0   1 
 17 154 
[1] "Fitting mean A"
[1] "Fitting variance A"
[1] "DR"
[1] 0.3158464
[1] 0.0490562
[1] 0.8888889

  0   1 
 19 152 
[1] 172
[1] 0.2503338
[1] 0.2927221
[1] "AdaLSE"
[1] 0.3455621
[1] 0.0377855
[1] 0.9011628

  0   1 
 17 155 
[1] "Fitting mean A"
[1] "Fitting variance A"
[1] "DR"
[1] 0.3605473
[1] 0.04502653
[1] 0.8895349

  0   1 
 19 153 
[1] 173
[1] 0.2503338
[1] 0.2927221
[1] "AdaLSE"
[1] 0.2837353
[1] 0.03570766
[1] 0.9017341

  0   1 
 17 156 
[1] "Fitting mean A"
[1] "Fitting variance A"
[1] "DR"
[1] 0.2803746
[1] 0.06142688
[1] 0.8901734

  0   1 
 19 154 
[1] 174
[1] 0.2503338
[1] 0.2927221
[1] "AdaLSE"
[1] 0.2251062
[1] 0.03917761
[1] 0.9022989

  0   1 
 17 157 
[1] "Fitting mean A"
[1] "Fitting variance A"
[1] "DR"
[1] 0.2624056
[1] 0.03954697
[1] 0.8908046

  0   1 
 19 155 
[1] 175
[1] 0.2503338
[1] 0.2927221
[1] "AdaLSE"
[1] 0.1282927
[1] 0.03843049
[1] 0.8971429

  0   1 
 18 157 
[1] "Fitting mean A"
[1] "Fitting variance A"
[1] "DR"
[1] 0.1291086
[1] 0.03878002
[1] 0.8857143

  0   1 
 20 155 
[1] 176
[1] 0.2503338
[1] 0.2927221
[1] "AdaLSE"
[1] 0.2989889
[1] 0.03741448
[1] 0.8977273

  0   1 
 18 158 
[1] "Fitting mean A"
[1] "Fitting variance A"
[1] "DR"
[1] -0.2926265
[1] 0.4810726
[1] 0.8863636

  0   1 
 20 156 
[1] 177
[1] 0.2503338
[1] 0.2927221
[1] "AdaLSE"
[1] 0.2640091
[1] 0.0360512
[1] 0.8983051

  0   1 
 18 159 
[1] "Fitting mean A"
[1] "Fitting variance A"
[1] "DR"
[1] 0.09979291
[1] 0.5558112
[1] 0.8870056

  0   1 
 20 157 
[1] 178
[1] 0.2503338
[1] 0.2927221
[1] "AdaLSE"
[1] 0.2665452
[1] 0.04080625
[1] 0.8988764

  0   1 
 18 160 
[1] "Fitting mean A"
[1] "Fitting variance A"
[1] "DR"
[1] 0.2900408
[1] 0.3005291
[1] 0.8876404

  0   1 
 20 158 
[1] 179
[1] 0.2503338
[1] 0.2927221
[1] "AdaLSE"
[1] 0.3238411
[1] 0.03652589
[1] 0.8994413

  0   1 
 18 161 
[1] "Fitting mean A"
[1] "Fitting variance A"
[1] "DR"
[1] 0.3222299
[1] 0.03925619
[1] 0.8882682

  0   1 
 20 159 
[1] 180
[1] 0.2503338
[1] 0.2927221
[1] "AdaLSE"
[1] 0.1960633
[1] 0.03796148
[1] 0.8944444

  0   1 
 19 161 
[1] "Fitting mean A"
[1] "Fitting variance A"
[1] "DR"
[1] 0.2034015
[1] 0.03594133
[1] 0.8833333

  0   1 
 21 159 
[1] 181
[1] 0.2503338
[1] 0.2927221
[1] "AdaLSE"
[1] 0.3095317
[1] 0.03780979
[1] 0.8950276

  0   1 
 19 162 
[1] "Fitting mean A"
[1] "Fitting variance A"
[1] "DR"
[1] 0.299667
[1] 0.03788338
[1] 0.8839779

  0   1 
 21 160 
[1] 182
[1] 0.2503338
[1] 0.2927221
[1] "AdaLSE"
[1] 0.3096072
[1] 0.03938545
[1] 0.8956044

  0   1 
 19 163 
[1] "Fitting mean A"
[1] "Fitting variance A"
[1] "DR"
[1] 0.3216158
[1] 0.04321962
[1] 0.8846154

  0   1 
 21 161 
[1] 183
[1] 0.2503338
[1] 0.2927221
[1] "AdaLSE"
[1] 0.2293233
[1] 0.03666977
[1] 0.8961749

  0   1 
 19 164 
[1] "Fitting mean A"
[1] "Fitting variance A"
[1] "DR"
[1] 0.2465116
[1] 0.04123504
[1] 0.8852459

  0   1 
 21 162 
[1] 184
[1] 0.2503338
[1] 0.2927221
[1] "AdaLSE"
[1] 0.2315045
[1] 0.03749209
[1] 0.8967391

  0   1 
 19 165 
[1] "Fitting mean A"
[1] "Fitting variance A"
[1] "DR"
[1] 0.2424415
[1] 0.03737241
[1] 0.8858696

  0   1 
 21 163 
[1] 185
[1] 0.2503338
[1] 0.2927221
[1] "AdaLSE"
[1] 0.2973215
[1] 0.04097768
[1] 0.8972973

  0   1 
 19 166 
[1] "Fitting mean A"
[1] "Fitting variance A"
[1] "DR"
[1] 0.3093729
[1] 0.04074397
[1] 0.8864865

  0   1 
 21 164 
[1] 186
[1] 0.2503338
[1] 0.2927221
[1] "AdaLSE"
[1] 0.1771384
[1] 0.03898991
[1] 0.8924731

  0   1 
 20 166 
[1] "Fitting mean A"
[1] "Fitting variance A"
[1] "DR"
[1] 0.1901452
[1] 0.03667384
[1] 0.8817204

  0   1 
 22 164 
[1] 187
[1] 0.2503338
[1] 0.2927221
[1] "AdaLSE"
[1] 0.2547468
[1] 0.03856512
[1] 0.8930481

  0   1 
 20 167 
[1] "Fitting mean A"
[1] "Fitting variance A"
[1] "DR"
[1] 0.6489459
[1] 0.1838348
[1] 0.8823529

  0   1 
 22 165 
[1] 188
[1] 0.2503338
[1] 0.2927221
[1] "AdaLSE"
[1] 0.2357373
[1] 0.03524883
[1] 0.893617

  0   1 
 20 168 
[1] "Fitting mean A"
[1] "Fitting variance A"
[1] "DR"
[1] 0.2518746
[1] 0.03260505
[1] 0.8829787

  0   1 
 22 166 
[1] 189
[1] 0.2503338
[1] 0.2927221
[1] "AdaLSE"
[1] 0.2602853
[1] 0.0380985
[1] 0.8941799

  0   1 
 20 169 
[1] "Fitting mean A"
[1] "Fitting variance A"
[1] "DR"
[1] 0.2627613
[1] 0.04237967
[1] 0.8835979

  0   1 
 22 167 
[1] 190
[1] 0.2503338
[1] 0.2927221
[1] "AdaLSE"
[1] 0.3532283
[1] 0.03863541
[1] 0.8947368

  0   1 
 20 170 
[1] "Fitting mean A"
[1] "Fitting variance A"
[1] "DR"
[1] 0.3430917
[1] 0.0413494
[1] 0.8842105

  0   1 
 22 168 
[1] 191
[1] 0.2503338
[1] 0.2927221
[1] "AdaLSE"
[1] 0.22918
[1] 0.0448904
[1] 0.895288

  0   1 
 20 171 
[1] "Fitting mean A"
[1] "Fitting variance A"
[1] "DR"
[1] 0.1683165
[1] 0.06743467
[1] 0.8848168

  0   1 
 22 169 
[1] 192
[1] 0.2503338
[1] 0.2927221
[1] "AdaLSE"
[1] 0.226062
[1] 0.04048349
[1] 0.8958333

  0   1 
 20 172 
[1] "Fitting mean A"
[1] "Fitting variance A"
[1] "DR"
[1] 0.2398273
[1] 0.03538093
[1] 0.8854167

  0   1 
 22 170 
[1] 193
[1] 0.2503338
[1] 0.2927221
[1] "AdaLSE"
[1] 0.2578945
[1] 0.03899999
[1] 0.8963731

  0   1 
 20 173 
[1] "Fitting mean A"
[1] "Fitting variance A"
[1] "DR"
[1] 0.2553352
[1] 0.03996659
[1] 0.8860104

  0   1 
 22 171 
[1] 194
[1] 0.2503338
[1] 0.2927221
[1] "AdaLSE"
[1] 0.1967193
[1] 0.03727251
[1] 0.8917526

  0   1 
 21 173 
[1] "Fitting mean A"
[1] "Fitting variance A"
[1] "DR"
[1] 0.249649
[1] 0.0393126
[1] 0.8865979

  0   1 
 22 172 
[1] 195
[1] 0.2503338
[1] 0.2927221
[1] "AdaLSE"
[1] 0.2502468
[1] 0.04071487
[1] 0.8923077

  0   1 
 21 174 
[1] "Fitting mean A"
[1] "Fitting variance A"
[1] "DR"
[1] -0.742809
[1] 0.7317658
[1] 0.8871795

  0   1 
 22 173 
[1] 196
[1] 0.2503338
[1] 0.2927221
[1] "AdaLSE"
[1] 0.2203052
[1] 0.03826862
[1] 0.8928571

  0   1 
 21 175 
[1] "Fitting mean A"
[1] "Fitting variance A"
[1] "DR"
[1] 0.7748742
[1] 0.4608381
[1] 0.8877551

  0   1 
 22 174 
[1] 197
[1] 0.2503338
[1] 0.2927221
[1] "AdaLSE"
[1] 0.2875429
[1] 0.03610791
[1] 0.893401

  0   1 
 21 176 
[1] "Fitting mean A"
[1] "Fitting variance A"
[1] "DR"
[1] 0.2831588
[1] 0.03391387
[1] 0.8883249

  0   1 
 22 175 
[1] 198
[1] 0.2503338
[1] 0.2927221
[1] "AdaLSE"
[1] 0.2814347
[1] 0.03913949
[1] 0.8939394

  0   1 
 21 177 
[1] "Fitting mean A"
[1] "Fitting variance A"
[1] "DR"
[1] 0.2689442
[1] 0.03925157
[1] 0.8888889

  0   1 
 22 176 
[1] 199
[1] 0.2503338
[1] 0.2927221
[1] "AdaLSE"
[1] 0.2271199
[1] 0.03903351
[1] 0.8944724

  0   1 
 21 178 
[1] "Fitting mean A"
[1] "Fitting variance A"
[1] "DR"
[1] 0.250855
[1] 0.03633866
[1] 0.8894472

  0   1 
 22 177 
[1] 200
[1] 0.2503338
[1] 0.2927221
[1] "AdaLSE"
[1] 0.2569261
[1] 0.03700605
[1] 0.895

  0   1 
 21 179 
[1] "Fitting mean A"
[1] "Fitting variance A"
[1] "DR"
[1] 0.6283941
[1] 0.268979
[1] 0.89

  0   1 
 22 178 
[1] 201
[1] 0.2503338
[1] 0.2927221
[1] "AdaLSE"
[1] 0.3103706
[1] 0.03722871
[1] 0.8955224

  0   1 
 21 180 
[1] "Fitting mean A"
[1] "Fitting variance A"
[1] "DR"
[1] 0.3269874
[1] 0.05267046
[1] 0.8905473

  0   1 
 22 179 
[1] 202
[1] 0.2503338
[1] 0.2927221
[1] "AdaLSE"
[1] 0.1894103
[1] 0.03828291
[1] 0.8910891

  0   1 
 22 180 
[1] "Fitting mean A"
[1] "Fitting variance A"
[1] "DR"
[1] 0.1782095
[1] 0.03629709
[1] 0.8861386

  0   1 
 23 179 
[1] 203
[1] 0.2503338
[1] 0.2927221
[1] "AdaLSE"
[1] 0.2090499
[1] 0.03754878
[1] 0.8866995

  0   1 
 23 180 
[1] "Fitting mean A"
[1] "Fitting variance A"
[1] "DR"
[1] 0.2260721
[1] 0.03755709
[1] 0.8866995

  0   1 
 23 180 
[1] 204
[1] 0.2503338
[1] 0.2927221
[1] "AdaLSE"
[1] 0.2900214
[1] 0.0413116
[1] 0.8872549

  0   1 
 23 181 
[1] "Fitting mean A"
[1] "Fitting variance A"
[1] "DR"
[1] 0.2982985
[1] 0.04387554
[1] 0.8872549

  0   1 
 23 181 
[1] 205
[1] 0.2503338
[1] 0.2927221
[1] "AdaLSE"
[1] 0.2491993
[1] 0.03965462
[1] 0.8878049

  0   1 
 23 182 
[1] "Fitting mean A"
[1] "Fitting variance A"
[1] "DR"
[1] 0.1893445
[1] 0.1830355
[1] 0.8878049

  0   1 
 23 182 
[1] 206
[1] 0.2503338
[1] 0.2927221
[1] "AdaLSE"
[1] 0.2409699
[1] 0.0409238
[1] 0.8883495

  0   1 
 23 183 
[1] "Fitting mean A"
[1] "Fitting variance A"
[1] "DR"
[1] 0.2604702
[1] 0.3952173
[1] 0.8883495

  0   1 
 23 183 
[1] 207
[1] 0.2503338
[1] 0.2927221
[1] "AdaLSE"
[1] 0.1728011
[1] 0.03723547
[1] 0.884058

  0   1 
 24 183 
[1] "Fitting mean A"
[1] "Fitting variance A"
[1] "DR"
[1] 0.1926057
[1] 0.03543943
[1] 0.884058

  0   1 
 24 183 
[1] 208
[1] 0.2503338
[1] 0.2927221
[1] "AdaLSE"
[1] 0.2119547
[1] 0.03781784
[1] 0.8798077

  0   1 
 25 183 
[1] "Fitting mean A"
[1] "Fitting variance A"
[1] "DR"
[1] 0.225961
[1] 0.03912281
[1] 0.8846154

  0   1 
 24 184 
[1] 209
[1] 0.2503338
[1] 0.2927221
[1] "AdaLSE"
[1] 0.1951724
[1] 0.03860622
[1] 0.8755981

  0   1 
 26 183 
[1] "Fitting mean A"
[1] "Fitting variance A"
[1] "DR"
[1] 0.2051246
[1] 0.03561809
[1] 0.8803828

  0   1 
 25 184 
[1] 210
[1] 0.2503338
[1] 0.2927221
[1] "AdaLSE"
[1] 0.2943023
[1] 0.03878942
[1] 0.8761905

  0   1 
 26 184 
[1] "Fitting mean A"
[1] "Fitting variance A"
[1] "DR"
[1] 0.2871706
[1] 0.03793934
[1] 0.8809524

  0   1 
 25 185 
[1] 211
[1] 0.2503338
[1] 0.2927221
[1] "AdaLSE"
[1] 0.3675899
[1] 0.03675282
[1] 0.8720379

  0   1 
 27 184 
[1] "Fitting mean A"
[1] "Fitting variance A"
[1] "DR"
[1] 0.3643982
[1] 0.03930519
[1] 0.8815166

  0   1 
 25 186 
[1] 212
[1] 0.2503338
[1] 0.2927221
[1] "AdaLSE"
[1] 0.2623319
[1] 0.03814693
[1] 0.8726415

  0   1 
 27 185 
[1] "Fitting mean A"
[1] "Fitting variance A"
[1] "DR"
[1] 0.2678678
[1] 0.0362368
[1] 0.8820755

  0   1 
 25 187 
[1] 213
[1] 0.2503338
[1] 0.2927221
[1] "AdaLSE"
[1] 0.3007423
[1] 0.03837364
[1] 0.8732394

  0   1 
 27 186 
[1] "Fitting mean A"
[1] "Fitting variance A"
[1] "DR"
[1] 0.4126658
[1] 0.4470861
[1] 0.8826291

  0   1 
 25 188 
[1] 214
[1] 0.2503338
[1] 0.2927221
[1] "AdaLSE"
[1] 0.3015269
[1] 0.03959169
[1] 0.8738318

  0   1 
 27 187 
[1] "Fitting mean A"
[1] "Fitting variance A"
[1] "DR"
[1] 0.3075969
[1] 0.04015459
[1] 0.8831776

  0   1 
 25 189 
[1] 215
[1] 0.2503338
[1] 0.2927221
[1] "AdaLSE"
[1] 0.2911073
[1] 0.03865176
[1] 0.8744186

  0   1 
 27 188 
[1] "Fitting mean A"
[1] "Fitting variance A"
[1] "DR"
[1] 0.2926486
[1] 0.03559743
[1] 0.8837209

  0   1 
 25 190 
[1] 216
[1] 0.2503338
[1] 0.2927221
[1] "AdaLSE"
[1] 0.2337296
[1] 0.0401016
[1] 0.875

  0   1 
 27 189 
[1] "Fitting mean A"
[1] "Fitting variance A"
[1] "DR"
[1] -0.6189604
[1] 1.22694
[1] 0.8842593

  0   1 
 25 191 
[1] 217
[1] 0.2503338
[1] 0.2927221
[1] "AdaLSE"
[1] 0.3276015
[1] 0.0363593
[1] 0.875576

  0   1 
 27 190 
[1] "Fitting mean A"
[1] "Fitting variance A"
[1] "DR"
[1] 0.3545379
[1] 0.03703268
[1] 0.8847926

  0   1 
 25 192 
[1] 218
[1] 0.2503338
[1] 0.2927221
[1] "AdaLSE"
[1] 0.3234231
[1] 0.0391001
[1] 0.8761468

  0   1 
 27 191 
[1] "Fitting mean A"
[1] "Fitting variance A"
[1] "DR"
[1] 0.3104791
[1] 0.03961806
[1] 0.8853211

  0   1 
 25 193 
[1] 219
[1] 0.2503338
[1] 0.2927221
[1] "AdaLSE"
[1] 0.2245928
[1] 0.03609216
[1] 0.8767123

  0   1 
 27 192 
[1] "Fitting mean A"
[1] "Fitting variance A"
[1] "DR"
[1] 0.2616395
[1] 0.08858383
[1] 0.8858447

  0   1 
 25 194 
[1] 220
[1] 0.2503338
[1] 0.2927221
[1] "AdaLSE"
[1] 0.2774905
[1] 0.03943691
[1] 0.8772727

  0   1 
 27 193 
[1] "Fitting mean A"
[1] "Fitting variance A"
[1] "DR"
[1] 0.2807284
[1] 0.03774122
[1] 0.8863636

  0   1 
 25 195 
[1] 221
[1] 0.2503338
[1] 0.2927221
[1] "AdaLSE"
[1] 0.3041645
[1] 0.04068313
[1] 0.8778281

  0   1 
 27 194 
[1] "Fitting mean A"
[1] "Fitting variance A"
[1] "DR"
[1] 0.2886135
[1] 0.03778846
[1] 0.8868778

  0   1 
 25 196 
[1] 222
[1] 0.2503338
[1] 0.2927221
[1] "AdaLSE"
[1] 0.305767
[1] 0.03747383
[1] 0.8783784

  0   1 
 27 195 
[1] "Fitting mean A"
[1] "Fitting variance A"
[1] "DR"
[1] 0.3146738
[1] 0.04378851
[1] 0.8873874

  0   1 
 25 197 
[1] 223
[1] 0.2503338
[1] 0.2927221
[1] "AdaLSE"
[1] 0.2285954
[1] 0.03729257
[1] 0.8789238

  0   1 
 27 196 
[1] "Fitting mean A"
[1] "Fitting variance A"
[1] "DR"
[1] 0.2367582
[1] 0.03526392
[1] 0.8878924

  0   1 
 25 198 
[1] 224
[1] 0.2503338
[1] 0.2927221
[1] "AdaLSE"
[1] 0.3099456
[1] 0.04043781
[1] 0.8794643

  0   1 
 27 197 
[1] "Fitting mean A"
[1] "Fitting variance A"
[1] "DR"
[1] -0.4289587
[1] 0.7423429
[1] 0.8883929

  0   1 
 25 199 
[1] 225
[1] 0.2503338
[1] 0.2927221
[1] "AdaLSE"
[1] 0.290787
[1] 0.03920489
[1] 0.88

  0   1 
 27 198 
[1] "Fitting mean A"
[1] "Fitting variance A"
[1] "DR"
[1] 0.2915706
[1] 0.04204898
[1] 0.8888889

  0   1 
 25 200 
[1] 226
[1] 0.2503338
[1] 0.2927221
[1] "AdaLSE"
[1] 0.1963362
[1] 0.0399633
[1] 0.8761062

  0   1 
 28 198 
[1] "Fitting mean A"
[1] "Fitting variance A"
[1] "DR"
[1] 0.1938493
[1] 0.03570818
[1] 0.8849558

  0   1 
 26 200 
[1] 227
[1] 0.2503338
[1] 0.2927221
[1] "AdaLSE"
[1] 0.1953382
[1] 0.03816089
[1] 0.8722467

  0   1 
 29 198 
[1] "Fitting mean A"
[1] "Fitting variance A"
[1] "DR"
[1] 0.1829107
[1] 0.03851815
[1] 0.8810573

  0   1 
 27 200 
[1] 228
[1] 0.2503338
[1] 0.2927221
[1] "AdaLSE"
[1] 0.2928187
[1] 0.03870706
[1] 0.872807

  0   1 
 29 199 
[1] "Fitting mean A"
[1] "Fitting variance A"
[1] "DR"
[1] 0.4609531
[1] 0.5212348
[1] 0.8815789

  0   1 
 27 201 
[1] 229
[1] 0.2503338
[1] 0.2927221
[1] "AdaLSE"
[1] 0.2853006
[1] 0.03630389
[1] 0.8733624

  0   1 
 29 200 
[1] "Fitting mean A"
[1] "Fitting variance A"
[1] "DR"
[1] 0.2933459
[1] 0.03739674
[1] 0.8820961

  0   1 
 27 202 
[1] 230
[1] 0.2503338
[1] 0.2927221
[1] "AdaLSE"
[1] 0.2970768
[1] 0.03814317
[1] 0.873913

  0   1 
 29 201 
[1] "Fitting mean A"
[1] "Fitting variance A"
[1] "DR"
[1] 0.2951215
[1] 0.04158242
[1] 0.8826087

  0   1 
 27 203 
[1] 231
[1] 0.2503338
[1] 0.2927221
[1] "AdaLSE"
[1] 0.199069
[1] 0.03539336
[1] 0.8701299

  0   1 
 30 201 
[1] "Fitting mean A"
[1] "Fitting variance A"
[1] "DR"
[1] 0.1911378
[1] 0.03844155
[1] 0.8787879

  0   1 
 28 203 
[1] 232
[1] 0.2503338
[1] 0.2927221
[1] "AdaLSE"
[1] 0.2331096
[1] 0.03636079
[1] 0.8706897

  0   1 
 30 202 
[1] "Fitting mean A"
[1] "Fitting variance A"
[1] "DR"
[1] 0.268084
[1] 0.06113151
[1] 0.8793103

  0   1 
 28 204 
[1] 233
[1] 0.2503338
[1] 0.2927221
[1] "AdaLSE"
[1] 0.3026749
[1] 0.03776472
[1] 0.8712446

  0   1 
 30 203 
[1] "Fitting mean A"
[1] "Fitting variance A"
[1] "DR"
[1] 0.2767006
[1] 0.03864803
[1] 0.8798283

  0   1 
 28 205 
[1] 234
[1] 0.2503338
[1] 0.2927221
[1] "AdaLSE"
[1] 0.2809762
[1] 0.03977442
[1] 0.8717949

  0   1 
 30 204 
[1] "Fitting mean A"
[1] "Fitting variance A"
[1] "DR"
[1] 0.2350002
[1] 0.05484872
[1] 0.8803419

  0   1 
 28 206 
[1] 235
[1] 0.2503338
[1] 0.2927221
[1] "AdaLSE"
[1] 0.2694574
[1] 0.03700373
[1] 0.8723404

  0   1 
 30 205 
[1] "Fitting mean A"
[1] "Fitting variance A"
[1] "DR"
[1] 0.2853659
[1] 0.03409423
[1] 0.8808511

  0   1 
 28 207 
[1] 236
[1] 0.2503338
[1] 0.2927221
[1] "AdaLSE"
[1] 0.2294612
[1] 0.0390859
[1] 0.8728814

  0   1 
 30 206 
[1] "Fitting mean A"
[1] "Fitting variance A"
[1] "DR"
[1] 0.2369224
[1] 0.03898169
[1] 0.8813559

  0   1 
 28 208 
[1] 237
[1] 0.2503338
[1] 0.2927221
[1] "AdaLSE"
[1] 0.2867178
[1] 0.0384674
[1] 0.8734177

  0   1 
 30 207 
[1] "Fitting mean A"
[1] "Fitting variance A"
[1] "DR"
[1] 0.2748
[1] 0.03559649
[1] 0.8818565

  0   1 
 28 209 
[1] 238
[1] 0.2503338
[1] 0.2927221
[1] "AdaLSE"
[1] 0.2496021
[1] 0.04074498
[1] 0.8739496

  0   1 
 30 208 
[1] "Fitting mean A"
[1] "Fitting variance A"
[1] "DR"
[1] 0.2299122
[1] 0.04030501
[1] 0.8823529

  0   1 
 28 210 
[1] 239
[1] 0.2503338
[1] 0.2927221
[1] "AdaLSE"
[1] 0.2568067
[1] 0.03724643
[1] 0.874477

  0   1 
 30 209 
[1] "Fitting mean A"
[1] "Fitting variance A"
[1] "DR"
[1] 0.3703091
[1] 0.2056199
[1] 0.8828452

  0   1 
 28 211 
[1] 240
[1] 0.2503338
[1] 0.2927221
[1] "AdaLSE"
[1] 0.2488387
[1] 0.0394522
[1] 0.875

  0   1 
 30 210 
[1] "Fitting mean A"
[1] "Fitting variance A"
[1] "DR"
[1] -0.1667189
[1] 0.4834031
[1] 0.8833333

  0   1 
 28 212 
[1] 241
[1] 0.2503338
[1] 0.2927221
[1] "AdaLSE"
[1] 0.1757463
[1] 0.03716073
[1] 0.8713693

  0   1 
 31 210 
[1] "Fitting mean A"
[1] "Fitting variance A"
[1] "DR"
[1] 0.1902586
[1] 0.03460786
[1] 0.879668

  0   1 
 29 212 
[1] 242
[1] 0.2503338
[1] 0.2927221
[1] "AdaLSE"
[1] 0.2901139
[1] 0.03869044
[1] 0.8719008

  0   1 
 31 211 
[1] "Fitting mean A"
[1] "Fitting variance A"
[1] "DR"
[1] 0.3208515
[1] 0.03546989
[1] 0.8801653

  0   1 
 29 213 
[1] 243
[1] 0.2503338
[1] 0.2927221
[1] "AdaLSE"
[1] 0.2367935
[1] 0.03980729
[1] 0.872428

  0   1 
 31 212 
[1] "Fitting mean A"
[1] "Fitting variance A"
[1] "DR"
[1] 0.2067106
[1] 0.05204417
[1] 0.8806584

  0   1 
 29 214 
[1] 244
[1] 0.2503338
[1] 0.2927221
[1] "AdaLSE"
[1] 0.2768429
[1] 0.03792014
[1] 0.8729508

  0   1 
 31 213 
[1] "Fitting mean A"
[1] "Fitting variance A"
[1] "DR"
[1] 0.3105311
[1] 0.05059341
[1] 0.8811475

  0   1 
 29 215 
[1] 245
[1] 0.2503338
[1] 0.2927221
[1] "AdaLSE"
[1] 0.2970151
[1] 0.03870341
[1] 0.8734694

  0   1 
 31 214 
[1] "Fitting mean A"
[1] "Fitting variance A"
[1] "DR"
[1] 0.2979275
[1] 0.03529457
[1] 0.8816327

  0   1 
 29 216 
[1] 246
[1] 0.2503338
[1] 0.2927221
[1] "AdaLSE"
[1] 0.2885668
[1] 0.04168206
[1] 0.8739837

  0   1 
 31 215 
[1] "Fitting mean A"
[1] "Fitting variance A"
[1] "DR"
[1] 0.2717334
[1] 0.04357375
[1] 0.8821138

  0   1 
 29 217 
[1] 247
[1] 0.2503338
[1] 0.2927221
[1] "AdaLSE"
[1] 0.2345638
[1] 0.03873659
[1] 0.8744939

  0   1 
 31 216 
[1] "Fitting mean A"
[1] "Fitting variance A"
[1] "DR"
[1] 0.2195181
[1] 0.05889488
[1] 0.8825911

  0   1 
 29 218 
[1] 248
[1] 0.2503338
[1] 0.2927221
[1] "AdaLSE"
[1] 0.3025314
[1] 0.04074183
[1] 0.875

  0   1 
 31 217 
[1] "Fitting mean A"
[1] "Fitting variance A"
[1] "DR"
[1] 0.2916979
[1] 0.04305062
[1] 0.8830645

  0   1 
 29 219 
[1] 249
[1] 0.2503338
[1] 0.2927221
[1] "AdaLSE"
[1] 0.2833815
[1] 0.03861342
[1] 0.875502

  0   1 
 31 218 
[1] "Fitting mean A"
[1] "Fitting variance A"
[1] "DR"
[1] 0.2916233
[1] 0.0395474
[1] 0.8835341

  0   1 
 29 220 
[1] 250
[1] 0.2503338
[1] 0.2927221
[1] "AdaLSE"
[1] 0.3291102
[1] 0.03452704
[1] 0.876

  0   1 
 31 219 
[1] "Fitting mean A"
[1] "Fitting variance A"
[1] "DR"
[1] 0.3285383
[1] 0.05307719
[1] 0.884

  0   1 
 29 221 
[1] 251
[1] 0.2503338
[1] 0.2927221
[1] "AdaLSE"
[1] 0.2644764
[1] 0.03663511
[1] 0.876494

  0   1 
 31 220 
[1] "Fitting mean A"
[1] "Fitting variance A"
[1] "DR"
[1] 0.2588062
[1] 0.03827768
[1] 0.8844622

  0   1 
 29 222 
[1] 252
[1] 0.2503338
[1] 0.2927221
[1] "AdaLSE"
[1] 0.2357811
[1] 0.03624786
[1] 0.8769841

  0   1 
 31 221 
[1] "Fitting mean A"
[1] "Fitting variance A"
[1] "DR"
[1] -0.2855761
[1] 0.5831529
[1] 0.8849206

  0   1 
 29 223 
[1] 253
[1] 0.2503338
[1] 0.2927221
[1] "AdaLSE"
[1] 0.3132892
[1] 0.04043854
[1] 0.8774704

  0   1 
 31 222 
[1] "Fitting mean A"
[1] "Fitting variance A"
[1] "DR"
[1] 0.3038044
[1] 0.04016407
[1] 0.8853755

  0   1 
 29 224 
[1] 254
[1] 0.2503338
[1] 0.2927221
[1] "AdaLSE"
[1] 0.2738493
[1] 0.03850688
[1] 0.8779528

  0   1 
 31 223 
[1] "Fitting mean A"
[1] "Fitting variance A"
[1] "DR"
[1] 0.2720838
[1] 0.03596447
[1] 0.8858268

  0   1 
 29 225 
[1] 255
[1] 0.2503338
[1] 0.2927221
[1] "AdaLSE"
[1] 0.1983575
[1] 0.04034939
[1] 0.8745098

  0   1 
 32 223 
[1] "Fitting mean A"
[1] "Fitting variance A"
[1] "DR"
[1] -0.5710821
[1] 0.8764152
[1] 0.8862745

  0   1 
 29 226 
[1] 256
[1] 0.2503338
[1] 0.2927221
[1] "AdaLSE"
[1] 0.2626837
[1] 0.03882892
[1] 0.875

  0   1 
 32 224 
[1] "Fitting mean A"
[1] "Fitting variance A"
[1] "DR"
[1] 0.2590895
[1] 0.03684815
[1] 0.8867188

  0   1 
 29 227 
[1] 257
[1] 0.2503338
[1] 0.2927221
[1] "AdaLSE"
[1] 0.2804056
[1] 0.03695425
[1] 0.8754864

  0   1 
 32 225 
[1] "Fitting mean A"
[1] "Fitting variance A"
[1] "DR"
[1] -0.5296258
[1] 0.6644265
[1] 0.8871595

  0   1 
 29 228 
[1] 258
[1] 0.2503338
[1] 0.2927221
[1] "AdaLSE"
[1] 0.3137624
[1] 0.03789015
[1] 0.875969

  0   1 
 32 226 
[1] "Fitting mean A"
[1] "Fitting variance A"
[1] "DR"
[1] 0.603636
[1] 0.6114996
[1] 0.8875969

  0   1 
 29 229 
[1] 259
[1] 0.2503338
[1] 0.2927221
[1] "AdaLSE"
[1] 0.2529212
[1] 0.03841292
[1] 0.8764479

  0   1 
 32 227 
[1] "Fitting mean A"
[1] "Fitting variance A"
[1] "DR"
[1] 0.2603852
[1] 0.03727108
[1] 0.8880309

  0   1 
 29 230 
[1] 260
[1] 0.2503338
[1] 0.2927221
[1] "AdaLSE"
[1] 0.3114035
[1] 0.0386784
[1] 0.8769231

  0   1 
 32 228 
[1] "Fitting mean A"
[1] "Fitting variance A"
[1] "DR"
[1] 0.3003943
[1] 0.04217435
[1] 0.8884615

  0   1 
 29 231 
[1] 261
[1] 0.2503338
[1] 0.2927221
[1] "AdaLSE"
[1] 0.2331132
[1] 0.0381558
[1] 0.8773946

  0   1 
 32 229 
[1] "Fitting mean A"
[1] "Fitting variance A"
[1] "DR"
[1] -0.2363667
[1] 0.3848785
[1] 0.8888889

  0   1 
 29 232 
[1] 262
[1] 0.2503338
[1] 0.2927221
[1] "AdaLSE"
[1] 0.2133425
[1] 0.03551069
[1] 0.8740458

  0   1 
 33 229 
[1] "Fitting mean A"
[1] "Fitting variance A"
[1] "DR"
[1] 0.03559834
[1] 0.1769806
[1] 0.889313

  0   1 
 29 233 
[1] 263
[1] 0.2503338
[1] 0.2927221
[1] "AdaLSE"
[1] 0.2600482
[1] 0.03941728
[1] 0.8745247

  0   1 
 33 230 
[1] "Fitting mean A"
[1] "Fitting variance A"
[1] "DR"
[1] 0.2292279
[1] 0.04493493
[1] 0.8897338

  0   1 
 29 234 
[1] 264
[1] 0.2503338
[1] 0.2927221
[1] "AdaLSE"
[1] 0.2889166
[1] 0.04098221
[1] 0.875

  0   1 
 33 231 
[1] "Fitting mean A"
[1] "Fitting variance A"
[1] "DR"
[1] 0.2850466
[1] 0.04454866
[1] 0.8901515

  0   1 
 29 235 
[1] 265
[1] 0.2503338
[1] 0.2927221
[1] "AdaLSE"
[1] 0.2792761
[1] 0.03904454
[1] 0.8754717

  0   1 
 33 232 
[1] "Fitting mean A"
[1] "Fitting variance A"
[1] "DR"
[1] 0.2722455
[1] 0.04414483
[1] 0.890566

  0   1 
 29 236 
[1] 266
[1] 0.2503338
[1] 0.2927221
[1] "AdaLSE"
[1] 0.2691865
[1] 0.03821255
[1] 0.8759398

  0   1 
 33 233 
[1] "Fitting mean A"
[1] "Fitting variance A"
[1] "DR"
[1] 0.2976252
[1] 0.03858186
[1] 0.8909774

  0   1 
 29 237 
[1] 267
[1] 0.2503338
[1] 0.2927221
[1] "AdaLSE"
[1] 0.2677575
[1] 0.03828044
[1] 0.8764045

  0   1 
 33 234 
[1] "Fitting mean A"
[1] "Fitting variance A"
[1] "DR"
[1] 0.2741753
[1] 0.03626384
[1] 0.8913858

  0   1 
 29 238 
[1] 268
[1] 0.2503338
[1] 0.2927221
[1] "AdaLSE"
[1] 0.3343401
[1] 0.03511199
[1] 0.8768657

  0   1 
 33 235 
[1] "Fitting mean A"
[1] "Fitting variance A"
[1] "DR"
[1] 0.3355067
[1] 0.03383345
[1] 0.891791

  0   1 
 29 239 
[1] 269
[1] 0.2503338
[1] 0.2927221
[1] "AdaLSE"
[1] 0.2449142
[1] 0.03727517
[1] 0.8773234

  0   1 
 33 236 
[1] "Fitting mean A"
[1] "Fitting variance A"
[1] "DR"
[1] 0.248067
[1] 0.0373495
[1] 0.8921933

  0   1 
 29 240 
[1] 270
[1] 0.2503338
[1] 0.2927221
[1] "AdaLSE"
[1] 0.281856
[1] 0.03779162
[1] 0.8777778

  0   1 
 33 237 
[1] "Fitting mean A"
[1] "Fitting variance A"
[1] "DR"
[1] 0.2849612
[1] 0.04089192
[1] 0.8925926

  0   1 
 29 241 
[1] 271
[1] 0.2503338
[1] 0.2927221
[1] "AdaLSE"
[1] 0.2916387
[1] 0.03919231
[1] 0.8782288

  0   1 
 33 238 
[1] "Fitting mean A"
[1] "Fitting variance A"
[1] "DR"
[1] 0.2682233
[1] 0.0380983
[1] 0.8929889

  0   1 
 29 242 
[1] 272
[1] 0.2503338
[1] 0.2927221
[1] "AdaLSE"
[1] 0.2467447
[1] 0.03682853
[1] 0.8786765

  0   1 
 33 239 
[1] "Fitting mean A"
[1] "Fitting variance A"
[1] "DR"
[1] 0.1274011
[1] 0.3376074
[1] 0.8933824

  0   1 
 29 243 
[1] 273
[1] 0.2503338
[1] 0.2927221
[1] "AdaLSE"
[1] 0.2786443
[1] 0.03983647
[1] 0.8791209

  0   1 
 33 240 
[1] "Fitting mean A"
[1] "Fitting variance A"
[1] "DR"
[1] 0.3034753
[1] 0.03935296
[1] 0.8937729

  0   1 
 29 244 
[1] 274
[1] 0.2503338
[1] 0.2927221
[1] "AdaLSE"
[1] 0.2220557
[1] 0.03981119
[1] 0.879562

  0   1 
 33 241 
[1] "Fitting mean A"
[1] "Fitting variance A"
[1] "DR"
[1] 0.2189113
[1] 0.03628083
[1] 0.8905109

  0   1 
 30 244 
[1] 275
[1] 0.2503338
[1] 0.2927221
[1] "AdaLSE"
[1] 0.2860119
[1] 0.03546547
[1] 0.88

  0   1 
 33 242 
[1] "Fitting mean A"
[1] "Fitting variance A"
[1] "DR"
[1] 0.3088203
[1] 0.03449482
[1] 0.8909091

  0   1 
 30 245 
[1] 276
[1] 0.2503338
[1] 0.2927221
[1] "AdaLSE"
[1] 0.368368
[1] 0.03872351
[1] 0.8804348

  0   1 
 33 243 
[1] "Fitting mean A"
[1] "Fitting variance A"
[1] "DR"
[1] 0.3671017
[1] 0.0373742
[1] 0.8876812

  0   1 
 31 245 
[1] 277
[1] 0.2503338
[1] 0.2927221
[1] "AdaLSE"
[1] 0.2198141
[1] 0.03715981
[1] 0.8772563

  0   1 
 34 243 
[1] "Fitting mean A"
[1] "Fitting variance A"
[1] "DR"
[1] 0.2281972
[1] 0.03762491
[1] 0.8880866

  0   1 
 31 246 
[1] 278
[1] 0.2503338
[1] 0.2927221
[1] "AdaLSE"
[1] 0.2796079
[1] 0.03779972
[1] 0.8776978

  0   1 
 34 244 
[1] "Fitting mean A"
[1] "Fitting variance A"
[1] "DR"
[1] 0.2728053
[1] 0.03538668
[1] 0.8884892

  0   1 
 31 247 
[1] 279
[1] 0.2503338
[1] 0.2927221
[1] "AdaLSE"
[1] 0.2855869
[1] 0.03965952
[1] 0.8781362

  0   1 
 34 245 
[1] "Fitting mean A"
[1] "Fitting variance A"
[1] "DR"
[1] 0.2743801
[1] 0.03807447
[1] 0.8888889

  0   1 
 31 248 
[1] 280
[1] 0.2503338
[1] 0.2927221
[1] "AdaLSE"
[1] 0.2483734
[1] 0.03855939
[1] 0.8785714

  0   1 
 34 246 
[1] "Fitting mean A"
[1] "Fitting variance A"
[1] "DR"
[1] 0.2678092
[1] 0.04192099
[1] 0.8892857

  0   1 
 31 249 
[1] 281
[1] 0.2503338
[1] 0.2927221
[1] "AdaLSE"
[1] 0.2820524
[1] 0.03563376
[1] 0.8790036

  0   1 
 34 247 
[1] "Fitting mean A"
[1] "Fitting variance A"
[1] "DR"
[1] 0.2514748
[1] 0.04140869
[1] 0.8896797

  0   1 
 31 250 
[1] 282
[1] 0.2503338
[1] 0.2927221
[1] "AdaLSE"
[1] 0.3060416
[1] 0.0395898
[1] 0.8794326

  0   1 
 34 248 
[1] "Fitting mean A"
[1] "Fitting variance A"
[1] "DR"
[1] 0.3116632
[1] 0.04317211
[1] 0.8900709

  0   1 
 31 251 
[1] 283
[1] 0.2503338
[1] 0.2927221
[1] "AdaLSE"
[1] 0.2347999
[1] 0.04019887
[1] 0.8798587

  0   1 
 34 249 
[1] "Fitting mean A"
[1] "Fitting variance A"
[1] "DR"
[1] 0.2517079
[1] 0.03673413
[1] 0.8904594

  0   1 
 31 252 
[1] 284
[1] 0.2503338
[1] 0.2927221
[1] "AdaLSE"
[1] 0.2077606
[1] 0.03827036
[1] 0.8767606

  0   1 
 35 249 
[1] "Fitting mean A"
[1] "Fitting variance A"
[1] "DR"
[1] 0.2185937
[1] 0.03807258
[1] 0.8908451

  0   1 
 31 253 
[1] 285
[1] 0.2503338
[1] 0.2927221
[1] "AdaLSE"
[1] 0.3097975
[1] 0.04095692
[1] 0.877193

  0   1 
 35 250 
[1] "Fitting mean A"
[1] "Fitting variance A"
[1] "DR"
[1] 0.2472287
[1] 0.05348774
[1] 0.8912281

  0   1 
 31 254 
[1] 286
[1] 0.2503338
[1] 0.2927221
[1] "AdaLSE"
[1] 0.3070842
[1] 0.03918443
[1] 0.8776224

  0   1 
 35 251 
[1] "Fitting mean A"
[1] "Fitting variance A"
[1] "DR"
[1] 0.3378781
[1] 0.8835177
[1] 0.8916084

  0   1 
 31 255 
[1] 287
[1] 0.2503338
[1] 0.2927221
[1] "AdaLSE"
[1] 0.2816665
[1] 0.03706283
[1] 0.8780488

  0   1 
 35 252 
[1] "Fitting mean A"
[1] "Fitting variance A"
[1] "DR"
[1] 0.3005606
[1] 0.03517024
[1] 0.8919861

  0   1 
 31 256 
[1] 288
[1] 0.2503338
[1] 0.2927221
[1] "AdaLSE"
[1] 0.2892707
[1] 0.03862194
[1] 0.8784722

  0   1 
 35 253 
[1] "Fitting mean A"
[1] "Fitting variance A"
[1] "DR"
[1] 0.2719842
[1] 0.04850901
[1] 0.8923611

  0   1 
 31 257 
[1] 289
[1] 0.2503338
[1] 0.2927221
[1] "AdaLSE"
[1] 0.2550528
[1] 0.03918411
[1] 0.8788927

  0   1 
 35 254 
[1] "Fitting mean A"
[1] "Fitting variance A"
[1] "DR"
[1] 0.3251003
[1] 0.1227552
[1] 0.8927336

  0   1 
 31 258 
[1] 290
[1] 0.2503338
[1] 0.2927221
[1] "AdaLSE"
[1] 0.2876248
[1] 0.03740387
[1] 0.8793103

  0   1 
 35 255 
[1] "Fitting mean A"
[1] "Fitting variance A"
[1] "DR"
[1] 0.2871354
[1] 0.03934391
[1] 0.8931034

  0   1 
 31 259 
[1] 291
[1] 0.2503338
[1] 0.2927221
[1] "AdaLSE"
[1] 0.2731646
[1] 0.03807108
[1] 0.8797251

  0   1 
 35 256 
[1] "Fitting mean A"
[1] "Fitting variance A"
[1] "DR"
[1] 0.2604296
[1] 0.03586516
[1] 0.8934708

  0   1 
 31 260 
[1] 292
[1] 0.2503338
[1] 0.2927221
[1] "AdaLSE"
[1] 0.301488
[1] 0.03750456
[1] 0.880137

  0   1 
 35 257 
[1] "Fitting mean A"
[1] "Fitting variance A"
[1] "DR"
[1] 0.2721376
[1] 0.040053
[1] 0.8938356

  0   1 
 31 261 
[1] 293
[1] 0.2503338
[1] 0.2927221
[1] "AdaLSE"
[1] 0.3544062
[1] 0.03819788
[1] 0.8805461

  0   1 
 35 258 
[1] "Fitting mean A"
[1] "Fitting variance A"
[1] "DR"
[1] 0.3551476
[1] 0.03873855
[1] 0.894198

  0   1 
 31 262 
[1] 294
[1] 0.2503338
[1] 0.2927221
[1] "AdaLSE"
[1] 0.2655956
[1] 0.03663247
[1] 0.8809524

  0   1 
 35 259 
[1] "Fitting mean A"
[1] "Fitting variance A"
[1] "DR"
[1] 0.3347862
[1] 0.1719465
[1] 0.8945578

  0   1 
 31 263 
[1] 295
[1] 0.2503338
[1] 0.2927221
[1] "AdaLSE"
[1] 0.246672
[1] 0.03992411
[1] 0.8813559

  0   1 
 35 260 
[1] "Fitting mean A"
[1] "Fitting variance A"
[1] "DR"
[1] 0.2488922
[1] 0.05033192
[1] 0.8949153

  0   1 
 31 264 
[1] 296
[1] 0.2503338
[1] 0.2927221
[1] "AdaLSE"
[1] 0.2401172
[1] 0.0392344
[1] 0.8817568

  0   1 
 35 261 
[1] "Fitting mean A"
[1] "Fitting variance A"
[1] "DR"
[1] 0.2250637
[1] 0.04932504
[1] 0.8952703

  0   1 
 31 265 
[1] 297
[1] 0.2503338
[1] 0.2927221
[1] "AdaLSE"
[1] 0.250046
[1] 0.03854989
[1] 0.8821549

  0   1 
 35 262 
[1] "Fitting mean A"
[1] "Fitting variance A"
[1] "DR"
[1] 0.2200666
[1] 0.04741059
[1] 0.8956229

  0   1 
 31 266 
[1] 298
[1] 0.2503338
[1] 0.2927221
[1] "AdaLSE"
[1] 0.3312104
[1] 0.03804529
[1] 0.8825503

  0   1 
 35 263 
[1] "Fitting mean A"
[1] "Fitting variance A"
[1] "DR"
[1] 0.3176773
[1] 0.03495807
[1] 0.8959732

  0   1 
 31 267 
[1] 299
[1] 0.2503338
[1] 0.2927221
[1] "AdaLSE"
[1] 0.1893976
[1] 0.04036782
[1] 0.8795987

  0   1 
 36 263 
[1] "Fitting mean A"
[1] "Fitting variance A"
[1] "DR"
[1] 0.1931046
[1] 0.03790486
[1] 0.8929766

  0   1 
 32 267 
[1] 300
[1] 0.2503338
[1] 0.2927221
[1] "AdaLSE"
[1] 0.263502
[1] 0.03930693
[1] 0.88

  0   1 
 36 264 
[1] "Fitting mean A"
[1] "Fitting variance A"
[1] "DR"
[1] 0.2802155
[1] 0.03510974
[1] 0.8933333

  0   1 
 32 268 
[1] 301
[1] 0.2503338
[1] 0.2927221
[1] "AdaLSE"
[1] 0.2436764
[1] 0.03759875
[1] 0.8803987

  0   1 
 36 265 
[1] "Fitting mean A"
[1] "Fitting variance A"
[1] "DR"
[1] 0.2486459
[1] 0.0364611
[1] 0.8936877

  0   1 
 32 269 
[1] 302
[1] 0.2503338
[1] 0.2927221
[1] "AdaLSE"
[1] 0.3001195
[1] 0.03775728
[1] 0.8807947

  0   1 
 36 266 
[1] "Fitting mean A"
[1] "Fitting variance A"
[1] "DR"
[1] 0.3084573
[1] 0.03565041
[1] 0.8940397

  0   1 
 32 270 
[1] 303
[1] 0.2503338
[1] 0.2927221
[1] "AdaLSE"
[1] 0.2716154
[1] 0.0372951
[1] 0.8811881

  0   1 
 36 267 
[1] "Fitting mean A"
[1] "Fitting variance A"
[1] "DR"
[1] -2.178306
[1] 1.205358
[1] 0.8910891

  0   1 
 33 270 
[1] 304
[1] 0.2503338
[1] 0.2927221
[1] "AdaLSE"
[1] 0.3415788
[1] 0.03874136
[1] 0.8815789

  0   1 
 36 268 
[1] "Fitting mean A"
[1] "Fitting variance A"
[1] "DR"
[1] 0.3085604
[1] 0.04201747
[1] 0.8914474

  0   1 
 33 271 
[1] 305
[1] 0.2503338
[1] 0.2927221
[1] "AdaLSE"
[1] 0.282414
[1] 0.03792234
[1] 0.8819672

  0   1 
 36 269 
[1] "Fitting mean A"
[1] "Fitting variance A"
[1] "DR"
[1] 0.2963675
[1] 0.03865323
[1] 0.8918033

  0   1 
 33 272 
[1] 306
[1] 0.2503338
[1] 0.2927221
[1] "AdaLSE"
[1] 0.3148507
[1] 0.03449188
[1] 0.8823529

  0   1 
 36 270 
[1] "Fitting mean A"
[1] "Fitting variance A"
[1] "DR"
[1] -0.07917782
[1] 0.8704765
[1] 0.8921569

  0   1 
 33 273 
[1] 307
[1] 0.2503338
[1] 0.2927221
[1] "AdaLSE"
[1] 0.2848645
[1] 0.04192552
[1] 0.8827362

  0   1 
 36 271 
[1] "Fitting mean A"
[1] "Fitting variance A"
[1] "DR"
[1] 0.2334211
[1] 0.05422966
[1] 0.8925081

  0   1 
 33 274 
[1] 308
[1] 0.2503338
[1] 0.2927221
[1] "AdaLSE"
[1] 0.3070138
[1] 0.03821701
[1] 0.8831169

  0   1 
 36 272 
[1] "Fitting mean A"
[1] "Fitting variance A"
[1] "DR"
[1] 0.3078007
[1] 0.03699728
[1] 0.8928571

  0   1 
 33 275 
[1] 309
[1] 0.2503338
[1] 0.2927221
[1] "AdaLSE"
[1] 0.2627455
[1] 0.03888198
[1] 0.8834951

  0   1 
 36 273 
[1] "Fitting mean A"
[1] "Fitting variance A"
[1] "DR"
[1] 0.266151
[1] 0.04618789
[1] 0.8932039

  0   1 
 33 276 
[1] 310
[1] 0.2503338
[1] 0.2927221
[1] "AdaLSE"
[1] 0.2813258
[1] 0.03872497
[1] 0.883871

  0   1 
 36 274 
[1] "Fitting mean A"
[1] "Fitting variance A"
[1] "DR"
[1] 0.2630633
[1] 0.03590125
[1] 0.8935484

  0   1 
 33 277 
[1] 311
[1] 0.2503338
[1] 0.2927221
[1] "AdaLSE"
[1] 0.1728219
[1] 0.04117888
[1] 0.8810289

  0   1 
 37 274 
[1] "Fitting mean A"
[1] "Fitting variance A"
[1] "DR"
[1] 0.1707854
[1] 0.04094125
[1] 0.8906752

  0   1 
 34 277 
[1] 312
[1] 0.2503338
[1] 0.2927221
[1] "AdaLSE"
[1] 0.276168
[1] 0.04111532
[1] 0.8814103

  0   1 
 37 275 
[1] "Fitting mean A"
[1] "Fitting variance A"
[1] "DR"
[1] 0.2867899
[1] 0.03872898
[1] 0.8910256

  0   1 
 34 278 
[1] 313
[1] 0.2503338
[1] 0.2927221
[1] "AdaLSE"
[1] 0.3136396
[1] 0.03418135
[1] 0.8817891

  0   1 
 37 276 
[1] "Fitting mean A"
[1] "Fitting variance A"
[1] "DR"
[1] 0.3118305
[1] 0.03833642
[1] 0.8913738

  0   1 
 34 279 
[1] 314
[1] 0.2503338
[1] 0.2927221
[1] "AdaLSE"
[1] 0.2996146
[1] 0.03906404
[1] 0.8821656

  0   1 
 37 277 
[1] "Fitting mean A"
[1] "Fitting variance A"
[1] "DR"
[1] 0.3120874
[1] 0.04500585
[1] 0.8917197

  0   1 
 34 280 
[1] 315
[1] 0.2503338
[1] 0.2927221
[1] "AdaLSE"
[1] 0.2907424
[1] 0.03911605
[1] 0.8825397

  0   1 
 37 278 
[1] "Fitting mean A"
[1] "Fitting variance A"
[1] "DR"
[1] 0.329324
[1] 0.04075242
[1] 0.8920635

  0   1 
 34 281 
[1] 316
[1] 0.2503338
[1] 0.2927221
[1] "AdaLSE"
[1] 0.2566444
[1] 0.03646171
[1] 0.8829114

  0   1 
 37 279 
[1] "Fitting mean A"
[1] "Fitting variance A"
[1] "DR"
[1] 0.2383725
[1] 0.04374967
[1] 0.8924051

  0   1 
 34 282 
[1] 317
[1] 0.2503338
[1] 0.2927221
[1] "AdaLSE"
[1] 0.3113216
[1] 0.03774539
[1] 0.8832808

  0   1 
 37 280 
[1] "Fitting mean A"
[1] "Fitting variance A"
[1] "DR"
[1] 0.2954524
[1] 0.04195216
[1] 0.8927445

  0   1 
 34 283 
[1] 318
[1] 0.2503338
[1] 0.2927221
[1] "AdaLSE"
[1] 0.1869778
[1] 0.03666273
[1] 0.8805031

  0   1 
 38 280 
[1] "Fitting mean A"
[1] "Fitting variance A"
[1] "DR"
[1] 0.1879464
[1] 0.03531832
[1] 0.8899371

  0   1 
 35 283 
[1] 319
[1] 0.2503338
[1] 0.2927221
[1] "AdaLSE"
[1] 0.3079035
[1] 0.03820304
[1] 0.8808777

  0   1 
 38 281 
[1] "Fitting mean A"
[1] "Fitting variance A"
[1] "DR"
[1] 0.2841265
[1] 0.04214598
[1] 0.8902821

  0   1 
 35 284 
[1] 320
[1] 0.2503338
[1] 0.2927221
[1] "AdaLSE"
[1] 0.3123062
[1] 0.03791146
[1] 0.88125

  0   1 
 38 282 
[1] "Fitting mean A"
[1] "Fitting variance A"
[1] "DR"
[1] 0.3029925
[1] 0.03447126
[1] 0.890625

  0   1 
 35 285 
[1] 321
[1] 0.2503338
[1] 0.2927221
[1] "AdaLSE"
[1] 0.2578972
[1] 0.03844033
[1] 0.8816199

  0   1 
 38 283 
[1] "Fitting mean A"
[1] "Fitting variance A"
[1] "DR"
[1] 0.22261
[1] 0.04296554
[1] 0.8909657

  0   1 
 35 286 
[1] 322
[1] 0.2503338
[1] 0.2927221
[1] "AdaLSE"
[1] 0.2667133
[1] 0.03773228
[1] 0.8819876

  0   1 
 38 284 
[1] "Fitting mean A"
[1] "Fitting variance A"
[1] "DR"
[1] 0.2906317
[1] 0.04027408
[1] 0.8913043

  0   1 
 35 287 
[1] 323
[1] 0.2503338
[1] 0.2927221
[1] "AdaLSE"
[1] 0.2507968
[1] 0.03991834
[1] 0.8823529

  0   1 
 38 285 
[1] "Fitting mean A"
[1] "Fitting variance A"
[1] "DR"
[1] 0.2605073
[1] 0.03990607
[1] 0.8916409

  0   1 
 35 288 
[1] 324
[1] 0.2503338
[1] 0.2927221
[1] "AdaLSE"
[1] 0.2472549
[1] 0.03607163
[1] 0.882716

  0   1 
 38 286 
[1] "Fitting mean A"
[1] "Fitting variance A"
[1] "DR"
[1] 0.259139
[1] 0.03516605
[1] 0.8919753

  0   1 
 35 289 
[1] 325
[1] 0.2503338
[1] 0.2927221
[1] "AdaLSE"
[1] 0.2999263
[1] 0.04011754
[1] 0.8830769

  0   1 
 38 287 
[1] "Fitting mean A"
[1] "Fitting variance A"
[1] "DR"
[1] 0.3077536
[1] 0.04335935
[1] 0.8923077

  0   1 
 35 290 
[1] 326
[1] 0.2503338
[1] 0.2927221
[1] "AdaLSE"
[1] 0.2433486
[1] 0.0390113
[1] 0.8834356

  0   1 
 38 288 
[1] "Fitting mean A"
[1] "Fitting variance A"
[1] "DR"
[1] 0.2428163
[1] 0.03719647
[1] 0.892638

  0   1 
 35 291 
[1] 327
[1] 0.2503338
[1] 0.2927221
[1] "AdaLSE"
[1] 0.2265061
[1] 0.03830611
[1] 0.883792

  0   1 
 38 289 
[1] "Fitting mean A"
[1] "Fitting variance A"
[1] "DR"
[1] 0.2156759
[1] 0.03789941
[1] 0.8899083

  0   1 
 36 291 
[1] 328
[1] 0.2503338
[1] 0.2927221
[1] "AdaLSE"
[1] 0.308114
[1] 0.03817419
[1] 0.8841463

  0   1 
 38 290 
[1] "Fitting mean A"
[1] "Fitting variance A"
[1] "DR"
[1] 0.2810789
[1] 0.04399929
[1] 0.8902439

  0   1 
 36 292 
[1] 329
[1] 0.2503338
[1] 0.2927221
[1] "AdaLSE"
[1] 0.2961136
[1] 0.03714775
[1] 0.8844985

  0   1 
 38 291 
[1] "Fitting mean A"
[1] "Fitting variance A"
[1] "DR"
[1] 1.054386
[1] 0.8034373
[1] 0.8905775

  0   1 
 36 293 
[1] 330
[1] 0.2503338
[1] 0.2927221
[1] "AdaLSE"
[1] 0.2638957
[1] 0.03858163
[1] 0.8848485

  0   1 
 38 292 
[1] "Fitting mean A"
[1] "Fitting variance A"
[1] "DR"
[1] 0.2438696
[1] 0.04099807
[1] 0.8909091

  0   1 
 36 294 
[1] 331
[1] 0.2503338
[1] 0.2927221
[1] "AdaLSE"
[1] 0.3291344
[1] 0.03945377
[1] 0.8851964

  0   1 
 38 293 
[1] "Fitting mean A"
[1] "Fitting variance A"
[1] "DR"
[1] 0.556803
[1] 0.4188603
[1] 0.8912387

  0   1 
 36 295 
[1] 332
[1] 0.2503338
[1] 0.2927221
[1] "AdaLSE"
[1] 0.276242
[1] 0.03833663
[1] 0.8855422

  0   1 
 38 294 
[1] "Fitting mean A"
[1] "Fitting variance A"
[1] "DR"
[1] 0.3097286
[1] 0.03996082
[1] 0.8915663

  0   1 
 36 296 
[1] 333
[1] 0.2503338
[1] 0.2927221
[1] "AdaLSE"
[1] 0.2044445
[1] 0.04068711
[1] 0.8828829

  0   1 
 39 294 
[1] "Fitting mean A"
[1] "Fitting variance A"
[1] "DR"
[1] 0.2073928
[1] 0.04137446
[1] 0.8888889

  0   1 
 37 296 
[1] 334
[1] 0.2503338
[1] 0.2927221
[1] "AdaLSE"
[1] 0.2758042
[1] 0.03932064
[1] 0.8832335

  0   1 
 39 295 
[1] "Fitting mean A"
[1] "Fitting variance A"
[1] "DR"
[1] 0.304766
[1] 0.05800939
[1] 0.8892216

  0   1 
 37 297 
[1] 335
[1] 0.2503338
[1] 0.2927221
[1] "AdaLSE"
[1] 0.2808936
[1] 0.03562892
[1] 0.8835821

  0   1 
 39 296 
[1] "Fitting mean A"
[1] "Fitting variance A"
[1] "DR"
[1] 0.7822189
[1] 0.6450543
[1] 0.8895522

  0   1 
 37 298 
[1] 336
[1] 0.2503338
[1] 0.2927221
[1] "AdaLSE"
[1] 0.2688026
[1] 0.03896788
[1] 0.8839286

  0   1 
 39 297 
[1] "Fitting mean A"
