LOADING R
R LOADED
[1] "/home/lvanderl/Rlibs2"                         
[2] "/app/software/R/4.2.2-foss-2021b/lib/R/library"
[1] "/home/lvanderl/sieveSims"
[1] 1
[1] 0.8270953
[1] 0.8224428
[1] "AdaLSE"
[1] 0.8365679
[1] 0.02899191
[1] 1

1 
1 
[1] "Fitting mean A"
[1] "Fitting variance A"
[1] "DR"
[1] 0.8321946
[1] 0.02801198
[1] 1

1 
1 
[1] 2
[1] 0.8270953
[1] 0.8224428
[1] "AdaLSE"
[1] 0.8645371
[1] 0.02797655
[1] 1

1 
2 
[1] "Fitting mean A"
[1] "Fitting variance A"
[1] "DR"
[1] 0.8560429
[1] 0.0264429
[1] 1

1 
2 
[1] 3
[1] 0.8270953
[1] 0.8224428
[1] "AdaLSE"
[1] 0.8788708
[1] 0.02905144
[1] 1

1 
3 
[1] "Fitting mean A"
[1] "Fitting variance A"
[1] "DR"
[1] 0.8821571
[1] 0.0263217
[1] 0.6666667

0 1 
1 2 
[1] 4
[1] 0.8270953
[1] 0.8224428
[1] "AdaLSE"
[1] 0.8906121
[1] 0.02797718
[1] 0.75

0 1 
1 3 
[1] "Fitting mean A"
[1] "Fitting variance A"
[1] "DR"
[1] 0.8796927
[1] 0.02611194
[1] 0.5

0 1 
2 2 
[1] 5
[1] 0.8270953
[1] 0.8224428
[1] "AdaLSE"
[1] 0.8391317
[1] 0.02803273
[1] 0.8

0 1 
1 4 
[1] "Fitting mean A"
[1] "Fitting variance A"
[1] "DR"
[1] 0.8301573
[1] 0.02648315
[1] 0.6

0 1 
2 3 
[1] 6
[1] 0.8270953
[1] 0.8224428
[1] "AdaLSE"
[1] 0.8246789
[1] 0.02894877
[1] 0.8333333

0 1 
1 5 
[1] "Fitting mean A"
[1] "Fitting variance A"
[1] "DR"
[1] 0.8250855
[1] 0.02726561
[1] 0.6666667

0 1 
2 4 
[1] 7
[1] 0.8270953
[1] 0.8224428
[1] "AdaLSE"
[1] 0.8345685
[1] 0.02775203
[1] 0.8571429

0 1 
1 6 
[1] "Fitting mean A"
[1] "Fitting variance A"
[1] "DR"
[1] 0.8262721
[1] 0.02581427
[1] 0.7142857

0 1 
2 5 
[1] 8
[1] 0.8270953
[1] 0.8224428
[1] "AdaLSE"
[1] 0.8465843
[1] 0.02746232
[1] 0.875

0 1 
1 7 
[1] "Fitting mean A"
[1] "Fitting variance A"
[1] "DR"
[1] 0.8265726
[1] 0.02526038
[1] 0.75

0 1 
2 6 
[1] 9
[1] 0.8270953
[1] 0.8224428
[1] "AdaLSE"
[1] 0.8550563
[1] 0.02897845
[1] 0.8888889

0 1 
1 8 
[1] "Fitting mean A"
[1] "Fitting variance A"
[1] "DR"
[1] 0.8481102
[1] 0.02837077
[1] 0.7777778

0 1 
2 7 
[1] 10
[1] 0.8270953
[1] 0.8224428
[1] "AdaLSE"
[1] 0.9158747
[1] 0.02981465
[1] 0.8

0 1 
2 8 
[1] "Fitting mean A"
[1] "Fitting variance A"
[1] "DR"
[1] 0.9070586
[1] 0.02756308
[1] 0.7

0 1 
3 7 
[1] 11
[1] 0.8270953
[1] 0.8224428
[1] "AdaLSE"
[1] 0.866198
[1] 0.02966233
[1] 0.8181818

0 1 
2 9 
[1] "Fitting mean A"
[1] "Fitting variance A"
[1] "DR"
[1] 0.8510749
[1] 0.02835843
[1] 0.7272727

0 1 
3 8 
[1] 12
[1] 0.8270953
[1] 0.8224428
[1] "AdaLSE"
[1] 0.8371154
[1] 0.02735058
[1] 0.8333333

 0  1 
 2 10 
[1] "Fitting mean A"
[1] "Fitting variance A"
[1] "DR"
[1] 0.8195288
[1] 0.02448757
[1] 0.75

0 1 
3 9 
[1] 13
[1] 0.8270953
[1] 0.8224428
[1] "AdaLSE"
[1] 0.8456328
[1] 0.02769903
[1] 0.8461538

 0  1 
 2 11 
[1] "Fitting mean A"
[1] "Fitting variance A"
[1] "DR"
[1] 0.8405167
[1] 0.02641259
[1] 0.7692308

 0  1 
 3 10 
[1] 14
[1] 0.8270953
[1] 0.8224428
[1] "AdaLSE"
[1] 0.8744189
[1] 0.02795749
[1] 0.8571429

 0  1 
 2 12 
[1] "Fitting mean A"
[1] "Fitting variance A"
[1] "DR"
[1] 0.8684335
[1] 0.02661493
[1] 0.7857143

 0  1 
 3 11 
[1] 15
[1] 0.8270953
[1] 0.8224428
[1] "AdaLSE"
[1] 0.8287724
[1] 0.02787814
[1] 0.8666667

 0  1 
 2 13 
[1] "Fitting mean A"
[1] "Fitting variance A"
[1] "DR"
[1] 0.8236645
[1] 0.02612745
[1] 0.8

 0  1 
 3 12 
[1] 16
[1] 0.8270953
[1] 0.8224428
[1] "AdaLSE"
[1] 0.8532409
[1] 0.02841867
[1] 0.875

 0  1 
 2 14 
[1] "Fitting mean A"
[1] "Fitting variance A"
[1] "DR"
[1] 0.8391126
[1] 0.02681828
[1] 0.8125

 0  1 
 3 13 
[1] 17
[1] 0.8270953
[1] 0.8224428
[1] "AdaLSE"
[1] 0.8314318
[1] 0.02588849
[1] 0.8823529

 0  1 
 2 15 
[1] "Fitting mean A"
[1] "Fitting variance A"
[1] "DR"
[1] 0.8248597
[1] 0.02479118
[1] 0.8235294

 0  1 
 3 14 
[1] 18
[1] 0.8270953
[1] 0.8224428
[1] "AdaLSE"
[1] 0.8696025
[1] 0.02747041
[1] 0.8888889

 0  1 
 2 16 
[1] "Fitting mean A"
[1] "Fitting variance A"
[1] "DR"
[1] 0.8645861
[1] 0.02615828
[1] 0.8333333

 0  1 
 3 15 
[1] 19
[1] 0.8270953
[1] 0.8224428
[1] "AdaLSE"
[1] 0.8097647
[1] 0.02960426
[1] 0.8947368

 0  1 
 2 17 
[1] "Fitting mean A"
[1] "Fitting variance A"
[1] "DR"
[1] 0.8061292
[1] 0.02835446
[1] 0.8421053

 0  1 
 3 16 
[1] 20
[1] 0.8270953
[1] 0.8224428
[1] "AdaLSE"
[1] 0.7848069
[1] 0.0290989
[1] 0.9

 0  1 
 2 18 
[1] "Fitting mean A"
[1] "Fitting variance A"
[1] "DR"
[1] 0.7790568
[1] 0.02826867
[1] 0.85

 0  1 
 3 17 
[1] 21
[1] 0.8270953
[1] 0.8224428
[1] "AdaLSE"
[1] 0.8939132
[1] 0.02711722
[1] 0.8571429

 0  1 
 3 18 
[1] "Fitting mean A"
[1] "Fitting variance A"
[1] "DR"
[1] 0.8900884
[1] 0.0261575
[1] 0.8095238

 0  1 
 4 17 
[1] 22
[1] 0.8270953
[1] 0.8224428
[1] "AdaLSE"
[1] 0.8761907
[1] 0.02880567
[1] 0.8636364

 0  1 
 3 19 
[1] "Fitting mean A"
[1] "Fitting variance A"
[1] "DR"
[1] 0.8730667
[1] 0.02706812
[1] 0.8181818

 0  1 
 4 18 
[1] 23
[1] 0.8270953
[1] 0.8224428
[1] "AdaLSE"
[1] 0.8343028
[1] 0.02894644
[1] 0.8695652

 0  1 
 3 20 
[1] "Fitting mean A"
[1] "Fitting variance A"
[1] "DR"
[1] 0.8295142
[1] 0.02662944
[1] 0.826087

 0  1 
 4 19 
[1] 24
[1] 0.8270953
[1] 0.8224428
[1] "AdaLSE"
[1] 0.8487363
[1] 0.02803913
[1] 0.875

 0  1 
 3 21 
[1] "Fitting mean A"
[1] "Fitting variance A"
[1] "DR"
[1] 0.836272
[1] 0.02726023
[1] 0.8333333

 0  1 
 4 20 
[1] 25
[1] 0.8270953
[1] 0.8224428
[1] "AdaLSE"
[1] 0.8480251
[1] 0.02819964
[1] 0.88

 0  1 
 3 22 
[1] "Fitting mean A"
[1] "Fitting variance A"
[1] "DR"
[1] 0.838656
[1] 0.02655283
[1] 0.84

 0  1 
 4 21 
[1] 26
[1] 0.8270953
[1] 0.8224428
[1] "AdaLSE"
[1] 0.8311252
[1] 0.02764176
[1] 0.8846154

 0  1 
 3 23 
[1] "Fitting mean A"
[1] "Fitting variance A"
[1] "DR"
[1] 0.825796
[1] 0.02670513
[1] 0.8461538

 0  1 
 4 22 
[1] 27
[1] 0.8270953
[1] 0.8224428
[1] "AdaLSE"
[1] 0.8431359
[1] 0.02551274
[1] 0.8888889

 0  1 
 3 24 
[1] "Fitting mean A"
[1] "Fitting variance A"
[1] "DR"
[1] 0.839268
[1] 0.02393223
[1] 0.8518519

 0  1 
 4 23 
[1] 28
[1] 0.8270953
[1] 0.8224428
[1] "AdaLSE"
[1] 0.852252
[1] 0.02691616
[1] 0.8928571

 0  1 
 3 25 
[1] "Fitting mean A"
[1] "Fitting variance A"
[1] "DR"
[1] 0.8448791
[1] 0.0252964
[1] 0.8571429

 0  1 
 4 24 
[1] 29
[1] 0.8270953
[1] 0.8224428
[1] "AdaLSE"
[1] 0.8614862
[1] 0.02520345
[1] 0.8965517

 0  1 
 3 26 
[1] "Fitting mean A"
[1] "Fitting variance A"
[1] "DR"
[1] 0.8541895
[1] 0.02427148
[1] 0.862069

 0  1 
 4 25 
[1] 30
[1] 0.8270953
[1] 0.8224428
[1] "AdaLSE"
[1] 0.8526655
[1] 0.02921671
[1] 0.9

 0  1 
 3 27 
[1] "Fitting mean A"
[1] "Fitting variance A"
[1] "DR"
[1] 0.8468275
[1] 0.02727444
[1] 0.8666667

 0  1 
 4 26 
[1] 31
[1] 0.8270953
[1] 0.8224428
[1] "AdaLSE"
[1] 0.8234128
[1] 0.0278396
[1] 0.9032258

 0  1 
 3 28 
[1] "Fitting mean A"
[1] "Fitting variance A"
[1] "DR"
[1] 0.8146809
[1] 0.02550173
[1] 0.8709677

 0  1 
 4 27 
[1] 32
[1] 0.8270953
[1] 0.8224428
[1] "AdaLSE"
[1] 0.8212817
[1] 0.02829287
[1] 0.90625

 0  1 
 3 29 
[1] "Fitting mean A"
[1] "Fitting variance A"
[1] "DR"
[1] 0.8060546
[1] 0.02661369
[1] 0.875

 0  1 
 4 28 
[1] 33
[1] 0.8270953
[1] 0.8224428
[1] "AdaLSE"
[1] 0.8489744
[1] 0.02647161
[1] 0.9090909

 0  1 
 3 30 
[1] "Fitting mean A"
[1] "Fitting variance A"
[1] "DR"
[1] 0.8486101
[1] 0.02454312
[1] 0.8787879

 0  1 
 4 29 
[1] 34
[1] 0.8270953
[1] 0.8224428
[1] "AdaLSE"
[1] 0.7912568
[1] 0.02647313
[1] 0.9117647

 0  1 
 3 31 
[1] "Fitting mean A"
[1] "Fitting variance A"
[1] "DR"
[1] 0.7786809
[1] 0.0242084
[1] 0.8823529

 0  1 
 4 30 
[1] 35
[1] 0.8270953
[1] 0.8224428
[1] "AdaLSE"
[1] 0.8488045
[1] 0.02821162
[1] 0.9142857

 0  1 
 3 32 
[1] "Fitting mean A"
[1] "Fitting variance A"
[1] "DR"
[1] 0.8478349
[1] 0.02664886
[1] 0.8857143

 0  1 
 4 31 
[1] 36
[1] 0.8270953
[1] 0.8224428
[1] "AdaLSE"
[1] 0.8069959
[1] 0.02877689
[1] 0.9166667

 0  1 
 3 33 
[1] "Fitting mean A"
[1] "Fitting variance A"
[1] "DR"
[1] 0.802638
[1] 0.02584613
[1] 0.8888889

 0  1 
 4 32 
[1] 37
[1] 0.8270953
[1] 0.8224428
[1] "AdaLSE"
[1] 0.8708468
[1] 0.0250422
[1] 0.9189189

 0  1 
 3 34 
[1] "Fitting mean A"
[1] "Fitting variance A"
[1] "DR"
[1] 0.8654694
[1] 0.02346213
[1] 0.8918919

 0  1 
 4 33 
[1] 38
[1] 0.8270953
[1] 0.8224428
[1] "AdaLSE"
[1] 0.8933268
[1] 0.02962801
[1] 0.8947368

 0  1 
 4 34 
[1] "Fitting mean A"
[1] "Fitting variance A"
[1] "DR"
[1] 0.8800667
[1] 0.02779273
[1] 0.8684211

 0  1 
 5 33 
[1] 39
[1] 0.8270953
[1] 0.8224428
[1] "AdaLSE"
[1] 0.7790377
[1] 0.02723139
[1] 0.8974359

 0  1 
 4 35 
[1] "Fitting mean A"
[1] "Fitting variance A"
[1] "DR"
[1] 0.7740255
[1] 0.02545488
[1] 0.8717949

 0  1 
 5 34 
[1] 40
[1] 0.8270953
[1] 0.8224428
[1] "AdaLSE"
[1] 0.8004048
[1] 0.02937941
[1] 0.9

 0  1 
 4 36 
[1] "Fitting mean A"
[1] "Fitting variance A"
[1] "DR"
[1] 0.7690667
[1] 0.02844288
[1] 0.875

 0  1 
 5 35 
[1] 41
[1] 0.8270953
[1] 0.8224428
[1] "AdaLSE"
[1] 0.8662788
[1] 0.02855429
[1] 0.902439

 0  1 
 4 37 
[1] "Fitting mean A"
[1] "Fitting variance A"
[1] "DR"
[1] 0.8566715
[1] 0.02669363
[1] 0.8780488

 0  1 
 5 36 
[1] 42
[1] 0.8270953
[1] 0.8224428
[1] "AdaLSE"
[1] 0.8587815
[1] 0.02848318
[1] 0.9047619

 0  1 
 4 38 
[1] "Fitting mean A"
[1] "Fitting variance A"
[1] "DR"
[1] 0.8474359
[1] 0.02745596
[1] 0.8809524

 0  1 
 5 37 
[1] 43
[1] 0.8270953
[1] 0.8224428
[1] "AdaLSE"
[1] 0.8876694
[1] 0.0283045
[1] 0.8837209

 0  1 
 5 38 
[1] "Fitting mean A"
[1] "Fitting variance A"
[1] "DR"
[1] 0.8736013
[1] 0.02629111
[1] 0.8837209

 0  1 
 5 38 
[1] 44
[1] 0.8270953
[1] 0.8224428
[1] "AdaLSE"
[1] 0.8217846
[1] 0.02801695
[1] 0.8863636

 0  1 
 5 39 
[1] "Fitting mean A"
[1] "Fitting variance A"
[1] "DR"
[1] 0.8131121
[1] 0.0260728
[1] 0.8863636

 0  1 
 5 39 
[1] 45
[1] 0.8270953
[1] 0.8224428
[1] "AdaLSE"
[1] 0.8330135
[1] 0.0288342
[1] 0.8888889

 0  1 
 5 40 
[1] "Fitting mean A"
[1] "Fitting variance A"
[1] "DR"
[1] 0.8281562
[1] 0.02693793
[1] 0.8888889

 0  1 
 5 40 
[1] 46
[1] 0.8270953
[1] 0.8224428
[1] "AdaLSE"
[1] 0.8416824
[1] 0.02775033
[1] 0.8913043

 0  1 
 5 41 
[1] "Fitting mean A"
[1] "Fitting variance A"
[1] "DR"
[1] 0.8310039
[1] 0.02649618
[1] 0.8913043

 0  1 
 5 41 
[1] 47
[1] 0.8270953
[1] 0.8224428
[1] "AdaLSE"
[1] 0.8279532
[1] 0.02829018
[1] 0.893617

 0  1 
 5 42 
[1] "Fitting mean A"
[1] "Fitting variance A"
[1] "DR"
[1] 0.8289981
[1] 0.02696901
[1] 0.893617

 0  1 
 5 42 
[1] 48
[1] 0.8270953
[1] 0.8224428
[1] "AdaLSE"
[1] 0.841418
[1] 0.02694384
[1] 0.8958333

 0  1 
 5 43 
[1] "Fitting mean A"
[1] "Fitting variance A"
[1] "DR"
[1] 0.8384101
[1] 0.02558082
[1] 0.8958333

 0  1 
 5 43 
[1] 49
[1] 0.8270953
[1] 0.8224428
[1] "AdaLSE"
[1] 0.8353738
[1] 0.0253873
[1] 0.8979592

 0  1 
 5 44 
[1] "Fitting mean A"
[1] "Fitting variance A"
[1] "DR"
[1] 0.8302256
[1] 0.02368606
[1] 0.8979592

 0  1 
 5 44 
[1] 50
[1] 0.8270953
[1] 0.8224428
[1] "AdaLSE"
[1] 0.8395477
[1] 0.02841324
[1] 0.9

 0  1 
 5 45 
[1] "Fitting mean A"
[1] "Fitting variance A"
[1] "DR"
[1] 0.8348387
[1] 0.02616547
[1] 0.9

 0  1 
 5 45 
[1] 51
[1] 0.8270953
[1] 0.8224428
[1] "AdaLSE"
[1] 0.8167468
[1] 0.02688799
[1] 0.9019608

 0  1 
 5 46 
[1] "Fitting mean A"
[1] "Fitting variance A"
[1] "DR"
[1] 0.8039617
[1] 0.02566993
[1] 0.9019608

 0  1 
 5 46 
[1] 52
[1] 0.8270953
[1] 0.8224428
[1] "AdaLSE"
[1] 0.8532023
[1] 0.02864751
[1] 0.9038462

 0  1 
 5 47 
[1] "Fitting mean A"
[1] "Fitting variance A"
[1] "DR"
[1] 0.8389382
[1] 0.02695656
[1] 0.9038462

 0  1 
 5 47 
[1] 53
[1] 0.8270953
[1] 0.8224428
[1] "AdaLSE"
[1] 0.8548335
[1] 0.02882845
[1] 0.9056604

 0  1 
 5 48 
[1] "Fitting mean A"
[1] "Fitting variance A"
[1] "DR"
[1] 0.849648
[1] 0.02744326
[1] 0.9056604

 0  1 
 5 48 
[1] 54
[1] 0.8270953
[1] 0.8224428
[1] "AdaLSE"
[1] 0.8187456
[1] 0.0258258
[1] 0.9074074

 0  1 
 5 49 
[1] "Fitting mean A"
[1] "Fitting variance A"
[1] "DR"
[1] 0.8046147
[1] 0.024774
[1] 0.9074074

 0  1 
 5 49 
[1] 55
[1] 0.8270953
[1] 0.8224428
[1] "AdaLSE"
[1] 0.8545616
[1] 0.03103969
[1] 0.9090909

 0  1 
 5 50 
[1] "Fitting mean A"
[1] "Fitting variance A"
[1] "DR"
[1] 0.8431235
[1] 0.02878156
[1] 0.9090909

 0  1 
 5 50 
[1] 56
[1] 0.8270953
[1] 0.8224428
[1] "AdaLSE"
[1] 0.8174739
[1] 0.02594243
[1] 0.9107143

 0  1 
 5 51 
[1] "Fitting mean A"
[1] "Fitting variance A"
[1] "DR"
[1] 0.8073248
[1] 0.02623807
[1] 0.9107143

 0  1 
 5 51 
[1] 57
[1] 0.8270953
[1] 0.8224428
[1] "AdaLSE"
[1] 0.851942
[1] 0.0266381
[1] 0.9122807

 0  1 
 5 52 
[1] "Fitting mean A"
[1] "Fitting variance A"
[1] "DR"
[1] 0.847582
[1] 0.02550712
[1] 0.9122807

 0  1 
 5 52 
[1] 58
[1] 0.8270953
[1] 0.8224428
[1] "AdaLSE"
[1] 0.8292517
[1] 0.02924571
[1] 0.9137931

 0  1 
 5 53 
[1] "Fitting mean A"
[1] "Fitting variance A"
[1] "DR"
[1] 0.8198399
[1] 0.02763172
[1] 0.9137931

 0  1 
 5 53 
[1] 59
[1] 0.8270953
[1] 0.8224428
[1] "AdaLSE"
[1] 0.8289543
[1] 0.02869712
[1] 0.9152542

 0  1 
 5 54 
[1] "Fitting mean A"
[1] "Fitting variance A"
[1] "DR"
[1] 0.822563
[1] 0.02653816
[1] 0.9152542

 0  1 
 5 54 
[1] 60
[1] 0.8270953
[1] 0.8224428
[1] "AdaLSE"
[1] 0.8483764
[1] 0.03028613
[1] 0.9166667

 0  1 
 5 55 
[1] "Fitting mean A"
[1] "Fitting variance A"
[1] "DR"
[1] 0.8404333
[1] 0.02802592
[1] 0.9166667

 0  1 
 5 55 
[1] 61
[1] 0.8270953
[1] 0.8224428
[1] "AdaLSE"
[1] 0.8131115
[1] 0.02783041
[1] 0.9180328

 0  1 
 5 56 
[1] "Fitting mean A"
[1] "Fitting variance A"
[1] "DR"
[1] 0.8099678
[1] 0.02634511
[1] 0.9180328

 0  1 
 5 56 
[1] 62
[1] 0.8270953
[1] 0.8224428
[1] "AdaLSE"
[1] 0.8451836
[1] 0.02434041
[1] 0.9193548

 0  1 
 5 57 
[1] "Fitting mean A"
[1] "Fitting variance A"
[1] "DR"
[1] 0.8376679
[1] 0.02276474
[1] 0.9193548

 0  1 
 5 57 
[1] 63
[1] 0.8270953
[1] 0.8224428
[1] "AdaLSE"
[1] 0.8295725
[1] 0.02805994
[1] 0.9206349

 0  1 
 5 58 
[1] "Fitting mean A"
[1] "Fitting variance A"
[1] "DR"
[1] 0.8266203
[1] 0.0261146
[1] 0.9206349

 0  1 
 5 58 
[1] 64
[1] 0.8270953
[1] 0.8224428
[1] "AdaLSE"
[1] 0.9096758
[1] 0.02805066
[1] 0.90625

 0  1 
 6 58 
[1] "Fitting mean A"
[1] "Fitting variance A"
[1] "DR"
[1] 0.9039755
[1] 0.02694865
[1] 0.90625

 0  1 
 6 58 
[1] 65
[1] 0.8270953
[1] 0.8224428
[1] "AdaLSE"
[1] 0.8570465
[1] 0.02807056
[1] 0.9076923

 0  1 
 6 59 
[1] "Fitting mean A"
[1] "Fitting variance A"
[1] "DR"
[1] 0.8524429
[1] 0.0263231
[1] 0.9076923

 0  1 
 6 59 
[1] 66
[1] 0.8270953
[1] 0.8224428
[1] "AdaLSE"
[1] 0.8790565
[1] 0.03001596
[1] 0.9090909

 0  1 
 6 60 
[1] "Fitting mean A"
[1] "Fitting variance A"
[1] "DR"
[1] 0.8599564
[1] 0.0280466
[1] 0.9090909

 0  1 
 6 60 
[1] 67
[1] 0.8270953
[1] 0.8224428
[1] "AdaLSE"
[1] 0.7631395
[1] 0.0279306
[1] 0.8955224

 0  1 
 7 60 
[1] "Fitting mean A"
[1] "Fitting variance A"
[1] "DR"
[1] 0.7576993
[1] 0.0261546
[1] 0.8955224

 0  1 
 7 60 
[1] 68
[1] 0.8270953
[1] 0.8224428
[1] "AdaLSE"
[1] 0.8668886
[1] 0.02861406
[1] 0.8970588

 0  1 
 7 61 
[1] "Fitting mean A"
[1] "Fitting variance A"
[1] "DR"
[1] 0.8618775
[1] 0.02686898
[1] 0.8970588

 0  1 
 7 61 
[1] 69
[1] 0.8270953
[1] 0.8224428
[1] "AdaLSE"
[1] 0.7940499
[1] 0.02858795
[1] 0.8985507

 0  1 
 7 62 
[1] "Fitting mean A"
[1] "Fitting variance A"
[1] "DR"
[1] 0.7805628
[1] 0.02721246
[1] 0.8985507

 0  1 
 7 62 
[1] 70
[1] 0.8270953
[1] 0.8224428
[1] "AdaLSE"
[1] 0.8340795
[1] 0.03012253
[1] 0.9

 0  1 
 7 63 
[1] "Fitting mean A"
[1] "Fitting variance A"
[1] "DR"
[1] 0.8286406
[1] 0.02816569
[1] 0.9

 0  1 
 7 63 
[1] 71
[1] 0.8270953
[1] 0.8224428
[1] "AdaLSE"
[1] 0.8714426
[1] 0.02960969
[1] 0.9014085

 0  1 
 7 64 
[1] "Fitting mean A"
[1] "Fitting variance A"
[1] "DR"
[1] 0.8440068
[1] 0.02736776
[1] 0.9014085

 0  1 
 7 64 
[1] 72
[1] 0.8270953
[1] 0.8224428
[1] "AdaLSE"
[1] 0.8923525
[1] 0.02878682
[1] 0.8888889

 0  1 
 8 64 
[1] "Fitting mean A"
[1] "Fitting variance A"
[1] "DR"
[1] 0.8756683
[1] 0.02786362
[1] 0.9027778

 0  1 
 7 65 
[1] 73
[1] 0.8270953
[1] 0.8224428
[1] "AdaLSE"
[1] 0.8502455
[1] 0.02754497
[1] 0.890411

 0  1 
 8 65 
[1] "Fitting mean A"
[1] "Fitting variance A"
[1] "DR"
[1] 0.8476188
[1] 0.02637483
[1] 0.9041096

 0  1 
 7 66 
[1] 74
[1] 0.8270953
[1] 0.8224428
[1] "AdaLSE"
[1] 0.8451459
[1] 0.02792138
[1] 0.8918919

 0  1 
 8 66 
[1] "Fitting mean A"
[1] "Fitting variance A"
[1] "DR"
[1] 0.8323835
[1] 0.02669429
[1] 0.9054054

 0  1 
 7 67 
[1] 75
[1] 0.8270953
[1] 0.8224428
[1] "AdaLSE"
[1] 0.7762563
[1] 0.03009507
[1] 0.8933333

 0  1 
 8 67 
[1] "Fitting mean A"
[1] "Fitting variance A"
[1] "DR"
[1] 0.7769274
[1] 0.02924942
[1] 0.9066667

 0  1 
 7 68 
[1] 76
[1] 0.8270953
[1] 0.8224428
[1] "AdaLSE"
[1] 0.828939
[1] 0.02909507
[1] 0.8947368

 0  1 
 8 68 
[1] "Fitting mean A"
[1] "Fitting variance A"
[1] "DR"
[1] 0.8193615
[1] 0.0282006
[1] 0.9078947

 0  1 
 7 69 
[1] 77
[1] 0.8270953
[1] 0.8224428
[1] "AdaLSE"
[1] 0.8123804
[1] 0.02830684
[1] 0.8961039

 0  1 
 8 69 
[1] "Fitting mean A"
[1] "Fitting variance A"
[1] "DR"
[1] 0.8079867
[1] 0.02648369
[1] 0.9090909

 0  1 
 7 70 
[1] 78
[1] 0.8270953
[1] 0.8224428
[1] "AdaLSE"
[1] 0.8104606
[1] 0.03010335
[1] 0.8974359

 0  1 
 8 70 
[1] "Fitting mean A"
[1] "Fitting variance A"
[1] "DR"
[1] 0.7967107
[1] 0.02770616
[1] 0.9102564

 0  1 
 7 71 
[1] 79
[1] 0.8270953
[1] 0.8224428
[1] "AdaLSE"
[1] 0.8375346
[1] 0.02747498
[1] 0.8987342

 0  1 
 8 71 
[1] "Fitting mean A"
[1] "Fitting variance A"
[1] "DR"
[1] 0.8343288
[1] 0.02574977
[1] 0.9113924

 0  1 
 7 72 
[1] 80
[1] 0.8270953
[1] 0.8224428
[1] "AdaLSE"
[1] 0.8523518
[1] 0.0279029
[1] 0.9

 0  1 
 8 72 
[1] "Fitting mean A"
[1] "Fitting variance A"
[1] "DR"
[1] 0.8444994
[1] 0.02668379
[1] 0.9125

 0  1 
 7 73 
[1] 81
[1] 0.8270953
[1] 0.8224428
[1] "AdaLSE"
[1] 0.8392655
[1] 0.02827386
[1] 0.9012346

 0  1 
 8 73 
[1] "Fitting mean A"
[1] "Fitting variance A"
[1] "DR"
[1] 0.8300668
[1] 0.02679752
[1] 0.9135802

 0  1 
 7 74 
[1] 82
[1] 0.8270953
[1] 0.8224428
[1] "AdaLSE"
[1] 0.8302443
[1] 0.02893467
[1] 0.902439

 0  1 
 8 74 
[1] "Fitting mean A"
[1] "Fitting variance A"
[1] "DR"
[1] 0.8225991
[1] 0.02770887
[1] 0.9146341

 0  1 
 7 75 
[1] 83
[1] 0.8270953
[1] 0.8224428
[1] "AdaLSE"
[1] 0.8790747
[1] 0.02691774
[1] 0.8915663

 0  1 
 9 74 
[1] "Fitting mean A"
[1] "Fitting variance A"
[1] "DR"
[1] 0.8681196
[1] 0.02511808
[1] 0.9156627

 0  1 
 7 76 
[1] 84
[1] 0.8270953
[1] 0.8224428
[1] "AdaLSE"
[1] 0.8277639
[1] 0.02937044
[1] 0.8928571

 0  1 
 9 75 
[1] "Fitting mean A"
[1] "Fitting variance A"
[1] "DR"
[1] 0.8212768
[1] 0.02823825
[1] 0.9166667

 0  1 
 7 77 
[1] 85
[1] 0.8270953
[1] 0.8224428
[1] "AdaLSE"
[1] 0.8401768
[1] 0.02993603
[1] 0.8941176

 0  1 
 9 76 
[1] "Fitting mean A"
[1] "Fitting variance A"
[1] "DR"
[1] 0.8270319
[1] 0.02766321
[1] 0.9176471

 0  1 
 7 78 
[1] 86
[1] 0.8270953
[1] 0.8224428
[1] "AdaLSE"
[1] 0.814513
[1] 0.02780535
[1] 0.8953488

 0  1 
 9 77 
[1] "Fitting mean A"
[1] "Fitting variance A"
[1] "DR"
[1] 0.8095616
[1] 0.02692965
[1] 0.9186047

 0  1 
 7 79 
[1] 87
[1] 0.8270953
[1] 0.8224428
[1] "AdaLSE"
[1] 0.8523315
[1] 0.03007006
[1] 0.8965517

 0  1 
 9 78 
[1] "Fitting mean A"
[1] "Fitting variance A"
[1] "DR"
[1] 0.8500882
[1] 0.02790893
[1] 0.9195402

 0  1 
 7 80 
[1] 88
[1] 0.8270953
[1] 0.8224428
[1] "AdaLSE"
[1] 0.8442902
[1] 0.02777628
[1] 0.8977273

 0  1 
 9 79 
[1] "Fitting mean A"
[1] "Fitting variance A"
[1] "DR"
[1] 0.8397683
[1] 0.02543093
[1] 0.9204545

 0  1 
 7 81 
[1] 89
[1] 0.8270953
[1] 0.8224428
[1] "AdaLSE"
[1] 0.8429741
[1] 0.02976102
[1] 0.8988764

 0  1 
 9 80 
[1] "Fitting mean A"
[1] "Fitting variance A"
[1] "DR"
[1] 0.8231059
[1] 0.02857258
[1] 0.9213483

 0  1 
 7 82 
[1] 90
[1] 0.8270953
[1] 0.8224428
[1] "AdaLSE"
[1] 0.8908062
[1] 0.02723392
[1] 0.8888889

 0  1 
10 80 
[1] "Fitting mean A"
[1] "Fitting variance A"
[1] "DR"
[1] 0.8850444
[1] 0.02579533
[1] 0.9111111

 0  1 
 8 82 
[1] 91
[1] 0.8270953
[1] 0.8224428
[1] "AdaLSE"
[1] 0.8476772
[1] 0.02684136
[1] 0.8901099

 0  1 
10 81 
[1] "Fitting mean A"
[1] "Fitting variance A"
[1] "DR"
[1] 0.8452105
[1] 0.02564897
[1] 0.9120879

 0  1 
 8 83 
[1] 92
[1] 0.8270953
[1] 0.8224428
[1] "AdaLSE"
[1] 0.8224806
[1] 0.02794294
[1] 0.8913043

 0  1 
10 82 
[1] "Fitting mean A"
[1] "Fitting variance A"
[1] "DR"
[1] 0.8103381
[1] 0.02562431
[1] 0.9130435

 0  1 
 8 84 
[1] 93
[1] 0.8270953
[1] 0.8224428
[1] "AdaLSE"
[1] 0.8460748
[1] 0.03041996
[1] 0.8924731

 0  1 
10 83 
[1] "Fitting mean A"
[1] "Fitting variance A"
[1] "DR"
[1] 0.8411466
[1] 0.02934039
[1] 0.9139785

 0  1 
 8 85 
[1] 94
[1] 0.8270953
[1] 0.8224428
[1] "AdaLSE"
[1] 0.7803955
[1] 0.02616895
[1] 0.893617

 0  1 
10 84 
[1] "Fitting mean A"
[1] "Fitting variance A"
[1] "DR"
[1] 0.7749946
[1] 0.02477484
[1] 0.9148936

 0  1 
 8 86 
[1] 95
[1] 0.8270953
[1] 0.8224428
[1] "AdaLSE"
[1] 0.8644913
[1] 0.02760668
[1] 0.8947368

 0  1 
10 85 
[1] "Fitting mean A"
[1] "Fitting variance A"
[1] "DR"
[1] 0.8508739
[1] 0.02558644
[1] 0.9157895

 0  1 
 8 87 
[1] 96
[1] 0.8270953
[1] 0.8224428
[1] "AdaLSE"
[1] 0.880667
[1] 0.02993293
[1] 0.8958333

 0  1 
10 86 
[1] "Fitting mean A"
[1] "Fitting variance A"
[1] "DR"
[1] 0.8634803
[1] 0.02738074
[1] 0.9166667

 0  1 
 8 88 
[1] 97
[1] 0.8270953
[1] 0.8224428
[1] "AdaLSE"
[1] 0.8531962
[1] 0.02687046
[1] 0.8969072

 0  1 
10 87 
[1] "Fitting mean A"
[1] "Fitting variance A"
[1] "DR"
[1] 0.8465631
[1] 0.02520043
[1] 0.9175258

 0  1 
 8 89 
[1] 98
[1] 0.8270953
[1] 0.8224428
[1] "AdaLSE"
[1] 0.8703253
[1] 0.03272983
[1] 0.8979592

 0  1 
10 88 
[1] "Fitting mean A"
[1] "Fitting variance A"
[1] "DR"
[1] 0.856983
[1] 0.03034456
[1] 0.9183673

 0  1 
 8 90 
[1] 99
[1] 0.8270953
[1] 0.8224428
[1] "AdaLSE"
[1] 0.8375426
[1] 0.02664223
[1] 0.8989899

 0  1 
10 89 
[1] "Fitting mean A"
[1] "Fitting variance A"
[1] "DR"
[1] 0.8321356
[1] 0.02589928
[1] 0.9191919

 0  1 
 8 91 
[1] 100
[1] 0.8270953
[1] 0.8224428
[1] "AdaLSE"
[1] 0.8289508
[1] 0.02879336
[1] 0.9

 0  1 
10 90 
[1] "Fitting mean A"
[1] "Fitting variance A"
[1] "DR"
[1] 0.8255183
[1] 0.0279089
[1] 0.92

 0  1 
 8 92 
[1] 101
[1] 0.8270953
[1] 0.8224428
[1] "AdaLSE"
[1] 0.837593
[1] 0.0280404
[1] 0.9009901

 0  1 
10 91 
[1] "Fitting mean A"
[1] "Fitting variance A"
[1] "DR"
[1] 0.8344599
[1] 0.02723039
[1] 0.9207921

 0  1 
 8 93 
[1] 102
[1] 0.8270953
[1] 0.8224428
[1] "AdaLSE"
[1] 0.8407128
[1] 0.02797838
[1] 0.9019608

 0  1 
10 92 
[1] "Fitting mean A"
[1] "Fitting variance A"
[1] "DR"
[1] 0.8367258
[1] 0.02678463
[1] 0.9215686

 0  1 
 8 94 
[1] 103
[1] 0.8270953
[1] 0.8224428
[1] "AdaLSE"
[1] 0.9170018
[1] 0.02561565
[1] 0.8932039

 0  1 
11 92 
[1] "Fitting mean A"
[1] "Fitting variance A"
[1] "DR"
[1] 0.9029434
[1] 0.02390142
[1] 0.9126214

 0  1 
 9 94 
[1] 104
[1] 0.8270953
[1] 0.8224428
[1] "AdaLSE"
[1] 0.8222593
[1] 0.02957019
[1] 0.8942308

 0  1 
11 93 
[1] "Fitting mean A"
[1] "Fitting variance A"
[1] "DR"
[1] 0.8175764
[1] 0.02854182
[1] 0.9134615

 0  1 
 9 95 
[1] 105
[1] 0.8270953
[1] 0.8224428
[1] "AdaLSE"
[1] 0.8682371
[1] 0.02600852
[1] 0.8952381

 0  1 
11 94 
[1] "Fitting mean A"
[1] "Fitting variance A"
[1] "DR"
[1] 0.8591301
[1] 0.02439745
[1] 0.9142857

 0  1 
 9 96 
[1] 106
[1] 0.8270953
[1] 0.8224428
[1] "AdaLSE"
[1] 0.8471263
[1] 0.02678678
[1] 0.8962264

 0  1 
11 95 
[1] "Fitting mean A"
[1] "Fitting variance A"
[1] "DR"
[1] 0.8453234
[1] 0.02492073
[1] 0.9150943

 0  1 
 9 97 
[1] 107
[1] 0.8270953
[1] 0.8224428
[1] "AdaLSE"
[1] 0.8956798
[1] 0.02841163
[1] 0.8878505

 0  1 
12 95 
[1] "Fitting mean A"
[1] "Fitting variance A"
[1] "DR"
[1] 0.8903924
[1] 0.02737392
[1] 0.9065421

 0  1 
10 97 
[1] 108
[1] 0.8270953
[1] 0.8224428
[1] "AdaLSE"
[1] 0.8446262
[1] 0.02876657
[1] 0.8888889

 0  1 
12 96 
[1] "Fitting mean A"
[1] "Fitting variance A"
[1] "DR"
[1] 0.837807
[1] 0.02673297
[1] 0.9074074

 0  1 
10 98 
[1] 109
[1] 0.8270953
[1] 0.8224428
[1] "AdaLSE"
[1] 0.8765034
[1] 0.02805363
[1] 0.8899083

 0  1 
12 97 
[1] "Fitting mean A"
[1] "Fitting variance A"
[1] "DR"
[1] 0.8670473
[1] 0.02587495
[1] 0.9082569

 0  1 
10 99 
[1] 110
[1] 0.8270953
[1] 0.8224428
[1] "AdaLSE"
[1] 0.812069
[1] 0.02572141
[1] 0.8909091

 0  1 
12 98 
[1] "Fitting mean A"
[1] "Fitting variance A"
[1] "DR"
[1] 0.8062363
[1] 0.0244145
[1] 0.9090909

  0   1 
 10 100 
[1] 111
[1] 0.8270953
[1] 0.8224428
[1] "AdaLSE"
[1] 0.8145532
[1] 0.02618118
[1] 0.8918919

 0  1 
12 99 
[1] "Fitting mean A"
[1] "Fitting variance A"
[1] "DR"
[1] 0.8084493
[1] 0.02356999
[1] 0.9099099

  0   1 
 10 101 
[1] 112
[1] 0.8270953
[1] 0.8224428
[1] "AdaLSE"
[1] 0.876864
[1] 0.02810303
[1] 0.8928571

  0   1 
 12 100 
[1] "Fitting mean A"
[1] "Fitting variance A"
[1] "DR"
[1] 0.8569691
[1] 0.02703665
[1] 0.9107143

  0   1 
 10 102 
[1] 113
[1] 0.8270953
[1] 0.8224428
[1] "AdaLSE"
[1] 0.8242979
[1] 0.02634742
[1] 0.8938053

  0   1 
 12 101 
[1] "Fitting mean A"
[1] "Fitting variance A"
[1] "DR"
[1] 0.8184793
[1] 0.02475115
[1] 0.9115044

  0   1 
 10 103 
[1] 114
[1] 0.8270953
[1] 0.8224428
[1] "AdaLSE"
[1] 0.8444193
[1] 0.02905564
[1] 0.8947368

  0   1 
 12 102 
[1] "Fitting mean A"
[1] "Fitting variance A"
[1] "DR"
[1] 0.8416112
[1] 0.02775144
[1] 0.9122807

  0   1 
 10 104 
[1] 115
[1] 0.8270953
[1] 0.8224428
[1] "AdaLSE"
[1] 0.8278247
[1] 0.02817197
[1] 0.8956522

  0   1 
 12 103 
[1] "Fitting mean A"
[1] "Fitting variance A"
[1] "DR"
[1] 0.826681
[1] 0.02676178
[1] 0.9130435

  0   1 
 10 105 
[1] 116
[1] 0.8270953
[1] 0.8224428
[1] "AdaLSE"
[1] 0.8776539
[1] 0.02835022
[1] 0.8965517

  0   1 
 12 104 
[1] "Fitting mean A"
[1] "Fitting variance A"
[1] "DR"
[1] 0.8738382
[1] 0.02736848
[1] 0.9137931

  0   1 
 10 106 
[1] 117
[1] 0.8270953
[1] 0.8224428
[1] "AdaLSE"
[1] 0.8660374
[1] 0.02832199
[1] 0.8974359

  0   1 
 12 105 
[1] "Fitting mean A"
[1] "Fitting variance A"
[1] "DR"
[1] 0.8610618
[1] 0.02683465
[1] 0.9145299

  0   1 
 10 107 
[1] 118
[1] 0.8270953
[1] 0.8224428
[1] "AdaLSE"
[1] 0.845449
[1] 0.02858634
[1] 0.8983051

  0   1 
 12 106 
[1] "Fitting mean A"
[1] "Fitting variance A"
[1] "DR"
[1] 0.8402054
[1] 0.02721867
[1] 0.9152542

  0   1 
 10 108 
[1] 119
[1] 0.8270953
[1] 0.8224428
[1] "AdaLSE"
[1] 0.8776225
[1] 0.02566952
[1] 0.8907563

  0   1 
 13 106 
[1] "Fitting mean A"
[1] "Fitting variance A"
[1] "DR"
[1] 0.8745046
[1] 0.02393795
[1] 0.907563

  0   1 
 11 108 
[1] 120
[1] 0.8270953
[1] 0.8224428
[1] "AdaLSE"
[1] 0.8858649
[1] 0.02798731
[1] 0.8833333

  0   1 
 14 106 
[1] "Fitting mean A"
[1] "Fitting variance A"
[1] "DR"
[1] 0.8818686
[1] 0.02598117
[1] 0.9

  0   1 
 12 108 
[1] 121
[1] 0.8270953
[1] 0.8224428
[1] "AdaLSE"
[1] 0.882408
[1] 0.02853023
[1] 0.8760331

  0   1 
 15 106 
[1] "Fitting mean A"
[1] "Fitting variance A"
[1] "DR"
[1] 0.8696734
[1] 0.02717557
[1] 0.9008264

  0   1 
 12 109 
[1] 122
[1] 0.8270953
[1] 0.8224428
[1] "AdaLSE"
[1] 0.8551995
[1] 0.02607687
[1] 0.8770492

  0   1 
 15 107 
[1] "Fitting mean A"
[1] "Fitting variance A"
[1] "DR"
[1] 0.8507415
[1] 0.02444404
[1] 0.9016393

  0   1 
 12 110 
[1] 123
[1] 0.8270953
[1] 0.8224428
[1] "AdaLSE"
[1] 0.8154886
[1] 0.0260985
[1] 0.8780488

  0   1 
 15 108 
[1] "Fitting mean A"
[1] "Fitting variance A"
[1] "DR"
[1] 0.813818
[1] 0.024571
[1] 0.902439

  0   1 
 12 111 
[1] 124
[1] 0.8270953
[1] 0.8224428
[1] "AdaLSE"
[1] 0.8349605
[1] 0.0295269
[1] 0.8790323

  0   1 
 15 109 
[1] "Fitting mean A"
[1] "Fitting variance A"
[1] "DR"
[1] 0.8320528
[1] 0.02788052
[1] 0.9032258

  0   1 
 12 112 
[1] 125
[1] 0.8270953
[1] 0.8224428
[1] "AdaLSE"
[1] 0.8261375
[1] 0.0266081
[1] 0.88

  0   1 
 15 110 
[1] "Fitting mean A"
[1] "Fitting variance A"
[1] "DR"
[1] 0.8213267
[1] 0.02530335
[1] 0.904

  0   1 
 12 113 
[1] 126
[1] 0.8270953
[1] 0.8224428
[1] "AdaLSE"
[1] 0.8615696
[1] 0.02806079
[1] 0.8809524

  0   1 
 15 111 
[1] "Fitting mean A"
[1] "Fitting variance A"
[1] "DR"
[1] 0.8512251
[1] 0.0268653
[1] 0.9047619

  0   1 
 12 114 
[1] 127
[1] 0.8270953
[1] 0.8224428
[1] "AdaLSE"
[1] 0.8441405
[1] 0.02893574
[1] 0.8818898

  0   1 
 15 112 
[1] "Fitting mean A"
[1] "Fitting variance A"
[1] "DR"
[1] 0.8370011
[1] 0.02770975
[1] 0.9055118

  0   1 
 12 115 
[1] 128
[1] 0.8270953
[1] 0.8224428
[1] "AdaLSE"
[1] 0.815734
[1] 0.02752988
[1] 0.8828125

  0   1 
 15 113 
[1] "Fitting mean A"
[1] "Fitting variance A"
[1] "DR"
[1] 0.8090432
[1] 0.02621837
[1] 0.90625

  0   1 
 12 116 
[1] 129
[1] 0.8270953
[1] 0.8224428
[1] "AdaLSE"
[1] 0.8179413
[1] 0.02803842
[1] 0.8837209

  0   1 
 15 114 
[1] "Fitting mean A"
[1] "Fitting variance A"
[1] "DR"
[1] 0.8073557
[1] 0.02591552
[1] 0.9069767

  0   1 
 12 117 
[1] 130
[1] 0.8270953
[1] 0.8224428
[1] "AdaLSE"
[1] 0.8132736
[1] 0.02827717
[1] 0.8846154

  0   1 
 15 115 
[1] "Fitting mean A"
[1] "Fitting variance A"
[1] "DR"
[1] 0.8021571
[1] 0.02715429
[1] 0.9076923

  0   1 
 12 118 
[1] 131
[1] 0.8270953
[1] 0.8224428
[1] "AdaLSE"
[1] 0.7951834
[1] 0.03033718
[1] 0.8854962

  0   1 
 15 116 
[1] "Fitting mean A"
[1] "Fitting variance A"
[1] "DR"
[1] 0.7905789
[1] 0.0284679
[1] 0.9083969

  0   1 
 12 119 
[1] 132
[1] 0.8270953
[1] 0.8224428
[1] "AdaLSE"
[1] 0.8418483
[1] 0.02695063
[1] 0.8863636

  0   1 
 15 117 
[1] "Fitting mean A"
[1] "Fitting variance A"
[1] "DR"
[1] 0.8402462
[1] 0.02396472
[1] 0.9090909

  0   1 
 12 120 
[1] 133
[1] 0.8270953
[1] 0.8224428
[1] "AdaLSE"
[1] 0.8261691
[1] 0.02626745
[1] 0.887218

  0   1 
 15 118 
[1] "Fitting mean A"
[1] "Fitting variance A"
[1] "DR"
[1] 0.8062556
[1] 0.02512371
[1] 0.9097744

  0   1 
 12 121 
[1] 134
[1] 0.8270953
[1] 0.8224428
[1] "AdaLSE"
[1] 0.862974
[1] 0.02662446
[1] 0.8880597

  0   1 
 15 119 
[1] "Fitting mean A"
[1] "Fitting variance A"
[1] "DR"
[1] 0.8521448
[1] 0.02583439
[1] 0.9104478

  0   1 
 12 122 
[1] 135
[1] 0.8270953
[1] 0.8224428
[1] "AdaLSE"
[1] 0.8731732
[1] 0.02751872
[1] 0.8888889

  0   1 
 15 120 
[1] "Fitting mean A"
[1] "Fitting variance A"
[1] "DR"
[1] 0.8684584
[1] 0.02654734
[1] 0.9111111

  0   1 
 12 123 
[1] 136
[1] 0.8270953
[1] 0.8224428
[1] "AdaLSE"
[1] 0.8530942
[1] 0.02696859
[1] 0.8897059

  0   1 
 15 121 
[1] "Fitting mean A"
[1] "Fitting variance A"
[1] "DR"
[1] 0.8465329
[1] 0.02554334
[1] 0.9117647

  0   1 
 12 124 
[1] 137
[1] 0.8270953
[1] 0.8224428
[1] "AdaLSE"
[1] 0.8811911
[1] 0.02775347
[1] 0.8832117

  0   1 
 16 121 
[1] "Fitting mean A"
[1] "Fitting variance A"
[1] "DR"
[1] 0.8756668
[1] 0.02622481
[1] 0.9051095

  0   1 
 13 124 
[1] 138
[1] 0.8270953
[1] 0.8224428
[1] "AdaLSE"
[1] 0.8100815
[1] 0.02905374
[1] 0.884058

  0   1 
 16 122 
[1] "Fitting mean A"
[1] "Fitting variance A"
[1] "DR"
[1] 0.8050183
[1] 0.02814492
[1] 0.9057971

  0   1 
 13 125 
[1] 139
[1] 0.8270953
[1] 0.8224428
[1] "AdaLSE"
[1] 0.8468142
[1] 0.02515684
[1] 0.8848921

  0   1 
 16 123 
[1] "Fitting mean A"
[1] "Fitting variance A"
[1] "DR"
[1] 0.830433
[1] 0.02441049
[1] 0.9064748

  0   1 
 13 126 
[1] 140
[1] 0.8270953
[1] 0.8224428
[1] "AdaLSE"
[1] 0.8788355
[1] 0.02777014
[1] 0.8785714

  0   1 
 17 123 
[1] "Fitting mean A"
[1] "Fitting variance A"
[1] "DR"
[1] 0.863403
[1] 0.0260495
[1] 0.9071429

  0   1 
 13 127 
[1] 141
[1] 0.8270953
[1] 0.8224428
[1] "AdaLSE"
[1] 0.7723567
[1] 0.02815836
[1] 0.8794326

  0   1 
 17 124 
[1] "Fitting mean A"
[1] "Fitting variance A"
[1] "DR"
[1] 0.7639642
[1] 0.02771674
[1] 0.9007092

  0   1 
 14 127 
[1] 142
[1] 0.8270953
[1] 0.8224428
[1] "AdaLSE"
[1] 0.8310143
[1] 0.02647017
[1] 0.8802817

  0   1 
 17 125 
[1] "Fitting mean A"
[1] "Fitting variance A"
[1] "DR"
[1] 0.818303
[1] 0.02474773
[1] 0.9014085

  0   1 
 14 128 
[1] 143
[1] 0.8270953
[1] 0.8224428
[1] "AdaLSE"
[1] 0.8904057
[1] 0.02730421
[1] 0.8741259

  0   1 
 18 125 
[1] "Fitting mean A"
[1] "Fitting variance A"
[1] "DR"
[1] 0.8849241
[1] 0.02529889
[1] 0.8951049

  0   1 
 15 128 
[1] 144
[1] 0.8270953
[1] 0.8224428
[1] "AdaLSE"
[1] 0.8586933
[1] 0.02834157
[1] 0.875

  0   1 
 18 126 
[1] "Fitting mean A"
[1] "Fitting variance A"
[1] "DR"
[1] 0.8466273
[1] 0.02725655
[1] 0.8958333

  0   1 
 15 129 
[1] 145
[1] 0.8270953
[1] 0.8224428
[1] "AdaLSE"
[1] 0.8575141
[1] 0.029869
[1] 0.8758621

  0   1 
 18 127 
[1] "Fitting mean A"
[1] "Fitting variance A"
[1] "DR"
[1] 0.8513221
[1] 0.02845691
[1] 0.8965517

  0   1 
 15 130 
[1] 146
[1] 0.8270953
[1] 0.8224428
[1] "AdaLSE"
[1] 0.8589413
[1] 0.0296176
[1] 0.8767123

  0   1 
 18 128 
[1] "Fitting mean A"
[1] "Fitting variance A"
[1] "DR"
[1] 0.8390052
[1] 0.02677733
[1] 0.8972603

  0   1 
 15 131 
[1] 147
[1] 0.8270953
[1] 0.8224428
[1] "AdaLSE"
[1] 0.8656303
[1] 0.02884595
[1] 0.877551

  0   1 
 18 129 
[1] "Fitting mean A"
[1] "Fitting variance A"
[1] "DR"
[1] 0.8474274
[1] 0.02733645
[1] 0.8979592

  0   1 
 15 132 
[1] 148
[1] 0.8270953
[1] 0.8224428
[1] "AdaLSE"
[1] 0.8190483
[1] 0.0260101
[1] 0.8783784

  0   1 
 18 130 
[1] "Fitting mean A"
[1] "Fitting variance A"
[1] "DR"
[1] 0.8153676
[1] 0.02491487
[1] 0.8986486

  0   1 
 15 133 
[1] 149
[1] 0.8270953
[1] 0.8224428
[1] "AdaLSE"
[1] 0.881519
[1] 0.02907702
[1] 0.8724832

  0   1 
 19 130 
[1] "Fitting mean A"
[1] "Fitting variance A"
[1] "DR"
[1] 0.8772023
[1] 0.02777411
[1] 0.8926174

  0   1 
 16 133 
[1] 150
[1] 0.8270953
[1] 0.8224428
[1] "AdaLSE"
[1] 0.8822403
[1] 0.02752481
[1] 0.8666667

  0   1 
 20 130 
[1] "Fitting mean A"
[1] "Fitting variance A"
[1] "DR"
[1] 0.8789502
[1] 0.02619085
[1] 0.8866667

  0   1 
 17 133 
[1] 151
[1] 0.8270953
[1] 0.8224428
[1] "AdaLSE"
[1] 0.8482931
[1] 0.02843971
[1] 0.8675497

  0   1 
 20 131 
[1] "Fitting mean A"
[1] "Fitting variance A"
[1] "DR"
[1] 0.8369421
[1] 0.02696395
[1] 0.8874172

  0   1 
 17 134 
[1] 152
[1] 0.8270953
[1] 0.8224428
[1] "AdaLSE"
[1] 0.8642515
[1] 0.02693193
[1] 0.8684211

  0   1 
 20 132 
[1] "Fitting mean A"
[1] "Fitting variance A"
[1] "DR"
[1] 0.8657312
[1] 0.02577668
[1] 0.8881579

  0   1 
 17 135 
[1] 153
[1] 0.8270953
[1] 0.8224428
[1] "AdaLSE"
[1] 0.8827236
[1] 0.02803584
[1] 0.8627451

  0   1 
 21 132 
[1] "Fitting mean A"
[1] "Fitting variance A"
[1] "DR"
[1] 0.8771774
[1] 0.02605156
[1] 0.8823529

  0   1 
 18 135 
[1] 154
[1] 0.8270953
[1] 0.8224428
[1] "AdaLSE"
[1] 0.7893073
[1] 0.02861682
[1] 0.8636364

  0   1 
 21 133 
[1] "Fitting mean A"
[1] "Fitting variance A"
[1] "DR"
[1] 0.7854568
[1] 0.02660695
[1] 0.8831169

  0   1 
 18 136 
[1] 155
[1] 0.8270953
[1] 0.8224428
[1] "AdaLSE"
[1] 0.8363631
[1] 0.02797778
[1] 0.8645161

  0   1 
 21 134 
[1] "Fitting mean A"
[1] "Fitting variance A"
[1] "DR"
[1] 0.8326806
[1] 0.02653173
[1] 0.883871

  0   1 
 18 137 
[1] 156
[1] 0.8270953
[1] 0.8224428
[1] "AdaLSE"
[1] 0.8573629
[1] 0.02693618
[1] 0.8653846

  0   1 
 21 135 
[1] "Fitting mean A"
[1] "Fitting variance A"
[1] "DR"
[1] 0.8428443
[1] 0.02581699
[1] 0.8846154

  0   1 
 18 138 
[1] 157
[1] 0.8270953
[1] 0.8224428
[1] "AdaLSE"
[1] 0.8559277
[1] 0.02884111
[1] 0.866242

  0   1 
 21 136 
[1] "Fitting mean A"
[1] "Fitting variance A"
[1] "DR"
[1] 0.8459231
[1] 0.0267309
[1] 0.8853503

  0   1 
 18 139 
[1] 158
[1] 0.8270953
[1] 0.8224428
[1] "AdaLSE"
[1] 0.820275
[1] 0.02732186
[1] 0.8670886

  0   1 
 21 137 
[1] "Fitting mean A"
[1] "Fitting variance A"
[1] "DR"
[1] 0.8156169
[1] 0.02526465
[1] 0.8860759

  0   1 
 18 140 
[1] 159
[1] 0.8270953
[1] 0.8224428
[1] "AdaLSE"
[1] 0.8261004
[1] 0.02921188
[1] 0.8679245

  0   1 
 21 138 
[1] "Fitting mean A"
[1] "Fitting variance A"
[1] "DR"
[1] 0.8184763
[1] 0.02731336
[1] 0.8867925

  0   1 
 18 141 
[1] 160
[1] 0.8270953
[1] 0.8224428
[1] "AdaLSE"
[1] 0.8042174
[1] 0.02549805
[1] 0.86875

  0   1 
 21 139 
[1] "Fitting mean A"
[1] "Fitting variance A"
[1] "DR"
[1] 0.7993235
[1] 0.02283238
[1] 0.8875

  0   1 
 18 142 
[1] 161
[1] 0.8270953
[1] 0.8224428
[1] "AdaLSE"
[1] 0.9214219
[1] 0.03002695
[1] 0.863354

  0   1 
 22 139 
[1] "Fitting mean A"
[1] "Fitting variance A"
[1] "DR"
[1] 0.9054886
[1] 0.0282202
[1] 0.8819876

  0   1 
 19 142 
[1] 162
[1] 0.8270953
[1] 0.8224428
[1] "AdaLSE"
[1] 0.8144658
[1] 0.02789535
[1] 0.8641975

  0   1 
 22 140 
[1] "Fitting mean A"
[1] "Fitting variance A"
[1] "DR"
[1] 0.8088766
[1] 0.02669093
[1] 0.882716

  0   1 
 19 143 
[1] 163
[1] 0.8270953
[1] 0.8224428
[1] "AdaLSE"
[1] 0.8790889
[1] 0.02800721
[1] 0.8588957

  0   1 
 23 140 
[1] "Fitting mean A"
[1] "Fitting variance A"
[1] "DR"
[1] 0.8740418
[1] 0.02504502
[1] 0.8773006

  0   1 
 20 143 
[1] 164
[1] 0.8270953
[1] 0.8224428
[1] "AdaLSE"
[1] 0.8263037
[1] 0.02884067
[1] 0.8597561

  0   1 
 23 141 
[1] "Fitting mean A"
[1] "Fitting variance A"
[1] "DR"
[1] 0.8197183
[1] 0.02719511
[1] 0.8780488

  0   1 
 20 144 
[1] 165
[1] 0.8270953
[1] 0.8224428
[1] "AdaLSE"
[1] 0.8256958
[1] 0.02979014
[1] 0.8606061

  0   1 
 23 142 
[1] "Fitting mean A"
[1] "Fitting variance A"
[1] "DR"
[1] 0.8240727
[1] 0.0289234
[1] 0.8787879

  0   1 
 20 145 
[1] 166
[1] 0.8270953
[1] 0.8224428
[1] "AdaLSE"
[1] 0.870545
[1] 0.02835903
[1] 0.8614458

  0   1 
 23 143 
[1] "Fitting mean A"
[1] "Fitting variance A"
[1] "DR"
[1] 0.86832
[1] 0.02698855
[1] 0.8795181

  0   1 
 20 146 
[1] 167
[1] 0.8270953
[1] 0.8224428
[1] "AdaLSE"
[1] 0.7794636
[1] 0.02534242
[1] 0.8622754

  0   1 
 23 144 
[1] "Fitting mean A"
[1] "Fitting variance A"
[1] "DR"
[1] 0.7774041
[1] 0.02430672
[1] 0.8802395

  0   1 
 20 147 
[1] 168
[1] 0.8270953
[1] 0.8224428
[1] "AdaLSE"
[1] 0.8388049
[1] 0.02985307
[1] 0.8630952

  0   1 
 23 145 
[1] "Fitting mean A"
[1] "Fitting variance A"
[1] "DR"
[1] 0.835971
[1] 0.02855613
[1] 0.8809524

  0   1 
 20 148 
[1] 169
[1] 0.8270953
[1] 0.8224428
[1] "AdaLSE"
[1] 0.8047699
[1] 0.02620429
[1] 0.8639053

  0   1 
 23 146 
[1] "Fitting mean A"
[1] "Fitting variance A"
[1] "DR"
[1] 0.7926886
[1] 0.0251232
[1] 0.8816568

  0   1 
 20 149 
[1] 170
[1] 0.8270953
[1] 0.8224428
[1] "AdaLSE"
[1] 0.8794004
[1] 0.02940109
[1] 0.8647059

  0   1 
 23 147 
[1] "Fitting mean A"
[1] "Fitting variance A"
[1] "DR"
[1] 0.8517464
[1] 0.02782803
[1] 0.8823529

  0   1 
 20 150 
[1] 171
[1] 0.8270953
[1] 0.8224428
[1] "AdaLSE"
[1] 0.9227148
[1] 0.02899442
[1] 0.8596491

  0   1 
 24 147 
[1] "Fitting mean A"
[1] "Fitting variance A"
[1] "DR"
[1] 0.9030951
[1] 0.02911532
[1] 0.877193

  0   1 
 21 150 
[1] 172
[1] 0.8270953
[1] 0.8224428
[1] "AdaLSE"
[1] 0.8221164
[1] 0.02993509
[1] 0.8604651

  0   1 
 24 148 
[1] "Fitting mean A"
[1] "Fitting variance A"
[1] "DR"
[1] 0.8147919
[1] 0.02857616
[1] 0.877907

  0   1 
 21 151 
[1] 173
[1] 0.8270953
[1] 0.8224428
[1] "AdaLSE"
[1] 0.8094312
[1] 0.02709654
[1] 0.8612717

  0   1 
 24 149 
[1] "Fitting mean A"
[1] "Fitting variance A"
[1] "DR"
[1] 0.8049253
[1] 0.02533809
[1] 0.8786127

  0   1 
 21 152 
[1] 174
[1] 0.8270953
[1] 0.8224428
[1] "AdaLSE"
[1] 0.8432456
[1] 0.02807881
[1] 0.862069

  0   1 
 24 150 
[1] "Fitting mean A"
[1] "Fitting variance A"
[1] "DR"
[1] 0.8454675
[1] 0.02664085
[1] 0.8793103

  0   1 
 21 153 
[1] 175
[1] 0.8270953
[1] 0.8224428
[1] "AdaLSE"
[1] 0.8087901
[1] 0.02713538
[1] 0.8628571

  0   1 
 24 151 
[1] "Fitting mean A"
[1] "Fitting variance A"
[1] "DR"
[1] 0.8111146
[1] 0.02473862
[1] 0.88

  0   1 
 21 154 
[1] 176
[1] 0.8270953
[1] 0.8224428
[1] "AdaLSE"
[1] 0.8421591
[1] 0.0280517
[1] 0.8636364

  0   1 
 24 152 
[1] "Fitting mean A"
[1] "Fitting variance A"
[1] "DR"
[1] 0.8383047
[1] 0.02565708
[1] 0.8806818

  0   1 
 21 155 
[1] 177
[1] 0.8270953
[1] 0.8224428
[1] "AdaLSE"
[1] 0.7775338
[1] 0.02750806
[1] 0.8644068

  0   1 
 24 153 
[1] "Fitting mean A"
[1] "Fitting variance A"
[1] "DR"
[1] 0.7668279
[1] 0.02649703
[1] 0.8757062

  0   1 
 22 155 
[1] 178
[1] 0.8270953
[1] 0.8224428
[1] "AdaLSE"
[1] 0.8921416
[1] 0.02813785
[1] 0.8595506

  0   1 
 25 153 
[1] "Fitting mean A"
[1] "Fitting variance A"
[1] "DR"
[1] 0.8875749
[1] 0.02655128
[1] 0.8707865

  0   1 
 23 155 
[1] 179
[1] 0.8270953
[1] 0.8224428
[1] "AdaLSE"
[1] 0.8258897
[1] 0.0279778
[1] 0.8603352

  0   1 
 25 154 
[1] "Fitting mean A"
[1] "Fitting variance A"
[1] "DR"
[1] 0.8219175
[1] 0.02609423
[1] 0.8715084

  0   1 
 23 156 
[1] 180
[1] 0.8270953
[1] 0.8224428
[1] "AdaLSE"
[1] 0.8218998
[1] 0.02916933
[1] 0.8611111

  0   1 
 25 155 
[1] "Fitting mean A"
[1] "Fitting variance A"
[1] "DR"
[1] 0.8073936
[1] 0.02721416
[1] 0.8722222

  0   1 
 23 157 
[1] 181
[1] 0.8270953
[1] 0.8224428
[1] "AdaLSE"
[1] 0.8326028
[1] 0.02918361
[1] 0.8618785

  0   1 
 25 156 
[1] "Fitting mean A"
[1] "Fitting variance A"
[1] "DR"
[1] 0.8246161
[1] 0.0270074
[1] 0.8729282

  0   1 
 23 158 
[1] 182
[1] 0.8270953
[1] 0.8224428
[1] "AdaLSE"
[1] 0.8760212
[1] 0.0274347
[1] 0.8626374

  0   1 
 25 157 
[1] "Fitting mean A"
[1] "Fitting variance A"
[1] "DR"
[1] 0.8712348
[1] 0.0253166
[1] 0.8736264

  0   1 
 23 159 
[1] 183
[1] 0.8270953
[1] 0.8224428
[1] "AdaLSE"
[1] 0.8543771
[1] 0.03066998
[1] 0.863388

  0   1 
 25 158 
[1] "Fitting mean A"
[1] "Fitting variance A"
[1] "DR"
[1] 0.8479217
[1] 0.02940016
[1] 0.8743169

  0   1 
 23 160 
[1] 184
[1] 0.8270953
[1] 0.8224428
[1] "AdaLSE"
[1] 0.8401395
[1] 0.03079731
[1] 0.8641304

  0   1 
 25 159 
[1] "Fitting mean A"
[1] "Fitting variance A"
[1] "DR"
[1] 0.8351063
[1] 0.02975583
[1] 0.875

  0   1 
 23 161 
[1] 185
[1] 0.8270953
[1] 0.8224428
[1] "AdaLSE"
[1] 0.8056661
[1] 0.02790469
[1] 0.8648649

  0   1 
 25 160 
[1] "Fitting mean A"
[1] "Fitting variance A"
[1] "DR"
[1] 0.8020237
[1] 0.02580606
[1] 0.8756757

  0   1 
 23 162 
[1] 186
[1] 0.8270953
[1] 0.8224428
[1] "AdaLSE"
[1] 0.8623741
[1] 0.03111547
[1] 0.8655914

  0   1 
 25 161 
[1] "Fitting mean A"
[1] "Fitting variance A"
[1] "DR"
[1] 0.8388613
[1] 0.02956273
[1] 0.8763441

  0   1 
 23 163 
[1] 187
[1] 0.8270953
[1] 0.8224428
[1] "AdaLSE"
[1] 0.8224797
[1] 0.02812766
[1] 0.8663102

  0   1 
 25 162 
[1] "Fitting mean A"
[1] "Fitting variance A"
[1] "DR"
[1] 0.8163448
[1] 0.02554181
[1] 0.8770053

  0   1 
 23 164 
[1] 188
[1] 0.8270953
[1] 0.8224428
[1] "AdaLSE"
[1] 0.8505703
[1] 0.02685098
[1] 0.8670213

  0   1 
 25 163 
[1] "Fitting mean A"
[1] "Fitting variance A"
[1] "DR"
[1] 0.8440473
[1] 0.02529686
[1] 0.8776596

  0   1 
 23 165 
[1] 189
[1] 0.8270953
[1] 0.8224428
[1] "AdaLSE"
[1] 0.8406211
[1] 0.02710585
[1] 0.8677249

  0   1 
 25 164 
[1] "Fitting mean A"
[1] "Fitting variance A"
[1] "DR"
[1] 0.8290307
[1] 0.02596093
[1] 0.8783069

  0   1 
 23 166 
[1] 190
[1] 0.8270953
[1] 0.8224428
[1] "AdaLSE"
[1] 0.8265003
[1] 0.02635675
[1] 0.8684211

  0   1 
 25 165 
[1] "Fitting mean A"
[1] "Fitting variance A"
[1] "DR"
[1] 0.8211014
[1] 0.02497416
[1] 0.8789474

  0   1 
 23 167 
[1] 191
[1] 0.8270953
[1] 0.8224428
[1] "AdaLSE"
[1] 0.8807073
[1] 0.02968428
[1] 0.8638743

  0   1 
 26 165 
[1] "Fitting mean A"
[1] "Fitting variance A"
[1] "DR"
[1] 0.8761021
[1] 0.02733951
[1] 0.8743455

  0   1 
 24 167 
[1] 192
[1] 0.8270953
[1] 0.8224428
[1] "AdaLSE"
[1] 0.8997264
[1] 0.02790477
[1] 0.859375

  0   1 
 27 165 
[1] "Fitting mean A"
[1] "Fitting variance A"
[1] "DR"
[1] 0.8858673
[1] 0.02708288
[1] 0.8697917

  0   1 
 25 167 
[1] 193
[1] 0.8270953
[1] 0.8224428
[1] "AdaLSE"
[1] 0.8342347
[1] 0.02561252
[1] 0.8601036

  0   1 
 27 166 
[1] "Fitting mean A"
[1] "Fitting variance A"
[1] "DR"
[1] 0.8265329
[1] 0.02486033
[1] 0.8704663

  0   1 
 25 168 
[1] 194
[1] 0.8270953
[1] 0.8224428
[1] "AdaLSE"
[1] 0.883365
[1] 0.02911191
[1] 0.8556701

  0   1 
 28 166 
[1] "Fitting mean A"
[1] "Fitting variance A"
[1] "DR"
[1] 0.8771651
[1] 0.02732498
[1] 0.8659794

  0   1 
 26 168 
[1] 195
[1] 0.8270953
[1] 0.8224428
[1] "AdaLSE"
[1] 0.8609574
[1] 0.0264709
[1] 0.8564103

  0   1 
 28 167 
[1] "Fitting mean A"
[1] "Fitting variance A"
[1] "DR"
[1] 0.8524946
[1] 0.02500091
[1] 0.8666667

  0   1 
 26 169 
[1] 196
[1] 0.8270953
[1] 0.8224428
[1] "AdaLSE"
[1] 0.9038806
[1] 0.02800686
[1] 0.8520408

  0   1 
 29 167 
[1] "Fitting mean A"
[1] "Fitting variance A"
[1] "DR"
[1] 0.9025909
[1] 0.02667572
[1] 0.8622449

  0   1 
 27 169 
[1] 197
[1] 0.8270953
[1] 0.8224428
[1] "AdaLSE"
[1] 0.8441634
[1] 0.03015975
[1] 0.8527919

  0   1 
 29 168 
[1] "Fitting mean A"
[1] "Fitting variance A"
[1] "DR"
[1] 0.8388894
[1] 0.02813158
[1] 0.8629442

  0   1 
 27 170 
[1] 198
[1] 0.8270953
[1] 0.8224428
[1] "AdaLSE"
[1] 0.8500293
[1] 0.02589286
[1] 0.8535354

  0   1 
 29 169 
[1] "Fitting mean A"
[1] "Fitting variance A"
[1] "DR"
[1] 0.8460186
[1] 0.02434115
[1] 0.8636364

  0   1 
 27 171 
[1] 199
[1] 0.8270953
[1] 0.8224428
[1] "AdaLSE"
[1] 0.8648151
[1] 0.02786203
[1] 0.8542714

  0   1 
 29 170 
[1] "Fitting mean A"
[1] "Fitting variance A"
[1] "DR"
[1] 0.8624472
[1] 0.02597521
[1] 0.8643216

  0   1 
 27 172 
[1] 200
[1] 0.8270953
[1] 0.8224428
[1] "AdaLSE"
[1] 0.8289378
[1] 0.02717881
[1] 0.855

  0   1 
 29 171 
[1] "Fitting mean A"
[1] "Fitting variance A"
[1] "DR"
[1] 0.8254835
[1] 0.02598072
[1] 0.865

  0   1 
 27 173 
[1] 201
[1] 0.8270953
[1] 0.8224428
[1] "AdaLSE"
[1] 0.8409144
[1] 0.02725954
[1] 0.8557214

  0   1 
 29 172 
[1] "Fitting mean A"
[1] "Fitting variance A"
[1] "DR"
[1] 0.8305605
[1] 0.02579169
[1] 0.8656716

  0   1 
 27 174 
[1] 202
[1] 0.8270953
[1] 0.8224428
[1] "AdaLSE"
[1] 0.856572
[1] 0.03158891
[1] 0.8564356

  0   1 
 29 173 
[1] "Fitting mean A"
[1] "Fitting variance A"
[1] "DR"
[1] 0.8521242
[1] 0.02936642
[1] 0.8663366

  0   1 
 27 175 
[1] 203
[1] 0.8270953
[1] 0.8224428
[1] "AdaLSE"
[1] 0.8736963
[1] 0.02630236
[1] 0.8571429

  0   1 
 29 174 
[1] "Fitting mean A"
[1] "Fitting variance A"
[1] "DR"
[1] 0.8506527
[1] 0.02546286
[1] 0.8669951

  0   1 
 27 176 
[1] 204
[1] 0.8270953
[1] 0.8224428
[1] "AdaLSE"
[1] 0.834333
[1] 0.02727136
[1] 0.8578431

  0   1 
 29 175 
[1] "Fitting mean A"
[1] "Fitting variance A"
[1] "DR"
[1] 0.8260978
[1] 0.02544159
[1] 0.8676471

  0   1 
 27 177 
[1] 205
[1] 0.8270953
[1] 0.8224428
[1] "AdaLSE"
[1] 0.862282
[1] 0.02926222
[1] 0.8585366

  0   1 
 29 176 
[1] "Fitting mean A"
[1] "Fitting variance A"
[1] "DR"
[1] 0.8556824
[1] 0.02818343
[1] 0.8682927

  0   1 
 27 178 
[1] 206
[1] 0.8270953
[1] 0.8224428
[1] "AdaLSE"
[1] 0.9087714
[1] 0.0275025
[1] 0.8543689

  0   1 
 30 176 
[1] "Fitting mean A"
[1] "Fitting variance A"
[1] "DR"
[1] 0.903552
[1] 0.02526575
[1] 0.8640777

  0   1 
 28 178 
[1] 207
[1] 0.8270953
[1] 0.8224428
[1] "AdaLSE"
[1] 0.8033694
[1] 0.02682232
[1] 0.8550725

  0   1 
 30 177 
[1] "Fitting mean A"
[1] "Fitting variance A"
[1] "DR"
[1] 0.8007238
[1] 0.02548882
[1] 0.8647343

  0   1 
 28 179 
[1] 208
[1] 0.8270953
[1] 0.8224428
[1] "AdaLSE"
[1] 0.8363332
[1] 0.02621897
[1] 0.8557692

  0   1 
 30 178 
[1] "Fitting mean A"
[1] "Fitting variance A"
[1] "DR"
[1] 0.8321311
[1] 0.02496001
[1] 0.8653846

  0   1 
 28 180 
[1] 209
[1] 0.8270953
[1] 0.8224428
[1] "AdaLSE"
[1] 0.8516314
[1] 0.02873761
[1] 0.8564593

  0   1 
 30 179 
[1] "Fitting mean A"
[1] "Fitting variance A"
[1] "DR"
[1] 0.8475146
[1] 0.02659348
[1] 0.8660287

  0   1 
 28 181 
[1] 210
[1] 0.8270953
[1] 0.8224428
[1] "AdaLSE"
[1] 0.8697631
[1] 0.02992436
[1] 0.8571429

  0   1 
 30 180 
[1] "Fitting mean A"
[1] "Fitting variance A"
[1] "DR"
[1] 0.8605064
[1] 0.02798073
[1] 0.8666667

  0   1 
 28 182 
[1] 211
[1] 0.8270953
[1] 0.8224428
[1] "AdaLSE"
[1] 0.8754573
[1] 0.02606451
[1] 0.8530806

  0   1 
 31 180 
[1] "Fitting mean A"
[1] "Fitting variance A"
[1] "DR"
[1] 0.8616902
[1] 0.02402823
[1] 0.8672986

  0   1 
 28 183 
[1] 212
[1] 0.8270953
[1] 0.8224428
[1] "AdaLSE"
[1] 0.8795278
[1] 0.0290598
[1] 0.8490566

  0   1 
 32 180 
[1] "Fitting mean A"
[1] "Fitting variance A"
[1] "DR"
[1] 0.8584166
[1] 0.02794932
[1] 0.8679245

  0   1 
 28 184 
[1] 213
[1] 0.8270953
[1] 0.8224428
[1] "AdaLSE"
[1] 0.8469487
[1] 0.02855651
[1] 0.8497653

  0   1 
 32 181 
[1] "Fitting mean A"
[1] "Fitting variance A"
[1] "DR"
[1] 0.8251698
[1] 0.02707167
[1] 0.8685446

  0   1 
 28 185 
[1] 214
[1] 0.8270953
[1] 0.8224428
[1] "AdaLSE"
[1] 0.8530056
[1] 0.02739791
[1] 0.8504673

  0   1 
 32 182 
[1] "Fitting mean A"
[1] "Fitting variance A"
[1] "DR"
[1] 0.8481412
[1] 0.02514602
[1] 0.8691589

  0   1 
 28 186 
[1] 215
[1] 0.8270953
[1] 0.8224428
[1] "AdaLSE"
[1] 0.8918387
[1] 0.02785972
[1] 0.8465116

  0   1 
 33 182 
[1] "Fitting mean A"
[1] "Fitting variance A"
[1] "DR"
[1] 0.8840034
[1] 0.02506012
[1] 0.8651163

  0   1 
 29 186 
[1] 216
[1] 0.8270953
[1] 0.8224428
[1] "AdaLSE"
[1] 0.8712399
[1] 0.02833532
[1] 0.8472222

  0   1 
 33 183 
[1] "Fitting mean A"
[1] "Fitting variance A"
[1] "DR"
[1] 0.8648744
[1] 0.02715071
[1] 0.8657407

  0   1 
 29 187 
[1] 217
[1] 0.8270953
[1] 0.8224428
[1] "AdaLSE"
[1] 0.8575163
[1] 0.02904681
[1] 0.8479263

  0   1 
 33 184 
[1] "Fitting mean A"
[1] "Fitting variance A"
[1] "DR"
[1] 0.8540359
[1] 0.02759916
[1] 0.8663594

  0   1 
 29 188 
[1] 218
[1] 0.8270953
[1] 0.8224428
[1] "AdaLSE"
[1] 0.8655665
[1] 0.02928226
[1] 0.8486239

  0   1 
 33 185 
[1] "Fitting mean A"
[1] "Fitting variance A"
[1] "DR"
[1] 0.858787
[1] 0.02776493
[1] 0.8669725

  0   1 
 29 189 
[1] 219
[1] 0.8270953
[1] 0.8224428
[1] "AdaLSE"
[1] 0.8201121
[1] 0.02776044
[1] 0.8493151

  0   1 
 33 186 
[1] "Fitting mean A"
[1] "Fitting variance A"
[1] "DR"
[1] 0.8124723
[1] 0.0267055
[1] 0.8675799

  0   1 
 29 190 
[1] 220
[1] 0.8270953
[1] 0.8224428
[1] "AdaLSE"
[1] 0.8619312
[1] 0.02763749
[1] 0.85

  0   1 
 33 187 
[1] "Fitting mean A"
[1] "Fitting variance A"
[1] "DR"
[1] 0.8593256
[1] 0.02575628
[1] 0.8681818

  0   1 
 29 191 
[1] 221
[1] 0.8270953
[1] 0.8224428
[1] "AdaLSE"
[1] 0.8823809
[1] 0.02847287
[1] 0.8461538

  0   1 
 34 187 
[1] "Fitting mean A"
[1] "Fitting variance A"
[1] "DR"
[1] 0.8791594
[1] 0.02701529
[1] 0.8642534

  0   1 
 30 191 
[1] 222
[1] 0.8270953
[1] 0.8224428
[1] "AdaLSE"
[1] 0.8442583
[1] 0.02529636
[1] 0.8468468

  0   1 
 34 188 
[1] "Fitting mean A"
[1] "Fitting variance A"
[1] "DR"
[1] 0.838688
[1] 0.0236849
[1] 0.8648649

  0   1 
 30 192 
[1] 223
[1] 0.8270953
[1] 0.8224428
[1] "AdaLSE"
[1] 0.8573931
[1] 0.02819858
[1] 0.8475336

  0   1 
 34 189 
[1] "Fitting mean A"
[1] "Fitting variance A"
[1] "DR"
[1] 0.8516222
[1] 0.02704443
[1] 0.8654709

  0   1 
 30 193 
[1] 224
[1] 0.8270953
[1] 0.8224428
[1] "AdaLSE"
[1] 0.8684462
[1] 0.02731837
[1] 0.8482143

  0   1 
 34 190 
[1] "Fitting mean A"
[1] "Fitting variance A"
[1] "DR"
[1] 0.864283
[1] 0.02576413
[1] 0.8660714

  0   1 
 30 194 
[1] 225
[1] 0.8270953
[1] 0.8224428
[1] "AdaLSE"
[1] 0.8304303
[1] 0.02737004
[1] 0.8488889

  0   1 
 34 191 
[1] "Fitting mean A"
[1] "Fitting variance A"
[1] "DR"
[1] 0.8234907
[1] 0.02628719
[1] 0.8666667

  0   1 
 30 195 
[1] 226
[1] 0.8270953
[1] 0.8224428
[1] "AdaLSE"
[1] 0.8924621
[1] 0.03112839
[1] 0.8451327

  0   1 
 35 191 
[1] "Fitting mean A"
[1] "Fitting variance A"
[1] "DR"
[1] 0.8843787
[1] 0.03046668
[1] 0.8628319

  0   1 
 31 195 
[1] 227
[1] 0.8270953
[1] 0.8224428
[1] "AdaLSE"
[1] 0.8108974
[1] 0.02862385
[1] 0.845815

  0   1 
 35 192 
[1] "Fitting mean A"
[1] "Fitting variance A"
[1] "DR"
[1] 0.809049
[1] 0.02627585
[1] 0.8634361

  0   1 
 31 196 
[1] 228
[1] 0.8270953
[1] 0.8224428
[1] "AdaLSE"
[1] 0.8497396
[1] 0.02860998
[1] 0.8464912

  0   1 
 35 193 
[1] "Fitting mean A"
[1] "Fitting variance A"
[1] "DR"
[1] 0.8443257
[1] 0.02770998
[1] 0.8640351

  0   1 
 31 197 
[1] 229
[1] 0.8270953
[1] 0.8224428
[1] "AdaLSE"
[1] 0.8875423
[1] 0.02854497
[1] 0.8427948

  0   1 
 36 193 
[1] "Fitting mean A"
[1] "Fitting variance A"
[1] "DR"
[1] 0.885037
[1] 0.02707931
[1] 0.860262

  0   1 
 32 197 
[1] 230
[1] 0.8270953
[1] 0.8224428
[1] "AdaLSE"
[1] 0.8288043
[1] 0.0299172
[1] 0.8434783

  0   1 
 36 194 
[1] "Fitting mean A"
[1] "Fitting variance A"
[1] "DR"
[1] 0.8279566
[1] 0.02779279
[1] 0.8608696

  0   1 
 32 198 
[1] 231
[1] 0.8270953
[1] 0.8224428
[1] "AdaLSE"
[1] 0.8974005
[1] 0.02681238
[1] 0.8398268

  0   1 
 37 194 
[1] "Fitting mean A"
[1] "Fitting variance A"
[1] "DR"
[1] 0.8884716
[1] 0.0254469
[1] 0.8571429

  0   1 
 33 198 
[1] 232
[1] 0.8270953
[1] 0.8224428
[1] "AdaLSE"
[1] 0.8450929
[1] 0.02661567
[1] 0.8405172

  0   1 
 37 195 
[1] "Fitting mean A"
[1] "Fitting variance A"
[1] "DR"
[1] 0.8414591
[1] 0.02541381
[1] 0.8577586

  0   1 
 33 199 
[1] 233
[1] 0.8270953
[1] 0.8224428
[1] "AdaLSE"
[1] 0.8607751
[1] 0.02715672
[1] 0.8412017

  0   1 
 37 196 
[1] "Fitting mean A"
[1] "Fitting variance A"
[1] "DR"
[1] 0.8548179
[1] 0.02642079
[1] 0.8583691

  0   1 
 33 200 
[1] 234
[1] 0.8270953
[1] 0.8224428
[1] "AdaLSE"
[1] 0.8623962
[1] 0.02810439
[1] 0.8418803

  0   1 
 37 197 
[1] "Fitting mean A"
[1] "Fitting variance A"
[1] "DR"
[1] 0.8573922
[1] 0.02616702
[1] 0.8589744

  0   1 
 33 201 
[1] 235
[1] 0.8270953
[1] 0.8224428
[1] "AdaLSE"
[1] 0.8765481
[1] 0.02715351
[1] 0.8382979

  0   1 
 38 197 
[1] "Fitting mean A"
[1] "Fitting variance A"
[1] "DR"
[1] 0.8739186
[1] 0.02586719
[1] 0.8553191

  0   1 
 34 201 
[1] 236
[1] 0.8270953
[1] 0.8224428
[1] "AdaLSE"
[1] 0.8652327
[1] 0.02970122
[1] 0.8389831

  0   1 
 38 198 
[1] "Fitting mean A"
[1] "Fitting variance A"
[1] "DR"
[1] 0.851891
[1] 0.02725702
[1] 0.8559322

  0   1 
 34 202 
[1] 237
[1] 0.8270953
[1] 0.8224428
[1] "AdaLSE"
[1] 0.8530961
[1] 0.02670454
[1] 0.8396624

  0   1 
 38 199 
[1] "Fitting mean A"
[1] "Fitting variance A"
[1] "DR"
[1] 0.8496477
[1] 0.02531596
[1] 0.8565401

  0   1 
 34 203 
[1] 238
[1] 0.8270953
[1] 0.8224428
[1] "AdaLSE"
[1] 0.8969156
[1] 0.02715096
[1] 0.8361345

  0   1 
 39 199 
[1] "Fitting mean A"
[1] "Fitting variance A"
[1] "DR"
[1] 0.8943448
[1] 0.025661
[1] 0.8529412

  0   1 
 35 203 
[1] 239
[1] 0.8270953
[1] 0.8224428
[1] "AdaLSE"
[1] 0.8774662
[1] 0.02791811
[1] 0.832636

  0   1 
 40 199 
[1] "Fitting mean A"
[1] "Fitting variance A"
[1] "DR"
[1] 0.8634392
[1] 0.02568704
[1] 0.8535565

  0   1 
 35 204 
[1] 240
[1] 0.8270953
[1] 0.8224428
[1] "AdaLSE"
[1] 0.8368001
[1] 0.02899497
[1] 0.8333333

  0   1 
 40 200 
[1] "Fitting mean A"
[1] "Fitting variance A"
[1] "DR"
[1] 0.8223097
[1] 0.02775406
[1] 0.8541667

  0   1 
 35 205 
[1] 241
[1] 0.8270953
[1] 0.8224428
[1] "AdaLSE"
[1] 0.8720813
[1] 0.02752583
[1] 0.8340249

  0   1 
 40 201 
[1] "Fitting mean A"
[1] "Fitting variance A"
[1] "DR"
[1] 0.8618736
[1] 0.02617229
[1] 0.8547718

  0   1 
 35 206 
[1] 242
[1] 0.8270953
[1] 0.8224428
[1] "AdaLSE"
[1] 0.8446728
[1] 0.02771622
[1] 0.8347107

  0   1 
 40 202 
[1] "Fitting mean A"
[1] "Fitting variance A"
[1] "DR"
[1] 0.8388074
[1] 0.02589105
[1] 0.8553719

  0   1 
 35 207 
[1] 243
[1] 0.8270953
[1] 0.8224428
[1] "AdaLSE"
[1] 0.8631512
[1] 0.02755808
[1] 0.8353909

  0   1 
 40 203 
[1] "Fitting mean A"
[1] "Fitting variance A"
[1] "DR"
[1] 0.851996
[1] 0.02605519
[1] 0.8559671

  0   1 
 35 208 
[1] 244
[1] 0.8270953
[1] 0.8224428
[1] "AdaLSE"
[1] 0.8391941
[1] 0.02644706
[1] 0.8360656

  0   1 
 40 204 
[1] "Fitting mean A"
[1] "Fitting variance A"
[1] "DR"
[1] 0.8318495
[1] 0.02538198
[1] 0.8565574

  0   1 
 35 209 
[1] 245
[1] 0.8270953
[1] 0.8224428
[1] "AdaLSE"
[1] 0.797294
[1] 0.02860048
[1] 0.8367347

  0   1 
 40 205 
[1] "Fitting mean A"
[1] "Fitting variance A"
[1] "DR"
[1] 0.7852277
[1] 0.02631899
[1] 0.8571429

  0   1 
 35 210 
[1] 246
[1] 0.8270953
[1] 0.8224428
[1] "AdaLSE"
[1] 0.8100162
[1] 0.03052589
[1] 0.8373984

  0   1 
 40 206 
[1] "Fitting mean A"
[1] "Fitting variance A"
[1] "DR"
[1] 0.8074171
[1] 0.02874081
[1] 0.8577236

  0   1 
 35 211 
[1] 247
[1] 0.8270953
[1] 0.8224428
[1] "AdaLSE"
[1] 0.8354138
[1] 0.02641238
[1] 0.8380567

  0   1 
 40 207 
[1] "Fitting mean A"
[1] "Fitting variance A"
[1] "DR"
[1] 0.8290871
[1] 0.02476723
[1] 0.8582996

  0   1 
 35 212 
[1] 248
[1] 0.8270953
[1] 0.8224428
[1] "AdaLSE"
[1] 0.8634397
[1] 0.02816173
[1] 0.8387097

  0   1 
 40 208 
[1] "Fitting mean A"
[1] "Fitting variance A"
[1] "DR"
[1] 0.8487722
[1] 0.02670192
[1] 0.858871

  0   1 
 35 213 
[1] 249
[1] 0.8270953
[1] 0.8224428
[1] "AdaLSE"
[1] 0.8685253
[1] 0.0279019
[1] 0.8393574

  0   1 
 40 209 
[1] "Fitting mean A"
[1] "Fitting variance A"
[1] "DR"
[1] 0.8582723
[1] 0.02592242
[1] 0.8594378

  0   1 
 35 214 
[1] 250
[1] 0.8270953
[1] 0.8224428
[1] "AdaLSE"
[1] 0.7903432
[1] 0.0275666
[1] 0.84

  0   1 
 40 210 
[1] "Fitting mean A"
[1] "Fitting variance A"
[1] "DR"
[1] 0.7850775
[1] 0.02452574
[1] 0.86

  0   1 
 35 215 
[1] 251
[1] 0.8270953
[1] 0.8224428
[1] "AdaLSE"
[1] 0.8429764
[1] 0.02763787
[1] 0.8406375

  0   1 
 40 211 
[1] "Fitting mean A"
[1] "Fitting variance A"
[1] "DR"
[1] 0.8213971
[1] 0.0256009
[1] 0.8605578

  0   1 
 35 216 
[1] 252
[1] 0.8270953
[1] 0.8224428
[1] "AdaLSE"
[1] 0.8156919
[1] 0.02736695
[1] 0.8412698

  0   1 
 40 212 
[1] "Fitting mean A"
[1] "Fitting variance A"
[1] "DR"
[1] 0.8103978
[1] 0.02477075
[1] 0.8611111

  0   1 
 35 217 
[1] 253
[1] 0.8270953
[1] 0.8224428
[1] "AdaLSE"
[1] 0.8357249
[1] 0.02714808
[1] 0.8418972

  0   1 
 40 213 
[1] "Fitting mean A"
[1] "Fitting variance A"
[1] "DR"
[1] 0.8287892
[1] 0.02481481
[1] 0.8616601

  0   1 
 35 218 
[1] 254
[1] 0.8270953
[1] 0.8224428
[1] "AdaLSE"
[1] 0.8170179
[1] 0.02625347
[1] 0.8425197

  0   1 
 40 214 
[1] "Fitting mean A"
[1] "Fitting variance A"
[1] "DR"
[1] 0.8131879
[1] 0.02459477
[1] 0.8622047

  0   1 
 35 219 
[1] 255
[1] 0.8270953
[1] 0.8224428
[1] "AdaLSE"
[1] 0.8476814
[1] 0.02669231
[1] 0.8431373

  0   1 
 40 215 
[1] "Fitting mean A"
[1] "Fitting variance A"
[1] "DR"
[1] 0.8439709
[1] 0.02504355
[1] 0.8627451

  0   1 
 35 220 
[1] 256
[1] 0.8270953
[1] 0.8224428
[1] "AdaLSE"
[1] 0.7656004
[1] 0.02784157
[1] 0.8398438

  0   1 
 41 215 
[1] "Fitting mean A"
[1] "Fitting variance A"
[1] "DR"
[1] 0.7620207
[1] 0.02582128
[1] 0.859375

  0   1 
 36 220 
[1] 257
[1] 0.8270953
[1] 0.8224428
[1] "AdaLSE"
[1] 0.8553494
[1] 0.02847296
[1] 0.8404669

  0   1 
 41 216 
[1] "Fitting mean A"
[1] "Fitting variance A"
[1] "DR"
[1] 0.8474442
[1] 0.02626681
[1] 0.8599222

  0   1 
 36 221 
[1] 258
[1] 0.8270953
[1] 0.8224428
[1] "AdaLSE"
[1] 0.8458096
[1] 0.02764836
[1] 0.8410853

  0   1 
 41 217 
[1] "Fitting mean A"
[1] "Fitting variance A"
[1] "DR"
[1] 0.8346019
[1] 0.02591147
[1] 0.8604651

  0   1 
 36 222 
[1] 259
[1] 0.8270953
[1] 0.8224428
[1] "AdaLSE"
[1] 0.8681968
[1] 0.03203126
[1] 0.8416988

  0   1 
 41 218 
[1] "Fitting mean A"
[1] "Fitting variance A"
[1] "DR"
[1] 0.8685201
[1] 0.02986618
[1] 0.8610039

  0   1 
 36 223 
[1] 260
[1] 0.8270953
[1] 0.8224428
[1] "AdaLSE"
[1] 0.8133931
[1] 0.02819822
[1] 0.8423077

  0   1 
 41 219 
[1] "Fitting mean A"
[1] "Fitting variance A"
[1] "DR"
[1] 0.8096547
[1] 0.02654394
[1] 0.8615385

  0   1 
 36 224 
[1] 261
[1] 0.8270953
[1] 0.8224428
[1] "AdaLSE"
[1] 0.8674952
[1] 0.02601598
[1] 0.8429119

  0   1 
 41 220 
[1] "Fitting mean A"
[1] "Fitting variance A"
[1] "DR"
[1] 0.8626236
[1] 0.02502474
[1] 0.862069

  0   1 
 36 225 
[1] 262
[1] 0.8270953
[1] 0.8224428
[1] "AdaLSE"
[1] 0.7874703
[1] 0.0269265
[1] 0.8435115

  0   1 
 41 221 
[1] "Fitting mean A"
[1] "Fitting variance A"
[1] "DR"
[1] 0.7699658
[1] 0.02529964
[1] 0.8587786

  0   1 
 37 225 
[1] 263
[1] 0.8270953
[1] 0.8224428
[1] "AdaLSE"
[1] 0.8707576
[1] 0.02827849
[1] 0.8441065

  0   1 
 41 222 
[1] "Fitting mean A"
[1] "Fitting variance A"
[1] "DR"
[1] 0.8519046
[1] 0.02685176
[1] 0.8593156

  0   1 
 37 226 
[1] 264
[1] 0.8270953
[1] 0.8224428
[1] "AdaLSE"
[1] 0.8496306
[1] 0.02780271
[1] 0.844697

  0   1 
 41 223 
[1] "Fitting mean A"
[1] "Fitting variance A"
[1] "DR"
[1] 0.8429372
[1] 0.02638979
[1] 0.8598485

  0   1 
 37 227 
[1] 265
[1] 0.8270953
[1] 0.8224428
[1] "AdaLSE"
[1] 0.825855
[1] 0.0281105
[1] 0.845283

  0   1 
 41 224 
[1] "Fitting mean A"
[1] "Fitting variance A"
[1] "DR"
[1] 0.8187357
[1] 0.02654126
[1] 0.8603774

  0   1 
 37 228 
[1] 266
[1] 0.8270953
[1] 0.8224428
[1] "AdaLSE"
[1] 0.853045
[1] 0.0267666
[1] 0.8458647

  0   1 
 41 225 
[1] "Fitting mean A"
[1] "Fitting variance A"
[1] "DR"
[1] 0.8496606
[1] 0.02521323
[1] 0.8609023

  0   1 
 37 229 
[1] 267
[1] 0.8270953
[1] 0.8224428
[1] "AdaLSE"
[1] 0.8388706
[1] 0.02599422
[1] 0.8464419

  0   1 
 41 226 
[1] "Fitting mean A"
[1] "Fitting variance A"
[1] "DR"
[1] 0.8357545
[1] 0.02435617
[1] 0.8614232

  0   1 
 37 230 
[1] 268
[1] 0.8270953
[1] 0.8224428
[1] "AdaLSE"
[1] 0.8383495
[1] 0.02825828
[1] 0.8470149

  0   1 
 41 227 
[1] "Fitting mean A"
[1] "Fitting variance A"
[1] "DR"
[1] 0.8231451
[1] 0.02606001
[1] 0.8619403

  0   1 
 37 231 
[1] 269
[1] 0.8270953
[1] 0.8224428
[1] "AdaLSE"
[1] 0.810421
[1] 0.02841572
[1] 0.8475836

  0   1 
 41 228 
[1] "Fitting mean A"
[1] "Fitting variance A"
[1] "DR"
[1] 0.7999763
[1] 0.02709836
[1] 0.8624535

  0   1 
 37 232 
[1] 270
[1] 0.8270953
[1] 0.8224428
[1] "AdaLSE"
[1] 0.8226266
[1] 0.02861842
[1] 0.8481481

  0   1 
 41 229 
[1] "Fitting mean A"
[1] "Fitting variance A"
[1] "DR"
[1] 0.8191883
[1] 0.02674171
[1] 0.862963

  0   1 
 37 233 
[1] 271
[1] 0.8270953
[1] 0.8224428
[1] "AdaLSE"
[1] 0.8303042
[1] 0.02734256
[1] 0.8487085

  0   1 
 41 230 
[1] "Fitting mean A"
[1] "Fitting variance A"
[1] "DR"
[1] 0.8279543
[1] 0.02630781
[1] 0.8634686

  0   1 
 37 234 
[1] 272
[1] 0.8270953
[1] 0.8224428
[1] "AdaLSE"
[1] 0.8517349
[1] 0.02782247
[1] 0.8492647

  0   1 
 41 231 
[1] "Fitting mean A"
[1] "Fitting variance A"
[1] "DR"
[1] 0.84307
[1] 0.02572317
[1] 0.8639706

  0   1 
 37 235 
[1] 273
[1] 0.8270953
[1] 0.8224428
[1] "AdaLSE"
[1] 0.8391286
[1] 0.02590368
[1] 0.8498168

  0   1 
 41 232 
[1] "Fitting mean A"
[1] "Fitting variance A"
[1] "DR"
[1] 0.8328849
[1] 0.02447668
[1] 0.8644689

  0   1 
 37 236 
[1] 274
[1] 0.8270953
[1] 0.8224428
[1] "AdaLSE"
[1] 0.8548507
[1] 0.02653826
[1] 0.850365

  0   1 
 41 233 
[1] "Fitting mean A"
[1] "Fitting variance A"
[1] "DR"
[1] 0.8517907
[1] 0.02488275
[1] 0.8649635

  0   1 
 37 237 
[1] 275
[1] 0.8270953
[1] 0.8224428
[1] "AdaLSE"
[1] 0.821853
[1] 0.02880374
[1] 0.8509091

  0   1 
 41 234 
[1] "Fitting mean A"
[1] "Fitting variance A"
[1] "DR"
[1] 0.8153613
[1] 0.02788019
[1] 0.8654545

  0   1 
 37 238 
[1] 276
[1] 0.8270953
[1] 0.8224428
[1] "AdaLSE"
[1] 0.8068474
[1] 0.02880692
[1] 0.8514493

  0   1 
 41 235 
[1] "Fitting mean A"
[1] "Fitting variance A"
[1] "DR"
[1] 0.7984515
[1] 0.0273015
[1] 0.865942

  0   1 
 37 239 
[1] 277
[1] 0.8270953
[1] 0.8224428
[1] "AdaLSE"
[1] 0.7959502
[1] 0.02944763
[1] 0.8519856

  0   1 
 41 236 
[1] "Fitting mean A"
[1] "Fitting variance A"
[1] "DR"
[1] 0.7817858
[1] 0.02797041
[1] 0.866426

  0   1 
 37 240 
[1] 278
[1] 0.8270953
[1] 0.8224428
[1] "AdaLSE"
[1] 0.8597878
[1] 0.0290502
[1] 0.852518

  0   1 
 41 237 
[1] "Fitting mean A"
[1] "Fitting variance A"
[1] "DR"
[1] 0.8560058
[1] 0.02755686
[1] 0.8669065

  0   1 
 37 241 
[1] 279
[1] 0.8270953
[1] 0.8224428
[1] "AdaLSE"
[1] 0.8485971
[1] 0.02955061
[1] 0.8530466

  0   1 
 41 238 
[1] "Fitting mean A"
[1] "Fitting variance A"
[1] "DR"
[1] 0.8446001
[1] 0.02784948
[1] 0.8673835

  0   1 
 37 242 
[1] 280
[1] 0.8270953
[1] 0.8224428
[1] "AdaLSE"
[1] 0.8396166
[1] 0.02697675
[1] 0.8535714

  0   1 
 41 239 
[1] "Fitting mean A"
[1] "Fitting variance A"
[1] "DR"
[1] 0.8317973
[1] 0.02569824
[1] 0.8678571

  0   1 
 37 243 
[1] 281
[1] 0.8270953
[1] 0.8224428
[1] "AdaLSE"
[1] 0.8177719
[1] 0.0282493
[1] 0.8540925

  0   1 
 41 240 
[1] "Fitting mean A"
[1] "Fitting variance A"
[1] "DR"
[1] 0.8070417
[1] 0.02605009
[1] 0.8683274

  0   1 
 37 244 
[1] 282
[1] 0.8270953
[1] 0.8224428
[1] "AdaLSE"
[1] 0.8203462
[1] 0.02677696
[1] 0.8546099

  0   1 
 41 241 
[1] "Fitting mean A"
[1] "Fitting variance A"
[1] "DR"
[1] 0.8063444
[1] 0.02550925
[1] 0.8687943

  0   1 
 37 245 
[1] 283
[1] 0.8270953
[1] 0.8224428
[1] "AdaLSE"
[1] 0.8196694
[1] 0.02872543
[1] 0.8551237

  0   1 
 41 242 
[1] "Fitting mean A"
[1] "Fitting variance A"
[1] "DR"
[1] 0.8164057
[1] 0.02771842
[1] 0.869258

  0   1 
 37 246 
[1] 284
[1] 0.8270953
[1] 0.8224428
[1] "AdaLSE"
[1] 0.8231062
[1] 0.03056222
[1] 0.8556338

  0   1 
 41 243 
[1] "Fitting mean A"
[1] "Fitting variance A"
[1] "DR"
[1] 0.8107913
[1] 0.0278932
[1] 0.8697183

  0   1 
 37 247 
[1] 285
[1] 0.8270953
[1] 0.8224428
[1] "AdaLSE"
[1] 0.8296967
[1] 0.02877673
[1] 0.8561404

  0   1 
 41 244 
[1] "Fitting mean A"
[1] "Fitting variance A"
[1] "DR"
[1] 0.8236089
[1] 0.02746288
[1] 0.8701754

  0   1 
 37 248 
[1] 286
[1] 0.8270953
[1] 0.8224428
[1] "AdaLSE"
[1] 0.8562221
[1] 0.02804515
[1] 0.8566434

  0   1 
 41 245 
[1] "Fitting mean A"
[1] "Fitting variance A"
[1] "DR"
[1] 0.8307744
[1] 0.02664374
[1] 0.8706294

  0   1 
 37 249 
[1] 287
[1] 0.8270953
[1] 0.8224428
[1] "AdaLSE"
[1] 0.8531255
[1] 0.02622429
[1] 0.8571429

  0   1 
 41 246 
[1] "Fitting mean A"
[1] "Fitting variance A"
[1] "DR"
[1] 0.8490748
[1] 0.02439964
[1] 0.8710801

  0   1 
 37 250 
[1] 288
[1] 0.8270953
[1] 0.8224428
[1] "AdaLSE"
[1] 0.8156018
[1] 0.02775378
[1] 0.8576389

  0   1 
 41 247 
[1] "Fitting mean A"
[1] "Fitting variance A"
[1] "DR"
[1] 0.8117284
[1] 0.02690058
[1] 0.8715278

  0   1 
 37 251 
[1] 289
[1] 0.8270953
[1] 0.8224428
[1] "AdaLSE"
[1] 0.9255257
[1] 0.02986543
[1] 0.8546713

  0   1 
 42 247 
[1] "Fitting mean A"
[1] "Fitting variance A"
[1] "DR"
[1] 0.916442
[1] 0.02803617
[1] 0.8685121

  0   1 
 38 251 
[1] 290
[1] 0.8270953
[1] 0.8224428
[1] "AdaLSE"
[1] 0.8006749
[1] 0.02872846
[1] 0.8551724

  0   1 
 42 248 
[1] "Fitting mean A"
[1] "Fitting variance A"
[1] "DR"
[1] 0.7954455
[1] 0.02687778
[1] 0.8689655

  0   1 
 38 252 
[1] 291
[1] 0.8270953
[1] 0.8224428
[1] "AdaLSE"
[1] 0.8705952
[1] 0.02733581
[1] 0.8556701

  0   1 
 42 249 
[1] "Fitting mean A"
[1] "Fitting variance A"
[1] "DR"
[1] 0.8619221
[1] 0.02581119
[1] 0.8694158

  0   1 
 38 253 
[1] 292
[1] 0.8270953
[1] 0.8224428
[1] "AdaLSE"
[1] 0.9122713
[1] 0.02610049
[1] 0.8527397

  0   1 
 43 249 
[1] "Fitting mean A"
[1] "Fitting variance A"
[1] "DR"
[1] 0.9137668
[1] 0.02319616
[1] 0.8664384

  0   1 
 39 253 
[1] 293
[1] 0.8270953
[1] 0.8224428
[1] "AdaLSE"
[1] 0.8227482
[1] 0.02651621
[1] 0.8532423

  0   1 
 43 250 
[1] "Fitting mean A"
[1] "Fitting variance A"
[1] "DR"
[1] 0.8045366
[1] 0.02538976
[1] 0.8668942

  0   1 
 39 254 
[1] 294
[1] 0.8270953
[1] 0.8224428
[1] "AdaLSE"
[1] 0.8722126
[1] 0.02736512
[1] 0.8537415

  0   1 
 43 251 
[1] "Fitting mean A"
[1] "Fitting variance A"
[1] "DR"
[1] 0.8569157
[1] 0.02585924
[1] 0.8673469

  0   1 
 39 255 
[1] 295
[1] 0.8270953
[1] 0.8224428
[1] "AdaLSE"
[1] 0.8573517
[1] 0.02791129
[1] 0.8542373

  0   1 
 43 252 
[1] "Fitting mean A"
[1] "Fitting variance A"
[1] "DR"
[1] 0.8537876
[1] 0.02621228
[1] 0.8677966

  0   1 
 39 256 
[1] 296
[1] 0.8270953
[1] 0.8224428
[1] "AdaLSE"
[1] 0.8232842
[1] 0.02936615
[1] 0.8547297

  0   1 
 43 253 
[1] "Fitting mean A"
[1] "Fitting variance A"
[1] "DR"
[1] 0.8193531
[1] 0.02725331
[1] 0.8682432

  0   1 
 39 257 
[1] 297
[1] 0.8270953
[1] 0.8224428
[1] "AdaLSE"
[1] 0.8669601
[1] 0.02834259
[1] 0.8552189

  0   1 
 43 254 
[1] "Fitting mean A"
[1] "Fitting variance A"
[1] "DR"
[1] 0.8628958
[1] 0.02542981
[1] 0.8686869

  0   1 
 39 258 
[1] 298
[1] 0.8270953
[1] 0.8224428
[1] "AdaLSE"
[1] 0.8359882
[1] 0.02861061
[1] 0.8557047

  0   1 
 43 255 
[1] "Fitting mean A"
[1] "Fitting variance A"
[1] "DR"
[1] 0.8210601
[1] 0.02674108
[1] 0.8691275

  0   1 
 39 259 
[1] 299
[1] 0.8270953
[1] 0.8224428
[1] "AdaLSE"
[1] 0.8143012
[1] 0.02668959
[1] 0.8561873

  0   1 
 43 256 
[1] "Fitting mean A"
[1] "Fitting variance A"
[1] "DR"
[1] 0.8146609
[1] 0.02493562
[1] 0.8695652

  0   1 
 39 260 
[1] 300
[1] 0.8270953
[1] 0.8224428
[1] "AdaLSE"
[1] 0.8498041
[1] 0.02908288
[1] 0.8566667

  0   1 
 43 257 
[1] "Fitting mean A"
[1] "Fitting variance A"
[1] "DR"
[1] 0.8468105
[1] 0.02738116
[1] 0.87

  0   1 
 39 261 
[1] 301
[1] 0.8270953
[1] 0.8224428
[1] "AdaLSE"
[1] 0.8540958
[1] 0.02951797
[1] 0.8571429

  0   1 
 43 258 
[1] "Fitting mean A"
[1] "Fitting variance A"
[1] "DR"
[1] 0.8496623
[1] 0.02778367
[1] 0.8704319

  0   1 
 39 262 
[1] 302
[1] 0.8270953
[1] 0.8224428
[1] "AdaLSE"
[1] 0.8430318
[1] 0.02763259
[1] 0.8576159

  0   1 
 43 259 
[1] "Fitting mean A"
[1] "Fitting variance A"
[1] "DR"
[1] 0.832763
[1] 0.02664677
[1] 0.8708609

  0   1 
 39 263 
[1] 303
[1] 0.8270953
[1] 0.8224428
[1] "AdaLSE"
[1] 0.8512339
[1] 0.02502612
[1] 0.8580858

  0   1 
 43 260 
[1] "Fitting mean A"
[1] "Fitting variance A"
[1] "DR"
[1] 0.8458155
[1] 0.02333748
[1] 0.8712871

  0   1 
 39 264 
[1] 304
[1] 0.8270953
[1] 0.8224428
[1] "AdaLSE"
[1] 0.8506275
[1] 0.03032288
[1] 0.8585526

  0   1 
 43 261 
[1] "Fitting mean A"
[1] "Fitting variance A"
[1] "DR"
[1] 0.8411158
[1] 0.0284935
[1] 0.8717105

  0   1 
 39 265 
[1] 305
[1] 0.8270953
[1] 0.8224428
[1] "AdaLSE"
[1] 0.8809764
[1] 0.02889445
[1] 0.8557377

  0   1 
 44 261 
[1] "Fitting mean A"
[1] "Fitting variance A"
[1] "DR"
[1] 0.8615371
[1] 0.02770545
[1] 0.8721311

  0   1 
 39 266 
[1] 306
[1] 0.8270953
[1] 0.8224428
[1] "AdaLSE"
[1] 0.839382
[1] 0.02657261
[1] 0.8562092

  0   1 
 44 262 
[1] "Fitting mean A"
[1] "Fitting variance A"
[1] "DR"
[1] 0.8302289
[1] 0.02532229
[1] 0.872549

  0   1 
 39 267 
[1] 307
[1] 0.8270953
[1] 0.8224428
[1] "AdaLSE"
[1] 0.8278161
[1] 0.02778454
[1] 0.8566775

  0   1 
 44 263 
[1] "Fitting mean A"
[1] "Fitting variance A"
[1] "DR"
[1] 0.8245215
[1] 0.0262983
[1] 0.8729642

  0   1 
 39 268 
[1] 308
[1] 0.8270953
[1] 0.8224428
[1] "AdaLSE"
[1] 0.8474933
[1] 0.02592932
[1] 0.8571429

  0   1 
 44 264 
[1] "Fitting mean A"
