LOADING R
R LOADED
[1] "/home/lvanderl/Rlibs2"                         
[2] "/app/software/R/4.2.2-foss-2021b/lib/R/library"
[1] "/home/lvanderl/sieveSims"
[1] 1
[1] 0.03801664
[1] 0.006567048
[1] "AdaLSE"
[1] -0.0001151711
[1] 0.05144793
[1] 1

1 
1 
[1] "Fitting mean A"
[1] "Fitting variance A"
[1] "DR"
[1] 1.231579
[1] 1.089325
[1] 1

1 
1 
[1] "se comparison"
[1] NA
[1] NA
[1] 2
[1] 0.03801664
[1] 0.006567048
[1] "AdaLSE"
[1] -0.01268063
[1] 0.05148293
[1] 1

1 
2 
[1] "Fitting mean A"
[1] "Fitting variance A"
[1] "DR"
[1] 0.01952782
[1] 0.1319807
[1] 1

1 
2 
[1] "se comparison"
[1] 0.008885124
[1] 0.8570494
[1] 3
[1] 0.03801664
[1] 0.006567048
[1] "AdaLSE"
[1] -0.05438387
[1] 0.05329413
[1] 1

1 
3 
[1] "Fitting mean A"
[1] "Fitting variance A"
[1] "DR"
[1] -0.3567618
[1] 0.4248699
[1] 1

1 
3 
[1] "se comparison"
[1] 0.02840816
[1] 0.8300087
[1] 4
[1] 0.03801664
[1] 0.006567048
[1] "AdaLSE"
[1] -0.05794845
[1] 0.05697053
[1] 1

1 
4 
[1] "Fitting mean A"
[1] "Fitting variance A"
[1] "DR"
[1] 0.1464504
[1] 0.1004352
[1] 1

1 
4 
[1] "se comparison"
[1] 0.02922429
[1] 0.6819288
[1] 5
[1] 0.03801664
[1] 0.006567048
[1] "AdaLSE"
[1] 0.01020953
[1] 0.05480784
[1] 1

1 
5 
[1] "Fitting mean A"
[1] "Fitting variance A"
[1] "DR"
[1] 0.02068584
[1] 0.1938223
[1] 1

1 
5 
[1] "se comparison"
[1] 0.03138239
[1] 0.6002028
[1] 6
[1] 0.03801664
[1] 0.006567048
[1] "AdaLSE"
[1] 0.01676849
[1] 0.05370502
[1] 1

1 
6 
[1] "Fitting mean A"
[1] "Fitting variance A"
[1] "DR"
[1] 0.1977497
[1] 0.1154079
[1] 1

1 
6 
[1] "se comparison"
[1] 0.03242309
[1] 0.5368706
[1] 7
[1] 0.03801664
[1] 0.006567048
[1] "AdaLSE"
[1] -0.04469422
[1] 0.05326495
[1] 1

1 
7 
[1] "Fitting mean A"
[1] "Fitting variance A"
[1] "DR"
[1] -0.154431
[1] 0.3961401
[1] 1

1 
7 
[1] "se comparison"
[1] 0.03147618
[1] 0.5090689
[1] 8
[1] 0.03801664
[1] 0.006567048
[1] "AdaLSE"
[1] 0.02916264
[1] 0.05187425
[1] 1

1 
8 
[1] "Fitting mean A"
[1] "Fitting variance A"
[1] "DR"
[1] 0.05342644
[1] 0.05021276
[1] 1

1 
8 
[1] "se comparison"
[1] 0.03400514
[1] 0.4727495
[1] 9
[1] 0.03801664
[1] 0.006567048
[1] "AdaLSE"
[1] 0.08973807
[1] 0.05317657
[1] 1

1 
9 
[1] "Fitting mean A"
[1] "Fitting variance A"
[1] "DR"
[1] 0.1232178
[1] 0.05297382
[1] 0.8888889

0 1 
1 8 
[1] "se comparison"
[1] 0.04703604
[1] 0.442275
[1] 10
[1] 0.03801664
[1] 0.006567048
[1] "AdaLSE"
[1] 0.0002072041
[1] 0.05574044
[1] 1

 1 
10 
[1] "Fitting mean A"
[1] "Fitting variance A"
[1] "DR"
[1] 0.1495094
[1] 0.1717307
[1] 0.9

0 1 
1 9 
[1] "se comparison"
[1] 0.04435527
[1] 0.416987
[1] 11
[1] 0.03801664
[1] 0.006567048
[1] "AdaLSE"
[1] -0.04460379
[1] 0.05316351
[1] 1

 1 
11 
[1] "Fitting mean A"
[1] "Fitting variance A"
[1] "DR"
[1] 0.02928075
[1] 0.1720405
[1] 0.9090909

 0  1 
 1 10 
[1] "se comparison"
[1] 0.04396336
[1] 0.3970742
[1] 12
[1] 0.03801664
[1] 0.006567048
[1] "AdaLSE"
[1] -0.05385732
[1] 0.05199219
[1] 1

 1 
12 
[1] "Fitting mean A"
[1] "Fitting variance A"
[1] "DR"
[1] 0.1336427
[1] 0.1699178
[1] 0.9166667

 0  1 
 1 11 
[1] "se comparison"
[1] 0.04411618
[1] 0.3785955
[1] 13
[1] 0.03801664
[1] 0.006567048
[1] "AdaLSE"
[1] -0.05410685
[1] 0.05836139
[1] 1

 1 
13 
[1] "Fitting mean A"
[1] "Fitting variance A"
[1] "DR"
[1] -0.2041633
[1] 0.1982351
[1] 0.9230769

 0  1 
 1 12 
[1] "se comparison"
[1] 0.04395973
[1] 0.3743333
[1] 14
[1] 0.03801664
[1] 0.006567048
[1] "AdaLSE"
[1] 0.04803537
[1] 0.05355825
[1] 1

 1 
14 
[1] "Fitting mean A"
[1] "Fitting variance A"
[1] "DR"
[1] 0.4000875
[1] 0.1974633
[1] 0.8571429

 0  1 
 2 12 
[1] "se comparison"
[1] 0.04533016
[1] 0.3680848
[1] 15
[1] 0.03801664
[1] 0.006567048
[1] "AdaLSE"
[1] 0.01166831
[1] 0.05459738
[1] 1

 1 
15 
[1] "Fitting mean A"
[1] "Fitting variance A"
[1] "DR"
[1] 0.2651391
[1] 0.1552974
[1] 0.8666667

 0  1 
 2 13 
[1] "se comparison"
[1] 0.0440111
[1] 0.3564624
[1] 16
[1] 0.03801664
[1] 0.006567048
[1] "AdaLSE"
[1] 0.06639866
[1] 0.05306861
[1] 1

 1 
16 
[1] "Fitting mean A"
[1] "Fitting variance A"
[1] "DR"
[1] -0.01145991
[1] 0.1646591
[1] 0.875

 0  1 
 2 14 
[1] "se comparison"
[1] 0.0463863
[1] 0.3463696
[1] 17
[1] 0.03801664
[1] 0.006567048
[1] "AdaLSE"
[1] 0.008136869
[1] 0.05487898
[1] 1

 1 
17 
[1] "Fitting mean A"
[1] "Fitting variance A"
[1] "DR"
[1] 0.2964655
[1] 0.1797345
[1] 0.8823529

 0  1 
 2 15 
[1] "se comparison"
[1] 0.0449965
[1] 0.337859
[1] 18
[1] 0.03801664
[1] 0.006567048
[1] "AdaLSE"
[1] -0.01610059
[1] 0.05465233
[1] 1

 1 
18 
[1] "Fitting mean A"
[1] "Fitting variance A"
[1] "DR"
[1] 0.1413183
[1] 0.157887
[1] 0.8888889

 0  1 
 2 16 
[1] "se comparison"
[1] 0.04377101
[1] 0.3277725
[1] 19
[1] 0.03801664
[1] 0.006567048
[1] "AdaLSE"
[1] 0.09236783
[1] 0.05369253
[1] 1

 1 
19 
[1] "Fitting mean A"
[1] "Fitting variance A"
[1] "DR"
[1] 0.1297505
[1] 0.0566678
[1] 0.8421053

 0  1 
 3 16 
[1] "se comparison"
[1] 0.0478589
[1] 0.318543
[1] 20
[1] 0.03801664
[1] 0.006567048
[1] "AdaLSE"
[1] -0.01907276
[1] 0.05278627
[1] 1

 1 
20 
[1] "Fitting mean A"
[1] "Fitting variance A"
[1] "DR"
[1] 0.4605732
[1] 0.2630351
[1] 0.85

 0  1 
 3 17 
[1] "se comparison"
[1] 0.04681566
[1] 0.3183559
[1] 21
[1] 0.03801664
[1] 0.006567048
[1] "AdaLSE"
[1] 0.0003963255
[1] 0.05543723
[1] 1

 1 
21 
[1] "Fitting mean A"
[1] "Fitting variance A"
[1] "DR"
[1] 0.4124509
[1] 0.4529001
[1] 0.8571429

 0  1 
 3 18 
[1] "se comparison"
[1] 0.04563033
[1] 0.3153952
[1] 22
[1] 0.03801664
[1] 0.006567048
[1] "AdaLSE"
[1] -0.008274999
[1] 0.05182288
[1] 1

 1 
22 
[1] "Fitting mean A"
[1] "Fitting variance A"
[1] "DR"
[1] 0.3314513
[1] 0.2597805
[1] 0.8636364

 0  1 
 3 19 
[1] "se comparison"
[1] 0.0445721
[1] 0.3098112
[1] 23
[1] 0.03801664
[1] 0.006567048
[1] "AdaLSE"
[1] -0.1234155
[1] 0.05073343
[1] 0.9565217

 0  1 
 1 22 
[1] "Fitting mean A"
[1] "Fitting variance A"
[1] "DR"
[1] 0.7086162
[1] 0.6583954
[1] 0.8695652

 0  1 
 3 20 
[1] "se comparison"
[1] 0.05061763
[1] 0.3226039
[1] 24
[1] 0.03801664
[1] 0.006567048
[1] "AdaLSE"
[1] -0.009105198
[1] 0.06067422
[1] 0.9583333

 0  1 
 1 23 
[1] "Fitting mean A"
[1] "Fitting variance A"
[1] "DR"
[1] 0.1355914
[1] 0.1121519
[1] 0.875

 0  1 
 3 21 
[1] "se comparison"
[1] 0.04951194
[1] 0.3157593
[1] 25
[1] 0.03801664
[1] 0.006567048
[1] "AdaLSE"
[1] 0.006374859
[1] 0.05524749
[1] 0.96

 0  1 
 1 24 
[1] "Fitting mean A"
[1] "Fitting variance A"
[1] "DR"
[1] 0.03971435
[1] 0.08185698
[1] 0.88

 0  1 
 3 22 
[1] "se comparison"
[1] 0.0485249
[1] 0.3106504
[1] 26
[1] 0.03801664
[1] 0.006567048
[1] "AdaLSE"
[1] -0.09309363
[1] 0.05704038
[1] 0.9615385

 0  1 
 1 25 
[1] "Fitting mean A"
[1] "Fitting variance A"
[1] "DR"
[1] -0.09086008
[1] 0.2178512
[1] 0.8846154

 0  1 
 3 23 
[1] "se comparison"
[1] 0.05060254
[1] 0.3092473
[1] 27
[1] 0.03801664
[1] 0.006567048
[1] "AdaLSE"
[1] 0.05472028
[1] 0.05391377
[1] 0.962963

 0  1 
 1 26 
[1] "Fitting mean A"
[1] "Fitting variance A"
[1] "DR"
[1] 0.2304906
[1] 0.1567147
[1] 0.8888889

 0  1 
 3 24 
[1] "se comparison"
[1] 0.0510739
[1] 0.303415
[1] 28
[1] 0.03801664
[1] 0.006567048
[1] "AdaLSE"
[1] 0.03887783
[1] 0.05317446
[1] 0.9642857

 0  1 
 1 27 
[1] "Fitting mean A"
[1] "Fitting variance A"
[1] "DR"
[1] 0.1231115
[1] 0.154422
[1] 0.8928571

 0  1 
 3 25 
[1] "se comparison"
[1] 0.05082616
[1] 0.297932
[1] 29
[1] 0.03801664
[1] 0.006567048
[1] "AdaLSE"
[1] -0.1044855
[1] 0.06021827
[1] 0.9655172

 0  1 
 1 28 
[1] "Fitting mean A"
[1] "Fitting variance A"
[1] "DR"
[1] -0.6988371
[1] 0.6273548
[1] 0.8965517

 0  1 
 3 26 
[1] "se comparison"
[1] 0.05326952
[1] 0.3347507
[1] 30
[1] 0.03801664
[1] 0.006567048
[1] "AdaLSE"
[1] -0.05061036
[1] 0.05309617
[1] 0.9666667

 0  1 
 1 29 
[1] "Fitting mean A"
[1] "Fitting variance A"
[1] "DR"
[1] -0.05493603
[1] 0.04905172
[1] 0.9

 0  1 
 3 27 
[1] "se comparison"
[1] 0.05292647
[1] 0.3309884
[1] 31
[1] 0.03801664
[1] 0.006567048
[1] "AdaLSE"
[1] -0.03730187
[1] 0.05458491
[1] 0.9677419

 0  1 
 1 30 
[1] "Fitting mean A"
[1] "Fitting variance A"
[1] "DR"
[1] 0.373666
[1] 0.2905272
[1] 0.9032258

 0  1 
 3 28 
[1] "se comparison"
[1] 0.05228254
[1] 0.3281138
[1] 32
[1] 0.03801664
[1] 0.006567048
[1] "AdaLSE"
[1] 0.03629635
[1] 0.05387868
[1] 0.96875

 0  1 
 1 31 
[1] "Fitting mean A"
[1] "Fitting variance A"
[1] "DR"
[1] 0.5726746
[1] 0.349605
[1] 0.90625

 0  1 
 3 29 
[1] "se comparison"
[1] 0.05208014
[1] 0.3314012
[1] 33
[1] 0.03801664
[1] 0.006567048
[1] "AdaLSE"
[1] 0.02089191
[1] 0.05296147
[1] 0.969697

 0  1 
 1 32 
[1] "Fitting mean A"
[1] "Fitting variance A"
[1] "DR"
[1] 0.4064251
[1] 0.3048129
[1] 0.9090909

 0  1 
 3 30 
[1] "se comparison"
[1] 0.05151599
[1] 0.3289661
[1] 34
[1] 0.03801664
[1] 0.006567048
[1] "AdaLSE"
[1] 0.1009765
[1] 0.05443897
[1] 0.9705882

 0  1 
 1 33 
[1] "Fitting mean A"
[1] "Fitting variance A"
[1] "DR"
[1] 0.1754678
[1] 0.1559571
[1] 0.9117647

 0  1 
 3 31 
[1] "se comparison"
[1] 0.05404396
[1] 0.3239456
[1] 35
[1] 0.03801664
[1] 0.006567048
[1] "AdaLSE"
[1] 0.02098979
[1] 0.05349948
[1] 0.9714286

 0  1 
 1 34 
[1] "Fitting mean A"
[1] "Fitting variance A"
[1] "DR"
[1] 0.2324435
[1] 0.3343633
[1] 0.9142857

 0  1 
 3 32 
[1] "se comparison"
[1] 0.05341716
[1] 0.3193278
[1] 36
[1] 0.03801664
[1] 0.006567048
[1] "AdaLSE"
[1] -0.04806923
[1] 0.05106259
[1] 0.9722222

 0  1 
 1 35 
[1] "Fitting mean A"
[1] "Fitting variance A"
[1] "DR"
[1] -0.0497516
[1] 0.04430513
[1] 0.9166667

 0  1 
 3 33 
[1] "se comparison"
[1] 0.05316391
[1] 0.3168673
[1] 37
[1] 0.03801664
[1] 0.006567048
[1] "AdaLSE"
[1] -0.05725802
[1] 0.05119678
[1] 0.972973

 0  1 
 1 36 
[1] "Fitting mean A"
[1] "Fitting variance A"
[1] "DR"
[1] 0.1715885
[1] 0.2533124
[1] 0.9189189

 0  1 
 3 34 
[1] "se comparison"
[1] 0.05311988
[1] 0.3124376
[1] 38
[1] 0.03801664
[1] 0.006567048
[1] "AdaLSE"
[1] 0.03257036
[1] 0.0561883
[1] 0.9736842

 0  1 
 1 37 
[1] "Fitting mean A"
[1] "Fitting variance A"
[1] "DR"
[1] 0.05502511
[1] 0.08200124
[1] 0.9210526

 0  1 
 3 35 
[1] "se comparison"
[1] 0.0527772
[1] 0.3086989
[1] 39
[1] 0.03801664
[1] 0.006567048
[1] "AdaLSE"
[1] -0.00906956
[1] 0.05059901
[1] 0.974359

 0  1 
 1 38 
[1] "Fitting mean A"
[1] "Fitting variance A"
[1] "DR"
[1] -0.1624209
[1] 0.357523
[1] 0.9230769

 0  1 
 3 36 
[1] "se comparison"
[1] 0.05208149
[1] 0.3090009
[1] 40
[1] 0.03801664
[1] 0.006567048
[1] "AdaLSE"
[1] -0.0664153
[1] 0.05499676
[1] 0.975

 0  1 
 1 39 
[1] "Fitting mean A"
[1] "Fitting variance A"
[1] "DR"
[1] 0.1135924
[1] 0.3267762
[1] 0.925

 0  1 
 3 37 
[1] "se comparison"
[1] 0.05230467
[1] 0.3050786
[1] 41
[1] 0.03801664
[1] 0.006567048
[1] "AdaLSE"
[1] 0.02610031
[1] 0.05250447
[1] 0.9756098

 0  1 
 1 40 
[1] "Fitting mean A"
[1] "Fitting variance A"
[1] "DR"
[1] -0.9522687
[1] 1.049425
[1] 0.9268293

 0  1 
 3 38 
[1] "se comparison"
[1] 0.05190474
[1] 0.3471467
[1] 42
[1] 0.03801664
[1] 0.006567048
[1] "AdaLSE"
[1] -0.0177038
[1] 0.05701784
[1] 0.9761905

 0  1 
 1 41 
[1] "Fitting mean A"
[1] "Fitting variance A"
[1] "DR"
[1] 0.1176459
[1] 0.1400714
[1] 0.9285714

 0  1 
 3 39 
[1] "se comparison"
[1] 0.05129863
[1] 0.3428892
[1] 43
[1] 0.03801664
[1] 0.006567048
[1] "AdaLSE"
[1] 0.06357695
[1] 0.05261356
[1] 0.9767442

 0  1 
 1 42 
[1] "Fitting mean A"
[1] "Fitting variance A"
[1] "DR"
[1] 0.06369669
[1] 0.0456617
[1] 0.9302326

 0  1 
 3 40 
[1] "se comparison"
[1] 0.05179748
[1] 0.3389128
[1] 44
[1] 0.03801664
[1] 0.006567048
[1] "AdaLSE"
[1] -0.04857433
[1] 0.05280528
[1] 0.9772727

 0  1 
 1 43 
[1] "Fitting mean A"
[1] "Fitting variance A"
[1] "DR"
[1] 0.03028528
[1] 0.1624899
[1] 0.9318182

 0  1 
 3 41 
[1] "se comparison"
[1] 0.05161458
[1] 0.3352458
[1] 45
[1] 0.03801664
[1] 0.006567048
[1] "AdaLSE"
[1] 0.08949871
[1] 0.05501481
[1] 0.9777778

 0  1 
 1 44 
[1] "Fitting mean A"
[1] "Fitting variance A"
[1] "DR"
[1] -0.5103178
[1] 0.68468
[1] 0.9333333

 0  1 
 3 42 
[1] "se comparison"
[1] 0.05296659
[1] 0.3445476
[1] 46
[1] 0.03801664
[1] 0.006567048
[1] "AdaLSE"
[1] -0.09816563
[1] 0.05429507
[1] 0.9782609

 0  1 
 1 45 
[1] "Fitting mean A"
[1] "Fitting variance A"
[1] "DR"
[1] 0.01569836
[1] 0.1255717
[1] 0.9347826

 0  1 
 3 43 
[1] "se comparison"
[1] 0.05419471
[1] 0.3409677
[1] 47
[1] 0.03801664
[1] 0.006567048
[1] "AdaLSE"
[1] 0.0658413
[1] 0.05669314
[1] 0.9787234

 0  1 
 1 46 
[1] "Fitting mean A"
[1] "Fitting variance A"
[1] "DR"
[1] 0.6419935
[1] 0.5321669
[1] 0.9361702

 0  1 
 3 44 
[1] "se comparison"
[1] 0.05461053
[1] 0.3461952
[1] 48
[1] 0.03801664
[1] 0.006567048
[1] "AdaLSE"
[1] 0.05305508
[1] 0.05314952
[1] 0.9791667

 0  1 
 1 47 
[1] "Fitting mean A"
[1] "Fitting variance A"
[1] "DR"
[1] 1.087765
[1] 0.9067456
[1] 0.9375

 0  1 
 3 45 
[1] "se comparison"
[1] 0.05465572
[1] 0.3700405
[1] 49
[1] 0.03801664
[1] 0.006567048
[1] "AdaLSE"
[1] -0.1022946
[1] 0.05615769
[1] 0.9795918

 0  1 
 1 48 
[1] "Fitting mean A"
[1] "Fitting variance A"
[1] "DR"
[1] -0.3656504
[1] 0.280251
[1] 0.9387755

 0  1 
 3 46 
[1] "se comparison"
[1] 0.05591096
[1] 0.373149
[1] 50
[1] 0.03801664
[1] 0.006567048
[1] "AdaLSE"
[1] -0.008632013
[1] 0.05499667
[1] 0.98

 0  1 
 1 49 
[1] "Fitting mean A"
[1] "Fitting variance A"
[1] "DR"
[1] 0.00845922
[1] 0.05838571
[1] 0.94

 0  1 
 3 47 
[1] "se comparison"
[1] 0.05533979
[1] 0.3697024
[1] 51
[1] 0.03801664
[1] 0.006567048
[1] "AdaLSE"
[1] 0.02027714
[1] 0.05284458
[1] 0.9803922

 0  1 
 1 50 
[1] "Fitting mean A"
[1] "Fitting variance A"
[1] "DR"
[1] 0.3672111
[1] 0.3065823
[1] 0.9411765

 0  1 
 3 48 
[1] "se comparison"
[1] 0.05489912
[1] 0.3675589
[1] 52
[1] 0.03801664
[1] 0.006567048
[1] "AdaLSE"
[1] -0.08189822
[1] 0.05285704
[1] 0.9807692

 0  1 
 1 51 
[1] "Fitting mean A"
[1] "Fitting variance A"
[1] "DR"
[1] -0.07640808
[1] 0.04688949
[1] 0.9423077

 0  1 
 3 49 
[1] "se comparison"
[1] 0.05540386
[1] 0.3650554
[1] 53
[1] 0.03801664
[1] 0.006567048
[1] "AdaLSE"
[1] -0.05534472
[1] 0.05410943
[1] 0.9811321

 0  1 
 1 52 
[1] "Fitting mean A"
[1] "Fitting variance A"
[1] "DR"
[1] -0.03983146
[1] 0.08284615
[1] 0.9433962

 0  1 
 3 50 
[1] "se comparison"
[1] 0.05528341
[1] 0.3622407
[1] 54
[1] 0.03801664
[1] 0.006567048
[1] "AdaLSE"
[1] -0.03824321
[1] 0.05256426
[1] 0.9814815

 0  1 
 1 53 
[1] "Fitting mean A"
[1] "Fitting variance A"
[1] "DR"
[1] -0.03862322
[1] 0.07573089
[1] 0.9444444

 0  1 
 3 51 
[1] "se comparison"
[1] 0.05492357
[1] 0.3594752
[1] 55
[1] 0.03801664
[1] 0.006567048
[1] "AdaLSE"
[1] -0.009915427
[1] 0.05504836
[1] 0.9818182

 0  1 
 1 54 
[1] "Fitting mean A"
[1] "Fitting variance A"
[1] "DR"
[1] 0.157431
[1] 0.1889125
[1] 0.9454545

 0  1 
 3 52 
[1] "se comparison"
[1] 0.05441351
[1] 0.3561682
[1] 56
[1] 0.03801664
[1] 0.006567048
[1] "AdaLSE"
[1] 0.01649545
[1] 0.05533196
[1] 0.9821429

 0  1 
 1 55 
[1] "Fitting mean A"
[1] "Fitting variance A"
[1] "DR"
[1] -0.1568003
[1] 0.3390868
[1] 0.9464286

 0  1 
 3 53 
[1] "se comparison"
[1] 0.05401325
[1] 0.3548496
[1] 57
[1] 0.03801664
[1] 0.006567048
[1] "AdaLSE"
[1] -0.03568552
[1] 0.05412444
[1] 0.9824561

 0  1 
 1 56 
[1] "Fitting mean A"
[1] "Fitting variance A"
[1] "DR"
[1] 1.212713
[1] 1.09028
[1] 0.9473684

 0  1 
 3 54 
[1] "se comparison"
[1] 0.05366119
[1] 0.3805319
[1] 58
[1] 0.03801664
[1] 0.006567048
[1] "AdaLSE"
[1] 0.005228073
[1] 0.05760138
[1] 0.9827586

 0  1 
 1 57 
[1] "Fitting mean A"
[1] "Fitting variance A"
[1] "DR"
[1] 0.9850867
[1] 0.8126669
[1] 0.9482759

 0  1 
 3 55 
[1] "se comparison"
[1] 0.05321567
[1] 0.3933719
[1] 59
[1] 0.03801664
[1] 0.006567048
[1] "AdaLSE"
[1] -0.01101659
[1] 0.05253283
[1] 0.9830508

 0  1 
 1 58 
[1] "Fitting mean A"
[1] "Fitting variance A"
[1] "DR"
[1] 0.2792676
[1] 0.3006935
[1] 0.9491525

 0  1 
 3 56 
[1] "se comparison"
[1] 0.05275688
[1] 0.3903343
[1] 60
[1] 0.03801664
[1] 0.006567048
[1] "AdaLSE"
[1] -0.03604148
[1] 0.05354147
[1] 0.9833333

 0  1 
 1 59 
[1] "Fitting mean A"
[1] "Fitting variance A"
[1] "DR"
[1] -0.003331544
[1] 0.08094001
[1] 0.95

 0  1 
 3 57 
[1] "se comparison"
[1] 0.05243677
[1] 0.3875266
[1] 61
[1] 0.03801664
[1] 0.006567048
[1] "AdaLSE"
[1] 0.1113508
[1] 0.05453876
[1] 0.9836066

 0  1 
 1 60 
[1] "Fitting mean A"
[1] "Fitting variance A"
[1] "DR"
[1] 0.08609191
[1] 0.2159635
[1] 0.9508197

 0  1 
 3 58 
[1] "se comparison"
[1] 0.05419891
[1] 0.3843672
[1] 62
[1] 0.03801664
[1] 0.006567048
[1] "AdaLSE"
[1] -0.09427151
[1] 0.05788298
[1] 0.983871

 0  1 
 1 61 
[1] "Fitting mean A"
[1] "Fitting variance A"
[1] "DR"
[1] 0.2389791
[1] 0.1992559
[1] 0.9516129

 0  1 
 3 59 
[1] "se comparison"
[1] 0.05490685
[1] 0.38138
[1] 63
[1] 0.03801664
[1] 0.006567048
[1] "AdaLSE"
[1] 0.03419789
[1] 0.05297163
[1] 0.984127

 0  1 
 1 62 
[1] "Fitting mean A"
[1] "Fitting variance A"
[1] "DR"
[1] 0.0972364
[1] 0.08895601
[1] 0.952381

 0  1 
 3 60 
[1] "se comparison"
[1] 0.05471529
[1] 0.3783483
[1] 64
[1] 0.03801664
[1] 0.006567048
[1] "AdaLSE"
[1] 0.01936959
[1] 0.052015
[1] 0.984375

 0  1 
 1 63 
[1] "Fitting mean A"
[1] "Fitting variance A"
[1] "DR"
[1] 0.04082848
[1] 0.0527658
[1] 0.953125

 0  1 
 3 61 
[1] "se comparison"
[1] 0.05437822
[1] 0.3755739
[1] 65
[1] 0.03801664
[1] 0.006567048
[1] "AdaLSE"
[1] -0.03281882
[1] 0.0582941
[1] 0.9846154

 0  1 
 1 64 
[1] "Fitting mean A"
[1] "Fitting variance A"
[1] "DR"
[1] 0.08022906
[1] 0.07730567
[1] 0.9538462

 0  1 
 3 62 
[1] "se comparison"
[1] 0.05405078
[1] 0.3727192
[1] 66
[1] 0.03801664
[1] 0.006567048
[1] "AdaLSE"
[1] -0.003588404
[1] 0.05385793
[1] 0.9848485

 0  1 
 1 65 
[1] "Fitting mean A"
[1] "Fitting variance A"
[1] "DR"
[1] 0.3475982
[1] 0.229129
[1] 0.9545455

 0  1 
 3 63 
[1] "se comparison"
[1] 0.0536349
[1] 0.3706758
[1] 67
[1] 0.03801664
[1] 0.006567048
[1] "AdaLSE"
[1] -0.0252481
[1] 0.05741657
[1] 0.9850746

 0  1 
 1 66 
[1] "Fitting mean A"
[1] "Fitting variance A"
[1] "DR"
[1] -0.669838
[1] 0.7158607
[1] 0.9552239

 0  1 
 3 64 
[1] "se comparison"
[1] 0.05327469
[1] 0.381206
[1] 68
[1] 0.03801664
[1] 0.006567048
[1] "AdaLSE"
[1] -0.005129808
[1] 0.05237899
[1] 0.9852941

 0  1 
 1 67 
[1] "Fitting mean A"
[1] "Fitting variance A"
[1] "DR"
[1] 0.7416911
[1] 0.5220347
[1] 0.9558824

 0  1 
 3 65 
[1] "se comparison"
[1] 0.05287615
[1] 0.3854038
[1] 69
[1] 0.03801664
[1] 0.006567048
[1] "AdaLSE"
[1] 0.05813712
[1] 0.05282802
[1] 0.9855072

 0  1 
 1 68 
[1] "Fitting mean A"
[1] "Fitting variance A"
[1] "DR"
[1] 0.04899075
[1] 0.2437686
[1] 0.9565217

 0  1 
 3 66 
[1] "se comparison"
[1] 0.05306937
[1] 0.3827353
[1] 70
[1] 0.03801664
[1] 0.006567048
[1] "AdaLSE"
[1] 0.02850225
[1] 0.05371258
[1] 0.9857143

 0  1 
 1 69 
[1] "Fitting mean A"
[1] "Fitting variance A"
[1] "DR"
[1] 0.3200623
[1] 0.2647545
[1] 0.9571429

 0  1 
 3 67 
[1] "se comparison"
[1] 0.05284555
[1] 0.3805343
[1] 71
[1] 0.03801664
[1] 0.006567048
[1] "AdaLSE"
[1] 0.06831223
[1] 0.05431998
[1] 0.9859155

 0  1 
 1 70 
[1] "Fitting mean A"
[1] "Fitting variance A"
[1] "DR"
[1] 0.08358889
[1] 0.05403601
[1] 0.9577465

 0  1 
 3 68 
[1] "se comparison"
[1] 0.05319516
[1] 0.3778801
[1] 72
[1] 0.03801664
[1] 0.006567048
[1] "AdaLSE"
[1] 0.04468428
[1] 0.06144806
[1] 0.9861111

 0  1 
 1 71 
[1] "Fitting mean A"
[1] "Fitting variance A"
[1] "DR"
[1] 0.2141073
[1] 0.3228791
[1] 0.9583333

 0  1 
 3 69 
[1] "se comparison"
[1] 0.05313723
[1] 0.3752965
[1] 73
[1] 0.03801664
[1] 0.006567048
[1] "AdaLSE"
[1] -0.02543686
[1] 0.05209107
[1] 0.9863014

 0  1 
 1 72 
[1] "Fitting mean A"
[1] "Fitting variance A"
[1] "DR"
[1] -0.07758492
[1] 0.2900953
[1] 0.9589041

 0  1 
 3 70 
[1] "se comparison"
[1] 0.05282718
[1] 0.3736031
[1] 74
[1] 0.03801664
[1] 0.006567048
[1] "AdaLSE"
[1] 0.04321865
[1] 0.05802679
[1] 0.9864865

 0  1 
 1 73 
[1] "Fitting mean A"
[1] "Fitting variance A"
[1] "DR"
[1] 0.1223535
[1] 0.2700864
[1] 0.9594595

 0  1 
 3 71 
[1] "se comparison"
[1] 0.05275266
[1] 0.3710435
[1] 75
[1] 0.03801664
[1] 0.006567048
[1] "AdaLSE"
[1] 9.764364e-05
[1] 0.05215772
[1] 0.9866667

 0  1 
 1 74 
[1] "Fitting mean A"
[1] "Fitting variance A"
[1] "DR"
[1] 0.06165297
[1] 0.2452168
[1] 0.96

 0  1 
 3 72 
[1] "se comparison"
[1] 0.0523967
[1] 0.3686482
[1] 76
[1] 0.03801664
[1] 0.006567048
[1] "AdaLSE"
[1] 0.07339839
[1] 0.06082729
[1] 0.9868421

 0  1 
 1 75 
[1] "Fitting mean A"
[1] "Fitting variance A"
[1] "DR"
[1] 0.2291238
[1] 0.1795631
[1] 0.9605263

 0  1 
 3 73 
[1] "se comparison"
[1] 0.05278826
[1] 0.3663183
[1] 77
[1] 0.03801664
[1] 0.006567048
[1] "AdaLSE"
[1] -0.00876325
[1] 0.05275718
[1] 0.987013

 0  1 
 1 76 
[1] "Fitting mean A"
[1] "Fitting variance A"
[1] "DR"
[1] 0.2516091
[1] 0.2329722
[1] 0.961039

 0  1 
 3 74 
[1] "se comparison"
[1] 0.05244471
[1] 0.3641098
[1] 78
[1] 0.03801664
[1] 0.006567048
[1] "AdaLSE"
[1] 0.01245325
[1] 0.05260741
[1] 0.9871795

 0  1 
 1 77 
[1] "Fitting mean A"
[1] "Fitting variance A"
[1] "DR"
[1] 0.1378469
[1] 0.1688158
[1] 0.9615385

 0  1 
 3 75 
[1] "se comparison"
[1] 0.05213078
[1] 0.3617386
[1] 79
[1] 0.03801664
[1] 0.006567048
[1] "AdaLSE"
[1] -0.04617361
[1] 0.05512307
[1] 0.9873418

 0  1 
 1 78 
[1] "Fitting mean A"
[1] "Fitting variance A"
[1] "DR"
[1] -0.05715064
[1] 0.1512059
[1] 0.9620253

 0  1 
 3 76 
[1] "se comparison"
[1] 0.05202946
[1] 0.360128
[1] 80
[1] 0.03801664
[1] 0.006567048
[1] "AdaLSE"
[1] 0.009576177
[1] 0.05375173
[1] 0.9875

 0  1 
 1 79 
[1] "Fitting mean A"
[1] "Fitting variance A"
[1] "DR"
[1] 0.03405708
[1] 0.09307373
[1] 0.9625

 0  1 
 3 77 
[1] "se comparison"
[1] 0.051718
[1] 0.358045
[1] 81
[1] 0.03801664
[1] 0.006567048
[1] "AdaLSE"
[1] 0.06187898
[1] 0.05904463
[1] 0.9876543

 0  1 
 1 80 
[1] "Fitting mean A"
[1] "Fitting variance A"
[1] "DR"
[1] 0.09657465
[1] 0.2543122
[1] 0.962963

 0  1 
 3 78 
[1] "se comparison"
[1] 0.05189329
[1] 0.3558339
[1] 82
[1] 0.03801664
[1] 0.006567048
[1] "AdaLSE"
[1] 0.0124421
[1] 0.0561104
[1] 0.9878049

 0  1 
 1 81 
[1] "Fitting mean A"
[1] "Fitting variance A"
[1] "DR"
[1] 0.2823194
[1] 0.1747318
[1] 0.9634146

 0  1 
 3 79 
[1] "se comparison"
[1] 0.05159651
[1] 0.353979
[1] 83
[1] 0.03801664
[1] 0.006567048
[1] "AdaLSE"
[1] 0.02859232
[1] 0.05434812
[1] 0.9879518

 0  1 
 1 82 
[1] "Fitting mean A"
[1] "Fitting variance A"
[1] "DR"
[1] 0.01812565
[1] 0.1948114
[1] 0.9638554

 0  1 
 3 80 
[1] "se comparison"
[1] 0.05138929
[1] 0.352076
[1] 84
[1] 0.03801664
[1] 0.006567048
[1] "AdaLSE"
[1] 0.02381953
[1] 0.05157307
[1] 0.9880952

 0  1 
 1 83 
[1] "Fitting mean A"
[1] "Fitting variance A"
[1] "DR"
[1] 0.1480399
[1] 0.1434444
[1] 0.9642857

 0  1 
 3 81 
[1] "se comparison"
[1] 0.05115301
[1] 0.3499497
[1] 85
[1] 0.03801664
[1] 0.006567048
[1] "AdaLSE"
[1] 0.02610121
[1] 0.0575814
[1] 0.9882353

 0  1 
 1 84 
[1] "Fitting mean A"
[1] "Fitting variance A"
[1] "DR"
[1] 0.1564389
[1] 0.1141959
[1] 0.9647059

 0  1 
 3 82 
[1] "se comparison"
[1] 0.05093331
[1] 0.3478647
[1] 86
[1] 0.03801664
[1] 0.006567048
[1] "AdaLSE"
[1] -0.01284245
[1] 0.05222375
[1] 0.9883721

 0  1 
 1 85 
[1] "Fitting mean A"
[1] "Fitting variance A"
[1] "DR"
[1] 0.07274102
[1] 0.1478897
[1] 0.9651163

 0  1 
 3 83 
[1] "se comparison"
[1] 0.05064945
[1] 0.3458899
[1] 87
[1] 0.03801664
[1] 0.006567048
[1] "AdaLSE"
[1] -0.1044611
[1] 0.05158267
[1] 0.9770115

 0  1 
 2 85 
[1] "Fitting mean A"
[1] "Fitting variance A"
[1] "DR"
[1] 1.093107
[1] 0.6467235
[1] 0.9655172

 0  1 
 3 84 
[1] "se comparison"
[1] 0.05156257
[1] 0.3587388
[1] 88
[1] 0.03801664
[1] 0.006567048
[1] "AdaLSE"
[1] -0.03165304
[1] 0.05818096
[1] 0.9772727

 0  1 
 2 86 
[1] "Fitting mean A"
[1] "Fitting variance A"
[1] "DR"
[1] 0.3104559
[1] 0.3244272
[1] 0.9659091

 0  1 
 3 85 
[1] "se comparison"
[1] 0.05136184
[1] 0.3570769
[1] 89
[1] 0.03801664
[1] 0.006567048
[1] "AdaLSE"
[1] -0.04103033
[1] 0.05171042
[1] 0.9775281

 0  1 
 2 87 
[1] "Fitting mean A"
[1] "Fitting variance A"
[1] "DR"
[1] 0.1383621
[1] 0.0985621
[1] 0.9662921

 0  1 
 3 86 
[1] "se comparison"
[1] 0.05123247
[1] 0.3550455
[1] 90
[1] 0.03801664
[1] 0.006567048
[1] "AdaLSE"
[1] -0.0147008
[1] 0.05156682
[1] 0.9777778

 0  1 
 2 88 
[1] "Fitting mean A"
[1] "Fitting variance A"
[1] "DR"
[1] -0.264234
[1] 0.2120905
[1] 0.9666667

 0  1 
 3 87 
[1] "se comparison"
[1] 0.050959
[1] 0.355767
[1] 91
[1] 0.03801664
[1] 0.006567048
[1] "AdaLSE"
[1] -0.01302121
[1] 0.05216308
[1] 0.978022

 0  1 
 2 89 
[1] "Fitting mean A"
[1] "Fitting variance A"
[1] "DR"
[1] 0.08759319
[1] 0.1340976
[1] 0.967033

 0  1 
 3 88 
[1] "se comparison"
[1] 0.05068592
[1] 0.3538414
[1] 92
[1] 0.03801664
[1] 0.006567048
[1] "AdaLSE"
[1] 0.05277168
[1] 0.05679548
[1] 0.9782609

 0  1 
 2 90 
[1] "Fitting mean A"
[1] "Fitting variance A"
[1] "DR"
[1] 0.1373864
[1] 0.1436207
[1] 0.9673913

 0  1 
 3 89 
[1] "se comparison"
[1] 0.05074266
[1] 0.3518933
[1] 93
[1] 0.03801664
[1] 0.006567048
[1] "AdaLSE"
[1] -0.04247821
[1] 0.05329641
[1] 0.9784946

 0  1 
 2 91 
[1] "Fitting mean A"
[1] "Fitting variance A"
[1] "DR"
[1] 0.126533
[1] 0.149993
[1] 0.9677419

 0  1 
 3 90 
[1] "se comparison"
[1] 0.05063579
[1] 0.3499821
[1] 94
[1] 0.03801664
[1] 0.006567048
[1] "AdaLSE"
[1] 0.08833333
[1] 0.05234397
[1] 0.9787234

 0  1 
 2 92 
[1] "Fitting mean A"
[1] "Fitting variance A"
[1] "DR"
[1] 0.02350141
[1] 0.1758497
[1] 0.9680851

 0  1 
 3 91 
[1] "se comparison"
[1] 0.05123567
[1] 0.3483278
[1] 95
[1] 0.03801664
[1] 0.006567048
[1] "AdaLSE"
[1] 0.08338482
[1] 0.05704859
[1] 0.9789474

 0  1 
 2 93 
[1] "Fitting mean A"
[1] "Fitting variance A"
[1] "DR"
[1] 0.1696365
[1] 0.2191729
[1] 0.9684211

 0  1 
 3 92 
[1] "se comparison"
[1] 0.05170981
[1] 0.3464788
[1] 96
[1] 0.03801664
[1] 0.006567048
[1] "AdaLSE"
[1] 0.07953895
[1] 0.05288984
[1] 0.9791667

 0  1 
 2 94 
[1] "Fitting mean A"
[1] "Fitting variance A"
[1] "DR"
[1] 0.1309168
[1] 0.1880194
[1] 0.96875

 0  1 
 3 93 
[1] "se comparison"
[1] 0.05209117
[1] 0.3446538
[1] 97
[1] 0.03801664
[1] 0.006567048
[1] "AdaLSE"
[1] -0.001397142
[1] 0.05697573
[1] 0.9793814

 0  1 
 2 95 
[1] "Fitting mean A"
[1] "Fitting variance A"
[1] "DR"
[1] 0.004922742
[1] 0.05001521
[1] 0.9690722

 0  1 
 3 94 
[1] "se comparison"
[1] 0.05181928
[1] 0.3431515
[1] 98
[1] 0.03801664
[1] 0.006567048
[1] "AdaLSE"
[1] -0.1271963
[1] 0.05784436
[1] 0.9693878

 0  1 
 3 95 
[1] "Fitting mean A"
[1] "Fitting variance A"
[1] "DR"
[1] 1.307796
[1] 1.322351
[1] 0.9693878

 0  1 
 3 95 
[1] "se comparison"
[1] 0.053122
[1] 0.3610478
[1] 99
[1] 0.03801664
[1] 0.006567048
[1] "AdaLSE"
[1] -0.04436007
[1] 0.05200211
[1] 0.969697

 0  1 
 3 96 
[1] "Fitting mean A"
[1] "Fitting variance A"
[1] "DR"
[1] -0.4459972
[1] 0.4574503
[1] 0.969697

 0  1 
 3 96 
[1] "se comparison"
[1] 0.053025
[1] 0.3642616
[1] 100
[1] 0.03801664
[1] 0.006567048
[1] "AdaLSE"
[1] -0.0553477
[1] 0.05344135
[1] 0.97

 0  1 
 3 97 
[1] "Fitting mean A"
[1] "Fitting variance A"
[1] "DR"
[1] 0.318657
[1] 0.1847027
[1] 0.97

 0  1 
 3 97 
[1] "se comparison"
[1] 0.05302558
[1] 0.3628096
[1] 101
[1] 0.03801664
[1] 0.006567048
[1] "AdaLSE"
[1] 0.00873166
[1] 0.05700946
[1] 0.970297

 0  1 
 3 98 
[1] "Fitting mean A"
[1] "Fitting variance A"
[1] "DR"
[1] 0.5083091
[1] 0.4641209
[1] 0.970297

 0  1 
 3 98 
[1] "se comparison"
[1] 0.05277169
[1] 0.3627312
[1] 102
[1] 0.03801664
[1] 0.006567048
[1] "AdaLSE"
[1] 0.2039586
[1] 0.06186927
[1] 0.9607843

 0  1 
 4 98 
[1] "Fitting mean A"
[1] "Fitting variance A"
[1] "DR"
[1] 0.4484665
[1] 0.1162996
[1] 0.9607843

 0  1 
 4 98 
[1] "se comparison"
[1] 0.05634577
[1] 0.3620974
[1] 103
[1] 0.03801664
[1] 0.006567048
[1] "AdaLSE"
[1] -0.1050147
[1] 0.05230563
[1] 0.9514563

 0  1 
 5 98 
[1] "Fitting mean A"
[1] "Fitting variance A"
[1] "DR"
[1] -0.13027
[1] 0.1631443
[1] 0.961165

 0  1 
 4 99 
[1] "se comparison"
[1] 0.05700862
[1] 0.3614363
[1] 104
[1] 0.03801664
[1] 0.006567048
[1] "AdaLSE"
[1] 0.003026794
[1] 0.05545674
[1] 0.9519231

 0  1 
 5 99 
[1] "Fitting mean A"
[1] "Fitting variance A"
[1] "DR"
[1] -0.005648905
[1] 0.05832501
[1] 0.9615385

  0   1 
  4 100 
[1] "se comparison"
[1] 0.05673287
[1] 0.3600234
[1] 105
[1] 0.03801664
[1] 0.006567048
[1] "AdaLSE"
[1] -0.09501134
[1] 0.05272938
[1] 0.952381

  0   1 
  5 100 
[1] "Fitting mean A"
[1] "Fitting variance A"
[1] "DR"
[1] 0.08745015
[1] 0.258812
[1] 0.9619048

  0   1 
  4 101 
[1] "se comparison"
[1] 0.05719426
[1] 0.3583467
[1] 106
[1] 0.03801664
[1] 0.006567048
[1] "AdaLSE"
[1] -0.02086454
[1] 0.04920069
[1] 0.9528302

  0   1 
  5 101 
[1] "Fitting mean A"
[1] "Fitting variance A"
[1] "DR"
[1] -0.6472027
[1] 0.7295284
[1] 0.9622642

  0   1 
  4 102 
[1] "se comparison"
[1] 0.05694993
[1] 0.3650088
[1] 107
[1] 0.03801664
[1] 0.006567048
[1] "AdaLSE"
[1] 0.03307511
[1] 0.05455016
[1] 0.953271

  0   1 
  5 102 
[1] "Fitting mean A"
[1] "Fitting variance A"
[1] "DR"
[1] -0.1523685
[1] 0.2128126
[1] 0.9626168

  0   1 
  4 103 
[1] "se comparison"
[1] 0.05678453
[1] 0.3644227
[1] 108
[1] 0.03801664
[1] 0.006567048
[1] "AdaLSE"
[1] 0.003008178
[1] 0.05178322
[1] 0.9537037

  0   1 
  5 103 
[1] "Fitting mean A"
[1] "Fitting variance A"
[1] "DR"
[1] 0.01717813
[1] 0.2058844
[1] 0.962963

  0   1 
  4 104 
[1] "se comparison"
[1] 0.0565207
[1] 0.362917
[1] 109
[1] 0.03801664
[1] 0.006567048
[1] "AdaLSE"
[1] 0.07161707
[1] 0.05455635
[1] 0.9541284

  0   1 
  5 104 
[1] "Fitting mean A"
[1] "Fitting variance A"
[1] "DR"
[1] 0.1779746
[1] 0.1498222
[1] 0.9633028

  0   1 
  4 105 
[1] "se comparison"
[1] 0.05669927
[1] 0.3612498
[1] 110
[1] 0.03801664
[1] 0.006567048
[1] "AdaLSE"
[1] 0.03299742
[1] 0.05404205
[1] 0.9545455

  0   1 
  5 105 
[1] "Fitting mean A"
[1] "Fitting variance A"
[1] "DR"
[1] 0.09190667
[1] 0.1118019
[1] 0.9636364

  0   1 
  4 106 
[1] "se comparison"
[1] 0.05653369
[1] 0.3596205
[1] 111
[1] 0.03801664
[1] 0.006567048
[1] "AdaLSE"
[1] -0.07260443
[1] 0.0572651
[1] 0.954955

  0   1 
  5 106 
[1] "Fitting mean A"
[1] "Fitting variance A"
[1] "DR"
[1] -0.02997719
[1] 0.1915191
[1] 0.963964

  0   1 
  4 107 
[1] "se comparison"
[1] 0.05668426
[1] 0.3583518
[1] 112
[1] 0.03801664
[1] 0.006567048
[1] "AdaLSE"
[1] 0.1015525
[1] 0.05651196
[1] 0.9553571

  0   1 
  5 107 
[1] "Fitting mean A"
[1] "Fitting variance A"
[1] "DR"
[1] 0.3963963
[1] 0.3857859
[1] 0.9642857

  0   1 
  4 108 
[1] "se comparison"
[1] 0.05726579
[1] 0.3575561
[1] 113
[1] 0.03801664
[1] 0.006567048
[1] "AdaLSE"
[1] 0.04106848
[1] 0.05529103
[1] 0.9557522

  0   1 
  5 108 
[1] "Fitting mean A"
[1] "Fitting variance A"
[1] "DR"
[1] 0.1317883
[1] 0.2272998
[1] 0.9646018

  0   1 
  4 109 
[1] "se comparison"
[1] 0.0571454
[1] 0.3559577
[1] 114
[1] 0.03801664
[1] 0.006567048
[1] "AdaLSE"
[1] -0.01519338
[1] 0.05310888
[1] 0.9561404

  0   1 
  5 109 
[1] "Fitting mean A"
[1] "Fitting variance A"
[1] "DR"
[1] 0.114094
[1] 0.156231
[1] 0.9649123

  0   1 
  4 110 
[1] "se comparison"
[1] 0.05690881
[1] 0.3543889
[1] 115
[1] 0.03801664
[1] 0.006567048
[1] "AdaLSE"
[1] -0.03557736
[1] 0.05404576
[1] 0.9565217

  0   1 
  5 110 
[1] "Fitting mean A"
[1] "Fitting variance A"
[1] "DR"
[1] 0.1223703
[1] 0.2435132
[1] 0.9652174

  0   1 
  4 111 
[1] "se comparison"
[1] 0.05675273
[1] 0.3528358
[1] 116
[1] 0.03801664
[1] 0.006567048
[1] "AdaLSE"
[1] 0.02739745
[1] 0.05758485
[1] 0.9568966

  0   1 
  5 111 
[1] "Fitting mean A"
[1] "Fitting variance A"
[1] "DR"
[1] 0.1289722
[1] 0.2178249
[1] 0.9655172

  0   1 
  4 112 
[1] "se comparison"
[1] 0.05656629
[1] 0.3513004
[1] 117
[1] 0.03801664
[1] 0.006567048
[1] "AdaLSE"
[1] -0.0120531
[1] 0.05209471
[1] 0.957265

  0   1 
  5 112 
[1] "Fitting mean A"
[1] "Fitting variance A"
[1] "DR"
[1] 0.01785096
[1] 0.144188
[1] 0.965812

  0   1 
  4 113 
[1] "se comparison"
[1] 0.05633188
[1] 0.3499699
[1] 118
[1] 0.03801664
[1] 0.006567048
[1] "AdaLSE"
[1] 0.05004128
[1] 0.0560215
[1] 0.9576271

  0   1 
  5 113 
[1] "Fitting mean A"
[1] "Fitting variance A"
[1] "DR"
[1] 0.1210127
[1] 0.2095776
[1] 0.9661017

  0   1 
  4 114 
[1] "se comparison"
[1] 0.05628486
[1] 0.3484757
[1] 119
[1] 0.03801664
[1] 0.006567048
[1] "AdaLSE"
[1] 0.03113833
[1] 0.05346465
[1] 0.9579832

  0   1 
  5 114 
[1] "Fitting mean A"
[1] "Fitting variance A"
[1] "DR"
[1] 0.2625902
[1] 0.2288486
[1] 0.9663866

  0   1 
  4 115 
[1] "se comparison"
[1] 0.05611981
[1] 0.3471768
[1] 120
[1] 0.03801664
[1] 0.006567048
[1] "AdaLSE"
[1] 0.04583055
[1] 0.05236636
[1] 0.9583333

  0   1 
  5 115 
[1] "Fitting mean A"
[1] "Fitting variance A"
[1] "DR"
[1] -1.117494
[1] 0.891581
[1] 0.9666667

  0   1 
  4 116 
[1] "se comparison"
[1] 0.05604
[1] 0.3643153
[1] 121
[1] 0.03801664
[1] 0.006567048
[1] "AdaLSE"
[1] -0.04840966
[1] 0.05301501
[1] 0.9586777

  0   1 
  5 116 
[1] "Fitting mean A"
[1] "Fitting variance A"
[1] "DR"
[1] 0.1124034
[1] 0.256346
[1] 0.9669421

  0   1 
  4 117 
[1] "se comparison"
[1] 0.05598191
[1] 0.362798
[1] 122
[1] 0.03801664
[1] 0.006567048
[1] "AdaLSE"
[1] 0.1090226
[1] 0.05806861
[1] 0.9590164

  0   1 
  5 117 
[1] "Fitting mean A"
[1] "Fitting variance A"
[1] "DR"
[1] 0.000123167
[1] 0.1733173
[1] 0.9672131

  0   1 
  4 118 
[1] "se comparison"
[1] 0.0566177
[1] 0.3614892
[1] 123
[1] 0.03801664
[1] 0.006567048
[1] "AdaLSE"
[1] -0.0472453
[1] 0.06787354
[1] 0.9593496

  0   1 
  5 118 
[1] "Fitting mean A"
[1] "Fitting variance A"
[1] "DR"
[1] 0.04758027
[1] 0.1182753
[1] 0.9674797

  0   1 
  4 119 
[1] "se comparison"
[1] 0.05655175
[1] 0.3600808
[1] 124
[1] 0.03801664
[1] 0.006567048
[1] "AdaLSE"
[1] -0.003572018
[1] 0.05762243
[1] 0.9596774

  0   1 
  5 119 
[1] "Fitting mean A"
[1] "Fitting variance A"
[1] "DR"
[1] 0.1785115
[1] 0.1944505
[1] 0.9677419

  0   1 
  4 120 
[1] "se comparison"
[1] 0.05632257
[1] 0.3586416
[1] 125
[1] 0.03801664
[1] 0.006567048
[1] "AdaLSE"
[1] -0.03707164
[1] 0.05417464
[1] 0.96

  0   1 
  5 120 
[1] "Fitting mean A"
[1] "Fitting variance A"
[1] "DR"
[1] 0.2025826
[1] 0.1837891
[1] 0.968

  0   1 
  4 121 
[1] "se comparison"
[1] 0.05619522
[1] 0.3572525
[1] 126
[1] 0.03801664
[1] 0.006567048
[1] "AdaLSE"
[1] 0.05181754
[1] 0.0590703
[1] 0.9603175

  0   1 
  5 121 
[1] "Fitting mean A"
[1] "Fitting variance A"
[1] "DR"
[1] 0.9762765
[1] 0.6506482
[1] 0.968254

  0   1 
  4 122 
[1] "se comparison"
[1] 0.05615905
[1] 0.3637201
[1] 127
[1] 0.03801664
[1] 0.006567048
[1] "AdaLSE"
[1] 0.08854614
[1] 0.05566467
[1] 0.9606299

  0   1 
  5 122 
[1] "Fitting mean A"
[1] "Fitting variance A"
[1] "DR"
[1] 0.2211182
[1] 0.1203919
[1] 0.9685039

  0   1 
  4 123 
[1] "se comparison"
[1] 0.0564782
[1] 0.3623513
[1] 128
[1] 0.03801664
[1] 0.006567048
[1] "AdaLSE"
[1] -0.08950922
[1] 0.05178698
[1] 0.9609375

  0   1 
  5 123 
[1] "Fitting mean A"
[1] "Fitting variance A"
[1] "DR"
[1] -0.03144532
[1] 0.0700221
[1] 0.96875

  0   1 
  4 124 
[1] "se comparison"
[1] 0.05682435
[1] 0.3612302
[1] 129
[1] 0.03801664
[1] 0.006567048
[1] "AdaLSE"
[1] -0.1097863
[1] 0.05424933
[1] 0.9534884

  0   1 
  6 123 
[1] "Fitting mean A"
[1] "Fitting variance A"
[1] "DR"
[1] -0.3793571
[1] 0.5264272
[1] 0.9689922

  0   1 
  4 125 
[1] "se comparison"
[1] 0.05742922
[1] 0.3626668
[1] 130
[1] 0.03801664
[1] 0.006567048
[1] "AdaLSE"
[1] 0.006895174
[1] 0.05239062
[1] 0.9538462

  0   1 
  6 124 
[1] "Fitting mean A"
[1] "Fitting variance A"
[1] "DR"
[1] 0.09121699
[1] 0.07321524
[1] 0.9692308

  0   1 
  4 126 
[1] "se comparison"
[1] 0.0572097
[1] 0.3612761
[1] 131
[1] 0.03801664
[1] 0.006567048
[1] "AdaLSE"
[1] -0.01844602
[1] 0.05523698
[1] 0.9541985

  0   1 
  6 125 
[1] "Fitting mean A"
[1] "Fitting variance A"
[1] "DR"
[1] 0.1690241
[1] 0.2198705
[1] 0.9694656

  0   1 
  4 127 
[1] "se comparison"
[1] 0.05701136
[1] 0.3598987
[1] 132
[1] 0.03801664
[1] 0.006567048
[1] "AdaLSE"
[1] -0.001240377
[1] 0.05730723
[1] 0.9545455

  0   1 
  6 126 
[1] "Fitting mean A"
[1] "Fitting variance A"
[1] "DR"
[1] 0.8620202
[1] 0.7468944
[1] 0.969697

  0   1 
  4 128 
[1] "se comparison"
[1] 0.05679339
[1] 0.3641088
[1] 133
[1] 0.03801664
[1] 0.006567048
[1] "AdaLSE"
[1] -0.02602092
[1] 0.05714528
[1] 0.9548872

  0   1 
  6 127 
[1] "Fitting mean A"
[1] "Fitting variance A"
[1] "DR"
[1] 0.1191636
[1] 0.4196736
[1] 0.9699248

  0   1 
  4 129 
[1] "se comparison"
[1] 0.0566214
[1] 0.3627305
[1] 134
[1] 0.03801664
[1] 0.006567048
[1] "AdaLSE"
[1] -0.0008025889
[1] 0.056265
[1] 0.9552239

  0   1 
  6 128 
[1] "Fitting mean A"
[1] "Fitting variance A"
[1] "DR"
[1] 0.377377
[1] 0.2168565
[1] 0.9701493

  0   1 
  4 130 
[1] "se comparison"
[1] 0.05640813
[1] 0.3619583
[1] 135
[1] 0.03801664
[1] 0.006567048
[1] "AdaLSE"
[1] 0.09091424
[1] 0.05320729
[1] 0.9555556

  0   1 
  6 129 
[1] "Fitting mean A"
[1] "Fitting variance A"
[1] "DR"
[1] 0.1177938
[1] 0.0890083
[1] 0.9703704

  0   1 
  4 131 
[1] "se comparison"
[1] 0.05674665
[1] 0.3606099
[1] 136
[1] 0.03801664
[1] 0.006567048
[1] "AdaLSE"
[1] -0.121368
[1] 0.05374121
[1] 0.9485294

  0   1 
  7 129 
[1] "Fitting mean A"
[1] "Fitting variance A"
[1] "DR"
[1] 0.04143443
[1] 0.1467533
[1] 0.9705882

  0   1 
  4 132 
[1] "se comparison"
[1] 0.05748704
[1] 0.3593693
[1] 137
[1] 0.03801664
[1] 0.006567048
[1] "AdaLSE"
[1] -0.03355187
[1] 0.05417709
[1] 0.9489051

  0   1 
  7 130 
[1] "Fitting mean A"
[1] "Fitting variance A"
[1] "DR"
[1] 0.00164079
[1] 0.3184967
[1] 0.9708029

  0   1 
  4 133 
[1] "se comparison"
[1] 0.05734351
[1] 0.3582361
[1] 138
[1] 0.03801664
[1] 0.006567048
[1] "AdaLSE"
[1] -0.0739693
[1] 0.05500886
[1] 0.9492754

  0   1 
  7 131 
[1] "Fitting mean A"
[1] "Fitting variance A"
[1] "DR"
[1] -0.1515079
[1] 0.2175134
[1] 0.9710145

  0   1 
  4 134 
[1] "se comparison"
[1] 0.05746992
[1] 0.3577723
[1] 139
[1] 0.03801664
[1] 0.006567048
[1] "AdaLSE"
[1] 0.04472309
[1] 0.05744588
[1] 0.9496403

  0   1 
  7 132 
[1] "Fitting mean A"
[1] "Fitting variance A"
[1] "DR"
[1] 0.247799
[1] 0.1618602
[1] 0.971223

  0   1 
  4 135 
[1] "se comparison"
[1] 0.05739591
[1] 0.3566014
[1] 140
[1] 0.03801664
[1] 0.006567048
[1] "AdaLSE"
[1] -0.0440804
[1] 0.05337373
[1] 0.95

  0   1 
  7 133 
[1] "Fitting mean A"
[1] "Fitting variance A"
[1] "DR"
[1] 0.003960727
[1] 0.2296701
[1] 0.9714286

  0   1 
  4 136 
[1] "se comparison"
[1] 0.05730348
[1] 0.3554917
[1] 141
[1] 0.03801664
[1] 0.006567048
[1] "AdaLSE"
[1] -0.05325693
[1] 0.05250828
[1] 0.9503546

  0   1 
  7 134 
[1] "Fitting mean A"
[1] "Fitting variance A"
[1] "DR"
[1] -0.09006284
[1] 0.04601398
[1] 0.964539

  0   1 
  5 136 
[1] "se comparison"
[1] 0.05726416
[1] 0.3547271
[1] 142
[1] 0.03801664
[1] 0.006567048
[1] "AdaLSE"
[1] -0.05169315
[1] 0.05300961
[1] 0.9507042

  0   1 
  7 135 
[1] "Fitting mean A"
[1] "Fitting variance A"
[1] "DR"
[1] 0.07065723
[1] 0.08896422
[1] 0.9647887

  0   1 
  5 137 
[1] "se comparison"
[1] 0.05721334
[1] 0.3535063
[1] 143
[1] 0.03801664
[1] 0.006567048
