LOADING R
R LOADED
[1] "/home/lvanderl/Rlibs2"                         
[2] "/app/software/R/4.2.2-foss-2021b/lib/R/library"
[1] "/home/lvanderl/sieveSims"
[1] 1
[1] 0.8273039
[1] 0.8352108
[1] "AdaLSE"
[1] 0.807738
[1] 0.02246197
[1] 1

1 
1 
[1] "Fitting mean A"
[1] "Fitting variance A"
[1] "DR"
[1] 0.8029362
[1] 0.02117548
[1] 1

1 
1 
[1] "se comparison"
[1] NA
[1] NA
[1] 2
[1] 0.8273039
[1] 0.8352108
[1] "AdaLSE"
[1] 0.786436
[1] 0.02314637
[1] 0.5

0 1 
1 1 
[1] "Fitting mean A"
[1] "Fitting variance A"
[1] "DR"
[1] 0.7861558
[1] 0.02199441
[1] 0.5

0 1 
1 1 
[1] "se comparison"
[1] 0.01506278
[1] 0.01186548
[1] 3
[1] 0.8273039
[1] 0.8352108
[1] "AdaLSE"
[1] 0.8869448
[1] 0.02276651
[1] 0.3333333

0 1 
2 1 
[1] "Fitting mean A"
[1] "Fitting variance A"
[1] "DR"
[1] 0.8800591
[1] 0.02056373
[1] 0.3333333

0 1 
2 1 
[1] "se comparison"
[1] 0.05296147
[1] 0.05007885
[1] 4
[1] 0.8273039
[1] 0.8352108
[1] "AdaLSE"
[1] 0.8645955
[1] 0.02162709
[1] 0.5

0 1 
2 2 
[1] "Fitting mean A"
[1] "Fitting variance A"
[1] "DR"
[1] 0.8628481
[1] 0.02002591
[1] 0.5

0 1 
2 2 
[1] "se comparison"
[1] 0.04714399
[1] 0.04547409
[1] 5
[1] 0.8273039
[1] 0.8352108
[1] "AdaLSE"
[1] 0.8216386
[1] 0.02142749
[1] 0.6

0 1 
2 3 
[1] "Fitting mean A"
[1] "Fitting variance A"
[1] "DR"
[1] 0.817779
[1] 0.01960149
[1] 0.6

0 1 
2 3 
[1] "se comparison"
[1] 0.04136019
[1] 0.03996567
[1] 6
[1] 0.8273039
[1] 0.8352108
[1] "AdaLSE"
[1] 0.8158203
[1] 0.02335911
[1] 0.6666667

0 1 
2 4 
[1] "Fitting mean A"
[1] "Fitting variance A"
[1] "DR"
[1] 0.8135913
[1] 0.02185777
[1] 0.6666667

0 1 
2 4 
[1] "se comparison"
[1] 0.03768892
[1] 0.0363653
[1] 7
[1] 0.8273039
[1] 0.8352108
[1] "AdaLSE"
[1] 0.8364488
[1] 0.02012482
[1] 0.7142857

0 1 
2 5 
[1] "Fitting mean A"
[1] "Fitting variance A"
[1] "DR"
[1] 0.8270294
[1] 0.01918962
[1] 0.7142857

0 1 
2 5 
[1] "se comparison"
[1] 0.0344778
[1] 0.03319691
[1] 8
[1] 0.8273039
[1] 0.8352108
[1] "AdaLSE"
[1] 0.7969801
[1] 0.02120313
[1] 0.75

0 1 
2 6 
[1] "Fitting mean A"
[1] "Fitting variance A"
[1] "DR"
[1] 0.7920425
[1] 0.02012832
[1] 0.625

0 1 
3 5 
[1] "se comparison"
[1] 0.03415807
[1] 0.03315278
[1] 9
[1] 0.8273039
[1] 0.8352108
[1] "AdaLSE"
[1] 0.8063382
[1] 0.02230469
[1] 0.7777778

0 1 
2 7 
[1] "Fitting mean A"
[1] "Fitting variance A"
[1] "DR"
[1] 0.8022296
[1] 0.02020025
[1] 0.6666667

0 1 
3 6 
[1] "se comparison"
[1] 0.0326911
[1] 0.03176094
[1] 10
[1] 0.8273039
[1] 0.8352108
[1] "AdaLSE"
[1] 0.8699634
[1] 0.02188123
[1] 0.8

0 1 
2 8 
[1] "Fitting mean A"
[1] "Fitting variance A"
[1] "DR"
[1] 0.8644878
[1] 0.02058448
[1] 0.7

0 1 
3 7 
[1] "se comparison"
[1] 0.03397347
[1] 0.03301513
[1] 11
[1] 0.8273039
[1] 0.8352108
[1] "AdaLSE"
[1] 0.8382633
[1] 0.02366754
[1] 0.8181818

0 1 
2 9 
[1] "Fitting mean A"
[1] "Fitting variance A"
[1] "DR"
[1] 0.8313491
[1] 0.02217484
[1] 0.7272727

0 1 
3 8 
[1] "se comparison"
[1] 0.03234342
[1] 0.0313809
[1] 12
[1] 0.8273039
[1] 0.8352108
[1] "AdaLSE"
[1] 0.8515654
[1] 0.02207676
[1] 0.8333333

 0  1 
 2 10 
[1] "Fitting mean A"
[1] "Fitting variance A"
[1] "DR"
[1] 0.8419201
[1] 0.02122327
[1] 0.75

0 1 
3 9 
[1] "se comparison"
[1] 0.03145429
[1] 0.03029362
[1] 13
[1] 0.8273039
[1] 0.8352108
[1] "AdaLSE"
[1] 0.8348934
[1] 0.02233853
[1] 0.8461538

 0  1 
 2 11 
[1] "Fitting mean A"
[1] "Fitting variance A"
[1] "DR"
[1] 0.8265804
[1] 0.02138775
[1] 0.7692308

 0  1 
 3 10 
[1] "se comparison"
[1] 0.03012667
[1] 0.02900405
[1] 14
[1] 0.8273039
[1] 0.8352108
[1] "AdaLSE"
[1] 0.8443049
[1] 0.02204416
[1] 0.8571429

 0  1 
 2 12 
[1] "Fitting mean A"
[1] "Fitting variance A"
[1] "DR"
[1] 0.8422466
[1] 0.02123437
[1] 0.7857143

 0  1 
 3 11 
[1] "se comparison"
[1] 0.02912724
[1] 0.02816849
[1] 15
[1] 0.8273039
[1] 0.8352108
[1] "AdaLSE"
[1] 0.8171427
[1] 0.02167657
[1] 0.8666667

 0  1 
 2 13 
[1] "Fitting mean A"
[1] "Fitting variance A"
[1] "DR"
[1] 0.8142074
[1] 0.02015806
[1] 0.8

 0  1 
 3 12 
[1] "se comparison"
[1] 0.02836458
[1] 0.02737467
[1] 16
[1] 0.8273039
[1] 0.8352108
[1] "AdaLSE"
[1] 0.8211776
[1] 0.02078864
[1] 0.875

 0  1 
 2 14 
[1] "Fitting mean A"
[1] "Fitting variance A"
[1] "DR"
[1] 0.822661
[1] 0.02020797
[1] 0.8125

 0  1 
 3 13 
[1] "se comparison"
[1] 0.02753452
[1] 0.026469
[1] 17
[1] 0.8273039
[1] 0.8352108
[1] "AdaLSE"
[1] 0.8413184
[1] 0.02089598
[1] 0.8823529

 0  1 
 2 15 
[1] "Fitting mean A"
[1] "Fitting variance A"
[1] "DR"
[1] 0.8388513
[1] 0.01953486
[1] 0.8235294

 0  1 
 3 14 
[1] "se comparison"
[1] 0.02677144
[1] 0.0257958
[1] 18
[1] 0.8273039
[1] 0.8352108
[1] "AdaLSE"
[1] 0.8454769
[1] 0.02054785
[1] 0.8888889

 0  1 
 2 16 
[1] "Fitting mean A"
[1] "Fitting variance A"
[1] "DR"
[1] 0.8408132
[1] 0.0192402
[1] 0.8333333

 0  1 
 3 15 
[1] "se comparison"
[1] 0.02616976
[1] 0.02522247
[1] 19
[1] 0.8273039
[1] 0.8352108
[1] "AdaLSE"
[1] 0.8086383
[1] 0.01988791
[1] 0.8947368

 0  1 
 2 17 
[1] "Fitting mean A"
[1] "Fitting variance A"
[1] "DR"
[1] 0.8027795
[1] 0.01818879
[1] 0.8421053

 0  1 
 3 16 
[1] "se comparison"
[1] 0.02602042
[1] 0.0251966
[1] 20
[1] 0.8273039
[1] 0.8352108
[1] "AdaLSE"
[1] 0.8529525
[1] 0.02138103
[1] 0.9

 0  1 
 2 18 
[1] "Fitting mean A"
[1] "Fitting variance A"
[1] "DR"
[1] 0.8487048
[1] 0.0204098
[1] 0.85

 0  1 
 3 17 
[1] "se comparison"
[1] 0.02578288
[1] 0.02500576
[1] 21
[1] 0.8273039
[1] 0.8352108
[1] "AdaLSE"
[1] 0.8378873
[1] 0.02164545
[1] 0.9047619

 0  1 
 2 19 
[1] "Fitting mean A"
[1] "Fitting variance A"
[1] "DR"
[1] 0.8317634
[1] 0.02071795
[1] 0.8571429

 0  1 
 3 18 
[1] "se comparison"
[1] 0.02515822
[1] 0.0243867
[1] 22
[1] 0.8273039
[1] 0.8352108
[1] "AdaLSE"
[1] 0.7879216
[1] 0.02154298
[1] 0.8636364

 0  1 
 3 19 
[1] "Fitting mean A"
[1] "Fitting variance A"
[1] "DR"
[1] 0.7885947
[1] 0.0201188
[1] 0.8181818

 0  1 
 4 18 
[1] "se comparison"
[1] 0.02634205
[1] 0.02524859
[1] 23
[1] 0.8273039
[1] 0.8352108
[1] "AdaLSE"
[1] 0.823348
[1] 0.02183402
[1] 0.8695652

 0  1 
 3 20 
[1] "Fitting mean A"
[1] "Fitting variance A"
[1] "DR"
[1] 0.8238858
[1] 0.01983376
[1] 0.826087

 0  1 
 4 19 
[1] "se comparison"
[1] 0.02578148
[1] 0.02467342
[1] 24
[1] 0.8273039
[1] 0.8352108
[1] "AdaLSE"
[1] 0.8531715
[1] 0.02132468
[1] 0.875

 0  1 
 3 21 
[1] "Fitting mean A"
[1] "Fitting variance A"
[1] "DR"
[1] 0.8475878
[1] 0.02016797
[1] 0.8333333

 0  1 
 4 20 
[1] "se comparison"
[1] 0.02564191
[1] 0.02452138
[1] 25
[1] 0.8273039
[1] 0.8352108
[1] "AdaLSE"
[1] 0.8571317
[1] 0.02115115
[1] 0.88

 0  1 
 3 22 
[1] "Fitting mean A"
[1] "Fitting variance A"
[1] "DR"
[1] 0.853686
[1] 0.02033846
[1] 0.84

 0  1 
 4 21 
[1] "se comparison"
[1] 0.02562855
[1] 0.02458565
[1] 26
[1] 0.8273039
[1] 0.8352108
[1] "AdaLSE"
[1] 0.8527529
[1] 0.02118415
[1] 0.8846154

 0  1 
 3 23 
[1] "Fitting mean A"
[1] "Fitting variance A"
[1] "DR"
[1] 0.8467879
[1] 0.02017955
[1] 0.8461538

 0  1 
 4 22 
[1] "se comparison"
[1] 0.02542836
[1] 0.02436344
[1] 27
[1] 0.8273039
[1] 0.8352108
[1] "AdaLSE"
[1] 0.7846528
[1] 0.02137205
[1] 0.8518519

 0  1 
 4 23 
[1] "Fitting mean A"
[1] "Fitting variance A"
[1] "DR"
[1] 0.7826797
[1] 0.01999601
[1] 0.8148148

 0  1 
 5 22 
[1] "se comparison"
[1] 0.02662137
[1] 0.02549301
[1] 28
[1] 0.8273039
[1] 0.8352108
[1] "AdaLSE"
[1] 0.8383152
[1] 0.02087053
[1] 0.8571429

 0  1 
 4 24 
[1] "Fitting mean A"
[1] "Fitting variance A"
[1] "DR"
[1] 0.8314811
[1] 0.01924547
[1] 0.8214286

 0  1 
 5 23 
[1] "se comparison"
[1] 0.0261572
[1] 0.02502957
[1] 29
[1] 0.8273039
[1] 0.8352108
[1] "AdaLSE"
[1] 0.8497256
[1] 0.02016806
[1] 0.862069

 0  1 
 4 25 
[1] "Fitting mean A"
[1] "Fitting variance A"
[1] "DR"
[1] 0.8442304
[1] 0.01922993
[1] 0.8275862

 0  1 
 5 24 
[1] "se comparison"
[1] 0.0259063
[1] 0.02477768
[1] 30
[1] 0.8273039
[1] 0.8352108
[1] "AdaLSE"
[1] 0.8526455
[1] 0.02326533
[1] 0.8666667

 0  1 
 4 26 
[1] "Fitting mean A"
[1] "Fitting variance A"
[1] "DR"
[1] 0.8487735
[1] 0.02185233
[1] 0.8333333

 0  1 
 5 25 
[1] "se comparison"
[1] 0.02572819
[1] 0.02464234
[1] 31
[1] 0.8273039
[1] 0.8352108
[1] "AdaLSE"
[1] 0.836878
[1] 0.02238433
[1] 0.8709677

 0  1 
 4 27 
[1] "Fitting mean A"
[1] "Fitting variance A"
[1] "DR"
[1] 0.8299758
[1] 0.02132343
[1] 0.8387097

 0  1 
 5 26 
[1] "se comparison"
[1] 0.02530598
[1] 0.02422937
[1] 32
[1] 0.8273039
[1] 0.8352108
[1] "AdaLSE"
[1] 0.7804508
[1] 0.020608
[1] 0.84375

 0  1 
 5 27 
[1] "Fitting mean A"
[1] "Fitting variance A"
[1] "DR"
[1] 0.7784557
[1] 0.01915358
[1] 0.8125

 0  1 
 6 26 
[1] "se comparison"
[1] 0.02657134
[1] 0.02543454
[1] 33
[1] 0.8273039
[1] 0.8352108
[1] "AdaLSE"
[1] 0.851861
[1] 0.02196657
[1] 0.8484848

 0  1 
 5 28 
[1] "Fitting mean A"
[1] "Fitting variance A"
[1] "DR"
[1] 0.843169
[1] 0.02107425
[1] 0.8181818

 0  1 
 6 27 
[1] "se comparison"
[1] 0.02639524
[1] 0.02518978
[1] 34
[1] 0.8273039
[1] 0.8352108
[1] "AdaLSE"
[1] 0.8473553
[1] 0.02187451
[1] 0.8529412

 0  1 
 5 29 
[1] "Fitting mean A"
[1] "Fitting variance A"
[1] "DR"
[1] 0.8432444
[1] 0.01990956
[1] 0.8235294

 0  1 
 6 28 
[1] "se comparison"
[1] 0.02612562
[1] 0.02495011
[1] 35
[1] 0.8273039
[1] 0.8352108
[1] "AdaLSE"
[1] 0.8464978
[1] 0.02087144
[1] 0.8571429

 0  1 
 5 30 
[1] "Fitting mean A"
[1] "Fitting variance A"
[1] "DR"
[1] 0.8430031
[1] 0.02018672
[1] 0.8285714

 0  1 
 6 29 
[1] "se comparison"
[1] 0.02584811
[1] 0.02471013
[1] 36
[1] 0.8273039
[1] 0.8352108
[1] "AdaLSE"
[1] 0.8737538
[1] 0.02166927
[1] 0.8611111

 0  1 
 5 31 
[1] "Fitting mean A"
[1] "Fitting variance A"
[1] "DR"
[1] 0.8662412
[1] 0.02030924
[1] 0.8333333

 0  1 
 6 30 
[1] "se comparison"
[1] 0.02637318
[1] 0.02515484
[1] 37
[1] 0.8273039
[1] 0.8352108
[1] "AdaLSE"
[1] 0.799914
[1] 0.02197372
[1] 0.8648649

 0  1 
 5 32 
[1] "Fitting mean A"
[1] "Fitting variance A"
[1] "DR"
[1] 0.7952162
[1] 0.02089772
[1] 0.8378378

 0  1 
 6 31 
[1] "se comparison"
[1] 0.02660026
[1] 0.02543618
[1] 38
[1] 0.8273039
[1] 0.8352108
[1] "AdaLSE"
[1] 0.8491421
[1] 0.02223095
[1] 0.8684211

 0  1 
 5 33 
[1] "Fitting mean A"
[1] "Fitting variance A"
[1] "DR"
[1] 0.8471658
[1] 0.02102493
[1] 0.8421053

 0  1 
 6 32 
[1] "se comparison"
[1] 0.02636785
[1] 0.02527029
[1] 39
[1] 0.8273039
[1] 0.8352108
[1] "AdaLSE"
[1] 0.8012422
[1] 0.02206027
[1] 0.8717949

 0  1 
 5 34 
[1] "Fitting mean A"
[1] "Fitting variance A"
[1] "DR"
[1] 0.8005098
[1] 0.02087657
[1] 0.8461538

 0  1 
 6 33 
[1] "se comparison"
[1] 0.02652559
[1] 0.0253519
[1] 40
[1] 0.8273039
[1] 0.8352108
[1] "AdaLSE"
[1] 0.8224655
[1] 0.0201628
[1] 0.875

 0  1 
 5 35 
[1] "Fitting mean A"
[1] "Fitting variance A"
[1] "DR"
[1] 0.8206228
[1] 0.01869786
[1] 0.85

 0  1 
 6 34 
[1] "se comparison"
[1] 0.02623276
[1] 0.02505459
[1] 41
[1] 0.8273039
[1] 0.8352108
[1] "AdaLSE"
[1] 0.8329921
[1] 0.02443929
[1] 0.8780488

 0  1 
 5 36 
[1] "Fitting mean A"
[1] "Fitting variance A"
[1] "DR"
[1] 0.8282668
[1] 0.02274203
[1] 0.8536585

 0  1 
 6 35 
[1] "se comparison"
[1] 0.02590295
[1] 0.02473943
[1] 42
[1] 0.8273039
[1] 0.8352108
[1] "AdaLSE"
[1] 0.8658165
[1] 0.02218863
[1] 0.8809524

 0  1 
 5 37 
[1] "Fitting mean A"
[1] "Fitting variance A"
[1] "DR"
[1] 0.8638926
[1] 0.02103807
[1] 0.8571429

 0  1 
 6 36 
[1] "se comparison"
[1] 0.02609926
[1] 0.02505014
[1] 43
[1] 0.8273039
[1] 0.8352108
[1] "AdaLSE"
[1] 0.7972711
[1] 0.02312819
[1] 0.8837209

 0  1 
 5 38 
[1] "Fitting mean A"
[1] "Fitting variance A"
[1] "DR"
[1] 0.7939247
[1] 0.02243253
[1] 0.8604651

 0  1 
 6 37 
[1] "se comparison"
[1] 0.02636247
[1] 0.02532192
[1] 44
[1] 0.8273039
[1] 0.8352108
[1] "AdaLSE"
[1] 0.8527052
[1] 0.02255781
[1] 0.8863636

 0  1 
 5 39 
[1] "Fitting mean A"
[1] "Fitting variance A"
[1] "DR"
[1] 0.8480898
[1] 0.02147428
[1] 0.8636364

 0  1 
 6 38 
[1] "se comparison"
[1] 0.0262339
[1] 0.02520482
[1] 45
[1] 0.8273039
[1] 0.8352108
[1] "AdaLSE"
[1] 0.8038476
[1] 0.02272122
[1] 0.8888889

 0  1 
 5 40 
[1] "Fitting mean A"
[1] "Fitting variance A"
[1] "DR"
[1] 0.7962828
[1] 0.02212038
[1] 0.8666667

 0  1 
 6 39 
[1] "se comparison"
[1] 0.0262915
[1] 0.02537957
[1] 46
[1] 0.8273039
[1] 0.8352108
[1] "AdaLSE"
[1] 0.8119571
[1] 0.02257586
[1] 0.8913043

 0  1 
 5 41 
[1] "Fitting mean A"
[1] "Fitting variance A"
[1] "DR"
[1] 0.805512
[1] 0.02076107
[1] 0.8695652

 0  1 
 6 40 
[1] "se comparison"
[1] 0.02616827
[1] 0.02531271
[1] 47
[1] 0.8273039
[1] 0.8352108
[1] "AdaLSE"
[1] 0.8361002
[1] 0.02121571
[1] 0.893617

 0  1 
 5 42 
[1] "Fitting mean A"
[1] "Fitting variance A"
[1] "DR"
[1] 0.824419
[1] 0.01937643
[1] 0.8723404

 0  1 
 6 41 
[1] "se comparison"
[1] 0.02589006
[1] 0.02503994
[1] 48
[1] 0.8273039
[1] 0.8352108
[1] "AdaLSE"
[1] 0.8319428
[1] 0.02256088
[1] 0.8958333

 0  1 
 5 43 
[1] "Fitting mean A"
[1] "Fitting variance A"
[1] "DR"
[1] 0.8238835
[1] 0.02095283
[1] 0.875

 0  1 
 6 42 
[1] "se comparison"
[1] 0.02561315
[1] 0.02477726
[1] 49
[1] 0.8273039
[1] 0.8352108
[1] "AdaLSE"
[1] 0.8510552
[1] 0.02175793
[1] 0.8979592

 0  1 
 5 44 
[1] "Fitting mean A"
[1] "Fitting variance A"
[1] "DR"
[1] 0.8474535
[1] 0.020648
[1] 0.877551

 0  1 
 6 43 
[1] "se comparison"
[1] 0.02549314
[1] 0.02468619
[1] 50
[1] 0.8273039
[1] 0.8352108
[1] "AdaLSE"
[1] 0.8191173
[1] 0.02138128
[1] 0.9

 0  1 
 5 45 
[1] "Fitting mean A"
[1] "Fitting variance A"
[1] "DR"
[1] 0.815123
[1] 0.01958396
[1] 0.88

 0  1 
 6 44 
[1] "se comparison"
[1] 0.02529976
[1] 0.02449781
[1] 51
[1] 0.8273039
[1] 0.8352108
[1] "AdaLSE"
[1] 0.8549991
[1] 0.02207641
[1] 0.9019608

 0  1 
 5 46 
[1] "Fitting mean A"
[1] "Fitting variance A"
[1] "DR"
[1] 0.8531889
[1] 0.02129668
[1] 0.8823529

 0  1 
 6 45 
[1] "se comparison"
[1] 0.02525221
[1] 0.02451766
[1] 52
[1] 0.8273039
[1] 0.8352108
[1] "AdaLSE"
[1] 0.850713
[1] 0.02093732
[1] 0.9038462

 0  1 
 5 47 
[1] "Fitting mean A"
[1] "Fitting variance A"
[1] "DR"
[1] 0.8507115
[1] 0.01885786
[1] 0.8846154

 0  1 
 6 46 
[1] "se comparison"
[1] 0.02513173
[1] 0.02448012
[1] 53
[1] 0.8273039
[1] 0.8352108
[1] "AdaLSE"
[1] 0.8195725
[1] 0.02191285
[1] 0.9056604

 0  1 
 5 48 
[1] "Fitting mean A"
[1] "Fitting variance A"
[1] "DR"
[1] 0.8191955
[1] 0.02065558
[1] 0.8867925

 0  1 
 6 47 
[1] "se comparison"
[1] 0.02495488
[1] 0.02427658
[1] 54
[1] 0.8273039
[1] 0.8352108
[1] "AdaLSE"
[1] 0.8421848
[1] 0.02017968
[1] 0.9074074

 0  1 
 5 49 
[1] "Fitting mean A"
[1] "Fitting variance A"
[1] "DR"
[1] 0.8404788
[1] 0.01905476
[1] 0.8888889

 0  1 
 6 48 
[1] "se comparison"
[1] 0.02475327
[1] 0.02410415
[1] 55
[1] 0.8273039
[1] 0.8352108
[1] "AdaLSE"
[1] 0.8059084
[1] 0.02132217
[1] 0.9090909

 0  1 
 5 50 
[1] "Fitting mean A"
[1] "Fitting variance A"
[1] "DR"
[1] 0.8023889
[1] 0.01977476
[1] 0.8909091

 0  1 
 6 49 
[1] "se comparison"
[1] 0.02478775
[1] 0.02413727
[1] 56
[1] 0.8273039
[1] 0.8352108
[1] "AdaLSE"
[1] 0.8482486
[1] 0.02462289
[1] 0.9107143

 0  1 
 5 51 
[1] "Fitting mean A"
[1] "Fitting variance A"
[1] "DR"
[1] 0.8428964
[1] 0.02266893
[1] 0.8928571

 0  1 
 6 50 
[1] "se comparison"
[1] 0.02465462
[1] 0.0239997
[1] 57
[1] 0.8273039
[1] 0.8352108
[1] "AdaLSE"
[1] 0.8177069
[1] 0.02170413
[1] 0.9122807

 0  1 
 5 52 
[1] "Fitting mean A"
[1] "Fitting variance A"
[1] "DR"
[1] 0.810237
[1] 0.01993557
[1] 0.8947368

 0  1 
 6 51 
[1] "se comparison"
[1] 0.02451197
[1] 0.02390383
[1] 58
[1] 0.8273039
[1] 0.8352108
[1] "AdaLSE"
[1] 0.8412451
[1] 0.02199733
[1] 0.9137931

 0  1 
 5 53 
[1] "Fitting mean A"
[1] "Fitting variance A"
[1] "DR"
[1] 0.8373175
[1] 0.02052311
[1] 0.8965517

 0  1 
 6 52 
[1] "se comparison"
[1] 0.02432474
[1] 0.02372523
[1] 59
[1] 0.8273039
[1] 0.8352108
[1] "AdaLSE"
[1] 0.8336138
[1] 0.02207286
[1] 0.9152542

 0  1 
 5 54 
[1] "Fitting mean A"
[1] "Fitting variance A"
[1] "DR"
[1] 0.8275486
[1] 0.02077462
[1] 0.8983051

 0  1 
 6 53 
[1] "se comparison"
[1] 0.02411465
[1] 0.02351992
[1] 60
[1] 0.8273039
[1] 0.8352108
[1] "AdaLSE"
[1] 0.8588692
[1] 0.0216141
[1] 0.9166667

 0  1 
 5 55 
[1] "Fitting mean A"
[1] "Fitting variance A"
[1] "DR"
[1] 0.8504722
[1] 0.01998285
[1] 0.9

 0  1 
 6 54 
[1] "se comparison"
[1] 0.02415201
[1] 0.02349812
[1] 61
[1] 0.8273039
[1] 0.8352108
[1] "AdaLSE"
[1] 0.8006443
[1] 0.02178091
[1] 0.9180328

 0  1 
 5 56 
[1] "Fitting mean A"
[1] "Fitting variance A"
[1] "DR"
[1] 0.7969203
[1] 0.02052278
[1] 0.9016393

 0  1 
 6 55 
[1] "se comparison"
[1] 0.02430251
[1] 0.02364883
[1] 62
[1] 0.8273039
[1] 0.8352108
[1] "AdaLSE"
[1] 0.8363493
[1] 0.02212052
[1] 0.9193548

 0  1 
 5 57 
[1] "Fitting mean A"
[1] "Fitting variance A"
[1] "DR"
[1] 0.8335397
[1] 0.02058733
[1] 0.9032258

 0  1 
 6 56 
[1] "se comparison"
[1] 0.02410789
[1] 0.02346495
[1] 63
[1] 0.8273039
[1] 0.8352108
[1] "AdaLSE"
[1] 0.8491104
[1] 0.02189241
[1] 0.9206349

 0  1 
 5 58 
[1] "Fitting mean A"
[1] "Fitting variance A"
[1] "DR"
[1] 0.8472647
[1] 0.02066815
[1] 0.9047619

 0  1 
 6 57 
[1] "se comparison"
[1] 0.02400521
[1] 0.02340072
[1] 64
[1] 0.8273039
[1] 0.8352108
[1] "AdaLSE"
[1] 0.8199771
[1] 0.02142757
[1] 0.921875

 0  1 
 5 59 
[1] "Fitting mean A"
[1] "Fitting variance A"
[1] "DR"
[1] 0.8182447
[1] 0.02005591
[1] 0.90625

 0  1 
 6 58 
[1] "se comparison"
[1] 0.02386666
[1] 0.02324852
[1] 65
[1] 0.8273039
[1] 0.8352108
[1] "AdaLSE"
[1] 0.8486565
[1] 0.02336964
[1] 0.9230769

 0  1 
 5 60 
[1] "Fitting mean A"
[1] "Fitting variance A"
[1] "DR"
[1] 0.8456387
[1] 0.02133875
[1] 0.9076923

 0  1 
 6 59 
[1] "se comparison"
[1] 0.02376449
[1] 0.02316759
[1] 66
[1] 0.8273039
[1] 0.8352108
[1] "AdaLSE"
[1] 0.8250451
[1] 0.02201867
[1] 0.9242424

 0  1 
 5 61 
[1] "Fitting mean A"
[1] "Fitting variance A"
[1] "DR"
[1] 0.8209825
[1] 0.02122489
[1] 0.9090909

 0  1 
 6 60 
[1] "se comparison"
[1] 0.02359986
[1] 0.02300705
[1] 67
[1] 0.8273039
[1] 0.8352108
[1] "AdaLSE"
[1] 0.8764071
[1] 0.02151274
[1] 0.9253731

 0  1 
 5 62 
[1] "Fitting mean A"
[1] "Fitting variance A"
[1] "DR"
[1] 0.867113
[1] 0.0209187
[1] 0.9104478

 0  1 
 6 61 
[1] "se comparison"
[1] 0.02402419
[1] 0.02331837
[1] 68
[1] 0.8273039
[1] 0.8352108
[1] "AdaLSE"
[1] 0.8304274
[1] 0.0203456
[1] 0.9264706

 0  1 
 5 63 
[1] "Fitting mean A"
[1] "Fitting variance A"
[1] "DR"
[1] 0.8260409
[1] 0.01909098
[1] 0.9117647

 0  1 
 6 62 
[1] "se comparison"
[1] 0.02384669
[1] 0.02314632
[1] 69
[1] 0.8273039
[1] 0.8352108
[1] "AdaLSE"
[1] 0.7929972
[1] 0.02178899
[1] 0.9275362

 0  1 
 5 64 
[1] "Fitting mean A"
[1] "Fitting variance A"
[1] "DR"
[1] 0.7852699
[1] 0.01996274
[1] 0.8985507

 0  1 
 7 62 
[1] "se comparison"
[1] 0.02416064
[1] 0.02356751
[1] 70
[1] 0.8273039
[1] 0.8352108
[1] "AdaLSE"
[1] 0.827614
[1] 0.02194856
[1] 0.9285714

 0  1 
 5 65 
[1] "Fitting mean A"
[1] "Fitting variance A"
[1] "DR"
[1] 0.8219397
[1] 0.02037737
[1] 0.9

 0  1 
 7 63 
[1] "se comparison"
[1] 0.02399241
[1] 0.02340823
[1] 71
[1] 0.8273039
[1] 0.8352108
[1] "AdaLSE"
[1] 0.8130022
[1] 0.02182693
[1] 0.9295775

 0  1 
 5 66 
[1] "Fitting mean A"
[1] "Fitting variance A"
[1] "DR"
[1] 0.8066289
[1] 0.02075607
[1] 0.9014085

 0  1 
 7 64 
[1] "se comparison"
[1] 0.02393318
[1] 0.02338037
[1] 72
[1] 0.8273039
[1] 0.8352108
[1] "AdaLSE"
[1] 0.8634947
[1] 0.02206482
[1] 0.9305556

 0  1 
 5 67 
[1] "Fitting mean A"
[1] "Fitting variance A"
[1] "DR"
[1] 0.8593461
[1] 0.02006668
[1] 0.9027778

 0  1 
 7 65 
[1] "se comparison"
[1] 0.02404709
[1] 0.02351004
[1] 73
[1] 0.8273039
[1] 0.8352108
[1] "AdaLSE"
[1] 0.8700092
[1] 0.02318863
[1] 0.9315068

 0  1 
 5 68 
[1] "Fitting mean A"
[1] "Fitting variance A"
[1] "DR"
[1] 0.8669751
[1] 0.02111176
[1] 0.9041096

 0  1 
 7 66 
[1] "se comparison"
[1] 0.02427521
[1] 0.02378131
[1] 74
[1] 0.8273039
[1] 0.8352108
[1] "AdaLSE"
[1] 0.779184
[1] 0.02122672
[1] 0.9189189

 0  1 
 6 68 
[1] "Fitting mean A"
[1] "Fitting variance A"
[1] "DR"
[1] 0.7776524
[1] 0.02045589
[1] 0.8918919

 0  1 
 8 66 
[1] "se comparison"
[1] 0.02491339
[1] 0.02435523
[1] 75
[1] 0.8273039
[1] 0.8352108
[1] "AdaLSE"
[1] 0.8455002
[1] 0.02323691
[1] 0.92

 0  1 
 6 69 
[1] "Fitting mean A"
[1] "Fitting variance A"
[1] "DR"
[1] 0.843626
[1] 0.02063826
[1] 0.8933333

 0  1 
 8 67 
[1] "se comparison"
[1] 0.02479002
[1] 0.02425624
[1] 76
[1] 0.8273039
[1] 0.8352108
[1] "AdaLSE"
[1] 0.851518
[1] 0.02145223
[1] 0.9210526

 0  1 
 6 70 
[1] "Fitting mean A"
[1] "Fitting variance A"
[1] "DR"
[1] 0.8462533
[1] 0.02066535
[1] 0.8947368

 0  1 
 8 68 
[1] "se comparison"
[1] 0.02471896
[1] 0.02418154
[1] 77
[1] 0.8273039
[1] 0.8352108
[1] "AdaLSE"
[1] 0.8161618
[1] 0.02242638
[1] 0.9220779

 0  1 
 6 71 
[1] "Fitting mean A"
[1] "Fitting variance A"
[1] "DR"
[1] 0.8143261
[1] 0.02031376
[1] 0.8961039

 0  1 
 8 69 
[1] "se comparison"
[1] 0.02462991
[1] 0.02407668
[1] 78
[1] 0.8273039
[1] 0.8352108
[1] "AdaLSE"
[1] 0.8756586
[1] 0.0216443
[1] 0.9230769

 0  1 
 6 72 
[1] "Fitting mean A"
[1] "Fitting variance A"
[1] "DR"
[1] 0.8701487
[1] 0.0205233
[1] 0.8974359

 0  1 
 8 70 
[1] "se comparison"
[1] 0.02494827
[1] 0.02438285
[1] 79
[1] 0.8273039
[1] 0.8352108
[1] "AdaLSE"
[1] 0.7872499
[1] 0.02121737
[1] 0.9113924

 0  1 
 7 72 
[1] "Fitting mean A"
[1] "Fitting variance A"
[1] "DR"
[1] 0.7857323
[1] 0.01971013
[1] 0.8860759

 0  1 
 9 70 
[1] "se comparison"
[1] 0.02532231
[1] 0.02470846
[1] 80
[1] 0.8273039
[1] 0.8352108
[1] "AdaLSE"
[1] 0.8311641
[1] 0.02077687
[1] 0.9125

 0  1 
 7 73 
[1] "Fitting mean A"
[1] "Fitting variance A"
[1] "DR"
[1] 0.8291054
[1] 0.01921622
[1] 0.8875

 0  1 
 9 71 
[1] "se comparison"
[1] 0.02516209
[1] 0.02455172
[1] 81
[1] 0.8273039
[1] 0.8352108
[1] "AdaLSE"
[1] 0.8454534
[1] 0.02264325
[1] 0.9135802

 0  1 
 7 74 
[1] "Fitting mean A"
[1] "Fitting variance A"
[1] "DR"
[1] 0.8381773
[1] 0.02169897
[1] 0.8888889

 0  1 
 9 72 
[1] "se comparison"
[1] 0.02504479
[1] 0.02442206
[1] 82
[1] 0.8273039
[1] 0.8352108
[1] "AdaLSE"
[1] 0.8582844
[1] 0.02159904
[1] 0.9146341

 0  1 
 7 75 
[1] "Fitting mean A"
[1] "Fitting variance A"
[1] "DR"
[1] 0.8552223
[1] 0.02062742
[1] 0.8902439

 0  1 
 9 73 
[1] "se comparison"
[1] 0.02504824
[1] 0.02444957
[1] 83
[1] 0.8273039
[1] 0.8352108
[1] "AdaLSE"
[1] 0.8345556
[1] 0.02257408
[1] 0.9156627

 0  1 
 7 76 
[1] "Fitting mean A"
[1] "Fitting variance A"
[1] "DR"
[1] 0.8329052
[1] 0.02169972
[1] 0.8915663

 0  1 
 9 74 
[1] "se comparison"
[1] 0.02489554
[1] 0.02430415
[1] 84
[1] 0.8273039
[1] 0.8352108
[1] "AdaLSE"
[1] 0.839047
[1] 0.02118064
[1] 0.9166667

 0  1 
 7 77 
[1] "Fitting mean A"
[1] "Fitting variance A"
[1] "DR"
[1] 0.8352261
[1] 0.02053456
[1] 0.8928571

 0  1 
 9 75 
[1] "se comparison"
[1] 0.02475353
[1] 0.02416724
[1] 85
[1] 0.8273039
[1] 0.8352108
[1] "AdaLSE"
[1] 0.8251387
[1] 0.02163613
[1] 0.9176471

 0  1 
 7 78 
[1] "Fitting mean A"
[1] "Fitting variance A"
[1] "DR"
[1] 0.8205165
[1] 0.02044566
[1] 0.8941176

 0  1 
 9 76 
[1] "se comparison"
[1] 0.02462129
[1] 0.02404037
[1] 86
[1] 0.8273039
[1] 0.8352108
[1] "AdaLSE"
[1] 0.8278063
[1] 0.02207361
[1] 0.9186047

 0  1 
 7 79 
[1] "Fitting mean A"
[1] "Fitting variance A"
[1] "DR"
[1] 0.8245311
[1] 0.02083386
[1] 0.8953488

 0  1 
 9 77 
[1] "se comparison"
[1] 0.02448271
[1] 0.02390308
[1] 87
[1] 0.8273039
[1] 0.8352108
[1] "AdaLSE"
[1] 0.8585299
[1] 0.02196453
[1] 0.9195402

 0  1 
 7 80 
[1] "Fitting mean A"
[1] "Fitting variance A"
[1] "DR"
[1] 0.8523477
[1] 0.02104292
[1] 0.8965517

 0  1 
 9 78 
[1] "se comparison"
[1] 0.0244928
[1] 0.0238974
[1] 88
[1] 0.8273039
[1] 0.8352108
[1] "AdaLSE"
[1] 0.8342006
[1] 0.0206005
[1] 0.9204545

 0  1 
 7 81 
[1] "Fitting mean A"
[1] "Fitting variance A"
[1] "DR"
[1] 0.8294072
[1] 0.0192761
[1] 0.8977273

 0  1 
 9 79 
[1] "se comparison"
[1] 0.0243518
[1] 0.02375969
[1] 89
[1] 0.8273039
[1] 0.8352108
[1] "AdaLSE"
[1] 0.8350948
[1] 0.02193146
[1] 0.9213483

 0  1 
 7 82 
[1] "Fitting mean A"
[1] "Fitting variance A"
[1] "DR"
[1] 0.8299778
[1] 0.02090997
[1] 0.8988764

 0  1 
 9 80 
[1] "se comparison"
[1] 0.02421375
[1] 0.0236245
[1] 90
[1] 0.8273039
[1] 0.8352108
[1] "AdaLSE"
[1] 0.8529652
[1] 0.02286746
[1] 0.9222222

 0  1 
 7 83 
[1] "Fitting mean A"
[1] "Fitting variance A"
[1] "DR"
[1] 0.849904
[1] 0.02107205
[1] 0.9

 0  1 
 9 81 
[1] "se comparison"
[1] 0.02416577
[1] 0.02359367
[1] 91
[1] 0.8273039
[1] 0.8352108
[1] "AdaLSE"
[1] 0.8316367
[1] 0.02151728
[1] 0.9230769

 0  1 
 7 84 
[1] "Fitting mean A"
[1] "Fitting variance A"
[1] "DR"
[1] 0.8304466
[1] 0.0206577
[1] 0.9010989

 0  1 
 9 82 
[1] "se comparison"
[1] 0.02403201
[1] 0.02346253
[1] 92
[1] 0.8273039
[1] 0.8352108
[1] "AdaLSE"
[1] 0.8527438
[1] 0.021197
[1] 0.923913

 0  1 
 7 85 
[1] "Fitting mean A"
[1] "Fitting variance A"
[1] "DR"
[1] 0.8503179
[1] 0.01963111
[1] 0.9021739

 0  1 
 9 83 
[1] "se comparison"
[1] 0.02398309
[1] 0.02343563
[1] 93
[1] 0.8273039
[1] 0.8352108
[1] "AdaLSE"
[1] 0.8528594
[1] 0.02051277
[1] 0.9247312

 0  1 
 7 86 
[1] "Fitting mean A"
[1] "Fitting variance A"
[1] "DR"
[1] 0.8489562
[1] 0.01823141
[1] 0.9032258

 0  1 
 9 84 
[1] "se comparison"
[1] 0.02393435
[1] 0.02339455
[1] 94
[1] 0.8273039
[1] 0.8352108
[1] "AdaLSE"
[1] 0.8712293
[1] 0.02393602
[1] 0.9255319

 0  1 
 7 87 
[1] "Fitting mean A"
[1] "Fitting variance A"
[1] "DR"
[1] 0.8648662
[1] 0.02262595
[1] 0.9042553

 0  1 
 9 85 
[1] "se comparison"
[1] 0.02411337
[1] 0.02354838
[1] 95
[1] 0.8273039
[1] 0.8352108
[1] "AdaLSE"
[1] 0.8587063
[1] 0.02145111
[1] 0.9263158

 0  1 
 7 88 
[1] "Fitting mean A"
[1] "Fitting variance A"
[1] "DR"
[1] 0.8556923
[1] 0.02053877
[1] 0.9052632

 0  1 
 9 86 
[1] "se comparison"
[1] 0.02411431
[1] 0.02356904
[1] 96
[1] 0.8273039
[1] 0.8352108
[1] "AdaLSE"
[1] 0.8334831
[1] 0.02138672
[1] 0.9270833

 0  1 
 7 89 
[1] "Fitting mean A"
[1] "Fitting variance A"
[1] "DR"
[1] 0.8299248
[1] 0.01997505
[1] 0.90625

 0  1 
 9 87 
[1] "se comparison"
[1] 0.02398735
[1] 0.02344471
[1] 97
[1] 0.8273039
[1] 0.8352108
[1] "AdaLSE"
[1] 0.8151708
[1] 0.02166874
[1] 0.9278351

 0  1 
 7 90 
[1] "Fitting mean A"
[1] "Fitting variance A"
[1] "DR"
[1] 0.8144091
[1] 0.02069158
[1] 0.9072165

 0  1 
 9 88 
[1] "se comparison"
[1] 0.02394366
[1] 0.02337876
[1] 98
[1] 0.8273039
[1] 0.8352108
[1] "AdaLSE"
[1] 0.8610293
[1] 0.02269437
[1] 0.9285714

 0  1 
 7 91 
[1] "Fitting mean A"
[1] "Fitting variance A"
[1] "DR"
[1] 0.8587183
[1] 0.02112769
[1] 0.9081633

 0  1 
 9 89 
[1] "se comparison"
[1] 0.0239711
[1] 0.02343519
[1] 99
[1] 0.8273039
[1] 0.8352108
[1] "AdaLSE"
[1] 0.8374122
[1] 0.02034544
[1] 0.9292929

 0  1 
 7 92 
[1] "Fitting mean A"
[1] "Fitting variance A"
[1] "DR"
[1] 0.8337263
[1] 0.01956765
[1] 0.9090909

 0  1 
 9 90 
[1] "se comparison"
[1] 0.02385006
[1] 0.02331753
[1] 100
[1] 0.8273039
[1] 0.8352108
[1] "AdaLSE"
[1] 0.8492522
[1] 0.02138258
[1] 0.93

 0  1 
 7 93 
[1] "Fitting mean A"
[1] "Fitting variance A"
[1] "DR"
[1] 0.8439733
[1] 0.02008865
[1] 0.91

 0  1 
 9 91 
[1] "se comparison"
[1] 0.02377376
[1] 0.02323819
[1] 101
[1] 0.8273039
[1] 0.8352108
[1] "AdaLSE"
[1] 0.8206472
[1] 0.02254539
[1] 0.9306931

 0  1 
 7 94 
[1] "Fitting mean A"
[1] "Fitting variance A"
[1] "DR"
[1] 0.8122334
[1] 0.02128514
[1] 0.9108911

 0  1 
 9 92 
[1] "se comparison"
[1] 0.02369685
[1] 0.02319458
[1] 102
[1] 0.8273039
[1] 0.8352108
[1] "AdaLSE"
[1] 0.8632213
[1] 0.02080428
[1] 0.9313725

 0  1 
 7 95 
[1] "Fitting mean A"
[1] "Fitting variance A"
[1] "DR"
[1] 0.858833
[1] 0.01968192
[1] 0.9117647

 0  1 
 9 93 
[1] "se comparison"
[1] 0.02374749
[1] 0.02324918
[1] 103
[1] 0.8273039
[1] 0.8352108
[1] "AdaLSE"
[1] 0.8039015
[1] 0.02178445
[1] 0.9320388

 0  1 
 7 96 
[1] "Fitting mean A"
[1] "Fitting variance A"
[1] "DR"
[1] 0.8001427
[1] 0.02027309
[1] 0.9126214

 0  1 
 9 94 
[1] "se comparison"
[1] 0.02382867
[1] 0.0233312
[1] 104
[1] 0.8273039
[1] 0.8352108
[1] "AdaLSE"
[1] 0.8293785
[1] 0.0217621
[1] 0.9326923

 0  1 
 7 97 
[1] "Fitting mean A"
[1] "Fitting variance A"
[1] "DR"
[1] 0.8208486
[1] 0.0206429
[1] 0.9134615

 0  1 
 9 95 
[1] "se comparison"
[1] 0.02371846
[1] 0.02323692
[1] 105
[1] 0.8273039
[1] 0.8352108
[1] "AdaLSE"
[1] 0.8462254
[1] 0.02217111
[1] 0.9333333

 0  1 
 7 98 
[1] "Fitting mean A"
[1] "Fitting variance A"
[1] "DR"
[1] 0.8388632
[1] 0.02096717
[1] 0.9142857

 0  1 
 9 96 
[1] "se comparison"
[1] 0.02363117
[1] 0.02313968
[1] 106
[1] 0.8273039
[1] 0.8352108
[1] "AdaLSE"
[1] 0.8241095
[1] 0.02126587
[1] 0.9339623

 0  1 
 7 99 
[1] "Fitting mean A"
[1] "Fitting variance A"
[1] "DR"
[1] 0.8220222
[1] 0.02036897
[1] 0.9150943

 0  1 
 9 97 
[1] "se comparison"
[1] 0.02354111
[1] 0.02304388
[1] 107
[1] 0.8273039
[1] 0.8352108
[1] "AdaLSE"
[1] 0.8112688
[1] 0.02251069
[1] 0.9345794

  0   1 
  7 100 
[1] "Fitting mean A"
[1] "Fitting variance A"
[1] "DR"
[1] 0.8106138
[1] 0.02141921
[1] 0.9158879

 0  1 
 9 98 
[1] "se comparison"
[1] 0.02353867
[1] 0.02301456
[1] 108
[1] 0.8273039
[1] 0.8352108
[1] "AdaLSE"
[1] 0.8554579
[1] 0.02062509
[1] 0.9351852

  0   1 
  7 101 
[1] "Fitting mean A"
[1] "Fitting variance A"
[1] "DR"
[1] 0.8524655
[1] 0.01991404
[1] 0.9166667

 0  1 
 9 99 
[1] "se comparison"
[1] 0.02351554
[1] 0.02300659
[1] 109
[1] 0.8273039
[1] 0.8352108
[1] "AdaLSE"
[1] 0.8718726
[1] 0.02172879
[1] 0.9357798

  0   1 
  7 102 
[1] "Fitting mean A"
[1] "Fitting variance A"
[1] "DR"
[1] 0.8654424
[1] 0.02084436
[1] 0.9174312

  0   1 
  9 100 
[1] "se comparison"
[1] 0.02367661
[1] 0.02314419
[1] 110
[1] 0.8273039
[1] 0.8352108
[1] "AdaLSE"
[1] 0.8388355
[1] 0.02128766
[1] 0.9363636

  0   1 
  7 103 
[1] "Fitting mean A"
[1] "Fitting variance A"
[1] "DR"
[1] 0.8372264
[1] 0.02001706
[1] 0.9181818

  0   1 
  9 101 
[1] "se comparison"
[1] 0.02357062
[1] 0.02304607
[1] 111
[1] 0.8273039
[1] 0.8352108
[1] "AdaLSE"
[1] 0.8180864
[1] 0.02085899
[1] 0.9369369

  0   1 
  7 104 
[1] "Fitting mean A"
[1] "Fitting variance A"
[1] "DR"
[1] 0.8130431
[1] 0.01924106
[1] 0.9189189

  0   1 
  9 102 
[1] "se comparison"
[1] 0.02351817
[1] 0.02300292
[1] 112
[1] 0.8273039
[1] 0.8352108
[1] "AdaLSE"
[1] 0.8651109
[1] 0.02181359
[1] 0.9375

  0   1 
  7 105 
[1] "Fitting mean A"
[1] "Fitting variance A"
[1] "DR"
[1] 0.8603586
[1] 0.02015544
[1] 0.9196429

  0   1 
  9 103 
[1] "se comparison"
[1] 0.02358585
[1] 0.02307058
[1] 113
[1] 0.8273039
[1] 0.8352108
[1] "AdaLSE"
[1] 0.8323898
[1] 0.02168473
[1] 0.9380531

  0   1 
  7 106 
[1] "Fitting mean A"
[1] "Fitting variance A"
[1] "DR"
[1] 0.8278282
[1] 0.02043204
[1] 0.920354

  0   1 
  9 104 
[1] "se comparison"
[1] 0.02348174
[1] 0.02296918
[1] 114
[1] 0.8273039
[1] 0.8352108
[1] "AdaLSE"
[1] 0.8268478
[1] 0.02078689
[1] 0.9385965

  0   1 
  7 107 
[1] "Fitting mean A"
[1] "Fitting variance A"
[1] "DR"
[1] 0.8207825
[1] 0.01997255
[1] 0.9210526

  0   1 
  9 105 
[1] "se comparison"
[1] 0.02339039
[1] 0.02288688
[1] 115
[1] 0.8273039
[1] 0.8352108
[1] "AdaLSE"
[1] 0.8569063
[1] 0.0211885
[1] 0.9391304

  0   1 
  7 108 
[1] "Fitting mean A"
[1] "Fitting variance A"
[1] "DR"
[1] 0.8520143
[1] 0.02050683
[1] 0.9217391

  0   1 
  9 106 
[1] "se comparison"
[1] 0.02337673
[1] 0.02287205
[1] 116
[1] 0.8273039
[1] 0.8352108
[1] "AdaLSE"
[1] 0.8481702
[1] 0.02073894
[1] 0.9396552

  0   1 
  7 109 
[1] "Fitting mean A"
[1] "Fitting variance A"
[1] "DR"
[1] 0.8425261
[1] 0.01996388
[1] 0.9224138

  0   1 
  9 107 
[1] "se comparison"
[1] 0.0233059
[1] 0.02279762
[1] 117
[1] 0.8273039
[1] 0.8352108
[1] "AdaLSE"
[1] 0.8097379
[1] 0.0203081
[1] 0.9401709

  0   1 
  7 110 
[1] "Fitting mean A"
[1] "Fitting variance A"
[1] "DR"
[1] 0.8086618
[1] 0.01859503
[1] 0.9230769

  0   1 
  9 108 
[1] "se comparison"
[1] 0.02332557
[1] 0.02279353
[1] 118
[1] 0.8273039
[1] 0.8352108
[1] "AdaLSE"
[1] 0.8131095
[1] 0.02259212
[1] 0.940678

  0   1 
  7 111 
[1] "Fitting mean A"
[1] "Fitting variance A"
[1] "DR"
[1] 0.8025969
[1] 0.022048
[1] 0.9237288

  0   1 
  9 109 
[1] "se comparison"
[1] 0.02331386
[1] 0.02284482
[1] 119
[1] 0.8273039
[1] 0.8352108
[1] "AdaLSE"
[1] 0.815317
[1] 0.02228067
[1] 0.9411765

  0   1 
  7 112 
[1] "Fitting mean A"
[1] "Fitting variance A"
[1] "DR"
[1] 0.8074126
[1] 0.0212185
[1] 0.9243697

  0   1 
  9 110 
[1] "se comparison"
[1] 0.02328438
[1] 0.0228473
[1] 120
[1] 0.8273039
[1] 0.8352108
[1] "AdaLSE"
[1] 0.8443391
[1] 0.02305176
[1] 0.9416667

  0   1 
  7 113 
[1] "Fitting mean A"
[1] "Fitting variance A"
[1] "DR"
[1] 0.8371083
[1] 0.02166429
[1] 0.925

  0   1 
  9 111 
[1] "se comparison"
[1] 0.0232028
[1] 0.02275922
[1] 121
[1] 0.8273039
[1] 0.8352108
[1] "AdaLSE"
[1] 0.8265881
[1] 0.02059483
[1] 0.9421488

  0   1 
  7 114 
[1] "Fitting mean A"
[1] "Fitting variance A"
[1] "DR"
[1] 0.825184
[1] 0.01935378
[1] 0.9256198

  0   1 
  9 112 
[1] "se comparison"
[1] 0.02311811
[1] 0.02266935
[1] 122
[1] 0.8273039
[1] 0.8352108
[1] "AdaLSE"
[1] 0.8944117
[1] 0.02401369
[1] 0.9344262

  0   1 
  8 114 
[1] "Fitting mean A"
[1] "Fitting variance A"
[1] "DR"
[1] 0.8890229
[1] 0.02253424
[1] 0.9180328

  0   1 
 10 112 
[1] "se comparison"
[1] 0.02364701
[1] 0.02318971
[1] 123
[1] 0.8273039
[1] 0.8352108
[1] "AdaLSE"
[1] 0.814499
[1] 0.02298606
[1] 0.9349593

  0   1 
  8 115 
[1] "Fitting mean A"
[1] "Fitting variance A"
[1] "DR"
[1] 0.8056707
[1] 0.02198099
[1] 0.9186992

  0   1 
 10 113 
[1] "se comparison"
[1] 0.02362421
[1] 0.02320661
[1] 124
[1] 0.8273039
[1] 0.8352108
[1] "AdaLSE"
[1] 0.8067101
[1] 0.02149939
[1] 0.9354839

  0   1 
  8 116 
[1] "Fitting mean A"
[1] "Fitting variance A"
[1] "DR"
[1] 0.8021968
[1] 0.0206648
[1] 0.9193548

  0   1 
 10 114 
[1] "se comparison"
[1] 0.02366567
[1] 0.02325374
[1] 125
[1] 0.8273039
[1] 0.8352108
[1] "AdaLSE"
[1] 0.8284017
[1] 0.02175916
[1] 0.936

  0   1 
  8 117 
[1] "Fitting mean A"
[1] "Fitting variance A"
[1] "DR"
[1] 0.8236645
[1] 0.02075522
[1] 0.92

  0   1 
 10 115 
[1] "se comparison"
[1] 0.02357715
[1] 0.02316787
[1] 126
[1] 0.8273039
[1] 0.8352108
[1] "AdaLSE"
[1] 0.8480332
[1] 0.02178624
[1] 0.9365079

  0   1 
  8 118 
[1] "Fitting mean A"
[1] "Fitting variance A"
[1] "DR"
[1] 0.8452488
[1] 0.02128278
[1] 0.9206349

  0   1 
 10 116 
[1] "se comparison"
[1] 0.02351216
[1] 0.02311264
[1] 127
[1] 0.8273039
[1] 0.8352108
[1] "AdaLSE"
[1] 0.8300794
[1] 0.02290533
[1] 0.9370079

  0   1 
  8 119 
[1] "Fitting mean A"
[1] "Fitting variance A"
[1] "DR"
[1] 0.8251576
[1] 0.02075733
[1] 0.9212598

  0   1 
 10 117 
[1] "se comparison"
[1] 0.02342261
[1] 0.02302575
[1] 128
[1] 0.8273039
[1] 0.8352108
[1] "AdaLSE"
[1] 0.841822
[1] 0.02147272
[1] 0.9375

  0   1 
  8 120 
[1] "Fitting mean A"
[1] "Fitting variance A"
[1] "DR"
[1] 0.8403502
[1] 0.0196089
[1] 0.921875

  0   1 
 10 118 
[1] "se comparison"
[1] 0.02333827
[1] 0.02295135
[1] 129
[1] 0.8273039
[1] 0.8352108
[1] "AdaLSE"
[1] 0.791824
[1] 0.02021845
[1] 0.9302326

  0   1 
  9 120 
[1] "Fitting mean A"
[1] "Fitting variance A"
[1] "DR"
[1] 0.7880993
[1] 0.01924866
[1] 0.9147287

  0   1 
 11 118 
[1] "se comparison"
[1] 0.02355479
[1] 0.02316577
[1] 130
[1] 0.8273039
[1] 0.8352108
[1] "AdaLSE"
[1] 0.8612933
[1] 0.02215241
[1] 0.9307692

  0   1 
  9 121 
[1] "Fitting mean A"
[1] "Fitting variance A"
[1] "DR"
[1] 0.8508791
[1] 0.02082129
[1] 0.9153846

  0   1 
 11 119 
[1] "se comparison"
[1] 0.0235798
[1] 0.02314647
[1] 131
[1] 0.8273039
[1] 0.8352108
[1] "AdaLSE"
[1] 0.8463531
[1] 0.02100863
[1] 0.9312977

  0   1 
  9 122 
[1] "Fitting mean A"
[1] "Fitting variance A"
[1] "DR"
[1] 0.8391471
[1] 0.02063579
[1] 0.9160305

  0   1 
 11 120 
[1] "se comparison"
[1] 0.02351059
[1] 0.02306985
[1] 132
[1] 0.8273039
[1] 0.8352108
[1] "AdaLSE"
[1] 0.8063952
[1] 0.02085279
[1] 0.9318182

  0   1 
  9 123 
[1] "Fitting mean A"
[1] "Fitting variance A"
[1] "DR"
[1] 0.8053642
[1] 0.01971236
[1] 0.9166667

  0   1 
 11 121 
[1] "se comparison"
[1] 0.02355169
[1] 0.02308551
[1] 133
[1] 0.8273039
[1] 0.8352108
[1] "AdaLSE"
[1] 0.8035295
[1] 0.02359954
[1] 0.9323308

  0   1 
  9 124 
[1] "Fitting mean A"
[1] "Fitting variance A"
[1] "DR"
[1] 0.7900655
[1] 0.0223621
[1] 0.9097744

  0   1 
 12 121 
[1] "se comparison"
[1] 0.02361727
[1] 0.02326112
[1] 134
[1] 0.8273039
[1] 0.8352108
[1] "AdaLSE"
[1] 0.8339163
[1] 0.02027473
[1] 0.9328358

  0   1 
  9 125 
[1] "Fitting mean A"
[1] "Fitting variance A"
[1] "DR"
[1] 0.8223789
[1] 0.01933088
[1] 0.9104478

  0   1 
 12 122 
[1] "se comparison"
[1] 0.02352836
[1] 0.02318287
[1] 135
[1] 0.8273039
[1] 0.8352108
[1] "AdaLSE"
[1] 0.8264175
[1] 0.02149589
[1] 0.9333333

  0   1 
  9 126 
[1] "Fitting mean A"
[1] "Fitting variance A"
[1] "DR"
[1] 0.8248996
[1] 0.01948057
[1] 0.9111111

  0   1 
 12 123 
[1] "se comparison"
[1] 0.02345058
[1] 0.02310029
[1] 136
[1] 0.8273039
[1] 0.8352108
[1] "AdaLSE"
[1] 0.817716
[1] 0.0217516
[1] 0.9338235

  0   1 
  9 127 
[1] "Fitting mean A"
[1] "Fitting variance A"
[1] "DR"
[1] 0.8119222
[1] 0.02065329
[1] 0.9117647

  0   1 
 12 124 
[1] "se comparison"
[1] 0.02340723
[1] 0.02306621
[1] 137
[1] 0.8273039
[1] 0.8352108
[1] "AdaLSE"
[1] 0.8258647
[1] 0.02056153
[1] 0.9343066

  0   1 
  9 128 
[1] "Fitting mean A"
[1] "Fitting variance A"
[1] "DR"
[1] 0.8238014
[1] 0.01902083
[1] 0.9124088

  0   1 
 12 125 
[1] "se comparison"
[1] 0.02333204
[1] 0.02298692
[1] 138
[1] 0.8273039
[1] 0.8352108
[1] "AdaLSE"
[1] 0.8906003
[1] 0.02256088
[1] 0.9275362

  0   1 
 10 128 
[1] "Fitting mean A"
[1] "Fitting variance A"
[1] "DR"
[1] 0.889052
[1] 0.02124142
[1] 0.9057971

  0   1 
 13 125 
[1] "se comparison"
[1] 0.02373737
[1] 0.02345289
[1] 139
[1] 0.8273039
[1] 0.8352108
[1] "AdaLSE"
[1] 0.8525254
[1] 0.02175335
[1] 0.9280576

  0   1 
 10 129 
[1] "Fitting mean A"
[1] "Fitting variance A"
[1] "DR"
[1] 0.850518
[1] 0.02035945
[1] 0.9064748

  0   1 
 13 126 
[1] "se comparison"
[1] 0.02369999
[1] 0.02343145
[1] 140
[1] 0.8273039
[1] 0.8352108
[1] "AdaLSE"
[1] 0.8821141
[1] 0.02249287
[1] 0.9214286

  0   1 
 11 129 
[1] "Fitting mean A"
[1] "Fitting variance A"
[1] "DR"
[1] 0.880249
[1] 0.02076364
[1] 0.9

  0   1 
 14 126 
[1] "se comparison"
[1] 0.02395166
[1] 0.02372542
[1] 141
[1] 0.8273039
[1] 0.8352108
[1] "AdaLSE"
[1] 0.8848169
[1] 0.02113713
[1] 0.9148936

  0   1 
 12 129 
[1] "Fitting mean A"
[1] "Fitting variance A"
[1] "DR"
[1] 0.8828545
[1] 0.01985323
[1] 0.893617

  0   1 
 15 126 
[1] "se comparison"
[1] 0.02423082
[1] 0.02404558
[1] 142
[1] 0.8273039
[1] 0.8352108
[1] "AdaLSE"
[1] 0.8246861
[1] 0.0217936
[1] 0.915493

  0   1 
 12 130 
[1] "Fitting mean A"
[1] "Fitting variance A"
[1] "DR"
[1] 0.8242632
[1] 0.02026903
[1] 0.8943662

  0   1 
 15 127 
[1] "se comparison"
[1] 0.02416156
[1] 0.0239669
[1] 143
[1] 0.8273039
[1] 0.8352108
[1] "AdaLSE"
[1] 0.8382817
[1] 0.02166144
[1] 0.9160839

  0   1 
 12 131 
[1] "Fitting mean A"
[1] "Fitting variance A"
[1] "DR"
[1] 0.8289186
[1] 0.02081777
[1] 0.8951049

  0   1 
 15 128 
[1] "se comparison"
[1] 0.02407758
[1] 0.02388299
[1] 144
[1] 0.8273039
[1] 0.8352108
[1] "AdaLSE"
[1] 0.8197233
[1] 0.0225918
[1] 0.9166667

  0   1 
 12 132 
[1] "Fitting mean A"
[1] "Fitting variance A"
[1] "DR"
[1] 0.8167405
[1] 0.02061976
[1] 0.8958333

  0   1 
 15 129 
[1] "se comparison"
[1] 0.02402866
[1] 0.02382888
[1] 145
[1] 0.8273039
[1] 0.8352108
[1] "AdaLSE"
[1] 0.7932932
[1] 0.02148439
[1] 0.9172414

  0   1 
 12 133 
[1] "Fitting mean A"
[1] "Fitting variance A"
[1] "DR"
[1] 0.7909055
[1] 0.02037774
[1] 0.8896552

  0   1 
 16 129 
[1] "se comparison"
[1] 0.02419742
[1] 0.02397689
[1] 146
[1] 0.8273039
[1] 0.8352108
[1] "AdaLSE"
[1] 0.7878253
[1] 0.02152996
[1] 0.9109589

  0   1 
 13 133 
[1] "Fitting mean A"
[1] "Fitting variance A"
[1] "DR"
[1] 0.7836827
[1] 0.01995598
[1] 0.8835616

  0   1 
 17 129 
[1] "se comparison"
[1] 0.0244275
[1] 0.02420753
[1] 147
[1] 0.8273039
[1] 0.8352108
[1] "AdaLSE"
[1] 0.8607508
[1] 0.02195196
[1] 0.9115646

  0   1 
 13 134 
[1] "Fitting mean A"
[1] "Fitting variance A"
[1] "DR"
[1] 0.8534835
[1] 0.02090034
[1] 0.8843537

  0   1 
 17 130 
[1] "se comparison"
[1] 0.0244387
[1] 0.02420028
[1] 148
[1] 0.8273039
[1] 0.8352108
[1] "AdaLSE"
[1] 0.8339033
[1] 0.02168775
[1] 0.9121622

  0   1 
 13 135 
[1] "Fitting mean A"
[1] "Fitting variance A"
[1] "DR"
[1] 0.8293943
[1] 0.02144571
[1] 0.8851351

  0   1 
 17 131 
[1] "se comparison"
[1] 0.02435555
[1] 0.02411797
[1] 149
[1] 0.8273039
[1] 0.8352108
[1] "AdaLSE"
[1] 0.8191508
[1] 0.02152171
[1] 0.9127517

  0   1 
 13 136 
[1] "Fitting mean A"
[1] "Fitting variance A"
[1] "DR"
[1] 0.8136243
[1] 0.02009172
[1] 0.885906

  0   1 
 17 132 
[1] "se comparison"
[1] 0.02430706
[1] 0.02407576
[1] 150
[1] 0.8273039
[1] 0.8352108
[1] "AdaLSE"
[1] 0.8418971
[1] 0.02378005
[1] 0.9133333

  0   1 
 13 137 
[1] "Fitting mean A"
[1] "Fitting variance A"
[1] "DR"
[1] 0.8293503
[1] 0.02303188
[1] 0.8866667

  0   1 
 17 133 
[1] "se comparison"
[1] 0.02423244
[1] 0.02399496
[1] 151
[1] 0.8273039
[1] 0.8352108
[1] "AdaLSE"
[1] 0.8134209
[1] 0.02034215
[1] 0.9139073

  0   1 
 13 138 
[1] "Fitting mean A"
[1] "Fitting variance A"
[1] "DR"
[1] 0.8068225
[1] 0.01972243
[1] 0.8874172

  0   1 
 17 134 
[1] "se comparison"
[1] 0.02421391
[1] 0.02399112
[1] 152
[1] 0.8273039
[1] 0.8352108
[1] "AdaLSE"
[1] 0.8350265
[1] 0.02192382
[1] 0.9144737

  0   1 
 13 139 
[1] "Fitting mean A"
[1] "Fitting variance A"
[1] "DR"
[1] 0.8276494
[1] 0.0209011
[1] 0.8881579

  0   1 
 17 135 
[1] "se comparison"
[1] 0.02413362
[1] 0.02391241
[1] 153
[1] 0.8273039
[1] 0.8352108
[1] "AdaLSE"
[1] 0.843858
[1] 0.02359152
[1] 0.9150327

  0   1 
 13 140 
[1] "Fitting mean A"
[1] "Fitting variance A"
[1] "DR"
[1] 0.8361972
[1] 0.02235383
[1] 0.8888889

  0   1 
 17 136 
[1] "se comparison"
[1] 0.02406568
[1] 0.02383865
[1] 154
[1] 0.8273039
[1] 0.8352108
[1] "AdaLSE"
[1] 0.8004273
[1] 0.02076976
[1] 0.9155844

  0   1 
 13 141 
[1] "Fitting mean A"
[1] "Fitting variance A"
[1] "DR"
[1] 0.7962191
[1] 0.01988776
[1] 0.8831169

  0   1 
 18 136 
[1] "se comparison"
[1] 0.02414525
[1] 0.02391769
[1] 155
[1] 0.8273039
[1] 0.8352108
[1] "AdaLSE"
[1] 0.8202065
[1] 0.02057966
[1] 0.916129

  0   1 
 13 142 
[1] "Fitting mean A"
[1] "Fitting variance A"
[1] "DR"
[1] 0.8115466
[1] 0.01956614
[1] 0.883871

  0   1 
 18 137 
[1] "se comparison"
[1] 0.02409396
[1] 0.02388573
[1] 156
[1] 0.8273039
[1] 0.8352108
[1] "AdaLSE"
[1] 0.825583
[1] 0.02100631
[1] 0.9166667

  0   1 
 13 143 
[1] "Fitting mean A"
[1] "Fitting variance A"
[1] "DR"
[1] 0.8199651
[1] 0.020107
[1] 0.8846154

  0   1 
 18 138 
[1] "se comparison"
[1] 0.02402642
[1] 0.02382168
[1] 157
[1] 0.8273039
[1] 0.8352108
[1] "AdaLSE"
[1] 0.818923
[1] 0.02215344
[1] 0.9171975

  0   1 
 13 144 
[1] "Fitting mean A"
[1] "Fitting variance A"
[1] "DR"
[1] 0.8157099
[1] 0.02055608
[1] 0.8853503

  0   1 
 18 139 
[1] "se comparison"
[1] 0.02398077
[1] 0.02377173
[1] 158
[1] 0.8273039
[1] 0.8352108
[1] "AdaLSE"
[1] 0.8298989
[1] 0.02073145
[1] 0.9177215

  0   1 
 13 145 
[1] "Fitting mean A"
[1] "Fitting variance A"
[1] "DR"
[1] 0.8242306
[1] 0.0200179
[1] 0.8860759

  0   1 
 18 140 
[1] "se comparison"
[1] 0.02390675
[1] 0.02369988
[1] 159
[1] 0.8273039
[1] 0.8352108
[1] "AdaLSE"
[1] 0.8159338
[1] 0.02241043
[1] 0.918239

  0   1 
 13 146 
[1] "Fitting mean A"
[1] "Fitting variance A"
[1] "DR"
[1] 0.8135007
[1] 0.02126438
[1] 0.8867925

  0   1 
 18 141 
[1] "se comparison"
[1] 0.02387492
[1] 0.02365946
[1] 160
[1] 0.8273039
[1] 0.8352108
[1] "AdaLSE"
[1] 0.8559082
[1] 0.0219278
[1] 0.91875

  0   1 
 13 147 
[1] "Fitting mean A"
[1] "Fitting variance A"
[1] "DR"
[1] 0.8438486
[1] 0.02157667
[1] 0.8875

  0   1 
 18 142 
[1] "se comparison"
[1] 0.02386223
[1] 0.02361201
[1] 161
[1] 0.8273039
[1] 0.8352108
[1] "AdaLSE"
[1] 0.8023722
[1] 0.02374257
[1] 0.9192547

  0   1 
 13 148 
[1] "Fitting mean A"
[1] "Fitting variance A"
[1] "DR"
[1] 0.7983866
[1] 0.02243456
[1] 0.8881988

  0   1 
 18 143 
[1] "se comparison"
[1] 0.02391953
[1] 0.02366663
[1] 162
[1] 0.8273039
[1] 0.8352108
[1] "AdaLSE"
[1] 0.8345811
[1] 0.0219996
[1] 0.9197531

  0   1 
 13 149 
[1] "Fitting mean A"
[1] "Fitting variance A"
[1] "DR"
[1] 0.8324347
[1] 0.02013209
[1] 0.8888889

  0   1 
 18 144 
[1] "se comparison"
[1] 0.02384517
[1] 0.02359419
[1] 163
[1] 0.8273039
[1] 0.8352108
[1] "AdaLSE"
[1] 0.8237167
[1] 0.02169416
[1] 0.9202454

  0   1 
 13 150 
[1] "Fitting mean A"
[1] "Fitting variance A"
[1] "DR"
[1] 0.8193286
[1] 0.02054048
[1] 0.8895706

  0   1 
 18 145 
[1] "se comparison"
[1] 0.02378515
[1] 0.02353465
[1] 164
[1] 0.8273039
[1] 0.8352108
[1] "AdaLSE"
[1] 0.8630855
[1] 0.02159427
[1] 0.9207317

  0   1 
 13 151 
[1] "Fitting mean A"
[1] "Fitting variance A"
[1] "DR"
[1] 0.8632215
[1] 0.02006798
[1] 0.8902439

  0   1 
 18 146 
[1] "se comparison"
[1] 0.02382093
[1] 0.0236105
[1] 165
[1] 0.8273039
[1] 0.8352108
[1] "AdaLSE"
[1] 0.8342087
[1] 0.02226148
[1] 0.9212121

  0   1 
 13 152 
[1] "Fitting mean A"
[1] "Fitting variance A"
[1] "DR"
[1] 0.8297004
[1] 0.02090589
[1] 0.8909091

  0   1 
 18 147 
[1] "se comparison"
[1] 0.0237482
[1] 0.02353841
[1] 166
[1] 0.8273039
[1] 0.8352108
[1] "AdaLSE"
[1] 0.8326672
[1] 0.02014009
[1] 0.9216867

  0   1 
 13 153 
[1] "Fitting mean A"
[1] "Fitting variance A"
[1] "DR"
[1] 0.8242621
[1] 0.01958568
[1] 0.8915663

  0   1 
 18 148 
[1] "se comparison"
[1] 0.0236764
[1] 0.02347064
[1] 167
[1] 0.8273039
[1] 0.8352108
[1] "AdaLSE"
[1] 0.845697
[1] 0.02151635
[1] 0.9221557

  0   1 
 13 154 
[1] "Fitting mean A"
[1] "Fitting variance A"
[1] "DR"
[1] 0.8465284
[1] 0.02035642
[1] 0.8922156

  0   1 
 18 149 
[1] "se comparison"
[1] 0.02362196
[1] 0.02343658
[1] 168
[1] 0.8273039
[1] 0.8352108
[1] "AdaLSE"
[1] 0.8418912
[1] 0.02154244
[1] 0.922619

  0   1 
 13 155 
[1] "Fitting mean A"
[1] "Fitting variance A"
[1] "DR"
[1] 0.8394237
[1] 0.020312
[1] 0.8928571

  0   1 
 18 150 
[1] "se comparison"
[1] 0.02355862
[1] 0.0233784
[1] 169
[1] 0.8273039
[1] 0.8352108
[1] "AdaLSE"
[1] 0.865754
[1] 0.0221633
[1] 0.9230769

  0   1 
 13 156 
[1] "Fitting mean A"
[1] "Fitting variance A"
[1] "DR"
[1] 0.8663149
[1] 0.02079623
[1] 0.8934911

  0   1 
 18 151 
[1] "se comparison"
[1] 0.02361317
[1] 0.02347793
[1] 170
[1] 0.8273039
[1] 0.8352108
[1] "AdaLSE"
[1] 0.8219734
[1] 0.02129087
[1] 0.9235294

  0   1 
 13 157 
[1] "Fitting mean A"
[1] "Fitting variance A"
[1] "DR"
[1] 0.8115913
[1] 0.02051864
[1] 0.8941176

  0   1 
 18 152 
[1] "se comparison"
[1] 0.02356256
[1] 0.02345069
[1] 171
[1] 0.8273039
[1] 0.8352108
[1] "AdaLSE"
[1] 0.7970305
[1] 0.02138756
[1] 0.9239766

  0   1 
 13 158 
[1] "Fitting mean A"
[1] "Fitting variance A"
[1] "DR"
[1] 0.7951856
[1] 0.01983647
[1] 0.8888889

  0   1 
 19 152 
[1] "se comparison"
[1] 0.02366589
[1] 0.02353136
[1] 172
[1] 0.8273039
[1] 0.8352108
[1] "AdaLSE"
[1] 0.8533814
[1] 0.02181496
[1] 0.9244186

  0   1 
 13 159 
[1] "Fitting mean A"
[1] "Fitting variance A"
[1] "DR"
[1] 0.848386
[1] 0.02036796
[1] 0.8895349

  0   1 
 19 153 
[1] "se comparison"
[1] 0.02364218
[1] 0.02350594
[1] 173
[1] 0.8273039
[1] 0.8352108
[1] "AdaLSE"
[1] 0.8629118
[1] 0.02138959
[1] 0.9248555

  0   1 
 13 160 
[1] "Fitting mean A"
[1] "Fitting variance A"
[1] "DR"
[1] 0.8605307
[1] 0.02036433
[1] 0.8901734

  0   1 
 19 154 
[1] "se comparison"
[1] 0.02367389
[1] 0.02355405
[1] 174
[1] 0.8273039
[1] 0.8352108
[1] "AdaLSE"
[1] 0.8426423
[1] 0.02285956
[1] 0.9252874

  0   1 
 13 161 
[1] "Fitting mean A"
[1] "Fitting variance A"
[1] "DR"
[1] 0.8358236
[1] 0.021848
[1] 0.8908046

  0   1 
 19 155 
[1] "se comparison"
[1] 0.02361361
[1] 0.02349012
[1] 175
[1] 0.8273039
[1] 0.8352108
[1] "AdaLSE"
[1] 0.8354311
[1] 0.02128431
[1] 0.9257143

  0   1 
 13 162 
[1] "Fitting mean A"
[1] "Fitting variance A"
[1] "DR"
[1] 0.8285601
[1] 0.02038111
[1] 0.8914286

  0   1 
 19 156 
[1] "se comparison"
[1] 0.02354578
[1] 0.02342276
[1] 176
[1] 0.8273039
[1] 0.8352108
[1] "AdaLSE"
[1] 0.8636324
[1] 0.02073594
[1] 0.9261364

  0   1 
 13 163 
[1] "Fitting mean A"
[1] "Fitting variance A"
[1] "DR"
[1] 0.8586369
[1] 0.01976409
[1] 0.8920455

  0   1 
 19 157 
[1] "se comparison"
[1] 0.02358113
[1] 0.0234556
[1] 177
[1] 0.8273039
[1] 0.8352108
[1] "AdaLSE"
[1] 0.8043095
[1] 0.02191438
[1] 0.9265537

  0   1 
 13 164 
[1] "Fitting mean A"
[1] "Fitting variance A"
[1] "DR"
[1] 0.7995593
[1] 0.02153251
[1] 0.8926554

  0   1 
 19 158 
[1] "se comparison"
[1] 0.02362423
[1] 0.02350138
[1] 178
[1] 0.8273039
[1] 0.8352108
[1] "AdaLSE"
[1] 0.8430289
[1] 0.02208167
[1] 0.9269663

  0   1 
 13 165 
[1] "Fitting mean A"
[1] "Fitting variance A"
[1] "DR"
[1] 0.8376033
[1] 0.02077283
[1] 0.8932584

  0   1 
 19 159 
[1] "se comparison"
[1] 0.02356615
[1] 0.02344193
[1] 179
[1] 0.8273039
[1] 0.8352108
[1] "AdaLSE"
[1] 0.8399637
[1] 0.02077613
[1] 0.9273743

  0   1 
 13 166 
[1] "Fitting mean A"
[1] "Fitting variance A"
[1] "DR"
[1] 0.8283462
[1] 0.02052478
[1] 0.8938547

  0   1 
 19 160 
[1] "se comparison"
[1] 0.0235034
[1] 0.02337631
[1] 180
[1] 0.8273039
[1] 0.8352108
[1] "AdaLSE"
[1] 0.7769222
[1] 0.02064147
[1] 0.9222222

  0   1 
 14 166 
[1] "Fitting mean A"
[1] "Fitting variance A"
[1] "DR"
[1] 0.7754697
[1] 0.01958241
[1] 0.8888889

  0   1 
 20 160 
[1] "se comparison"
[1] 0.02382783
[1] 0.02366234
[1] 181
[1] 0.8273039
[1] 0.8352108
[1] "AdaLSE"
[1] 0.8508789
[1] 0.02180416
[1] 0.9226519

  0   1 
 14 167 
[1] "Fitting mean A"
[1] "Fitting variance A"
[1] "DR"
[1] 0.8512861
[1] 0.02067923
[1] 0.8895028

  0   1 
 20 161 
[1] "se comparison"
[1] 0.0237938
[1] 0.02365112
[1] 182
[1] 0.8273039
[1] 0.8352108
[1] "AdaLSE"
[1] 0.8429488
[1] 0.02175891
[1] 0.9230769

  0   1 
 14 168 
[1] "Fitting mean A"
[1] "Fitting variance A"
[1] "DR"
[1] 0.8387228
[1] 0.02098575
[1] 0.8901099

  0   1 
 20 162 
[1] "se comparison"
[1] 0.02373662
[1] 0.02359498
[1] 183
[1] 0.8273039
[1] 0.8352108
[1] "AdaLSE"
[1] 0.8585042
[1] 0.0213167
[1] 0.9234973

  0   1 
 14 169 
[1] "Fitting mean A"
[1] "Fitting variance A"
[1] "DR"
[1] 0.854077
[1] 0.02021743
[1] 0.8907104

  0   1 
 20 163 
[1] "se comparison"
[1] 0.02373853
[1] 0.02359815
[1] 184
[1] 0.8273039
[1] 0.8352108
[1] "AdaLSE"
[1] 0.8318008
[1] 0.02306691
[1] 0.923913

  0   1 
 14 170 
[1] "Fitting mean A"
[1] "Fitting variance A"
[1] "DR"
[1] 0.8265809
[1] 0.02139866
[1] 0.8913043

  0   1 
 20 164 
[1] "se comparison"
[1] 0.02367441
[1] 0.02353492
[1] 185
[1] 0.8273039
[1] 0.8352108
[1] "AdaLSE"
[1] 0.8787935
[1] 0.02103901
[1] 0.9189189

  0   1 
 15 170 
[1] "Fitting mean A"
[1] "Fitting variance A"
[1] "DR"
[1] 0.8779338
[1] 0.02023358
[1] 0.8864865

  0   1 
 21 164 
[1] "se comparison"
[1] 0.02383378
[1] 0.02373444
[1] 186
[1] 0.8273039
[1] 0.8352108
[1] "AdaLSE"
[1] 0.8497153
[1] 0.02175947
[1] 0.9193548

  0   1 
 15 171 
[1] "Fitting mean A"
[1] "Fitting variance A"
[1] "DR"
[1] 0.8480894
[1] 0.02040414
[1] 0.8870968

  0   1 
 21 165 
[1] "se comparison"
[1] 0.02379471
[1] 0.02370645
[1] 187
[1] 0.8273039
[1] 0.8352108
[1] "AdaLSE"
[1] 0.8244605
[1] 0.02175903
[1] 0.9197861

  0   1 
 15 172 
[1] "Fitting mean A"
[1] "Fitting variance A"
[1] "DR"
[1] 0.8228394
[1] 0.02027632
[1] 0.8877005

  0   1 
 21 166 
[1] "se comparison"
[1] 0.02374269
[1] 0.02364895
[1] 188
[1] 0.8273039
[1] 0.8352108
[1] "AdaLSE"
[1] 0.8270865
[1] 0.02193223
[1] 0.9202128

  0   1 
 15 173 
[1] "Fitting mean A"
[1] "Fitting variance A"
[1] "DR"
[1] 0.8231097
[1] 0.0207648
[1] 0.8882979

  0   1 
 21 167 
[1] "se comparison"
[1] 0.0236857
[1] 0.02359142
[1] 189
[1] 0.8273039
[1] 0.8352108
[1] "AdaLSE"
[1] 0.8389768
[1] 0.0228143
[1] 0.9206349

  0   1 
 15 174 
[1] "Fitting mean A"
[1] "Fitting variance A"
[1] "DR"
[1] 0.8337519
[1] 0.02181507
[1] 0.8888889

  0   1 
 21 168 
[1] "se comparison"
[1] 0.02362467
[1] 0.02352998
[1] 190
[1] 0.8273039
[1] 0.8352108
[1] "AdaLSE"
[1] 0.8253304
[1] 0.02224435
[1] 0.9210526

  0   1 
 15 175 
[1] "Fitting mean A"
[1] "Fitting variance A"
[1] "DR"
[1] 0.8206903
[1] 0.02115778
[1] 0.8894737

  0   1 
 21 169 
[1] "se comparison"
[1] 0.02357194
[1] 0.02347791
[1] 191
[1] 0.8273039
[1] 0.8352108
[1] "AdaLSE"
[1] 0.8341256
[1] 0.02249761
[1] 0.921466

  0   1 
 15 176 
[1] "Fitting mean A"
[1] "Fitting variance A"
[1] "DR"
[1] 0.8246398
[1] 0.02065664
[1] 0.8900524

  0   1 
 21 170 
[1] "se comparison"
[1] 0.02350986
[1] 0.0234195
[1] 192
[1] 0.8273039
[1] 0.8352108
[1] "AdaLSE"
[1] 0.8511152
[1] 0.02206675
[1] 0.921875

  0   1 
 15 177 
[1] "Fitting mean A"
[1] "Fitting variance A"
[1] "DR"
[1] 0.8461353
[1] 0.02130035
[1] 0.890625

  0   1 
 21 171 
[1] "se comparison"
[1] 0.02347825
[1] 0.0233865
[1] 193
[1] 0.8273039
[1] 0.8352108
[1] "AdaLSE"
[1] 0.8685124
[1] 0.021393
[1] 0.9222798

  0   1 
 15 178 
[1] "Fitting mean A"
[1] "Fitting variance A"
[1] "DR"
[1] 0.862366
[1] 0.02078992
[1] 0.8911917

  0   1 
 21 172 
[1] "se comparison"
[1] 0.02354277
[1] 0.02343974
[1] 194
[1] 0.8273039
[1] 0.8352108
[1] "AdaLSE"
[1] 0.8579222
[1] 0.02028629
[1] 0.9226804

  0   1 
 15 179 
[1] "Fitting mean A"
[1] "Fitting variance A"
[1] "DR"
[1] 0.8550716
[1] 0.01917272
[1] 0.8917526

  0   1 
 21 173 
[1] "se comparison"
[1] 0.02353965
[1] 0.02344581
[1] 195
[1] 0.8273039
[1] 0.8352108
[1] "AdaLSE"
[1] 0.8411191
[1] 0.0218021
[1] 0.9230769

  0   1 
 15 180 
[1] "Fitting mean A"
[1] "Fitting variance A"
[1] "DR"
[1] 0.836297
[1] 0.02036291
[1] 0.8923077

  0   1 
 21 174 
[1] "se comparison"
[1] 0.02348293
[1] 0.02338892
[1] 196
[1] 0.8273039
[1] 0.8352108
[1] "AdaLSE"
[1] 0.821882
[1] 0.02210674
[1] 0.9234694

  0   1 
 15 181 
[1] "Fitting mean A"
[1] "Fitting variance A"
[1] "DR"
[1] 0.8165149
[1] 0.02085896
[1] 0.8928571

  0   1 
 21 175 
[1] "se comparison"
[1] 0.0234416
[1] 0.0233505
[1] 197
[1] 0.8273039
[1] 0.8352108
[1] "AdaLSE"
[1] 0.8711413
[1] 0.02047796
[1] 0.9238579

  0   1 
 15 182 
[1] "Fitting mean A"
[1] "Fitting variance A"
[1] "DR"
[1] 0.8677872
[1] 0.01983565
[1] 0.893401

  0   1 
 21 176 
[1] "se comparison"
[1] 0.02352299
[1] 0.0234418
[1] 198
[1] 0.8273039
[1] 0.8352108
[1] "AdaLSE"
[1] 0.8356355
[1] 0.02346144
[1] 0.9242424

  0   1 
 15 183 
[1] "Fitting mean A"
[1] "Fitting variance A"
[1] "DR"
[1] 0.8323906
[1] 0.0219997
[1] 0.8939394

  0   1 
 21 177 
[1] "se comparison"
[1] 0.02346323
[1] 0.02338253
[1] 199
[1] 0.8273039
[1] 0.8352108
[1] "AdaLSE"
[1] 0.8454028
[1] 0.02189134
[1] 0.9246231

  0   1 
 15 184 
[1] "Fitting mean A"
[1] "Fitting variance A"
[1] "DR"
[1] 0.8374232
[1] 0.02074666
[1] 0.8944724

  0   1 
 21 178 
[1] "se comparison"
[1] 0.02341509
[1] 0.02332827
[1] 200
[1] 0.8273039
[1] 0.8352108
[1] "AdaLSE"
[1] 0.8151972
[1] 0.02149665
[1] 0.925

  0   1 
 15 185 
[1] "Fitting mean A"
[1] "Fitting variance A"
[1] "DR"
[1] 0.8129577
[1] 0.01982934
[1] 0.895

  0   1 
 21 179 
[1] "se comparison"
[1] 0.02339918
[1] 0.02330353
[1] 201
[1] 0.8273039
[1] 0.8352108
[1] "AdaLSE"
[1] 0.8227183
[1] 0.022853
[1] 0.9253731

  0   1 
 15 186 
[1] "Fitting mean A"
[1] "Fitting variance A"
[1] "DR"
[1] 0.8209261
[1] 0.02155264
[1] 0.8955224

  0   1 
 21 180 
[1] "se comparison"
[1] 0.02335707
[1] 0.02325532
[1] 202
[1] 0.8273039
[1] 0.8352108
[1] "AdaLSE"
[1] 0.8213615
[1] 0.02341377
[1] 0.9257426

  0   1 
 15 187 
[1] "Fitting mean A"
[1] "Fitting variance A"
[1] "DR"
[1] 0.821113
[1] 0.02049772
[1] 0.8960396

  0   1 
 21 181 
[1] "se comparison"
[1] 0.0233189
[1] 0.02320701
[1] 203
[1] 0.8273039
[1] 0.8352108
[1] "AdaLSE"
[1] 0.8509924
[1] 0.02003356
[1] 0.9261084

  0   1 
 15 188 
[1] "Fitting mean A"
[1] "Fitting variance A"
[1] "DR"
[1] 0.8484177
[1] 0.01868288
[1] 0.8965517

  0   1 
 21 182 
[1] "se comparison"
[1] 0.02328811
[1] 0.02318341
[1] 204
[1] 0.8273039
[1] 0.8352108
[1] "AdaLSE"
[1] 0.8353713
[1] 0.02149466
[1] 0.9264706

  0   1 
 15 189 
[1] "Fitting mean A"
[1] "Fitting variance A"
[1] "DR"
[1] 0.8330489
[1] 0.01938007
[1] 0.8970588

  0   1 
 21 183 
[1] "se comparison"
[1] 0.02323068
[1] 0.02312685
[1] 205
[1] 0.8273039
[1] 0.8352108
[1] "AdaLSE"
[1] 0.8166305
[1] 0.022156
[1] 0.9268293

  0   1 
 15 190 
[1] "Fitting mean A"
[1] "Fitting variance A"
[1] "DR"
[1] 0.8139668
[1] 0.0198747
[1] 0.897561

  0   1 
 21 184 
[1] "se comparison"
[1] 0.02320955
[1] 0.02309953
[1] 206
[1] 0.8273039
[1] 0.8352108
[1] "AdaLSE"
[1] 0.8174237
[1] 0.02158116
[1] 0.9271845

  0   1 
 15 191 
[1] "Fitting mean A"
[1] "Fitting variance A"
[1] "DR"
[1] 0.8136466
[1] 0.02131129
[1] 0.8980583

  0   1 
 21 185 
[1] "se comparison"
[1] 0.02318526
[1] 0.02307329
[1] 207
[1] 0.8273039
[1] 0.8352108
[1] "AdaLSE"
[1] 0.8298568
[1] 0.02108865
[1] 0.9275362

  0   1 
 15 192 
[1] "Fitting mean A"
[1] "Fitting variance A"
[1] "DR"
[1] 0.828183
[1] 0.01919219
[1] 0.8985507

  0   1 
 21 186 
[1] "se comparison"
[1] 0.0231316
[1] 0.02301777
[1] 208
[1] 0.8273039
[1] 0.8352108
[1] "AdaLSE"
[1] 0.8512882
[1] 0.02111987
[1] 0.9278846

  0   1 
 15 193 
[1] "Fitting mean A"
[1] "Fitting variance A"
[1] "DR"
[1] 0.8485575
[1] 0.01974508
[1] 0.8990385

  0   1 
 21 187 
[1] "se comparison"
[1] 0.02310362
[1] 0.02299629
[1] 209
[1] 0.8273039
[1] 0.8352108
[1] "AdaLSE"
[1] 0.8421822
[1] 0.02089947
[1] 0.9282297

  0   1 
 15 194 
[1] "Fitting mean A"
[1] "Fitting variance A"
[1] "DR"
[1] 0.8391126
[1] 0.0196508
[1] 0.8995215

  0   1 
 21 188 
[1] "se comparison"
[1] 0.02305341
[1] 0.02294855
[1] 210
[1] 0.8273039
[1] 0.8352108
[1] "AdaLSE"
[1] 0.8067455
[1] 0.02139291
[1] 0.9285714

  0   1 
 15 195 
[1] "Fitting mean A"
[1] "Fitting variance A"
[1] "DR"
[1] 0.7988865
[1] 0.02124336
[1] 0.9

  0   1 
 21 189 
[1] "se comparison"
[1] 0.02308076
[1] 0.02299801
[1] 211
[1] 0.8273039
[1] 0.8352108
[1] "AdaLSE"
[1] 0.832044
[1] 0.02011582
[1] 0.92891

  0   1 
 15 196 
[1] "Fitting mean A"
[1] "Fitting variance A"
[1] "DR"
[1] 0.8278947
[1] 0.01923895
[1] 0.9004739

  0   1 
 21 190 
[1] "se comparison"
[1] 0.02302657
[1] 0.02294387
[1] 212
[1] 0.8273039
[1] 0.8352108
[1] "AdaLSE"
[1] 0.8379992
[1] 0.02308768
[1] 0.9292453

  0   1 
 15 197 
[1] "Fitting mean A"
[1] "Fitting variance A"
[1] "DR"
[1] 0.8353597
[1] 0.02168759
[1] 0.9009434

  0   1 
 21 191 
[1] "se comparison"
[1] 0.02297295
[1] 0.02289192
[1] 213
[1] 0.8273039
[1] 0.8352108
[1] "AdaLSE"
[1] 0.8250844
[1] 0.02241436
[1] 0.9295775

  0   1 
 15 198 
[1] "Fitting mean A"
[1] "Fitting variance A"
[1] "DR"
[1] 0.8185033
[1] 0.02118699
[1] 0.9014085

  0   1 
 21 192 
[1] "se comparison"
[1] 0.02292852
[1] 0.02285258
[1] 214
[1] 0.8273039
[1] 0.8352108
[1] "AdaLSE"
[1] 0.8816793
[1] 0.02378774
[1] 0.9299065

  0   1 
 15 199 
[1] "Fitting mean A"
[1] "Fitting variance A"
[1] "DR"
[1] 0.8769607
[1] 0.02262734
[1] 0.9018692

  0   1 
 21 193 
[1] "se comparison"
[1] 0.02309771
[1] 0.02301984
[1] 215
[1] 0.8273039
[1] 0.8352108
[1] "AdaLSE"
[1] 0.8471407
[1] 0.02272855
[1] 0.9302326

  0   1 
 15 200 
[1] "Fitting mean A"
[1] "Fitting variance A"
[1] "DR"
[1] 0.8443404
[1] 0.02164148
[1] 0.9023256

  0   1 
 21 194 
[1] "se comparison"
[1] 0.02305842
[1] 0.02298502
[1] 216
[1] 0.8273039
[1] 0.8352108
[1] "AdaLSE"
[1] 0.8266257
[1] 0.02155358
[1] 0.9305556

  0   1 
 15 201 
[1] "Fitting mean A"
[1] "Fitting variance A"
[1] "DR"
[1] 0.8210076
[1] 0.02060967
[1] 0.9027778

  0   1 
 21 195 
[1] "se comparison"
[1] 0.02301197
[1] 0.02294097
[1] 217
[1] 0.8273039
[1] 0.8352108
[1] "AdaLSE"
[1] 0.8321715
[1] 0.02181682
[1] 0.9308756

  0   1 
 15 202 
[1] "Fitting mean A"
[1] "Fitting variance A"
[1] "DR"
[1] 0.8249735
[1] 0.02063871
[1] 0.9032258

  0   1 
 21 196 
[1] "se comparison"
[1] 0.02295949
[1] 0.02289105
[1] 218
[1] 0.8273039
[1] 0.8352108
[1] "AdaLSE"
[1] 0.7962754
[1] 0.02251287
[1] 0.9311927

  0   1 
 15 203 
[1] "Fitting mean A"
[1] "Fitting variance A"
[1] "DR"
[1] 0.7971896
[1] 0.02024062
[1] 0.9036697

  0   1 
 21 197 
[1] "se comparison"
[1] 0.02305661
[1] 0.02295023
[1] 219
[1] 0.8273039
[1] 0.8352108
[1] "AdaLSE"
[1] 0.8206255
[1] 0.02219115
[1] 0.9315068

  0   1 
 15 204 
[1] "Fitting mean A"
[1] "Fitting variance A"
[1] "DR"
[1] 0.8162344
[1] 0.02072242
[1] 0.9041096

  0   1 
 21 198 
[1] "se comparison"
[1] 0.02302382
[1] 0.02291773
[1] 220
[1] 0.8273039
[1] 0.8352108
[1] "AdaLSE"
[1] 0.8342453
[1] 0.02357298
[1] 0.9318182

  0   1 
 15 205 
[1] "Fitting mean A"
[1] "Fitting variance A"
[1] "DR"
[1] 0.8289046
[1] 0.02129629
[1] 0.9045455

  0   1 
 21 199 
[1] "se comparison"
[1] 0.02297123
[1] 0.02286557
[1] 221
[1] 0.8273039
[1] 0.8352108
[1] "AdaLSE"
[1] 0.8304939
[1] 0.02268121
[1] 0.9321267

  0   1 
 15 206 
[1] "Fitting mean A"
[1] "Fitting variance A"
[1] "DR"
[1] 0.8273044
[1] 0.02195125
[1] 0.9049774

  0   1 
 21 200 
[1] "se comparison"
[1] 0.0229208
[1] 0.02281449
[1] 222
[1] 0.8273039
[1] 0.8352108
[1] "AdaLSE"
[1] 0.8329725
[1] 0.02081708
[1] 0.9324324

  0   1 
 15 207 
[1] "Fitting mean A"
[1] "Fitting variance A"
[1] "DR"
[1] 0.8290594
[1] 0.01984324
[1] 0.9054054

  0   1 
 21 201 
[1] "se comparison"
[1] 0.02286921
[1] 0.02276299
[1] 223
[1] 0.8273039
[1] 0.8352108
[1] "AdaLSE"
[1] 0.7963515
[1] 0.02210927
[1] 0.9327354

  0   1 
 15 208 
[1] "Fitting mean A"
[1] "Fitting variance A"
[1] "DR"
[1] 0.7873692
[1] 0.02068963
[1] 0.9013453

  0   1 
 22 201 
[1] "se comparison"
[1] 0.02296231
[1] 0.02289355
[1] 224
[1] 0.8273039
[1] 0.8352108
[1] "AdaLSE"
[1] 0.8617826
[1] 0.02177726
[1] 0.9330357

  0   1 
 15 209 
[1] "Fitting mean A"
[1] "Fitting variance A"
[1] "DR"
[1] 0.8580141
[1] 0.02100426
[1] 0.9017857

  0   1 
 22 202 
[1] "se comparison"
[1] 0.02298259
[1] 0.02291772
[1] 225
[1] 0.8273039
[1] 0.8352108
[1] "AdaLSE"
[1] 0.8526125
[1] 0.02099011
[1] 0.9333333

  0   1 
 15 210 
[1] "Fitting mean A"
[1] "Fitting variance A"
[1] "DR"
[1] 0.8516446
[1] 0.01990003
[1] 0.9022222

  0   1 
 22 203 
[1] "se comparison"
[1] 0.0229622
[1] 0.0229107
[1] 226
[1] 0.8273039
[1] 0.8352108
[1] "AdaLSE"
[1] 0.8388722
[1] 0.02141035
[1] 0.9336283

  0   1 
 15 211 
[1] "Fitting mean A"
