LOADING R
R LOADED
[1] "/home/lvanderl/Rlibs2"                         
[2] "/app/software/R/4.2.2-foss-2021b/lib/R/library"
[1] "/home/lvanderl/sieveSims"
[1] 1
[1] 0.2498716
[1] 0.2663761
[1] "AdaLSE"
[1] 0.2430728
[1] 0.04593728
[1] 1

1 
1 
[1] "Fitting mean A"
[1] "Fitting variance A"
[1] "DR"
[1] -1.077935
[1] 0.7718677
[1] 1

1 
1 
[1] "se comparison"
[1] NA
[1] NA
[1] 2
[1] 0.2498716
[1] 0.2663761
[1] "AdaLSE"
[1] 0.2272423
[1] 0.0482825
[1] 1

1 
2 
[1] "Fitting mean A"
[1] "Fitting variance A"
[1] "DR"
[1] 0.2320317
[1] 0.05029336
[1] 1

1 
2 
[1] "se comparison"
[1] 0.01119386
[1] 0.9262864
[1] 3
[1] 0.2498716
[1] 0.2663761
[1] "AdaLSE"
[1] 0.311377
[1] 0.04488666
[1] 1

1 
3 
[1] "Fitting mean A"
[1] "Fitting variance A"
[1] "DR"
[1] 0.2948708
[1] 0.04105225
[1] 1

1 
3 
[1] "se comparison"
[1] 0.04471151
[1] 0.7750868
[1] 4
[1] 0.2498716
[1] 0.2663761
[1] "AdaLSE"
[1] 0.3177543
[1] 0.04528125
[1] 1

1 
4 
[1] "Fitting mean A"
[1] "Fitting variance A"
[1] "DR"
[1] 0.3521942
[1] 0.1215568
[1] 1

1 
4 
[1] "se comparison"
[1] 0.0463727
[1] 0.687238
[1] 5
[1] 0.2498716
[1] 0.2663761
[1] "AdaLSE"
[1] 0.2492001
[1] 0.04688168
[1] 1

1 
5 
[1] "Fitting mean A"
[1] "Fitting variance A"
[1] "DR"
[1] 0.285683
[1] 0.05922321
[1] 1

1 
5 
[1] "se comparison"
[1] 0.04176749
[1] 0.6137749
[1] 6
[1] 0.2498716
[1] 0.2663761
[1] "AdaLSE"
[1] 0.2002602
[1] 0.05060221
[1] 1

1 
6 
[1] "Fitting mean A"
[1] "Fitting variance A"
[1] "DR"
[1] 0.1607948
[1] 0.05111053
[1] 0.8333333

0 1 
1 5 
[1] "se comparison"
[1] 0.04690356
[1] 0.5520908
[1] 7
[1] 0.2498716
[1] 0.2663761
[1] "AdaLSE"
[1] 0.1802233
[1] 0.04957962
[1] 1

1 
7 
[1] "Fitting mean A"
[1] "Fitting variance A"
[1] "DR"
[1] 0.1677969
[1] 0.04219688
[1] 0.7142857

0 1 
2 5 
[1] "se comparison"
[1] 0.05196943
[1] 0.5062513
[1] 8
[1] 0.2498716
[1] 0.2663761
[1] "AdaLSE"
[1] 0.3366216
[1] 0.0433343
[1] 1

1 
8 
[1] "Fitting mean A"
[1] "Fitting variance A"
[1] "DR"
[1] 2.075892
[1] 1.082644
[1] 0.75

0 1 
2 6 
[1] "se comparison"
[1] 0.0576071
[1] 0.8532195
[1] 9
[1] 0.2498716
[1] 0.2663761
[1] "AdaLSE"
[1] 0.24889
[1] 0.04661939
[1] 1

1 
9 
[1] "Fitting mean A"
[1] "Fitting variance A"
[1] "DR"
[1] 0.2539965
[1] 0.03796277
[1] 0.7777778

0 1 
2 7 
[1] "se comparison"
[1] 0.05397616
[1] 0.7983432
[1] 10
[1] 0.2498716
[1] 0.2663761
[1] "AdaLSE"
[1] 0.3334759
[1] 0.04553136
[1] 1

 1 
10 
[1] "Fitting mean A"
[1] "Fitting variance A"
[1] "DR"
[1] 0.359203
[1] 0.06468413
[1] 0.8

0 1 
2 8 
[1] "se comparison"
[1] 0.05631856
[1] 0.7528801
[1] 11
[1] 0.2498716
[1] 0.2663761
[1] "AdaLSE"
[1] 0.3124947
[1] 0.04847152
[1] 1

 1 
11 
[1] "Fitting mean A"
[1] "Fitting variance A"
[1] "DR"
[1] 0.28628
[1] 0.05447931
[1] 0.8181818

0 1 
2 9 
[1] "se comparison"
[1] 0.05532901
[1] 0.7142819
[1] 12
[1] 0.2498716
[1] 0.2663761
[1] "AdaLSE"
[1] 0.2373769
[1] 0.04896408
[1] 1

 1 
12 
[1] "Fitting mean A"
[1] "Fitting variance A"
[1] "DR"
[1] 0.2341645
[1] 0.04677394
[1] 0.8333333

 0  1 
 2 10 
[1] "se comparison"
[1] 0.05354539
[1] 0.6813769
[1] 13
[1] 0.2498716
[1] 0.2663761
[1] "AdaLSE"
[1] 0.2274023
[1] 0.04407339
[1] 1

 1 
13 
[1] "Fitting mean A"
[1] "Fitting variance A"
[1] "DR"
[1] 0.2349857
[1] 0.03996427
[1] 0.8461538

 0  1 
 2 11 
[1] "se comparison"
[1] 0.05240004
[1] 0.652634
[1] 14
[1] 0.2498716
[1] 0.2663761
[1] "AdaLSE"
[1] 0.206126
[1] 0.04390802
[1] 1

 1 
14 
[1] "Fitting mean A"
[1] "Fitting variance A"
[1] "DR"
[1] 0.2497731
[1] 0.601944
[1] 0.8571429

 0  1 
 2 12 
[1] "se comparison"
[1] 0.05262709
[1] 0.6271571
[1] 15
[1] 0.2498716
[1] 0.2663761
[1] "AdaLSE"
[1] 0.2257633
[1] 0.04494035
[1] 1

 1 
15 
[1] "Fitting mean A"
[1] "Fitting variance A"
[1] "DR"
[1] 0.2025368
[1] 0.06854967
[1] 0.8666667

 0  1 
 2 13 
[1] "se comparison"
[1] 0.05145079
[1] 0.6048004
[1] 16
[1] 0.2498716
[1] 0.2663761
[1] "AdaLSE"
[1] 0.3361248
[1] 0.04778153
[1] 1

 1 
16 
[1] "Fitting mean A"
[1] "Fitting variance A"
[1] "DR"
[1] 0.3187418
[1] 0.04174636
[1] 0.875

 0  1 
 2 14 
[1] "se comparison"
[1] 0.05348362
[1] 0.584345
[1] 17
[1] 0.2498716
[1] 0.2663761
[1] "AdaLSE"
[1] 0.2508958
[1] 0.04331121
[1] 1

 1 
17 
[1] "Fitting mean A"
[1] "Fitting variance A"
[1] "DR"
[1] 0.2434957
[1] 0.05550194
[1] 0.8823529

 0  1 
 2 15 
[1] "se comparison"
[1] 0.05185639
[1] 0.5658993
[1] 18
[1] 0.2498716
[1] 0.2663761
[1] "AdaLSE"
[1] 0.334523
[1] 0.04632438
[1] 1

 1 
18 
[1] "Fitting mean A"
[1] "Fitting variance A"
[1] "DR"
[1] 0.3353046
[1] 0.03673775
[1] 0.8888889

 0  1 
 2 16 
[1] "se comparison"
[1] 0.05317629
[1] 0.5491223
[1] 19
[1] 0.2498716
[1] 0.2663761
[1] "AdaLSE"
[1] 0.2420448
[1] 0.04934155
[1] 1

 1 
19 
[1] "Fitting mean A"
[1] "Fitting variance A"
[1] "DR"
[1] 0.2503213
[1] 0.0478033
[1] 0.8947368

 0  1 
 2 17 
[1] "se comparison"
[1] 0.05195723
[1] 0.5337264
[1] 20
[1] 0.2498716
[1] 0.2663761
[1] "AdaLSE"
[1] 0.2890822
[1] 0.04767189
[1] 1

 1 
20 
[1] "Fitting mean A"
[1] "Fitting variance A"
[1] "DR"
[1] 0.2841184
[1] 0.04857926
[1] 0.9

 0  1 
 2 18 
[1] "se comparison"
[1] 0.05087522
[1] 0.5194916
[1] 21
[1] 0.2498716
[1] 0.2663761
[1] "AdaLSE"
[1] 0.1915141
[1] 0.0455152
[1] 1

 1 
21 
[1] "Fitting mean A"
[1] "Fitting variance A"
[1] "DR"
[1] 0.1770928
[1] 0.03917834
[1] 0.8571429

 0  1 
 3 18 
[1] "se comparison"
[1] 0.05214901
[1] 0.5069077
[1] 22
[1] 0.2498716
[1] 0.2663761
[1] "AdaLSE"
[1] 0.2623765
[1] 0.0407182
[1] 1

 1 
22 
[1] "Fitting mean A"
[1] "Fitting variance A"
[1] "DR"
[1] 0.2605114
[1] 0.03652845
[1] 0.8636364

 0  1 
 3 19 
[1] "se comparison"
[1] 0.05089229
[1] 0.4947124
[1] 23
[1] 0.2498716
[1] 0.2663761
[1] "AdaLSE"
[1] 0.3076588
[1] 0.04276755
[1] 1

 1 
23 
[1] "Fitting mean A"
[1] "Fitting variance A"
[1] "DR"
[1] 0.3029892
[1] 0.04451925
[1] 0.8695652

 0  1 
 3 20 
[1] "se comparison"
[1] 0.05062574
[1] 0.48336
[1] 24
[1] 0.2498716
[1] 0.2663761
[1] "AdaLSE"
[1] 0.2329063
[1] 0.04796659
[1] 1

 1 
24 
[1] "Fitting mean A"
[1] "Fitting variance A"
[1] "DR"
[1] 0.2563475
[1] 0.06311081
[1] 0.875

 0  1 
 3 21 
[1] "se comparison"
[1] 0.04991754
[1] 0.4727643
[1] 25
[1] 0.2498716
[1] 0.2663761
[1] "AdaLSE"
[1] 0.227478
[1] 0.04896617
[1] 1

 1 
25 
[1] "Fitting mean A"
[1] "Fitting variance A"
[1] "DR"
[1] 0.2167599
[1] 0.04113912
[1] 0.88

 0  1 
 3 22 
[1] "se comparison"
[1] 0.04937119
[1] 0.4629879
[1] 26
[1] 0.2498716
[1] 0.2663761
[1] "AdaLSE"
[1] 0.2830032
[1] 0.046232
[1] 1

 1 
26 
[1] "Fitting mean A"
[1] "Fitting variance A"
[1] "DR"
[1] -0.7064558
[1] 0.8689078
[1] 0.8846154

 0  1 
 3 23 
[1] "se comparison"
[1] 0.04856101
[1] 0.4930341
[1] 27
[1] 0.2498716
[1] 0.2663761
[1] "AdaLSE"
[1] 0.2996145
[1] 0.04488564
[1] 1

 1 
27 
[1] "Fitting mean A"
[1] "Fitting variance A"
[1] "DR"
[1] 0.2917145
[1] 0.05211787
[1] 0.8888889

 0  1 
 3 24 
[1] "se comparison"
[1] 0.04816187
[1] 0.4835604
[1] 28
[1] 0.2498716
[1] 0.2663761
[1] "AdaLSE"
[1] 0.3110857
[1] 0.05227631
[1] 1

 1 
28 
[1] "Fitting mean A"
[1] "Fitting variance A"
[1] "DR"
[1] 0.2992705
[1] 0.05202037
[1] 0.8928571

 0  1 
 3 25 
[1] "se comparison"
[1] 0.04810953
[1] 0.4746431
[1] 29
[1] 0.2498716
[1] 0.2663761
[1] "AdaLSE"
[1] 0.3536592
[1] 0.04118013
[1] 0.9655172

 0  1 
 1 28 
[1] "Fitting mean A"
[1] "Fitting variance A"
[1] "DR"
[1] 0.34967
[1] 0.06203435
[1] 0.8965517

 0  1 
 3 26 
[1] "se comparison"
[1] 0.05001696
[1] 0.4665002
[1] 30
[1] 0.2498716
[1] 0.2663761
[1] "AdaLSE"
[1] 0.3659496
[1] 0.04535511
[1] 0.9333333

 0  1 
 2 28 
[1] "Fitting mean A"
[1] "Fitting variance A"
[1] "DR"
[1] 0.5589752
[1] 0.6628329
[1] 0.9

 0  1 
 3 27 
[1] "se comparison"
[1] 0.05228389
[1] 0.4618892
[1] 31
[1] 0.2498716
[1] 0.2663761
[1] "AdaLSE"
[1] 0.2859662
[1] 0.04377738
[1] 0.9354839

 0  1 
 2 29 
[1] "Fitting mean A"
[1] "Fitting variance A"
[1] "DR"
[1] 0.3419144
[1] 0.06098614
[1] 0.9032258

 0  1 
 3 28 
[1] "se comparison"
[1] 0.05147067
[1] 0.4543736
[1] 32
[1] 0.2498716
[1] 0.2663761
[1] "AdaLSE"
[1] 0.2911572
[1] 0.04264339
[1] 0.9375

 0  1 
 2 30 
[1] "Fitting mean A"
[1] "Fitting variance A"
[1] "DR"
[1] 0.3692222
[1] 0.06612895
[1] 0.90625

 0  1 
 3 29 
[1] "se comparison"
[1] 0.05074713
[1] 0.4473937
[1] 33
[1] 0.2498716
[1] 0.2663761
[1] "AdaLSE"
[1] 0.2689732
[1] 0.04625103
[1] 0.9393939

 0  1 
 2 31 
[1] "Fitting mean A"
[1] "Fitting variance A"
[1] "DR"
[1] 0.2825071
[1] 0.04562981
[1] 0.9090909

 0  1 
 3 30 
[1] "se comparison"
[1] 0.04995185
[1] 0.4403589
[1] 34
[1] 0.2498716
[1] 0.2663761
[1] "AdaLSE"
[1] 0.2844601
[1] 0.0459537
[1] 0.9411765

 0  1 
 2 32 
[1] "Fitting mean A"
[1] "Fitting variance A"
[1] "DR"
[1] 0.3066903
[1] 0.04112386
[1] 0.9117647

 0  1 
 3 31 
[1] "se comparison"
[1] 0.04923218
[1] 0.4336944
[1] 35
[1] 0.2498716
[1] 0.2663761
[1] "AdaLSE"
[1] 0.3143362
[1] 0.04399248
[1] 0.9428571

 0  1 
 2 33 
[1] "Fitting mean A"
[1] "Fitting variance A"
[1] "DR"
[1] 0.3533211
[1] 0.05719167
[1] 0.9142857

 0  1 
 3 32 
[1] "se comparison"
[1] 0.0490079
[1] 0.4275225
[1] 36
[1] 0.2498716
[1] 0.2663761
[1] "AdaLSE"
[1] 0.2754021
[1] 0.04556801
[1] 0.9444444

 0  1 
 2 34 
[1] "Fitting mean A"
[1] "Fitting variance A"
[1] "DR"
[1] 0.214262
[1] 0.05322359
[1] 0.9166667

 0  1 
 3 33 
[1] "se comparison"
[1] 0.04830327
[1] 0.4214685
[1] 37
[1] 0.2498716
[1] 0.2663761
[1] "AdaLSE"
[1] 0.3633422
[1] 0.04554776
[1] 0.9189189

 0  1 
 3 34 
[1] "Fitting mean A"
[1] "Fitting variance A"
[1] "DR"
[1] 0.5425723
[1] 0.9385737
[1] 0.9189189

 0  1 
 3 34 
[1] "se comparison"
[1] 0.049839
[1] 0.4180322
[1] 38
[1] 0.2498716
[1] 0.2663761
[1] "AdaLSE"
[1] 0.2040242
[1] 0.04532868
[1] 0.9210526

 0  1 
 3 35 
[1] "Fitting mean A"
[1] "Fitting variance A"
[1] "DR"
[1] 0.2170939
[1] 0.0406318
[1] 0.9210526

 0  1 
 3 35 
[1] "se comparison"
[1] 0.05054553
[1] 0.41245
[1] 39
[1] 0.2498716
[1] 0.2663761
[1] "AdaLSE"
[1] 0.2861461
[1] 0.04709743
[1] 0.9230769

 0  1 
 3 36 
[1] "Fitting mean A"
[1] "Fitting variance A"
[1] "DR"
[1] 0.2678716
[1] 0.03965559
[1] 0.9230769

 0  1 
 3 36 
[1] "se comparison"
[1] 0.04991059
[1] 0.4069878
[1] 40
[1] 0.2498716
[1] 0.2663761
[1] "AdaLSE"
[1] 0.1903959
[1] 0.04609902
[1] 0.925

 0  1 
 3 37 
[1] "Fitting mean A"
[1] "Fitting variance A"
[1] "DR"
[1] 0.2241646
[1] 0.04297724
[1] 0.925

 0  1 
 3 37 
[1] "se comparison"
[1] 0.051044
[1] 0.4018103
[1] 41
[1] 0.2498716
[1] 0.2663761
[1] "AdaLSE"
[1] 0.2807281
[1] 0.04421118
[1] 0.9268293

 0  1 
 3 38 
[1] "Fitting mean A"
[1] "Fitting variance A"
[1] "DR"
[1] 0.2584657
[1] 0.04466779
[1] 0.9268293

 0  1 
 3 38 
[1] "se comparison"
[1] 0.05041737
[1] 0.3967613
[1] 42
[1] 0.2498716
[1] 0.2663761
[1] "AdaLSE"
[1] 0.298475
[1] 0.04881028
[1] 0.9285714

 0  1 
 3 39 
[1] "Fitting mean A"
[1] "Fitting variance A"
[1] "DR"
[1] 0.2993774
[1] 0.05566442
[1] 0.9285714

 0  1 
 3 39 
[1] "se comparison"
[1] 0.04995448
[1] 0.3919166
[1] 43
[1] 0.2498716
[1] 0.2663761
[1] "AdaLSE"
[1] 0.2590349
[1] 0.04635948
[1] 0.9302326

 0  1 
 3 40 
[1] "Fitting mean A"
[1] "Fitting variance A"
[1] "DR"
[1] 0.2672804
[1] 0.04576574
[1] 0.9302326

 0  1 
 3 40 
[1] "se comparison"
[1] 0.04940573
[1] 0.3872235
[1] 44
[1] 0.2498716
[1] 0.2663761
[1] "AdaLSE"
[1] 0.3833402
[1] 0.0436221
[1] 0.9090909

 0  1 
 4 40 
[1] "Fitting mean A"
[1] "Fitting variance A"
[1] "DR"
[1] 1.022516
[1] 0.5881001
[1] 0.9318182

 0  1 
 3 41 
[1] "se comparison"
[1] 0.05157381
[1] 0.3990699
[1] 45
[1] 0.2498716
[1] 0.2663761
[1] "AdaLSE"
[1] 1.018423
[1] 0.03029933
[1] 0.8888889

 0  1 
 5 40 
[1] "Fitting mean A"
[1] "Fitting variance A"
[1] "DR"
[1] 0.3523725
[1] 0.06402002
[1] 0.9333333

 0  1 
 3 42 
[1] "se comparison"
[1] 0.1218929
[1] 0.3946218
[1] 46
[1] 0.2498716
[1] 0.2663761
[1] "AdaLSE"
[1] 0.2719636
[1] 0.04904677
[1] 0.8913043

 0  1 
 5 41 
[1] "Fitting mean A"
[1] "Fitting variance A"
[1] "DR"
[1] 0.3310368
[1] 0.07747126
[1] 0.9347826

 0  1 
 3 43 
[1] "se comparison"
[1] 0.1205679
[1] 0.3902584
[1] 47
[1] 0.2498716
[1] 0.2663761
[1] "AdaLSE"
[1] 0.2916858
[1] 0.04776313
[1] 0.893617

 0  1 
 5 42 
[1] "Fitting mean A"
[1] "Fitting variance A"
[1] "DR"
[1] 0.2868465
[1] 0.2557696
[1] 0.9361702

 0  1 
 3 44 
[1] "se comparison"
[1] 0.1192502
[1] 0.3859937
[1] 48
[1] 0.2498716
[1] 0.2663761
[1] "AdaLSE"
[1] 0.1654593
[1] 0.04645422
[1] 0.875

 0  1 
 6 42 
[1] "Fitting mean A"
[1] "Fitting variance A"
[1] "DR"
[1] 0.1911116
[1] 0.1569399
[1] 0.9375

 0  1 
 3 45 
[1] "se comparison"
[1] 0.1193751
[1] 0.3821387
[1] 49
[1] 0.2498716
[1] 0.2663761
[1] "AdaLSE"
[1] 0.3607152
[1] 0.04825815
[1] 0.877551

 0  1 
 6 43 
[1] "Fitting mean A"
[1] "Fitting variance A"
[1] "DR"
[1] 0.3507919
[1] 0.05277196
[1] 0.9387755

 0  1 
 3 46 
[1] "se comparison"
[1] 0.1185668
[1] 0.3782396
[1] 50
[1] 0.2498716
[1] 0.2663761
[1] "AdaLSE"
[1] 0.2112432
[1] 0.04765002
[1] 0.88

 0  1 
 6 44 
[1] "Fitting mean A"
[1] "Fitting variance A"
[1] "DR"
[1] 0.200186
[1] 0.04402685
[1] 0.94

 0  1 
 3 47 
[1] "se comparison"
[1] 0.1178861
[1] 0.3745776
[1] 51
[1] 0.2498716
[1] 0.2663761
[1] "AdaLSE"
[1] 0.2782459
[1] 0.04449568
[1] 0.8823529

 0  1 
 6 45 
[1] "Fitting mean A"
[1] "Fitting variance A"
[1] "DR"
[1] 0.4666175
[1] 0.2601466
[1] 0.9411765

 0  1 
 3 48 
[1] "se comparison"
[1] 0.116711
[1] 0.3716497
[1] 52
[1] 0.2498716
[1] 0.2663761
[1] "AdaLSE"
[1] 0.3298476
[1] 0.04356539
[1] 0.8846154

 0  1 
 6 46 
[1] "Fitting mean A"
[1] "Fitting variance A"
[1] "DR"
[1] 0.3451325
[1] 0.04508685
[1] 0.9423077

 0  1 
 3 49 
[1] "se comparison"
[1] 0.1157012
[1] 0.3680615
[1] 53
[1] 0.2498716
[1] 0.2663761
[1] "AdaLSE"
[1] 1.058347
[1] 0.0270634
[1] 0.8679245

 0  1 
 7 46 
[1] "Fitting mean A"
[1] "Fitting variance A"
[1] "DR"
[1] 0.3956132
[1] 0.0636158
[1] 0.9245283

 0  1 
 4 49 
[1] "se comparison"
[1] 0.1558207
[1] 0.364777
[1] 54
[1] 0.2498716
[1] 0.2663761
[1] "AdaLSE"
[1] 0.3048975
[1] 0.04766319
[1] 0.8703704

 0  1 
 7 47 
[1] "Fitting mean A"
[1] "Fitting variance A"
[1] "DR"
[1] -0.4146811
[1] 1.406307
[1] 0.9259259

 0  1 
 4 50 
[1] "se comparison"
[1] 0.1543437
[1] 0.3740053
[1] 55
[1] 0.2498716
[1] 0.2663761
[1] "AdaLSE"
[1] 0.274502
[1] 0.04534299
[1] 0.8727273

 0  1 
 7 48 
[1] "Fitting mean A"
[1] "Fitting variance A"
[1] "DR"
[1] 0.4573524
[1] 0.2736161
[1] 0.9272727

 0  1 
 4 51 
[1] "se comparison"
[1] 0.1529601
[1] 0.3712805
[1] 56
[1] 0.2498716
[1] 0.2663761
[1] "AdaLSE"
[1] 0.1901377
[1] 0.04509957
[1] 0.875

 0  1 
 7 49 
[1] "Fitting mean A"
[1] "Fitting variance A"
[1] "DR"
[1] 0.217976
[1] 0.04058692
[1] 0.9285714

 0  1 
 4 52 
[1] "se comparison"
[1] 0.1523192
[1] 0.3679991
[1] 57
[1] 0.2498716
[1] 0.2663761
[1] "AdaLSE"
[1] 0.2510098
[1] 0.04877952
[1] 0.877193

 0  1 
 7 50 
[1] "Fitting mean A"
[1] "Fitting variance A"
[1] "DR"
[1] 0.2508822
[1] 0.04586302
[1] 0.9298246

 0  1 
 4 53 
[1] "se comparison"
[1] 0.1511014
[1] 0.3647248
[1] 58
[1] 0.2498716
[1] 0.2663761
[1] "AdaLSE"
[1] 0.2369439
[1] 0.04609434
[1] 0.8793103

 0  1 
 7 51 
[1] "Fitting mean A"
[1] "Fitting variance A"
[1] "DR"
[1] 0.2027688
[1] 0.04717931
[1] 0.9310345

 0  1 
 4 54 
[1] "se comparison"
[1] 0.1500036
[1] 0.361666
[1] 59
[1] 0.2498716
[1] 0.2663761
[1] "AdaLSE"
[1] 0.2489417
[1] 0.04857993
[1] 0.8813559

 0  1 
 7 52 
[1] "Fitting mean A"
[1] "Fitting variance A"
[1] "DR"
[1] 0.2663454
[1] 0.04452953
[1] 0.9322034

 0  1 
 4 55 
[1] "se comparison"
[1] 0.1488508
[1] 0.3585404
[1] 60
[1] 0.2498716
[1] 0.2663761
[1] "AdaLSE"
[1] 0.1592149
[1] 0.04891447
[1] 0.8666667

 0  1 
 8 52 
[1] "Fitting mean A"
[1] "Fitting variance A"
[1] "DR"
[1] -0.2307006
[1] 0.9199561
[1] 0.9333333

 0  1 
 4 56 
[1] "se comparison"
[1] 0.1486785
[1] 0.3615907
[1] 61
[1] 0.2498716
[1] 0.2663761
[1] "AdaLSE"
[1] 0.2824368
[1] 0.04470975
[1] 0.8688525

 0  1 
 8 53 
[1] "Fitting mean A"
[1] "Fitting variance A"
[1] "DR"
[1] 0.2858257
[1] 0.05596538
[1] 0.9344262

 0  1 
 4 57 
[1] "se comparison"
[1] 0.1474451
[1] 0.3585685
[1] 62
[1] 0.2498716
[1] 0.2663761
[1] "AdaLSE"
[1] 0.2837409
[1] 0.04238658
[1] 0.8709677

 0  1 
 8 54 
[1] "Fitting mean A"
[1] "Fitting variance A"
[1] "DR"
[1] 0.2933305
[1] 0.04439873
[1] 0.9354839

 0  1 
 4 58 
[1] "se comparison"
[1] 0.14624
[1] 0.3556263
[1] 63
[1] 0.2498716
[1] 0.2663761
[1] "AdaLSE"
[1] 0.235089
[1] 0.04614446
[1] 0.8730159

 0  1 
 8 55 
[1] "Fitting mean A"
[1] "Fitting variance A"
[1] "DR"
[1] -0.1488802
[1] 0.1732478
[1] 0.9206349

 0  1 
 5 58 
[1] "se comparison"
[1] 0.1452584
[1] 0.3567412
[1] 64
[1] 0.2498716
[1] 0.2663761
[1] "AdaLSE"
[1] 0.2777353
[1] 0.04667724
[1] 0.875

 0  1 
 8 56 
[1] "Fitting mean A"
[1] "Fitting variance A"
[1] "DR"
[1] 0.3546817
[1] 0.08875453
[1] 0.921875

 0  1 
 5 59 
[1] "se comparison"
[1] 0.144117
[1] 0.3540684
[1] 65
[1] 0.2498716
[1] 0.2663761
[1] "AdaLSE"
[1] 0.2530472
[1] 0.04543955
[1] 0.8769231

 0  1 
 8 57 
[1] "Fitting mean A"
[1] "Fitting variance A"
[1] "DR"
[1] 0.2401116
[1] 0.04026491
[1] 0.9230769

 0  1 
 5 60 
[1] "se comparison"
[1] 0.14308
[1] 0.3513088
[1] 66
[1] 0.2498716
[1] 0.2663761
[1] "AdaLSE"
[1] 0.3239605
[1] 0.04424674
[1] 0.8787879

 0  1 
 8 58 
[1] "Fitting mean A"
[1] "Fitting variance A"
[1] "DR"
[1] 0.317234
[1] 0.04347465
[1] 0.9242424

 0  1 
 5 61 
[1] "se comparison"
[1] 0.1420228
[1] 0.3486489
[1] 67
[1] 0.2498716
[1] 0.2663761
[1] "AdaLSE"
[1] 0.2579654
[1] 0.04549912
[1] 0.880597

 0  1 
 8 59 
[1] "Fitting mean A"
[1] "Fitting variance A"
[1] "DR"
[1] 0.2491409
[1] 0.04975501
[1] 0.9253731

 0  1 
 5 62 
[1] "se comparison"
[1] 0.1410135
[1] 0.3460057
[1] 68
[1] 0.2498716
[1] 0.2663761
[1] "AdaLSE"
[1] 0.1942136
[1] 0.04786324
[1] 0.8823529

 0  1 
 8 60 
[1] "Fitting mean A"
[1] "Fitting variance A"
[1] "DR"
[1] 0.1855662
[1] 0.04863875
[1] 0.9264706

 0  1 
 5 63 
[1] "se comparison"
[1] 0.1404792
[1] 0.3435606
[1] 69
[1] 0.2498716
[1] 0.2663761
[1] "AdaLSE"
[1] 0.3418772
[1] 0.04649524
[1] 0.884058

 0  1 
 8 61 
[1] "Fitting mean A"
[1] "Fitting variance A"
[1] "DR"
[1] 0.3641513
[1] 0.1045989
[1] 0.9275362

 0  1 
 5 64 
[1] "se comparison"
[1] 0.139569
[1] 0.341225
[1] 70
[1] 0.2498716
[1] 0.2663761
[1] "AdaLSE"
[1] 0.2160475
[1] 0.04545917
[1] 0.8857143

 0  1 
 8 62 
[1] "Fitting mean A"
[1] "Fitting variance A"
[1] "DR"
[1] 0.1497569
[1] 0.06357007
[1] 0.9285714

 0  1 
 5 65 
[1] "se comparison"
[1] 0.1388607
[1] 0.3390407
[1] 71
[1] 0.2498716
[1] 0.2663761
[1] "AdaLSE"
[1] 0.233474
[1] 0.04343838
[1] 0.8873239

 0  1 
 8 63 
[1] "Fitting mean A"
[1] "Fitting variance A"
[1] "DR"
[1] 0.2272906
[1] 0.05318166
[1] 0.9295775

 0  1 
 5 66 
[1] "se comparison"
[1] 0.1380408
[1] 0.336643
[1] 72
[1] 0.2498716
[1] 0.2663761
[1] "AdaLSE"
[1] 0.1469516
[1] 0.04986818
[1] 0.875

 0  1 
 9 63 
[1] "Fitting mean A"
[1] "Fitting variance A"
[1] "DR"
[1] 0.1344422
[1] 0.04031988
[1] 0.9166667

 0  1 
 6 66 
[1] "se comparison"
[1] 0.1381169
[1] 0.3346248
[1] 73
[1] 0.2498716
[1] 0.2663761
[1] "AdaLSE"
[1] 0.2948058
[1] 0.04721561
[1] 0.8767123

 0  1 
 9 64 
[1] "Fitting mean A"
[1] "Fitting variance A"
[1] "DR"
[1] -0.5135368
[1] 0.5321962
[1] 0.9178082

 0  1 
 6 67 
[1] "se comparison"
[1] 0.1371559
[1] 0.3445431
[1] 74
[1] 0.2498716
[1] 0.2663761
[1] "AdaLSE"
[1] 0.1972054
[1] 0.0462774
[1] 0.8783784

 0  1 
 9 65 
[1] "Fitting mean A"
[1] "Fitting variance A"
[1] "DR"
[1] 0.2254285
[1] 0.04833658
[1] 0.9189189

 0  1 
 6 68 
[1] "se comparison"
[1] 0.1366339
[1] 0.3421909
[1] 75
[1] 0.2498716
[1] 0.2663761
[1] "AdaLSE"
[1] 0.2279654
[1] 0.04907008
[1] 0.88

 0  1 
 9 66 
[1] "Fitting mean A"
[1] "Fitting variance A"
[1] "DR"
[1] 0.1912112
[1] 0.05491717
[1] 0.92

 0  1 
 6 69 
[1] "se comparison"
[1] 0.1358853
[1] 0.3399469
[1] 76
[1] 0.2498716
[1] 0.2663761
[1] "AdaLSE"
[1] 0.301046
[1] 0.04732284
[1] 0.8815789

 0  1 
 9 67 
[1] "Fitting mean A"
[1] "Fitting variance A"
[1] "DR"
[1] 0.3004449
[1] 0.04805352
[1] 0.9210526

 0  1 
 6 70 
[1] "se comparison"
[1] 0.1349855
[1] 0.3377176
[1] 77
[1] 0.2498716
[1] 0.2663761
[1] "AdaLSE"
[1] 0.2092866
[1] 0.04834931
[1] 0.8831169

 0  1 
 9 68 
[1] "Fitting mean A"
[1] "Fitting variance A"
[1] "DR"
[1] 0.2024028
[1] 0.04294033
[1] 0.9220779

 0  1 
 6 71 
[1] "se comparison"
[1] 0.1343904
[1] 0.3355383
[1] 78
[1] 0.2498716
[1] 0.2663761
[1] "AdaLSE"
[1] 0.4003702
[1] 0.04193986
[1] 0.8717949

 0  1 
10 68 
[1] "Fitting mean A"
[1] "Fitting variance A"
[1] "DR"
[1] 0.4940024
[1] 0.6324287
[1] 0.9230769

 0  1 
 6 72 
[1] "se comparison"
[1] 0.1341361
[1] 0.3344716
[1] 79
[1] 0.2498716
[1] 0.2663761
[1] "AdaLSE"
[1] 0.3337227
[1] 0.04831941
[1] 0.8734177

 0  1 
10 69 
[1] "Fitting mean A"
[1] "Fitting variance A"
[1] "DR"
[1] 1.217884
[1] 0.6516318
[1] 0.9240506

 0  1 
 6 73 
[1] "se comparison"
[1] 0.133373
[1] 0.3495099
[1] 80
[1] 0.2498716
[1] 0.2663761
[1] "AdaLSE"
[1] 0.1986084
[1] 0.05126619
[1] 0.875

 0  1 
10 70 
[1] "Fitting mean A"
[1] "Fitting variance A"
[1] "DR"
[1] -0.7052662
[1] 0.7104407
[1] 0.925

 0  1 
 6 74 
[1] "se comparison"
[1] 0.1329069
[1] 0.3639331
[1] 81
[1] 0.2498716
[1] 0.2663761
[1] "AdaLSE"
[1] 0.2306226
[1] 0.04496108
[1] 0.8765432

 0  1 
10 71 
[1] "Fitting mean A"
[1] "Fitting variance A"
[1] "DR"
[1] 0.2244687
[1] 0.04375702
[1] 0.9259259

 0  1 
 6 75 
[1] "se comparison"
[1] 0.1322242
[1] 0.361668
[1] 82
[1] 0.2498716
[1] 0.2663761
[1] "AdaLSE"
[1] 0.2677789
[1] 0.04604658
[1] 0.8780488

 0  1 
10 72 
[1] "Fitting mean A"
[1] "Fitting variance A"
[1] "DR"
[1] 0.2519452
[1] 0.04280857
[1] 0.9268293

 0  1 
 6 76 
[1] "se comparison"
[1] 0.1314221
[1] 0.3594288
[1] 83
[1] 0.2498716
[1] 0.2663761
[1] "AdaLSE"
[1] 0.2719476
[1] 0.05262524
[1] 0.8795181

 0  1 
10 73 
[1] "Fitting mean A"
[1] "Fitting variance A"
[1] "DR"
[1] 0.2691639
[1] 0.04899062
[1] 0.9277108

 0  1 
 6 77 
[1] "se comparison"
[1] 0.130628
[1] 0.3572337
[1] 84
[1] 0.2498716
[1] 0.2663761
[1] "AdaLSE"
[1] 0.2050421
[1] 0.04547331
[1] 0.8809524

 0  1 
10 74 
[1] "Fitting mean A"
[1] "Fitting variance A"
[1] "DR"
[1] 0.1804911
[1] 0.04810818
[1] 0.9285714

 0  1 
 6 78 
[1] "se comparison"
[1] 0.130141
[1] 0.3551692
[1] 85
[1] 0.2498716
[1] 0.2663761
[1] "AdaLSE"
[1] 0.2569412
[1] 0.04484303
[1] 0.8823529

 0  1 
10 75 
[1] "Fitting mean A"
[1] "Fitting variance A"
[1] "DR"
[1] 0.4127981
[1] 0.2984126
[1] 0.9294118

 0  1 
 6 79 
[1] "se comparison"
[1] 0.1294007
[1] 0.353466
[1] 86
[1] 0.2498716
[1] 0.2663761
[1] "AdaLSE"
[1] 0.1679476
[1] 0.04396606
[1] 0.872093

 0  1 
11 75 
[1] "Fitting mean A"
[1] "Fitting variance A"
[1] "DR"
[1] 0.2194807
[1] 0.05163964
[1] 0.9302326

 0  1 
 6 80 
[1] "se comparison"
[1] 0.129255
[1] 0.3514031
[1] 87
[1] 0.2498716
[1] 0.2663761
[1] "AdaLSE"
[1] 0.3323009
[1] 0.0428859
[1] 0.8735632

 0  1 
11 76 
[1] "Fitting mean A"
[1] "Fitting variance A"
[1] "DR"
[1] 0.3080256
[1] 0.04252921
[1] 0.9310345

 0  1 
 6 81 
[1] "se comparison"
[1] 0.1286072
[1] 0.3493987
[1] 88
[1] 0.2498716
[1] 0.2663761
[1] "AdaLSE"
[1] 0.3044647
[1] 0.04370284
[1] 0.875

 0  1 
11 77 
[1] "Fitting mean A"
[1] "Fitting variance A"
[1] "DR"
[1] 0.2773809
[1] 0.04904497
[1] 0.9318182

 0  1 
 6 82 
[1] "se comparison"
[1] 0.1278842
[1] 0.347392
[1] 89
[1] 0.2498716
[1] 0.2663761
[1] "AdaLSE"
[1] 0.225674
[1] 0.04296572
[1] 0.8764045

 0  1 
11 78 
[1] "Fitting mean A"
[1] "Fitting variance A"
[1] "DR"
[1] -0.01738693
[1] 0.3005707
[1] 0.9325843

 0  1 
 6 83 
[1] "se comparison"
[1] 0.1273079
[1] 0.346633
[1] 90
[1] 0.2498716
[1] 0.2663761
[1] "AdaLSE"
[1] 0.2982592
[1] 0.04345319
[1] 0.8777778

 0  1 
11 79 
[1] "Fitting mean A"
[1] "Fitting variance A"
[1] "DR"
[1] 0.1618736
[1] 0.5355471
[1] 0.9333333

 0  1 
 6 84 
[1] "se comparison"
[1] 0.1265999
[1] 0.344816
[1] 91
[1] 0.2498716
[1] 0.2663761
[1] "AdaLSE"
[1] 0.3139963
[1] 0.04332611
[1] 0.8791209

 0  1 
11 80 
[1] "Fitting mean A"
[1] "Fitting variance A"
[1] "DR"
[1] 0.3185555
[1] 0.04058915
[1] 0.9340659

 0  1 
 6 85 
[1] "se comparison"
[1] 0.125934
[1] 0.3429645
[1] 92
[1] 0.2498716
[1] 0.2663761
[1] "AdaLSE"
[1] 0.2447266
[1] 0.04362829
[1] 0.8804348

 0  1 
11 81 
[1] "Fitting mean A"
[1] "Fitting variance A"
[1] "DR"
[1] -0.5427284
[1] 0.8276819
[1] 0.9347826

 0  1 
 6 86 
[1] "se comparison"
[1] 0.125308
[1] 0.3510293
[1] 93
[1] 0.2498716
[1] 0.2663761
[1] "AdaLSE"
[1] 0.2971845
[1] 0.0457952
[1] 0.8817204

 0  1 
11 82 
[1] "Fitting mean A"
[1] "Fitting variance A"
[1] "DR"
[1] 0.298778
[1] 0.07233894
[1] 0.9354839

 0  1 
 6 87 
[1] "se comparison"
[1] 0.1246328
[1] 0.3491612
[1] 94
[1] 0.2498716
[1] 0.2663761
[1] "AdaLSE"
[1] 1.01726
[1] 0.02747886
[1] 0.8723404

 0  1 
12 82 
[1] "Fitting mean A"
[1] "Fitting variance A"
[1] "DR"
[1] 0.3188191
[1] 0.07070266
[1] 0.9361702

 0  1 
 6 88 
[1] "se comparison"
[1] 0.1452126
[1] 0.3473616
[1] 95
[1] 0.2498716
[1] 0.2663761
[1] "AdaLSE"
[1] 0.3009744
[1] 0.04750571
[1] 0.8736842

 0  1 
12 83 
[1] "Fitting mean A"
[1] "Fitting variance A"
[1] "DR"
[1] 0.737779
[1] 0.4924216
[1] 0.9368421

 0  1 
 6 89 
[1] "se comparison"
[1] 0.1444412
[1] 0.3491719
[1] 96
[1] 0.2498716
[1] 0.2663761
[1] "AdaLSE"
[1] 0.2901793
[1] 0.05389274
[1] 0.875

 0  1 
12 84 
[1] "Fitting mean A"
[1] "Fitting variance A"
[1] "DR"
[1] 0.3018685
[1] 0.04056192
[1] 0.9375

 0  1 
 6 90 
[1] "se comparison"
[1] 0.1436791
[1] 0.3473677
[1] 97
[1] 0.2498716
[1] 0.2663761
[1] "AdaLSE"
[1] 0.2962337
[1] 0.05113382
[1] 0.8762887

 0  1 
12 85 
[1] "Fitting mean A"
[1] "Fitting variance A"
[1] "DR"
[1] 0.2824625
[1] 0.04402471
[1] 0.9381443

 0  1 
 6 91 
[1] "se comparison"
[1] 0.1429295
[1] 0.3455678
[1] 98
[1] 0.2498716
[1] 0.2663761
[1] "AdaLSE"
[1] 0.2789833
[1] 0.04831654
[1] 0.877551

 0  1 
12 86 
[1] "Fitting mean A"
[1] "Fitting variance A"
[1] "DR"
[1] 0.2856312
[1] 0.04721209
[1] 0.9387755

 0  1 
 6 92 
[1] "se comparison"
[1] 0.1421968
[1] 0.3437985
[1] 99
[1] 0.2498716
[1] 0.2663761
[1] "AdaLSE"
[1] 1.074316
[1] 0.0273133
[1] 0.8686869

 0  1 
13 86 
[1] "Fitting mean A"
[1] "Fitting variance A"
[1] "DR"
[1] -0.6423444
[1] 0.7056932
[1] 0.9393939

 0  1 
 6 93 
[1] "se comparison"
[1] 0.1618622
[1] 0.3536654
[1] 100
[1] 0.2498716
[1] 0.2663761
[1] "AdaLSE"
[1] 0.307834
[1] 0.0496146
[1] 0.87

 0  1 
13 87 
[1] "Fitting mean A"
[1] "Fitting variance A"
[1] "DR"
[1] 0.02225103
[1] 0.353815
[1] 0.94

 0  1 
 6 94 
[1] "se comparison"
[1] 0.1610447
[1] 0.3525692
[1] 101
[1] 0.2498716
[1] 0.2663761
[1] "AdaLSE"
[1] 0.2590835
[1] 0.04676533
[1] 0.8712871

 0  1 
13 88 
[1] "Fitting mean A"
[1] "Fitting variance A"
[1] "DR"
[1] 0.2580794
[1] 0.04970996
[1] 0.9405941

 0  1 
 6 95 
[1] "se comparison"
[1] 0.1602886
[1] 0.3508059
[1] 102
[1] 0.2498716
[1] 0.2663761
[1] "AdaLSE"
[1] 0.2908035
[1] 0.04478627
[1] 0.872549

 0  1 
13 89 
[1] "Fitting mean A"
[1] "Fitting variance A"
[1] "DR"
[1] 0.311269
[1] 0.04534406
[1] 0.9411765

 0  1 
 6 96 
[1] "se comparison"
[1] 0.1594953
[1] 0.3491335
[1] 103
[1] 0.2498716
[1] 0.2663761
[1] "AdaLSE"
[1] 0.2857535
[1] 0.04595759
[1] 0.8737864

 0  1 
13 90 
[1] "Fitting mean A"
[1] "Fitting variance A"
[1] "DR"
[1] 0.3039315
[1] 0.04701134
[1] 0.9417476

 0  1 
 6 97 
[1] "se comparison"
[1] 0.1587171
[1] 0.3474713
[1] 104
[1] 0.2498716
[1] 0.2663761
[1] "AdaLSE"
[1] 0.2093775
[1] 0.04642859
[1] 0.875

 0  1 
13 91 
[1] "Fitting mean A"
[1] "Fitting variance A"
[1] "DR"
[1] 0.1930506
[1] 0.04422938
[1] 0.9423077

 0  1 
 6 98 
[1] "se comparison"
[1] 0.1581898
[1] 0.3458147
[1] 105
[1] 0.2498716
[1] 0.2663761
[1] "AdaLSE"
[1] 0.2790524
[1] 0.04781953
[1] 0.8761905

 0  1 
13 92 
[1] "Fitting mean A"
[1] "Fitting variance A"
[1] "DR"
[1] 0.5059406
[1] 0.4354724
[1] 0.9428571

 0  1 
 6 99 
[1] "se comparison"
[1] 0.1574386
[1] 0.3451092
[1] 106
[1] 0.2498716
[1] 0.2663761
[1] "AdaLSE"
[1] 0.2711634
[1] 0.04803369
[1] 0.8773585

 0  1 
13 93 
[1] "Fitting mean A"
[1] "Fitting variance A"
[1] "DR"
[1] 0.2699334
[1] 0.04801243
[1] 0.9433962

  0   1 
  6 100 
[1] "se comparison"
[1] 0.1567089
[1] 0.3434707
[1] 107
[1] 0.2498716
[1] 0.2663761
[1] "AdaLSE"
[1] 0.1094779
[1] 0.04950303
[1] 0.8691589

 0  1 
14 93 
[1] "Fitting mean A"
[1] "Fitting variance A"
[1] "DR"
[1] 0.08130147
[1] 0.05157085
[1] 0.9345794

  0   1 
  7 100 
[1] "se comparison"
[1] 0.1570273
[1] 0.3422126
[1] 108
[1] 0.2498716
[1] 0.2663761
[1] "AdaLSE"
[1] 0.2226436
[1] 0.04267057
[1] 0.8703704

 0  1 
14 94 
[1] "Fitting mean A"
[1] "Fitting variance A"
[1] "DR"
[1] 0.2269361
[1] 0.0357106
[1] 0.9351852

  0   1 
  7 101 
[1] "se comparison"
[1] 0.1564514
[1] 0.3406134
[1] 109
[1] 0.2498716
[1] 0.2663761
[1] "AdaLSE"
[1] 0.1816104
[1] 0.04872948
[1] 0.8715596

 0  1 
14 95 
[1] "Fitting mean A"
[1] "Fitting variance A"
[1] "DR"
[1] 0.1829961
[1] 0.04319806
[1] 0.9357798

  0   1 
  7 102 
[1] "se comparison"
[1] 0.1561063
[1] 0.339082
[1] 110
[1] 0.2498716
[1] 0.2663761
[1] "AdaLSE"
[1] 0.2784352
[1] 0.04844056
[1] 0.8727273

 0  1 
14 96 
[1] "Fitting mean A"
[1] "Fitting variance A"
[1] "DR"
[1] 0.2405676
[1] 0.05258345
[1] 0.9363636

  0   1 
  7 103 
[1] "se comparison"
[1] 0.155396
[1] 0.337523
[1] 111
[1] 0.2498716
[1] 0.2663761
[1] "AdaLSE"
[1] 0.2444769
[1] 0.04835576
[1] 0.8738739

 0  1 
14 97 
[1] "Fitting mean A"
[1] "Fitting variance A"
[1] "DR"
[1] 0.6013971
[1] 0.6778519
[1] 0.9369369

  0   1 
  7 104 
[1] "se comparison"
[1] 0.15476
[1] 0.3377059
[1] 112
[1] 0.2498716
[1] 0.2663761
[1] "AdaLSE"
[1] 0.2742567
[1] 0.04752947
[1] 0.875

 0  1 
14 98 
[1] "Fitting mean A"
[1] "Fitting variance A"
[1] "DR"
[1] 0.9265406
[1] 1.096131
[1] 0.9375

  0   1 
  7 105 
[1] "se comparison"
[1] 0.1540723
[1] 0.3422775
[1] 113
[1] 0.2498716
[1] 0.2663761
[1] "AdaLSE"
[1] 0.2509914
[1] 0.0481927
[1] 0.8761062

 0  1 
14 99 
[1] "Fitting mean A"
[1] "Fitting variance A"
[1] "DR"
[1] 0.2321045
[1] 0.05984681
[1] 0.9380531

  0   1 
  7 106 
[1] "se comparison"
[1] 0.1534353
[1] 0.3407512
[1] 114
[1] 0.2498716
[1] 0.2663761
[1] "AdaLSE"
[1] 0.2647035
[1] 0.04649317
[1] 0.877193

  0   1 
 14 100 
[1] "Fitting mean A"
[1] "Fitting variance A"
[1] "DR"
[1] 0.2271199
[1] 0.04642294
[1] 0.9385965

  0   1 
  7 107 
[1] "se comparison"
[1] 0.1527781
[1] 0.339248
[1] 115
[1] 0.2498716
[1] 0.2663761
[1] "AdaLSE"
[1] 0.2202573
[1] 0.04955497
[1] 0.8782609

  0   1 
 14 101 
[1] "Fitting mean A"
[1] "Fitting variance A"
[1] "DR"
[1] 0.2406104
[1] 0.05100338
[1] 0.9391304

  0   1 
  7 108 
[1] "se comparison"
[1] 0.1522576
[1] 0.3377583
[1] 116
[1] 0.2498716
[1] 0.2663761
[1] "AdaLSE"
[1] 0.2997435
[1] 0.04437465
[1] 0.8793103

  0   1 
 14 102 
[1] "Fitting mean A"
[1] "Fitting variance A"
[1] "DR"
[1] 0.3233244
[1] 0.04137557
[1] 0.9396552

  0   1 
  7 109 
[1] "se comparison"
[1] 0.1515957
[1] 0.3363527
[1] 117
[1] 0.2498716
[1] 0.2663761
[1] "AdaLSE"
[1] 0.2736993
[1] 0.04689641
[1] 0.8803419

  0   1 
 14 103 
[1] "Fitting mean A"
[1] "Fitting variance A"
[1] "DR"
[1] 0.32131
[1] 0.04327811
[1] 0.9401709

  0   1 
  7 110 
[1] "se comparison"
[1] 0.1509507
[1] 0.3349608
[1] 118
[1] 0.2498716
[1] 0.2663761
[1] "AdaLSE"
[1] 0.2781394
[1] 0.05296963
[1] 0.8813559

  0   1 
 14 104 
[1] "Fitting mean A"
[1] "Fitting variance A"
[1] "DR"
[1] 0.3038802
[1] 0.05097535
[1] 0.940678

  0   1 
  7 111 
[1] "se comparison"
[1] 0.1503099
[1] 0.3335595
[1] 119
[1] 0.2498716
[1] 0.2663761
[1] "AdaLSE"
[1] 0.2948792
[1] 0.04824722
[1] 0.8823529

  0   1 
 14 105 
[1] "Fitting mean A"
[1] "Fitting variance A"
[1] "DR"
[1] 0.5709675
[1] 0.4941469
[1] 0.9411765

  0   1 
  7 112 
[1] "se comparison"
[1] 0.1496718
[1] 0.3334184
[1] 120
[1] 0.2498716
[1] 0.2663761
[1] "AdaLSE"
[1] 0.3321231
[1] 0.04562578
[1] 0.8833333

  0   1 
 14 106 
[1] "Fitting mean A"
[1] "Fitting variance A"
[1] "DR"
[1] 0.3131582
[1] 0.03980979
[1] 0.9416667

  0   1 
  7 113 
[1] "se comparison"
[1] 0.1490863
[1] 0.3320557
[1] 121
[1] 0.2498716
[1] 0.2663761
[1] "AdaLSE"
[1] 0.3322712
[1] 0.04519224
[1] 0.8842975

  0   1 
 14 107 
[1] "Fitting mean A"
[1] "Fitting variance A"
[1] "DR"
[1] 0.328567
[1] 0.04352807
[1] 0.9421488

  0   1 
  7 114 
[1] "se comparison"
[1] 0.1485079
[1] 0.3307345
[1] 122
[1] 0.2498716
[1] 0.2663761
[1] "AdaLSE"
[1] 0.3749258
[1] 0.04730207
[1] 0.8770492

  0   1 
 15 107 
[1] "Fitting mean A"
[1] "Fitting variance A"
[1] "DR"
[1] 0.3717111
[1] 0.04028768
[1] 0.9344262

  0   1 
  8 114 
[1] "se comparison"
[1] 0.1480798
[1] 0.329529
[1] 123
[1] 0.2498716
[1] 0.2663761
[1] "AdaLSE"
[1] 0.2789075
[1] 0.04552747
[1] 0.8780488

  0   1 
 15 108 
[1] "Fitting mean A"
[1] "Fitting variance A"
[1] "DR"
[1] 0.2845462
[1] 0.04189734
[1] 0.9349593

  0   1 
  8 115 
[1] "se comparison"
[1] 0.1474775
[1] 0.3281845
[1] 124
[1] 0.2498716
[1] 0.2663761
[1] "AdaLSE"
[1] 0.2660878
[1] 0.04130267
[1] 0.8790323

  0   1 
 15 109 
[1] "Fitting mean A"
[1] "Fitting variance A"
[1] "DR"
[1] 0.1685086
[1] 0.4401006
[1] 0.9354839

  0   1 
  8 116 
[1] "se comparison"
[1] 0.1468972
[1] 0.3269466
[1] 125
[1] 0.2498716
[1] 0.2663761
[1] "AdaLSE"
[1] 0.2125392
[1] 0.04544441
[1] 0.88

  0   1 
 15 110 
[1] "Fitting mean A"
[1] "Fitting variance A"
[1] "DR"
[1] 0.2010378
[1] 0.03782825
[1] 0.936

  0   1 
  8 117 
[1] "se comparison"
[1] 0.1464811
[1] 0.3256646
[1] 126
[1] 0.2498716
[1] 0.2663761
[1] "AdaLSE"
[1] 0.1936635
[1] 0.04530027
[1] 0.8809524

  0   1 
 15 111 
[1] "Fitting mean A"
[1] "Fitting variance A"
[1] "DR"
[1] -0.2535377
[1] 0.6454558
[1] 0.9365079

  0   1 
  8 118 
[1] "se comparison"
[1] 0.1461594
[1] 0.3275312
[1] 127
[1] 0.2498716
[1] 0.2663761
[1] "AdaLSE"
[1] 0.2811833
[1] 0.04444881
[1] 0.8818898

  0   1 
 15 112 
[1] "Fitting mean A"
[1] "Fitting variance A"
[1] "DR"
[1] 1.266088
[1] 0.5538152
[1] 0.9370079

  0   1 
  8 119 
[1] "se comparison"
[1] 0.1455812
[1] 0.3383923
[1] 128
[1] 0.2498716
[1] 0.2663761
[1] "AdaLSE"
[1] 0.243518
[1] 0.0479946
[1] 0.8828125

  0   1 
 15 113 
[1] "Fitting mean A"
[1] "Fitting variance A"
[1] "DR"
[1] 0.2437731
[1] 0.0485118
[1] 0.9375

  0   1 
  8 120 
[1] "se comparison"
[1] 0.1450692
[1] 0.3370608
[1] 129
[1] 0.2498716
[1] 0.2663761
[1] "AdaLSE"
[1] 0.2784656
[1] 0.04721201
[1] 0.8837209

  0   1 
 15 114 
[1] "Fitting mean A"
[1] "Fitting variance A"
[1] "DR"
[1] 0.2791532
[1] 0.04447128
[1] 0.9379845

  0   1 
  8 121 
[1] "se comparison"
[1] 0.1445058
[1] 0.3357455
[1] 130
[1] 0.2498716
[1] 0.2663761
[1] "AdaLSE"
[1] 0.2516019
[1] 0.04377183
[1] 0.8846154

  0   1 
 15 115 
[1] "Fitting mean A"
[1] "Fitting variance A"
[1] "DR"
[1] 0.2749835
[1] 0.0420771
[1] 0.9384615

  0   1 
  8 122 
[1] "se comparison"
[1] 0.1439864
[1] 0.3344439
[1] 131
[1] 0.2498716
[1] 0.2663761
[1] "AdaLSE"
[1] 0.3277296
[1] 0.0480144
[1] 0.8854962

  0   1 
 15 116 
[1] "Fitting mean A"
[1] "Fitting variance A"
[1] "DR"
[1] 0.3428009
[1] 0.04336859
[1] 0.9389313

  0   1 
  8 123 
[1] "se comparison"
[1] 0.1434678
[1] 0.3332319
[1] 132
[1] 0.2498716
[1] 0.2663761
[1] "AdaLSE"
[1] 0.324535
[1] 0.04472911
[1] 0.8863636

  0   1 
 15 117 
[1] "Fitting mean A"
[1] "Fitting variance A"
[1] "DR"
[1] 0.3242946
[1] 0.04215531
[1] 0.9393939

  0   1 
  8 124 
[1] "se comparison"
[1] 0.1429487
[1] 0.3320025
[1] 133
[1] 0.2498716
[1] 0.2663761
[1] "AdaLSE"
[1] 0.1448749
[1] 0.04704253
[1] 0.8796992

  0   1 
 16 117 
[1] "Fitting mean A"
[1] "Fitting variance A"
[1] "DR"
[1] 0.147042
[1] 0.04338148
[1] 0.9323308

  0   1 
  9 124 
[1] "se comparison"
[1] 0.1429716
[1] 0.3308928
[1] 134
[1] 0.2498716
[1] 0.2663761
[1] "AdaLSE"
[1] 0.1632058
[1] 0.04865659
[1] 0.8731343

  0   1 
 17 117 
[1] "Fitting mean A"
[1] "Fitting variance A"
[1] "DR"
[1] 0.1591282
[1] 0.05045933
[1] 0.9253731

  0   1 
 10 124 
[1] "se comparison"
[1] 0.1428555
[1] 0.3297643
[1] 135
[1] 0.2498716
[1] 0.2663761
[1] "AdaLSE"
[1] 0.2660942
[1] 0.0454366
[1] 0.8740741

  0   1 
 17 118 
[1] "Fitting mean A"
[1] "Fitting variance A"
[1] "DR"
[1] 0.3751039
[1] 0.053654
[1] 0.9185185

  0   1 
 11 124 
[1] "se comparison"
[1] 0.1423355
[1] 0.3286798
[1] 136
[1] 0.2498716
[1] 0.2663761
[1] "AdaLSE"
[1] 0.3284687
[1] 0.05131811
[1] 0.875

  0   1 
 17 119 
[1] "Fitting mean A"
[1] "Fitting variance A"
[1] "DR"
[1] 0.330139
[1] 0.04234667
[1] 0.9191176

  0   1 
 11 125 
[1] "se comparison"
[1] 0.1418474
[1] 0.3275135
[1] 137
[1] 0.2498716
[1] 0.2663761
[1] "AdaLSE"
[1] 0.2666841
[1] 0.04425305
[1] 0.8759124

  0   1 
 17 120 
[1] "Fitting mean A"
[1] "Fitting variance A"
[1] "DR"
[1] 0.2555979
[1] 0.04710156
[1] 0.919708

  0   1 
 11 126 
[1] "se comparison"
[1] 0.1413383
[1] 0.3263076
[1] 138
[1] 0.2498716
[1] 0.2663761
[1] "AdaLSE"
[1] 0.1873838
[1] 0.04606503
[1] 0.8768116

  0   1 
 17 121 
[1] "Fitting mean A"
[1] "Fitting variance A"
[1] "DR"
[1] 0.1782756
[1] 0.04710976
[1] 0.9202899

  0   1 
 11 127 
[1] "se comparison"
[1] 0.1410884
[1] 0.3251921
[1] 139
[1] 0.2498716
[1] 0.2663761
[1] "AdaLSE"
[1] 0.1531032
[1] 0.04938628
[1] 0.8705036

  0   1 
 18 121 
[1] "Fitting mean A"
[1] "Fitting variance A"
[1] "DR"
[1] 0.3354337
[1] 0.1598423
[1] 0.9208633

  0   1 
 11 128 
[1] "se comparison"
[1] 0.1410448
[1] 0.324073
[1] 140
[1] 0.2498716
[1] 0.2663761
[1] "AdaLSE"
[1] 0.2862427
[1] 0.0455982
[1] 0.8714286

  0   1 
 18 122 
[1] "Fitting mean A"
[1] "Fitting variance A"
[1] "DR"
[1] 0.2734785
[1] 0.05334645
[1] 0.9214286

  0   1 
 11 129 
[1] "se comparison"
[1] 0.1405366
[1] 0.3229067
[1] 141
[1] 0.2498716
[1] 0.2663761
[1] "AdaLSE"
[1] 1.025806
[1] 0.02777416
[1] 0.8652482

  0   1 
 19 122 
[1] "Fitting mean A"
[1] "Fitting variance A"
[1] "DR"
[1] -1.336385
[1] 1.12001
[1] 0.9219858

  0   1 
 11 130 
[1] "se comparison"
[1] 0.1532151
[1] 0.3487655
[1] 142
[1] 0.2498716
[1] 0.2663761
[1] "AdaLSE"
[1] 0.2979335
[1] 0.04414412
[1] 0.8661972

  0   1 
 19 123 
[1] "Fitting mean A"
[1] "Fitting variance A"
[1] "DR"
[1] 0.3254815
[1] 0.0908601
[1] 0.9225352

  0   1 
 11 131 
[1] "se comparison"
[1] 0.1526714
[1] 0.3475837
[1] 143
[1] 0.2498716
[1] 0.2663761
[1] "AdaLSE"
[1] 0.2630065
[1] 0.0438079
[1] 0.8671329

  0   1 
 19 124 
[1] "Fitting mean A"
[1] "Fitting variance A"
[1] "DR"
[1] 0.2869717
[1] 0.04057341
[1] 0.9230769

  0   1 
 11 132 
[1] "se comparison"
[1] 0.1521533
[1] 0.3463708
[1] 144
[1] 0.2498716
[1] 0.2663761
[1] "AdaLSE"
[1] 0.2457162
[1] 0.04885539
[1] 0.8680556

  0   1 
 19 125 
[1] "Fitting mean A"
[1] "Fitting variance A"
[1] "DR"
[1] 0.2862672
[1] 0.07282218
[1] 0.9236111

  0   1 
 11 133 
[1] "se comparison"
[1] 0.1516707
[1] 0.3451699
[1] 145
[1] 0.2498716
[1] 0.2663761
[1] "AdaLSE"
[1] 0.3188221
[1] 0.05004712
[1] 0.8689655

  0   1 
 19 126 
[1] "Fitting mean A"
[1] "Fitting variance A"
[1] "DR"
[1] 0.3428732
[1] 0.04104003
[1] 0.9241379

  0   1 
 11 134 
[1] "se comparison"
[1] 0.1511592
[1] 0.3440532
[1] 146
[1] 0.2498716
[1] 0.2663761
[1] "AdaLSE"
[1] 0.3027845
[1] 0.04365357
[1] 0.869863

  0   1 
 19 127 
[1] "Fitting mean A"
[1] "Fitting variance A"
[1] "DR"
[1] 0.2988235
[1] 0.04857415
[1] 0.9246575

  0   1 
 11 135 
[1] "se comparison"
[1] 0.1506395
[1] 0.3428866
[1] 147
[1] 0.2498716
[1] 0.2663761
[1] "AdaLSE"
[1] 0.2454624
[1] 0.04854969
[1] 0.8707483

  0   1 
 19 128 
[1] "Fitting mean A"
[1] "Fitting variance A"
[1] "DR"
[1] 0.2071962
[1] 0.05469547
[1] 0.9251701

  0   1 
 11 136 
[1] "se comparison"
[1] 0.150173
[1] 0.3417306
[1] 148
[1] 0.2498716
[1] 0.2663761
[1] "AdaLSE"
[1] 0.204921
[1] 0.04402508
[1] 0.8716216

  0   1 
 19 129 
[1] "Fitting mean A"
[1] "Fitting variance A"
[1] "DR"
[1] 0.203759
[1] 0.04173699
[1] 0.9256757

  0   1 
 11 137 
[1] "se comparison"
[1] 0.1498332
[1] 0.3405894
[1] 149
[1] 0.2498716
[1] 0.2663761
[1] "AdaLSE"
[1] 0.1846669
[1] 0.04482293
[1] 0.8724832

  0   1 
 19 130 
[1] "Fitting mean A"
[1] "Fitting variance A"
[1] "DR"
[1] 0.1961376
[1] 0.04355548
[1] 0.9261745

  0   1 
 11 138 
[1] "se comparison"
[1] 0.1495831
[1] 0.3394674
[1] 150
[1] 0.2498716
[1] 0.2663761
[1] "AdaLSE"
[1] 0.229401
[1] 0.04594072
[1] 0.8733333

  0   1 
 19 131 
[1] "Fitting mean A"
[1] "Fitting variance A"
[1] "DR"
[1] 0.2283851
[1] 0.04344189
[1] 0.9266667

  0   1 
 11 139 
[1] "se comparison"
[1] 0.1491649
[1] 0.3383315
[1] 151
[1] 0.2498716
[1] 0.2663761
[1] "AdaLSE"
[1] 0.3162001
[1] 0.04501626
[1] 0.8741722

  0   1 
 19 132 
[1] "Fitting mean A"
[1] "Fitting variance A"
[1] "DR"
[1] 0.2925838
[1] 0.04986075
[1] 0.9271523

  0   1 
 11 140 
[1] "se comparison"
[1] 0.1486815
[1] 0.3372187
[1] 152
[1] 0.2498716
[1] 0.2663761
[1] "AdaLSE"
[1] 0.1887123
[1] 0.04804118
[1] 0.875

  0   1 
 19 133 
[1] "Fitting mean A"
[1] "Fitting variance A"
[1] "DR"
[1] 0.1632755
[1] 0.04716544
[1] 0.9210526

  0   1 
 12 140 
[1] "se comparison"
[1] 0.148419
[1] 0.3361764
[1] 153
[1] 0.2498716
[1] 0.2663761
[1] "AdaLSE"
[1] 0.2735497
[1] 0.0491859
[1] 0.875817

  0   1 
 19 134 
[1] "Fitting mean A"
[1] "Fitting variance A"
[1] "DR"
[1] 0.2975656
[1] 0.04078683
[1] 0.9215686

  0   1 
 12 141 
[1] "se comparison"
[1] 0.1479359
[1] 0.3350899
[1] 154
[1] 0.2498716
[1] 0.2663761
[1] "AdaLSE"
[1] 0.3155905
[1] 0.0477256
[1] 0.8766234

  0   1 
 19 135 
[1] "Fitting mean A"
[1] "Fitting variance A"
[1] "DR"
[1] 0.3690499
[1] 0.06959831
[1] 0.9220779

  0   1 
 12 142 
[1] "se comparison"
[1] 0.1474662
[1] 0.334128
[1] 155
[1] 0.2498716
[1] 0.2663761
[1] "AdaLSE"
[1] 0.3230943
[1] 0.04478234
[1] 0.8774194

  0   1 
 19 136 
[1] "Fitting mean A"
[1] "Fitting variance A"
[1] "DR"
[1] 0.2130376
[1] 0.1115663
[1] 0.9225806

  0   1 
 12 143 
[1] "se comparison"
[1] 0.1470106
[1] 0.3330561
[1] 156
[1] 0.2498716
[1] 0.2663761
[1] "AdaLSE"
[1] 0.2420375
[1] 0.04236169
[1] 0.8782051

  0   1 
 19 137 
[1] "Fitting mean A"
[1] "Fitting variance A"
[1] "DR"
[1] 0.2347005
[1] 0.04121541
[1] 0.9230769

  0   1 
 12 144 
[1] "se comparison"
[1] 0.1465865
[1] 0.3319828
[1] 157
[1] 0.2498716
[1] 0.2663761
[1] "AdaLSE"
[1] 0.2592448
[1] 0.04615092
[1] 0.8789809

  0   1 
 19 138 
[1] "Fitting mean A"
[1] "Fitting variance A"
[1] "DR"
[1] 0.2498441
[1] 0.04082628
[1] 0.9235669

  0   1 
 12 145 
[1] "se comparison"
[1] 0.1461365
[1] 0.330917
[1] 158
[1] 0.2498716
[1] 0.2663761
[1] "AdaLSE"
[1] 0.2001964
[1] 0.04825452
[1] 0.8797468

  0   1 
 19 139 
[1] "Fitting mean A"
[1] "Fitting variance A"
[1] "DR"
[1] 0.212661
[1] 0.04490469
[1] 0.9240506

  0   1 
 12 146 
[1] "se comparison"
[1] 0.1458445
[1] 0.329876
[1] 159
[1] 0.2498716
[1] 0.2663761
[1] "AdaLSE"
[1] 0.3185861
[1] 0.04724298
[1] 0.8805031

  0   1 
 19 140 
[1] "Fitting mean A"
[1] "Fitting variance A"
[1] "DR"
[1] 0.2113867
[1] 0.1072318
[1] 0.9245283

  0   1 
 12 147 
[1] "se comparison"
[1] 0.1454009
[1] 0.3288458
[1] 160
[1] 0.2498716
[1] 0.2663761
[1] "AdaLSE"
[1] 0.2619489
[1] 0.04664543
[1] 0.88125

  0   1 
 19 141 
[1] "Fitting mean A"
[1] "Fitting variance A"
[1] "DR"
[1] 0.2903312
[1] 0.05017649
[1] 0.925

  0   1 
 12 148 
[1] "se comparison"
[1] 0.1449592
[1] 0.3278247
[1] 161
[1] 0.2498716
[1] 0.2663761
[1] "AdaLSE"
[1] 0.3984507
[1] 0.04779091
[1] 0.8757764

  0   1 
 20 141 
[1] "Fitting mean A"
[1] "Fitting variance A"
[1] "DR"
[1] -0.4049734
[1] 0.5412631
[1] 0.9254658

  0   1 
 12 149 
[1] "se comparison"
[1] 0.1447617
[1] 0.3308669
[1] 162
[1] 0.2498716
[1] 0.2663761
[1] "AdaLSE"
[1] 0.1731001
[1] 0.04515548
[1] 0.8703704

  0   1 
 21 141 
[1] "Fitting mean A"
[1] "Fitting variance A"
[1] "DR"
[1] 0.1598891
[1] 0.04623388
[1] 0.9197531

  0   1 
 13 149 
[1] "se comparison"
[1] 0.1446029
[1] 0.3299092
[1] 163
[1] 0.2498716
[1] 0.2663761
[1] "AdaLSE"
[1] 0.3177726
[1] 0.04587966
[1] 0.8711656

  0   1 
 21 142 
[1] "Fitting mean A"
[1] "Fitting variance A"
[1] "DR"
[1] 0.2811461
[1] 0.04554437
[1] 0.9202454

  0   1 
 13 150 
[1] "se comparison"
[1] 0.1441733
[1] 0.3289005
[1] 164
[1] 0.2498716
[1] 0.2663761
[1] "AdaLSE"
[1] 0.2639032
[1] 0.04840849
[1] 0.8719512

  0   1 
 21 143 
[1] "Fitting mean A"
[1] "Fitting variance A"
[1] "DR"
[1] -0.5641176
[1] 0.5927845
[1] 0.9207317

  0   1 
 13 151 
[1] "se comparison"
[1] 0.1437441
[1] 0.3339507
[1] 165
[1] 0.2498716
[1] 0.2663761
[1] "AdaLSE"
[1] 0.3836338
[1] 0.04174216
[1] 0.8666667

  0   1 
 22 143 
[1] "Fitting mean A"
[1] "Fitting variance A"
[1] "DR"
[1] 0.4023574
[1] 0.04223331
[1] 0.9151515

  0   1 
 14 151 
[1] "se comparison"
[1] 0.1434936
[1] 0.3331649
[1] 166
[1] 0.2498716
[1] 0.2663761
[1] "AdaLSE"
[1] 0.3176893
[1] 0.04326432
[1] 0.8674699

  0   1 
 22 144 
[1] "Fitting mean A"
[1] "Fitting variance A"
[1] "DR"
[1] 0.2939999
[1] 0.04559168
[1] 0.9156627

  0   1 
 14 152 
[1] "se comparison"
[1] 0.1430746
[1] 0.3321774
[1] 167
[1] 0.2498716
[1] 0.2663761
[1] "AdaLSE"
[1] 0.2547596
[1] 0.04200974
[1] 0.8682635

  0   1 
 22 145 
[1] "Fitting mean A"
[1] "Fitting variance A"
[1] "DR"
[1] 0.2207442
[1] 0.05730407
[1] 0.9161677

  0   1 
 14 153 
[1] "se comparison"
[1] 0.1426689
[1] 0.3311799
[1] 168
[1] 0.2498716
[1] 0.2663761
[1] "AdaLSE"
[1] 0.2725585
[1] 0.04265512
[1] 0.8690476

  0   1 
 22 146 
[1] "Fitting mean A"
[1] "Fitting variance A"
[1] "DR"
[1] 0.2798848
[1] 0.04027158
[1] 0.9166667

  0   1 
 14 154 
[1] "se comparison"
[1] 0.1422473
[1] 0.3301991
[1] 169
[1] 0.2498716
[1] 0.2663761
[1] "AdaLSE"
[1] 0.2376903
[1] 0.04269883
[1] 0.8698225

  0   1 
 22 147 
[1] "Fitting mean A"
[1] "Fitting variance A"
[1] "DR"
[1] 0.2576371
[1] 0.05657271
[1] 0.9171598

  0   1 
 14 155 
[1] "se comparison"
[1] 0.1418796
[1] 0.3292167
[1] 170
[1] 0.2498716
[1] 0.2663761
[1] "AdaLSE"
[1] 0.2562891
[1] 0.04214274
[1] 0.8705882

  0   1 
 22 148 
[1] "Fitting mean A"
[1] "Fitting variance A"
[1] "DR"
[1] 0.1928215
[1] 0.0703546
[1] 0.9176471

  0   1 
 14 156 
[1] "se comparison"
[1] 0.1414819
[1] 0.3282642
[1] 171
[1] 0.2498716
[1] 0.2663761
[1] "AdaLSE"
[1] 0.287487
[1] 0.04826726
[1] 0.871345

  0   1 
 22 149 
[1] "Fitting mean A"
[1] "Fitting variance A"
[1] "DR"
[1] 0.3167162
[1] 0.06690822
[1] 0.9181287

  0   1 
 14 157 
[1] "se comparison"
[1] 0.1410652
[1] 0.3273456
[1] 172
[1] 0.2498716
[1] 0.2663761
[1] "AdaLSE"
[1] 0.2451183
[1] 0.04645843
[1] 0.872093

  0   1 
 22 150 
[1] "Fitting mean A"
[1] "Fitting variance A"
[1] "DR"
[1] 0.228378
[1] 0.04389517
[1] 0.9186047

  0   1 
 14 158 
[1] "se comparison"
[1] 0.1406921
[1] 0.3263891
[1] 173
[1] 0.2498716
[1] 0.2663761
[1] "AdaLSE"
[1] 0.2574255
[1] 0.04483254
[1] 0.8728324

  0   1 
 22 151 
[1] "Fitting mean A"
[1] "Fitting variance A"
[1] "DR"
[1] 0.2654983
[1] 0.04419407
[1] 0.9190751

  0   1 
 14 159 
[1] "se comparison"
[1] 0.1403029
[1] 0.3254432
[1] 174
[1] 0.2498716
[1] 0.2663761
[1] "AdaLSE"
[1] 0.2544976
[1] 0.04679673
[1] 0.8735632

  0   1 
 22 152 
[1] "Fitting mean A"
[1] "Fitting variance A"
[1] "DR"
[1] 0.2411797
[1] 0.05648693
[1] 0.9195402

  0   1 
 14 160 
[1] "se comparison"
[1] 0.1399208
[1] 0.3245014
[1] 175
[1] 0.2498716
[1] 0.2663761
[1] "AdaLSE"
[1] 0.2604161
[1] 0.04699638
[1] 0.8742857

  0   1 
 22 153 
[1] "Fitting mean A"
[1] "Fitting variance A"
[1] "DR"
[1] 0.3354291
[1] 0.05228926
[1] 0.92

  0   1 
 14 161 
[1] "se comparison"
[1] 0.1395342
[1] 0.323642
[1] 176
[1] 0.2498716
[1] 0.2663761
[1] "AdaLSE"
[1] 0.2124336
[1] 0.04395547
[1] 0.875

  0   1 
 22 154 
[1] "Fitting mean A"
[1] "Fitting variance A"
[1] "DR"
[1] 0.2734586
[1] 0.05178395
[1] 0.9204545

  0   1 
 14 162 
[1] "se comparison"
[1] 0.1392525
[1] 0.3227235
[1] 177
[1] 0.2498716
[1] 0.2663761
[1] "AdaLSE"
[1] 0.3883159
[1] 0.04609373
[1] 0.8700565

  0   1 
 23 154 
[1] "Fitting mean A"
[1] "Fitting variance A"
[1] "DR"
[1] 0.3135687
[1] 0.09835308
[1] 0.920904

  0   1 
 14 163 
[1] "se comparison"
[1] 0.1390614
[1] 0.3218475
[1] 178
[1] 0.2498716
[1] 0.2663761
[1] "AdaLSE"
[1] 0.2905757
[1] 0.04539133
[1] 0.8707865

  0   1 
 23 155 
[1] "Fitting mean A"
[1] "Fitting variance A"
[1] "DR"
[1] 0.5786079
[1] 0.1531401
[1] 0.9157303

  0   1 
 15 163 
[1] "se comparison"
[1] 0.1386681
[1] 0.3219115
[1] 179
[1] 0.2498716
[1] 0.2663761
[1] "AdaLSE"
[1] 0.2185318
[1] 0.04470093
[1] 0.8715084

  0   1 
 23 156 
[1] "Fitting mean A"
[1] "Fitting variance A"
[1] "DR"
[1] 0.2302489
[1] 0.04165041
[1] 0.9162011

  0   1 
 15 164 
[1] "se comparison"
[1] 0.1383768
[1] 0.3210083
[1] 180
[1] 0.2498716
[1] 0.2663761
[1] "AdaLSE"
[1] 0.291793
[1] 0.05191576
[1] 0.8722222

  0   1 
 23 157 
[1] "Fitting mean A"
[1] "Fitting variance A"
[1] "DR"
[1] 0.7281928
[1] 0.595713
[1] 0.9166667

  0   1 
 15 165 
[1] "se comparison"
[1] 0.13799
[1] 0.3221177
[1] 181
[1] 0.2498716
[1] 0.2663761
[1] "AdaLSE"
[1] 0.2219674
[1] 0.04470304
[1] 0.8729282

  0   1 
 23 158 
[1] "Fitting mean A"
[1] "Fitting variance A"
[1] "DR"
[1] -0.2127824
[1] 0.4553947
[1] 0.9171271

  0   1 
 15 166 
[1] "se comparison"
[1] 0.1376939
[1] 0.3230515
[1] 182
[1] 0.2498716
[1] 0.2663761
[1] "AdaLSE"
[1] 0.2853665
[1] 0.04818111
[1] 0.8736264

  0   1 
 23 159 
[1] "Fitting mean A"
[1] "Fitting variance A"
[1] "DR"
[1] 0.2811194
[1] 0.04448385
[1] 0.9175824

  0   1 
 15 167 
[1] "se comparison"
[1] 0.1373131
[1] 0.322168
[1] 183
[1] 0.2498716
[1] 0.2663761
[1] "AdaLSE"
[1] 0.2135475
[1] 0.0467127
[1] 0.8743169

  0   1 
 23 160 
[1] "Fitting mean A"
[1] "Fitting variance A"
