LOADING R
R LOADED
[1] "/home/lvanderl/Rlibs2"                         
[2] "/app/software/R/4.2.2-foss-2021b/lib/R/library"
[1] "/home/lvanderl/sieveSims"
[1] 1
[1] 0.8270445
[1] 0.8133578
[1] "AdaLSE"
[1] 0.8363576
[1] 0.02070198
[1] 1

1 
1 
[1] "Fitting mean A"
[1] "Fitting variance A"
[1] "DR"
[1] 0.8232142
[1] 0.02049963
[1] 1

1 
1 
[1] 2
[1] 0.8270445
[1] 0.8133578
[1] "AdaLSE"
[1] 0.8282141
[1] 0.01911754
[1] 1

1 
2 
[1] "Fitting mean A"
[1] "Fitting variance A"
[1] "DR"
[1] 0.821015
[1] 0.01833654
[1] 1

1 
2 
[1] 3
[1] 0.8270445
[1] 0.8133578
[1] "AdaLSE"
[1] 0.8085225
[1] 0.01885336
[1] 1

1 
3 
[1] "Fitting mean A"
[1] "Fitting variance A"
[1] "DR"
[1] 0.7991707
[1] 0.0185504
[1] 1

1 
3 
[1] 4
[1] 0.8270445
[1] 0.8133578
[1] "AdaLSE"
[1] 0.8658557
[1] 0.01973263
[1] 0.75

0 1 
1 3 
[1] "Fitting mean A"
[1] "Fitting variance A"
[1] "DR"
[1] 0.8631476
[1] 0.0194493
[1] 0.75

0 1 
1 3 
[1] 5
[1] 0.8270445
[1] 0.8133578
[1] "AdaLSE"
[1] 0.8266996
[1] 0.01946057
[1] 0.8

0 1 
1 4 
[1] "Fitting mean A"
[1] "Fitting variance A"
[1] "DR"
[1] 0.8204436
[1] 0.01897993
[1] 0.8

0 1 
1 4 
[1] 6
[1] 0.8270445
[1] 0.8133578
[1] "AdaLSE"
[1] 0.8576503
[1] 0.020575
[1] 0.6666667

0 1 
2 4 
[1] "Fitting mean A"
[1] "Fitting variance A"
[1] "DR"
[1] 0.8497384
[1] 0.01976369
[1] 0.8333333

0 1 
1 5 
[1] 7
[1] 0.8270445
[1] 0.8133578
[1] "AdaLSE"
[1] 0.7916644
[1] 0.01840802
[1] 0.7142857

0 1 
2 5 
[1] "Fitting mean A"
[1] "Fitting variance A"
[1] "DR"
[1] 0.7898302
[1] 0.0176951
[1] 0.8571429

0 1 
1 6 
[1] 8
[1] 0.8270445
[1] 0.8133578
[1] "AdaLSE"
[1] 0.8747231
[1] 0.01961562
[1] 0.625

0 1 
3 5 
[1] "Fitting mean A"
[1] "Fitting variance A"
[1] "DR"
[1] 0.8626007
[1] 0.01904513
[1] 0.75

0 1 
2 6 
[1] 9
[1] 0.8270445
[1] 0.8133578
[1] "AdaLSE"
[1] 0.827225
[1] 0.02001647
[1] 0.6666667

0 1 
3 6 
[1] "Fitting mean A"
[1] "Fitting variance A"
[1] "DR"
[1] 0.8193834
[1] 0.01917155
[1] 0.7777778

0 1 
2 7 
[1] 10
[1] 0.8270445
[1] 0.8133578
[1] "AdaLSE"
[1] 0.8324613
[1] 0.01933828
[1] 0.7

0 1 
3 7 
[1] "Fitting mean A"
[1] "Fitting variance A"
[1] "DR"
[1] 0.8267607
[1] 0.01872533
[1] 0.8

0 1 
2 8 
[1] 11
[1] 0.8270445
[1] 0.8133578
[1] "AdaLSE"
[1] 0.8733936
[1] 0.02095334
[1] 0.6363636

0 1 
4 7 
[1] "Fitting mean A"
[1] "Fitting variance A"
[1] "DR"
[1] 0.8610112
[1] 0.02041266
[1] 0.7272727

0 1 
3 8 
[1] 12
[1] 0.8270445
[1] 0.8133578
[1] "AdaLSE"
[1] 0.8269703
[1] 0.02003618
[1] 0.6666667

0 1 
4 8 
[1] "Fitting mean A"
[1] "Fitting variance A"
[1] "DR"
[1] 0.8240105
[1] 0.01948066
[1] 0.75

0 1 
3 9 
[1] 13
[1] 0.8270445
[1] 0.8133578
[1] "AdaLSE"
[1] 0.8387642
[1] 0.02152243
[1] 0.6923077

0 1 
4 9 
[1] "Fitting mean A"
[1] "Fitting variance A"
[1] "DR"
[1] 0.8264298
[1] 0.02063955
[1] 0.7692308

 0  1 
 3 10 
[1] 14
[1] 0.8270445
[1] 0.8133578
[1] "AdaLSE"
[1] 0.8136709
[1] 0.01992414
[1] 0.7142857

 0  1 
 4 10 
[1] "Fitting mean A"
[1] "Fitting variance A"
[1] "DR"
[1] 0.8049255
[1] 0.01919619
[1] 0.7857143

 0  1 
 3 11 
[1] 15
[1] 0.8270445
[1] 0.8133578
[1] "AdaLSE"
[1] 0.8708439
[1] 0.02003445
[1] 0.6666667

 0  1 
 5 10 
[1] "Fitting mean A"
[1] "Fitting variance A"
[1] "DR"
[1] 0.8558095
[1] 0.01905526
[1] 0.7333333

 0  1 
 4 11 
[1] 16
[1] 0.8270445
[1] 0.8133578
[1] "AdaLSE"
[1] 0.831023
[1] 0.0190456
[1] 0.6875

 0  1 
 5 11 
[1] "Fitting mean A"
[1] "Fitting variance A"
[1] "DR"
[1] 0.8254785
[1] 0.01829305
[1] 0.75

 0  1 
 4 12 
[1] 17
[1] 0.8270445
[1] 0.8133578
[1] "AdaLSE"
[1] 0.8316314
[1] 0.02004859
[1] 0.7058824

 0  1 
 5 12 
[1] "Fitting mean A"
[1] "Fitting variance A"
[1] "DR"
[1] 0.8241276
[1] 0.01970012
[1] 0.7647059

 0  1 
 4 13 
[1] 18
[1] 0.8270445
[1] 0.8133578
[1] "AdaLSE"
[1] 0.8268245
[1] 0.01977
[1] 0.7222222

 0  1 
 5 13 
[1] "Fitting mean A"
[1] "Fitting variance A"
[1] "DR"
[1] 0.8166894
[1] 0.01907226
[1] 0.7777778

 0  1 
 4 14 
[1] 19
[1] 0.8270445
[1] 0.8133578
[1] "AdaLSE"
[1] 0.872275
[1] 0.0201142
[1] 0.6842105

 0  1 
 6 13 
[1] "Fitting mean A"
[1] "Fitting variance A"
[1] "DR"
[1] 0.8640376
[1] 0.01920828
[1] 0.7368421

 0  1 
 5 14 
[1] 20
[1] 0.8270445
[1] 0.8133578
[1] "AdaLSE"
[1] 0.8582726
[1] 0.02019645
[1] 0.65

 0  1 
 7 13 
[1] "Fitting mean A"
[1] "Fitting variance A"
[1] "DR"
[1] 0.8536184
[1] 0.01885652
[1] 0.7

 0  1 
 6 14 
[1] 21
[1] 0.8270445
[1] 0.8133578
[1] "AdaLSE"
[1] 0.8511328
[1] 0.01935732
[1] 0.6666667

 0  1 
 7 14 
[1] "Fitting mean A"
[1] "Fitting variance A"
[1] "DR"
[1] 0.8374365
[1] 0.01892381
[1] 0.7142857

 0  1 
 6 15 
[1] 22
[1] 0.8270445
[1] 0.8133578
[1] "AdaLSE"
[1] 0.826261
[1] 0.01927542
[1] 0.6818182

 0  1 
 7 15 
[1] "Fitting mean A"
[1] "Fitting variance A"
[1] "DR"
[1] 0.8231223
[1] 0.01870204
[1] 0.7272727

 0  1 
 6 16 
[1] 23
[1] 0.8270445
[1] 0.8133578
[1] "AdaLSE"
[1] 0.8209269
[1] 0.01938506
[1] 0.6956522

 0  1 
 7 16 
[1] "Fitting mean A"
[1] "Fitting variance A"
[1] "DR"
[1] 0.8146572
[1] 0.01857716
[1] 0.7391304

 0  1 
 6 17 
[1] 24
[1] 0.8270445
[1] 0.8133578
[1] "AdaLSE"
[1] 0.8260362
[1] 0.02066816
[1] 0.7083333

 0  1 
 7 17 
[1] "Fitting mean A"
[1] "Fitting variance A"
[1] "DR"
[1] 0.815152
[1] 0.01987538
[1] 0.75

 0  1 
 6 18 
[1] 25
[1] 0.8270445
[1] 0.8133578
[1] "AdaLSE"
[1] 0.8346012
[1] 0.01924023
[1] 0.72

 0  1 
 7 18 
[1] "Fitting mean A"
[1] "Fitting variance A"
[1] "DR"
[1] 0.8244244
[1] 0.01888396
[1] 0.76

 0  1 
 6 19 
[1] 26
[1] 0.8270445
[1] 0.8133578
[1] "AdaLSE"
[1] 0.8026014
[1] 0.02003241
[1] 0.7307692

 0  1 
 7 19 
[1] "Fitting mean A"
[1] "Fitting variance A"
[1] "DR"
[1] 0.7942823
[1] 0.01946511
[1] 0.7692308

 0  1 
 6 20 
[1] 27
[1] 0.8270445
[1] 0.8133578
[1] "AdaLSE"
[1] 0.8393612
[1] 0.01912163
[1] 0.7407407

 0  1 
 7 20 
[1] "Fitting mean A"
[1] "Fitting variance A"
[1] "DR"
[1] 0.82895
[1] 0.01844573
[1] 0.7777778

 0  1 
 6 21 
[1] 28
[1] 0.8270445
[1] 0.8133578
[1] "AdaLSE"
[1] 0.8027628
[1] 0.0199797
[1] 0.75

 0  1 
 7 21 
[1] "Fitting mean A"
[1] "Fitting variance A"
[1] "DR"
[1] 0.7856973
[1] 0.01926843
[1] 0.7857143

 0  1 
 6 22 
[1] 29
[1] 0.8270445
[1] 0.8133578
[1] "AdaLSE"
[1] 0.8263732
[1] 0.02007088
[1] 0.7586207

 0  1 
 7 22 
[1] "Fitting mean A"
[1] "Fitting variance A"
[1] "DR"
[1] 0.8145335
[1] 0.01961055
[1] 0.7931034

 0  1 
 6 23 
[1] 30
[1] 0.8270445
[1] 0.8133578
[1] "AdaLSE"
[1] 0.8805086
[1] 0.01905534
[1] 0.7333333

 0  1 
 8 22 
[1] "Fitting mean A"
[1] "Fitting variance A"
[1] "DR"
[1] 0.8650318
[1] 0.01873519
[1] 0.7666667

 0  1 
 7 23 
[1] 31
[1] 0.8270445
[1] 0.8133578
[1] "AdaLSE"
[1] 0.8529949
[1] 0.02067869
[1] 0.7419355

 0  1 
 8 23 
[1] "Fitting mean A"
[1] "Fitting variance A"
[1] "DR"
[1] 0.8420567
[1] 0.02015823
[1] 0.7741935

 0  1 
 7 24 
[1] 32
[1] 0.8270445
[1] 0.8133578
[1] "AdaLSE"
[1] 0.8227032
[1] 0.01949063
[1] 0.75

 0  1 
 8 24 
[1] "Fitting mean A"
[1] "Fitting variance A"
[1] "DR"
[1] 0.8182687
[1] 0.01854708
[1] 0.78125

 0  1 
 7 25 
[1] 33
[1] 0.8270445
[1] 0.8133578
[1] "AdaLSE"
[1] 0.8183776
[1] 0.02099785
[1] 0.7575758

 0  1 
 8 25 
[1] "Fitting mean A"
[1] "Fitting variance A"
[1] "DR"
[1] 0.8032444
[1] 0.0205383
[1] 0.7878788

 0  1 
 7 26 
[1] 34
[1] 0.8270445
[1] 0.8133578
[1] "AdaLSE"
[1] 0.8299124
[1] 0.01960548
[1] 0.7647059

 0  1 
 8 26 
[1] "Fitting mean A"
[1] "Fitting variance A"
[1] "DR"
[1] 0.8267211
[1] 0.01877039
[1] 0.7941176

 0  1 
 7 27 
[1] 35
[1] 0.8270445
[1] 0.8133578
[1] "AdaLSE"
[1] 0.8133889
[1] 0.019648
[1] 0.7714286

 0  1 
 8 27 
[1] "Fitting mean A"
[1] "Fitting variance A"
[1] "DR"
[1] 0.8065628
[1] 0.01889892
[1] 0.8

 0  1 
 7 28 
[1] 36
[1] 0.8270445
[1] 0.8133578
[1] "AdaLSE"
[1] 0.8458484
[1] 0.02027061
[1] 0.7777778

 0  1 
 8 28 
[1] "Fitting mean A"
[1] "Fitting variance A"
[1] "DR"
[1] 0.8426933
[1] 0.01948401
[1] 0.8055556

 0  1 
 7 29 
[1] 37
[1] 0.8270445
[1] 0.8133578
[1] "AdaLSE"
[1] 0.8521919
[1] 0.01921999
[1] 0.7567568

 0  1 
 9 28 
[1] "Fitting mean A"
[1] "Fitting variance A"
[1] "DR"
[1] 0.8422124
[1] 0.0188445
[1] 0.8108108

 0  1 
 7 30 
[1] 38
[1] 0.8270445
[1] 0.8133578
[1] "AdaLSE"
[1] 0.8438786
[1] 0.01988306
[1] 0.7631579

 0  1 
 9 29 
[1] "Fitting mean A"
[1] "Fitting variance A"
[1] "DR"
[1] 0.8365749
[1] 0.01939429
[1] 0.8157895

 0  1 
 7 31 
[1] 39
[1] 0.8270445
[1] 0.8133578
[1] "AdaLSE"
[1] 0.8539723
[1] 0.02110869
[1] 0.7692308

 0  1 
 9 30 
[1] "Fitting mean A"
[1] "Fitting variance A"
[1] "DR"
[1] 0.8439077
[1] 0.0204697
[1] 0.8205128

 0  1 
 7 32 
[1] 40
[1] 0.8270445
[1] 0.8133578
[1] "AdaLSE"
[1] 0.8888751
[1] 0.01871179
[1] 0.75

 0  1 
10 30 
[1] "Fitting mean A"
[1] "Fitting variance A"
[1] "DR"
[1] 0.8774904
[1] 0.01804883
[1] 0.8

 0  1 
 8 32 
[1] 41
[1] 0.8270445
[1] 0.8133578
[1] "AdaLSE"
[1] 0.8409367
[1] 0.01822452
[1] 0.7560976

 0  1 
10 31 
[1] "Fitting mean A"
[1] "Fitting variance A"
[1] "DR"
[1] 0.8289338
[1] 0.01718843
[1] 0.804878

 0  1 
 8 33 
[1] 42
[1] 0.8270445
[1] 0.8133578
[1] "AdaLSE"
[1] 0.8331509
[1] 0.01906328
[1] 0.7619048

 0  1 
10 32 
[1] "Fitting mean A"
[1] "Fitting variance A"
[1] "DR"
[1] 0.8228277
[1] 0.01842511
[1] 0.8095238

 0  1 
 8 34 
[1] 43
[1] 0.8270445
[1] 0.8133578
[1] "AdaLSE"
[1] 0.8480748
[1] 0.0200124
[1] 0.7674419

 0  1 
10 33 
[1] "Fitting mean A"
[1] "Fitting variance A"
[1] "DR"
[1] 0.8400295
[1] 0.01909921
[1] 0.8139535

 0  1 
 8 35 
[1] 44
[1] 0.8270445
[1] 0.8133578
[1] "AdaLSE"
[1] 0.8272966
[1] 0.01984523
[1] 0.7727273

 0  1 
10 34 
[1] "Fitting mean A"
[1] "Fitting variance A"
[1] "DR"
[1] 0.8155445
[1] 0.0191323
[1] 0.8181818

 0  1 
 8 36 
[1] 45
[1] 0.8270445
[1] 0.8133578
[1] "AdaLSE"
[1] 0.8185016
[1] 0.02005376
[1] 0.7777778

 0  1 
10 35 
[1] "Fitting mean A"
[1] "Fitting variance A"
[1] "DR"
[1] 0.8096636
[1] 0.01944395
[1] 0.8222222

 0  1 
 8 37 
[1] 46
[1] 0.8270445
[1] 0.8133578
[1] "AdaLSE"
[1] 0.8166246
[1] 0.01980358
[1] 0.7826087

 0  1 
10 36 
[1] "Fitting mean A"
[1] "Fitting variance A"
[1] "DR"
[1] 0.8067495
[1] 0.01968926
[1] 0.826087

 0  1 
 8 38 
[1] 47
[1] 0.8270445
[1] 0.8133578
[1] "AdaLSE"
[1] 0.8093987
[1] 0.01904684
[1] 0.787234

 0  1 
10 37 
[1] "Fitting mean A"
[1] "Fitting variance A"
[1] "DR"
[1] 0.7950947
[1] 0.01886076
[1] 0.8297872

 0  1 
 8 39 
[1] 48
[1] 0.8270445
[1] 0.8133578
[1] "AdaLSE"
[1] 0.8588075
[1] 0.0200015
[1] 0.7708333

 0  1 
11 37 
[1] "Fitting mean A"
[1] "Fitting variance A"
[1] "DR"
[1] 0.8498072
[1] 0.01953764
[1] 0.8333333

 0  1 
 8 40 
[1] 49
[1] 0.8270445
[1] 0.8133578
[1] "AdaLSE"
[1] 0.842582
[1] 0.01937621
[1] 0.7755102

 0  1 
11 38 
[1] "Fitting mean A"
[1] "Fitting variance A"
[1] "DR"
[1] 0.8385653
[1] 0.01908292
[1] 0.8367347

 0  1 
 8 41 
[1] 50
[1] 0.8270445
[1] 0.8133578
[1] "AdaLSE"
[1] 0.8521467
[1] 0.01947346
[1] 0.76

 0  1 
12 38 
[1] "Fitting mean A"
[1] "Fitting variance A"
[1] "DR"
[1] 0.8372857
[1] 0.01876754
[1] 0.84

 0  1 
 8 42 
[1] 51
[1] 0.8270445
[1] 0.8133578
[1] "AdaLSE"
[1] 0.8162622
[1] 0.01866028
[1] 0.7647059

 0  1 
12 39 
[1] "Fitting mean A"
[1] "Fitting variance A"
[1] "DR"
[1] 0.8116113
[1] 0.01812043
[1] 0.8431373

 0  1 
 8 43 
[1] 52
[1] 0.8270445
[1] 0.8133578
[1] "AdaLSE"
[1] 0.8531761
[1] 0.01974228
[1] 0.75

 0  1 
13 39 
[1] "Fitting mean A"
[1] "Fitting variance A"
[1] "DR"
[1] 0.848025
[1] 0.01912166
[1] 0.8461538

 0  1 
 8 44 
[1] 53
[1] 0.8270445
[1] 0.8133578
[1] "AdaLSE"
[1] 0.8653667
[1] 0.0192216
[1] 0.7358491

 0  1 
14 39 
[1] "Fitting mean A"
[1] "Fitting variance A"
[1] "DR"
[1] 0.852149
[1] 0.01888966
[1] 0.8301887

 0  1 
 9 44 
[1] 54
[1] 0.8270445
[1] 0.8133578
[1] "AdaLSE"
[1] 0.8383713
[1] 0.02055217
[1] 0.7407407

 0  1 
14 40 
[1] "Fitting mean A"
[1] "Fitting variance A"
[1] "DR"
[1] 0.8339739
[1] 0.0196654
[1] 0.8333333

 0  1 
 9 45 
[1] 55
[1] 0.8270445
[1] 0.8133578
[1] "AdaLSE"
[1] 0.8316771
[1] 0.02039267
[1] 0.7454545

 0  1 
14 41 
[1] "Fitting mean A"
[1] "Fitting variance A"
[1] "DR"
[1] 0.8264985
[1] 0.01966921
[1] 0.8363636

 0  1 
 9 46 
[1] 56
[1] 0.8270445
[1] 0.8133578
[1] "AdaLSE"
[1] 0.8526765
[1] 0.01980265
[1] 0.7321429

 0  1 
15 41 
[1] "Fitting mean A"
[1] "Fitting variance A"
[1] "DR"
[1] 0.8375173
[1] 0.0189788
[1] 0.8392857

 0  1 
 9 47 
[1] 57
[1] 0.8270445
[1] 0.8133578
[1] "AdaLSE"
[1] 0.8625565
[1] 0.01872763
[1] 0.7192982

 0  1 
16 41 
[1] "Fitting mean A"
[1] "Fitting variance A"
[1] "DR"
[1] 0.8508102
[1] 0.01808013
[1] 0.8245614

 0  1 
10 47 
[1] 58
[1] 0.8270445
[1] 0.8133578
[1] "AdaLSE"
[1] 0.8432722
[1] 0.01976637
[1] 0.7241379

 0  1 
16 42 
[1] "Fitting mean A"
[1] "Fitting variance A"
[1] "DR"
[1] 0.8325513
[1] 0.0191698
[1] 0.8275862

 0  1 
10 48 
[1] 59
[1] 0.8270445
[1] 0.8133578
[1] "AdaLSE"
[1] 0.8329046
[1] 0.0192572
[1] 0.7288136

 0  1 
16 43 
[1] "Fitting mean A"
[1] "Fitting variance A"
[1] "DR"
[1] 0.8188902
[1] 0.01837464
[1] 0.8305085

 0  1 
10 49 
[1] 60
[1] 0.8270445
[1] 0.8133578
[1] "AdaLSE"
[1] 0.8053363
[1] 0.02060082
[1] 0.7333333

 0  1 
16 44 
[1] "Fitting mean A"
[1] "Fitting variance A"
[1] "DR"
[1] 0.7851366
[1] 0.02023591
[1] 0.8333333

 0  1 
10 50 
[1] 61
[1] 0.8270445
[1] 0.8133578
[1] "AdaLSE"
[1] 0.8325935
[1] 0.01984477
[1] 0.7377049

 0  1 
16 45 
[1] "Fitting mean A"
[1] "Fitting variance A"
[1] "DR"
[1] 0.8239899
[1] 0.01905203
[1] 0.8360656

 0  1 
10 51 
[1] 62
[1] 0.8270445
[1] 0.8133578
[1] "AdaLSE"
[1] 0.8194054
[1] 0.01963599
[1] 0.7419355

 0  1 
16 46 
[1] "Fitting mean A"
[1] "Fitting variance A"
[1] "DR"
[1] 0.8083318
[1] 0.0190815
[1] 0.8387097

 0  1 
10 52 
[1] 63
[1] 0.8270445
[1] 0.8133578
[1] "AdaLSE"
[1] 0.8895104
[1] 0.01926276
[1] 0.7301587

 0  1 
17 46 
[1] "Fitting mean A"
[1] "Fitting variance A"
[1] "DR"
[1] 0.8725438
[1] 0.01886134
[1] 0.8253968

 0  1 
11 52 
[1] 64
[1] 0.8270445
[1] 0.8133578
[1] "AdaLSE"
[1] 0.8498422
[1] 0.01928348
[1] 0.734375

 0  1 
17 47 
[1] "Fitting mean A"
[1] "Fitting variance A"
[1] "DR"
[1] 0.8398352
[1] 0.01868965
[1] 0.828125

 0  1 
11 53 
[1] 65
[1] 0.8270445
[1] 0.8133578
[1] "AdaLSE"
[1] 0.8717482
[1] 0.01895376
[1] 0.7230769

 0  1 
18 47 
[1] "Fitting mean A"
[1] "Fitting variance A"
[1] "DR"
[1] 0.8682894
[1] 0.01854749
[1] 0.8153846

 0  1 
12 53 
[1] 66
[1] 0.8270445
[1] 0.8133578
[1] "AdaLSE"
[1] 0.8448466
[1] 0.02058987
[1] 0.7272727

 0  1 
18 48 
[1] "Fitting mean A"
[1] "Fitting variance A"
[1] "DR"
[1] 0.8410687
[1] 0.01905227
[1] 0.8181818

 0  1 
12 54 
[1] 67
[1] 0.8270445
[1] 0.8133578
[1] "AdaLSE"
[1] 0.8264021
[1] 0.01949782
[1] 0.7313433

 0  1 
18 49 
[1] "Fitting mean A"
[1] "Fitting variance A"
[1] "DR"
[1] 0.8211636
[1] 0.01881041
[1] 0.8208955

 0  1 
12 55 
[1] 68
[1] 0.8270445
[1] 0.8133578
[1] "AdaLSE"
[1] 0.8612006
[1] 0.02023708
[1] 0.7205882

 0  1 
19 49 
[1] "Fitting mean A"
[1] "Fitting variance A"
[1] "DR"
[1] 0.8516174
[1] 0.01940615
[1] 0.8088235

 0  1 
13 55 
[1] 69
[1] 0.8270445
[1] 0.8133578
[1] "AdaLSE"
[1] 0.8704611
[1] 0.01904141
[1] 0.7101449

 0  1 
20 49 
[1] "Fitting mean A"
[1] "Fitting variance A"
[1] "DR"
[1] 0.8610603
[1] 0.01849876
[1] 0.7971014

 0  1 
14 55 
[1] 70
[1] 0.8270445
[1] 0.8133578
[1] "AdaLSE"
[1] 0.8503684
[1] 0.0194319
[1] 0.7142857

 0  1 
20 50 
[1] "Fitting mean A"
[1] "Fitting variance A"
[1] "DR"
[1] 0.8404556
[1] 0.01906536
[1] 0.8

 0  1 
14 56 
[1] 71
[1] 0.8270445
[1] 0.8133578
[1] "AdaLSE"
[1] 0.8433558
[1] 0.01995754
[1] 0.7183099

 0  1 
20 51 
[1] "Fitting mean A"
[1] "Fitting variance A"
[1] "DR"
[1] 0.8285959
[1] 0.01944534
[1] 0.8028169

 0  1 
14 57 
[1] 72
[1] 0.8270445
[1] 0.8133578
[1] "AdaLSE"
[1] 0.8486014
[1] 0.01920514
[1] 0.7222222

 0  1 
20 52 
[1] "Fitting mean A"
[1] "Fitting variance A"
[1] "DR"
[1] 0.8438831
[1] 0.01836028
[1] 0.8055556

 0  1 
14 58 
[1] 73
[1] 0.8270445
[1] 0.8133578
[1] "AdaLSE"
[1] 0.8478921
[1] 0.02008782
[1] 0.7260274

 0  1 
20 53 
[1] "Fitting mean A"
[1] "Fitting variance A"
[1] "DR"
[1] 0.839493
[1] 0.01926392
[1] 0.8082192

 0  1 
14 59 
[1] 74
[1] 0.8270445
[1] 0.8133578
[1] "AdaLSE"
[1] 0.8496691
[1] 0.02017875
[1] 0.7297297

 0  1 
20 54 
[1] "Fitting mean A"
[1] "Fitting variance A"
[1] "DR"
[1] 0.8410416
[1] 0.01962877
[1] 0.8108108

 0  1 
14 60 
[1] 75
[1] 0.8270445
[1] 0.8133578
[1] "AdaLSE"
[1] 0.8766809
[1] 0.01977983
[1] 0.72

 0  1 
21 54 
[1] "Fitting mean A"
[1] "Fitting variance A"
[1] "DR"
[1] 0.8709737
[1] 0.0188533
[1] 0.8

 0  1 
15 60 
[1] 76
[1] 0.8270445
[1] 0.8133578
[1] "AdaLSE"
[1] 0.8494482
[1] 0.0197507
[1] 0.7236842

 0  1 
21 55 
[1] "Fitting mean A"
[1] "Fitting variance A"
[1] "DR"
[1] 0.8430279
[1] 0.01903488
[1] 0.8026316

 0  1 
15 61 
[1] 77
[1] 0.8270445
[1] 0.8133578
[1] "AdaLSE"
[1] 0.8298276
[1] 0.01865535
[1] 0.7272727

 0  1 
21 56 
[1] "Fitting mean A"
[1] "Fitting variance A"
[1] "DR"
[1] 0.819334
[1] 0.01794734
[1] 0.8051948

 0  1 
15 62 
[1] 78
[1] 0.8270445
[1] 0.8133578
[1] "AdaLSE"
[1] 0.846646
[1] 0.01905702
[1] 0.7307692

 0  1 
21 57 
[1] "Fitting mean A"
[1] "Fitting variance A"
[1] "DR"
[1] 0.8362302
[1] 0.01866703
[1] 0.8076923

 0  1 
15 63 
[1] 79
[1] 0.8270445
[1] 0.8133578
[1] "AdaLSE"
[1] 0.8328427
[1] 0.01938589
[1] 0.7341772

 0  1 
21 58 
[1] "Fitting mean A"
[1] "Fitting variance A"
[1] "DR"
[1] 0.8200928
[1] 0.01887902
[1] 0.8101266

 0  1 
15 64 
[1] 80
[1] 0.8270445
[1] 0.8133578
[1] "AdaLSE"
[1] 0.8307019
[1] 0.01927525
[1] 0.7375

 0  1 
21 59 
[1] "Fitting mean A"
[1] "Fitting variance A"
[1] "DR"
[1] 0.8282481
[1] 0.01883543
[1] 0.8125

 0  1 
15 65 
[1] 81
[1] 0.8270445
[1] 0.8133578
[1] "AdaLSE"
[1] 0.878552
[1] 0.02010128
[1] 0.7283951

 0  1 
22 59 
[1] "Fitting mean A"
[1] "Fitting variance A"
[1] "DR"
[1] 0.8743796
[1] 0.01958415
[1] 0.8024691

 0  1 
16 65 
[1] 82
[1] 0.8270445
[1] 0.8133578
[1] "AdaLSE"
[1] 0.8148938
[1] 0.01978478
[1] 0.7317073

 0  1 
22 60 
[1] "Fitting mean A"
[1] "Fitting variance A"
[1] "DR"
[1] 0.8061604
[1] 0.01884786
[1] 0.804878

 0  1 
16 66 
[1] 83
[1] 0.8270445
[1] 0.8133578
[1] "AdaLSE"
[1] 0.8250718
[1] 0.0199451
[1] 0.7349398

 0  1 
22 61 
[1] "Fitting mean A"
[1] "Fitting variance A"
[1] "DR"
[1] 0.8236028
[1] 0.01906219
[1] 0.8072289

 0  1 
16 67 
[1] 84
[1] 0.8270445
[1] 0.8133578
[1] "AdaLSE"
[1] 0.8608711
[1] 0.02078071
[1] 0.7261905

 0  1 
23 61 
[1] "Fitting mean A"
[1] "Fitting variance A"
[1] "DR"
[1] 0.8557002
[1] 0.01969397
[1] 0.797619

 0  1 
17 67 
[1] 85
[1] 0.8270445
[1] 0.8133578
[1] "AdaLSE"
[1] 0.8591468
[1] 0.02128407
[1] 0.7176471

 0  1 
24 61 
[1] "Fitting mean A"
[1] "Fitting variance A"
[1] "DR"
[1] 0.8510092
[1] 0.0204527
[1] 0.8

 0  1 
17 68 
[1] 86
[1] 0.8270445
[1] 0.8133578
[1] "AdaLSE"
[1] 0.8433165
[1] 0.01848146
[1] 0.7209302

 0  1 
24 62 
[1] "Fitting mean A"
[1] "Fitting variance A"
[1] "DR"
[1] 0.8386366
[1] 0.01754378
[1] 0.8023256

 0  1 
17 69 
[1] 87
[1] 0.8270445
[1] 0.8133578
[1] "AdaLSE"
[1] 0.8133452
[1] 0.01985803
[1] 0.7241379

 0  1 
24 63 
[1] "Fitting mean A"
[1] "Fitting variance A"
[1] "DR"
[1] 0.7970034
[1] 0.01918329
[1] 0.8045977

 0  1 
17 70 
[1] 88
[1] 0.8270445
[1] 0.8133578
[1] "AdaLSE"
[1] 0.8304827
[1] 0.01955992
[1] 0.7272727

 0  1 
24 64 
[1] "Fitting mean A"
[1] "Fitting variance A"
[1] "DR"
[1] 0.8255507
[1] 0.01912172
[1] 0.8068182

 0  1 
17 71 
[1] 89
[1] 0.8270445
[1] 0.8133578
[1] "AdaLSE"
[1] 0.8323751
[1] 0.01918891
[1] 0.7303371

 0  1 
24 65 
[1] "Fitting mean A"
[1] "Fitting variance A"
[1] "DR"
[1] 0.8267574
[1] 0.0185041
[1] 0.8089888

 0  1 
17 72 
[1] 90
[1] 0.8270445
[1] 0.8133578
[1] "AdaLSE"
[1] 0.8351242
[1] 0.01877682
[1] 0.7333333

 0  1 
24 66 
[1] "Fitting mean A"
[1] "Fitting variance A"
[1] "DR"
[1] 0.8195527
[1] 0.01891988
[1] 0.8111111

 0  1 
17 73 
[1] 91
[1] 0.8270445
[1] 0.8133578
[1] "AdaLSE"
[1] 0.8082885
[1] 0.02000342
[1] 0.7362637

 0  1 
24 67 
[1] "Fitting mean A"
[1] "Fitting variance A"
[1] "DR"
[1] 0.804052
[1] 0.0193462
[1] 0.8131868

 0  1 
17 74 
[1] 92
[1] 0.8270445
[1] 0.8133578
[1] "AdaLSE"
[1] 0.8258573
[1] 0.01949587
[1] 0.7391304

 0  1 
24 68 
[1] "Fitting mean A"
[1] "Fitting variance A"
[1] "DR"
[1] 0.8208752
[1] 0.01836247
[1] 0.8152174

 0  1 
17 75 
[1] 93
[1] 0.8270445
[1] 0.8133578
[1] "AdaLSE"
[1] 0.8386782
[1] 0.02006287
[1] 0.7419355

 0  1 
24 69 
[1] "Fitting mean A"
[1] "Fitting variance A"
[1] "DR"
[1] 0.8242215
[1] 0.01895669
[1] 0.8172043

 0  1 
17 76 
[1] 94
[1] 0.8270445
[1] 0.8133578
[1] "AdaLSE"
[1] 0.8365547
[1] 0.01943033
[1] 0.7446809

 0  1 
24 70 
[1] "Fitting mean A"
[1] "Fitting variance A"
[1] "DR"
[1] 0.8240008
[1] 0.01875656
[1] 0.8191489

 0  1 
17 77 
[1] 95
[1] 0.8270445
[1] 0.8133578
[1] "AdaLSE"
[1] 0.8064703
[1] 0.01927281
[1] 0.7473684

 0  1 
24 71 
[1] "Fitting mean A"
[1] "Fitting variance A"
[1] "DR"
[1] 0.7974345
[1] 0.01876908
[1] 0.8210526

 0  1 
17 78 
[1] 96
[1] 0.8270445
[1] 0.8133578
[1] "AdaLSE"
[1] 0.8325464
[1] 0.01975876
[1] 0.75

 0  1 
24 72 
[1] "Fitting mean A"
[1] "Fitting variance A"
[1] "DR"
[1] 0.8278895
[1] 0.01885911
[1] 0.8229167

 0  1 
17 79 
[1] 97
[1] 0.8270445
[1] 0.8133578
[1] "AdaLSE"
[1] 0.8297473
[1] 0.01984254
[1] 0.7525773

 0  1 
24 73 
[1] "Fitting mean A"
[1] "Fitting variance A"
[1] "DR"
[1] 0.8257696
[1] 0.01924464
[1] 0.8247423

 0  1 
17 80 
[1] 98
[1] 0.8270445
[1] 0.8133578
[1] "AdaLSE"
[1] 0.8920608
[1] 0.02024835
[1] 0.744898

 0  1 
25 73 
[1] "Fitting mean A"
[1] "Fitting variance A"
[1] "DR"
[1] 0.8913853
[1] 0.01940837
[1] 0.8163265

 0  1 
18 80 
[1] 99
[1] 0.8270445
[1] 0.8133578
[1] "AdaLSE"
[1] 0.823175
[1] 0.01926019
[1] 0.7474747

 0  1 
25 74 
[1] "Fitting mean A"
[1] "Fitting variance A"
[1] "DR"
[1] 0.8165278
[1] 0.01894963
[1] 0.8181818

 0  1 
18 81 
[1] 100
[1] 0.8270445
[1] 0.8133578
[1] "AdaLSE"
[1] 0.8399872
[1] 0.02021658
[1] 0.75

 0  1 
25 75 
[1] "Fitting mean A"
[1] "Fitting variance A"
[1] "DR"
[1] 0.8230683
[1] 0.01934118
[1] 0.82

 0  1 
18 82 
[1] 101
[1] 0.8270445
[1] 0.8133578
[1] "AdaLSE"
[1] 0.8579609
[1] 0.01989089
[1] 0.7425743

 0  1 
26 75 
[1] "Fitting mean A"
[1] "Fitting variance A"
[1] "DR"
[1] 0.8488713
[1] 0.01951512
[1] 0.8217822

 0  1 
18 83 
[1] 102
[1] 0.8270445
[1] 0.8133578
[1] "AdaLSE"
[1] 0.857879
[1] 0.0192145
[1] 0.7352941

 0  1 
27 75 
[1] "Fitting mean A"
[1] "Fitting variance A"
[1] "DR"
[1] 0.8357801
[1] 0.01962529
[1] 0.8235294

 0  1 
18 84 
[1] 103
[1] 0.8270445
[1] 0.8133578
[1] "AdaLSE"
[1] 0.8303765
[1] 0.02059188
[1] 0.7378641

 0  1 
27 76 
[1] "Fitting mean A"
[1] "Fitting variance A"
[1] "DR"
[1] 0.8245042
[1] 0.01994931
[1] 0.8252427

 0  1 
18 85 
[1] 104
[1] 0.8270445
[1] 0.8133578
[1] "AdaLSE"
[1] 0.8107318
[1] 0.02012671
[1] 0.7403846

 0  1 
27 77 
[1] "Fitting mean A"
[1] "Fitting variance A"
[1] "DR"
[1] 0.7994445
[1] 0.01914149
[1] 0.8269231

 0  1 
18 86 
[1] 105
[1] 0.8270445
[1] 0.8133578
[1] "AdaLSE"
[1] 0.8574683
[1] 0.01996044
[1] 0.7333333

 0  1 
28 77 
[1] "Fitting mean A"
[1] "Fitting variance A"
[1] "DR"
[1] 0.8431915
[1] 0.01954002
[1] 0.8285714

 0  1 
18 87 
[1] 106
[1] 0.8270445
[1] 0.8133578
[1] "AdaLSE"
[1] 0.8250547
[1] 0.01912691
[1] 0.7358491

 0  1 
28 78 
[1] "Fitting mean A"
[1] "Fitting variance A"
[1] "DR"
[1] 0.8189817
[1] 0.01830275
[1] 0.8301887

 0  1 
18 88 
[1] 107
[1] 0.8270445
[1] 0.8133578
[1] "AdaLSE"
[1] 0.8402738
[1] 0.02032846
[1] 0.7383178

 0  1 
28 79 
[1] "Fitting mean A"
[1] "Fitting variance A"
[1] "DR"
[1] 0.8281952
[1] 0.01952842
[1] 0.8317757

 0  1 
18 89 
[1] 108
[1] 0.8270445
[1] 0.8133578
[1] "AdaLSE"
[1] 0.8059334
[1] 0.02010735
[1] 0.7407407

 0  1 
28 80 
[1] "Fitting mean A"
[1] "Fitting variance A"
[1] "DR"
[1] 0.7974234
[1] 0.0194336
[1] 0.8333333

 0  1 
18 90 
[1] 109
[1] 0.8270445
[1] 0.8133578
[1] "AdaLSE"
[1] 0.8286009
[1] 0.01925426
[1] 0.7431193

 0  1 
28 81 
[1] "Fitting mean A"
[1] "Fitting variance A"
[1] "DR"
[1] 0.8113873
[1] 0.01887947
[1] 0.8348624

 0  1 
18 91 
[1] 110
[1] 0.8270445
[1] 0.8133578
[1] "AdaLSE"
[1] 0.7992506
[1] 0.01985725
[1] 0.7454545

 0  1 
28 82 
[1] "Fitting mean A"
[1] "Fitting variance A"
[1] "DR"
[1] 0.790913
[1] 0.01907197
[1] 0.8363636

 0  1 
18 92 
[1] 111
[1] 0.8270445
[1] 0.8133578
[1] "AdaLSE"
[1] 0.8309142
[1] 0.01967949
[1] 0.7477477

 0  1 
28 83 
[1] "Fitting mean A"
[1] "Fitting variance A"
[1] "DR"
[1] 0.8192378
[1] 0.01890249
[1] 0.8378378

 0  1 
18 93 
[1] 112
[1] 0.8270445
[1] 0.8133578
[1] "AdaLSE"
[1] 0.8435663
[1] 0.01876406
[1] 0.75

 0  1 
28 84 
[1] "Fitting mean A"
[1] "Fitting variance A"
[1] "DR"
[1] 0.8393678
[1] 0.01802397
[1] 0.8392857

 0  1 
18 94 
[1] 113
[1] 0.8270445
[1] 0.8133578
[1] "AdaLSE"
[1] 0.848864
[1] 0.020133
[1] 0.7522124

 0  1 
28 85 
[1] "Fitting mean A"
[1] "Fitting variance A"
[1] "DR"
[1] 0.8390202
[1] 0.01956294
[1] 0.840708

 0  1 
18 95 
[1] 114
[1] 0.8270445
[1] 0.8133578
[1] "AdaLSE"
[1] 0.8298641
[1] 0.02011099
[1] 0.754386

 0  1 
28 86 
[1] "Fitting mean A"
[1] "Fitting variance A"
[1] "DR"
[1] 0.822356
[1] 0.01935678
[1] 0.8421053

 0  1 
18 96 
[1] 115
[1] 0.8270445
[1] 0.8133578
[1] "AdaLSE"
[1] 0.8331322
[1] 0.0195722
[1] 0.7565217

 0  1 
28 87 
[1] "Fitting mean A"
[1] "Fitting variance A"
[1] "DR"
[1] 0.8273678
[1] 0.01887129
[1] 0.8434783

 0  1 
18 97 
[1] 116
[1] 0.8270445
[1] 0.8133578
[1] "AdaLSE"
[1] 0.8463894
[1] 0.01960594
[1] 0.7586207

 0  1 
28 88 
[1] "Fitting mean A"
[1] "Fitting variance A"
[1] "DR"
[1] 0.8281958
[1] 0.01929093
[1] 0.8448276

 0  1 
18 98 
[1] 117
[1] 0.8270445
[1] 0.8133578
[1] "AdaLSE"
[1] 0.8362126
[1] 0.01975217
[1] 0.7606838

 0  1 
28 89 
[1] "Fitting mean A"
[1] "Fitting variance A"
[1] "DR"
[1] 0.8299561
[1] 0.01903296
[1] 0.8461538

 0  1 
18 99 
[1] 118
[1] 0.8270445
[1] 0.8133578
[1] "AdaLSE"
[1] 0.8368414
[1] 0.02021484
[1] 0.7627119

 0  1 
28 90 
[1] "Fitting mean A"
[1] "Fitting variance A"
[1] "DR"
[1] 0.8214281
[1] 0.01957076
[1] 0.8474576

  0   1 
 18 100 
[1] 119
[1] 0.8270445
[1] 0.8133578
[1] "AdaLSE"
[1] 0.8674668
[1] 0.01852887
[1] 0.7563025

 0  1 
29 90 
[1] "Fitting mean A"
[1] "Fitting variance A"
[1] "DR"
[1] 0.8581398
[1] 0.01802624
[1] 0.8403361

  0   1 
 19 100 
[1] 120
[1] 0.8270445
[1] 0.8133578
[1] "AdaLSE"
[1] 0.816214
[1] 0.01997775
[1] 0.7583333

 0  1 
29 91 
[1] "Fitting mean A"
[1] "Fitting variance A"
[1] "DR"
[1] 0.8051209
[1] 0.01960776
[1] 0.8416667

  0   1 
 19 101 
[1] 121
[1] 0.8270445
[1] 0.8133578
[1] "AdaLSE"
[1] 0.855235
[1] 0.01882681
[1] 0.7520661

 0  1 
30 91 
[1] "Fitting mean A"
[1] "Fitting variance A"
[1] "DR"
[1] 0.8373899
[1] 0.01852004
[1] 0.8429752

  0   1 
 19 102 
[1] 122
[1] 0.8270445
[1] 0.8133578
[1] "AdaLSE"
[1] 0.8454773
[1] 0.02027486
[1] 0.7540984

 0  1 
30 92 
[1] "Fitting mean A"
[1] "Fitting variance A"
[1] "DR"
[1] 0.8428251
[1] 0.01974102
[1] 0.8442623

  0   1 
 19 103 
[1] 123
[1] 0.8270445
[1] 0.8133578
[1] "AdaLSE"
[1] 0.8246378
[1] 0.01962211
[1] 0.7560976

 0  1 
30 93 
[1] "Fitting mean A"
[1] "Fitting variance A"
[1] "DR"
[1] 0.8159336
[1] 0.01834106
[1] 0.8455285

  0   1 
 19 104 
[1] 124
[1] 0.8270445
[1] 0.8133578
[1] "AdaLSE"
[1] 0.8300075
[1] 0.01949687
[1] 0.7580645

 0  1 
30 94 
[1] "Fitting mean A"
[1] "Fitting variance A"
[1] "DR"
[1] 0.8187933
[1] 0.0187239
[1] 0.8467742

  0   1 
 19 105 
[1] 125
[1] 0.8270445
[1] 0.8133578
[1] "AdaLSE"
[1] 0.8702641
[1] 0.02051958
[1] 0.752

 0  1 
31 94 
[1] "Fitting mean A"
[1] "Fitting variance A"
[1] "DR"
[1] 0.8591665
[1] 0.0195481
[1] 0.84

  0   1 
 20 105 
[1] 126
[1] 0.8270445
[1] 0.8133578
[1] "AdaLSE"
[1] 0.8330342
[1] 0.0195096
[1] 0.7539683

 0  1 
31 95 
[1] "Fitting mean A"
[1] "Fitting variance A"
[1] "DR"
[1] 0.8257619
[1] 0.01888693
[1] 0.8412698

  0   1 
 20 106 
[1] 127
[1] 0.8270445
[1] 0.8133578
[1] "AdaLSE"
[1] 0.8401727
[1] 0.0205594
[1] 0.7559055

 0  1 
31 96 
[1] "Fitting mean A"
[1] "Fitting variance A"
[1] "DR"
[1] 0.8373789
[1] 0.02008308
[1] 0.8425197

  0   1 
 20 107 
[1] 128
[1] 0.8270445
[1] 0.8133578
[1] "AdaLSE"
[1] 0.8293736
[1] 0.02057559
[1] 0.7578125

 0  1 
31 97 
[1] "Fitting mean A"
[1] "Fitting variance A"
[1] "DR"
[1] 0.8144393
[1] 0.01998005
[1] 0.84375

  0   1 
 20 108 
[1] 129
[1] 0.8270445
[1] 0.8133578
[1] "AdaLSE"
[1] 0.8591706
[1] 0.02036122
[1] 0.751938

 0  1 
32 97 
[1] "Fitting mean A"
[1] "Fitting variance A"
[1] "DR"
[1] 0.8487419
[1] 0.01957158
[1] 0.8449612

  0   1 
 20 109 
[1] 130
[1] 0.8270445
[1] 0.8133578
[1] "AdaLSE"
[1] 0.8544169
[1] 0.02095532
[1] 0.7538462

 0  1 
32 98 
[1] "Fitting mean A"
[1] "Fitting variance A"
[1] "DR"
[1] 0.8476095
[1] 0.01989799
[1] 0.8461538

  0   1 
 20 110 
[1] 131
[1] 0.8270445
[1] 0.8133578
[1] "AdaLSE"
[1] 0.874412
[1] 0.0190232
[1] 0.7480916

 0  1 
33 98 
[1] "Fitting mean A"
[1] "Fitting variance A"
[1] "DR"
[1] 0.8641552
[1] 0.01855703
[1] 0.8396947

  0   1 
 21 110 
[1] 132
[1] 0.8270445
[1] 0.8133578
[1] "AdaLSE"
[1] 0.8495968
[1] 0.01862294
[1] 0.75

 0  1 
33 99 
[1] "Fitting mean A"
[1] "Fitting variance A"
[1] "DR"
[1] 0.8440009
[1] 0.01794171
[1] 0.8409091

  0   1 
 21 111 
[1] 133
[1] 0.8270445
[1] 0.8133578
[1] "AdaLSE"
[1] 0.8365656
[1] 0.02048618
[1] 0.7518797

  0   1 
 33 100 
[1] "Fitting mean A"
[1] "Fitting variance A"
[1] "DR"
[1] 0.8256623
[1] 0.0199964
[1] 0.8421053

  0   1 
 21 112 
[1] 134
[1] 0.8270445
[1] 0.8133578
[1] "AdaLSE"
[1] 0.8186523
[1] 0.01914854
[1] 0.7537313

  0   1 
 33 101 
[1] "Fitting mean A"
[1] "Fitting variance A"
[1] "DR"
[1] 0.8125583
[1] 0.01819331
[1] 0.8432836

  0   1 
 21 113 
[1] 135
[1] 0.8270445
[1] 0.8133578
[1] "AdaLSE"
[1] 0.8637596
[1] 0.01960894
[1] 0.7481481

  0   1 
 34 101 
[1] "Fitting mean A"
[1] "Fitting variance A"
[1] "DR"
[1] 0.8512505
[1] 0.01894732
[1] 0.837037

  0   1 
 22 113 
[1] 136
[1] 0.8270445
[1] 0.8133578
[1] "AdaLSE"
[1] 0.8789051
[1] 0.02070741
[1] 0.7426471

  0   1 
 35 101 
[1] "Fitting mean A"
[1] "Fitting variance A"
[1] "DR"
[1] 0.8614413
[1] 0.02009359
[1] 0.8308824

  0   1 
 23 113 
[1] 137
[1] 0.8270445
[1] 0.8133578
[1] "AdaLSE"
[1] 0.8511798
[1] 0.01958257
[1] 0.7445255

  0   1 
 35 102 
[1] "Fitting mean A"
[1] "Fitting variance A"
[1] "DR"
[1] 0.8454789
[1] 0.01938857
[1] 0.8321168

  0   1 
 23 114 
[1] 138
[1] 0.8270445
[1] 0.8133578
[1] "AdaLSE"
[1] 0.8428739
[1] 0.02108979
[1] 0.7463768

  0   1 
 35 103 
[1] "Fitting mean A"
[1] "Fitting variance A"
[1] "DR"
[1] 0.8313778
[1] 0.02030623
[1] 0.8333333

  0   1 
 23 115 
[1] 139
[1] 0.8270445
[1] 0.8133578
[1] "AdaLSE"
[1] 0.8292803
[1] 0.01857029
[1] 0.7482014

  0   1 
 35 104 
[1] "Fitting mean A"
[1] "Fitting variance A"
[1] "DR"
[1] 0.8284583
[1] 0.01751996
[1] 0.8345324

  0   1 
 23 116 
[1] 140
[1] 0.8270445
[1] 0.8133578
[1] "AdaLSE"
[1] 0.843925
[1] 0.01985489
[1] 0.75

  0   1 
 35 105 
[1] "Fitting mean A"
[1] "Fitting variance A"
[1] "DR"
[1] 0.8417377
[1] 0.01903707
[1] 0.8357143

  0   1 
 23 117 
[1] 141
[1] 0.8270445
[1] 0.8133578
[1] "AdaLSE"
[1] 0.8626404
[1] 0.01897353
[1] 0.7446809

  0   1 
 36 105 
[1] "Fitting mean A"
[1] "Fitting variance A"
[1] "DR"
[1] 0.845999
[1] 0.01867095
[1] 0.8368794

  0   1 
 23 118 
[1] 142
[1] 0.8270445
[1] 0.8133578
[1] "AdaLSE"
[1] 0.8760814
[1] 0.01970742
[1] 0.7394366

  0   1 
 37 105 
[1] "Fitting mean A"
[1] "Fitting variance A"
[1] "DR"
[1] 0.8651077
[1] 0.01911602
[1] 0.8309859

  0   1 
 24 118 
[1] 143
[1] 0.8270445
[1] 0.8133578
[1] "AdaLSE"
[1] 0.8620728
[1] 0.0199263
[1] 0.7342657

  0   1 
 38 105 
[1] "Fitting mean A"
[1] "Fitting variance A"
[1] "DR"
[1] 0.8569672
[1] 0.0193274
[1] 0.8251748

  0   1 
 25 118 
[1] 144
[1] 0.8270445
[1] 0.8133578
[1] "AdaLSE"
[1] 0.8463135
[1] 0.01850343
[1] 0.7361111

  0   1 
 38 106 
[1] "Fitting mean A"
[1] "Fitting variance A"
[1] "DR"
[1] 0.8443503
[1] 0.01786286
[1] 0.8263889

  0   1 
 25 119 
[1] 145
[1] 0.8270445
[1] 0.8133578
[1] "AdaLSE"
[1] 0.8432165
[1] 0.01991144
[1] 0.737931

  0   1 
 38 107 
[1] "Fitting mean A"
[1] "Fitting variance A"
[1] "DR"
[1] 0.8370708
[1] 0.01932328
[1] 0.8275862

  0   1 
 25 120 
[1] 146
[1] 0.8270445
[1] 0.8133578
[1] "AdaLSE"
[1] 0.8383006
[1] 0.01869699
[1] 0.739726

  0   1 
 38 108 
[1] "Fitting mean A"
[1] "Fitting variance A"
[1] "DR"
[1] 0.8257131
[1] 0.01861238
[1] 0.8287671

  0   1 
 25 121 
[1] 147
[1] 0.8270445
[1] 0.8133578
[1] "AdaLSE"
[1] 0.8344024
[1] 0.01943527
[1] 0.7414966

  0   1 
 38 109 
[1] "Fitting mean A"
[1] "Fitting variance A"
[1] "DR"
[1] 0.8241979
[1] 0.01859964
[1] 0.829932

  0   1 
 25 122 
[1] 148
[1] 0.8270445
[1] 0.8133578
[1] "AdaLSE"
[1] 0.8503019
[1] 0.02001804
[1] 0.7432432

  0   1 
 38 110 
[1] "Fitting mean A"
[1] "Fitting variance A"
[1] "DR"
[1] 0.8469376
[1] 0.01912999
[1] 0.8310811

  0   1 
 25 123 
[1] 149
[1] 0.8270445
[1] 0.8133578
[1] "AdaLSE"
[1] 0.8603462
[1] 0.01998262
[1] 0.738255

  0   1 
 39 110 
[1] "Fitting mean A"
[1] "Fitting variance A"
[1] "DR"
[1] 0.8571017
[1] 0.019477
[1] 0.8255034

  0   1 
 26 123 
[1] 150
[1] 0.8270445
[1] 0.8133578
[1] "AdaLSE"
[1] 0.8396341
[1] 0.01981903
[1] 0.74

  0   1 
 39 111 
[1] "Fitting mean A"
[1] "Fitting variance A"
[1] "DR"
[1] 0.8290589
[1] 0.0192838
[1] 0.8266667

  0   1 
 26 124 
[1] 151
[1] 0.8270445
[1] 0.8133578
[1] "AdaLSE"
[1] 0.840689
[1] 0.0193405
[1] 0.7417219

  0   1 
 39 112 
[1] "Fitting mean A"
[1] "Fitting variance A"
[1] "DR"
[1] 0.8338668
[1] 0.01866309
[1] 0.8278146

  0   1 
 26 125 
[1] 152
[1] 0.8270445
[1] 0.8133578
[1] "AdaLSE"
[1] 0.8196629
[1] 0.01906413
[1] 0.7434211

  0   1 
 39 113 
[1] "Fitting mean A"
[1] "Fitting variance A"
[1] "DR"
[1] 0.8126548
[1] 0.01828561
[1] 0.8289474

  0   1 
 26 126 
[1] 153
[1] 0.8270445
[1] 0.8133578
[1] "AdaLSE"
[1] 0.8375945
[1] 0.02023788
[1] 0.745098

  0   1 
 39 114 
[1] "Fitting mean A"
[1] "Fitting variance A"
[1] "DR"
[1] 0.8257188
[1] 0.01992794
[1] 0.8300654

  0   1 
 26 127 
[1] 154
[1] 0.8270445
[1] 0.8133578
[1] "AdaLSE"
[1] 0.836511
[1] 0.01914878
[1] 0.7467532

  0   1 
 39 115 
[1] "Fitting mean A"
[1] "Fitting variance A"
[1] "DR"
[1] 0.8305376
[1] 0.0186554
[1] 0.8311688

  0   1 
 26 128 
[1] 155
[1] 0.8270445
[1] 0.8133578
[1] "AdaLSE"
[1] 0.8387271
[1] 0.01999873
[1] 0.7483871

  0   1 
 39 116 
[1] "Fitting mean A"
[1] "Fitting variance A"
[1] "DR"
[1] 0.8271981
[1] 0.0195484
[1] 0.8322581

  0   1 
 26 129 
[1] 156
[1] 0.8270445
[1] 0.8133578
[1] "AdaLSE"
[1] 0.8528789
[1] 0.02007306
[1] 0.7435897

  0   1 
 40 116 
[1] "Fitting mean A"
[1] "Fitting variance A"
[1] "DR"
[1] 0.8484223
[1] 0.0195606
[1] 0.8333333

  0   1 
 26 130 
[1] 157
[1] 0.8270445
[1] 0.8133578
[1] "AdaLSE"
[1] 0.8593537
[1] 0.02052448
[1] 0.7388535

  0   1 
 41 116 
[1] "Fitting mean A"
[1] "Fitting variance A"
[1] "DR"
[1] 0.8504422
[1] 0.01955964
[1] 0.8343949

  0   1 
 26 131 
[1] 158
[1] 0.8270445
[1] 0.8133578
[1] "AdaLSE"
[1] 0.8723964
[1] 0.0198514
[1] 0.7341772

  0   1 
 42 116 
[1] "Fitting mean A"
[1] "Fitting variance A"
[1] "DR"
[1] 0.8612173
[1] 0.01915059
[1] 0.8291139

  0   1 
 27 131 
[1] 159
[1] 0.8270445
[1] 0.8133578
[1] "AdaLSE"
[1] 0.8509238
[1] 0.01878037
[1] 0.7295597

  0   1 
 43 116 
[1] "Fitting mean A"
[1] "Fitting variance A"
[1] "DR"
[1] 0.8481939
[1] 0.01844563
[1] 0.8301887

  0   1 
 27 132 
[1] 160
[1] 0.8270445
[1] 0.8133578
[1] "AdaLSE"
[1] 0.8513265
[1] 0.01979132
[1] 0.73125

  0   1 
 43 117 
[1] "Fitting mean A"
[1] "Fitting variance A"
[1] "DR"
[1] 0.8458395
[1] 0.01922168
[1] 0.83125

  0   1 
 27 133 
[1] 161
[1] 0.8270445
[1] 0.8133578
[1] "AdaLSE"
[1] 0.831399
[1] 0.01976075
[1] 0.7329193

  0   1 
 43 118 
[1] "Fitting mean A"
[1] "Fitting variance A"
[1] "DR"
[1] 0.817784
[1] 0.01907737
[1] 0.8322981

  0   1 
 27 134 
[1] 162
[1] 0.8270445
[1] 0.8133578
[1] "AdaLSE"
[1] 0.8039179
[1] 0.01886622
[1] 0.7345679

  0   1 
 43 119 
[1] "Fitting mean A"
[1] "Fitting variance A"
[1] "DR"
[1] 0.7909324
[1] 0.01860107
[1] 0.8333333

  0   1 
 27 135 
[1] 163
[1] 0.8270445
[1] 0.8133578
[1] "AdaLSE"
[1] 0.8348877
[1] 0.02042241
[1] 0.7361963

  0   1 
 43 120 
[1] "Fitting mean A"
[1] "Fitting variance A"
[1] "DR"
[1] 0.8205877
[1] 0.02008943
[1] 0.8343558

  0   1 
 27 136 
[1] 164
[1] 0.8270445
[1] 0.8133578
[1] "AdaLSE"
[1] 0.8397545
[1] 0.01857687
[1] 0.7378049

  0   1 
 43 121 
[1] "Fitting mean A"
[1] "Fitting variance A"
[1] "DR"
[1] 0.8270907
[1] 0.01772495
[1] 0.8353659

  0   1 
 27 137 
[1] 165
[1] 0.8270445
[1] 0.8133578
[1] "AdaLSE"
[1] 0.8618167
[1] 0.0181675
[1] 0.7333333

  0   1 
 44 121 
[1] "Fitting mean A"
[1] "Fitting variance A"
[1] "DR"
[1] 0.855745
[1] 0.01783152
[1] 0.830303

  0   1 
 28 137 
[1] 166
[1] 0.8270445
[1] 0.8133578
[1] "AdaLSE"
[1] 0.8510486
[1] 0.01959882
[1] 0.7349398

  0   1 
 44 122 
[1] "Fitting mean A"
[1] "Fitting variance A"
[1] "DR"
[1] 0.8331694
[1] 0.01924306
[1] 0.8313253

  0   1 
 28 138 
[1] 167
[1] 0.8270445
[1] 0.8133578
[1] "AdaLSE"
[1] 0.8151648
[1] 0.01969839
[1] 0.7365269

  0   1 
 44 123 
[1] "Fitting mean A"
[1] "Fitting variance A"
[1] "DR"
[1] 0.8096254
[1] 0.01927658
[1] 0.8323353

  0   1 
 28 139 
[1] 168
[1] 0.8270445
[1] 0.8133578
[1] "AdaLSE"
[1] 0.8451994
[1] 0.01921409
[1] 0.7380952

  0   1 
 44 124 
[1] "Fitting mean A"
[1] "Fitting variance A"
[1] "DR"
[1] 0.8281989
[1] 0.01880827
[1] 0.8333333

  0   1 
 28 140 
[1] 169
[1] 0.8270445
[1] 0.8133578
[1] "AdaLSE"
[1] 0.8277953
[1] 0.02022197
[1] 0.739645

  0   1 
 44 125 
[1] "Fitting mean A"
[1] "Fitting variance A"
[1] "DR"
[1] 0.8246327
[1] 0.01954529
[1] 0.8343195

  0   1 
 28 141 
[1] 170
[1] 0.8270445
[1] 0.8133578
[1] "AdaLSE"
[1] 0.8298032
[1] 0.02006402
[1] 0.7411765

  0   1 
 44 126 
[1] "Fitting mean A"
[1] "Fitting variance A"
[1] "DR"
[1] 0.8137592
[1] 0.01975159
[1] 0.8352941

  0   1 
 28 142 
[1] 171
[1] 0.8270445
[1] 0.8133578
[1] "AdaLSE"
[1] 0.8155486
[1] 0.02032586
[1] 0.7426901

  0   1 
 44 127 
[1] "Fitting mean A"
[1] "Fitting variance A"
[1] "DR"
[1] 0.8000319
[1] 0.01978837
[1] 0.8362573

  0   1 
 28 143 
[1] 172
[1] 0.8270445
[1] 0.8133578
[1] "AdaLSE"
[1] 0.8653099
[1] 0.01991521
[1] 0.7383721

  0   1 
 45 127 
[1] "Fitting mean A"
[1] "Fitting variance A"
[1] "DR"
[1] 0.8585958
[1] 0.01929639
[1] 0.8313953

  0   1 
 29 143 
[1] 173
[1] 0.8270445
[1] 0.8133578
[1] "AdaLSE"
[1] 0.8424514
[1] 0.02022926
[1] 0.7398844

  0   1 
 45 128 
[1] "Fitting mean A"
[1] "Fitting variance A"
[1] "DR"
[1] 0.830425
[1] 0.01959594
[1] 0.8323699

  0   1 
 29 144 
[1] 174
[1] 0.8270445
[1] 0.8133578
[1] "AdaLSE"
[1] 0.8729099
[1] 0.02043451
[1] 0.7356322

  0   1 
 46 128 
[1] "Fitting mean A"
[1] "Fitting variance A"
[1] "DR"
[1] 0.8669223
[1] 0.01966659
[1] 0.8275862

  0   1 
 30 144 
[1] 175
[1] 0.8270445
[1] 0.8133578
[1] "AdaLSE"
[1] 0.8559556
[1] 0.01969098
[1] 0.7314286

  0   1 
 47 128 
[1] "Fitting mean A"
[1] "Fitting variance A"
[1] "DR"
[1] 0.8406947
[1] 0.01854947
[1] 0.8285714

  0   1 
 30 145 
[1] 176
[1] 0.8270445
[1] 0.8133578
[1] "AdaLSE"
[1] 0.8152535
[1] 0.02019118
[1] 0.7329545

  0   1 
 47 129 
[1] "Fitting mean A"
[1] "Fitting variance A"
[1] "DR"
[1] 0.8079612
[1] 0.01941358
[1] 0.8295455

  0   1 
 30 146 
[1] 177
[1] 0.8270445
[1] 0.8133578
[1] "AdaLSE"
[1] 0.8498971
[1] 0.0193378
[1] 0.7344633

  0   1 
 47 130 
[1] "Fitting mean A"
[1] "Fitting variance A"
[1] "DR"
[1] 0.8453458
[1] 0.01864782
[1] 0.8305085

  0   1 
 30 147 
[1] 178
[1] 0.8270445
[1] 0.8133578
[1] "AdaLSE"
[1] 0.8368694
[1] 0.02020027
[1] 0.7359551

  0   1 
 47 131 
[1] "Fitting mean A"
[1] "Fitting variance A"
[1] "DR"
[1] 0.8284191
[1] 0.01947682
[1] 0.8314607

  0   1 
 30 148 
[1] 179
[1] 0.8270445
[1] 0.8133578
[1] "AdaLSE"
[1] 0.8061959
[1] 0.02015697
[1] 0.7374302

  0   1 
 47 132 
[1] "Fitting mean A"
[1] "Fitting variance A"
[1] "DR"
[1] 0.7992589
[1] 0.01906682
[1] 0.8324022

  0   1 
 30 149 
[1] 180
[1] 0.8270445
[1] 0.8133578
[1] "AdaLSE"
[1] 0.8708989
[1] 0.01967659
[1] 0.7333333

  0   1 
 48 132 
[1] "Fitting mean A"
[1] "Fitting variance A"
[1] "DR"
[1] 0.8575414
[1] 0.01897998
[1] 0.8277778

  0   1 
 31 149 
[1] 181
[1] 0.8270445
[1] 0.8133578
[1] "AdaLSE"
[1] 0.848868
[1] 0.0185944
[1] 0.7348066

  0   1 
 48 133 
[1] "Fitting mean A"
[1] "Fitting variance A"
[1] "DR"
[1] 0.8409487
[1] 0.0179052
[1] 0.8287293

  0   1 
 31 150 
[1] 182
[1] 0.8270445
[1] 0.8133578
[1] "AdaLSE"
[1] 0.8462979
[1] 0.01967416
[1] 0.7362637

  0   1 
 48 134 
[1] "Fitting mean A"
[1] "Fitting variance A"
[1] "DR"
[1] 0.8352075
[1] 0.01921522
[1] 0.8296703

  0   1 
 31 151 
[1] 183
[1] 0.8270445
[1] 0.8133578
[1] "AdaLSE"
[1] 0.8685635
[1] 0.0206167
[1] 0.7322404

  0   1 
 49 134 
[1] "Fitting mean A"
[1] "Fitting variance A"
[1] "DR"
[1] 0.856032
[1] 0.01981865
[1] 0.8251366

  0   1 
 32 151 
[1] 184
[1] 0.8270445
[1] 0.8133578
[1] "AdaLSE"
[1] 0.8289788
[1] 0.01990653
[1] 0.7336957

  0   1 
 49 135 
[1] "Fitting mean A"
[1] "Fitting variance A"
[1] "DR"
[1] 0.8165138
[1] 0.01932968
[1] 0.826087

  0   1 
 32 152 
[1] 185
[1] 0.8270445
[1] 0.8133578
[1] "AdaLSE"
[1] 0.8580876
[1] 0.0199127
[1] 0.7297297

  0   1 
 50 135 
[1] "Fitting mean A"
[1] "Fitting variance A"
[1] "DR"
[1] 0.8489881
[1] 0.01913158
[1] 0.827027

  0   1 
 32 153 
[1] 186
[1] 0.8270445
[1] 0.8133578
[1] "AdaLSE"
[1] 0.8711981
[1] 0.02005361
[1] 0.7258065

  0   1 
 51 135 
[1] "Fitting mean A"
[1] "Fitting variance A"
[1] "DR"
[1] 0.8478148
[1] 0.01973232
[1] 0.827957

  0   1 
 32 154 
[1] 187
[1] 0.8270445
[1] 0.8133578
[1] "AdaLSE"
[1] 0.830971
[1] 0.01879363
[1] 0.7272727

  0   1 
 51 136 
[1] "Fitting mean A"
[1] "Fitting variance A"
[1] "DR"
[1] 0.827721
[1] 0.01796407
[1] 0.828877

  0   1 
 32 155 
[1] 188
[1] 0.8270445
[1] 0.8133578
[1] "AdaLSE"
[1] 0.8131807
[1] 0.01933418
[1] 0.7287234

  0   1 
 51 137 
[1] "Fitting mean A"
[1] "Fitting variance A"
[1] "DR"
[1] 0.8079013
[1] 0.0187416
[1] 0.8297872

  0   1 
 32 156 
[1] 189
[1] 0.8270445
[1] 0.8133578
[1] "AdaLSE"
[1] 0.8449636
[1] 0.01926069
[1] 0.7301587

  0   1 
 51 138 
[1] "Fitting mean A"
[1] "Fitting variance A"
[1] "DR"
[1] 0.8420252
[1] 0.01872254
[1] 0.8306878

  0   1 
 32 157 
[1] 190
[1] 0.8270445
[1] 0.8133578
[1] "AdaLSE"
[1] 0.8273608
[1] 0.01920773
[1] 0.7315789

  0   1 
 51 139 
[1] "Fitting mean A"
[1] "Fitting variance A"
[1] "DR"
[1] 0.8106381
[1] 0.01864473
[1] 0.8315789

  0   1 
 32 158 
[1] 191
[1] 0.8270445
[1] 0.8133578
[1] "AdaLSE"
[1] 0.8395953
[1] 0.0199276
[1] 0.7329843

  0   1 
 51 140 
[1] "Fitting mean A"
[1] "Fitting variance A"
[1] "DR"
[1] 0.8279959
[1] 0.01889347
[1] 0.8324607

  0   1 
 32 159 
[1] 192
[1] 0.8270445
[1] 0.8133578
[1] "AdaLSE"
[1] 0.8675323
[1] 0.01960646
[1] 0.7291667

  0   1 
 52 140 
[1] "Fitting mean A"
[1] "Fitting variance A"
[1] "DR"
[1] 0.8569682
[1] 0.01904847
[1] 0.828125

  0   1 
 33 159 
[1] 193
[1] 0.8270445
[1] 0.8133578
[1] "AdaLSE"
[1] 0.8278172
[1] 0.01894421
[1] 0.7305699

  0   1 
 52 141 
[1] "Fitting mean A"
[1] "Fitting variance A"
[1] "DR"
[1] 0.8212058
[1] 0.01852169
[1] 0.8290155

  0   1 
 33 160 
[1] 194
[1] 0.8270445
[1] 0.8133578
[1] "AdaLSE"
[1] 0.8652431
[1] 0.01967555
[1] 0.7268041

  0   1 
 53 141 
[1] "Fitting mean A"
[1] "Fitting variance A"
[1] "DR"
[1] 0.8605224
[1] 0.0194009
[1] 0.8247423

  0   1 
 34 160 
[1] 195
[1] 0.8270445
[1] 0.8133578
[1] "AdaLSE"
[1] 0.8727382
[1] 0.01926925
[1] 0.7230769

  0   1 
 54 141 
[1] "Fitting mean A"
[1] "Fitting variance A"
[1] "DR"
[1] 0.8672638
[1] 0.0187375
[1] 0.8205128

  0   1 
 35 160 
[1] 196
[1] 0.8270445
[1] 0.8133578
[1] "AdaLSE"
[1] 0.8520717
[1] 0.02006962
[1] 0.7244898

  0   1 
 54 142 
[1] "Fitting mean A"
[1] "Fitting variance A"
[1] "DR"
[1] 0.8386395
[1] 0.0197308
[1] 0.8214286

  0   1 
 35 161 
[1] 197
[1] 0.8270445
[1] 0.8133578
[1] "AdaLSE"
[1] 0.8453931
[1] 0.01955567
[1] 0.7258883

  0   1 
 54 143 
[1] "Fitting mean A"
[1] "Fitting variance A"
[1] "DR"
[1] 0.8344744
[1] 0.01859442
[1] 0.822335

  0   1 
 35 162 
[1] 198
[1] 0.8270445
[1] 0.8133578
[1] "AdaLSE"
[1] 0.83737
[1] 0.01898681
[1] 0.7272727

  0   1 
 54 144 
[1] "Fitting mean A"
[1] "Fitting variance A"
[1] "DR"
[1] 0.8290306
[1] 0.01856439
[1] 0.8232323

  0   1 
 35 163 
[1] 199
[1] 0.8270445
[1] 0.8133578
[1] "AdaLSE"
[1] 0.8417687
[1] 0.02033562
[1] 0.7286432

  0   1 
 54 145 
[1] "Fitting mean A"
[1] "Fitting variance A"
[1] "DR"
[1] 0.8336812
[1] 0.02003477
[1] 0.8241206

  0   1 
 35 164 
[1] 200
[1] 0.8270445
[1] 0.8133578
[1] "AdaLSE"
[1] 0.8325156
[1] 0.01877359
[1] 0.73

  0   1 
 54 146 
[1] "Fitting mean A"
[1] "Fitting variance A"
[1] "DR"
[1] 0.8257548
[1] 0.01814378
[1] 0.825

  0   1 
 35 165 
[1] 201
[1] 0.8270445
[1] 0.8133578
[1] "AdaLSE"
[1] 0.8846413
[1] 0.01932583
[1] 0.7263682

  0   1 
 55 146 
[1] "Fitting mean A"
[1] "Fitting variance A"
[1] "DR"
[1] 0.8761057
[1] 0.01845714
[1] 0.8208955

  0   1 
 36 165 
[1] 202
[1] 0.8270445
[1] 0.8133578
[1] "AdaLSE"
[1] 0.8580518
[1] 0.01924984
[1] 0.7227723

  0   1 
 56 146 
[1] "Fitting mean A"
[1] "Fitting variance A"
[1] "DR"
[1] 0.8484473
[1] 0.01874683
[1] 0.8217822

  0   1 
 36 166 
[1] 203
[1] 0.8270445
[1] 0.8133578
[1] "AdaLSE"
[1] 0.8543982
[1] 0.01949431
[1] 0.7192118

  0   1 
 57 146 
[1] "Fitting mean A"
[1] "Fitting variance A"
[1] "DR"
[1] 0.8489509
[1] 0.01889759
[1] 0.8226601

  0   1 
 36 167 
[1] 204
[1] 0.8270445
[1] 0.8133578
[1] "AdaLSE"
[1] 0.8136185
[1] 0.0198696
[1] 0.7205882

  0   1 
 57 147 
[1] "Fitting mean A"
[1] "Fitting variance A"
[1] "DR"
[1] 0.8091786
[1] 0.01881719
[1] 0.8235294

  0   1 
 36 168 
[1] 205
[1] 0.8270445
[1] 0.8133578
[1] "AdaLSE"
[1] 0.821646
[1] 0.01807271
[1] 0.7219512

  0   1 
 57 148 
[1] "Fitting mean A"
[1] "Fitting variance A"
[1] "DR"
[1] 0.8076189
[1] 0.01766428
[1] 0.8243902

  0   1 
 36 169 
[1] 206
[1] 0.8270445
[1] 0.8133578
[1] "AdaLSE"
[1] 0.8523371
[1] 0.02002381
[1] 0.723301

  0   1 
 57 149 
[1] "Fitting mean A"
[1] "Fitting variance A"
[1] "DR"
[1] 0.8415161
[1] 0.01908961
[1] 0.8252427

  0   1 
 36 170 
[1] 207
[1] 0.8270445
[1] 0.8133578
[1] "AdaLSE"
[1] 0.8242226
[1] 0.01961161
[1] 0.7246377

  0   1 
 57 150 
[1] "Fitting mean A"
[1] "Fitting variance A"
[1] "DR"
[1] 0.8230029
[1] 0.01893187
[1] 0.826087

  0   1 
 36 171 
[1] 208
[1] 0.8270445
[1] 0.8133578
[1] "AdaLSE"
[1] 0.8312428
[1] 0.01921999
[1] 0.7259615

  0   1 
 57 151 
[1] "Fitting mean A"
[1] "Fitting variance A"
[1] "DR"
[1] 0.8244364
[1] 0.01857884
[1] 0.8269231

  0   1 
 36 172 
[1] 209
[1] 0.8270445
[1] 0.8133578
[1] "AdaLSE"
[1] 0.8459266
[1] 0.02029487
[1] 0.7272727

  0   1 
 57 152 
[1] "Fitting mean A"
[1] "Fitting variance A"
[1] "DR"
[1] 0.834522
[1] 0.02000651
[1] 0.8277512

  0   1 
 36 173 
[1] 210
[1] 0.8270445
[1] 0.8133578
[1] "AdaLSE"
[1] 0.8570846
[1] 0.01927475
[1] 0.7238095

  0   1 
 58 152 
[1] "Fitting mean A"
[1] "Fitting variance A"
[1] "DR"
[1] 0.8506157
[1] 0.01854071
[1] 0.8238095

  0   1 
 37 173 
[1] 211
[1] 0.8270445
[1] 0.8133578
[1] "AdaLSE"
[1] 0.8209647
[1] 0.02027096
[1] 0.7251185

  0   1 
 58 153 
[1] "Fitting mean A"
[1] "Fitting variance A"
[1] "DR"
[1] 0.8189612
[1] 0.01959482
[1] 0.8246445

  0   1 
 37 174 
[1] 212
[1] 0.8270445
[1] 0.8133578
[1] "AdaLSE"
[1] 0.8183776
[1] 0.02091984
[1] 0.7264151

  0   1 
 58 154 
[1] "Fitting mean A"
[1] "Fitting variance A"
[1] "DR"
[1] 0.8167174
[1] 0.02015596
[1] 0.8254717

  0   1 
 37 175 
[1] 213
[1] 0.8270445
[1] 0.8133578
[1] "AdaLSE"
[1] 0.8511588
[1] 0.01964586
[1] 0.7276995

  0   1 
 58 155 
[1] "Fitting mean A"
[1] "Fitting variance A"
[1] "DR"
[1] 0.8432998
[1] 0.01895695
[1] 0.8262911

  0   1 
 37 176 
[1] 214
[1] 0.8270445
[1] 0.8133578
[1] "AdaLSE"
[1] 0.8455141
[1] 0.02014464
[1] 0.728972

  0   1 
 58 156 
[1] "Fitting mean A"
[1] "Fitting variance A"
[1] "DR"
[1] 0.8357347
[1] 0.01913164
[1] 0.8271028

  0   1 
 37 177 
[1] 215
[1] 0.8270445
[1] 0.8133578
[1] "AdaLSE"
[1] 0.8488542
[1] 0.02120465
[1] 0.7302326

  0   1 
 58 157 
[1] "Fitting mean A"
[1] "Fitting variance A"
[1] "DR"
[1] 0.8425353
[1] 0.02044558
[1] 0.827907

  0   1 
 37 178 
[1] 216
[1] 0.8270445
[1] 0.8133578
[1] "AdaLSE"
[1] 0.8433915
[1] 0.01951147
[1] 0.7314815

  0   1 
 58 158 
[1] "Fitting mean A"
[1] "Fitting variance A"
[1] "DR"
[1] 0.8313124
[1] 0.01853922
[1] 0.8287037

  0   1 
 37 179 
[1] 217
[1] 0.8270445
[1] 0.8133578
[1] "AdaLSE"
[1] 0.856018
[1] 0.01946569
[1] 0.7281106

  0   1 
 59 158 
[1] "Fitting mean A"
[1] "Fitting variance A"
[1] "DR"
[1] 0.8467546
[1] 0.01849719
[1] 0.8294931

  0   1 
 37 180 
[1] 218
[1] 0.8270445
[1] 0.8133578
[1] "AdaLSE"
[1] 0.814449
[1] 0.01971339
[1] 0.7293578

  0   1 
 59 159 
[1] "Fitting mean A"
[1] "Fitting variance A"
[1] "DR"
[1] 0.7986181
[1] 0.01904406
[1] 0.8302752

  0   1 
 37 181 
[1] 219
[1] 0.8270445
[1] 0.8133578
[1] "AdaLSE"
[1] 0.8415947
[1] 0.01792653
[1] 0.7305936

  0   1 
 59 160 
[1] "Fitting mean A"
[1] "Fitting variance A"
[1] "DR"
[1] 0.8368178
[1] 0.01696477
[1] 0.8310502

  0   1 
 37 182 
[1] 220
[1] 0.8270445
[1] 0.8133578
[1] "AdaLSE"
[1] 0.8445918
[1] 0.01989512
[1] 0.7318182

  0   1 
 59 161 
[1] "Fitting mean A"
[1] "Fitting variance A"
[1] "DR"
[1] 0.8392175
[1] 0.01915722
[1] 0.8318182

  0   1 
 37 183 
[1] 221
[1] 0.8270445
[1] 0.8133578
[1] "AdaLSE"
[1] 0.841865
[1] 0.01993224
[1] 0.7330317

  0   1 
 59 162 
[1] "Fitting mean A"
[1] "Fitting variance A"
[1] "DR"
[1] 0.8347507
[1] 0.01919075
[1] 0.8325792

  0   1 
 37 184 
[1] 222
[1] 0.8270445
[1] 0.8133578
[1] "AdaLSE"
[1] 0.851563
[1] 0.01898466
[1] 0.7297297

  0   1 
 60 162 
[1] "Fitting mean A"
[1] "Fitting variance A"
[1] "DR"
[1] 0.8416305
[1] 0.01808775
[1] 0.8333333

  0   1 
 37 185 
[1] 223
[1] 0.8270445
[1] 0.8133578
[1] "AdaLSE"
[1] 0.8563957
[1] 0.02021419
[1] 0.7264574

  0   1 
 61 162 
[1] "Fitting mean A"
[1] "Fitting variance A"
[1] "DR"
[1] 0.8481047
[1] 0.01950447
[1] 0.8340807

  0   1 
 37 186 
[1] 224
[1] 0.8270445
[1] 0.8133578
[1] "AdaLSE"
[1] 0.8012167
[1] 0.01909409
[1] 0.7276786

  0   1 
 61 163 
[1] "Fitting mean A"
[1] "Fitting variance A"
[1] "DR"
[1] 0.7966745
[1] 0.018715
[1] 0.8348214

  0   1 
 37 187 
[1] 225
[1] 0.8270445
[1] 0.8133578
[1] "AdaLSE"
[1] 0.8317478
[1] 0.01815733
[1] 0.7288889

  0   1 
 61 164 
[1] "Fitting mean A"
[1] "Fitting variance A"
[1] "DR"
[1] 0.8202231
[1] 0.01757443
[1] 0.8355556

  0   1 
 37 188 
[1] 226
[1] 0.8270445
[1] 0.8133578
[1] "AdaLSE"
[1] 0.861223
[1] 0.01914237
[1] 0.7256637

  0   1 
 62 164 
[1] "Fitting mean A"
[1] "Fitting variance A"
[1] "DR"
[1] 0.845786
[1] 0.01864227
[1] 0.8362832

  0   1 
 37 189 
[1] 227
[1] 0.8270445
[1] 0.8133578
[1] "AdaLSE"
[1] 0.8551198
[1] 0.01947148
[1] 0.722467

  0   1 
 63 164 
[1] "Fitting mean A"
[1] "Fitting variance A"
[1] "DR"
[1] 0.8357976
[1] 0.01933554
[1] 0.8370044

  0   1 
 37 190 
[1] 228
[1] 0.8270445
[1] 0.8133578
[1] "AdaLSE"
[1] 0.835956
[1] 0.02054133
[1] 0.7236842

  0   1 
 63 165 
[1] "Fitting mean A"
[1] "Fitting variance A"
[1] "DR"
[1] 0.8211384
[1] 0.0200461
[1] 0.8377193

  0   1 
 37 191 
[1] 229
[1] 0.8270445
[1] 0.8133578
[1] "AdaLSE"
[1] 0.8143066
[1] 0.01982847
[1] 0.7248908

  0   1 
 63 166 
[1] "Fitting mean A"
[1] "Fitting variance A"
[1] "DR"
[1] 0.7985099
[1] 0.01960531
[1] 0.8384279

  0   1 
 37 192 
[1] 230
[1] 0.8270445
[1] 0.8133578
[1] "AdaLSE"
[1] 0.8348014
[1] 0.01942332
[1] 0.726087

  0   1 
 63 167 
[1] "Fitting mean A"
[1] "Fitting variance A"
[1] "DR"
[1] 0.8202448
[1] 0.01868661
[1] 0.8391304

  0   1 
 37 193 
[1] 231
[1] 0.8270445
[1] 0.8133578
[1] "AdaLSE"
[1] 0.8101349
[1] 0.01943649
[1] 0.7272727

  0   1 
 63 168 
[1] "Fitting mean A"
[1] "Fitting variance A"
[1] "DR"
[1] 0.8016531
[1] 0.01876232
[1] 0.8398268

  0   1 
 37 194 
[1] 232
[1] 0.8270445
[1] 0.8133578
[1] "AdaLSE"
[1] 0.8267205
[1] 0.01994721
[1] 0.7284483

  0   1 
 63 169 
[1] "Fitting mean A"
[1] "Fitting variance A"
[1] "DR"
[1] 0.8171638
[1] 0.01932625
[1] 0.8405172

  0   1 
 37 195 
[1] 233
[1] 0.8270445
[1] 0.8133578
[1] "AdaLSE"
[1] 0.868853
[1] 0.01946532
[1] 0.7253219

  0   1 
 64 169 
[1] "Fitting mean A"
[1] "Fitting variance A"
[1] "DR"
[1] 0.8594862
[1] 0.01930222
[1] 0.8369099

  0   1 
 38 195 
[1] 234
[1] 0.8270445
[1] 0.8133578
[1] "AdaLSE"
[1] 0.8240911
[1] 0.02028463
[1] 0.7264957

  0   1 
 64 170 
[1] "Fitting mean A"
[1] "Fitting variance A"
[1] "DR"
[1] 0.8209455
[1] 0.01909326
[1] 0.8376068

  0   1 
 38 196 
[1] 235
[1] 0.8270445
[1] 0.8133578
[1] "AdaLSE"
[1] 0.8529247
[1] 0.02049171
[1] 0.7276596

  0   1 
 64 171 
[1] "Fitting mean A"
[1] "Fitting variance A"
[1] "DR"
[1] 0.8456291
[1] 0.01976025
[1] 0.8382979

  0   1 
 38 197 
[1] 236
[1] 0.8270445
[1] 0.8133578
[1] "AdaLSE"
[1] 0.9088875
[1] 0.02033135
[1] 0.7245763

  0   1 
 65 171 
[1] "Fitting mean A"
[1] "Fitting variance A"
[1] "DR"
[1] 0.8977803
[1] 0.0198511
[1] 0.8347458

  0   1 
 39 197 
[1] 237
[1] 0.8270445
[1] 0.8133578
[1] "AdaLSE"
[1] 0.8593627
[1] 0.01984305
[1] 0.721519

  0   1 
 66 171 
[1] "Fitting mean A"
[1] "Fitting variance A"
[1] "DR"
[1] 0.8482227
[1] 0.01944432
[1] 0.835443

  0   1 
 39 198 
[1] 238
[1] 0.8270445
[1] 0.8133578
[1] "AdaLSE"
[1] 0.8653056
[1] 0.02071637
[1] 0.7184874

  0   1 
 67 171 
[1] "Fitting mean A"
[1] "Fitting variance A"
[1] "DR"
[1] 0.8518963
[1] 0.0196818
[1] 0.8361345

  0   1 
 39 199 
[1] 239
[1] 0.8270445
[1] 0.8133578
[1] "AdaLSE"
[1] 0.8421684
[1] 0.0194416
[1] 0.7196653

  0   1 
 67 172 
[1] "Fitting mean A"
[1] "Fitting variance A"
[1] "DR"
[1] 0.8339098
[1] 0.01855896
[1] 0.8368201

  0   1 
 39 200 
[1] 240
[1] 0.8270445
[1] 0.8133578
[1] "AdaLSE"
[1] 0.8445202
[1] 0.01956075
[1] 0.7208333

  0   1 
 67 173 
[1] "Fitting mean A"
[1] "Fitting variance A"
[1] "DR"
[1] 0.8362361
[1] 0.01887557
[1] 0.8375

  0   1 
 39 201 
[1] 241
[1] 0.8270445
[1] 0.8133578
[1] "AdaLSE"
[1] 0.8440993
[1] 0.02026151
[1] 0.7219917

  0   1 
 67 174 
[1] "Fitting mean A"
[1] "Fitting variance A"
[1] "DR"
[1] 0.8288385
[1] 0.02014362
[1] 0.8381743

  0   1 
 39 202 
[1] 242
[1] 0.8270445
[1] 0.8133578
[1] "AdaLSE"
[1] 0.8278455
[1] 0.0207843
[1] 0.7231405

  0   1 
 67 175 
[1] "Fitting mean A"
[1] "Fitting variance A"
[1] "DR"
[1] 0.810709
[1] 0.02009756
[1] 0.838843

  0   1 
 39 203 
[1] 243
[1] 0.8270445
[1] 0.8133578
[1] "AdaLSE"
[1] 0.8357555
[1] 0.02051263
[1] 0.7242798

  0   1 
 67 176 
[1] "Fitting mean A"
[1] "Fitting variance A"
[1] "DR"
[1] 0.8269092
[1] 0.01948335
[1] 0.8395062

  0   1 
 39 204 
[1] 244
[1] 0.8270445
[1] 0.8133578
[1] "AdaLSE"
[1] 0.8846711
[1] 0.01856163
[1] 0.7213115

  0   1 
 68 176 
[1] "Fitting mean A"
[1] "Fitting variance A"
[1] "DR"
[1] 0.8753983
[1] 0.01819478
[1] 0.8360656

  0   1 
 40 204 
[1] 245
[1] 0.8270445
[1] 0.8133578
[1] "AdaLSE"
[1] 0.8415051
[1] 0.02037889
[1] 0.722449

  0   1 
 68 177 
[1] "Fitting mean A"
[1] "Fitting variance A"
[1] "DR"
[1] 0.8376641
[1] 0.01984489
[1] 0.8367347

  0   1 
 40 205 
[1] 246
[1] 0.8270445
[1] 0.8133578
[1] "AdaLSE"
[1] 0.8089821
[1] 0.02049544
[1] 0.7235772

  0   1 
 68 178 
[1] "Fitting mean A"
[1] "Fitting variance A"
[1] "DR"
[1] 0.8014152
[1] 0.01977785
[1] 0.8373984

  0   1 
 40 206 
[1] 247
[1] 0.8270445
[1] 0.8133578
[1] "AdaLSE"
[1] 0.8490163
[1] 0.01926376
[1] 0.7246964

  0   1 
 68 179 
[1] "Fitting mean A"
[1] "Fitting variance A"
[1] "DR"
[1] 0.8410491
[1] 0.01823444
[1] 0.8380567

  0   1 
 40 207 
[1] 248
[1] 0.8270445
[1] 0.8133578
[1] "AdaLSE"
[1] 0.8412566
[1] 0.02016521
[1] 0.7258065

  0   1 
 68 180 
[1] "Fitting mean A"
[1] "Fitting variance A"
[1] "DR"
[1] 0.8286516
[1] 0.01953165
[1] 0.8387097

  0   1 
 40 208 
[1] 249
[1] 0.8270445
[1] 0.8133578
[1] "AdaLSE"
[1] 0.8584588
[1] 0.01918259
[1] 0.7228916

  0   1 
 69 180 
[1] "Fitting mean A"
[1] "Fitting variance A"
[1] "DR"
[1] 0.8404998
[1] 0.0190717
[1] 0.8393574

  0   1 
 40 209 
[1] 250
[1] 0.8270445
[1] 0.8133578
[1] "AdaLSE"
[1] 0.8080866
[1] 0.01871405
[1] 0.724

  0   1 
 69 181 
[1] "Fitting mean A"
[1] "Fitting variance A"
[1] "DR"
[1] 0.796013
[1] 0.01827877
[1] 0.84

  0   1 
 40 210 
[1] 251
[1] 0.8270445
[1] 0.8133578
[1] "AdaLSE"
[1] 0.8182947
[1] 0.02008893
[1] 0.7250996

  0   1 
 69 182 
[1] "Fitting mean A"
[1] "Fitting variance A"
[1] "DR"
[1] 0.8019416
[1] 0.0197624
[1] 0.8406375

  0   1 
 40 211 
[1] 252
[1] 0.8270445
[1] 0.8133578
[1] "AdaLSE"
[1] 0.859883
[1] 0.02000951
[1] 0.7222222

  0   1 
 70 182 
[1] "Fitting mean A"
[1] "Fitting variance A"
[1] "DR"
[1] 0.845724
[1] 0.01966653
[1] 0.8412698

  0   1 
 40 212 
[1] 253
[1] 0.8270445
[1] 0.8133578
[1] "AdaLSE"
[1] 0.8658735
[1] 0.0200764
[1] 0.7193676

  0   1 
 71 182 
[1] "Fitting mean A"
[1] "Fitting variance A"
[1] "DR"
[1] 0.8588392
[1] 0.01933295
[1] 0.8379447

  0   1 
 41 212 
[1] 254
[1] 0.8270445
[1] 0.8133578
[1] "AdaLSE"
[1] 0.8266053
[1] 0.02013721
[1] 0.7204724

  0   1 
 71 183 
[1] "Fitting mean A"
[1] "Fitting variance A"
[1] "DR"
[1] 0.8203699
[1] 0.01965717
[1] 0.8385827

  0   1 
 41 213 
[1] 255
[1] 0.8270445
[1] 0.8133578
[1] "AdaLSE"
[1] 0.8601561
[1] 0.0191383
[1] 0.7176471

  0   1 
 72 183 
[1] "Fitting mean A"
[1] "Fitting variance A"
[1] "DR"
[1] 0.8494834
[1] 0.01855939
[1] 0.8392157

  0   1 
 41 214 
[1] 256
[1] 0.8270445
[1] 0.8133578
[1] "AdaLSE"
[1] 0.829173
[1] 0.01917986
[1] 0.71875

  0   1 
 72 184 
[1] "Fitting mean A"
[1] "Fitting variance A"
[1] "DR"
[1] 0.819986
[1] 0.01826761
[1] 0.8398438

  0   1 
 41 215 
[1] 257
[1] 0.8270445
[1] 0.8133578
[1] "AdaLSE"
[1] 0.8444073
[1] 0.01981775
[1] 0.7198444

  0   1 
 72 185 
[1] "Fitting mean A"
[1] "Fitting variance A"
[1] "DR"
[1] 0.8350194
[1] 0.01893341
[1] 0.8404669

  0   1 
 41 216 
[1] 258
[1] 0.8270445
[1] 0.8133578
[1] "AdaLSE"
[1] 0.8688339
[1] 0.01925561
[1] 0.7170543

  0   1 
 73 185 
[1] "Fitting mean A"
[1] "Fitting variance A"
[1] "DR"
[1] 0.8629057
[1] 0.01845383
[1] 0.8372093

  0   1 
 42 216 
[1] 259
[1] 0.8270445
[1] 0.8133578
[1] "AdaLSE"
[1] 0.8615216
[1] 0.02052543
[1] 0.7142857

  0   1 
 74 185 
[1] "Fitting mean A"
[1] "Fitting variance A"
[1] "DR"
[1] 0.8466951
[1] 0.01957495
[1] 0.8378378

  0   1 
 42 217 
[1] 260
[1] 0.8270445
[1] 0.8133578
[1] "AdaLSE"
[1] 0.8488108
[1] 0.01900862
[1] 0.7153846

  0   1 
 74 186 
[1] "Fitting mean A"
[1] "Fitting variance A"
[1] "DR"
[1] 0.8452325
[1] 0.01818417
[1] 0.8384615

  0   1 
 42 218 
[1] 261
[1] 0.8270445
[1] 0.8133578
[1] "AdaLSE"
[1] 0.8679143
[1] 0.01989446
[1] 0.7126437

  0   1 
 75 186 
[1] "Fitting mean A"
[1] "Fitting variance A"
[1] "DR"
[1] 0.8484701
[1] 0.01921499
[1] 0.8390805

  0   1 
 42 219 
[1] 262
[1] 0.8270445
[1] 0.8133578
[1] "AdaLSE"
[1] 0.8378157
[1] 0.01958471
[1] 0.7137405

  0   1 
 75 187 
[1] "Fitting mean A"
[1] "Fitting variance A"
[1] "DR"
[1] 0.8381706
[1] 0.0186629
[1] 0.8396947

  0   1 
 42 220 
[1] 263
[1] 0.8270445
[1] 0.8133578
[1] "AdaLSE"
[1] 0.8191081
[1] 0.01958402
[1] 0.7148289

  0   1 
 75 188 
[1] "Fitting mean A"
[1] "Fitting variance A"
[1] "DR"
[1] 0.8065597
[1] 0.01906505
[1] 0.8403042

  0   1 
 42 221 
[1] 264
[1] 0.8270445
[1] 0.8133578
[1] "AdaLSE"
[1] 0.8536495
[1] 0.01951411
[1] 0.7121212

  0   1 
 76 188 
[1] "Fitting mean A"
[1] "Fitting variance A"
[1] "DR"
[1] 0.8483055
[1] 0.01921057
[1] 0.8409091

  0   1 
 42 222 
[1] 265
[1] 0.8270445
[1] 0.8133578
[1] "AdaLSE"
[1] 0.8165703
[1] 0.01891969
[1] 0.7132075

  0   1 
 76 189 
[1] "Fitting mean A"
[1] "Fitting variance A"
[1] "DR"
[1] 0.8068947
[1] 0.01835865
[1] 0.8415094

  0   1 
 42 223 
[1] 266
[1] 0.8270445
[1] 0.8133578
[1] "AdaLSE"
[1] 0.8518971
[1] 0.01863188
[1] 0.7105263

  0   1 
 77 189 
[1] "Fitting mean A"
[1] "Fitting variance A"
[1] "DR"
[1] 0.8384164
[1] 0.01825539
[1] 0.8421053

  0   1 
 42 224 
[1] 267
[1] 0.8270445
[1] 0.8133578
[1] "AdaLSE"
[1] 0.8634807
[1] 0.01940944
[1] 0.7078652

  0   1 
 78 189 
[1] "Fitting mean A"
[1] "Fitting variance A"
[1] "DR"
[1] 0.8597161
[1] 0.01900335
[1] 0.8389513

  0   1 
 43 224 
[1] 268
[1] 0.8270445
[1] 0.8133578
[1] "AdaLSE"
[1] 0.8351373
[1] 0.01983558
[1] 0.7089552

  0   1 
 78 190 
[1] "Fitting mean A"
[1] "Fitting variance A"
[1] "DR"
[1] 0.8308541
[1] 0.01931295
[1] 0.8395522

  0   1 
 43 225 
[1] 269
[1] 0.8270445
[1] 0.8133578
[1] "AdaLSE"
[1] 0.8297084
[1] 0.01953059
[1] 0.7100372

  0   1 
 78 191 
[1] "Fitting mean A"
[1] "Fitting variance A"
[1] "DR"
[1] 0.8241906
[1] 0.0187279
[1] 0.8401487

  0   1 
 43 226 
[1] 270
[1] 0.8270445
[1] 0.8133578
[1] "AdaLSE"
[1] 0.8503471
[1] 0.02043529
[1] 0.7111111

  0   1 
 78 192 
[1] "Fitting mean A"
[1] "Fitting variance A"
[1] "DR"
[1] 0.8403966
[1] 0.0195112
[1] 0.8407407

  0   1 
 43 227 
[1] 271
[1] 0.8270445
[1] 0.8133578
[1] "AdaLSE"
[1] 0.8083442
[1] 0.01971423
[1] 0.7121771

  0   1 
 78 193 
[1] "Fitting mean A"
[1] "Fitting variance A"
[1] "DR"
[1] 0.7979501
[1] 0.01867914
[1] 0.8413284

  0   1 
 43 228 
[1] 272
[1] 0.8270445
[1] 0.8133578
[1] "AdaLSE"
[1] 0.8525797
[1] 0.01985328
[1] 0.7095588

  0   1 
 79 193 
[1] "Fitting mean A"
[1] "Fitting variance A"
[1] "DR"
[1] 0.8417248
[1] 0.01915914
[1] 0.8419118

  0   1 
 43 229 
[1] 273
[1] 0.8270445
[1] 0.8133578
[1] "AdaLSE"
[1] 0.8186341
[1] 0.02022679
[1] 0.7106227

  0   1 
 79 194 
[1] "Fitting mean A"
[1] "Fitting variance A"
[1] "DR"
[1] 0.8049174
[1] 0.01959762
[1] 0.8424908

  0   1 
 43 230 
[1] 274
[1] 0.8270445
[1] 0.8133578
[1] "AdaLSE"
[1] 0.8344351
[1] 0.02050717
[1] 0.7116788

  0   1 
 79 195 
[1] "Fitting mean A"
[1] "Fitting variance A"
[1] "DR"
[1] 0.8294779
[1] 0.01980707
[1] 0.8430657

  0   1 
 43 231 
[1] 275
[1] 0.8270445
[1] 0.8133578
[1] "AdaLSE"
[1] 0.824249
[1] 0.01981956
[1] 0.7127273

  0   1 
 79 196 
[1] "Fitting mean A"
[1] "Fitting variance A"
[1] "DR"
[1] 0.8194925
[1] 0.01872432
[1] 0.8436364

  0   1 
 43 232 
[1] 276
[1] 0.8270445
[1] 0.8133578
[1] "AdaLSE"
[1] 0.8470988
[1] 0.01888529
[1] 0.7137681

  0   1 
 79 197 
[1] "Fitting mean A"
[1] "Fitting variance A"
[1] "DR"
[1] 0.8375803
[1] 0.0181716
[1] 0.8442029

  0   1 
 43 233 
[1] 277
[1] 0.8270445
[1] 0.8133578
[1] "AdaLSE"
[1] 0.8360348
[1] 0.01916899
[1] 0.7148014

  0   1 
 79 198 
[1] "Fitting mean A"
[1] "Fitting variance A"
[1] "DR"
[1] 0.8235066
[1] 0.01861102
[1] 0.8447653

  0   1 
 43 234 
[1] 278
[1] 0.8270445
[1] 0.8133578
[1] "AdaLSE"
[1] 0.8529711
[1] 0.01929926
[1] 0.7122302

  0   1 
 80 198 
[1] "Fitting mean A"
[1] "Fitting variance A"
[1] "DR"
[1] 0.8431046
[1] 0.01859904
[1] 0.8453237

  0   1 
 43 235 
[1] 279
[1] 0.8270445
[1] 0.8133578
[1] "AdaLSE"
[1] 0.7973017
[1] 0.01943021
[1] 0.7132616

  0   1 
 80 199 
[1] "Fitting mean A"
[1] "Fitting variance A"
[1] "DR"
[1] 0.7869641
[1] 0.01885984
[1] 0.8458781

  0   1 
 43 236 
[1] 280
[1] 0.8270445
[1] 0.8133578
[1] "AdaLSE"
[1] 0.8300132
[1] 0.02039922
[1] 0.7142857

  0   1 
 80 200 
[1] "Fitting mean A"
[1] "Fitting variance A"
[1] "DR"
[1] 0.8218218
[1] 0.01970141
[1] 0.8464286

  0   1 
 43 237 
[1] 281
[1] 0.8270445
[1] 0.8133578
[1] "AdaLSE"
[1] 0.8331024
[1] 0.01960738
[1] 0.7153025

  0   1 
 80 201 
[1] "Fitting mean A"
[1] "Fitting variance A"
[1] "DR"
[1] 0.8190953
[1] 0.01904881
[1] 0.8469751

  0   1 
 43 238 
[1] 282
[1] 0.8270445
[1] 0.8133578
[1] "AdaLSE"
[1] 0.8237709
[1] 0.01919888
[1] 0.7163121

  0   1 
 80 202 
[1] "Fitting mean A"
[1] "Fitting variance A"
[1] "DR"
[1] 0.8207648
[1] 0.01854512
[1] 0.8475177

  0   1 
 43 239 
[1] 283
[1] 0.8270445
[1] 0.8133578
[1] "AdaLSE"
[1] 0.8018937
[1] 0.01891603
[1] 0.7173145

  0   1 
 80 203 
[1] "Fitting mean A"
[1] "Fitting variance A"
[1] "DR"
[1] 0.793601
[1] 0.01835164
[1] 0.8480565

  0   1 
 43 240 
[1] 284
[1] 0.8270445
[1] 0.8133578
[1] "AdaLSE"
[1] 0.8148325
[1] 0.01959254
[1] 0.7183099

  0   1 
 80 204 
[1] "Fitting mean A"
[1] "Fitting variance A"
[1] "DR"
[1] 0.8104039
[1] 0.01934963
[1] 0.8485915

  0   1 
 43 241 
[1] 285
[1] 0.8270445
[1] 0.8133578
[1] "AdaLSE"
[1] 0.8652026
[1] 0.01956135
[1] 0.7157895

  0   1 
 81 204 
[1] "Fitting mean A"
[1] "Fitting variance A"
[1] "DR"
[1] 0.8584689
[1] 0.01948644
[1] 0.845614

  0   1 
 44 241 
[1] 286
[1] 0.8270445
[1] 0.8133578
[1] "AdaLSE"
[1] 0.8397745
[1] 0.01871973
[1] 0.7167832

  0   1 
 81 205 
[1] "Fitting mean A"
[1] "Fitting variance A"
[1] "DR"
[1] 0.8332207
[1] 0.01767425
[1] 0.8461538

  0   1 
 44 242 
[1] 287
[1] 0.8270445
[1] 0.8133578
[1] "AdaLSE"
[1] 0.8637353
[1] 0.02019992
[1] 0.7142857

  0   1 
 82 205 
[1] "Fitting mean A"
[1] "Fitting variance A"
[1] "DR"
[1] 0.8419759
[1] 0.01965865
[1] 0.8466899

  0   1 
 44 243 
[1] 288
[1] 0.8270445
[1] 0.8133578
[1] "AdaLSE"
[1] 0.8389915
[1] 0.01878735
[1] 0.7152778

  0   1 
 82 206 
[1] "Fitting mean A"
[1] "Fitting variance A"
[1] "DR"
[1] 0.8210163
[1] 0.01850492
[1] 0.8472222

  0   1 
 44 244 
[1] 289
[1] 0.8270445
[1] 0.8133578
[1] "AdaLSE"
[1] 0.8876355
[1] 0.01934726
[1] 0.7128028

  0   1 
 83 206 
[1] "Fitting mean A"
[1] "Fitting variance A"
[1] "DR"
[1] 0.8754197
[1] 0.02002275
[1] 0.8442907

  0   1 
 45 244 
[1] 290
[1] 0.8270445
[1] 0.8133578
[1] "AdaLSE"
[1] 0.8384909
[1] 0.01963488
[1] 0.7137931

  0   1 
 83 207 
[1] "Fitting mean A"
