LOADING R
R LOADED
[1] "/home/lvanderl/Rlibs2"                         
[2] "/app/software/R/4.2.2-foss-2021b/lib/R/library"
[1] "/home/lvanderl/sieveSims"
[1] 1
[1] 0.2494729
[1] 0.2669234
[1] "AdaLSE"
[1] 0.2644282
[1] 0.03378832
[1] 1

1 
1 
[1] "Fitting mean A"
[1] "Fitting variance A"
[1] "DR"
[1] 0.2559792
[1] 0.03256703
[1] 1

1 
1 
[1] 2
[1] 0.2494729
[1] 0.2669234
[1] "AdaLSE"
[1] 0.2995276
[1] 0.03143051
[1] 1

1 
2 
[1] "Fitting mean A"
[1] "Fitting variance A"
[1] "DR"
[1] 0.2799114
[1] 0.03422883
[1] 1

1 
2 
[1] 3
[1] 0.2494729
[1] 0.2669234
[1] "AdaLSE"
[1] 0.2568003
[1] 0.03068459
[1] 1

1 
3 
[1] "Fitting mean A"
[1] "Fitting variance A"
[1] "DR"
[1] 0.2685069
[1] 0.02925627
[1] 1

1 
3 
[1] 4
[1] 0.2494729
[1] 0.2669234
[1] "AdaLSE"
[1] 0.3054661
[1] 0.03273103
[1] 1

1 
4 
[1] "Fitting mean A"
[1] "Fitting variance A"
[1] "DR"
[1] 0.3197596
[1] 0.04011327
[1] 1

1 
4 
[1] 5
[1] 0.2494729
[1] 0.2669234
[1] "AdaLSE"
[1] 0.2715868
[1] 0.03168583
[1] 1

1 
5 
[1] "Fitting mean A"
[1] "Fitting variance A"
[1] "DR"
[1] 0.2843509
[1] 0.03469746
[1] 1

1 
5 
[1] 6
[1] 0.2494729
[1] 0.2669234
[1] "AdaLSE"
[1] 0.3489036
[1] 0.03058887
[1] 0.8333333

0 1 
1 5 
[1] "Fitting mean A"
[1] "Fitting variance A"
[1] "DR"
[1] 0.3604105
[1] 0.03603296
[1] 0.8333333

0 1 
1 5 
[1] 7
[1] 0.2494729
[1] 0.2669234
[1] "AdaLSE"
[1] 0.280051
[1] 0.03104446
[1] 0.8571429

0 1 
1 6 
[1] "Fitting mean A"
[1] "Fitting variance A"
[1] "DR"
[1] 0.2772499
[1] 0.03564977
[1] 0.8571429

0 1 
1 6 
[1] 8
[1] 0.2494729
[1] 0.2669234
[1] "AdaLSE"
[1] 0.2447833
[1] 0.032524
[1] 0.875

0 1 
1 7 
[1] "Fitting mean A"
[1] "Fitting variance A"
[1] "DR"
[1] 0.2627545
[1] 0.03602312
[1] 0.875

0 1 
1 7 
[1] 9
[1] 0.2494729
[1] 0.2669234
[1] "AdaLSE"
[1] 0.205122
[1] 0.03099534
[1] 0.7777778

0 1 
2 7 
[1] "Fitting mean A"
[1] "Fitting variance A"
[1] "DR"
[1] 0.2159752
[1] 0.03674627
[1] 0.8888889

0 1 
1 8 
[1] 10
[1] 0.2494729
[1] 0.2669234
[1] "AdaLSE"
[1] 0.2536915
[1] 0.03154683
[1] 0.8

0 1 
2 8 
[1] "Fitting mean A"
[1] "Fitting variance A"
[1] "DR"
[1] 0.2611178
[1] 0.03695375
[1] 0.9

0 1 
1 9 
[1] 11
[1] 0.2494729
[1] 0.2669234
[1] "AdaLSE"
[1] 0.248543
[1] 0.03221081
[1] 0.8181818

0 1 
2 9 
[1] "Fitting mean A"
[1] "Fitting variance A"
[1] "DR"
[1] 0.2526436
[1] 0.03525935
[1] 0.9090909

 0  1 
 1 10 
[1] 12
[1] 0.2494729
[1] 0.2669234
[1] "AdaLSE"
[1] 0.2200292
[1] 0.03103516
[1] 0.8333333

 0  1 
 2 10 
[1] "Fitting mean A"
[1] "Fitting variance A"
[1] "DR"
[1] 0.2573663
[1] 0.1117218
[1] 0.9166667

 0  1 
 1 11 
[1] 13
[1] 0.2494729
[1] 0.2669234
[1] "AdaLSE"
[1] 0.2362374
[1] 0.0311374
[1] 0.8461538

 0  1 
 2 11 
[1] "Fitting mean A"
[1] "Fitting variance A"
[1] "DR"
[1] 0.212995
[1] 0.03438955
[1] 0.9230769

 0  1 
 1 12 
[1] 14
[1] 0.2494729
[1] 0.2669234
[1] "AdaLSE"
[1] 0.2755157
[1] 0.03137323
[1] 0.8571429

 0  1 
 2 12 
[1] "Fitting mean A"
[1] "Fitting variance A"
[1] "DR"
[1] 0.2821786
[1] 0.03363317
[1] 0.9285714

 0  1 
 1 13 
[1] 15
[1] 0.2494729
[1] 0.2669234
[1] "AdaLSE"
[1] 0.2879786
[1] 0.03066506
[1] 0.8666667

 0  1 
 2 13 
[1] "Fitting mean A"
[1] "Fitting variance A"
[1] "DR"
[1] 0.291526
[1] 0.03045571
[1] 0.9333333

 0  1 
 1 14 
[1] 16
[1] 0.2494729
[1] 0.2669234
[1] "AdaLSE"
[1] 0.2215973
[1] 0.03192269
[1] 0.875

 0  1 
 2 14 
[1] "Fitting mean A"
[1] "Fitting variance A"
[1] "DR"
[1] -0.8888388
[1] 0.6256493
[1] 0.9375

 0  1 
 1 15 
[1] 17
[1] 0.2494729
[1] 0.2669234
[1] "AdaLSE"
[1] 0.2965369
[1] 0.0320296
[1] 0.8823529

 0  1 
 2 15 
[1] "Fitting mean A"
[1] "Fitting variance A"
[1] "DR"
[1] 0.2696963
[1] 0.1047661
[1] 0.9411765

 0  1 
 1 16 
[1] 18
[1] 0.2494729
[1] 0.2669234
[1] "AdaLSE"
[1] 0.2537505
[1] 0.03284674
[1] 0.8888889

 0  1 
 2 16 
[1] "Fitting mean A"
[1] "Fitting variance A"
[1] "DR"
[1] 0.2557207
[1] 0.03309333
[1] 0.9444444

 0  1 
 1 17 
[1] 19
[1] 0.2494729
[1] 0.2669234
[1] "AdaLSE"
[1] 0.2619121
[1] 0.03268159
[1] 0.8947368

 0  1 
 2 17 
[1] "Fitting mean A"
[1] "Fitting variance A"
[1] "DR"
[1] 0.268929
[1] 0.03495037
[1] 0.9473684

 0  1 
 1 18 
[1] 20
[1] 0.2494729
[1] 0.2669234
[1] "AdaLSE"
[1] 0.2368631
[1] 0.03333324
[1] 0.9

 0  1 
 2 18 
[1] "Fitting mean A"
[1] "Fitting variance A"
[1] "DR"
[1] 0.3750822
[1] 0.0695218
[1] 0.95

 0  1 
 1 19 
[1] 21
[1] 0.2494729
[1] 0.2669234
[1] "AdaLSE"
[1] 0.3011351
[1] 0.03027036
[1] 0.9047619

 0  1 
 2 19 
[1] "Fitting mean A"
[1] "Fitting variance A"
[1] "DR"
[1] 0.6079727
[1] 0.3242925
[1] 0.952381

 0  1 
 1 20 
[1] 22
[1] 0.2494729
[1] 0.2669234
[1] "AdaLSE"
[1] 0.2433168
[1] 0.03141539
[1] 0.9090909

 0  1 
 2 20 
[1] "Fitting mean A"
[1] "Fitting variance A"
[1] "DR"
[1] 0.3112327
[1] 0.05688137
[1] 0.9545455

 0  1 
 1 21 
[1] 23
[1] 0.2494729
[1] 0.2669234
[1] "AdaLSE"
[1] 0.2138724
[1] 0.03204968
[1] 0.9130435

 0  1 
 2 21 
[1] "Fitting mean A"
[1] "Fitting variance A"
[1] "DR"
[1] 0.2123797
[1] 0.03299041
[1] 0.9565217

 0  1 
 1 22 
[1] 24
[1] 0.2494729
[1] 0.2669234
[1] "AdaLSE"
[1] 0.251883
[1] 0.03268252
[1] 0.9166667

 0  1 
 2 22 
[1] "Fitting mean A"
[1] "Fitting variance A"
[1] "DR"
[1] 0.1678532
[1] 0.2257826
[1] 0.9583333

 0  1 
 1 23 
[1] 25
[1] 0.2494729
[1] 0.2669234
[1] "AdaLSE"
[1] 0.2842244
[1] 0.03394533
[1] 0.92

 0  1 
 2 23 
[1] "Fitting mean A"
[1] "Fitting variance A"
[1] "DR"
[1] 0.3157495
[1] 0.05148955
[1] 0.96

 0  1 
 1 24 
[1] 26
[1] 0.2494729
[1] 0.2669234
[1] "AdaLSE"
[1] 0.2190501
[1] 0.03110127
[1] 0.9230769

 0  1 
 2 24 
[1] "Fitting mean A"
[1] "Fitting variance A"
[1] "DR"
[1] 0.2189929
[1] 0.03736836
[1] 0.9615385

 0  1 
 1 25 
[1] 27
[1] 0.2494729
[1] 0.2669234
[1] "AdaLSE"
[1] 0.2871218
[1] 0.03243025
[1] 0.9259259

 0  1 
 2 25 
[1] "Fitting mean A"
[1] "Fitting variance A"
[1] "DR"
[1] 0.2926797
[1] 0.03031423
[1] 0.962963

 0  1 
 1 26 
[1] 28
[1] 0.2494729
[1] 0.2669234
[1] "AdaLSE"
[1] 0.2475903
[1] 0.03381802
[1] 0.9285714

 0  1 
 2 26 
[1] "Fitting mean A"
[1] "Fitting variance A"
[1] "DR"
[1] 0.2605721
[1] 0.03215597
[1] 0.9642857

 0  1 
 1 27 
[1] 29
[1] 0.2494729
[1] 0.2669234
[1] "AdaLSE"
[1] 0.2539012
[1] 0.03087631
[1] 0.9310345

 0  1 
 2 27 
[1] "Fitting mean A"
[1] "Fitting variance A"
[1] "DR"
[1] 0.2514001
[1] 0.03241513
[1] 0.9655172

 0  1 
 1 28 
[1] 30
[1] 0.2494729
[1] 0.2669234
[1] "AdaLSE"
[1] 0.3131851
[1] 0.03165812
[1] 0.9333333

 0  1 
 2 28 
[1] "Fitting mean A"
[1] "Fitting variance A"
[1] "DR"
[1] 0.302393
[1] 0.03155618
[1] 0.9666667

 0  1 
 1 29 
[1] 31
[1] 0.2494729
[1] 0.2669234
[1] "AdaLSE"
[1] 0.2846349
[1] 0.0303973
[1] 0.9354839

 0  1 
 2 29 
[1] "Fitting mean A"
[1] "Fitting variance A"
[1] "DR"
[1] 0.2872173
[1] 0.03033984
[1] 0.9677419

 0  1 
 1 30 
[1] 32
[1] 0.2494729
[1] 0.2669234
[1] "AdaLSE"
[1] 0.2580725
[1] 0.03330736
[1] 0.9375

 0  1 
 2 30 
[1] "Fitting mean A"
[1] "Fitting variance A"
[1] "DR"
[1] 0.2683727
[1] 0.03371845
[1] 0.96875

 0  1 
 1 31 
[1] 33
[1] 0.2494729
[1] 0.2669234
[1] "AdaLSE"
[1] 0.2236987
[1] 0.03248197
[1] 0.9393939

 0  1 
 2 31 
[1] "Fitting mean A"
[1] "Fitting variance A"
[1] "DR"
[1] 0.2208975
[1] 0.03218425
[1] 0.969697

 0  1 
 1 32 
[1] 34
[1] 0.2494729
[1] 0.2669234
[1] "AdaLSE"
[1] 0.2421858
[1] 0.03029135
[1] 0.9411765

 0  1 
 2 32 
[1] "Fitting mean A"
[1] "Fitting variance A"
[1] "DR"
[1] 0.2516663
[1] 0.02959104
[1] 0.9705882

 0  1 
 1 33 
[1] 35
[1] 0.2494729
[1] 0.2669234
[1] "AdaLSE"
[1] 0.207167
[1] 0.03197563
[1] 0.9428571

 0  1 
 2 33 
[1] "Fitting mean A"
[1] "Fitting variance A"
[1] "DR"
[1] 0.1904066
[1] 0.03234044
[1] 0.9428571

 0  1 
 2 33 
[1] 36
[1] 0.2494729
[1] 0.2669234
[1] "AdaLSE"
[1] 0.2867845
[1] 0.03086502
[1] 0.9444444

 0  1 
 2 34 
[1] "Fitting mean A"
[1] "Fitting variance A"
[1] "DR"
[1] -0.2919649
[1] 0.4545746
[1] 0.9444444

 0  1 
 2 34 
[1] 37
[1] 0.2494729
[1] 0.2669234
[1] "AdaLSE"
[1] 0.270981
[1] 0.03112608
[1] 0.9459459

 0  1 
 2 35 
[1] "Fitting mean A"
[1] "Fitting variance A"
[1] "DR"
[1] 0.2655209
[1] 0.0313014
[1] 0.9459459

 0  1 
 2 35 
[1] 38
[1] 0.2494729
[1] 0.2669234
[1] "AdaLSE"
[1] 0.206757
[1] 0.0318872
[1] 0.9473684

 0  1 
 2 36 
[1] "Fitting mean A"
[1] "Fitting variance A"
[1] "DR"
[1] 0.1757741
[1] 0.04634984
[1] 0.9210526

 0  1 
 3 35 
[1] 39
[1] 0.2494729
[1] 0.2669234
[1] "AdaLSE"
[1] 0.1848332
[1] 0.03174827
[1] 0.9230769

 0  1 
 3 36 
[1] "Fitting mean A"
[1] "Fitting variance A"
[1] "DR"
[1] 0.1961555
[1] 0.03220482
[1] 0.8974359

 0  1 
 4 35 
[1] 40
[1] 0.2494729
[1] 0.2669234
[1] "AdaLSE"
[1] 0.3012424
[1] 0.03166249
[1] 0.925

 0  1 
 3 37 
[1] "Fitting mean A"
[1] "Fitting variance A"
[1] "DR"
[1] 0.3499726
[1] 0.05686644
[1] 0.9

 0  1 
 4 36 
[1] 41
[1] 0.2494729
[1] 0.2669234
[1] "AdaLSE"
[1] 0.3062968
[1] 0.03258076
[1] 0.9268293

 0  1 
 3 38 
[1] "Fitting mean A"
[1] "Fitting variance A"
[1] "DR"
[1] 0.2977836
[1] 0.03108125
[1] 0.902439

 0  1 
 4 37 
[1] 42
[1] 0.2494729
[1] 0.2669234
[1] "AdaLSE"
[1] 0.3299969
[1] 0.03160677
[1] 0.9047619

 0  1 
 4 38 
[1] "Fitting mean A"
[1] "Fitting variance A"
[1] "DR"
[1] 0.3664538
[1] 0.03540609
[1] 0.8809524

 0  1 
 5 37 
[1] 43
[1] 0.2494729
[1] 0.2669234
[1] "AdaLSE"
[1] 0.2576697
[1] 0.03221884
[1] 0.9069767

 0  1 
 4 39 
[1] "Fitting mean A"
[1] "Fitting variance A"
[1] "DR"
[1] 0.2567855
[1] 0.03204634
[1] 0.8837209

 0  1 
 5 38 
[1] 44
[1] 0.2494729
[1] 0.2669234
[1] "AdaLSE"
[1] 0.1813592
[1] 0.03204847
[1] 0.8863636

 0  1 
 5 39 
[1] "Fitting mean A"
[1] "Fitting variance A"
[1] "DR"
[1] 0.1595984
[1] 0.04602696
[1] 0.8636364

 0  1 
 6 38 
[1] 45
[1] 0.2494729
[1] 0.2669234
[1] "AdaLSE"
[1] 0.2434063
[1] 0.0315752
[1] 0.8888889

 0  1 
 5 40 
[1] "Fitting mean A"
[1] "Fitting variance A"
[1] "DR"
[1] 0.2467746
[1] 0.02959241
[1] 0.8666667

 0  1 
 6 39 
[1] 46
[1] 0.2494729
[1] 0.2669234
[1] "AdaLSE"
[1] 0.3161361
[1] 0.03302775
[1] 0.8913043

 0  1 
 5 41 
[1] "Fitting mean A"
[1] "Fitting variance A"
[1] "DR"
[1] 0.2949403
[1] 0.03497356
[1] 0.8695652

 0  1 
 6 40 
[1] 47
[1] 0.2494729
[1] 0.2669234
[1] "AdaLSE"
[1] 0.2701266
[1] 0.03196385
[1] 0.893617

 0  1 
 5 42 
[1] "Fitting mean A"
[1] "Fitting variance A"
[1] "DR"
[1] 0.2643818
[1] 0.04894228
[1] 0.8723404

 0  1 
 6 41 
[1] 48
[1] 0.2494729
[1] 0.2669234
[1] "AdaLSE"
[1] 0.2698712
[1] 0.03209441
[1] 0.8958333

 0  1 
 5 43 
[1] "Fitting mean A"
[1] "Fitting variance A"
[1] "DR"
[1] 0.2864547
[1] 0.02977132
[1] 0.875

 0  1 
 6 42 
[1] 49
[1] 0.2494729
[1] 0.2669234
[1] "AdaLSE"
[1] 0.2381947
[1] 0.03264873
[1] 0.8979592

 0  1 
 5 44 
[1] "Fitting mean A"
[1] "Fitting variance A"
[1] "DR"
[1] 0.2254538
[1] 0.03644602
[1] 0.877551

 0  1 
 6 43 
[1] 50
[1] 0.2494729
[1] 0.2669234
[1] "AdaLSE"
[1] 0.2220329
[1] 0.02939277
[1] 0.9

 0  1 
 5 45 
[1] "Fitting mean A"
[1] "Fitting variance A"
[1] "DR"
[1] 0.2177137
[1] 0.02708065
[1] 0.88

 0  1 
 6 44 
[1] 51
[1] 0.2494729
[1] 0.2669234
[1] "AdaLSE"
[1] 0.2590487
[1] 0.03214178
[1] 0.9019608

 0  1 
 5 46 
[1] "Fitting mean A"
[1] "Fitting variance A"
[1] "DR"
[1] 0.2530275
[1] 0.03378033
[1] 0.8823529

 0  1 
 6 45 
[1] 52
[1] 0.2494729
[1] 0.2669234
[1] "AdaLSE"
[1] 0.2639837
[1] 0.03201844
[1] 0.9038462

 0  1 
 5 47 
[1] "Fitting mean A"
[1] "Fitting variance A"
[1] "DR"
[1] 0.2709644
[1] 0.03226193
[1] 0.8846154

 0  1 
 6 46 
[1] 53
[1] 0.2494729
[1] 0.2669234
[1] "AdaLSE"
[1] 0.2874463
[1] 0.0322947
[1] 0.9056604

 0  1 
 5 48 
[1] "Fitting mean A"
[1] "Fitting variance A"
[1] "DR"
[1] 0.2522635
[1] 0.04511141
[1] 0.8867925

 0  1 
 6 47 
[1] 54
[1] 0.2494729
[1] 0.2669234
[1] "AdaLSE"
[1] 0.227373
[1] 0.03315113
[1] 0.9074074

 0  1 
 5 49 
[1] "Fitting mean A"
[1] "Fitting variance A"
[1] "DR"
[1] 0.2307313
[1] 0.03436007
[1] 0.8888889

 0  1 
 6 48 
[1] 55
[1] 0.2494729
[1] 0.2669234
[1] "AdaLSE"
[1] 0.3129939
[1] 0.03254
[1] 0.9090909

 0  1 
 5 50 
[1] "Fitting mean A"
[1] "Fitting variance A"
[1] "DR"
[1] 0.3109476
[1] 0.03414374
[1] 0.8909091

 0  1 
 6 49 
[1] 56
[1] 0.2494729
[1] 0.2669234
[1] "AdaLSE"
[1] 0.2456557
[1] 0.03230985
[1] 0.9107143

 0  1 
 5 51 
[1] "Fitting mean A"
[1] "Fitting variance A"
[1] "DR"
[1] 0.2338011
[1] 0.033171
[1] 0.8928571

 0  1 
 6 50 
[1] 57
[1] 0.2494729
[1] 0.2669234
[1] "AdaLSE"
[1] 0.2552105
[1] 0.03174735
[1] 0.9122807

 0  1 
 5 52 
[1] "Fitting mean A"
[1] "Fitting variance A"
[1] "DR"
[1] 0.2542305
[1] 0.03136811
[1] 0.8947368

 0  1 
 6 51 
[1] 58
[1] 0.2494729
[1] 0.2669234
[1] "AdaLSE"
[1] 0.2358894
[1] 0.03159747
[1] 0.9137931

 0  1 
 5 53 
[1] "Fitting mean A"
[1] "Fitting variance A"
[1] "DR"
[1] 0.2313349
[1] 0.03749605
[1] 0.8965517

 0  1 
 6 52 
[1] 59
[1] 0.2494729
[1] 0.2669234
[1] "AdaLSE"
[1] 0.1955773
[1] 0.03198264
[1] 0.8983051

 0  1 
 6 53 
[1] "Fitting mean A"
[1] "Fitting variance A"
[1] "DR"
[1] -0.8297372
[1] 0.6366659
[1] 0.8983051

 0  1 
 6 53 
[1] 60
[1] 0.2494729
[1] 0.2669234
[1] "AdaLSE"
[1] 0.2841979
[1] 0.03140424
[1] 0.9

 0  1 
 6 54 
[1] "Fitting mean A"
[1] "Fitting variance A"
[1] "DR"
[1] 0.290556
[1] 0.03052695
[1] 0.9

 0  1 
 6 54 
[1] 61
[1] 0.2494729
[1] 0.2669234
[1] "AdaLSE"
[1] 0.2866026
[1] 0.03179276
[1] 0.9016393

 0  1 
 6 55 
[1] "Fitting mean A"
[1] "Fitting variance A"
[1] "DR"
[1] 0.2768176
[1] 0.04539633
[1] 0.9016393

 0  1 
 6 55 
[1] 62
[1] 0.2494729
[1] 0.2669234
[1] "AdaLSE"
[1] 0.2484572
[1] 0.03177896
[1] 0.9032258

 0  1 
 6 56 
[1] "Fitting mean A"
[1] "Fitting variance A"
[1] "DR"
[1] 0.2574543
[1] 0.03129594
[1] 0.9032258

 0  1 
 6 56 
[1] 63
[1] 0.2494729
[1] 0.2669234
[1] "AdaLSE"
[1] 0.3485314
[1] 0.03295565
[1] 0.8888889

 0  1 
 7 56 
[1] "Fitting mean A"
[1] "Fitting variance A"
[1] "DR"
[1] 0.3405241
[1] 0.03416642
[1] 0.8888889

 0  1 
 7 56 
[1] 64
[1] 0.2494729
[1] 0.2669234
[1] "AdaLSE"
[1] 0.282724
[1] 0.03144298
[1] 0.890625

 0  1 
 7 57 
[1] "Fitting mean A"
[1] "Fitting variance A"
[1] "DR"
[1] 0.2858106
[1] 0.02897282
[1] 0.890625

 0  1 
 7 57 
[1] 65
[1] 0.2494729
[1] 0.2669234
[1] "AdaLSE"
[1] 0.3090408
[1] 0.03096245
[1] 0.8923077

 0  1 
 7 58 
[1] "Fitting mean A"
[1] "Fitting variance A"
[1] "DR"
[1] 0.3137339
[1] 0.02912922
[1] 0.8923077

 0  1 
 7 58 
[1] 66
[1] 0.2494729
[1] 0.2669234
[1] "AdaLSE"
[1] 0.2325084
[1] 0.03100645
[1] 0.8939394

 0  1 
 7 59 
[1] "Fitting mean A"
[1] "Fitting variance A"
[1] "DR"
[1] 0.3055494
[1] 0.3545157
[1] 0.8939394

 0  1 
 7 59 
[1] 67
[1] 0.2494729
[1] 0.2669234
[1] "AdaLSE"
[1] 0.2936961
[1] 0.03227562
[1] 0.8955224

 0  1 
 7 60 
[1] "Fitting mean A"
[1] "Fitting variance A"
[1] "DR"
[1] 0.2862068
[1] 0.03189263
[1] 0.8955224

 0  1 
 7 60 
[1] 68
[1] 0.2494729
[1] 0.2669234
[1] "AdaLSE"
[1] 0.2965901
[1] 0.03127732
[1] 0.8970588

 0  1 
 7 61 
[1] "Fitting mean A"
[1] "Fitting variance A"
[1] "DR"
[1] 0.2969213
[1] 0.03109886
[1] 0.8970588

 0  1 
 7 61 
[1] 69
[1] 0.2494729
[1] 0.2669234
[1] "AdaLSE"
[1] 0.2630325
[1] 0.03229204
[1] 0.8985507

 0  1 
 7 62 
[1] "Fitting mean A"
[1] "Fitting variance A"
[1] "DR"
[1] 0.2856819
[1] 0.03606425
[1] 0.8985507

 0  1 
 7 62 
[1] 70
[1] 0.2494729
[1] 0.2669234
[1] "AdaLSE"
[1] 0.2321044
[1] 0.03279812
[1] 0.9

 0  1 
 7 63 
[1] "Fitting mean A"
[1] "Fitting variance A"
[1] "DR"
[1] 0.222737
[1] 0.034057
[1] 0.9

 0  1 
 7 63 
[1] 71
[1] 0.2494729
[1] 0.2669234
[1] "AdaLSE"
[1] 0.2458398
[1] 0.03174517
[1] 0.9014085

 0  1 
 7 64 
[1] "Fitting mean A"
[1] "Fitting variance A"
[1] "DR"
[1] 0.2283174
[1] 0.04018072
[1] 0.9014085

 0  1 
 7 64 
[1] 72
[1] 0.2494729
[1] 0.2669234
[1] "AdaLSE"
[1] 0.2637255
[1] 0.03370279
[1] 0.9027778

 0  1 
 7 65 
[1] "Fitting mean A"
[1] "Fitting variance A"
[1] "DR"
[1] 0.2218482
[1] 0.04296532
[1] 0.9027778

 0  1 
 7 65 
[1] 73
[1] 0.2494729
[1] 0.2669234
[1] "AdaLSE"
[1] 0.2735078
[1] 0.03160753
[1] 0.9041096

 0  1 
 7 66 
[1] "Fitting mean A"
[1] "Fitting variance A"
[1] "DR"
[1] 0.2844497
[1] 0.03378395
[1] 0.9041096

 0  1 
 7 66 
[1] 74
[1] 0.2494729
[1] 0.2669234
[1] "AdaLSE"
[1] 0.2327735
[1] 0.03054494
[1] 0.9054054

 0  1 
 7 67 
[1] "Fitting mean A"
[1] "Fitting variance A"
[1] "DR"
[1] 0.22851
[1] 0.03538869
[1] 0.9054054

 0  1 
 7 67 
[1] 75
[1] 0.2494729
[1] 0.2669234
[1] "AdaLSE"
[1] 0.1926461
[1] 0.03064144
[1] 0.8933333

 0  1 
 8 67 
[1] "Fitting mean A"
[1] "Fitting variance A"
[1] "DR"
[1] 0.1997315
[1] 0.1490601
[1] 0.9066667

 0  1 
 7 68 
[1] 76
[1] 0.2494729
[1] 0.2669234
[1] "AdaLSE"
[1] 0.2611877
[1] 0.02997215
[1] 0.8947368

 0  1 
 8 68 
[1] "Fitting mean A"
[1] "Fitting variance A"
[1] "DR"
[1] 0.262053
[1] 0.03043745
[1] 0.9078947

 0  1 
 7 69 
[1] 77
[1] 0.2494729
[1] 0.2669234
[1] "AdaLSE"
[1] 0.2696391
[1] 0.03140209
[1] 0.8961039

 0  1 
 8 69 
[1] "Fitting mean A"
[1] "Fitting variance A"
[1] "DR"
[1] 0.2713147
[1] 0.02988015
[1] 0.9090909

 0  1 
 7 70 
[1] 78
[1] 0.2494729
[1] 0.2669234
[1] "AdaLSE"
[1] 0.1951839
[1] 0.03103287
[1] 0.8846154

 0  1 
 9 69 
[1] "Fitting mean A"
[1] "Fitting variance A"
[1] "DR"
[1] 0.2066222
[1] 0.04985617
[1] 0.9102564

 0  1 
 7 71 
[1] 79
[1] 0.2494729
[1] 0.2669234
[1] "AdaLSE"
[1] 0.2852007
[1] 0.03245382
[1] 0.8860759

 0  1 
 9 70 
[1] "Fitting mean A"
[1] "Fitting variance A"
[1] "DR"
[1] 0.2821984
[1] 0.03354471
[1] 0.9113924

 0  1 
 7 72 
[1] 80
[1] 0.2494729
[1] 0.2669234
[1] "AdaLSE"
[1] 0.2508499
[1] 0.03237942
[1] 0.8875

 0  1 
 9 71 
[1] "Fitting mean A"
[1] "Fitting variance A"
[1] "DR"
[1] 0.3915676
[1] 0.1819836
[1] 0.9125

 0  1 
 7 73 
[1] 81
[1] 0.2494729
[1] 0.2669234
[1] "AdaLSE"
[1] 0.2595116
[1] 0.03072941
[1] 0.8888889

 0  1 
 9 72 
[1] "Fitting mean A"
[1] "Fitting variance A"
[1] "DR"
[1] 0.4514196
[1] 0.1942911
[1] 0.9135802

 0  1 
 7 74 
[1] 82
[1] 0.2494729
[1] 0.2669234
[1] "AdaLSE"
[1] 0.2989482
[1] 0.03111084
[1] 0.8902439

 0  1 
 9 73 
[1] "Fitting mean A"
[1] "Fitting variance A"
[1] "DR"
[1] 0.3226921
[1] 0.04094495
[1] 0.9146341

 0  1 
 7 75 
[1] 83
[1] 0.2494729
[1] 0.2669234
[1] "AdaLSE"
[1] 0.2405125
[1] 0.03381877
[1] 0.8915663

 0  1 
 9 74 
[1] "Fitting mean A"
[1] "Fitting variance A"
[1] "DR"
[1] 0.2661632
[1] 0.5933965
[1] 0.9156627

 0  1 
 7 76 
[1] 84
[1] 0.2494729
[1] 0.2669234
[1] "AdaLSE"
[1] 0.2331274
[1] 0.03178532
[1] 0.8928571

 0  1 
 9 75 
[1] "Fitting mean A"
[1] "Fitting variance A"
[1] "DR"
[1] 0.6486079
[1] 0.4868239
[1] 0.9166667

 0  1 
 7 77 
[1] 85
[1] 0.2494729
[1] 0.2669234
[1] "AdaLSE"
[1] 0.3544781
[1] 0.03069211
[1] 0.8823529

 0  1 
10 75 
[1] "Fitting mean A"
[1] "Fitting variance A"
[1] "DR"
[1] 0.369318
[1] 0.03083431
[1] 0.9058824

 0  1 
 8 77 
[1] 86
[1] 0.2494729
[1] 0.2669234
[1] "AdaLSE"
[1] 0.1918992
[1] 0.03060866
[1] 0.872093

 0  1 
11 75 
[1] "Fitting mean A"
[1] "Fitting variance A"
[1] "DR"
[1] 0.2065167
[1] 0.03167608
[1] 0.9069767

 0  1 
 8 78 
[1] 87
[1] 0.2494729
[1] 0.2669234
[1] "AdaLSE"
[1] 0.2683973
[1] 0.03054853
[1] 0.8735632

 0  1 
11 76 
[1] "Fitting mean A"
[1] "Fitting variance A"
[1] "DR"
[1] 0.09726291
[1] 0.2253432
[1] 0.908046

 0  1 
 8 79 
[1] 88
[1] 0.2494729
[1] 0.2669234
[1] "AdaLSE"
[1] 0.253616
[1] 0.03045086
[1] 0.875

 0  1 
11 77 
[1] "Fitting mean A"
[1] "Fitting variance A"
[1] "DR"
[1] 0.2415614
[1] 0.05871251
[1] 0.9090909

 0  1 
 8 80 
[1] 89
[1] 0.2494729
[1] 0.2669234
[1] "AdaLSE"
[1] 0.2120201
[1] 0.03202379
[1] 0.8764045

 0  1 
11 78 
[1] "Fitting mean A"
[1] "Fitting variance A"
[1] "DR"
[1] 0.2241126
[1] 0.05732602
[1] 0.9101124

 0  1 
 8 81 
[1] 90
[1] 0.2494729
[1] 0.2669234
[1] "AdaLSE"
[1] 0.2431102
[1] 0.03244115
[1] 0.8777778

 0  1 
11 79 
[1] "Fitting mean A"
[1] "Fitting variance A"
[1] "DR"
[1] 0.2265974
[1] 0.03511836
[1] 0.9111111

 0  1 
 8 82 
[1] 91
[1] 0.2494729
[1] 0.2669234
[1] "AdaLSE"
[1] 0.2653367
[1] 0.03182235
[1] 0.8791209

 0  1 
11 80 
[1] "Fitting mean A"
[1] "Fitting variance A"
[1] "DR"
[1] 0.2716221
[1] 0.03147129
[1] 0.9120879

 0  1 
 8 83 
[1] 92
[1] 0.2494729
[1] 0.2669234
[1] "AdaLSE"
[1] 0.2382397
[1] 0.03064442
[1] 0.8804348

 0  1 
11 81 
[1] "Fitting mean A"
[1] "Fitting variance A"
[1] "DR"
[1] 0.2400407
[1] 0.03210975
[1] 0.9130435

 0  1 
 8 84 
[1] 93
[1] 0.2494729
[1] 0.2669234
[1] "AdaLSE"
[1] 0.2562402
[1] 0.03100285
[1] 0.8817204

 0  1 
11 82 
[1] "Fitting mean A"
[1] "Fitting variance A"
[1] "DR"
[1] 0.12937
[1] 0.08643264
[1] 0.9139785

 0  1 
 8 85 
[1] 94
[1] 0.2494729
[1] 0.2669234
[1] "AdaLSE"
[1] 0.2497833
[1] 0.03148982
[1] 0.8829787

 0  1 
11 83 
[1] "Fitting mean A"
[1] "Fitting variance A"
[1] "DR"
[1] 0.2610936
[1] 0.03241575
[1] 0.9148936

 0  1 
 8 86 
[1] 95
[1] 0.2494729
[1] 0.2669234
[1] "AdaLSE"
[1] 0.2815314
[1] 0.03278848
[1] 0.8842105

 0  1 
11 84 
[1] "Fitting mean A"
[1] "Fitting variance A"
[1] "DR"
[1] 0.144162
[1] 0.2969462
[1] 0.9157895

 0  1 
 8 87 
[1] 96
[1] 0.2494729
[1] 0.2669234
[1] "AdaLSE"
[1] 0.283543
[1] 0.02945098
[1] 0.8854167

 0  1 
11 85 
[1] "Fitting mean A"
[1] "Fitting variance A"
[1] "DR"
[1] -0.4515345
[1] 0.5157351
[1] 0.9166667

 0  1 
 8 88 
[1] 97
[1] 0.2494729
[1] 0.2669234
[1] "AdaLSE"
[1] 0.3028829
[1] 0.03271768
[1] 0.8865979

 0  1 
11 86 
[1] "Fitting mean A"
[1] "Fitting variance A"
[1] "DR"
[1] 0.3382065
[1] 0.03507215
[1] 0.9072165

 0  1 
 9 88 
[1] 98
[1] 0.2494729
[1] 0.2669234
[1] "AdaLSE"
[1] 0.2522274
[1] 0.03049127
[1] 0.8877551

 0  1 
11 87 
[1] "Fitting mean A"
[1] "Fitting variance A"
[1] "DR"
[1] 0.2692344
[1] 0.03462609
[1] 0.9081633

 0  1 
 9 89 
[1] 99
[1] 0.2494729
[1] 0.2669234
[1] "AdaLSE"
[1] 0.2313197
[1] 0.0309188
[1] 0.8888889

 0  1 
11 88 
[1] "Fitting mean A"
[1] "Fitting variance A"
[1] "DR"
[1] 0.2471367
[1] 0.1042094
[1] 0.9090909

 0  1 
 9 90 
[1] 100
[1] 0.2494729
[1] 0.2669234
[1] "AdaLSE"
[1] 0.3131919
[1] 0.03227887
[1] 0.89

 0  1 
11 89 
[1] "Fitting mean A"
[1] "Fitting variance A"
[1] "DR"
[1] 0.3012156
[1] 0.03259105
[1] 0.91

 0  1 
 9 91 
[1] 101
[1] 0.2494729
[1] 0.2669234
[1] "AdaLSE"
[1] 0.3172599
[1] 0.03297225
[1] 0.8910891

 0  1 
11 90 
[1] "Fitting mean A"
[1] "Fitting variance A"
[1] "DR"
[1] 0.3222722
[1] 0.03918051
[1] 0.9108911

 0  1 
 9 92 
[1] 102
[1] 0.2494729
[1] 0.2669234
[1] "AdaLSE"
[1] 0.2500544
[1] 0.03207468
[1] 0.8921569

 0  1 
11 91 
[1] "Fitting mean A"
[1] "Fitting variance A"
[1] "DR"
[1] 0.2577139
[1] 0.05085179
[1] 0.9117647

 0  1 
 9 93 
[1] 103
[1] 0.2494729
[1] 0.2669234
[1] "AdaLSE"
[1] 0.2526428
[1] 0.03270984
[1] 0.8932039

 0  1 
11 92 
[1] "Fitting mean A"
[1] "Fitting variance A"
[1] "DR"
[1] 0.1569966
[1] 0.2652495
[1] 0.9126214

 0  1 
 9 94 
[1] 104
[1] 0.2494729
[1] 0.2669234
[1] "AdaLSE"
[1] 0.2967253
[1] 0.03179848
[1] 0.8942308

 0  1 
11 93 
[1] "Fitting mean A"
[1] "Fitting variance A"
[1] "DR"
[1] 0.3045469
[1] 0.03641125
[1] 0.9134615

 0  1 
 9 95 
[1] 105
[1] 0.2494729
[1] 0.2669234
[1] "AdaLSE"
[1] 0.2772303
[1] 0.0330808
[1] 0.8952381

 0  1 
11 94 
[1] "Fitting mean A"
[1] "Fitting variance A"
[1] "DR"
[1] 0.2894532
[1] 0.03163525
[1] 0.9142857

 0  1 
 9 96 
[1] 106
[1] 0.2494729
[1] 0.2669234
[1] "AdaLSE"
[1] 0.2688858
[1] 0.03185332
[1] 0.8962264

 0  1 
11 95 
[1] "Fitting mean A"
[1] "Fitting variance A"
[1] "DR"
[1] 0.2876016
[1] 0.03217939
[1] 0.9150943

 0  1 
 9 97 
[1] 107
[1] 0.2494729
[1] 0.2669234
[1] "AdaLSE"
[1] 0.2336567
[1] 0.03217005
[1] 0.8971963

 0  1 
11 96 
[1] "Fitting mean A"
[1] "Fitting variance A"
[1] "DR"
[1] 0.2163447
[1] 0.03700566
[1] 0.9158879

 0  1 
 9 98 
[1] 108
[1] 0.2494729
[1] 0.2669234
[1] "AdaLSE"
[1] 0.2435956
[1] 0.03197607
[1] 0.8981481

 0  1 
11 97 
[1] "Fitting mean A"
[1] "Fitting variance A"
[1] "DR"
[1] 0.251194
[1] 0.03184158
[1] 0.9166667

 0  1 
 9 99 
[1] 109
[1] 0.2494729
[1] 0.2669234
[1] "AdaLSE"
[1] 0.2558106
[1] 0.03061424
[1] 0.8990826

 0  1 
11 98 
[1] "Fitting mean A"
[1] "Fitting variance A"
[1] "DR"
[1] 0.2774465
[1] 0.0399315
[1] 0.9174312

  0   1 
  9 100 
[1] 110
[1] 0.2494729
[1] 0.2669234
[1] "AdaLSE"
[1] 0.2300332
[1] 0.03135665
[1] 0.9

 0  1 
11 99 
[1] "Fitting mean A"
[1] "Fitting variance A"
[1] "DR"
[1] 0.2191009
[1] 0.04857305
[1] 0.9181818

  0   1 
  9 101 
[1] 111
[1] 0.2494729
[1] 0.2669234
[1] "AdaLSE"
[1] 0.2735529
[1] 0.02959699
[1] 0.9009009

  0   1 
 11 100 
[1] "Fitting mean A"
[1] "Fitting variance A"
[1] "DR"
[1] 0.2697501
[1] 0.03252557
[1] 0.9189189

  0   1 
  9 102 
[1] 112
[1] 0.2494729
[1] 0.2669234
[1] "AdaLSE"
[1] 0.2962871
[1] 0.03247351
[1] 0.9017857

  0   1 
 11 101 
[1] "Fitting mean A"
[1] "Fitting variance A"
[1] "DR"
[1] 0.3295361
[1] 0.1118605
[1] 0.9196429

  0   1 
  9 103 
[1] 113
[1] 0.2494729
[1] 0.2669234
[1] "AdaLSE"
[1] 0.3056589
[1] 0.03030974
[1] 0.9026549

  0   1 
 11 102 
[1] "Fitting mean A"
[1] "Fitting variance A"
[1] "DR"
[1] 0.2960209
[1] 0.03478385
[1] 0.920354

  0   1 
  9 104 
[1] 114
[1] 0.2494729
[1] 0.2669234
[1] "AdaLSE"
[1] 0.3308346
[1] 0.03002557
[1] 0.8947368

  0   1 
 12 102 
[1] "Fitting mean A"
[1] "Fitting variance A"
[1] "DR"
[1] 0.3354869
[1] 0.04903409
[1] 0.9210526

  0   1 
  9 105 
[1] 115
[1] 0.2494729
[1] 0.2669234
[1] "AdaLSE"
[1] 0.2867105
[1] 0.03148306
[1] 0.8956522

  0   1 
 12 103 
[1] "Fitting mean A"
[1] "Fitting variance A"
[1] "DR"
[1] 0.2939669
[1] 0.038457
[1] 0.9217391

  0   1 
  9 106 
[1] 116
[1] 0.2494729
[1] 0.2669234
[1] "AdaLSE"
[1] 0.2958246
[1] 0.03119534
[1] 0.8965517

  0   1 
 12 104 
[1] "Fitting mean A"
[1] "Fitting variance A"
[1] "DR"
[1] -0.08826863
[1] 0.2238387
[1] 0.9224138

  0   1 
  9 107 
[1] 117
[1] 0.2494729
[1] 0.2669234
[1] "AdaLSE"
[1] 0.2438417
[1] 0.03161102
[1] 0.8974359

  0   1 
 12 105 
[1] "Fitting mean A"
[1] "Fitting variance A"
[1] "DR"
[1] 0.2454498
[1] 0.03014374
[1] 0.9230769

  0   1 
  9 108 
[1] 118
[1] 0.2494729
[1] 0.2669234
[1] "AdaLSE"
[1] 0.2811992
[1] 0.03211307
[1] 0.8983051

  0   1 
 12 106 
[1] "Fitting mean A"
[1] "Fitting variance A"
[1] "DR"
[1] 0.2815237
[1] 0.03087124
[1] 0.9237288

  0   1 
  9 109 
[1] 119
[1] 0.2494729
[1] 0.2669234
[1] "AdaLSE"
[1] 0.3065156
[1] 0.03108274
[1] 0.8991597

  0   1 
 12 107 
[1] "Fitting mean A"
[1] "Fitting variance A"
[1] "DR"
[1] 0.292342
[1] 0.03924582
[1] 0.9243697

  0   1 
  9 110 
[1] 120
[1] 0.2494729
[1] 0.2669234
[1] "AdaLSE"
[1] 0.2323071
[1] 0.03079411
[1] 0.9

  0   1 
 12 108 
[1] "Fitting mean A"
[1] "Fitting variance A"
[1] "DR"
[1] 1.11952
[1] 0.6582746
[1] 0.925

  0   1 
  9 111 
[1] 121
[1] 0.2494729
[1] 0.2669234
[1] "AdaLSE"
[1] 0.2868465
[1] 0.03176257
[1] 0.9008264

  0   1 
 12 109 
[1] "Fitting mean A"
[1] "Fitting variance A"
[1] "DR"
[1] 0.2609591
[1] 0.03821306
[1] 0.9256198

  0   1 
  9 112 
[1] 122
[1] 0.2494729
[1] 0.2669234
[1] "AdaLSE"
[1] 0.2487341
[1] 0.03034141
[1] 0.9016393

  0   1 
 12 110 
[1] "Fitting mean A"
[1] "Fitting variance A"
[1] "DR"
[1] 0.2526913
[1] 0.03005383
[1] 0.9262295

  0   1 
  9 113 
[1] 123
[1] 0.2494729
[1] 0.2669234
[1] "AdaLSE"
[1] 0.3174464
[1] 0.03241523
[1] 0.902439

  0   1 
 12 111 
[1] "Fitting mean A"
[1] "Fitting variance A"
[1] "DR"
[1] 0.323158
[1] 0.03222276
[1] 0.9268293

  0   1 
  9 114 
[1] 124
[1] 0.2494729
[1] 0.2669234
[1] "AdaLSE"
[1] 0.2924818
[1] 0.03114724
[1] 0.9032258

  0   1 
 12 112 
[1] "Fitting mean A"
[1] "Fitting variance A"
[1] "DR"
[1] 0.3031622
[1] 0.03151826
[1] 0.9274194

  0   1 
  9 115 
[1] 125
[1] 0.2494729
[1] 0.2669234
[1] "AdaLSE"
[1] 0.2678006
[1] 0.03243921
[1] 0.904

  0   1 
 12 113 
[1] "Fitting mean A"
[1] "Fitting variance A"
[1] "DR"
[1] 0.2774663
[1] 0.03929505
[1] 0.928

  0   1 
  9 116 
[1] 126
[1] 0.2494729
[1] 0.2669234
[1] "AdaLSE"
[1] 0.2937494
[1] 0.03166696
[1] 0.9047619

  0   1 
 12 114 
[1] "Fitting mean A"
[1] "Fitting variance A"
[1] "DR"
[1] 0.2853619
[1] 0.03431899
[1] 0.9285714

  0   1 
  9 117 
[1] 127
[1] 0.2494729
[1] 0.2669234
[1] "AdaLSE"
[1] 0.3177328
[1] 0.03336456
[1] 0.9055118

  0   1 
 12 115 
[1] "Fitting mean A"
[1] "Fitting variance A"
[1] "DR"
[1] 0.3057774
[1] 0.03266719
[1] 0.9291339

  0   1 
  9 118 
[1] 128
[1] 0.2494729
[1] 0.2669234
[1] "AdaLSE"
[1] 0.2575598
[1] 0.03122258
[1] 0.90625

  0   1 
 12 116 
[1] "Fitting mean A"
[1] "Fitting variance A"
[1] "DR"
[1] 0.2545147
[1] 0.03017249
[1] 0.9296875

  0   1 
  9 119 
[1] 129
[1] 0.2494729
[1] 0.2669234
[1] "AdaLSE"
[1] 0.2500337
[1] 0.03112248
[1] 0.9069767

  0   1 
 12 117 
[1] "Fitting mean A"
[1] "Fitting variance A"
[1] "DR"
[1] 0.8191618
[1] 0.350724
[1] 0.9302326

  0   1 
  9 120 
[1] 130
[1] 0.2494729
[1] 0.2669234
[1] "AdaLSE"
[1] 0.3445315
[1] 0.03347417
[1] 0.9

  0   1 
 13 117 
[1] "Fitting mean A"
[1] "Fitting variance A"
[1] "DR"
[1] 0.2131459
[1] 0.06779981
[1] 0.9307692

  0   1 
  9 121 
[1] 131
[1] 0.2494729
[1] 0.2669234
[1] "AdaLSE"
[1] 0.3044183
[1] 0.03147753
[1] 0.9007634

  0   1 
 13 118 
[1] "Fitting mean A"
[1] "Fitting variance A"
[1] "DR"
[1] 0.2685909
[1] 0.04519853
[1] 0.9312977

  0   1 
  9 122 
[1] 132
[1] 0.2494729
[1] 0.2669234
[1] "AdaLSE"
[1] 0.2409271
[1] 0.03324387
[1] 0.9015152

  0   1 
 13 119 
[1] "Fitting mean A"
[1] "Fitting variance A"
[1] "DR"
[1] -0.04783285
[1] 0.6223469
[1] 0.9318182

  0   1 
  9 123 
[1] 133
[1] 0.2494729
[1] 0.2669234
[1] "AdaLSE"
[1] 0.3581526
[1] 0.03148934
[1] 0.8947368

  0   1 
 14 119 
[1] "Fitting mean A"
[1] "Fitting variance A"
[1] "DR"
[1] 0.3721036
[1] 0.03022449
[1] 0.924812

  0   1 
 10 123 
[1] 134
[1] 0.2494729
[1] 0.2669234
[1] "AdaLSE"
[1] 0.3500687
[1] 0.03135302
[1] 0.8880597

  0   1 
 15 119 
[1] "Fitting mean A"
[1] "Fitting variance A"
[1] "DR"
[1] 0.3346809
[1] 0.03169066
[1] 0.9179104

  0   1 
 11 123 
[1] 135
[1] 0.2494729
[1] 0.2669234
[1] "AdaLSE"
[1] 0.2632676
[1] 0.03230107
[1] 0.8888889

  0   1 
 15 120 
[1] "Fitting mean A"
[1] "Fitting variance A"
[1] "DR"
[1] 0.2810994
[1] 0.03412894
[1] 0.9185185

  0   1 
 11 124 
[1] 136
[1] 0.2494729
[1] 0.2669234
[1] "AdaLSE"
[1] 0.2567614
[1] 0.03201574
[1] 0.8897059

  0   1 
 15 121 
[1] "Fitting mean A"
[1] "Fitting variance A"
[1] "DR"
[1] 0.2545487
[1] 0.03173036
[1] 0.9191176

  0   1 
 11 125 
[1] 137
[1] 0.2494729
[1] 0.2669234
[1] "AdaLSE"
[1] 0.219224
[1] 0.03183706
[1] 0.8905109

  0   1 
 15 122 
[1] "Fitting mean A"
[1] "Fitting variance A"
[1] "DR"
[1] -0.1833787
[1] 0.4137702
[1] 0.919708

  0   1 
 11 126 
[1] 138
[1] 0.2494729
[1] 0.2669234
[1] "AdaLSE"
[1] 0.2736703
[1] 0.03137515
[1] 0.8913043

  0   1 
 15 123 
[1] "Fitting mean A"
[1] "Fitting variance A"
[1] "DR"
[1] 0.2890105
[1] 0.03162711
[1] 0.9202899

  0   1 
 11 127 
[1] 139
[1] 0.2494729
[1] 0.2669234
[1] "AdaLSE"
[1] 0.255578
[1] 0.03098435
[1] 0.8920863

  0   1 
 15 124 
[1] "Fitting mean A"
[1] "Fitting variance A"
[1] "DR"
[1] 0.5112021
[1] 0.4091428
[1] 0.9208633

  0   1 
 11 128 
[1] 140
[1] 0.2494729
[1] 0.2669234
[1] "AdaLSE"
[1] 0.2158608
[1] 0.03128168
[1] 0.8928571

  0   1 
 15 125 
[1] "Fitting mean A"
[1] "Fitting variance A"
[1] "DR"
[1] 0.1828932
[1] 0.0357569
[1] 0.9142857

  0   1 
 12 128 
[1] 141
[1] 0.2494729
[1] 0.2669234
[1] "AdaLSE"
[1] 0.2706949
[1] 0.03247553
[1] 0.893617

  0   1 
 15 126 
[1] "Fitting mean A"
[1] "Fitting variance A"
[1] "DR"
[1] 0.2905408
[1] 0.03667555
[1] 0.9148936

  0   1 
 12 129 
[1] 142
[1] 0.2494729
[1] 0.2669234
[1] "AdaLSE"
[1] 0.2007258
[1] 0.03345145
[1] 0.8873239

  0   1 
 16 126 
[1] "Fitting mean A"
[1] "Fitting variance A"
[1] "DR"
[1] 0.1908364
[1] 0.04483903
[1] 0.915493

  0   1 
 12 130 
[1] 143
[1] 0.2494729
[1] 0.2669234
[1] "AdaLSE"
[1] 0.2554672
[1] 0.03160644
[1] 0.8881119

  0   1 
 16 127 
[1] "Fitting mean A"
[1] "Fitting variance A"
[1] "DR"
[1] 0.2262062
[1] 0.03754695
[1] 0.9160839

  0   1 
 12 131 
[1] 144
[1] 0.2494729
[1] 0.2669234
[1] "AdaLSE"
[1] 0.2709722
[1] 0.03112229
[1] 0.8888889

  0   1 
 16 128 
[1] "Fitting mean A"
[1] "Fitting variance A"
[1] "DR"
[1] 0.2277288
[1] 0.03334313
[1] 0.9166667

  0   1 
 12 132 
[1] 145
[1] 0.2494729
[1] 0.2669234
[1] "AdaLSE"
[1] 0.2654812
[1] 0.03105562
[1] 0.8896552

  0   1 
 16 129 
[1] "Fitting mean A"
[1] "Fitting variance A"
[1] "DR"
[1] 0.2815981
[1] 0.03258002
[1] 0.9172414

  0   1 
 12 133 
[1] 146
[1] 0.2494729
[1] 0.2669234
[1] "AdaLSE"
[1] 0.2543406
[1] 0.03022484
[1] 0.890411

  0   1 
 16 130 
[1] "Fitting mean A"
[1] "Fitting variance A"
[1] "DR"
[1] 0.2645809
[1] 0.02861269
[1] 0.9178082

  0   1 
 12 134 
[1] 147
[1] 0.2494729
[1] 0.2669234
[1] "AdaLSE"
[1] 0.2880966
[1] 0.03413619
[1] 0.8911565

  0   1 
 16 131 
[1] "Fitting mean A"
[1] "Fitting variance A"
[1] "DR"
[1] 0.5968408
[1] 0.479721
[1] 0.9183673

  0   1 
 12 135 
[1] 148
[1] 0.2494729
[1] 0.2669234
[1] "AdaLSE"
[1] 0.2617168
[1] 0.03206809
[1] 0.8918919

  0   1 
 16 132 
[1] "Fitting mean A"
[1] "Fitting variance A"
[1] "DR"
[1] 0.3069499
[1] 0.04038436
[1] 0.9189189

  0   1 
 12 136 
[1] 149
[1] 0.2494729
[1] 0.2669234
[1] "AdaLSE"
[1] 0.2552058
[1] 0.03158223
[1] 0.8926174

  0   1 
 16 133 
[1] "Fitting mean A"
[1] "Fitting variance A"
[1] "DR"
[1] 0.2553832
[1] 0.03564232
[1] 0.9194631

  0   1 
 12 137 
[1] 150
[1] 0.2494729
[1] 0.2669234
[1] "AdaLSE"
[1] 0.2623918
[1] 0.03117481
[1] 0.8933333

  0   1 
 16 134 
[1] "Fitting mean A"
[1] "Fitting variance A"
[1] "DR"
[1] 0.266435
[1] 0.1022738
[1] 0.92

  0   1 
 12 138 
[1] 151
[1] 0.2494729
[1] 0.2669234
[1] "AdaLSE"
[1] 0.2512391
[1] 0.03125794
[1] 0.8940397

  0   1 
 16 135 
[1] "Fitting mean A"
[1] "Fitting variance A"
[1] "DR"
[1] 0.2336637
[1] 0.03387598
[1] 0.9205298

  0   1 
 12 139 
[1] 152
[1] 0.2494729
[1] 0.2669234
[1] "AdaLSE"
[1] 0.2773297
[1] 0.0318391
[1] 0.8947368

  0   1 
 16 136 
[1] "Fitting mean A"
[1] "Fitting variance A"
[1] "DR"
[1] 0.2815817
[1] 0.03393681
[1] 0.9210526

  0   1 
 12 140 
[1] 153
[1] 0.2494729
[1] 0.2669234
[1] "AdaLSE"
[1] 0.1824635
[1] 0.03158913
[1] 0.8888889

  0   1 
 17 136 
[1] "Fitting mean A"
[1] "Fitting variance A"
[1] "DR"
[1] 0.1871047
[1] 0.03319854
[1] 0.9150327

  0   1 
 13 140 
[1] 154
[1] 0.2494729
[1] 0.2669234
[1] "AdaLSE"
[1] 0.2762579
[1] 0.03194334
[1] 0.8896104

  0   1 
 17 137 
[1] "Fitting mean A"
[1] "Fitting variance A"
[1] "DR"
[1] 0.2598968
[1] 0.03378554
[1] 0.9155844

  0   1 
 13 141 
[1] 155
[1] 0.2494729
[1] 0.2669234
[1] "AdaLSE"
[1] 0.2462476
[1] 0.03187348
[1] 0.8903226

  0   1 
 17 138 
[1] "Fitting mean A"
[1] "Fitting variance A"
[1] "DR"
[1] 0.6737187
[1] 0.5725608
[1] 0.916129

  0   1 
 13 142 
[1] 156
[1] 0.2494729
[1] 0.2669234
[1] "AdaLSE"
[1] 0.2172674
[1] 0.03054571
[1] 0.8910256

  0   1 
 17 139 
[1] "Fitting mean A"
[1] "Fitting variance A"
[1] "DR"
[1] 0.3708574
[1] 0.3837159
[1] 0.9166667

  0   1 
 13 143 
[1] 157
[1] 0.2494729
[1] 0.2669234
[1] "AdaLSE"
[1] 0.250886
[1] 0.03244108
[1] 0.8917197

  0   1 
 17 140 
[1] "Fitting mean A"
[1] "Fitting variance A"
[1] "DR"
[1] 0.2275735
[1] 0.03302708
[1] 0.9171975

  0   1 
 13 144 
[1] 158
[1] 0.2494729
[1] 0.2669234
[1] "AdaLSE"
[1] 0.2935941
[1] 0.03069361
[1] 0.8924051

  0   1 
 17 141 
[1] "Fitting mean A"
[1] "Fitting variance A"
[1] "DR"
[1] 0.2835172
[1] 0.02944614
[1] 0.9177215

  0   1 
 13 145 
[1] 159
[1] 0.2494729
[1] 0.2669234
[1] "AdaLSE"
[1] 0.2510094
[1] 0.03167423
[1] 0.8930818

  0   1 
 17 142 
[1] "Fitting mean A"
[1] "Fitting variance A"
[1] "DR"
[1] -0.34448
[1] 0.5257382
[1] 0.918239

  0   1 
 13 146 
[1] 160
[1] 0.2494729
[1] 0.2669234
[1] "AdaLSE"
[1] 0.2480127
[1] 0.03373517
[1] 0.89375

  0   1 
 17 143 
[1] "Fitting mean A"
[1] "Fitting variance A"
[1] "DR"
[1] 0.2554686
[1] 0.04265704
[1] 0.91875

  0   1 
 13 147 
[1] 161
[1] 0.2494729
[1] 0.2669234
[1] "AdaLSE"
[1] 0.2266564
[1] 0.03268344
[1] 0.8944099

  0   1 
 17 144 
[1] "Fitting mean A"
[1] "Fitting variance A"
[1] "DR"
[1] 0.2291174
[1] 0.03063545
[1] 0.9192547

  0   1 
 13 148 
[1] 162
[1] 0.2494729
[1] 0.2669234
[1] "AdaLSE"
[1] 0.2402666
[1] 0.03168265
[1] 0.8950617

  0   1 
 17 145 
[1] "Fitting mean A"
[1] "Fitting variance A"
[1] "DR"
[1] 0.237888
[1] 0.03321364
[1] 0.9197531

  0   1 
 13 149 
[1] 163
[1] 0.2494729
[1] 0.2669234
[1] "AdaLSE"
[1] 0.2988352
[1] 0.03108969
[1] 0.8957055

  0   1 
 17 146 
[1] "Fitting mean A"
[1] "Fitting variance A"
[1] "DR"
[1] 0.3045743
[1] 0.03154821
[1] 0.9202454

  0   1 
 13 150 
[1] 164
[1] 0.2494729
[1] 0.2669234
[1] "AdaLSE"
[1] 0.2721479
[1] 0.03213652
[1] 0.8963415

  0   1 
 17 147 
[1] "Fitting mean A"
[1] "Fitting variance A"
[1] "DR"
[1] 0.5211737
[1] 0.2789621
[1] 0.9207317

  0   1 
 13 151 
[1] 165
[1] 0.2494729
[1] 0.2669234
[1] "AdaLSE"
[1] 0.2680704
[1] 0.03311113
[1] 0.8969697

  0   1 
 17 148 
[1] "Fitting mean A"
[1] "Fitting variance A"
[1] "DR"
[1] 0.2454208
[1] 0.03596732
[1] 0.9212121

  0   1 
 13 152 
[1] 166
[1] 0.2494729
[1] 0.2669234
[1] "AdaLSE"
[1] 0.3273582
[1] 0.03262738
[1] 0.8975904

  0   1 
 17 149 
[1] "Fitting mean A"
[1] "Fitting variance A"
[1] "DR"
[1] 0.3214667
[1] 0.03037367
[1] 0.9216867

  0   1 
 13 153 
[1] 167
[1] 0.2494729
[1] 0.2669234
[1] "AdaLSE"
[1] 0.2752041
[1] 0.03087035
[1] 0.8982036

  0   1 
 17 150 
[1] "Fitting mean A"
[1] "Fitting variance A"
[1] "DR"
[1] 0.2588275
[1] 0.03058778
[1] 0.9221557

  0   1 
 13 154 
[1] 168
[1] 0.2494729
[1] 0.2669234
[1] "AdaLSE"
[1] 0.2694005
[1] 0.03186006
[1] 0.8988095

  0   1 
 17 151 
[1] "Fitting mean A"
[1] "Fitting variance A"
[1] "DR"
[1] 0.2498461
[1] 0.03305056
[1] 0.922619

  0   1 
 13 155 
[1] 169
[1] 0.2494729
[1] 0.2669234
[1] "AdaLSE"
[1] 0.3102358
[1] 0.03164376
[1] 0.8994083

  0   1 
 17 152 
[1] "Fitting mean A"
[1] "Fitting variance A"
[1] "DR"
[1] 0.2879933
[1] 0.03753664
[1] 0.9230769

  0   1 
 13 156 
[1] 170
[1] 0.2494729
[1] 0.2669234
[1] "AdaLSE"
[1] 0.2071438
[1] 0.0307424
[1] 0.9

  0   1 
 17 153 
[1] "Fitting mean A"
[1] "Fitting variance A"
[1] "DR"
[1] 0.2310503
[1] 0.03501598
[1] 0.9235294

  0   1 
 13 157 
[1] 171
[1] 0.2494729
[1] 0.2669234
[1] "AdaLSE"
[1] 0.3340328
[1] 0.0306885
[1] 0.8947368

  0   1 
 18 153 
[1] "Fitting mean A"
[1] "Fitting variance A"
[1] "DR"
[1] 0.3213346
[1] 0.03382543
[1] 0.9239766

  0   1 
 13 158 
[1] 172
[1] 0.2494729
[1] 0.2669234
[1] "AdaLSE"
[1] 0.2363211
[1] 0.03311066
[1] 0.8953488

  0   1 
 18 154 
[1] "Fitting mean A"
[1] "Fitting variance A"
[1] "DR"
[1] 0.2236902
[1] 0.03324476
[1] 0.9244186

  0   1 
 13 159 
[1] 173
[1] 0.2494729
[1] 0.2669234
[1] "AdaLSE"
[1] 0.2453787
[1] 0.03115542
[1] 0.8959538

  0   1 
 18 155 
[1] "Fitting mean A"
[1] "Fitting variance A"
[1] "DR"
[1] 0.2303356
[1] 0.02991268
[1] 0.9248555

  0   1 
 13 160 
[1] 174
[1] 0.2494729
[1] 0.2669234
[1] "AdaLSE"
[1] 0.2653511
[1] 0.03068703
[1] 0.8965517

  0   1 
 18 156 
[1] "Fitting mean A"
[1] "Fitting variance A"
[1] "DR"
[1] 0.2833705
[1] 0.0461113
[1] 0.9252874

  0   1 
 13 161 
[1] 175
[1] 0.2494729
[1] 0.2669234
[1] "AdaLSE"
[1] 0.2488017
[1] 0.02900369
[1] 0.8971429

  0   1 
 18 157 
[1] "Fitting mean A"
[1] "Fitting variance A"
[1] "DR"
[1] 0.2460469
[1] 0.03934611
[1] 0.9257143

  0   1 
 13 162 
[1] 176
[1] 0.2494729
[1] 0.2669234
[1] "AdaLSE"
[1] 0.2672604
[1] 0.03295324
[1] 0.8977273

  0   1 
 18 158 
[1] "Fitting mean A"
[1] "Fitting variance A"
[1] "DR"
[1] 0.2733654
[1] 0.03510966
[1] 0.9261364

  0   1 
 13 163 
[1] 177
[1] 0.2494729
[1] 0.2669234
[1] "AdaLSE"
[1] 0.2742788
[1] 0.03052554
[1] 0.8983051

  0   1 
 18 159 
[1] "Fitting mean A"
[1] "Fitting variance A"
[1] "DR"
[1] 0.293511
[1] 0.03224716
[1] 0.9265537

  0   1 
 13 164 
[1] 178
[1] 0.2494729
[1] 0.2669234
[1] "AdaLSE"
[1] 0.2905978
[1] 0.03208255
[1] 0.8988764

  0   1 
 18 160 
[1] "Fitting mean A"
[1] "Fitting variance A"
[1] "DR"
[1] -0.1873709
[1] 0.4255897
[1] 0.9269663

  0   1 
 13 165 
[1] 179
[1] 0.2494729
[1] 0.2669234
[1] "AdaLSE"
[1] 0.3249387
[1] 0.03218799
[1] 0.8994413

  0   1 
 18 161 
[1] "Fitting mean A"
[1] "Fitting variance A"
[1] "DR"
[1] 0.3200181
[1] 0.0368155
[1] 0.9273743

  0   1 
 13 166 
[1] 180
[1] 0.2494729
[1] 0.2669234
[1] "AdaLSE"
[1] 0.3058607
[1] 0.03017389
[1] 0.9

  0   1 
 18 162 
[1] "Fitting mean A"
[1] "Fitting variance A"
[1] "DR"
[1] 0.2861277
[1] 0.03001959
[1] 0.9277778

  0   1 
 13 167 
[1] 181
[1] 0.2494729
[1] 0.2669234
[1] "AdaLSE"
[1] 0.2617131
[1] 0.03172106
[1] 0.9005525

  0   1 
 18 163 
[1] "Fitting mean A"
[1] "Fitting variance A"
[1] "DR"
[1] 0.2566547
[1] 0.6598723
[1] 0.9281768

  0   1 
 13 168 
[1] 182
[1] 0.2494729
[1] 0.2669234
[1] "AdaLSE"
[1] 0.2105371
[1] 0.03285062
[1] 0.9010989

  0   1 
 18 164 
[1] "Fitting mean A"
[1] "Fitting variance A"
[1] "DR"
[1] 0.3193956
[1] 0.2153073
[1] 0.9285714

  0   1 
 13 169 
[1] 183
[1] 0.2494729
[1] 0.2669234
[1] "AdaLSE"
[1] 0.2132196
[1] 0.03318583
[1] 0.9016393

  0   1 
 18 165 
[1] "Fitting mean A"
[1] "Fitting variance A"
[1] "DR"
[1] 0.203091
[1] 0.03687448
[1] 0.9289617

  0   1 
 13 170 
[1] 184
[1] 0.2494729
[1] 0.2669234
[1] "AdaLSE"
[1] 0.2613938
[1] 0.03137548
[1] 0.9021739

  0   1 
 18 166 
[1] "Fitting mean A"
[1] "Fitting variance A"
[1] "DR"
[1] 0.2583479
[1] 0.02999975
[1] 0.9293478

  0   1 
 13 171 
[1] 185
[1] 0.2494729
[1] 0.2669234
[1] "AdaLSE"
[1] 0.2458709
[1] 0.03079499
[1] 0.9027027

  0   1 
 18 167 
[1] "Fitting mean A"
[1] "Fitting variance A"
[1] "DR"
[1] -0.1088154
[1] 0.2292412
[1] 0.9297297

  0   1 
 13 172 
[1] 186
[1] 0.2494729
[1] 0.2669234
[1] "AdaLSE"
[1] 0.3282286
[1] 0.03332665
[1] 0.9032258

  0   1 
 18 168 
[1] "Fitting mean A"
[1] "Fitting variance A"
[1] "DR"
[1] 0.5460492
[1] 0.1582876
[1] 0.9301075

  0   1 
 13 173 
[1] 187
[1] 0.2494729
[1] 0.2669234
[1] "AdaLSE"
[1] 0.230586
[1] 0.0320081
[1] 0.9037433

  0   1 
 18 169 
[1] "Fitting mean A"
[1] "Fitting variance A"
[1] "DR"
[1] 0.2501301
[1] 0.03002709
[1] 0.9304813

  0   1 
 13 174 
[1] 188
[1] 0.2494729
[1] 0.2669234
[1] "AdaLSE"
[1] 0.3250035
[1] 0.02976255
[1] 0.9042553

  0   1 
 18 170 
[1] "Fitting mean A"
[1] "Fitting variance A"
[1] "DR"
[1] -0.1402355
[1] 0.4894957
[1] 0.9308511

  0   1 
 13 175 
[1] 189
[1] 0.2494729
[1] 0.2669234
[1] "AdaLSE"
[1] 0.2838741
[1] 0.031651
[1] 0.9047619

  0   1 
 18 171 
[1] "Fitting mean A"
[1] "Fitting variance A"
