LOADING R
R LOADED
[1] "/home/lvanderl/Rlibs2"                         
[2] "/app/software/R/4.2.2-foss-2021b/lib/R/library"
[1] "/home/lvanderl/sieveSims"
[1] 1
[1] -0.0002383956
[1] -0.01515926
[1] "AdaLSE"
[1] -0.07826071
[1] 0.0385937
[1] 1

1 
1 
[1] "Fitting mean A"
[1] "Fitting variance A"
[1] "DR"
[1] -0.0836218
[1] 0.03744854
[1] 1

1 
1 
[1] "se comparison"
[1] NA
[1] NA
[1] 2
[1] -0.0002383956
[1] -0.01515926
[1] "AdaLSE"
[1] -0.07929124
[1] 0.03951747
[1] 1

1 
2 
[1] "Fitting mean A"
[1] "Fitting variance A"
[1] "DR"
[1] -0.07452462
[1] 0.03901505
[1] 1

1 
2 
[1] "se comparison"
[1] 0.0007286973
[1] 0.006432673
[1] 3
[1] -0.0002383956
[1] -0.01515926
[1] "AdaLSE"
[1] 0.09691735
[1] 0.04123036
[1] 0.6666667

0 1 
1 2 
[1] "Fitting mean A"
[1] "Fitting variance A"
[1] "DR"
[1] 0.09702917
[1] 0.0399022
[1] 0.6666667

0 1 
1 2 
[1] "se comparison"
[1] 0.1014379
[1] 0.1017745
[1] 4
[1] -0.0002383956
[1] -0.01515926
[1] "AdaLSE"
[1] 0.05990154
[1] 0.03798328
[1] 0.5

0 1 
2 2 
[1] "Fitting mean A"
[1] "Fitting variance A"
[1] "DR"
[1] 0.06043751
[1] 0.03684362
[1] 0.5

0 1 
2 2 
[1] "se comparison"
[1] 0.09200158
[1] 0.09240087
[1] 5
[1] -0.0002383956
[1] -0.01515926
[1] "AdaLSE"
[1] 0.01219996
[1] 0.04057457
[1] 0.6

0 1 
2 3 
[1] "Fitting mean A"
[1] "Fitting variance A"
[1] "DR"
[1] 0.00920688
[1] 0.03807623
[1] 0.6

0 1 
2 3 
[1] "se comparison"
[1] 0.07986793
[1] 0.0801313
[1] 6
[1] -0.0002383956
[1] -0.01515926
[1] "AdaLSE"
[1] -0.02600872
[1] 0.04302555
[1] 0.6666667

0 1 
2 4 
[1] "Fitting mean A"
[1] "Fitting variance A"
[1] "DR"
[1] -0.02818687
[1] 0.04008348
[1] 0.6666667

0 1 
2 4 
[1] "se comparison"
[1] 0.07236443
[1] 0.07270313
[1] 7
[1] -0.0002383956
[1] -0.01515926
[1] "AdaLSE"
[1] -0.004257901
[1] 0.04021466
[1] 0.7142857

0 1 
2 5 
[1] "Fitting mean A"
[1] "Fitting variance A"
[1] "DR"
[1] -0.01847653
[1] 0.03590073
[1] 0.7142857

0 1 
2 5 
[1] "se comparison"
[1] 0.06606302
[1] 0.06661676
[1] 8
[1] -0.0002383956
[1] -0.01515926
[1] "AdaLSE"
[1] -0.0341854
[1] 0.03866441
[1] 0.75

0 1 
2 6 
[1] "Fitting mean A"
[1] "Fitting variance A"
[1] "DR"
[1] -0.03076927
[1] 0.03731613
[1] 0.75

0 1 
2 6 
[1] "se comparison"
[1] 0.06216814
[1] 0.06232149
[1] 9
[1] -0.0002383956
[1] -0.01515926
[1] "AdaLSE"
[1] 0.06441757
[1] 0.03787845
[1] 0.6666667

0 1 
3 6 
[1] "Fitting mean A"
[1] "Fitting variance A"
[1] "DR"
[1] 0.06155027
[1] 0.0345616
[1] 0.6666667

0 1 
3 6 
[1] "se comparison"
[1] 0.0627895
[1] 0.06281291
[1] 10
[1] -0.0002383956
[1] -0.01515926
[1] "AdaLSE"
[1] -0.05682997
[1] 0.04138708
[1] 0.7

0 1 
3 7 
[1] "Fitting mean A"
[1] "Fitting variance A"
[1] "DR"
[1] -0.06244476
[1] 0.03989587
[1] 0.7

0 1 
3 7 
[1] "se comparison"
[1] 0.06198409
[1] 0.06234479
[1] 11
[1] -0.0002383956
[1] -0.01515926
[1] "AdaLSE"
[1] 0.05163107
[1] 0.03749231
[1] 0.7272727

0 1 
3 8 
[1] "Fitting mean A"
[1] "Fitting variance A"
[1] "DR"
[1] 0.0520574
[1] 0.03591392
[1] 0.7272727

0 1 
3 8 
[1] "se comparison"
[1] 0.06119361
[1] 0.06176602
[1] 12
[1] -0.0002383956
[1] -0.01515926
[1] "AdaLSE"
[1] -0.007008424
[1] 0.04345186
[1] 0.75

0 1 
3 9 
[1] "Fitting mean A"
[1] "Fitting variance A"
[1] "DR"
[1] -0.02238382
[1] 0.03519609
[1] 0.75

0 1 
3 9 
[1] "se comparison"
[1] 0.05838678
[1] 0.05919604
[1] 13
[1] -0.0002383956
[1] -0.01515926
[1] "AdaLSE"
[1] 0.05941434
[1] 0.03694501
[1] 0.6923077

0 1 
4 9 
[1] "Fitting mean A"
[1] "Fitting variance A"
[1] "DR"
[1] 0.05498129
[1] 0.03451237
[1] 0.6923077

0 1 
4 9 
[1] "se comparison"
[1] 0.05828435
[1] 0.05893926
[1] 14
[1] -0.0002383956
[1] -0.01515926
[1] "AdaLSE"
[1] -0.01497387
[1] 0.04030712
[1] 0.7142857

 0  1 
 4 10 
[1] "Fitting mean A"
[1] "Fitting variance A"
[1] "DR"
[1] -0.01883796
[1] 0.0384261
[1] 0.7142857

 0  1 
 4 10 
[1] "se comparison"
[1] 0.0562394
[1] 0.05687824
[1] 15
[1] -0.0002383956
[1] -0.01515926
[1] "AdaLSE"
[1] 0.1035416
[1] 0.03661911
[1] 0.6666667

 0  1 
 5 10 
[1] "Fitting mean A"
[1] "Fitting variance A"
[1] "DR"
[1] 0.1025807
[1] 0.03446393
[1] 0.6666667

 0  1 
 5 10 
[1] "se comparison"
[1] 0.06007716
[1] 0.06090542
[1] 16
[1] -0.0002383956
[1] -0.01515926
[1] "AdaLSE"
[1] -0.02145948
[1] 0.03768921
[1] 0.6875

 0  1 
 5 11 
[1] "Fitting mean A"
[1] "Fitting variance A"
[1] "DR"
[1] -0.02501986
[1] 0.03672187
[1] 0.6875

 0  1 
 5 11 
[1] "se comparison"
[1] 0.05856427
[1] 0.05936796
[1] 17
[1] -0.0002383956
[1] -0.01515926
[1] "AdaLSE"
[1] 0.00275291
[1] 0.03840179
[1] 0.7058824

 0  1 
 5 12 
[1] "Fitting mean A"
[1] "Fitting variance A"
[1] "DR"
[1] -0.0005171974
[1] 0.03276281
[1] 0.7058824

 0  1 
 5 12 
[1] "se comparison"
[1] 0.05671813
[1] 0.05749617
[1] 18
[1] -0.0002383956
[1] -0.01515926
[1] "AdaLSE"
[1] -0.01002972
[1] 0.03965263
[1] 0.7222222

 0  1 
 5 13 
[1] "Fitting mean A"
[1] "Fitting variance A"
[1] "DR"
[1] -0.0085076
[1] 0.03565639
[1] 0.7222222

 0  1 
 5 13 
[1] "se comparison"
[1] 0.05518062
[1] 0.05586107
[1] 19
[1] -0.0002383956
[1] -0.01515926
[1] "AdaLSE"
[1] 0.0429173
[1] 0.03981614
[1] 0.7368421

 0  1 
 5 14 
[1] "Fitting mean A"
[1] "Fitting variance A"
[1] "DR"
[1] 0.04330575
[1] 0.03677667
[1] 0.7368421

 0  1 
 5 14 
[1] "se comparison"
[1] 0.05426995
[1] 0.05504665
[1] 20
[1] -0.0002383956
[1] -0.01515926
[1] "AdaLSE"
[1] -0.04210253
[1] 0.03974491
[1] 0.75

 0  1 
 5 15 
[1] "Fitting mean A"
[1] "Fitting variance A"
[1] "DR"
[1] -0.0441575
[1] 0.03748395
[1] 0.75

 0  1 
 5 15 
[1] "se comparison"
[1] 0.05402052
[1] 0.054725
[1] 21
[1] -0.0002383956
[1] -0.01515926
[1] "AdaLSE"
[1] -0.003045791
[1] 0.04113709
[1] 0.7619048

 0  1 
 5 16 
[1] "Fitting mean A"
[1] "Fitting variance A"
[1] "DR"
[1] -0.00387934
[1] 0.03621145
[1] 0.7619048

 0  1 
 5 16 
[1] "se comparison"
[1] 0.05268939
[1] 0.05336161
[1] 22
[1] -0.0002383956
[1] -0.01515926
[1] "AdaLSE"
[1] -0.007293169
[1] 0.03965124
[1] 0.7727273

 0  1 
 5 17 
[1] "Fitting mean A"
[1] "Fitting variance A"
[1] "DR"
[1] -0.01045194
[1] 0.03630754
[1] 0.7727273

 0  1 
 5 17 
[1] "se comparison"
[1] 0.05149227
[1] 0.05215275
[1] 23
[1] -0.0002383956
[1] -0.01515926
[1] "AdaLSE"
[1] 0.02746375
[1] 0.04313418
[1] 0.7826087

 0  1 
 5 18 
[1] "Fitting mean A"
[1] "Fitting variance A"
[1] "DR"
[1] 0.01608663
[1] 0.04082841
[1] 0.7826087

 0  1 
 5 18 
[1] "se comparison"
[1] 0.05052689
[1] 0.05103536
[1] 24
[1] -0.0002383956
[1] -0.01515926
[1] "AdaLSE"
[1] 0.03646351
[1] 0.04364994
[1] 0.7916667

 0  1 
 5 19 
[1] "Fitting mean A"
[1] "Fitting variance A"
[1] "DR"
[1] 0.02374141
[1] 0.03844547
[1] 0.7916667

 0  1 
 5 19 
[1] "se comparison"
[1] 0.04980774
[1] 0.05009548
[1] 25
[1] -0.0002383956
[1] -0.01515926
[1] "AdaLSE"
[1] -0.01283764
[1] 0.0389829
[1] 0.8

 0  1 
 5 20 
[1] "Fitting mean A"
[1] "Fitting variance A"
[1] "DR"
[1] -0.01195119
[1] 0.03747083
[1] 0.8

 0  1 
 5 20 
[1] "se comparison"
[1] 0.04892351
[1] 0.04914073
[1] 26
[1] -0.0002383956
[1] -0.01515926
[1] "AdaLSE"
[1] 0.004665701
[1] 0.04171197
[1] 0.8076923

 0  1 
 5 21 
[1] "Fitting mean A"
[1] "Fitting variance A"
[1] "DR"
[1] 0.002922317
[1] 0.0400291
[1] 0.8076923

 0  1 
 5 21 
[1] "se comparison"
[1] 0.04793626
[1] 0.04814789
[1] 27
[1] -0.0002383956
[1] -0.01515926
[1] "AdaLSE"
[1] 0.06526878
[1] 0.03550726
[1] 0.7777778

 0  1 
 6 21 
[1] "Fitting mean A"
[1] "Fitting variance A"
[1] "DR"
[1] 0.06667714
[1] 0.03385401
[1] 0.7777778

 0  1 
 6 21 
[1] "se comparison"
[1] 0.04835435
[1] 0.04877336
[1] 28
[1] -0.0002383956
[1] -0.01515926
[1] "AdaLSE"
[1] -0.01170038
[1] 0.03981511
[1] 0.7857143

 0  1 
 6 22 
[1] "Fitting mean A"
[1] "Fitting variance A"
[1] "DR"
[1] -0.02087597
[1] 0.03544136
[1] 0.7857143

 0  1 
 6 22 
[1] "se comparison"
[1] 0.04760403
[1] 0.0481193
[1] 29
[1] -0.0002383956
[1] -0.01515926
[1] "AdaLSE"
[1] -0.06701728
[1] 0.04027306
[1] 0.7931034

 0  1 
 6 23 
[1] "Fitting mean A"
[1] "Fitting variance A"
[1] "DR"
[1] -0.0704215
[1] 0.03783827
[1] 0.7931034

 0  1 
 6 23 
[1] "se comparison"
[1] 0.04876687
[1] 0.04925775
[1] 30
[1] -0.0002383956
[1] -0.01515926
[1] "AdaLSE"
[1] -0.01500487
[1] 0.04035253
[1] 0.8

 0  1 
 6 24 
[1] "Fitting mean A"
[1] "Fitting variance A"
[1] "DR"
[1] -0.01583542
[1] 0.03800279
[1] 0.8

 0  1 
 6 24 
[1] "se comparison"
[1] 0.04806068
[1] 0.04850941
[1] 31
[1] -0.0002383956
[1] -0.01515926
[1] "AdaLSE"
[1] 0.02015586
[1] 0.04167603
[1] 0.8064516

 0  1 
 6 25 
[1] "Fitting mean A"
[1] "Fitting variance A"
[1] "DR"
[1] 0.008200146
[1] 0.0376149
[1] 0.8064516

 0  1 
 6 25 
[1] "se comparison"
[1] 0.04733603
[1] 0.04771005
[1] 32
[1] -0.0002383956
[1] -0.01515926
[1] "AdaLSE"
[1] -0.005025799
[1] 0.03757069
[1] 0.8125

 0  1 
 6 26 
[1] "Fitting mean A"
[1] "Fitting variance A"
[1] "DR"
[1] -0.008210003
[1] 0.03692371
[1] 0.8125

 0  1 
 6 26 
[1] "se comparison"
[1] 0.04660031
[1] 0.0469659
[1] 33
[1] -0.0002383956
[1] -0.01515926
[1] "AdaLSE"
[1] 0.08805064
[1] 0.03623899
[1] 0.7878788

 0  1 
 7 26 
[1] "Fitting mean A"
[1] "Fitting variance A"
[1] "DR"
[1] 0.09005253
[1] 0.03513293
[1] 0.7878788

 0  1 
 7 26 
[1] "se comparison"
[1] 0.04810506
[1] 0.04874301
[1] 34
[1] -0.0002383956
[1] -0.01515926
[1] "AdaLSE"
[1] -0.0004837151
[1] 0.04060932
[1] 0.7941176

 0  1 
 7 27 
[1] "Fitting mean A"
[1] "Fitting variance A"
[1] "DR"
[1] 0.002004876
[1] 0.0380948
[1] 0.7941176

 0  1 
 7 27 
[1] "se comparison"
[1] 0.04738918
[1] 0.04799993
[1] 35
[1] -0.0002383956
[1] -0.01515926
[1] "AdaLSE"
[1] -0.01247008
[1] 0.03998745
[1] 0.8

 0  1 
 7 28 
[1] "Fitting mean A"
[1] "Fitting variance A"
[1] "DR"
[1] -0.01648273
[1] 0.03742181
[1] 0.8

 0  1 
 7 28 
[1] "se comparison"
[1] 0.04680326
[1] 0.04741382
[1] 36
[1] -0.0002383956
[1] -0.01515926
[1] "AdaLSE"
[1] -0.09291391
[1] 0.03891715
[1] 0.7777778

 0  1 
 8 28 
[1] "Fitting mean A"
[1] "Fitting variance A"
[1] "DR"
[1] -0.07875648
[1] 0.03846877
[1] 0.8055556

 0  1 
 7 29 
[1] "se comparison"
[1] 0.04901355
[1] 0.04869134
[1] 37
[1] -0.0002383956
[1] -0.01515926
[1] "AdaLSE"
[1] 0.03620008
[1] 0.0404027
[1] 0.7837838

 0  1 
 8 29 
[1] "Fitting mean A"
[1] "Fitting variance A"
[1] "DR"
[1] 0.0374225
[1] 0.03847671
[1] 0.8108108

 0  1 
 7 30 
[1] "se comparison"
[1] 0.04862228
[1] 0.04838197
[1] 38
[1] -0.0002383956
[1] -0.01515926
[1] "AdaLSE"
[1] -0.04478346
[1] 0.03784277
[1] 0.7894737

 0  1 
 8 30 
[1] "Fitting mean A"
[1] "Fitting variance A"
[1] "DR"
[1] -0.03982566
[1] 0.03662621
[1] 0.8157895

 0  1 
 7 31 
[1] "se comparison"
[1] 0.04862486
[1] 0.04820356
[1] 39
[1] -0.0002383956
[1] -0.01515926
[1] "AdaLSE"
[1] -0.06769088
[1] 0.03736911
[1] 0.7948718

 0  1 
 8 31 
[1] "Fitting mean A"
[1] "Fitting variance A"
[1] "DR"
[1] -0.07103566
[1] 0.03380388
[1] 0.8205128

 0  1 
 7 32 
[1] "se comparison"
[1] 0.04930862
[1] 0.0489399
[1] 40
[1] -0.0002383956
[1] -0.01515926
[1] "AdaLSE"
[1] -0.006233331
[1] 0.03685324
[1] 0.8

 0  1 
 8 32 
[1] "Fitting mean A"
[1] "Fitting variance A"
[1] "DR"
[1] -0.003225015
[1] 0.03472964
[1] 0.825

 0  1 
 7 33 
[1] "se comparison"
[1] 0.04868758
[1] 0.04830973
[1] 41
[1] -0.0002383956
[1] -0.01515926
[1] "AdaLSE"
[1] 0.02837425
[1] 0.04179808
[1] 0.804878

 0  1 
 8 33 
[1] "Fitting mean A"
[1] "Fitting variance A"
[1] "DR"
[1] 0.008513911
[1] 0.03995536
[1] 0.8292683

 0  1 
 7 34 
[1] "se comparison"
[1] 0.04826105
[1] 0.04772519
[1] 42
[1] -0.0002383956
[1] -0.01515926
[1] "AdaLSE"
[1] 0.02558733
[1] 0.03974196
[1] 0.8095238

 0  1 
 8 34 
[1] "Fitting mean A"
[1] "Fitting variance A"
[1] "DR"
[1] 0.01132881
[1] 0.03630238
[1] 0.8333333

 0  1 
 7 35 
[1] "se comparison"
[1] 0.04780834
[1] 0.04717654
[1] 43
[1] -0.0002383956
[1] -0.01515926
[1] "AdaLSE"
[1] -0.01628567
[1] 0.04170386
[1] 0.8139535

 0  1 
 8 35 
[1] "Fitting mean A"
[1] "Fitting variance A"
[1] "DR"
[1] -0.01455302
[1] 0.03690575
[1] 0.8372093

 0  1 
 7 36 
[1] "se comparison"
[1] 0.04732256
[1] 0.04666089
[1] 44
[1] -0.0002383956
[1] -0.01515926
[1] "AdaLSE"
[1] -0.02513134
[1] 0.04065495
[1] 0.8181818

 0  1 
 8 36 
[1] "Fitting mean A"
[1] "Fitting variance A"
[1] "DR"
[1] -0.02167179
[1] 0.03917768
[1] 0.8409091

 0  1 
 7 37 
[1] "se comparison"
[1] 0.04694841
[1] 0.04622225
[1] 45
[1] -0.0002383956
[1] -0.01515926
[1] "AdaLSE"
[1] -0.02813156
[1] 0.04551437
[1] 0.8222222

 0  1 
 8 37 
[1] "Fitting mean A"
[1] "Fitting variance A"
[1] "DR"
[1] -0.02558464
[1] 0.03946786
[1] 0.8444444

 0  1 
 7 38 
[1] "se comparison"
[1] 0.0466208
[1] 0.04583734
[1] 46
[1] -0.0002383956
[1] -0.01515926
[1] "AdaLSE"
[1] 0.0172292
[1] 0.03674289
[1] 0.826087

 0  1 
 8 38 
[1] "Fitting mean A"
[1] "Fitting variance A"
[1] "DR"
[1] 0.01729974
[1] 0.03495173
[1] 0.8478261

 0  1 
 7 39 
[1] "se comparison"
[1] 0.04616357
[1] 0.0454128
[1] 47
[1] -0.0002383956
[1] -0.01515926
[1] "AdaLSE"
[1] 0.008475442
[1] 0.04056875
[1] 0.8297872

 0  1 
 8 39 
[1] "Fitting mean A"
[1] "Fitting variance A"
[1] "DR"
[1] 0.009840785
[1] 0.03741147
[1] 0.8510638

 0  1 
 7 40 
[1] "se comparison"
[1] 0.04567155
[1] 0.04494643
[1] 48
[1] -0.0002383956
[1] -0.01515926
[1] "AdaLSE"
[1] -0.04687551
[1] 0.04059967
[1] 0.8333333

 0  1 
 8 40 
[1] "Fitting mean A"
[1] "Fitting variance A"
[1] "DR"
[1] -0.05649647
[1] 0.03922334
[1] 0.8541667

 0  1 
 7 41 
[1] "se comparison"
[1] 0.04571504
[1] 0.04517711
[1] 49
[1] -0.0002383956
[1] -0.01515926
[1] "AdaLSE"
[1] 0.06302602
[1] 0.03603837
[1] 0.8163265

 0  1 
 9 40 
[1] "Fitting mean A"
[1] "Fitting variance A"
[1] "DR"
[1] 0.06166121
[1] 0.03381395
[1] 0.8367347

 0  1 
 8 41 
[1] "se comparison"
[1] 0.04611538
[1] 0.04562893
[1] 50
[1] -0.0002383956
[1] -0.01515926
[1] "AdaLSE"
[1] -0.0244693
[1] 0.04093301
[1] 0.82

 0  1 
 9 41 
[1] "Fitting mean A"
[1] "Fitting variance A"
[1] "DR"
[1] -0.02622138
[1] 0.03834511
[1] 0.84

 0  1 
 8 42 
[1] "se comparison"
[1] 0.0457908
[1] 0.04530139
[1] 51
[1] -0.0002383956
[1] -0.01515926
[1] "AdaLSE"
[1] -0.0250359
[1] 0.0385743
[1] 0.8235294

 0  1 
 9 42 
[1] "Fitting mean A"
[1] "Fitting variance A"
[1] "DR"
[1] -0.02471296
[1] 0.03688078
[1] 0.8431373

 0  1 
 8 43 
[1] "se comparison"
[1] 0.04547759
[1] 0.04496352
[1] 52
[1] -0.0002383956
[1] -0.01515926
[1] "AdaLSE"
[1] 0.09275626
[1] 0.04143599
[1] 0.8076923

 0  1 
10 42 
[1] "Fitting mean A"
[1] "Fitting variance A"
[1] "DR"
[1] 0.08601046
[1] 0.03844004
[1] 0.8269231

 0  1 
 9 43 
[1] "se comparison"
[1] 0.04680998
[1] 0.04616223
[1] 53
[1] -0.0002383956
[1] -0.01515926
[1] "AdaLSE"
[1] 0.07059059
[1] 0.04250614
[1] 0.7924528

 0  1 
11 42 
[1] "Fitting mean A"
[1] "Fitting variance A"
[1] "DR"
[1] 0.06927047
[1] 0.04054765
[1] 0.8113208

 0  1 
10 43 
[1] "se comparison"
[1] 0.04729673
[1] 0.04670385
[1] 54
[1] -0.0002383956
[1] -0.01515926
[1] "AdaLSE"
[1] -0.05768732
[1] 0.04086014
[1] 0.7962963

 0  1 
11 43 
[1] "Fitting mean A"
[1] "Fitting variance A"
[1] "DR"
[1] -0.05545007
[1] 0.03686874
[1] 0.8148148

 0  1 
10 44 
[1] "se comparison"
[1] 0.04758516
[1] 0.04689526
[1] 55
[1] -0.0002383956
[1] -0.01515926
[1] "AdaLSE"
[1] -0.02743335
[1] 0.03624988
[1] 0.8

 0  1 
11 44 
[1] "Fitting mean A"
[1] "Fitting variance A"
[1] "DR"
[1] -0.0259272
[1] 0.03135492
[1] 0.8181818

 0  1 
10 45 
[1] "se comparison"
[1] 0.04731464
[1] 0.0465902
[1] 56
[1] -0.0002383956
[1] -0.01515926
[1] "AdaLSE"
[1] 0.04319795
[1] 0.0402074
[1] 0.8035714

 0  1 
11 45 
[1] "Fitting mean A"
[1] "Fitting variance A"
[1] "DR"
[1] 0.04207315
[1] 0.03798048
[1] 0.8214286

 0  1 
10 46 
[1] "se comparison"
[1] 0.04720579
[1] 0.04651374
[1] 57
[1] -0.0002383956
[1] -0.01515926
[1] "AdaLSE"
[1] 0.01549899
[1] 0.04059668
[1] 0.8070175

 0  1 
11 46 
[1] "Fitting mean A"
[1] "Fitting variance A"
[1] "DR"
[1] 0.01305778
[1] 0.03871741
[1] 0.8245614

 0  1 
10 47 
[1] "se comparison"
[1] 0.04681328
[1] 0.04612766
[1] 58
[1] -0.0002383956
[1] -0.01515926
[1] "AdaLSE"
[1] -0.03755639
[1] 0.04011044
[1] 0.8103448

 0  1 
11 47 
[1] "Fitting mean A"
[1] "Fitting variance A"
[1] "DR"
[1] -0.03701153
[1] 0.0383426
[1] 0.8275862

 0  1 
10 48 
[1] "se comparison"
[1] 0.04670377
[1] 0.04598574
[1] 59
[1] -0.0002383956
[1] -0.01515926
[1] "AdaLSE"
[1] 0.01103476
[1] 0.03923293
[1] 0.8135593

 0  1 
11 48 
[1] "Fitting mean A"
[1] "Fitting variance A"
[1] "DR"
[1] 0.005747416
[1] 0.0374684
[1] 0.8305085

 0  1 
10 49 
[1] "se comparison"
[1] 0.0463137
[1] 0.04559405
[1] 60
[1] -0.0002383956
[1] -0.01515926
[1] "AdaLSE"
[1] 0.007695974
[1] 0.04058197
[1] 0.8166667

 0  1 
11 49 
[1] "Fitting mean A"
[1] "Fitting variance A"
[1] "DR"
[1] -0.005761023
[1] 0.03605352
[1] 0.8333333

 0  1 
10 50 
[1] "se comparison"
[1] 0.04592474
[1] 0.04521202
[1] 61
[1] -0.0002383956
[1] -0.01515926
[1] "AdaLSE"
[1] 0.06974582
[1] 0.03935443
[1] 0.8032787

 0  1 
12 49 
[1] "Fitting mean A"
[1] "Fitting variance A"
[1] "DR"
[1] 0.06140444
[1] 0.03630265
[1] 0.8196721

 0  1 
11 50 
[1] "se comparison"
[1] 0.0463488
[1] 0.04552101
[1] 62
[1] -0.0002383956
[1] -0.01515926
[1] "AdaLSE"
[1] -0.03956155
[1] 0.03889908
[1] 0.8064516

 0  1 
12 50 
[1] "Fitting mean A"
[1] "Fitting variance A"
[1] "DR"
[1] -0.04465729
[1] 0.03792628
[1] 0.8225806

 0  1 
11 51 
[1] "se comparison"
[1] 0.04629203
[1] 0.04551499
[1] 63
[1] -0.0002383956
[1] -0.01515926
[1] "AdaLSE"
[1] 0.06604056
[1] 0.04031706
[1] 0.7936508

 0  1 
13 50 
[1] "Fitting mean A"
[1] "Fitting variance A"
[1] "DR"
[1] 0.06074468
[1] 0.03946797
[1] 0.8253968

 0  1 
11 52 
[1] "se comparison"
[1] 0.04660246
[1] 0.0457878
[1] 64
[1] -0.0002383956
[1] -0.01515926
[1] "AdaLSE"
[1] -0.0569097
[1] 0.0379207
[1] 0.796875

 0  1 
13 51 
[1] "Fitting mean A"
[1] "Fitting variance A"
[1] "DR"
[1] -0.05504983
[1] 0.03503738
[1] 0.828125

 0  1 
11 53 
[1] "se comparison"
[1] 0.0468507
[1] 0.04596185
[1] 65
[1] -0.0002383956
[1] -0.01515926
[1] "AdaLSE"
[1] -0.04547137
[1] 0.03867423
[1] 0.8

 0  1 
13 52 
[1] "Fitting mean A"
[1] "Fitting variance A"
[1] "DR"
[1] -0.0493335
[1] 0.0358291
[1] 0.8307692

 0  1 
11 54 
[1] "se comparison"
[1] 0.04686875
[1] 0.04601362
[1] 66
[1] -0.0002383956
[1] -0.01515926
[1] "AdaLSE"
[1] 0.05070814
[1] 0.04077497
[1] 0.8030303

 0  1 
13 53 
[1] "Fitting mean A"
[1] "Fitting variance A"
[1] "DR"
[1] 0.05089223
[1] 0.03934385
[1] 0.8333333

 0  1 
11 55 
[1] "se comparison"
[1] 0.04688933
[1] 0.04609525
[1] 67
[1] -0.0002383956
[1] -0.01515926
[1] "AdaLSE"
[1] 0.004530343
[1] 0.03822919
[1] 0.8059701

 0  1 
13 54 
[1] "Fitting mean A"
[1] "Fitting variance A"
[1] "DR"
[1] 0.007478645
[1] 0.0355497
[1] 0.8358209

 0  1 
11 56 
[1] "se comparison"
[1] 0.04653319
[1] 0.04575328
[1] 68
[1] -0.0002383956
[1] -0.01515926
[1] "AdaLSE"
[1] 0.01718071
[1] 0.04069533
[1] 0.8088235

 0  1 
13 55 
[1] "Fitting mean A"
[1] "Fitting variance A"
[1] "DR"
[1] 0.007306202
[1] 0.03707483
[1] 0.8382353

 0  1 
11 57 
[1] "se comparison"
[1] 0.04621703
[1] 0.04541841
[1] 69
[1] -0.0002383956
[1] -0.01515926
[1] "AdaLSE"
[1] -0.008000472
[1] 0.03667766
[1] 0.8115942

 0  1 
13 56 
[1] "Fitting mean A"
[1] "Fitting variance A"
[1] "DR"
[1] -0.004500771
[1] 0.03432492
[1] 0.8405797

 0  1 
11 58 
[1] "se comparison"
[1] 0.04589547
[1] 0.04508714
[1] 70
[1] -0.0002383956
[1] -0.01515926
[1] "AdaLSE"
[1] -0.01969171
[1] 0.042084
[1] 0.8142857

 0  1 
13 57 
[1] "Fitting mean A"
[1] "Fitting variance A"
[1] "DR"
[1] -0.02108211
[1] 0.03723317
[1] 0.8428571

 0  1 
11 59 
[1] "se comparison"
[1] 0.04564205
[1] 0.04483262
[1] 71
[1] -0.0002383956
[1] -0.01515926
[1] "AdaLSE"
[1] 0.03108552
[1] 0.03970925
[1] 0.8169014

 0  1 
13 58 
[1] "Fitting mean A"
[1] "Fitting variance A"
[1] "DR"
[1] 0.03683637
[1] 0.03803423
[1] 0.8450704

 0  1 
11 60 
[1] "se comparison"
[1] 0.04544047
[1] 0.04472466
[1] 72
[1] -0.0002383956
[1] -0.01515926
[1] "AdaLSE"
[1] 0.02335066
[1] 0.04125131
[1] 0.8194444

 0  1 
13 59 
[1] "Fitting mean A"
[1] "Fitting variance A"
[1] "DR"
[1] 0.02641225
[1] 0.0392052
[1] 0.8472222

 0  1 
11 61 
[1] "se comparison"
[1] 0.04518281
[1] 0.04451279
[1] 73
[1] -0.0002383956
[1] -0.01515926
[1] "AdaLSE"
[1] 0.1041652
[1] 0.04178852
[1] 0.8082192

 0  1 
14 59 
[1] "Fitting mean A"
[1] "Fitting variance A"
[1] "DR"
[1] 0.08785423
[1] 0.03918889
[1] 0.8356164

 0  1 
12 61 
[1] "se comparison"
[1] 0.04639448
[1] 0.045358
[1] 74
[1] -0.0002383956
[1] -0.01515926
[1] "AdaLSE"
[1] -0.03318526
[1] 0.04086727
[1] 0.8108108

 0  1 
14 60 
[1] "Fitting mean A"
[1] "Fitting variance A"
[1] "DR"
[1] -0.03426881
[1] 0.0351763
[1] 0.8378378

 0  1 
12 62 
[1] "se comparison"
[1] 0.04628562
[1] 0.04524456
[1] 75
[1] -0.0002383956
[1] -0.01515926
[1] "AdaLSE"
[1] 0.005156048
[1] 0.03856367
[1] 0.8133333

 0  1 
14 61 
[1] "Fitting mean A"
[1] "Fitting variance A"
[1] "DR"
[1] -0.005953359
[1] 0.03729659
[1] 0.84

 0  1 
12 63 
[1] "se comparison"
[1] 0.04597195
[1] 0.04494637
[1] 76
[1] -0.0002383956
[1] -0.01515926
[1] "AdaLSE"
[1] 0.04349724
[1] 0.0402002
[1] 0.8157895

 0  1 
14 62 
[1] "Fitting mean A"
[1] "Fitting variance A"
[1] "DR"
[1] 0.04583914
[1] 0.03608613
[1] 0.8421053

 0  1 
12 64 
[1] "se comparison"
[1] 0.04588638
[1] 0.04493399
[1] 77
[1] -0.0002383956
[1] -0.01515926
[1] "AdaLSE"
[1] 0.006762973
[1] 0.03939636
[1] 0.8181818

 0  1 
14 63 
[1] "Fitting mean A"
[1] "Fitting variance A"
[1] "DR"
[1] 0.01080779
[1] 0.03664006
[1] 0.8441558

 0  1 
12 65 
[1] "se comparison"
[1] 0.04558409
[1] 0.04464837
[1] 78
[1] -0.0002383956
[1] -0.01515926
[1] "AdaLSE"
[1] 0.06462483
[1] 0.04230126
[1] 0.8205128

 0  1 
14 64 
[1] "Fitting mean A"
[1] "Fitting variance A"
[1] "DR"
[1] 0.04639477
[1] 0.03827456
[1] 0.8461538

 0  1 
12 66 
[1] "se comparison"
[1] 0.04579185
[1] 0.04463844
[1] 79
[1] -0.0002383956
[1] -0.01515926
[1] "AdaLSE"
[1] 0.03642715
[1] 0.03997816
[1] 0.8227848

 0  1 
14 65 
[1] "Fitting mean A"
[1] "Fitting variance A"
[1] "DR"
[1] 0.03509082
[1] 0.03698288
[1] 0.8481013

 0  1 
12 67 
[1] "se comparison"
[1] 0.04563012
[1] 0.04449992
[1] 80
[1] -0.0002383956
[1] -0.01515926
[1] "AdaLSE"
[1] 0.03095489
[1] 0.04176094
[1] 0.825

 0  1 
14 66 
[1] "Fitting mean A"
[1] "Fitting variance A"
[1] "DR"
[1] 0.02256035
[1] 0.04056529
[1] 0.85

 0  1 
12 68 
[1] "se comparison"
[1] 0.04542683
[1] 0.04427028
[1] 81
[1] -0.0002383956
[1] -0.01515926
[1] "AdaLSE"
[1] 0.07540614
[1] 0.0425472
[1] 0.8148148

 0  1 
15 66 
[1] "Fitting mean A"
[1] "Fitting variance A"
[1] "DR"
[1] 0.06200343
[1] 0.04004622
[1] 0.8518519

 0  1 
12 69 
[1] "se comparison"
[1] 0.04579196
[1] 0.04447118
[1] 82
[1] -0.0002383956
[1] -0.01515926
[1] "AdaLSE"
[1] 0.03133756
[1] 0.03907493
[1] 0.8170732

 0  1 
15 67 
[1] "Fitting mean A"
[1] "Fitting variance A"
[1] "DR"
[1] 0.02485952
[1] 0.03732254
[1] 0.8536585

 0  1 
12 70 
[1] "se comparison"
[1] 0.04558725
[1] 0.04425481
[1] 83
[1] -0.0002383956
[1] -0.01515926
[1] "AdaLSE"
[1] -0.01337972
[1] 0.0423732
[1] 0.8192771

 0  1 
15 68 
[1] "Fitting mean A"
[1] "Fitting variance A"
[1] "DR"
[1] -0.0151592
[1] 0.04008306
[1] 0.8554217

 0  1 
12 71 
[1] "se comparison"
[1] 0.04536561
[1] 0.04403664
[1] 84
[1] -0.0002383956
[1] -0.01515926
[1] "AdaLSE"
[1] -0.01449104
[1] 0.04206039
[1] 0.8214286

 0  1 
15 69 
[1] "Fitting mean A"
[1] "Fitting variance A"
[1] "DR"
[1] -0.02877215
[1] 0.03776916
[1] 0.8571429

 0  1 
12 72 
[1] "se comparison"
[1] 0.04515309
[1] 0.04391806
[1] 85
[1] -0.0002383956
[1] -0.01515926
[1] "AdaLSE"
[1] -0.01085271
[1] 0.03962651
[1] 0.8235294

 0  1 
15 70 
[1] "Fitting mean A"
[1] "Fitting variance A"
[1] "DR"
[1] -0.0118221
[1] 0.03494506
[1] 0.8588235

 0  1 
12 73 
[1] "se comparison"
[1] 0.04492461
[1] 0.04368872
[1] 86
[1] -0.0002383956
[1] -0.01515926
[1] "AdaLSE"
[1] 0.02729047
[1] 0.04031183
[1] 0.8255814

 0  1 
15 71 
[1] "Fitting mean A"
[1] "Fitting variance A"
[1] "DR"
[1] 0.02162155
[1] 0.03856794
[1] 0.8604651

 0  1 
12 74 
[1] "se comparison"
[1] 0.04471499
[1] 0.04347436
[1] 87
[1] -0.0002383956
[1] -0.01515926
[1] "AdaLSE"
[1] 0.03946037
[1] 0.040737
[1] 0.8275862

 0  1 
15 72 
[1] "Fitting mean A"
[1] "Fitting variance A"
[1] "DR"
[1] 0.03807232
[1] 0.03917678
[1] 0.862069

 0  1 
12 75 
[1] "se comparison"
[1] 0.04459119
[1] 0.04337656
[1] 88
[1] -0.0002383956
[1] -0.01515926
[1] "AdaLSE"
[1] 0.03511519
[1] 0.03870659
[1] 0.8295455

 0  1 
15 73 
[1] "Fitting mean A"
[1] "Fitting variance A"
[1] "DR"
[1] 0.03235235
[1] 0.03918963
[1] 0.8636364

 0  1 
12 76 
[1] "se comparison"
[1] 0.04443346
[1] 0.04323071
[1] 89
[1] -0.0002383956
[1] -0.01515926
[1] "AdaLSE"
[1] 0.05406403
[1] 0.04053366
[1] 0.8314607

 0  1 
15 74 
[1] "Fitting mean A"
[1] "Fitting variance A"
[1] "DR"
[1] 0.04099674
[1] 0.03641991
[1] 0.8651685

 0  1 
12 77 
[1] "se comparison"
[1] 0.04445417
[1] 0.04315778
[1] 90
[1] -0.0002383956
[1] -0.01515926
[1] "AdaLSE"
[1] -0.002207232
[1] 0.04078305
[1] 0.8333333

 0  1 
15 75 
[1] "Fitting mean A"
[1] "Fitting variance A"
[1] "DR"
[1] -0.005071066
[1] 0.0364816
[1] 0.8666667

 0  1 
12 78 
[1] "se comparison"
[1] 0.04421708
[1] 0.04292762
[1] 91
[1] -0.0002383956
[1] -0.01515926
[1] "AdaLSE"
[1] 0.07467818
[1] 0.0429364
[1] 0.8241758

 0  1 
16 75 
[1] "Fitting mean A"
[1] "Fitting variance A"
[1] "DR"
[1] 0.07035175
[1] 0.04039159
[1] 0.8571429

 0  1 
13 78 
[1] "se comparison"
[1] 0.04452301
[1] 0.04323743
[1] 92
[1] -0.0002383956
[1] -0.01515926
[1] "AdaLSE"
[1] 0.01839559
[1] 0.04064549
[1] 0.826087

 0  1 
16 76 
[1] "Fitting mean A"
[1] "Fitting variance A"
[1] "DR"
[1] 0.01932321
[1] 0.03720835
[1] 0.8586957

 0  1 
13 79 
[1] "se comparison"
[1] 0.04428919
[1] 0.04302316
[1] 93
[1] -0.0002383956
[1] -0.01515926
[1] "AdaLSE"
[1] 0.05493142
[1] 0.03873304
[1] 0.827957

 0  1 
16 77 
[1] "Fitting mean A"
[1] "Fitting variance A"
[1] "DR"
[1] 0.05381173
[1] 0.03423862
[1] 0.8494624

 0  1 
14 79 
[1] "se comparison"
[1] 0.04430651
[1] 0.04307851
[1] 94
[1] -0.0002383956
[1] -0.01515926
[1] "AdaLSE"
[1] -0.02825183
[1] 0.04055556
[1] 0.8297872

 0  1 
16 78 
[1] "Fitting mean A"
[1] "Fitting variance A"
[1] "DR"
[1] -0.02250695
[1] 0.03796034
[1] 0.8510638

 0  1 
14 80 
[1] "se comparison"
[1] 0.04423775
[1] 0.04294862
[1] 95
[1] -0.0002383956
[1] -0.01515926
[1] "AdaLSE"
[1] -0.04055473
[1] 0.03899064
[1] 0.8315789

 0  1 
16 79 
[1] "Fitting mean A"
[1] "Fitting variance A"
[1] "DR"
[1] -0.0416364
[1] 0.03636111
[1] 0.8526316

 0  1 
14 81 
[1] "se comparison"
[1] 0.04429367
[1] 0.04299724
[1] 96
[1] -0.0002383956
[1] -0.01515926
[1] "AdaLSE"
[1] -0.04651487
[1] 0.03881594
[1] 0.8333333

 0  1 
16 80 
[1] "Fitting mean A"
[1] "Fitting variance A"
[1] "DR"
[1] -0.04368307
[1] 0.03612015
[1] 0.8541667

 0  1 
14 82 
[1] "se comparison"
[1] 0.04441502
[1] 0.0430629
[1] 97
[1] -0.0002383956
[1] -0.01515926
[1] "AdaLSE"
[1] -0.01021014
[1] 0.04061586
[1] 0.8350515

 0  1 
16 81 
[1] "Fitting mean A"
[1] "Fitting variance A"
[1] "DR"
[1] -0.01266787
[1] 0.0381372
[1] 0.8556701

 0  1 
14 83 
[1] "se comparison"
[1] 0.04422104
[1] 0.04287517
[1] 98
[1] -0.0002383956
[1] -0.01515926
[1] "AdaLSE"
[1] -0.0005779831
[1] 0.03936613
[1] 0.8367347

 0  1 
16 82 
[1] "Fitting mean A"
[1] "Fitting variance A"
[1] "DR"
[1] 0.002849117
[1] 0.03460009
[1] 0.8571429

 0  1 
14 84 
[1] "se comparison"
[1] 0.04400034
[1] 0.04265401
[1] 99
[1] -0.0002383956
[1] -0.01515926
[1] "AdaLSE"
[1] 0.0850285
[1] 0.04064636
[1] 0.8282828

 0  1 
17 82 
[1] "Fitting mean A"
[1] "Fitting variance A"
[1] "DR"
[1] 0.08618588
[1] 0.03786218
[1] 0.8484848

 0  1 
15 84 
[1] "se comparison"
[1] 0.04446227
[1] 0.04321878
[1] 100
[1] -0.0002383956
[1] -0.01515926
[1] "AdaLSE"
[1] 0.04535027
[1] 0.04052994
[1] 0.83

 0  1 
17 83 
[1] "Fitting mean A"
[1] "Fitting variance A"
[1] "DR"
[1] 0.05421564
[1] 0.03666512
[1] 0.85

 0  1 
15 85 
[1] "se comparison"
[1] 0.04439166
[1] 0.04327473
[1] 101
[1] -0.0002383956
[1] -0.01515926
[1] "AdaLSE"
[1] 0.04338713
[1] 0.0392786
[1] 0.8316832

 0  1 
17 84 
[1] "Fitting mean A"
[1] "Fitting variance A"
[1] "DR"
[1] 0.04907625
[1] 0.03756024
[1] 0.8514851

 0  1 
15 86 
[1] "se comparison"
[1] 0.04430369
[1] 0.04327049
[1] 102
[1] -0.0002383956
[1] -0.01515926
[1] "AdaLSE"
[1] 0.03768029
[1] 0.04065271
[1] 0.8333333

 0  1 
17 85 
[1] "Fitting mean A"
[1] "Fitting variance A"
[1] "DR"
[1] 0.03633498
[1] 0.03779983
[1] 0.8529412

 0  1 
15 87 
[1] "se comparison"
[1] 0.04417483
[1] 0.04315737
[1] 103
[1] -0.0002383956
[1] -0.01515926
[1] "AdaLSE"
[1] -0.00519701
[1] 0.03854298
[1] 0.8349515

 0  1 
17 86 
[1] "Fitting mean A"
[1] "Fitting variance A"
[1] "DR"
[1] -0.01251629
[1] 0.0355229
[1] 0.8543689

 0  1 
15 88 
[1] "se comparison"
[1] 0.04398108
[1] 0.04298716
[1] 104
[1] -0.0002383956
[1] -0.01515926
[1] "AdaLSE"
[1] 0.08151942
[1] 0.0405239
[1] 0.8269231

 0  1 
18 86 
[1] "Fitting mean A"
[1] "Fitting variance A"
[1] "DR"
[1] 0.08108947
[1] 0.03874124
[1] 0.8461538

 0  1 
16 88 
[1] "se comparison"
[1] 0.04433791
[1] 0.04339798
[1] 105
[1] -0.0002383956
[1] -0.01515926
[1] "AdaLSE"
[1] 0.03861011
[1] 0.03561877
[1] 0.8285714

 0  1 
18 87 
[1] "Fitting mean A"
[1] "Fitting variance A"
[1] "DR"
[1] 0.03728363
[1] 0.03464498
[1] 0.847619

 0  1 
16 89 
[1] "se comparison"
[1] 0.04421315
[1] 0.04328809
[1] 106
[1] -0.0002383956
[1] -0.01515926
[1] "AdaLSE"
[1] 0.07955769
[1] 0.03794124
[1] 0.8207547

 0  1 
19 87 
[1] "Fitting mean A"
[1] "Fitting variance A"
[1] "DR"
[1] 0.0661722
[1] 0.03681196
[1] 0.8396226

 0  1 
17 89 
[1] "se comparison"
[1] 0.04451531
[1] 0.04345612
[1] 107
[1] -0.0002383956
[1] -0.01515926
[1] "AdaLSE"
[1] -0.0366944
[1] 0.03853733
[1] 0.8224299

 0  1 
19 88 
[1] "Fitting mean A"
[1] "Fitting variance A"
[1] "DR"
[1] -0.03975882
[1] 0.03437465
[1] 0.8411215

 0  1 
17 90 
[1] "se comparison"
[1] 0.04454231
[1] 0.04349743
[1] 108
[1] -0.0002383956
[1] -0.01515926
[1] "AdaLSE"
[1] -0.07688399
[1] 0.04286484
[1] 0.8240741

 0  1 
19 89 
[1] "Fitting mean A"
[1] "Fitting variance A"
[1] "DR"
[1] -0.07433372
[1] 0.04147601
[1] 0.8425926

 0  1 
17 91 
[1] "se comparison"
[1] 0.04512181
[1] 0.04400666
[1] 109
[1] -0.0002383956
[1] -0.01515926
[1] "AdaLSE"
[1] 0.02878533
[1] 0.03965786
[1] 0.8256881

 0  1 
19 90 
[1] "Fitting mean A"
[1] "Fitting variance A"
[1] "DR"
[1] 0.02478028
[1] 0.03764202
[1] 0.8440367

 0  1 
17 92 
[1] "se comparison"
[1] 0.04495013
[1] 0.04383593
[1] 110
[1] -0.0002383956
[1] -0.01515926
[1] "AdaLSE"
[1] -0.1071634
[1] 0.03734053
[1] 0.8181818

 0  1 
20 90 
[1] "Fitting mean A"
[1] "Fitting variance A"
[1] "DR"
[1] -0.1069375
[1] 0.03507873
[1] 0.8363636

 0  1 
18 92 
[1] "se comparison"
[1] 0.04611102
[1] 0.04496776
[1] 111
[1] -0.0002383956
[1] -0.01515926
[1] "AdaLSE"
[1] 0.07130716
[1] 0.03981871
[1] 0.8108108

 0  1 
21 90 
[1] "Fitting mean A"
[1] "Fitting variance A"
[1] "DR"
[1] 0.06224548
[1] 0.03718987
[1] 0.8288288

 0  1 
19 92 
[1] "se comparison"
[1] 0.04628423
[1] 0.04507986
[1] 112
[1] -0.0002383956
[1] -0.01515926
[1] "AdaLSE"
[1] -0.06034868
[1] 0.0415475
[1] 0.8125

 0  1 
21 91 
[1] "Fitting mean A"
[1] "Fitting variance A"
[1] "DR"
[1] -0.06726029
[1] 0.03737384
[1] 0.8303571

 0  1 
19 93 
[1] "se comparison"
[1] 0.04654218
[1] 0.04541477
[1] 113
[1] -0.0002383956
[1] -0.01515926
[1] "AdaLSE"
[1] 0.01159025
[1] 0.03985542
[1] 0.8141593

 0  1 
21 92 
[1] "Fitting mean A"
[1] "Fitting variance A"
[1] "DR"
[1] 0.009008545
[1] 0.03636069
[1] 0.8318584

 0  1 
19 94 
[1] "se comparison"
[1] 0.04633478
[1] 0.04521253
[1] 114
[1] -0.0002383956
[1] -0.01515926
[1] "AdaLSE"
[1] -0.07507971
[1] 0.0379049
[1] 0.8157895

 0  1 
21 93 
[1] "Fitting mean A"
[1] "Fitting variance A"
[1] "DR"
[1] -0.07422135
[1] 0.03518403
[1] 0.8333333

 0  1 
19 95 
[1] "se comparison"
[1] 0.04679114
[1] 0.04563323
[1] 115
[1] -0.0002383956
[1] -0.01515926
[1] "AdaLSE"
[1] 0.03374744
[1] 0.0387339
[1] 0.8173913

 0  1 
21 94 
[1] "Fitting mean A"
[1] "Fitting variance A"
[1] "DR"
[1] 0.0360868
[1] 0.03804329
[1] 0.8347826

 0  1 
19 96 
[1] "se comparison"
[1] 0.04664769
[1] 0.04552388
[1] 116
[1] -0.0002383956
[1] -0.01515926
[1] "AdaLSE"
[1] -0.07290663
[1] 0.04064235
[1] 0.8189655

 0  1 
21 95 
[1] "Fitting mean A"
[1] "Fitting variance A"
[1] "DR"
[1] -0.08627949
[1] 0.03794767
[1] 0.8362069

 0  1 
19 97 
[1] "se comparison"
[1] 0.0470501
[1] 0.046119
[1] 117
[1] -0.0002383956
[1] -0.01515926
[1] "AdaLSE"
[1] 0.056366
[1] 0.03770981
[1] 0.8205128

 0  1 
21 96 
[1] "Fitting mean A"
[1] "Fitting variance A"
[1] "DR"
[1] 0.05730941
[1] 0.03565872
[1] 0.8290598

 0  1 
20 97 
[1] "se comparison"
[1] 0.0470647
[1] 0.0461769
[1] 118
[1] -0.0002383956
[1] -0.01515926
[1] "AdaLSE"
[1] 0.07079611
[1] 0.039678
[1] 0.8135593

 0  1 
22 96 
[1] "Fitting mean A"
[1] "Fitting variance A"
[1] "DR"
[1] 0.0669474
[1] 0.03745185
[1] 0.8220339

 0  1 
21 97 
[1] "se comparison"
[1] 0.04721992
[1] 0.04633004
[1] 119
[1] -0.0002383956
[1] -0.01515926
[1] "AdaLSE"
[1] 0.0872812
[1] 0.04041577
[1] 0.8067227

 0  1 
23 96 
[1] "Fitting mean A"
[1] "Fitting variance A"
[1] "DR"
[1] 0.09145771
[1] 0.03842443
[1] 0.8151261

 0  1 
22 97 
[1] "se comparison"
[1] 0.04757228
[1] 0.04679914
[1] 120
[1] -0.0002383956
[1] -0.01515926
[1] "AdaLSE"
[1] 0.06775363
[1] 0.04276921
[1] 0.8083333

 0  1 
23 97 
[1] "Fitting mean A"
[1] "Fitting variance A"
[1] "DR"
[1] 0.06232194
[1] 0.04045824
[1] 0.8166667

 0  1 
22 98 
[1] "se comparison"
[1] 0.04767405
[1] 0.04688118
[1] 121
[1] -0.0002383956
[1] -0.01515926
[1] "AdaLSE"
[1] 0.1052108
[1] 0.04235497
[1] 0.8016529

 0  1 
24 97 
[1] "Fitting mean A"
[1] "Fitting variance A"
[1] "DR"
[1] 0.09370215
[1] 0.04026839
[1] 0.8099174

 0  1 
23 98 
[1] "se comparison"
[1] 0.048265
[1] 0.04734863
[1] 122
[1] -0.0002383956
[1] -0.01515926
[1] "AdaLSE"
[1] -0.04299553
[1] 0.03700961
[1] 0.8032787

 0  1 
24 98 
[1] "Fitting mean A"
[1] "Fitting variance A"
[1] "DR"
[1] -0.05927294
[1] 0.03378706
[1] 0.8114754

 0  1 
23 99 
[1] "se comparison"
[1] 0.04830706
[1] 0.04753912
[1] 123
[1] -0.0002383956
[1] -0.01515926
[1] "AdaLSE"
[1] -0.01671063
[1] 0.04079584
[1] 0.804878

 0  1 
24 99 
[1] "Fitting mean A"
[1] "Fitting variance A"
[1] "DR"
[1] -0.01613715
[1] 0.039698
[1] 0.8130081

  0   1 
 23 100 
[1] "se comparison"
[1] 0.04816846
[1] 0.04738985
[1] 124
[1] -0.0002383956
[1] -0.01515926
[1] "AdaLSE"
[1] 0.03664967
[1] 0.04175818
[1] 0.8064516

  0   1 
 24 100 
[1] "Fitting mean A"
[1] "Fitting variance A"
[1] "DR"
[1] 0.02614893
[1] 0.03626473
[1] 0.8145161

  0   1 
 23 101 
[1] "se comparison"
[1] 0.04803334
[1] 0.04722874
[1] 125
[1] -0.0002383956
[1] -0.01515926
[1] "AdaLSE"
[1] -0.009669056
[1] 0.03459022
[1] 0.808

  0   1 
 24 101 
[1] "Fitting mean A"
[1] "Fitting variance A"
[1] "DR"
[1] -0.008360769
[1] 0.0325669
[1] 0.816

  0   1 
 23 102 
[1] "se comparison"
[1] 0.04787128
[1] 0.0470579
[1] 126
[1] -0.0002383956
[1] -0.01515926
[1] "AdaLSE"
[1] 0.05674237
[1] 0.04436004
[1] 0.8095238

  0   1 
 24 102 
[1] "Fitting mean A"
[1] "Fitting variance A"
[1] "DR"
[1] 0.05086104
[1] 0.03674109
[1] 0.8174603

  0   1 
 23 103 
[1] "se comparison"
[1] 0.0478629
[1] 0.047033
[1] 127
[1] -0.0002383956
[1] -0.01515926
[1] "AdaLSE"
[1] 0.05054903
[1] 0.03701702
[1] 0.8110236

  0   1 
 24 103 
[1] "Fitting mean A"
[1] "Fitting variance A"
[1] "DR"
[1] 0.04228262
[1] 0.03445744
[1] 0.8188976

  0   1 
 23 104 
[1] "se comparison"
[1] 0.0478074
[1] 0.04694932
[1] 128
[1] -0.0002383956
[1] -0.01515926
[1] "AdaLSE"
[1] -0.01735758
[1] 0.0410153
[1] 0.8125

  0   1 
 24 104 
[1] "Fitting mean A"
[1] "Fitting variance A"
[1] "DR"
[1] -0.02854595
[1] 0.03513183
[1] 0.8203125

  0   1 
 23 105 
[1] "se comparison"
[1] 0.04768213
[1] 0.04687237
[1] 129
[1] -0.0002383956
[1] -0.01515926
[1] "AdaLSE"
[1] 0.01799039
[1] 0.04367286
[1] 0.8139535

  0   1 
 24 105 
[1] "Fitting mean A"
[1] "Fitting variance A"
[1] "DR"
[1] 0.008348828
[1] 0.03990796
[1] 0.8217054

  0   1 
 23 106 
[1] "se comparison"
[1] 0.04750044
[1] 0.04668903
[1] 130
[1] -0.0002383956
[1] -0.01515926
[1] "AdaLSE"
[1] 0.06612879
[1] 0.03544453
[1] 0.8076923

  0   1 
 25 105 
[1] "Fitting mean A"
[1] "Fitting variance A"
[1] "DR"
[1] 0.06550577
[1] 0.03366667
[1] 0.8153846

  0   1 
 24 106 
[1] "se comparison"
[1] 0.04756886
[1] 0.04678798
[1] 131
[1] -0.0002383956
[1] -0.01515926
[1] "AdaLSE"
[1] 0.05619304
[1] 0.04314124
[1] 0.8091603

  0   1 
 25 106 
[1] "Fitting mean A"
[1] "Fitting variance A"
[1] "DR"
[1] 0.03851244
[1] 0.03893634
[1] 0.8167939

  0   1 
 24 107 
[1] "se comparison"
[1] 0.0475519
[1] 0.04668561
[1] 132
[1] -0.0002383956
[1] -0.01515926
[1] "AdaLSE"
[1] -0.0207471
[1] 0.03786322
[1] 0.8106061

  0   1 
 25 107 
[1] "Fitting mean A"
[1] "Fitting variance A"
[1] "DR"
[1] -0.02506344
[1] 0.03519716
[1] 0.8181818

  0   1 
 24 108 
[1] "se comparison"
[1] 0.04745086
[1] 0.04659542
[1] 133
[1] -0.0002383956
[1] -0.01515926
[1] "AdaLSE"
[1] -0.01683019
[1] 0.04070143
[1] 0.8120301

  0   1 
 25 108 
[1] "Fitting mean A"
[1] "Fitting variance A"
[1] "DR"
[1] -0.02923241
[1] 0.03527567
[1] 0.8195489

  0   1 
 24 109 
[1] "se comparison"
[1] 0.04733152
[1] 0.04652856
[1] 134
[1] -0.0002383956
[1] -0.01515926
[1] "AdaLSE"
[1] 0.07827433
[1] 0.04153273
[1] 0.8059701

  0   1 
 26 108 
[1] "Fitting mean A"
[1] "Fitting variance A"
[1] "DR"
[1] 0.07620419
[1] 0.03802615
[1] 0.8134328

  0   1 
 25 109 
[1] "se comparison"
[1] 0.04751421
[1] 0.04673327
[1] 135
[1] -0.0002383956
[1] -0.01515926
[1] "AdaLSE"
[1] 0.01671088
[1] 0.03951059
[1] 0.8074074

  0   1 
 26 109 
[1] "Fitting mean A"
[1] "Fitting variance A"
[1] "DR"
[1] 0.01265588
[1] 0.03760279
[1] 0.8148148

  0   1 
 25 110 
[1] "se comparison"
[1] 0.04733904
[1] 0.04656038
[1] 136
[1] -0.0002383956
[1] -0.01515926
[1] "AdaLSE"
[1] 0.02664243
[1] 0.04111832
[1] 0.8088235

  0   1 
 26 110 
[1] "Fitting mean A"
[1] "Fitting variance A"
[1] "DR"
[1] 0.01934526
[1] 0.03809026
[1] 0.8161765

  0   1 
 25 111 
[1] "se comparison"
[1] 0.04718208
[1] 0.04639798
[1] 137
[1] -0.0002383956
[1] -0.01515926
[1] "AdaLSE"
[1] -0.0466571
[1] 0.0431839
[1] 0.810219

  0   1 
 26 111 
[1] "Fitting mean A"
[1] "Fitting variance A"
[1] "DR"
[1] -0.0472125
[1] 0.03945743
[1] 0.8175182

  0   1 
 25 112 
[1] "se comparison"
[1] 0.04726807
[1] 0.04646708
[1] 138
[1] -0.0002383956
[1] -0.01515926
[1] "AdaLSE"
[1] 0.06252615
[1] 0.04231218
[1] 0.8115942

  0   1 
 26 112 
[1] "Fitting mean A"
[1] "Fitting variance A"
[1] "DR"
[1] 0.05431249
[1] 0.04092456
[1] 0.8188406

  0   1 
 25 113 
[1] "se comparison"
[1] 0.04730029
[1] 0.0464677
[1] 139
[1] -0.0002383956
[1] -0.01515926
[1] "AdaLSE"
[1] 0.0702876
[1] 0.04138556
[1] 0.8057554

  0   1 
 27 112 
[1] "Fitting mean A"
[1] "Fitting variance A"
[1] "DR"
[1] 0.06162568
[1] 0.03803388
[1] 0.8129496

  0   1 
 26 113 
[1] "se comparison"
[1] 0.04739417
[1] 0.04652251
[1] 140
[1] -0.0002383956
[1] -0.01515926
[1] "AdaLSE"
[1] -0.04862329
[1] 0.04328381
[1] 0.8071429

  0   1 
 27 113 
[1] "Fitting mean A"
[1] "Fitting variance A"
[1] "DR"
[1] -0.0444998
[1] 0.04126946
[1] 0.8142857

  0   1 
 26 114 
[1] "se comparison"
[1] 0.04749727
[1] 0.04656928
[1] 141
[1] -0.0002383956
[1] -0.01515926
[1] "AdaLSE"
[1] -0.03231104
[1] 0.03905604
[1] 0.8085106

  0   1 
 27 114 
[1] "Fitting mean A"
[1] "Fitting variance A"
[1] "DR"
[1] -0.03251946
[1] 0.03525083
[1] 0.8156028

  0   1 
 26 115 
[1] "se comparison"
[1] 0.04746905
[1] 0.04652758
[1] 142
[1] -0.0002383956
[1] -0.01515926
[1] "AdaLSE"
[1] 0.005596964
[1] 0.04063
[1] 0.8098592

  0   1 
 27 115 
[1] "Fitting mean A"
[1] "Fitting variance A"
[1] "DR"
[1] 0.007945045
[1] 0.03755796
[1] 0.8169014

  0   1 
 26 116 
[1] "se comparison"
[1] 0.04730252
[1] 0.0463623
[1] 143
[1] -0.0002383956
[1] -0.01515926
[1] "AdaLSE"
[1] 0.06258856
[1] 0.03913187
[1] 0.8041958

  0   1 
 28 115 
[1] "Fitting mean A"
[1] "Fitting variance A"
[1] "DR"
[1] 0.06250375
[1] 0.03895461
[1] 0.8111888

  0   1 
 27 116 
[1] "se comparison"
[1] 0.04733369
[1] 0.0464259
[1] 144
[1] -0.0002383956
[1] -0.01515926
[1] "AdaLSE"
[1] 0.04367127
[1] 0.04033706
[1] 0.8055556

  0   1 
 28 116 
[1] "Fitting mean A"
[1] "Fitting variance A"
[1] "DR"
[1] 0.04049575
[1] 0.03663927
[1] 0.8125

  0   1 
 27 117 
[1] "se comparison"
[1] 0.04724532
[1] 0.0463423
[1] 145
[1] -0.0002383956
[1] -0.01515926
[1] "AdaLSE"
[1] 0.04600926
[1] 0.0407596
[1] 0.8068966

  0   1 
 28 117 
[1] "Fitting mean A"
[1] "Fitting variance A"
[1] "DR"
[1] 0.03739067
[1] 0.03659193
[1] 0.8137931

  0   1 
 27 118 
[1] "se comparison"
[1] 0.04716836
[1] 0.04624442
[1] 146
[1] -0.0002383956
[1] -0.01515926
[1] "AdaLSE"
[1] 0.0424307
[1] 0.0388614
[1] 0.8082192

  0   1 
 28 118 
[1] "Fitting mean A"
[1] "Fitting variance A"
[1] "DR"
[1] 0.0284577
[1] 0.03655683
[1] 0.8150685

  0   1 
 27 119 
[1] "se comparison"
[1] 0.04707422
[1] 0.04611438
[1] 147
[1] -0.0002383956
[1] -0.01515926
[1] "AdaLSE"
[1] 0.0003456214
[1] 0.03704413
[1] 0.8095238

  0   1 
 28 119 
[1] "Fitting mean A"
[1] "Fitting variance A"
[1] "DR"
[1] 0.001963803
[1] 0.03542242
[1] 0.8163265

  0   1 
 27 120 
[1] "se comparison"
[1] 0.04692242
[1] 0.04595944
[1] 148
[1] -0.0002383956
[1] -0.01515926
[1] "AdaLSE"
[1] -0.006833706
[1] 0.04138328
[1] 0.8108108

  0   1 
 28 120 
[1] "Fitting mean A"
[1] "Fitting variance A"
[1] "DR"
[1] -0.001910386
[1] 0.03719735
[1] 0.8175676

  0   1 
 27 121 
[1] "se comparison"
[1] 0.04678769
[1] 0.04581093
[1] 149
[1] -0.0002383956
[1] -0.01515926
[1] "AdaLSE"
[1] 0.06563601
[1] 0.04092027
[1] 0.8053691

  0   1 
 29 120 
[1] "Fitting mean A"
[1] "Fitting variance A"
[1] "DR"
[1] 0.05840199
[1] 0.03826862
[1] 0.8187919

  0   1 
 27 122 
[1] "se comparison"
[1] 0.04683825
[1] 0.04583868
[1] 150
[1] -0.0002383956
[1] -0.01515926
[1] "AdaLSE"
[1] 0.09802026
[1] 0.04067903
[1] 0.8

  0   1 
 30 120 
[1] "Fitting mean A"
[1] "Fitting variance A"
[1] "DR"
[1] 0.09138355
[1] 0.03764713
[1] 0.8133333

  0   1 
 28 122 
[1] "se comparison"
[1] 0.04720551
[1] 0.0461793
[1] 151
[1] -0.0002383956
[1] -0.01515926
[1] "AdaLSE"
[1] 0.0315938
[1] 0.03850162
[1] 0.8013245

  0   1 
 30 121 
[1] "Fitting mean A"
[1] "Fitting variance A"
[1] "DR"
[1] 0.03114564
[1] 0.03743958
[1] 0.8145695

  0   1 
 28 123 
[1] "se comparison"
[1] 0.04707319
[1] 0.04605922
[1] 152
[1] -0.0002383956
[1] -0.01515926
[1] "AdaLSE"
[1] -0.07626037
[1] 0.04094441
[1] 0.8026316

  0   1 
 30 122 
[1] "Fitting mean A"
[1] "Fitting variance A"
[1] "DR"
[1] -0.08400054
[1] 0.03760341
[1] 0.8157895

  0   1 
 28 124 
[1] "se comparison"
[1] 0.0474694
[1] 0.04652886
[1] 153
[1] -0.0002383956
[1] -0.01515926
[1] "AdaLSE"
[1] 0.002092404
[1] 0.04563016
[1] 0.8039216

  0   1 
 30 123 
[1] "Fitting mean A"
[1] "Fitting variance A"
[1] "DR"
[1] -0.01178268
[1] 0.04030636
[1] 0.8169935

  0   1 
 28 125 
[1] "se comparison"
[1] 0.04732001
[1] 0.04640568
[1] 154
[1] -0.0002383956
[1] -0.01515926
[1] "AdaLSE"
[1] 0.03768159
[1] 0.03884852
[1] 0.8051948

  0   1 
 30 124 
[1] "Fitting mean A"
[1] "Fitting variance A"
[1] "DR"
[1] 0.0333748
[1] 0.03738138
[1] 0.8181818

  0   1 
 28 126 
[1] "se comparison"
[1] 0.04721012
[1] 0.04629628
[1] 155
[1] -0.0002383956
[1] -0.01515926
[1] "AdaLSE"
[1] 0.05275937
[1] 0.03992244
[1] 0.8064516

  0   1 
 30 125 
[1] "Fitting mean A"
[1] "Fitting variance A"
[1] "DR"
[1] 0.05331862
[1] 0.03832209
[1] 0.8193548

  0   1 
 28 127 
[1] "se comparison"
[1] 0.04716883
[1] 0.04628329
[1] 156
[1] -0.0002383956
[1] -0.01515926
[1] "AdaLSE"
[1] -0.06039229
[1] 0.03886965
[1] 0.8076923

  0   1 
 30 126 
[1] "Fitting mean A"
[1] "Fitting variance A"
[1] "DR"
[1] -0.06533707
[1] 0.03719291
[1] 0.8205128

  0   1 
 28 128 
[1] "se comparison"
[1] 0.04737758
[1] 0.04651824
[1] 157
[1] -0.0002383956
[1] -0.01515926
[1] "AdaLSE"
[1] -0.04137467
[1] 0.03914037
[1] 0.8089172

  0   1 
 30 127 
[1] "Fitting mean A"
[1] "Fitting variance A"
[1] "DR"
[1] -0.04048919
[1] 0.03737026
[1] 0.8216561

  0   1 
 28 129 
[1] "se comparison"
[1] 0.04741769
[1] 0.046535
[1] 158
[1] -0.0002383956
[1] -0.01515926
[1] "AdaLSE"
[1] 0.01013639
[1] 0.03845588
[1] 0.8101266

  0   1 
 30 128 
[1] "Fitting mean A"
[1] "Fitting variance A"
[1] "DR"
[1] 0.006922292
[1] 0.03466647
[1] 0.8227848

  0   1 
 28 130 
[1] "se comparison"
[1] 0.04726661
[1] 0.04638672
[1] 159
[1] -0.0002383956
[1] -0.01515926
[1] "AdaLSE"
[1] -0.0599278
[1] 0.03605923
[1] 0.8113208

  0   1 
 30 129 
[1] "Fitting mean A"
[1] "Fitting variance A"
[1] "DR"
[1] -0.05612171
[1] 0.03384957
[1] 0.8238994

  0   1 
 28 131 
[1] "se comparison"
[1] 0.04745813
[1] 0.04652203
[1] 160
[1] -0.0002383956
[1] -0.01515926
[1] "AdaLSE"
[1] 0.05056782
[1] 0.04111114
[1] 0.8125

  0   1 
 30 130 
[1] "Fitting mean A"
[1] "Fitting variance A"
[1] "DR"
[1] 0.0378546
[1] 0.03798003
[1] 0.825

  0   1 
 28 132 
[1] "se comparison"
[1] 0.04741058
[1] 0.04643551
[1] 161
[1] -0.0002383956
[1] -0.01515926
[1] "AdaLSE"
[1] -0.02571611
[1] 0.04523977
[1] 0.8136646

  0   1 
 30 131 
[1] "Fitting mean A"
[1] "Fitting variance A"
[1] "DR"
[1] -0.03774542
[1] 0.04108525
[1] 0.826087

  0   1 
 28 133 
[1] "se comparison"
[1] 0.04735317
[1] 0.04643151
[1] 162
[1] -0.0002383956
[1] -0.01515926
[1] "AdaLSE"
[1] 0.05175984
[1] 0.04385774
[1] 0.8148148

  0   1 
 30 132 
[1] "Fitting mean A"
[1] "Fitting variance A"
[1] "DR"
[1] 0.03092904
[1] 0.03748008
[1] 0.8271605

  0   1 
 28 134 
[1] "se comparison"
[1] 0.0473129
[1] 0.04632243
[1] 163
[1] -0.0002383956
[1] -0.01515926
[1] "AdaLSE"
[1] 0.0397555
[1] 0.03891896
[1] 0.8159509

  0   1 
 30 133 
[1] "Fitting mean A"
[1] "Fitting variance A"
[1] "DR"
[1] 0.03084954
[1] 0.03725597
[1] 0.8282209

  0   1 
 28 135 
[1] "se comparison"
[1] 0.04721843
[1] 0.04621376
[1] 164
[1] -0.0002383956
[1] -0.01515926
[1] "AdaLSE"
[1] 0.02904954
[1] 0.03945382
[1] 0.8170732

  0   1 
 30 134 
[1] "Fitting mean A"
[1] "Fitting variance A"
[1] "DR"
[1] 0.02879415
[1] 0.0340015
[1] 0.8292683

  0   1 
 28 136 
[1] "se comparison"
[1] 0.04709285
[1] 0.04609988
[1] 165
[1] -0.0002383956
[1] -0.01515926
[1] "AdaLSE"
[1] 0.00111179
[1] 0.03886887
[1] 0.8181818

  0   1 
 30 135 
[1] "Fitting mean A"
[1] "Fitting variance A"
[1] "DR"
[1] 0.005042832
[1] 0.03624204
[1] 0.830303

  0   1 
 28 137 
[1] "se comparison"
[1] 0.04695644
[1] 0.04595982
[1] 166
[1] -0.0002383956
[1] -0.01515926
[1] "AdaLSE"
[1] -0.042755
[1] 0.04174537
[1] 0.8192771

  0   1 
 30 136 
[1] "Fitting mean A"
[1] "Fitting variance A"
[1] "DR"
[1] -0.05204638
[1] 0.03605782
[1] 0.8313253

  0   1 
 28 138 
[1] "se comparison"
[1] 0.04700464
[1] 0.04605904
[1] 167
[1] -0.0002383956
[1] -0.01515926
[1] "AdaLSE"
[1] 0.08692799
[1] 0.03981293
[1] 0.8143713

  0   1 
 31 136 
[1] "Fitting mean A"
[1] "Fitting variance A"
[1] "DR"
[1] 0.07824944
[1] 0.03754352
[1] 0.8263473

  0   1 
 29 138 
[1] "se comparison"
[1] 0.04722574
[1] 0.04624139
[1] 168
[1] -0.0002383956
[1] -0.01515926
[1] "AdaLSE"
[1] 0.08492079
[1] 0.03773254
[1] 0.8095238

  0   1 
 32 136 
[1] "Fitting mean A"
[1] "Fitting variance A"
[1] "DR"
[1] 0.08221773
[1] 0.03491512
[1] 0.8214286

  0   1 
 30 138 
[1] "se comparison"
[1] 0.04742027
[1] 0.04645365
[1] 169
[1] -0.0002383956
[1] -0.01515926
[1] "AdaLSE"
[1] -0.005439404
[1] 0.03964065
[1] 0.8106509

  0   1 
 32 137 
[1] "Fitting mean A"
[1] "Fitting variance A"
[1] "DR"
[1] -0.004777213
[1] 0.03662215
[1] 0.8224852

  0   1 
 30 139 
[1] "se comparison"
[1] 0.04729862
[1] 0.04632694
[1] 170
[1] -0.0002383956
[1] -0.01515926
[1] "AdaLSE"
[1] 0.04315031
[1] 0.03941947
[1] 0.8117647

  0   1 
 32 138 
[1] "Fitting mean A"
[1] "Fitting variance A"
[1] "DR"
[1] 0.04434374
[1] 0.03860454
[1] 0.8235294

  0   1 
 30 140 
[1] "se comparison"
[1] 0.04721819
[1] 0.04627046
[1] 171
[1] -0.0002383956
[1] -0.01515926
[1] "AdaLSE"
[1] 0.0639686
[1] 0.04016813
[1] 0.8070175

  0   1 
 33 138 
[1] "Fitting mean A"
[1] "Fitting variance A"
[1] "DR"
[1] 0.05433896
[1] 0.03842227
[1] 0.8245614

  0   1 
 30 141 
[1] "se comparison"
[1] 0.04724412
[1] 0.04626474
[1] 172
[1] -0.0002383956
[1] -0.01515926
[1] "AdaLSE"
[1] -0.0566545
[1] 0.04244566
[1] 0.8081395

  0   1 
 33 139 
[1] "Fitting mean A"
[1] "Fitting variance A"
[1] "DR"
[1] -0.04817555
[1] 0.03915485
[1] 0.8255814

  0   1 
 30 142 
[1] "se comparison"
[1] 0.04740152
[1] 0.04633614
[1] 173
[1] -0.0002383956
[1] -0.01515926
[1] "AdaLSE"
[1] 0.06948985
[1] 0.03808127
[1] 0.8034682

  0   1 
 34 139 
[1] "Fitting mean A"
[1] "Fitting variance A"
[1] "DR"
[1] 0.06751483
[1] 0.0372283
[1] 0.8208092

  0   1 
 31 142 
[1] "se comparison"
[1] 0.04746326
[1] 0.04641603
[1] 174
[1] -0.0002383956
[1] -0.01515926
[1] "AdaLSE"
[1] -0.01075799
[1] 0.03883153
[1] 0.8045977

  0   1 
 34 140 
[1] "Fitting mean A"
[1] "Fitting variance A"
[1] "DR"
[1] -0.02494333
[1] 0.03785081
[1] 0.8218391

  0   1 
 31 143 
[1] "se comparison"
[1] 0.04735902
[1] 0.04635397
[1] 175
[1] -0.0002383956
[1] -0.01515926
[1] "AdaLSE"
[1] -0.03066388
[1] 0.04048547
[1] 0.8057143

  0   1 
 34 141 
[1] "Fitting mean A"
[1] "Fitting variance A"
[1] "DR"
[1] -0.03454359
[1] 0.03764941
[1] 0.8228571

  0   1 
 31 144 
[1] "se comparison"
[1] 0.0473352
[1] 0.0463376
[1] 176
[1] -0.0002383956
[1] -0.01515926
[1] "AdaLSE"
[1] -0.006091457
[1] 0.04625426
[1] 0.8068182

  0   1 
 34 142 
[1] "Fitting mean A"
[1] "Fitting variance A"
[1] "DR"
[1] -0.0363369
[1] 0.04323168
[1] 0.8238636

  0   1 
 31 145 
[1] "se comparison"
[1] 0.04721996
[1] 0.04632981
[1] 177
[1] -0.0002383956
[1] -0.01515926
[1] "AdaLSE"
[1] -0.05265019
[1] 0.03897434
[1] 0.8079096

  0   1 
 34 143 
[1] "Fitting mean A"
[1] "Fitting variance A"
[1] "DR"
[1] -0.05608488
[1] 0.03693196
[1] 0.8248588

  0   1 
 31 146 
[1] "se comparison"
[1] 0.04733667
[1] 0.04645227
[1] 178
[1] -0.0002383956
[1] -0.01515926
[1] "AdaLSE"
[1] 0.003889361
[1] 0.03838768
[1] 0.8089888

  0   1 
 34 144 
[1] "Fitting mean A"
[1] "Fitting variance A"
[1] "DR"
[1] 0.0007605786
[1] 0.03512199
[1] 0.8258427

  0   1 
 31 147 
[1] "se comparison"
[1] 0.04720644
[1] 0.04632415
[1] 179
[1] -0.0002383956
[1] -0.01515926
[1] "AdaLSE"
[1] -0.04655994
[1] 0.03795592
[1] 0.8100559

  0   1 
 34 145 
[1] "Fitting mean A"
[1] "Fitting variance A"
[1] "DR"
[1] -0.04653944
[1] 0.03633145
[1] 0.8268156

  0   1 
 31 148 
[1] "se comparison"
[1] 0.04727473
[1] 0.04637391
[1] 180
[1] -0.0002383956
[1] -0.01515926
[1] "AdaLSE"
[1] 0.04731636
[1] 0.0467552
[1] 0.8111111

  0   1 
 34 146 
[1] "Fitting mean A"
[1] "Fitting variance A"
[1] "DR"
[1] 0.04361956
[1] 0.04139037
[1] 0.8277778

  0   1 
 31 149 
[1] "se comparison"
[1] 0.04721849
[1] 0.0463213
[1] 181
[1] -0.0002383956
[1] -0.01515926
[1] "AdaLSE"
[1] -0.02482273
[1] 0.03917365
[1] 0.8121547

  0   1 
 34 147 
[1] "Fitting mean A"
[1] "Fitting variance A"
[1] "DR"
[1] -0.02122329
[1] 0.03396287
[1] 0.8287293

  0   1 
 31 150 
[1] "se comparison"
[1] 0.04716486
[1] 0.04624341
[1] 182
[1] -0.0002383956
[1] -0.01515926
[1] "AdaLSE"
[1] -0.106006
[1] 0.04018768
[1] 0.8076923

  0   1 
 35 147 
[1] "Fitting mean A"
[1] "Fitting variance A"
[1] "DR"
[1] -0.1110327
[1] 0.0377128
[1] 0.8241758

  0   1 
 32 150 
[1] "se comparison"
[1] 0.04783256
[1] 0.04694941
[1] 183
[1] -0.0002383956
[1] -0.01515926
[1] "AdaLSE"
[1] -0.01621365
[1] 0.04134354
[1] 0.8087432

  0   1 
 35 148 
[1] "Fitting mean A"
[1] "Fitting variance A"
[1] "DR"
[1] -0.01761023
[1] 0.03998787
[1] 0.8251366

  0   1 
 32 151 
[1] "se comparison"
[1] 0.04774257
[1] 0.04685605
[1] 184
[1] -0.0002383956
[1] -0.01515926
[1] "AdaLSE"
[1] -0.003788086
[1] 0.03897721
[1] 0.8097826

  0   1 
 35 149 
[1] "Fitting mean A"
[1] "Fitting variance A"
[1] "DR"
[1] -0.000645773
[1] 0.03668335
[1] 0.826087

  0   1 
 32 152 
[1] "se comparison"
[1] 0.04762375
[1] 0.04673128
[1] 185
[1] -0.0002383956
[1] -0.01515926
[1] "AdaLSE"
[1] -0.04281702
[1] 0.03855538
[1] 0.8108108

  0   1 
 35 150 
[1] "Fitting mean A"
[1] "Fitting variance A"
[1] "DR"
[1] -0.04341526
[1] 0.03602436
[1] 0.827027

  0   1 
 32 153 
[1] "se comparison"
[1] 0.04765576
[1] 0.0467512
[1] 186
[1] -0.0002383956
[1] -0.01515926
[1] "AdaLSE"
[1] 0.001622116
[1] 0.03945143
[1] 0.811828

  0   1 
 35 151 
[1] "Fitting mean A"
[1] "Fitting variance A"
[1] "DR"
[1] 0.004679944
[1] 0.03719503
[1] 0.827957

  0   1 
 32 154 
[1] "se comparison"
[1] 0.04753097
[1] 0.04662491
[1] 187
[1] -0.0002383956
[1] -0.01515926
[1] "AdaLSE"
[1] 0.08748279
[1] 0.04229664
[1] 0.8074866

  0   1 
 36 151 
[1] "Fitting mean A"
[1] "Fitting variance A"
[1] "DR"
[1] 0.07806061
[1] 0.03865377
[1] 0.8235294

  0   1 
 33 154 
[1] "se comparison"
[1] 0.04773889
[1] 0.04679129
[1] 188
[1] -0.0002383956
[1] -0.01515926
[1] "AdaLSE"
[1] 0.04946634
[1] 0.03993239
[1] 0.8085106

  0   1 
 36 152 
[1] "Fitting mean A"
[1] "Fitting variance A"
[1] "DR"
[1] 0.03125925
[1] 0.03615483
[1] 0.8244681

  0   1 
 33 155 
[1] "se comparison"
[1] 0.0476954
[1] 0.04669931
[1] 189
[1] -0.0002383956
[1] -0.01515926
[1] "AdaLSE"
[1] -0.02738144
[1] 0.03997608
[1] 0.8095238

  0   1 
 36 153 
[1] "Fitting mean A"
[1] "Fitting variance A"
[1] "DR"
[1] -0.02535257
[1] 0.03616542
[1] 0.8253968

  0   1 
 33 156 
[1] "se comparison"
[1] 0.0476494
[1] 0.04663514
[1] 190
[1] -0.0002383956
[1] -0.01515926
[1] "AdaLSE"
[1] -0.01166845
[1] 0.03868832
[1] 0.8105263

  0   1 
 36 154 
[1] "Fitting mean A"
[1] "Fitting variance A"
[1] "DR"
[1] -0.01365861
[1] 0.03538189
[1] 0.8263158

  0   1 
 33 157 
[1] "se comparison"
[1] 0.04755062
[1] 0.04653584
[1] 191
[1] -0.0002383956
[1] -0.01515926
[1] "AdaLSE"
[1] 0.07446927
[1] 0.0382584
[1] 0.8062827

  0   1 
 37 154 
[1] "Fitting mean A"
[1] "Fitting variance A"
[1] "DR"
[1] 0.07529685
[1] 0.03689344
[1] 0.8219895

  0   1 
 34 157 
[1] "se comparison"
[1] 0.04765079
[1] 0.04667609
[1] 192
[1] -0.0002383956
[1] -0.01515926
[1] "AdaLSE"
[1] -0.04951352
[1] 0.04193797
[1] 0.8072917

  0   1 
 37 155 
[1] "Fitting mean A"
[1] "Fitting variance A"
[1] "DR"
[1] -0.04789208
[1] 0.03743638
[1] 0.8229167

  0   1 
 34 158 
[1] "se comparison"
[1] 0.04772491
[1] 0.04672376
[1] 193
[1] -0.0002383956
[1] -0.01515926
[1] "AdaLSE"
[1] 0.0186906
[1] 0.03935748
[1] 0.8082902

  0   1 
 37 156 
[1] "Fitting mean A"
[1] "Fitting variance A"
[1] "DR"
[1] 0.01444783
[1] 0.03762836
[1] 0.8238342

  0   1 
 34 159 
[1] "se comparison"
[1] 0.04760411
[1] 0.04660501
[1] 194
[1] -0.0002383956
[1] -0.01515926
[1] "AdaLSE"
[1] -0.01353672
[1] 0.0410849
[1] 0.8092784

  0   1 
 37 157 
[1] "Fitting mean A"
[1] "Fitting variance A"
[1] "DR"
[1] -0.01543766
[1] 0.03907169
[1] 0.8247423

  0   1 
 34 160 
[1] "se comparison"
[1] 0.0475121
[1] 0.04651212
[1] 195
[1] -0.0002383956
[1] -0.01515926
[1] "AdaLSE"
[1] 0.06165691
[1] 0.03909324
[1] 0.8051282

  0   1 
 38 157 
[1] "Fitting mean A"
[1] "Fitting variance A"
[1] "DR"
[1] 0.06173886
[1] 0.03723483
[1] 0.8205128

  0   1 
 35 160 
[1] "se comparison"
[1] 0.04753131
[1] 0.04655786
[1] 196
[1] -0.0002383956
[1] -0.01515926
[1] "AdaLSE"
[1] 0.0001154235
[1] 0.03621277
[1] 0.8061224

  0   1 
 38 158 
[1] "Fitting mean A"
[1] "Fitting variance A"
[1] "DR"
[1] -0.0001440906
[1] 0.03557455
[1] 0.8214286

  0   1 
 35 161 
[1] "se comparison"
[1] 0.04741529
[1] 0.04644129
[1] 197
[1] -0.0002383956
[1] -0.01515926
[1] "AdaLSE"
[1] -0.04159044
[1] 0.04033875
[1] 0.8071066

  0   1 
 38 159 
[1] "Fitting mean A"
[1] "Fitting variance A"
[1] "DR"
[1] -0.0415937
[1] 0.03647706
[1] 0.822335

  0   1 
 35 162 
[1] "se comparison"
[1] 0.0474403
[1] 0.04645276
[1] 198
[1] -0.0002383956
[1] -0.01515926
[1] "AdaLSE"
[1] -0.004796031
[1] 0.04378224
[1] 0.8080808

  0   1 
 38 160 
[1] "Fitting mean A"
[1] "Fitting variance A"
[1] "DR"
[1] -0.01673285
[1] 0.04054746
[1] 0.8232323

  0   1 
 35 163 
[1] "se comparison"
[1] 0.047332
[1] 0.04636519
[1] 199
[1] -0.0002383956
[1] -0.01515926
[1] "AdaLSE"
[1] -0.02350839
[1] 0.04353947
[1] 0.8090452

  0   1 
 38 161 
[1] "Fitting mean A"
[1] "Fitting variance A"
[1] "DR"
[1] -0.02810204
[1] 0.04115419
[1] 0.8241206

  0   1 
 35 164 
[1] "se comparison"
[1] 0.04727308
[1] 0.0463141
[1] 200
[1] -0.0002383956
[1] -0.01515926
[1] "AdaLSE"
[1] -0.09951986
[1] 0.03793307
[1] 0.805

  0   1 
 39 161 
[1] "Fitting mean A"
[1] "Fitting variance A"
[1] "DR"
[1] -0.09110405
[1] 0.03561713
[1] 0.82

  0   1 
 36 164 
[1] "se comparison"
[1] 0.04778721
[1] 0.04671158
[1] 201
[1] -0.0002383956
[1] -0.01515926
[1] "AdaLSE"
[1] -0.03179605
[1] 0.04128466
[1] 0.8059701

  0   1 
 39 162 
[1] "Fitting mean A"
[1] "Fitting variance A"
[1] "DR"
[1] -0.03326742
[1] 0.03774388
[1] 0.8208955

  0   1 
 36 165 
[1] "se comparison"
[1] 0.04775681
[1] 0.04667748
[1] 202
[1] -0.0002383956
[1] -0.01515926
[1] "AdaLSE"
[1] 0.0540315
[1] 0.04214675
[1] 0.8069307

  0   1 
 39 163 
[1] "Fitting mean A"
[1] "Fitting variance A"
[1] "DR"
[1] 0.05704448
[1] 0.04022767
[1] 0.8217822

  0   1 
 36 166 
[1] "se comparison"
[1] 0.04774141
[1] 0.04669985
[1] 203
[1] -0.0002383956
[1] -0.01515926
[1] "AdaLSE"
[1] -0.07290935
[1] 0.04309387
[1] 0.8078818

  0   1 
 39 164 
[1] "Fitting mean A"
[1] "Fitting variance A"
[1] "DR"
[1] -0.0846388
[1] 0.03733598
[1] 0.8226601

  0   1 
 36 167 
[1] "se comparison"
[1] 0.04797378
[1] 0.04701832
[1] 204
[1] -0.0002383956
[1] -0.01515926
[1] "AdaLSE"
[1] -0.02388196
[1] 0.04060382
[1] 0.8088235

  0   1 
 39 165 
[1] "Fitting mean A"
[1] "Fitting variance A"
[1] "DR"
[1] -0.02202046
[1] 0.036617
[1] 0.8235294

  0   1 
 36 168 
[1] "se comparison"
[1] 0.04791143
[1] 0.04694264
[1] 205
[1] -0.0002383956
[1] -0.01515926
[1] "AdaLSE"
[1] -0.02729806
[1] 0.03859021
[1] 0.8097561

  0   1 
 39 166 
[1] "Fitting mean A"
[1] "Fitting variance A"
[1] "DR"
[1] -0.02663619
[1] 0.03670144
[1] 0.8243902

  0   1 
 36 169 
[1] "se comparison"
[1] 0.04786111
[1] 0.04688157
[1] 206
[1] -0.0002383956
[1] -0.01515926
[1] "AdaLSE"
[1] -0.07608139
[1] 0.03766433
[1] 0.8106796

  0   1 
 39 167 
[1] "Fitting mean A"
[1] "Fitting variance A"
[1] "DR"
[1] -0.07168769
[1] 0.03480916
[1] 0.8252427

  0   1 
 36 170 
[1] "se comparison"
[1] 0.04810946
[1] 0.04707491
[1] 207
[1] -0.0002383956
[1] -0.01515926
[1] "AdaLSE"
[1] 0.005881702
[1] 0.04022856
[1] 0.8115942

  0   1 
 39 168 
[1] "Fitting mean A"
[1] "Fitting variance A"
[1] "DR"
[1] -0.006278629
[1] 0.03630988
[1] 0.826087

  0   1 
 36 171 
[1] "se comparison"
[1] 0.04799287
[1] 0.04696715
[1] 208
[1] -0.0002383956
[1] -0.01515926
[1] "AdaLSE"
[1] 0.02044322
[1] 0.03759256
[1] 0.8125

  0   1 
 39 169 
[1] "Fitting mean A"
[1] "Fitting variance A"
[1] "DR"
[1] 0.02180242
[1] 0.03440085
[1] 0.8269231

  0   1 
 36 172 
[1] "se comparison"
[1] 0.04788407
[1] 0.046868
[1] 209
[1] -0.0002383956
[1] -0.01515926
[1] "AdaLSE"
[1] -0.03427643
[1] 0.03977849
[1] 0.8133971

  0   1 
 39 170 
[1] "Fitting mean A"
[1] "Fitting variance A"
[1] "DR"
[1] -0.03106223
[1] 0.0363413
[1] 0.8277512

  0   1 
 36 173 
[1] "se comparison"
[1] 0.04786027
[1] 0.04682209
[1] 210
[1] -0.0002383956
[1] -0.01515926
[1] "AdaLSE"
[1] 0.06670937
[1] 0.04058331
[1] 0.8095238

  0   1 
 40 170 
[1] "Fitting mean A"
[1] "Fitting variance A"
[1] "DR"
[1] 0.05926652
[1] 0.0378441
[1] 0.8238095

  0   1 
 37 173 
[1] "se comparison"
[1] 0.04791564
[1] 0.04686018
[1] 211
[1] -0.0002383956
[1] -0.01515926
[1] "AdaLSE"
[1] -0.01374892
[1] 0.04036782
[1] 0.8104265

  0   1 
 40 171 
[1] "Fitting mean A"
[1] "Fitting variance A"
[1] "DR"
[1] -0.02309886
[1] 0.03671693
[1] 0.8246445

  0   1 
 37 174 
[1] "se comparison"
[1] 0.04782606
[1] 0.04678903
[1] 212
[1] -0.0002383956
[1] -0.01515926
[1] "AdaLSE"
[1] -0.07363852
[1] 0.04066224
[1] 0.8113208

  0   1 
 40 172 
[1] "Fitting mean A"
[1] "Fitting variance A"
[1] "DR"
[1] -0.07709869
[1] 0.03599007
[1] 0.8254717

  0   1 
 37 175 
[1] "se comparison"
[1] 0.04804446
[1] 0.04701781
[1] 213
[1] -0.0002383956
[1] -0.01515926
[1] "AdaLSE"
[1] -0.02727088
[1] 0.03916843
[1] 0.8122066

  0   1 
 40 173 
[1] "Fitting mean A"
[1] "Fitting variance A"
[1] "DR"
[1] -0.02823421
[1] 0.03733382
[1] 0.8262911

  0   1 
 37 176 
[1] "se comparison"
[1] 0.04799209
[1] 0.04696093
[1] 214
[1] -0.0002383956
[1] -0.01515926
[1] "AdaLSE"
[1] 0.04024559
[1] 0.03628583
[1] 0.8130841

  0   1 
 40 174 
[1] "Fitting mean A"
[1] "Fitting variance A"
[1] "DR"
[1] 0.03981613
[1] 0.0354188
[1] 0.8271028

  0   1 
 37 177 
[1] "se comparison"
[1] 0.04793037
[1] 0.04691267
[1] 215
[1] -0.0002383956
[1] -0.01515926
[1] "AdaLSE"
[1] -0.006478302
[1] 0.03953399
[1] 0.8139535

  0   1 
 40 175 
[1] "Fitting mean A"
[1] "Fitting variance A"
[1] "DR"
[1] -0.01730522
[1] 0.03623954
[1] 0.827907

  0   1 
 37 178 
[1] "se comparison"
[1] 0.0478285
[1] 0.04682694
[1] 216
[1] -0.0002383956
[1] -0.01515926
[1] "AdaLSE"
[1] 0.0635253
[1] 0.04015695
[1] 0.8148148

  0   1 
 40 176 
[1] "Fitting mean A"
[1] "Fitting variance A"
[1] "DR"
[1] 0.06327141
[1] 0.03828751
[1] 0.8240741

  0   1 
 38 178 
[1] "se comparison"
[1] 0.04786662
[1] 0.04688831
[1] 217
[1] -0.0002383956
[1] -0.01515926
[1] "AdaLSE"
[1] 0.09913212
[1] 0.03963145
[1] 0.8110599

  0   1 
 41 176 
[1] "Fitting mean A"
[1] "Fitting variance A"
[1] "DR"
[1] 0.09023483
[1] 0.03864049
[1] 0.8202765

  0   1 
 39 178 
[1] "se comparison"
[1] 0.04815273
[1] 0.04713739
[1] 218
[1] -0.0002383956
[1] -0.01515926
[1] "AdaLSE"
[1] -0.06637138
[1] 0.03823149
[1] 0.8119266

  0   1 
 41 177 
[1] "Fitting mean A"
[1] "Fitting variance A"
[1] "DR"
[1] -0.06093822
[1] 0.03520022
[1] 0.8211009

  0   1 
 39 179 
[1] "se comparison"
[1] 0.04830959
[1] 0.04724177
[1] 219
[1] -0.0002383956
[1] -0.01515926
[1] "AdaLSE"
[1] 0.02109487
[1] 0.03828579
[1] 0.8127854

  0   1 
 41 178 
[1] "Fitting mean A"
[1] "Fitting variance A"
[1] "DR"
[1] 0.02229199
[1] 0.03542668
[1] 0.8219178

  0   1 
 39 180 
[1] "se comparison"
[1] 0.04820641
[1] 0.04714788
[1] 220
[1] -0.0002383956
[1] -0.01515926
[1] "AdaLSE"
[1] 0.07308266
[1] 0.03895913
[1] 0.8090909

  0   1 
 42 178 
[1] "Fitting mean A"
[1] "Fitting variance A"
[1] "DR"
[1] 0.07267346
[1] 0.03671237
[1] 0.8181818

  0   1 
 40 180 
[1] "se comparison"
[1] 0.04829374
[1] 0.04726075
[1] 221
[1] -0.0002383956
[1] -0.01515926
[1] "AdaLSE"
[1] 0.005610777
[1] 0.03988215
[1] 0.8099548

  0   1 
 42 179 
[1] "Fitting mean A"
[1] "Fitting variance A"
[1] "DR"
[1] -0.0008377448
[1] 0.03658385
[1] 0.8190045

  0   1 
 40 181 
[1] "se comparison"
[1] 0.0481843
[1] 0.04715504
[1] 222
[1] -0.0002383956
[1] -0.01515926
[1] "AdaLSE"
[1] 0.03587811
[1] 0.03982152
[1] 0.8108108

  0   1 
 42 180 
[1] "Fitting mean A"
[1] "Fitting variance A"
[1] "DR"
[1] 0.03284095
[1] 0.03732941
[1] 0.8198198

  0   1 
 40 182 
[1] "se comparison"
[1] 0.0481099
[1] 0.04708453
[1] 223
[1] -0.0002383956
[1] -0.01515926
