LOADING R
R LOADED
[1] "/home/lvanderl/Rlibs2"                         
[2] "/app/software/R/4.2.2-foss-2021b/lib/R/library"
[1] "/home/lvanderl/sieveSims"
[1] 1
[1] 0.8272291
[1] 0.8325985
[1] "AdaLSE"
[1] 0.8386045
[1] 0.02624926
[1] 1

1 
1 
[1] "Fitting mean A"
[1] "Fitting variance A"
[1] "DR"
[1] 0.8331303
[1] 0.02495129
[1] 1

1 
1 
[1] "se comparison"
[1] NA
[1] NA
[1] 2
[1] 0.8272291
[1] 0.8325985
[1] "AdaLSE"
[1] 0.8493965
[1] 0.02578857
[1] 1

1 
2 
[1] "Fitting mean A"
[1] "Fitting variance A"
[1] "DR"
[1] 0.8457303
[1] 0.02327125
[1] 1

1 
2 
[1] "se comparison"
[1] 0.007631076
[1] 0.008909529
[1] 3
[1] 0.8272291
[1] 0.8325985
[1] "AdaLSE"
[1] 0.8151352
[1] 0.0246504
[1] 1

1 
3 
[1] "Fitting mean A"
[1] "Fitting variance A"
[1] "DR"
[1] 0.813104
[1] 0.0225297
[1] 1

1 
3 
[1] "se comparison"
[1] 0.01751719
[1] 0.01645338
[1] 4
[1] 0.8272291
[1] 0.8325985
[1] "AdaLSE"
[1] 0.8170475
[1] 0.02465853
[1] 1

1 
4 
[1] "Fitting mean A"
[1] "Fitting variance A"
[1] "DR"
[1] 0.8016618
[1] 0.02363397
[1] 1

1 
4 
[1] "se comparison"
[1] 0.01672307
[1] 0.01976424
[1] 5
[1] 0.8272291
[1] 0.8325985
[1] "AdaLSE"
[1] 0.8067965
[1] 0.02418888
[1] 1

1 
5 
[1] "Fitting mean A"
[1] "Fitting variance A"
[1] "DR"
[1] 0.7986884
[1] 0.02283292
[1] 1

1 
5 
[1] "se comparison"
[1] 0.01782843
[1] 0.02037565
[1] 6
[1] 0.8272291
[1] 0.8325985
[1] "AdaLSE"
[1] 0.8255518
[1] 0.02457721
[1] 1

1 
6 
[1] "Fitting mean A"
[1] "Fitting variance A"
[1] "DR"
[1] 0.8224498
[1] 0.02229173
[1] 1

1 
6 
[1] "se comparison"
[1] 0.01594636
[1] 0.01829707
[1] 7
[1] 0.8272291
[1] 0.8325985
[1] "AdaLSE"
[1] 0.8485989
[1] 0.02517451
[1] 1

1 
7 
[1] "Fitting mean A"
[1] "Fitting variance A"
[1] "DR"
[1] 0.8429325
[1] 0.02407737
[1] 1

1 
7 
[1] "se comparison"
[1] 0.01698952
[1] 0.01897209
[1] 8
[1] 0.8272291
[1] 0.8325985
[1] "AdaLSE"
[1] 0.8692819
[1] 0.02627486
[1] 1

1 
8 
[1] "Fitting mean A"
[1] "Fitting variance A"
[1] "DR"
[1] 0.8686808
[1] 0.02487352
[1] 1

1 
8 
[1] "se comparison"
[1] 0.02128229
[1] 0.02397453
[1] 9
[1] 0.8272291
[1] 0.8325985
[1] "AdaLSE"
[1] 0.8162411
[1] 0.02467649
[1] 1

1 
9 
[1] "Fitting mean A"
[1] "Fitting variance A"
[1] "DR"
[1] 0.8138579
[1] 0.02322678
[1] 1

1 
9 
[1] "se comparison"
[1] 0.02075048
[1] 0.0229368
[1] 10
[1] 0.8272291
[1] 0.8325985
[1] "AdaLSE"
[1] 0.8302854
[1] 0.02321558
[1] 1

 1 
10 
[1] "Fitting mean A"
[1] "Fitting variance A"
[1] "DR"
[1] 0.8283151
[1] 0.02085943
[1] 1

 1 
10 
[1] "se comparison"
[1] 0.01957
[1] 0.0216311
[1] 11
[1] 0.8272291
[1] 0.8325985
[1] "AdaLSE"
[1] 0.8090478
[1] 0.02445557
[1] 1

 1 
11 
[1] "Fitting mean A"
[1] "Fitting variance A"
[1] "DR"
[1] 0.8057568
[1] 0.02333093
[1] 1

 1 
11 
[1] "se comparison"
[1] 0.01978153
[1] 0.02148444
[1] 12
[1] 0.8272291
[1] 0.8325985
[1] "AdaLSE"
[1] 0.7982992
[1] 0.0263384
[1] 1

 1 
12 
[1] "Fitting mean A"
[1] "Fitting variance A"
[1] "DR"
[1] 0.7966622
[1] 0.02482007
[1] 1

 1 
12 
[1] "se comparison"
[1] 0.02091803
[1] 0.02205089
[1] 13
[1] 0.8272291
[1] 0.8325985
[1] "AdaLSE"
[1] 0.8729454
[1] 0.02561157
[1] 1

 1 
13 
[1] "Fitting mean A"
[1] "Fitting variance A"
[1] "DR"
[1] 0.8701023
[1] 0.02304318
[1] 1

 1 
13 
[1] "se comparison"
[1] 0.02373426
[1] 0.02488847
[1] 14
[1] 0.8272291
[1] 0.8325985
[1] "AdaLSE"
[1] 0.8683627
[1] 0.02445278
[1] 1

 1 
14 
[1] "Fitting mean A"
[1] "Fitting variance A"
[1] "DR"
[1] 0.8669303
[1] 0.02295612
[1] 1

 1 
14 
[1] "se comparison"
[1] 0.02494148
[1] 0.02626924
[1] 15
[1] 0.8272291
[1] 0.8325985
[1] "AdaLSE"
[1] 0.8587879
[1] 0.0264809
[1] 1

 1 
15 
[1] "Fitting mean A"
[1] "Fitting variance A"
[1] "DR"
[1] 0.8498211
[1] 0.02508724
[1] 1

 1 
15 
[1] "se comparison"
[1] 0.02492187
[1] 0.02587059
[1] 16
[1] 0.8272291
[1] 0.8325985
[1] "AdaLSE"
[1] 0.8627198
[1] 0.02405701
[1] 1

 1 
16 
[1] "Fitting mean A"
[1] "Fitting variance A"
[1] "DR"
[1] 0.8501184
[1] 0.0231826
[1] 1

 1 
16 
[1] "se comparison"
[1] 0.02505714
[1] 0.02546901
[1] 17
[1] 0.8272291
[1] 0.8325985
[1] "AdaLSE"
[1] 0.8556074
[1] 0.02326135
[1] 1

 1 
17 
[1] "Fitting mean A"
[1] "Fitting variance A"
[1] "DR"
[1] 0.8538641
[1] 0.02213497
[1] 1

 1 
17 
[1] "se comparison"
[1] 0.02469132
[1] 0.02523697
[1] 18
[1] 0.8272291
[1] 0.8325985
[1] "AdaLSE"
[1] 0.8201018
[1] 0.02539882
[1] 1

 1 
18 
[1] "Fitting mean A"
[1] "Fitting variance A"
[1] "DR"
[1] 0.8144557
[1] 0.02389389
[1] 1

 1 
18 
[1] "se comparison"
[1] 0.02431487
[1] 0.02487252
[1] 19
[1] 0.8272291
[1] 0.8325985
[1] "AdaLSE"
[1] 0.8529415
[1] 0.02344083
[1] 1

 1 
19 
[1] "Fitting mean A"
[1] "Fitting variance A"
[1] "DR"
[1] 0.8483918
[1] 0.02207629
[1] 1

 1 
19 
[1] "se comparison"
[1] 0.0239174
[1] 0.02446201
[1] 20
[1] 0.8272291
[1] 0.8325985
[1] "AdaLSE"
[1] 0.8477896
[1] 0.02496026
[1] 1

 1 
20 
[1] "Fitting mean A"
[1] "Fitting variance A"
[1] "DR"
[1] 0.8455875
[1] 0.02317736
[1] 1

 1 
20 
[1] "se comparison"
[1] 0.02338918
[1] 0.02397862
[1] 21
[1] 0.8272291
[1] 0.8325985
[1] "AdaLSE"
[1] 0.8417351
[1] 0.02327601
[1] 1

 1 
21 
[1] "Fitting mean A"
[1] "Fitting variance A"
[1] "DR"
[1] 0.8378249
[1] 0.02154717
[1] 1

 1 
21 
[1] "se comparison"
[1] 0.02281017
[1] 0.02339041
[1] 22
[1] 0.8272291
[1] 0.8325985
[1] "AdaLSE"
[1] 0.8579477
[1] 0.02511328
[1] 1

 1 
22 
[1] "Fitting mean A"
[1] "Fitting variance A"
[1] "DR"
[1] 0.8526406
[1] 0.02297619
[1] 1

 1 
22 
[1] "se comparison"
[1] 0.02264931
[1] 0.02318049
[1] 23
[1] 0.8272291
[1] 0.8325985
[1] "AdaLSE"
[1] 0.8318385
[1] 0.02524563
[1] 1

 1 
23 
[1] "Fitting mean A"
[1] "Fitting variance A"
[1] "DR"
[1] 0.8264962
[1] 0.02290852
[1] 1

 1 
23 
[1] "se comparison"
[1] 0.02218229
[1] 0.02271014
[1] 24
[1] 0.8272291
[1] 0.8325985
[1] "AdaLSE"
[1] 0.8560796
[1] 0.02471672
[1] 1

 1 
24 
[1] "Fitting mean A"
[1] "Fitting variance A"
[1] "DR"
[1] 0.8530578
[1] 0.02297104
[1] 1

 1 
24 
[1] "se comparison"
[1] 0.02197578
[1] 0.02254113
[1] 25
[1] 0.8272291
[1] 0.8325985
[1] "AdaLSE"
[1] 0.8030563
[1] 0.02520464
[1] 1

 1 
25 
[1] "Fitting mean A"
[1] "Fitting variance A"
[1] "DR"
[1] 0.7930417
[1] 0.02305416
[1] 1

 1 
25 
[1] "se comparison"
[1] 0.0227227
[1] 0.02360907
[1] 26
[1] 0.8272291
[1] 0.8325985
[1] "AdaLSE"
[1] 0.8591418
[1] 0.02487174
[1] 1

 1 
26 
[1] "Fitting mean A"
[1] "Fitting variance A"
[1] "DR"
[1] 0.8466665
[1] 0.02357414
[1] 1

 1 
26 
[1] "se comparison"
[1] 0.02264039
[1] 0.02327941
[1] 27
[1] 0.8272291
[1] 0.8325985
[1] "AdaLSE"
[1] 0.9006308
[1] 0.02574463
[1] 0.962963

 0  1 
 1 26 
[1] "Fitting mean A"
[1] "Fitting variance A"
[1] "DR"
[1] 0.8957416
[1] 0.02398949
[1] 0.962963

 0  1 
 1 26 
[1] "se comparison"
[1] 0.02517276
[1] 0.02574847
[1] 28
[1] 0.8272291
[1] 0.8325985
[1] "AdaLSE"
[1] 0.8055542
[1] 0.02482584
[1] 0.9642857

 0  1 
 1 27 
[1] "Fitting mean A"
[1] "Fitting variance A"
[1] "DR"
[1] 0.8048043
[1] 0.02342826
[1] 0.9642857

 0  1 
 1 27 
[1] "se comparison"
[1] 0.02560716
[1] 0.02595172
[1] 29
[1] 0.8272291
[1] 0.8325985
[1] "AdaLSE"
[1] 0.8240939
[1] 0.02583599
[1] 0.9655172

 0  1 
 1 28 
[1] "Fitting mean A"
[1] "Fitting variance A"
[1] "DR"
[1] 0.8178061
[1] 0.02282973
[1] 0.9655172

 0  1 
 1 28 
[1] "se comparison"
[1] 0.02531824
[1] 0.02568374
[1] 30
[1] 0.8272291
[1] 0.8325985
[1] "AdaLSE"
[1] 0.8432181
[1] 0.02546666
[1] 0.9666667

 0  1 
 1 29 
[1] "Fitting mean A"
[1] "Fitting variance A"
[1] "DR"
[1] 0.8401015
[1] 0.02369488
[1] 0.9666667

 0  1 
 1 29 
[1] "se comparison"
[1] 0.02488748
[1] 0.0252583
[1] 31
[1] 0.8272291
[1] 0.8325985
[1] "AdaLSE"
[1] 0.8124926
[1] 0.02724789
[1] 0.9677419

 0  1 
 1 30 
[1] "Fitting mean A"
[1] "Fitting variance A"
[1] "DR"
[1] 0.8041004
[1] 0.02580877
[1] 0.9677419

 0  1 
 1 30 
[1] "se comparison"
[1] 0.02494747
[1] 0.02543129
[1] 32
[1] 0.8272291
[1] 0.8325985
[1] "AdaLSE"
[1] 0.8238972
[1] 0.02433501
[1] 0.96875

 0  1 
 1 31 
[1] "Fitting mean A"
[1] "Fitting variance A"
[1] "DR"
[1] 0.8206253
[1] 0.0236019
[1] 0.96875

 0  1 
 1 31 
[1] "se comparison"
[1] 0.02468068
[1] 0.02512315
[1] 33
[1] 0.8272291
[1] 0.8325985
[1] "AdaLSE"
[1] 0.8490006
[1] 0.02574306
[1] 0.969697

 0  1 
 1 32 
[1] "Fitting mean A"
[1] "Fitting variance A"
[1] "DR"
[1] 0.8446124
[1] 0.02413912
[1] 0.969697

 0  1 
 1 32 
[1] "se comparison"
[1] 0.02436429
[1] 0.02480684
[1] 34
[1] 0.8272291
[1] 0.8325985
[1] "AdaLSE"
[1] 0.8439398
[1] 0.02584546
[1] 0.9705882

 0  1 
 1 33 
[1] "Fitting mean A"
[1] "Fitting variance A"
[1] "DR"
[1] 0.8375683
[1] 0.02437709
[1] 0.9705882

 0  1 
 1 33 
[1] "se comparison"
[1] 0.02401008
[1] 0.02443771
[1] 35
[1] 0.8272291
[1] 0.8325985
[1] "AdaLSE"
[1] 0.8152902
[1] 0.02516351
[1] 0.9714286

 0  1 
 1 34 
[1] "Fitting mean A"
[1] "Fitting variance A"
[1] "DR"
[1] 0.8046326
[1] 0.02387226
[1] 0.9714286

 0  1 
 1 34 
[1] "se comparison"
[1] 0.02398334
[1] 0.02457142
[1] 36
[1] 0.8272291
[1] 0.8325985
[1] "AdaLSE"
[1] 0.8363611
[1] 0.02600197
[1] 0.9722222

 0  1 
 1 35 
[1] "Fitting mean A"
[1] "Fitting variance A"
[1] "DR"
[1] 0.8340662
[1] 0.02424477
[1] 0.9722222

 0  1 
 1 35 
[1] "se comparison"
[1] 0.0236399
[1] 0.02421869
[1] 37
[1] 0.8272291
[1] 0.8325985
[1] "AdaLSE"
[1] 0.8448162
[1] 0.02386223
[1] 0.972973

 0  1 
 1 36 
[1] "Fitting mean A"
[1] "Fitting variance A"
[1] "DR"
[1] 0.8389456
[1] 0.0220152
[1] 0.972973

 0  1 
 1 36 
[1] "se comparison"
[1] 0.02333621
[1] 0.0239007
[1] 38
[1] 0.8272291
[1] 0.8325985
[1] "AdaLSE"
[1] 0.8043908
[1] 0.02591108
[1] 0.9736842

 0  1 
 1 37 
[1] "Fitting mean A"
[1] "Fitting variance A"
[1] "DR"
[1] 0.7991629
[1] 0.02396207
[1] 0.9736842

 0  1 
 1 37 
[1] "se comparison"
[1] 0.0236623
[1] 0.02420805
[1] 39
[1] 0.8272291
[1] 0.8325985
[1] "AdaLSE"
[1] 0.8375352
[1] 0.02457112
[1] 0.974359

 0  1 
 1 38 
[1] "Fitting mean A"
[1] "Fitting variance A"
[1] "DR"
[1] 0.8362501
[1] 0.02326956
[1] 0.974359

 0  1 
 1 38 
[1] "se comparison"
[1] 0.02334891
[1] 0.02389637
[1] 40
[1] 0.8272291
[1] 0.8325985
[1] "AdaLSE"
[1] 0.8253662
[1] 0.02465732
[1] 0.975

 0  1 
 1 39 
[1] "Fitting mean A"
[1] "Fitting variance A"
[1] "DR"
[1] 0.8243681
[1] 0.02255457
[1] 0.975

 0  1 
 1 39 
[1] "se comparison"
[1] 0.02312468
[1] 0.02362105
[1] 41
[1] 0.8272291
[1] 0.8325985
[1] "AdaLSE"
[1] 0.8781676
[1] 0.02545459
[1] 0.9756098

 0  1 
 1 40 
[1] "Fitting mean A"
[1] "Fitting variance A"
[1] "DR"
[1] 0.8730107
[1] 0.02344064
[1] 0.9756098

 0  1 
 1 40 
[1] "se comparison"
[1] 0.02372176
[1] 0.02418448
[1] 42
[1] 0.8272291
[1] 0.8325985
[1] "AdaLSE"
[1] 0.811379
[1] 0.02422061
[1] 0.9761905

 0  1 
 1 41 
[1] "Fitting mean A"
[1] "Fitting variance A"
[1] "DR"
[1] 0.8053664
[1] 0.02355712
[1] 0.9761905

 0  1 
 1 41 
[1] "se comparison"
[1] 0.02378809
[1] 0.02426713
[1] 43
[1] 0.8272291
[1] 0.8325985
[1] "AdaLSE"
[1] 0.8582847
[1] 0.02476791
[1] 0.9767442

 0  1 
 1 42 
[1] "Fitting mean A"
[1] "Fitting variance A"
[1] "DR"
[1] 0.8517337
[1] 0.02328233
[1] 0.9767442

 0  1 
 1 42 
[1] "se comparison"
[1] 0.02371864
[1] 0.02415694
[1] 44
[1] 0.8272291
[1] 0.8325985
[1] "AdaLSE"
[1] 0.8055496
[1] 0.02488028
[1] 0.9772727

 0  1 
 1 43 
[1] "Fitting mean A"
[1] "Fitting variance A"
[1] "DR"
[1] 0.8001076
[1] 0.02282066
[1] 0.9772727

 0  1 
 1 43 
[1] "se comparison"
[1] 0.0239418
[1] 0.02437956
[1] 45
[1] 0.8272291
[1] 0.8325985
[1] "AdaLSE"
[1] 0.7904425
[1] 0.02488396
[1] 0.9777778

 0  1 
 1 44 
[1] "Fitting mean A"
[1] "Fitting variance A"
[1] "DR"
[1] 0.7749742
[1] 0.02269128
[1] 0.9555556

 0  1 
 2 43 
[1] "se comparison"
[1] 0.02466984
[1] 0.02556182
[1] 46
[1] 0.8272291
[1] 0.8325985
[1] "AdaLSE"
[1] 0.8035941
[1] 0.02418788
[1] 0.9782609

 0  1 
 1 45 
[1] "Fitting mean A"
[1] "Fitting variance A"
[1] "DR"
[1] 0.7999218
[1] 0.02291177
[1] 0.9565217

 0  1 
 2 44 
[1] "se comparison"
[1] 0.02486008
[1] 0.02568408
[1] 47
[1] 0.8272291
[1] 0.8325985
[1] "AdaLSE"
[1] 0.824021
[1] 0.02457362
[1] 0.9787234

 0  1 
 1 46 
[1] "Fitting mean A"
[1] "Fitting variance A"
[1] "DR"
[1] 0.8285679
[1] 0.02356772
[1] 0.9574468

 0  1 
 2 45 
[1] "se comparison"
[1] 0.02464411
[1] 0.02540445
[1] 48
[1] 0.8272291
[1] 0.8325985
[1] "AdaLSE"
[1] 0.8004042
[1] 0.02558347
[1] 0.9791667

 0  1 
 1 47 
[1] "Fitting mean A"
[1] "Fitting variance A"
[1] "DR"
[1] 0.7981667
[1] 0.02428791
[1] 0.9583333

 0  1 
 2 46 
[1] "se comparison"
[1] 0.02489057
[1] 0.02555285
[1] 49
[1] 0.8272291
[1] 0.8325985
[1] "AdaLSE"
[1] 0.8414923
[1] 0.02406958
[1] 0.9795918

 0  1 
 1 48 
[1] "Fitting mean A"
[1] "Fitting variance A"
[1] "DR"
[1] 0.8371442
[1] 0.0221382
[1] 0.9591837

 0  1 
 2 47 
[1] "se comparison"
[1] 0.02465069
[1] 0.02530902
[1] 50
[1] 0.8272291
[1] 0.8325985
[1] "AdaLSE"
[1] 0.881159
[1] 0.02521691
[1] 0.98

 0  1 
 1 49 
[1] "Fitting mean A"
[1] "Fitting variance A"
[1] "DR"
[1] 0.8835694
[1] 0.02268258
[1] 0.94

 0  1 
 3 47 
[1] "se comparison"
[1] 0.02527235
[1] 0.02618528
[1] 51
[1] 0.8272291
[1] 0.8325985
[1] "AdaLSE"
[1] 0.8433499
[1] 0.02234809
[1] 0.9803922

 0  1 
 1 50 
[1] "Fitting mean A"
[1] "Fitting variance A"
[1] "DR"
[1] 0.8362686
[1] 0.02145297
[1] 0.9411765

 0  1 
 3 48 
[1] "se comparison"
[1] 0.02504256
[1] 0.0259338
[1] 52
[1] 0.8272291
[1] 0.8325985
[1] "AdaLSE"
[1] 0.8664634
[1] 0.02631252
[1] 0.9807692

 0  1 
 1 51 
[1] "Fitting mean A"
[1] "Fitting variance A"
[1] "DR"
[1] 0.8644902
[1] 0.02456759
[1] 0.9423077

 0  1 
 3 49 
[1] "se comparison"
[1] 0.02516149
[1] 0.02609947
[1] 53
[1] 0.8272291
[1] 0.8325985
[1] "AdaLSE"
[1] 0.8837391
[1] 0.02687632
[1] 0.9811321

 0  1 
 1 52 
[1] "Fitting mean A"
[1] "Fitting variance A"
[1] "DR"
[1] 0.8858005
[1] 0.02519236
[1] 0.9245283

 0  1 
 4 49 
[1] "se comparison"
[1] 0.02575856
[1] 0.02690337
[1] 54
[1] 0.8272291
[1] 0.8325985
[1] "AdaLSE"
[1] 0.8363919
[1] 0.02542206
[1] 0.9814815

 0  1 
 1 53 
[1] "Fitting mean A"
[1] "Fitting variance A"
[1] "DR"
[1] 0.8282156
[1] 0.02415308
[1] 0.9259259

 0  1 
 4 50 
[1] "se comparison"
[1] 0.02551459
[1] 0.0266547
[1] 55
[1] 0.8272291
[1] 0.8325985
[1] "AdaLSE"
[1] 0.8870643
[1] 0.02402522
[1] 0.9636364

 0  1 
 2 53 
[1] "Fitting mean A"
[1] "Fitting variance A"
[1] "DR"
[1] 0.885794
[1] 0.0218976
[1] 0.9090909

 0  1 
 5 50 
[1] "se comparison"
[1] 0.02615905
[1] 0.0273703
[1] 56
[1] 0.8272291
[1] 0.8325985
[1] "AdaLSE"
[1] 0.8588381
[1] 0.0231213
[1] 0.9642857

 0  1 
 2 54 
[1] "Fitting mean A"
[1] "Fitting variance A"
[1] "DR"
[1] 0.8544754
[1] 0.02140128
[1] 0.9107143

 0  1 
 5 51 
[1] "se comparison"
[1] 0.02606893
[1] 0.02726646
[1] 57
[1] 0.8272291
[1] 0.8325985
[1] "AdaLSE"
[1] 0.8273787
[1] 0.0238842
[1] 0.9649123

 0  1 
 2 55 
[1] "Fitting mean A"
[1] "Fitting variance A"
[1] "DR"
[1] 0.822624
[1] 0.02241258
[1] 0.9122807

 0  1 
 5 52 
[1] "se comparison"
[1] 0.02587631
[1] 0.02706211
[1] 58
[1] 0.8272291
[1] 0.8325985
[1] "AdaLSE"
[1] 0.849747
[1] 0.02356833
[1] 0.9655172

 0  1 
 2 56 
[1] "Fitting mean A"
[1] "Fitting variance A"
[1] "DR"
[1] 0.8451837
[1] 0.02318959
[1] 0.9137931

 0  1 
 5 53 
[1] "se comparison"
[1] 0.02569307
[1] 0.02686705
[1] 59
[1] 0.8272291
[1] 0.8325985
[1] "AdaLSE"
[1] 0.8341613
[1] 0.02554309
[1] 0.9661017

 0  1 
 2 57 
[1] "Fitting mean A"
[1] "Fitting variance A"
[1] "DR"
[1] 0.8310027
[1] 0.02356307
[1] 0.9152542

 0  1 
 5 54 
[1] "se comparison"
[1] 0.0254766
[1] 0.02663685
[1] 60
[1] 0.8272291
[1] 0.8325985
[1] "AdaLSE"
[1] 0.8477803
[1] 0.02323047
[1] 0.9666667

 0  1 
 2 58 
[1] "Fitting mean A"
[1] "Fitting variance A"
[1] "DR"
[1] 0.8452817
[1] 0.02117632
[1] 0.9166667

 0  1 
 5 55 
[1] "se comparison"
[1] 0.02528921
[1] 0.02645233
[1] 61
[1] 0.8272291
[1] 0.8325985
[1] "AdaLSE"
[1] 0.8365336
[1] 0.02668693
[1] 0.9672131

 0  1 
 2 59 
[1] "Fitting mean A"
[1] "Fitting variance A"
[1] "DR"
[1] 0.8354008
[1] 0.02516558
[1] 0.9180328

 0  1 
 5 56 
[1] "se comparison"
[1] 0.02507883
[1] 0.02623167
[1] 62
[1] 0.8272291
[1] 0.8325985
[1] "AdaLSE"
[1] 0.8128081
[1] 0.02482829
[1] 0.9677419

 0  1 
 2 60 
[1] "Fitting mean A"
[1] "Fitting variance A"
[1] "DR"
[1] 0.810187
[1] 0.02264157
[1] 0.9193548

 0  1 
 5 57 
[1] "se comparison"
[1] 0.02508481
[1] 0.02618996
[1] 63
[1] 0.8272291
[1] 0.8325985
[1] "AdaLSE"
[1] 0.8405931
[1] 0.02504297
[1] 0.968254

 0  1 
 2 61 
[1] "Fitting mean A"
[1] "Fitting variance A"
[1] "DR"
[1] 0.8404362
[1] 0.02332047
[1] 0.9206349

 0  1 
 5 58 
[1] "se comparison"
[1] 0.02488376
[1] 0.02599238
[1] 64
[1] 0.8272291
[1] 0.8325985
[1] "AdaLSE"
[1] 0.8346372
[1] 0.02687628
[1] 0.96875

 0  1 
 2 62 
[1] "Fitting mean A"
[1] "Fitting variance A"
[1] "DR"
[1] 0.8298184
[1] 0.02503643
[1] 0.921875

 0  1 
 5 59 
[1] "se comparison"
[1] 0.02468924
[1] 0.02578974
[1] 65
[1] 0.8272291
[1] 0.8325985
[1] "AdaLSE"
[1] 0.8332268
[1] 0.02469653
[1] 0.9692308

 0  1 
 2 63 
[1] "Fitting mean A"
[1] "Fitting variance A"
[1] "DR"
[1] 0.8363111
[1] 0.02331106
[1] 0.9230769

 0  1 
 5 60 
[1] "se comparison"
[1] 0.02450284
[1] 0.02558967
[1] 66
[1] 0.8272291
[1] 0.8325985
[1] "AdaLSE"
[1] 0.8541048
[1] 0.0269319
[1] 0.969697

 0  1 
 2 64 
[1] "Fitting mean A"
[1] "Fitting variance A"
[1] "DR"
[1] 0.8484404
[1] 0.02528455
[1] 0.9242424

 0  1 
 5 61 
[1] "se comparison"
[1] 0.02439475
[1] 0.02545733
[1] 67
[1] 0.8272291
[1] 0.8325985
[1] "AdaLSE"
[1] 0.8281247
[1] 0.02514585
[1] 0.9701493

 0  1 
 2 65 
[1] "Fitting mean A"
[1] "Fitting variance A"
[1] "DR"
[1] 0.8229326
[1] 0.02364614
[1] 0.9253731

 0  1 
 5 62 
[1] "se comparison"
[1] 0.02424051
[1] 0.02529902
[1] 68
[1] 0.8272291
[1] 0.8325985
[1] "AdaLSE"
[1] 0.8999369
[1] 0.02694568
[1] 0.9558824

 0  1 
 3 65 
[1] "Fitting mean A"
[1] "Fitting variance A"
[1] "DR"
[1] 0.897026
[1] 0.02483759
[1] 0.9117647

 0  1 
 6 62 
[1] "se comparison"
[1] 0.02520229
[1] 0.02625754
[1] 69
[1] 0.8272291
[1] 0.8325985
[1] "AdaLSE"
[1] 0.7963536
[1] 0.02581832
[1] 0.9565217

 0  1 
 3 66 
[1] "Fitting mean A"
[1] "Fitting variance A"
[1] "DR"
[1] 0.78797
[1] 0.02506655
[1] 0.9130435

 0  1 
 6 63 
[1] "se comparison"
[1] 0.02553672
[1] 0.02666225
[1] 70
[1] 0.8272291
[1] 0.8325985
[1] "AdaLSE"
[1] 0.7929283
[1] 0.02714433
[1] 0.9571429

 0  1 
 3 67 
[1] "Fitting mean A"
[1] "Fitting variance A"
[1] "DR"
[1] 0.789031
[1] 0.02495044
[1] 0.9142857

 0  1 
 6 64 
[1] "se comparison"
[1] 0.0259256
[1] 0.02700751
[1] 71
[1] 0.8272291
[1] 0.8325985
[1] "AdaLSE"
[1] 0.8181457
[1] 0.02349506
[1] 0.9577465

 0  1 
 3 68 
[1] "Fitting mean A"
[1] "Fitting variance A"
[1] "DR"
[1] 0.8126739
[1] 0.02256705
[1] 0.915493

 0  1 
 6 65 
[1] "se comparison"
[1] 0.02584409
[1] 0.02692556
[1] 72
[1] 0.8272291
[1] 0.8325985
[1] "AdaLSE"
[1] 0.8242556
[1] 0.02605371
[1] 0.9583333

 0  1 
 3 69 
[1] "Fitting mean A"
[1] "Fitting variance A"
[1] "DR"
[1] 0.8200096
[1] 0.02383864
[1] 0.9166667

 0  1 
 6 66 
[1] "se comparison"
[1] 0.02570829
[1] 0.02677923
[1] 73
[1] 0.8272291
[1] 0.8325985
[1] "AdaLSE"
[1] 0.8290079
[1] 0.02440876
[1] 0.9589041

 0  1 
 3 70 
[1] "Fitting mean A"
[1] "Fitting variance A"
[1] "DR"
[1] 0.8294309
[1] 0.02278786
[1] 0.9178082

 0  1 
 6 67 
[1] "se comparison"
[1] 0.0255473
[1] 0.02659561
[1] 74
[1] 0.8272291
[1] 0.8325985
[1] "AdaLSE"
[1] 0.8657855
[1] 0.02540777
[1] 0.9594595

 0  1 
 3 71 
[1] "Fitting mean A"
[1] "Fitting variance A"
[1] "DR"
[1] 0.860263
[1] 0.02398746
[1] 0.9189189

 0  1 
 6 68 
[1] "se comparison"
[1] 0.02558956
[1] 0.02660511
[1] 75
[1] 0.8272291
[1] 0.8325985
[1] "AdaLSE"
[1] 0.8656431
[1] 0.02401987
[1] 0.96

 0  1 
 3 72 
[1] "Fitting mean A"
[1] "Fitting variance A"
[1] "DR"
[1] 0.8590476
[1] 0.02216158
[1] 0.92

 0  1 
 6 69 
[1] "se comparison"
[1] 0.02562282
[1] 0.02659318
[1] 76
[1] 0.8272291
[1] 0.8325985
[1] "AdaLSE"
[1] 0.8454514
[1] 0.02615125
[1] 0.9605263

 0  1 
 3 73 
[1] "Fitting mean A"
[1] "Fitting variance A"
[1] "DR"
[1] 0.8388807
[1] 0.02463953
[1] 0.9210526

 0  1 
 6 70 
[1] "se comparison"
[1] 0.02546622
[1] 0.02642247
[1] 77
[1] 0.8272291
[1] 0.8325985
[1] "AdaLSE"
[1] 0.7916987
[1] 0.02539498
[1] 0.961039

 0  1 
 3 74 
[1] "Fitting mean A"
[1] "Fitting variance A"
[1] "DR"
[1] 0.7911699
[1] 0.02346149
[1] 0.9220779

 0  1 
 6 71 
[1] "se comparison"
[1] 0.0258422
[1] 0.02668938
[1] 78
[1] 0.8272291
[1] 0.8325985
[1] "AdaLSE"
[1] 0.8536007
[1] 0.02597741
[1] 0.9615385

 0  1 
 3 75 
[1] "Fitting mean A"
[1] "Fitting variance A"
[1] "DR"
[1] 0.8472174
[1] 0.02452731
[1] 0.9230769

 0  1 
 6 72 
[1] "se comparison"
[1] 0.02573942
[1] 0.02656411
[1] 79
[1] 0.8272291
[1] 0.8325985
[1] "AdaLSE"
[1] 0.8391031
[1] 0.02591555
[1] 0.9620253

 0  1 
 3 76 
[1] "Fitting mean A"
[1] "Fitting variance A"
[1] "DR"
[1] 0.8352706
[1] 0.02431221
[1] 0.9240506

 0  1 
 6 73 
[1] "se comparison"
[1] 0.02557445
[1] 0.02639429
[1] 80
[1] 0.8272291
[1] 0.8325985
[1] "AdaLSE"
[1] 0.7943045
[1] 0.02610492
[1] 0.9625

 0  1 
 3 77 
[1] "Fitting mean A"
[1] "Fitting variance A"
[1] "DR"
[1] 0.7912123
[1] 0.02472614
[1] 0.925

 0  1 
 6 74 
[1] "se comparison"
[1] 0.02586923
[1] 0.02664431
[1] 81
[1] 0.8272291
[1] 0.8325985
[1] "AdaLSE"
[1] 0.7866999
[1] 0.02611461
[1] 0.962963

 0  1 
 3 78 
[1] "Fitting mean A"
[1] "Fitting variance A"
[1] "DR"
[1] 0.7827729
[1] 0.02285145
[1] 0.9135802

 0  1 
 7 74 
[1] "se comparison"
[1] 0.0263092
[1] 0.0270525
[1] 82
[1] 0.8272291
[1] 0.8325985
[1] "AdaLSE"
[1] 0.856333
[1] 0.02593954
[1] 0.9634146

 0  1 
 3 79 
[1] "Fitting mean A"
[1] "Fitting variance A"
[1] "DR"
[1] 0.8524658
[1] 0.02420729
[1] 0.9146341

 0  1 
 7 75 
[1] "se comparison"
[1] 0.02623835
[1] 0.02697891
[1] 83
[1] 0.8272291
[1] 0.8325985
[1] "AdaLSE"
[1] 0.7762229
[1] 0.02575757
[1] 0.9518072

 0  1 
 4 79 
[1] "Fitting mean A"
[1] "Fitting variance A"
[1] "DR"
[1] 0.7729197
[1] 0.0248046
[1] 0.9036145

 0  1 
 8 75 
[1] "se comparison"
[1] 0.02690924
[1] 0.02759591
[1] 84
[1] 0.8272291
[1] 0.8325985
[1] "AdaLSE"
[1] 0.9040075
[1] 0.0249733
[1] 0.9404762

 0  1 
 5 79 
[1] "Fitting mean A"
[1] "Fitting variance A"
[1] "DR"
[1] 0.9003401
[1] 0.02259608
[1] 0.8928571

 0  1 
 9 75 
[1] "se comparison"
[1] 0.02775796
[1] 0.02843521
[1] 85
[1] 0.8272291
[1] 0.8325985
[1] "AdaLSE"
[1] 0.8457444
[1] 0.02594078
[1] 0.9411765

 0  1 
 5 80 
[1] "Fitting mean A"
[1] "Fitting variance A"
[1] "DR"
[1] 0.8415133
[1] 0.02467758
[1] 0.8941176

 0  1 
 9 76 
[1] "se comparison"
[1] 0.0276094
[1] 0.02828254
[1] 86
[1] 0.8272291
[1] 0.8325985
[1] "AdaLSE"
[1] 0.7847484
[1] 0.02464644
[1] 0.9418605

 0  1 
 5 81 
[1] "Fitting mean A"
[1] "Fitting variance A"
[1] "DR"
[1] 0.7836823
[1] 0.02296341
[1] 0.8837209

 0  1 
10 76 
[1] "se comparison"
[1] 0.02801623
[1] 0.02860534
[1] 87
[1] 0.8272291
[1] 0.8325985
[1] "AdaLSE"
[1] 0.8463663
[1] 0.02708181
[1] 0.9425287

 0  1 
 5 82 
[1] "Fitting mean A"
[1] "Fitting variance A"
[1] "DR"
[1] 0.8420845
[1] 0.02493886
[1] 0.8850575

 0  1 
10 77 
[1] "se comparison"
[1] 0.02787389
[1] 0.02845914
[1] 88
[1] 0.8272291
[1] 0.8325985
[1] "AdaLSE"
[1] 0.8041786
[1] 0.02658761
[1] 0.9431818

 0  1 
 5 83 
[1] "Fitting mean A"
[1] "Fitting variance A"
[1] "DR"
[1] 0.8004149
[1] 0.02476701
[1] 0.8863636

 0  1 
10 78 
[1] "se comparison"
[1] 0.02792511
[1] 0.02849604
[1] 89
[1] 0.8272291
[1] 0.8325985
[1] "AdaLSE"
[1] 0.7902998
[1] 0.02544716
[1] 0.9438202

 0  1 
 5 84 
[1] "Fitting mean A"
[1] "Fitting variance A"
[1] "DR"
[1] 0.792381
[1] 0.02432946
[1] 0.8876404

 0  1 
10 79 
[1] "se comparison"
[1] 0.02818579
[1] 0.02863922
[1] 90
[1] 0.8272291
[1] 0.8325985
[1] "AdaLSE"
[1] 0.8222416
[1] 0.0274156
[1] 0.9444444

 0  1 
 5 85 
[1] "Fitting mean A"
[1] "Fitting variance A"
[1] "DR"
[1] 0.8193935
[1] 0.02640411
[1] 0.8888889

 0  1 
10 80 
[1] "se comparison"
[1] 0.02806186
[1] 0.02850552
[1] 91
[1] 0.8272291
[1] 0.8325985
[1] "AdaLSE"
[1] 0.8693791
[1] 0.02525212
[1] 0.9450549

 0  1 
 5 86 
[1] "Fitting mean A"
[1] "Fitting variance A"
[1] "DR"
[1] 0.8670809
[1] 0.02290605
[1] 0.8901099

 0  1 
10 81 
[1] "se comparison"
[1] 0.02813246
[1] 0.02859561
[1] 92
[1] 0.8272291
[1] 0.8325985
[1] "AdaLSE"
[1] 0.8624255
[1] 0.0244528
[1] 0.9456522

 0  1 
 5 87 
[1] "Fitting mean A"
[1] "Fitting variance A"
[1] "DR"
[1] 0.8591055
[1] 0.02330092
[1] 0.8913043

 0  1 
10 82 
[1] "se comparison"
[1] 0.02811552
[1] 0.02858266
[1] 93
[1] 0.8272291
[1] 0.8325985
[1] "AdaLSE"
[1] 0.8602954
[1] 0.02520423
[1] 0.9462366

 0  1 
 5 88 
[1] "Fitting mean A"
[1] "Fitting variance A"
[1] "DR"
[1] 0.8490179
[1] 0.024911
[1] 0.8924731

 0  1 
10 83 
[1] "se comparison"
[1] 0.02807533
[1] 0.0284825
[1] 94
[1] 0.8272291
[1] 0.8325985
[1] "AdaLSE"
[1] 0.813976
[1] 0.02493173
[1] 0.9468085

 0  1 
 5 89 
[1] "Fitting mean A"
[1] "Fitting variance A"
[1] "DR"
[1] 0.8098981
[1] 0.02352785
[1] 0.893617

 0  1 
10 84 
[1] "se comparison"
[1] 0.02801863
[1] 0.02842092
[1] 95
[1] 0.8272291
[1] 0.8325985
[1] "AdaLSE"
[1] 0.8375765
[1] 0.02262251
[1] 0.9473684

 0  1 
 5 90 
[1] "Fitting mean A"
[1] "Fitting variance A"
[1] "DR"
[1] 0.8364278
[1] 0.02028583
[1] 0.8947368

 0  1 
10 85 
[1] "se comparison"
[1] 0.02786964
[1] 0.02827331
[1] 96
[1] 0.8272291
[1] 0.8325985
[1] "AdaLSE"
[1] 0.8547709
[1] 0.02538368
[1] 0.9479167

 0  1 
 5 91 
[1] "Fitting mean A"
[1] "Fitting variance A"
[1] "DR"
[1] 0.8449127
[1] 0.02302509
[1] 0.8958333

 0  1 
10 86 
[1] "se comparison"
[1] 0.02778823
[1] 0.02815564
[1] 97
[1] 0.8272291
[1] 0.8325985
[1] "AdaLSE"
[1] 0.8718494
[1] 0.02462505
[1] 0.9484536

 0  1 
 5 92 
[1] "Fitting mean A"
