LOADING R
R LOADED
[1] "/home/lvanderl/Rlibs2"                         
[2] "/app/software/R/4.2.2-foss-2021b/lib/R/library"
[1] "/home/lvanderl/sieveSims"
[1] 1
[1] -0.0005591152
[1] -0.01038765
[1] "AdaLSE"
[1] 0.03998407
[1] 0.0555323
[1] 1

1 
1 
[1] "Fitting mean A"
[1] "Fitting variance A"
[1] "DR"
[1] 0.002724129
[1] 0.05030643
[1] 1

1 
1 
[1] 2
[1] -0.0005591152
[1] -0.01038765
[1] "AdaLSE"
[1] 0.06354205
[1] 0.0469421
[1] 1

1 
2 
[1] "Fitting mean A"
[1] "Fitting variance A"
[1] "DR"
[1] 0.04818034
[1] 0.04138257
[1] 1

1 
2 
[1] 3
[1] -0.0005591152
[1] -0.01038765
[1] "AdaLSE"
[1] 0.02612774
[1] 0.05108168
[1] 1

1 
3 
[1] "Fitting mean A"
[1] "Fitting variance A"
[1] "DR"
[1] 0.007995825
[1] 0.04507496
[1] 1

1 
3 
[1] 4
[1] -0.0005591152
[1] -0.01038765
[1] "AdaLSE"
[1] 0.0240009
[1] 0.05689711
[1] 1

1 
4 
[1] "Fitting mean A"
[1] "Fitting variance A"
[1] "DR"
[1] -0.003544596
[1] 0.05106561
[1] 1

1 
4 
[1] 5
[1] -0.0005591152
[1] -0.01038765
[1] "AdaLSE"
[1] 0.04568599
[1] 0.05012281
[1] 1

1 
5 
[1] "Fitting mean A"
[1] "Fitting variance A"
[1] "DR"
[1] 0.02817184
[1] 0.04303067
[1] 1

1 
5 
[1] 6
[1] -0.0005591152
[1] -0.01038765
[1] "AdaLSE"
[1] 0.1441632
[1] 0.04850554
[1] 0.8333333

0 1 
1 5 
[1] "Fitting mean A"
[1] "Fitting variance A"
[1] "DR"
[1] 0.07710668
[1] 0.04530348
[1] 1

1 
6 
[1] 7
[1] -0.0005591152
[1] -0.01038765
[1] "AdaLSE"
[1] -0.04019755
[1] 0.05235187
[1] 0.8571429

0 1 
1 6 
[1] "Fitting mean A"
[1] "Fitting variance A"
[1] "DR"
[1] -0.05721886
[1] 0.04941997
[1] 1

1 
7 
[1] 8
[1] -0.0005591152
[1] -0.01038765
[1] "AdaLSE"
[1] 0.0166301
[1] 0.05193503
[1] 0.875

0 1 
1 7 
[1] "Fitting mean A"
[1] "Fitting variance A"
[1] "DR"
[1] 7.568378e-05
[1] 0.04666421
[1] 1

1 
8 
[1] 9
[1] -0.0005591152
[1] -0.01038765
[1] "AdaLSE"
[1] -0.02028551
[1] 0.05305121
[1] 0.8888889

0 1 
1 8 
[1] "Fitting mean A"
[1] "Fitting variance A"
[1] "DR"
[1] -0.02387041
[1] 0.05070734
[1] 1

1 
9 
[1] 10
[1] -0.0005591152
[1] -0.01038765
[1] "AdaLSE"
[1] -0.02681886
[1] 0.05539476
[1] 0.9

0 1 
1 9 
[1] "Fitting mean A"
[1] "Fitting variance A"
[1] "DR"
[1] -0.04570546
[1] 0.05001678
[1] 1

 1 
10 
[1] 11
[1] -0.0005591152
[1] -0.01038765
[1] "AdaLSE"
[1] 0.02012132
[1] 0.05059762
[1] 0.9090909

 0  1 
 1 10 
[1] "Fitting mean A"
[1] "Fitting variance A"
[1] "DR"
[1] 0.003210581
[1] 0.04523905
[1] 1

 1 
11 
[1] 12
[1] -0.0005591152
[1] -0.01038765
[1] "AdaLSE"
[1] 0.05216646
[1] 0.05238367
[1] 0.9166667

 0  1 
 1 11 
[1] "Fitting mean A"
[1] "Fitting variance A"
[1] "DR"
[1] 0.02604686
[1] 0.04713657
[1] 1

 1 
12 
[1] 13
[1] -0.0005591152
[1] -0.01038765
[1] "AdaLSE"
[1] 0.01767494
[1] 0.04652271
[1] 0.9230769

 0  1 
 1 12 
[1] "Fitting mean A"
[1] "Fitting variance A"
[1] "DR"
[1] -0.01534843
[1] 0.04287938
[1] 1

 1 
13 
[1] 14
[1] -0.0005591152
[1] -0.01038765
[1] "AdaLSE"
[1] 0.06270374
[1] 0.05194705
[1] 0.9285714

 0  1 
 1 13 
[1] "Fitting mean A"
[1] "Fitting variance A"
[1] "DR"
[1] 0.03271256
[1] 0.0443346
[1] 1

 1 
14 
[1] 15
[1] -0.0005591152
[1] -0.01038765
[1] "AdaLSE"
[1] 0.03242279
[1] 0.0512694
[1] 0.9333333

 0  1 
 1 14 
[1] "Fitting mean A"
[1] "Fitting variance A"
[1] "DR"
[1] 0.03668337
[1] 0.0451232
[1] 1

 1 
15 
[1] 16
[1] -0.0005591152
[1] -0.01038765
[1] "AdaLSE"
[1] 0.04996345
[1] 0.05007004
[1] 0.9375

 0  1 
 1 15 
[1] "Fitting mean A"
[1] "Fitting variance A"
[1] "DR"
[1] 0.031672
[1] 0.0441356
[1] 1

 1 
16 
[1] 17
[1] -0.0005591152
[1] -0.01038765
[1] "AdaLSE"
[1] -0.03000422
[1] 0.05431434
[1] 0.9411765

 0  1 
 1 16 
[1] "Fitting mean A"
[1] "Fitting variance A"
[1] "DR"
[1] -0.06956966
[1] 0.04937566
[1] 1

 1 
17 
[1] 18
[1] -0.0005591152
[1] -0.01038765
[1] "AdaLSE"
[1] 0.09488778
[1] 0.05014702
[1] 0.8888889

 0  1 
 2 16 
[1] "Fitting mean A"
[1] "Fitting variance A"
[1] "DR"
[1] 0.05949676
[1] 0.04435149
[1] 1

 1 
18 
[1] 19
[1] -0.0005591152
[1] -0.01038765
[1] "AdaLSE"
[1] 0.03424907
[1] 0.05479845
[1] 0.8947368

 0  1 
 2 17 
[1] "Fitting mean A"
[1] "Fitting variance A"
[1] "DR"
[1] 0.02444865
[1] 0.05005125
[1] 1

 1 
19 
[1] 20
[1] -0.0005591152
[1] -0.01038765
[1] "AdaLSE"
[1] 0.1217355
[1] 0.05413149
[1] 0.85

 0  1 
 3 17 
[1] "Fitting mean A"
[1] "Fitting variance A"
[1] "DR"
[1] 0.09843035
[1] 0.05367573
[1] 0.95

 0  1 
 1 19 
[1] 21
[1] -0.0005591152
[1] -0.01038765
[1] "AdaLSE"
[1] 0.006244525
[1] 0.05863904
[1] 0.8571429

 0  1 
 3 18 
[1] "Fitting mean A"
[1] "Fitting variance A"
[1] "DR"
[1] -0.007874503
[1] 0.05399367
[1] 0.952381

 0  1 
 1 20 
[1] 22
[1] -0.0005591152
[1] -0.01038765
[1] "AdaLSE"
[1] -0.02280581
[1] 0.05035799
[1] 0.8636364

 0  1 
 3 19 
[1] "Fitting mean A"
[1] "Fitting variance A"
[1] "DR"
[1] -0.05184187
[1] 0.04408176
[1] 0.9545455

 0  1 
 1 21 
[1] 23
[1] -0.0005591152
[1] -0.01038765
[1] "AdaLSE"
[1] 0.003160389
[1] 0.04983654
[1] 0.8695652

 0  1 
 3 20 
[1] "Fitting mean A"
[1] "Fitting variance A"
[1] "DR"
[1] -0.008163501
[1] 0.04400141
[1] 0.9565217

 0  1 
 1 22 
[1] 24
[1] -0.0005591152
[1] -0.01038765
[1] "AdaLSE"
[1] 0.1022896
[1] 0.05503649
[1] 0.8333333

 0  1 
 4 20 
[1] "Fitting mean A"
[1] "Fitting variance A"
[1] "DR"
[1] 0.06191918
[1] 0.0485601
[1] 0.9583333

 0  1 
 1 23 
[1] 25
[1] -0.0005591152
[1] -0.01038765
[1] "AdaLSE"
[1] -0.002138339
[1] 0.05049916
[1] 0.84

 0  1 
 4 21 
[1] "Fitting mean A"
[1] "Fitting variance A"
[1] "DR"
[1] -0.003336159
[1] 0.0449134
[1] 0.96

 0  1 
 1 24 
[1] 26
[1] -0.0005591152
[1] -0.01038765
[1] "AdaLSE"
[1] 0.05410919
[1] 0.05374122
[1] 0.8461538

 0  1 
 4 22 
[1] "Fitting mean A"
[1] "Fitting variance A"
[1] "DR"
[1] 0.03400899
[1] 0.04794543
[1] 0.9615385

 0  1 
 1 25 
[1] 27
[1] -0.0005591152
[1] -0.01038765
[1] "AdaLSE"
[1] -0.1040537
[1] 0.05072389
[1] 0.8518519

 0  1 
 4 23 
[1] "Fitting mean A"
[1] "Fitting variance A"
[1] "DR"
[1] -0.118144
[1] 0.0449661
[1] 0.9259259

 0  1 
 2 25 
[1] 28
[1] -0.0005591152
[1] -0.01038765
[1] "AdaLSE"
[1] -0.04993966
[1] 0.04908563
[1] 0.8571429

 0  1 
 4 24 
[1] "Fitting mean A"
[1] "Fitting variance A"
[1] "DR"
[1] -0.057694
[1] 0.04534611
[1] 0.9285714

 0  1 
 2 26 
[1] 29
[1] -0.0005591152
[1] -0.01038765
[1] "AdaLSE"
[1] -0.06352508
[1] 0.04341435
[1] 0.862069

 0  1 
 4 25 
[1] "Fitting mean A"
[1] "Fitting variance A"
[1] "DR"
[1] -0.07493666
[1] 0.040138
[1] 0.9310345

 0  1 
 2 27 
[1] 30
[1] -0.0005591152
[1] -0.01038765
[1] "AdaLSE"
[1] -0.1363016
[1] 0.05495272
[1] 0.8333333

 0  1 
 5 25 
[1] "Fitting mean A"
[1] "Fitting variance A"
[1] "DR"
[1] -0.1575702
[1] 0.04866826
[1] 0.9

 0  1 
 3 27 
[1] 31
[1] -0.0005591152
[1] -0.01038765
[1] "AdaLSE"
[1] 0.09326355
[1] 0.05986808
[1] 0.8387097

 0  1 
 5 26 
[1] "Fitting mean A"
[1] "Fitting variance A"
[1] "DR"
[1] 0.06511207
[1] 0.05313205
[1] 0.9032258

 0  1 
 3 28 
[1] 32
[1] -0.0005591152
[1] -0.01038765
[1] "AdaLSE"
[1] -0.01394101
[1] 0.05784315
[1] 0.84375

 0  1 
 5 27 
[1] "Fitting mean A"
[1] "Fitting variance A"
[1] "DR"
[1] -0.06478631
[1] 0.05199524
[1] 0.90625

 0  1 
 3 29 
[1] 33
[1] -0.0005591152
[1] -0.01038765
[1] "AdaLSE"
[1] 0.04050295
[1] 0.05417756
[1] 0.8484848

 0  1 
 5 28 
[1] "Fitting mean A"
[1] "Fitting variance A"
[1] "DR"
[1] 0.02757935
[1] 0.04420397
[1] 0.9090909

 0  1 
 3 30 
[1] 34
[1] -0.0005591152
[1] -0.01038765
[1] "AdaLSE"
[1] 0.01123169
[1] 0.05173102
[1] 0.8529412

 0  1 
 5 29 
[1] "Fitting mean A"
[1] "Fitting variance A"
[1] "DR"
[1] -0.006754288
[1] 0.04725755
[1] 0.9117647

 0  1 
 3 31 
[1] 35
[1] -0.0005591152
[1] -0.01038765
[1] "AdaLSE"
[1] -0.02220164
[1] 0.0581438
[1] 0.8571429

 0  1 
 5 30 
[1] "Fitting mean A"
[1] "Fitting variance A"
[1] "DR"
[1] -0.02623588
[1] 0.05045536
[1] 0.9142857

 0  1 
 3 32 
[1] 36
[1] -0.0005591152
[1] -0.01038765
[1] "AdaLSE"
[1] 0.02865054
[1] 0.05796731
[1] 0.8611111

 0  1 
 5 31 
[1] "Fitting mean A"
[1] "Fitting variance A"
[1] "DR"
[1] 0.01853079
[1] 0.04849684
[1] 0.9166667

 0  1 
 3 33 
[1] 37
[1] -0.0005591152
[1] -0.01038765
[1] "AdaLSE"
[1] 0.04079328
[1] 0.0503671
[1] 0.8648649

 0  1 
 5 32 
[1] "Fitting mean A"
[1] "Fitting variance A"
[1] "DR"
[1] 0.02106073
[1] 0.04380017
[1] 0.9189189

 0  1 
 3 34 
[1] 38
[1] -0.0005591152
[1] -0.01038765
[1] "AdaLSE"
[1] 0.1338832
[1] 0.05101155
[1] 0.8421053

 0  1 
 6 32 
[1] "Fitting mean A"
[1] "Fitting variance A"
[1] "DR"
[1] 0.1065502
[1] 0.04598876
[1] 0.8947368

 0  1 
 4 34 
[1] 39
[1] -0.0005591152
[1] -0.01038765
[1] "AdaLSE"
[1] 0.03897092
[1] 0.05291134
[1] 0.8461538

 0  1 
 6 33 
[1] "Fitting mean A"
[1] "Fitting variance A"
[1] "DR"
[1] 0.0116472
[1] 0.04500632
[1] 0.8974359

 0  1 
 4 35 
[1] 40
[1] -0.0005591152
[1] -0.01038765
[1] "AdaLSE"
[1] 0.04205627
[1] 0.06070748
[1] 0.85

 0  1 
 6 34 
[1] "Fitting mean A"
[1] "Fitting variance A"
[1] "DR"
[1] 0.02693049
[1] 0.05060706
[1] 0.9

 0  1 
 4 36 
[1] 41
[1] -0.0005591152
[1] -0.01038765
[1] "AdaLSE"
[1] 0.02974721
[1] 0.0523376
[1] 0.8536585

 0  1 
 6 35 
[1] "Fitting mean A"
[1] "Fitting variance A"
[1] "DR"
[1] 0.0003681695
[1] 0.04704329
[1] 0.902439

 0  1 
 4 37 
[1] 42
[1] -0.0005591152
[1] -0.01038765
[1] "AdaLSE"
[1] 0.02636403
[1] 0.05442574
[1] 0.8571429

 0  1 
 6 36 
[1] "Fitting mean A"
[1] "Fitting variance A"
[1] "DR"
[1] 0.01448
[1] 0.04794336
[1] 0.9047619

 0  1 
 4 38 
[1] 43
[1] -0.0005591152
[1] -0.01038765
[1] "AdaLSE"
[1] 0.0009153642
[1] 0.05586232
[1] 0.8604651

 0  1 
 6 37 
[1] "Fitting mean A"
[1] "Fitting variance A"
[1] "DR"
[1] -0.0201836
[1] 0.05045585
[1] 0.9069767

 0  1 
 4 39 
[1] 44
[1] -0.0005591152
[1] -0.01038765
[1] "AdaLSE"
[1] 0.05708728
[1] 0.0602479
[1] 0.8636364

 0  1 
 6 38 
[1] "Fitting mean A"
[1] "Fitting variance A"
[1] "DR"
[1] 0.02955542
[1] 0.0524984
[1] 0.9090909

 0  1 
 4 40 
[1] 45
[1] -0.0005591152
[1] -0.01038765
[1] "AdaLSE"
[1] 0.01084349
[1] 0.05735026
[1] 0.8666667

 0  1 
 6 39 
[1] "Fitting mean A"
[1] "Fitting variance A"
[1] "DR"
[1] -0.01532461
[1] 0.04763713
[1] 0.9111111

 0  1 
 4 41 
[1] 46
[1] -0.0005591152
[1] -0.01038765
[1] "AdaLSE"
[1] -0.02840196
[1] 0.05184164
[1] 0.8695652

 0  1 
 6 40 
[1] "Fitting mean A"
[1] "Fitting variance A"
[1] "DR"
[1] -0.05205392
[1] 0.05002801
[1] 0.9130435

 0  1 
 4 42 
[1] 47
[1] -0.0005591152
[1] -0.01038765
[1] "AdaLSE"
[1] 0.1297062
[1] 0.05258618
[1] 0.8510638

 0  1 
 7 40 
[1] "Fitting mean A"
[1] "Fitting variance A"
[1] "DR"
[1] 0.1063865
[1] 0.04703211
[1] 0.893617

 0  1 
 5 42 
[1] 48
[1] -0.0005591152
[1] -0.01038765
[1] "AdaLSE"
[1] 0.04066824
[1] 0.05744458
[1] 0.8541667

 0  1 
 7 41 
[1] "Fitting mean A"
[1] "Fitting variance A"
[1] "DR"
[1] 0.0179995
[1] 0.0522601
[1] 0.8958333

 0  1 
 5 43 
[1] 49
[1] -0.0005591152
[1] -0.01038765
[1] "AdaLSE"
[1] 0.0159159
[1] 0.04554538
[1] 0.8571429

 0  1 
 7 42 
[1] "Fitting mean A"
[1] "Fitting variance A"
[1] "DR"
[1] 0.0006831211
[1] 0.04108017
[1] 0.8979592

 0  1 
 5 44 
[1] 50
[1] -0.0005591152
[1] -0.01038765
[1] "AdaLSE"
[1] 0.03851987
[1] 0.05683881
[1] 0.86

 0  1 
 7 43 
[1] "Fitting mean A"
[1] "Fitting variance A"
[1] "DR"
[1] 0.040973
[1] 0.04963752
[1] 0.9

 0  1 
 5 45 
[1] 51
[1] -0.0005591152
[1] -0.01038765
[1] "AdaLSE"
[1] 0.1000544
[1] 0.05331485
[1] 0.8431373

 0  1 
 8 43 
[1] "Fitting mean A"
[1] "Fitting variance A"
[1] "DR"
[1] 0.09064036
[1] 0.04482695
[1] 0.8823529

 0  1 
 6 45 
[1] 52
[1] -0.0005591152
[1] -0.01038765
[1] "AdaLSE"
[1] -0.003613697
[1] 0.05454171
[1] 0.8461538

 0  1 
 8 44 
[1] "Fitting mean A"
[1] "Fitting variance A"
[1] "DR"
[1] -0.03087004
[1] 0.04801149
[1] 0.8846154

 0  1 
 6 46 
[1] 53
[1] -0.0005591152
[1] -0.01038765
[1] "AdaLSE"
[1] 0.09928825
[1] 0.06340074
[1] 0.8490566

 0  1 
 8 45 
[1] "Fitting mean A"
[1] "Fitting variance A"
[1] "DR"
[1] 0.07955751
[1] 0.05660216
[1] 0.8867925

 0  1 
 6 47 
[1] 54
[1] -0.0005591152
[1] -0.01038765
[1] "AdaLSE"
[1] 0.05521883
[1] 0.05341286
[1] 0.8518519

 0  1 
 8 46 
[1] "Fitting mean A"
[1] "Fitting variance A"
[1] "DR"
[1] 0.0320542
[1] 0.04900428
[1] 0.8888889

 0  1 
 6 48 
[1] 55
[1] -0.0005591152
[1] -0.01038765
[1] "AdaLSE"
[1] -0.006812634
[1] 0.05561922
[1] 0.8545455

 0  1 
 8 47 
[1] "Fitting mean A"
[1] "Fitting variance A"
[1] "DR"
[1] -0.02265103
[1] 0.04951107
[1] 0.8909091

 0  1 
 6 49 
[1] 56
[1] -0.0005591152
[1] -0.01038765
[1] "AdaLSE"
[1] 0.0003218721
[1] 0.05515233
[1] 0.8571429

 0  1 
 8 48 
[1] "Fitting mean A"
[1] "Fitting variance A"
[1] "DR"
[1] -0.04054205
[1] 0.04928959
[1] 0.8928571

 0  1 
 6 50 
[1] 57
[1] -0.0005591152
[1] -0.01038765
[1] "AdaLSE"
[1] 0.0580569
[1] 0.05516556
[1] 0.8596491

 0  1 
 8 49 
[1] "Fitting mean A"
[1] "Fitting variance A"
[1] "DR"
[1] 0.0343531
[1] 0.04989361
[1] 0.8947368

 0  1 
 6 51 
[1] 58
[1] -0.0005591152
[1] -0.01038765
[1] "AdaLSE"
[1] 0.04782027
[1] 0.04637015
[1] 0.862069

 0  1 
 8 50 
[1] "Fitting mean A"
[1] "Fitting variance A"
[1] "DR"
[1] 0.03390175
[1] 0.04162203
[1] 0.8965517

 0  1 
 6 52 
[1] 59
[1] -0.0005591152
[1] -0.01038765
[1] "AdaLSE"
[1] 0.0349135
[1] 0.0595926
[1] 0.8644068

 0  1 
 8 51 
[1] "Fitting mean A"
[1] "Fitting variance A"
[1] "DR"
[1] 0.0112725
[1] 0.05322352
[1] 0.8983051

 0  1 
 6 53 
[1] 60
[1] -0.0005591152
[1] -0.01038765
[1] "AdaLSE"
[1] 0.01555551
[1] 0.04937473
[1] 0.8666667

 0  1 
 8 52 
[1] "Fitting mean A"
[1] "Fitting variance A"
[1] "DR"
[1] -0.02628647
[1] 0.04658812
[1] 0.9

 0  1 
 6 54 
[1] 61
[1] -0.0005591152
[1] -0.01038765
[1] "AdaLSE"
[1] 0.08711612
[1] 0.05736191
[1] 0.8688525

 0  1 
 8 53 
[1] "Fitting mean A"
[1] "Fitting variance A"
[1] "DR"
[1] 0.0457531
[1] 0.05044321
[1] 0.9016393

 0  1 
 6 55 
[1] 62
[1] -0.0005591152
[1] -0.01038765
[1] "AdaLSE"
[1] -0.01388473
[1] 0.05714595
[1] 0.8709677

 0  1 
 8 54 
[1] "Fitting mean A"
[1] "Fitting variance A"
[1] "DR"
[1] -0.04158202
[1] 0.04860926
[1] 0.9032258

 0  1 
 6 56 
[1] 63
[1] -0.0005591152
[1] -0.01038765
[1] "AdaLSE"
[1] 0.01466074
[1] 0.05474724
[1] 0.8730159

 0  1 
 8 55 
[1] "Fitting mean A"
[1] "Fitting variance A"
[1] "DR"
[1] 7.255929e-06
[1] 0.04580649
[1] 0.9047619

 0  1 
 6 57 
[1] 64
[1] -0.0005591152
[1] -0.01038765
[1] "AdaLSE"
[1] -0.01216449
[1] 0.05197026
[1] 0.875

 0  1 
 8 56 
[1] "Fitting mean A"
[1] "Fitting variance A"
[1] "DR"
[1] -0.03559754
[1] 0.04614221
[1] 0.90625

 0  1 
 6 58 
[1] 65
[1] -0.0005591152
[1] -0.01038765
[1] "AdaLSE"
[1] 0.02380151
[1] 0.05224265
[1] 0.8769231

 0  1 
 8 57 
[1] "Fitting mean A"
[1] "Fitting variance A"
[1] "DR"
[1] 0.008757143
[1] 0.04727544
[1] 0.9076923

 0  1 
 6 59 
[1] 66
[1] -0.0005591152
[1] -0.01038765
[1] "AdaLSE"
[1] 0.01050223
[1] 0.05484162
[1] 0.8787879

 0  1 
 8 58 
[1] "Fitting mean A"
[1] "Fitting variance A"
[1] "DR"
[1] -0.02648145
[1] 0.04832669
[1] 0.9090909

 0  1 
 6 60 
[1] 67
[1] -0.0005591152
[1] -0.01038765
[1] "AdaLSE"
[1] -0.0231757
[1] 0.05937906
[1] 0.880597

 0  1 
 8 59 
[1] "Fitting mean A"
[1] "Fitting variance A"
[1] "DR"
[1] -0.06197124
[1] 0.05324396
[1] 0.9104478

 0  1 
 6 61 
[1] 68
[1] -0.0005591152
[1] -0.01038765
[1] "AdaLSE"
[1] -0.07694615
[1] 0.052375
[1] 0.8823529

 0  1 
 8 60 
[1] "Fitting mean A"
[1] "Fitting variance A"
[1] "DR"
[1] -0.07411935
[1] 0.04864205
[1] 0.9117647

 0  1 
 6 62 
[1] 69
[1] -0.0005591152
[1] -0.01038765
[1] "AdaLSE"
[1] 0.04806179
[1] 0.05261891
[1] 0.884058

 0  1 
 8 61 
[1] "Fitting mean A"
[1] "Fitting variance A"
[1] "DR"
[1] 0.01168627
[1] 0.04815167
[1] 0.9130435

 0  1 
 6 63 
[1] 70
[1] -0.0005591152
[1] -0.01038765
[1] "AdaLSE"
[1] 0.05224278
[1] 0.05766213
[1] 0.8857143

 0  1 
 8 62 
[1] "Fitting mean A"
[1] "Fitting variance A"
[1] "DR"
[1] 0.01963584
[1] 0.05241112
[1] 0.9142857

 0  1 
 6 64 
[1] 71
[1] -0.0005591152
[1] -0.01038765
[1] "AdaLSE"
[1] 0.008243013
[1] 0.05849752
[1] 0.8873239

 0  1 
 8 63 
[1] "Fitting mean A"
[1] "Fitting variance A"
[1] "DR"
[1] -0.01408013
[1] 0.05644088
[1] 0.915493

 0  1 
 6 65 
[1] 72
[1] -0.0005591152
[1] -0.01038765
[1] "AdaLSE"
[1] -0.02230282
[1] 0.05541075
[1] 0.8888889

 0  1 
 8 64 
[1] "Fitting mean A"
[1] "Fitting variance A"
[1] "DR"
[1] -0.07129492
[1] 0.05075415
[1] 0.9166667

 0  1 
 6 66 
[1] 73
[1] -0.0005591152
[1] -0.01038765
[1] "AdaLSE"
[1] -0.08110986
[1] 0.05228417
[1] 0.890411

 0  1 
 8 65 
[1] "Fitting mean A"
[1] "Fitting variance A"
[1] "DR"
[1] -0.09001974
[1] 0.04458245
[1] 0.9178082

 0  1 
 6 67 
[1] 74
[1] -0.0005591152
[1] -0.01038765
[1] "AdaLSE"
[1] 0.01331652
[1] 0.05481409
[1] 0.8918919

 0  1 
 8 66 
[1] "Fitting mean A"
[1] "Fitting variance A"
[1] "DR"
[1] 0.01120575
[1] 0.04546968
[1] 0.9189189

 0  1 
 6 68 
[1] 75
[1] -0.0005591152
[1] -0.01038765
[1] "AdaLSE"
[1] 0.07673086
[1] 0.05511743
[1] 0.8933333

 0  1 
 8 67 
[1] "Fitting mean A"
[1] "Fitting variance A"
[1] "DR"
[1] 0.05474099
[1] 0.05035052
[1] 0.92

 0  1 
 6 69 
[1] 76
[1] -0.0005591152
[1] -0.01038765
[1] "AdaLSE"
[1] 0.07192799
[1] 0.05651614
[1] 0.8947368

 0  1 
 8 68 
[1] "Fitting mean A"
[1] "Fitting variance A"
[1] "DR"
[1] 0.04260421
[1] 0.05138962
[1] 0.9210526

 0  1 
 6 70 
[1] 77
[1] -0.0005591152
[1] -0.01038765
[1] "AdaLSE"
[1] 0.04439391
[1] 0.04500632
[1] 0.8961039

 0  1 
 8 69 
[1] "Fitting mean A"
[1] "Fitting variance A"
[1] "DR"
[1] 0.02353902
[1] 0.03808546
[1] 0.9220779

 0  1 
 6 71 
[1] 78
[1] -0.0005591152
[1] -0.01038765
[1] "AdaLSE"
[1] -0.02251219
[1] 0.05192213
[1] 0.8974359

 0  1 
 8 70 
[1] "Fitting mean A"
[1] "Fitting variance A"
[1] "DR"
[1] -0.04176985
[1] 0.04534414
[1] 0.9230769

 0  1 
 6 72 
[1] 79
[1] -0.0005591152
[1] -0.01038765
[1] "AdaLSE"
[1] 0.02723745
[1] 0.0566693
[1] 0.8987342

 0  1 
 8 71 
[1] "Fitting mean A"
[1] "Fitting variance A"
[1] "DR"
[1] 0.005513667
[1] 0.04943761
[1] 0.9240506

 0  1 
 6 73 
[1] 80
[1] -0.0005591152
[1] -0.01038765
[1] "AdaLSE"
[1] -0.0003625301
[1] 0.05696543
[1] 0.9

 0  1 
 8 72 
[1] "Fitting mean A"
[1] "Fitting variance A"
[1] "DR"
[1] 0.008065293
[1] 0.04358403
[1] 0.925

 0  1 
 6 74 
[1] 81
[1] -0.0005591152
[1] -0.01038765
[1] "AdaLSE"
[1] -0.007704308
[1] 0.04967152
[1] 0.9012346

 0  1 
 8 73 
[1] "Fitting mean A"
[1] "Fitting variance A"
[1] "DR"
[1] -0.0230098
[1] 0.04340477
[1] 0.9259259

 0  1 
 6 75 
[1] 82
[1] -0.0005591152
[1] -0.01038765
[1] "AdaLSE"
[1] -0.09442089
[1] 0.06046544
[1] 0.902439

 0  1 
 8 74 
[1] "Fitting mean A"
[1] "Fitting variance A"
[1] "DR"
[1] -0.1195931
[1] 0.05286148
[1] 0.9146341

 0  1 
 7 75 
[1] 83
[1] -0.0005591152
[1] -0.01038765
[1] "AdaLSE"
[1] 0.09046593
[1] 0.05466783
[1] 0.9036145

 0  1 
 8 75 
[1] "Fitting mean A"
[1] "Fitting variance A"
[1] "DR"
[1] 0.05202823
[1] 0.04894253
[1] 0.9156627

 0  1 
 7 76 
[1] 84
[1] -0.0005591152
[1] -0.01038765
[1] "AdaLSE"
[1] -0.06367124
[1] 0.05241717
[1] 0.9047619

 0  1 
 8 76 
[1] "Fitting mean A"
[1] "Fitting variance A"
[1] "DR"
[1] -0.06667481
[1] 0.04624362
[1] 0.9166667

 0  1 
 7 77 
[1] 85
[1] -0.0005591152
[1] -0.01038765
[1] "AdaLSE"
[1] 0.00624418
[1] 0.04445036
[1] 0.9058824

 0  1 
 8 77 
[1] "Fitting mean A"
[1] "Fitting variance A"
[1] "DR"
[1] -0.001432489
[1] 0.03790794
[1] 0.9176471

 0  1 
 7 78 
[1] 86
[1] -0.0005591152
[1] -0.01038765
[1] "AdaLSE"
[1] 0.01122028
[1] 0.05505285
[1] 0.9069767

 0  1 
 8 78 
[1] "Fitting mean A"
[1] "Fitting variance A"
[1] "DR"
[1] -0.03293265
[1] 0.04673816
[1] 0.9186047

 0  1 
 7 79 
[1] 87
[1] -0.0005591152
[1] -0.01038765
[1] "AdaLSE"
[1] 0.06732373
[1] 0.0597081
[1] 0.908046

 0  1 
 8 79 
[1] "Fitting mean A"
[1] "Fitting variance A"
[1] "DR"
[1] 0.05538354
[1] 0.0563072
[1] 0.9195402

 0  1 
 7 80 
[1] 88
[1] -0.0005591152
[1] -0.01038765
[1] "AdaLSE"
[1] -0.05647502
[1] 0.05735609
[1] 0.9090909

 0  1 
 8 80 
[1] "Fitting mean A"
[1] "Fitting variance A"
[1] "DR"
[1] -0.06471638
[1] 0.04940536
[1] 0.9204545

 0  1 
 7 81 
[1] 89
[1] -0.0005591152
[1] -0.01038765
[1] "AdaLSE"
[1] -0.03215382
[1] 0.05813453
[1] 0.9101124

 0  1 
 8 81 
[1] "Fitting mean A"
[1] "Fitting variance A"
[1] "DR"
[1] -0.06814385
[1] 0.05506551
[1] 0.9213483

 0  1 
 7 82 
[1] 90
[1] -0.0005591152
[1] -0.01038765
[1] "AdaLSE"
[1] 0.05951117
[1] 0.05180424
[1] 0.9111111

 0  1 
 8 82 
[1] "Fitting mean A"
[1] "Fitting variance A"
[1] "DR"
[1] 0.03786692
[1] 0.04484105
[1] 0.9222222

 0  1 
 7 83 
[1] 91
[1] -0.0005591152
[1] -0.01038765
[1] "AdaLSE"
[1] -0.03978966
[1] 0.04983325
[1] 0.9120879

 0  1 
 8 83 
[1] "Fitting mean A"
[1] "Fitting variance A"
[1] "DR"
[1] -0.06956009
[1] 0.04330463
[1] 0.9230769

 0  1 
 7 84 
[1] 92
[1] -0.0005591152
[1] -0.01038765
[1] "AdaLSE"
[1] 0.04676607
[1] 0.05229534
[1] 0.9130435

 0  1 
 8 84 
[1] "Fitting mean A"
[1] "Fitting variance A"
[1] "DR"
[1] 0.005848014
[1] 0.04600867
[1] 0.923913

 0  1 
 7 85 
[1] 93
[1] -0.0005591152
[1] -0.01038765
[1] "AdaLSE"
[1] -0.03121827
[1] 0.05266106
[1] 0.9139785

 0  1 
 8 85 
[1] "Fitting mean A"
[1] "Fitting variance A"
[1] "DR"
[1] -0.04684133
[1] 0.04556257
[1] 0.9247312

 0  1 
 7 86 
[1] 94
[1] -0.0005591152
[1] -0.01038765
[1] "AdaLSE"
[1] 0.03357873
[1] 0.04988137
[1] 0.9148936

 0  1 
 8 86 
[1] "Fitting mean A"
[1] "Fitting variance A"
[1] "DR"
[1] 0.009263082
[1] 0.0447837
[1] 0.9255319

 0  1 
 7 87 
[1] 95
[1] -0.0005591152
[1] -0.01038765
[1] "AdaLSE"
[1] 0.01013127
[1] 0.0551734
[1] 0.9157895

 0  1 
 8 87 
[1] "Fitting mean A"
[1] "Fitting variance A"
[1] "DR"
[1] -0.007334123
[1] 0.04807063
[1] 0.9263158

 0  1 
 7 88 
[1] 96
[1] -0.0005591152
[1] -0.01038765
[1] "AdaLSE"
[1] 0.1004223
[1] 0.05812708
[1] 0.9166667

 0  1 
 8 88 
[1] "Fitting mean A"
[1] "Fitting variance A"
[1] "DR"
[1] 0.05942209
[1] 0.05298294
[1] 0.9270833

 0  1 
 7 89 
[1] 97
[1] -0.0005591152
[1] -0.01038765
[1] "AdaLSE"
[1] 0.07290624
[1] 0.05752751
[1] 0.9175258

 0  1 
 8 89 
[1] "Fitting mean A"
[1] "Fitting variance A"
[1] "DR"
[1] 0.03733297
[1] 0.05480335
[1] 0.9278351

 0  1 
 7 90 
[1] 98
[1] -0.0005591152
[1] -0.01038765
[1] "AdaLSE"
[1] -0.0384748
[1] 0.05206098
[1] 0.9183673

 0  1 
 8 90 
[1] "Fitting mean A"
[1] "Fitting variance A"
[1] "DR"
[1] -0.06669564
[1] 0.04668644
[1] 0.9285714

 0  1 
 7 91 
[1] 99
[1] -0.0005591152
[1] -0.01038765
[1] "AdaLSE"
[1] 0.06726768
[1] 0.05556728
[1] 0.9191919

 0  1 
 8 91 
[1] "Fitting mean A"
[1] "Fitting variance A"
[1] "DR"
[1] 0.04098065
[1] 0.0482457
[1] 0.9292929

 0  1 
 7 92 
[1] 100
[1] -0.0005591152
[1] -0.01038765
[1] "AdaLSE"
[1] -0.03816009
[1] 0.05642962
[1] 0.92

 0  1 
 8 92 
[1] "Fitting mean A"
[1] "Fitting variance A"
[1] "DR"
[1] -0.05349695
[1] 0.05086656
[1] 0.93

 0  1 
 7 93 
[1] 101
[1] -0.0005591152
[1] -0.01038765
[1] "AdaLSE"
[1] 0.002196749
[1] 0.05478613
[1] 0.9207921

 0  1 
 8 93 
[1] "Fitting mean A"
[1] "Fitting variance A"
[1] "DR"
[1] -0.02298099
[1] 0.05170271
[1] 0.9306931

 0  1 
 7 94 
[1] 102
[1] -0.0005591152
[1] -0.01038765
[1] "AdaLSE"
[1] -0.0913549
[1] 0.04944191
[1] 0.9215686

 0  1 
 8 94 
[1] "Fitting mean A"
[1] "Fitting variance A"
[1] "DR"
[1] -0.1134546
[1] 0.04660144
[1] 0.9215686

 0  1 
 8 94 
[1] 103
[1] -0.0005591152
[1] -0.01038765
[1] "AdaLSE"
[1] 0.03823657
[1] 0.05508237
[1] 0.9223301

 0  1 
 8 95 
[1] "Fitting mean A"
[1] "Fitting variance A"
[1] "DR"
[1] 0.01129471
[1] 0.04998779
[1] 0.9223301

 0  1 
 8 95 
[1] 104
[1] -0.0005591152
[1] -0.01038765
[1] "AdaLSE"
[1] -0.06213367
[1] 0.05002631
[1] 0.9230769

 0  1 
 8 96 
[1] "Fitting mean A"
[1] "Fitting variance A"
[1] "DR"
[1] -0.0877025
[1] 0.04541678
[1] 0.9230769

 0  1 
 8 96 
[1] 105
[1] -0.0005591152
[1] -0.01038765
[1] "AdaLSE"
[1] -0.04157291
[1] 0.0554718
[1] 0.9238095

 0  1 
 8 97 
[1] "Fitting mean A"
[1] "Fitting variance A"
[1] "DR"
[1] -0.05241778
[1] 0.04895915
[1] 0.9238095

 0  1 
 8 97 
[1] 106
[1] -0.0005591152
[1] -0.01038765
[1] "AdaLSE"
[1] 0.07098076
[1] 0.05168528
[1] 0.9245283

 0  1 
 8 98 
[1] "Fitting mean A"
[1] "Fitting variance A"
[1] "DR"
[1] 0.07065792
[1] 0.0473874
[1] 0.9245283

 0  1 
 8 98 
[1] 107
[1] -0.0005591152
[1] -0.01038765
[1] "AdaLSE"
[1] -0.02098795
[1] 0.04454647
[1] 0.9252336

 0  1 
 8 99 
[1] "Fitting mean A"
[1] "Fitting variance A"
[1] "DR"
[1] -0.03496985
[1] 0.04327709
[1] 0.9252336

 0  1 
 8 99 
[1] 108
[1] -0.0005591152
[1] -0.01038765
[1] "AdaLSE"
[1] -0.05380782
[1] 0.05033409
[1] 0.9259259

  0   1 
  8 100 
[1] "Fitting mean A"
[1] "Fitting variance A"
[1] "DR"
[1] -0.06299023
[1] 0.04464473
[1] 0.9259259

  0   1 
  8 100 
[1] 109
[1] -0.0005591152
[1] -0.01038765
[1] "AdaLSE"
[1] 0.003697857
[1] 0.05452909
[1] 0.9266055

  0   1 
  8 101 
[1] "Fitting mean A"
[1] "Fitting variance A"
[1] "DR"
[1] -0.01035881
[1] 0.05044471
[1] 0.9266055

  0   1 
  8 101 
[1] 110
[1] -0.0005591152
[1] -0.01038765
[1] "AdaLSE"
[1] 0.05537779
[1] 0.05454852
[1] 0.9272727

  0   1 
  8 102 
[1] "Fitting mean A"
[1] "Fitting variance A"
[1] "DR"
[1] 0.03894651
[1] 0.04654487
[1] 0.9272727

  0   1 
  8 102 
[1] 111
[1] -0.0005591152
[1] -0.01038765
[1] "AdaLSE"
[1] 0.009529215
[1] 0.05993223
[1] 0.9279279

  0   1 
  8 103 
[1] "Fitting mean A"
[1] "Fitting variance A"
[1] "DR"
[1] -0.009802596
[1] 0.05165396
[1] 0.9279279

  0   1 
  8 103 
[1] 112
[1] -0.0005591152
[1] -0.01038765
[1] "AdaLSE"
[1] 0.1064294
[1] 0.0519677
[1] 0.9196429

  0   1 
  9 103 
[1] "Fitting mean A"
[1] "Fitting variance A"
[1] "DR"
[1] 0.08111914
[1] 0.04658298
[1] 0.9196429

  0   1 
  9 103 
[1] 113
[1] -0.0005591152
[1] -0.01038765
[1] "AdaLSE"
[1] 0.03075447
[1] 0.04846712
[1] 0.920354

  0   1 
  9 104 
[1] "Fitting mean A"
[1] "Fitting variance A"
[1] "DR"
[1] 0.0191535
[1] 0.04288678
[1] 0.920354

  0   1 
  9 104 
[1] 114
[1] -0.0005591152
[1] -0.01038765
[1] "AdaLSE"
[1] -0.02213034
[1] 0.0501995
[1] 0.9210526

  0   1 
  9 105 
[1] "Fitting mean A"
[1] "Fitting variance A"
[1] "DR"
[1] -0.0629785
[1] 0.04532499
[1] 0.9210526

  0   1 
  9 105 
[1] 115
[1] -0.0005591152
[1] -0.01038765
[1] "AdaLSE"
[1] 0.08739452
[1] 0.05065379
[1] 0.9217391

  0   1 
  9 106 
[1] "Fitting mean A"
[1] "Fitting variance A"
[1] "DR"
[1] 0.07293391
[1] 0.04581824
[1] 0.9217391

  0   1 
  9 106 
[1] 116
[1] -0.0005591152
[1] -0.01038765
[1] "AdaLSE"
[1] -0.03707185
[1] 0.05142111
[1] 0.9224138

  0   1 
  9 107 
[1] "Fitting mean A"
[1] "Fitting variance A"
[1] "DR"
[1] -0.05299582
[1] 0.04676357
[1] 0.9224138

  0   1 
  9 107 
[1] 117
[1] -0.0005591152
[1] -0.01038765
[1] "AdaLSE"
[1] 0.04132997
[1] 0.05171087
[1] 0.9230769

  0   1 
  9 108 
[1] "Fitting mean A"
[1] "Fitting variance A"
[1] "DR"
[1] 0.03096842
[1] 0.04595069
[1] 0.9230769

  0   1 
  9 108 
[1] 118
[1] -0.0005591152
[1] -0.01038765
[1] "AdaLSE"
[1] -0.01900058
[1] 0.05241884
[1] 0.9237288

  0   1 
  9 109 
[1] "Fitting mean A"
[1] "Fitting variance A"
[1] "DR"
[1] -0.03031166
[1] 0.04814919
[1] 0.9237288

  0   1 
  9 109 
[1] 119
[1] -0.0005591152
[1] -0.01038765
[1] "AdaLSE"
[1] 0.002719361
[1] 0.05906263
[1] 0.9243697

  0   1 
  9 110 
[1] "Fitting mean A"
[1] "Fitting variance A"
[1] "DR"
[1] 0.002387359
[1] 0.0507966
[1] 0.9243697

  0   1 
  9 110 
[1] 120
[1] -0.0005591152
[1] -0.01038765
[1] "AdaLSE"
[1] -0.06828579
[1] 0.06259744
[1] 0.925

  0   1 
  9 111 
[1] "Fitting mean A"
[1] "Fitting variance A"
[1] "DR"
[1] -0.09172253
[1] 0.05357216
[1] 0.925

  0   1 
  9 111 
[1] 121
[1] -0.0005591152
[1] -0.01038765
[1] "AdaLSE"
[1] -0.02843886
[1] 0.0536208
[1] 0.9256198

  0   1 
  9 112 
[1] "Fitting mean A"
[1] "Fitting variance A"
[1] "DR"
[1] -0.03687058
[1] 0.04460212
[1] 0.9256198

  0   1 
  9 112 
[1] 122
[1] -0.0005591152
[1] -0.01038765
[1] "AdaLSE"
[1] 0.05619047
[1] 0.05323576
[1] 0.9262295

  0   1 
  9 113 
[1] "Fitting mean A"
[1] "Fitting variance A"
[1] "DR"
[1] 0.04523772
[1] 0.04882796
[1] 0.9262295

  0   1 
  9 113 
[1] 123
[1] -0.0005591152
[1] -0.01038765
[1] "AdaLSE"
[1] 0.1292088
[1] 0.05293743
[1] 0.9186992

  0   1 
 10 113 
[1] "Fitting mean A"
[1] "Fitting variance A"
[1] "DR"
[1] 0.08592218
[1] 0.04531516
[1] 0.9186992

  0   1 
 10 113 
[1] 124
[1] -0.0005591152
[1] -0.01038765
[1] "AdaLSE"
[1] 0.03407657
[1] 0.05109837
[1] 0.9193548

  0   1 
 10 114 
[1] "Fitting mean A"
[1] "Fitting variance A"
[1] "DR"
[1] 0.001303685
[1] 0.04834763
[1] 0.9193548

  0   1 
 10 114 
[1] 125
[1] -0.0005591152
[1] -0.01038765
[1] "AdaLSE"
[1] 0.1113325
[1] 0.06077507
[1] 0.912

  0   1 
 11 114 
[1] "Fitting mean A"
[1] "Fitting variance A"
[1] "DR"
[1] 0.09248126
[1] 0.05362286
[1] 0.92

  0   1 
 10 115 
[1] 126
[1] -0.0005591152
[1] -0.01038765
[1] "AdaLSE"
[1] 0.02212991
[1] 0.05275649
[1] 0.9126984

  0   1 
 11 115 
[1] "Fitting mean A"
[1] "Fitting variance A"
[1] "DR"
[1] 0.01578931
[1] 0.04688158
[1] 0.9206349

  0   1 
 10 116 
[1] 127
[1] -0.0005591152
[1] -0.01038765
[1] "AdaLSE"
[1] -0.03950405
[1] 0.05215661
[1] 0.9133858

  0   1 
 11 116 
[1] "Fitting mean A"
[1] "Fitting variance A"
[1] "DR"
[1] -0.04904207
[1] 0.04951983
[1] 0.9212598

  0   1 
 10 117 
[1] 128
[1] -0.0005591152
[1] -0.01038765
[1] "AdaLSE"
[1] 0.05424948
[1] 0.04846035
[1] 0.9140625

  0   1 
 11 117 
[1] "Fitting mean A"
[1] "Fitting variance A"
[1] "DR"
[1] 0.03588664
[1] 0.04419098
[1] 0.921875

  0   1 
 10 118 
[1] 129
[1] -0.0005591152
[1] -0.01038765
[1] "AdaLSE"
[1] 0.02363948
[1] 0.04554272
[1] 0.9147287

  0   1 
 11 118 
[1] "Fitting mean A"
[1] "Fitting variance A"
[1] "DR"
[1] 0.01156799
[1] 0.03926745
[1] 0.9224806

  0   1 
 10 119 
[1] 130
[1] -0.0005591152
[1] -0.01038765
[1] "AdaLSE"
[1] 0.1005324
[1] 0.04784359
[1] 0.9076923

  0   1 
 12 118 
[1] "Fitting mean A"
[1] "Fitting variance A"
[1] "DR"
[1] 0.0652694
[1] 0.04383051
[1] 0.9230769

  0   1 
 10 120 
[1] 131
[1] -0.0005591152
[1] -0.01038765
[1] "AdaLSE"
[1] -0.06181984
[1] 0.05395396
[1] 0.9083969

  0   1 
 12 119 
[1] "Fitting mean A"
[1] "Fitting variance A"
[1] "DR"
[1] -0.06969296
[1] 0.04699911
[1] 0.9236641

  0   1 
 10 121 
[1] 132
[1] -0.0005591152
[1] -0.01038765
[1] "AdaLSE"
[1] 0.003113852
[1] 0.0432756
[1] 0.9090909

  0   1 
 12 120 
[1] "Fitting mean A"
[1] "Fitting variance A"
[1] "DR"
[1] -0.009483271
[1] 0.03675588
[1] 0.9242424

  0   1 
 10 122 
[1] 133
[1] -0.0005591152
[1] -0.01038765
[1] "AdaLSE"
[1] 0.0782038
[1] 0.05109937
[1] 0.9097744

  0   1 
 12 121 
[1] "Fitting mean A"
[1] "Fitting variance A"
[1] "DR"
[1] 0.05724189
[1] 0.04393539
[1] 0.924812

  0   1 
 10 123 
[1] 134
[1] -0.0005591152
[1] -0.01038765
[1] "AdaLSE"
[1] -0.01630963
[1] 0.04965397
[1] 0.9104478

  0   1 
 12 122 
[1] "Fitting mean A"
[1] "Fitting variance A"
[1] "DR"
[1] -0.02025878
[1] 0.04451445
[1] 0.9253731

  0   1 
 10 124 
[1] 135
[1] -0.0005591152
[1] -0.01038765
[1] "AdaLSE"
[1] -0.04527587
[1] 0.05218906
[1] 0.9111111

  0   1 
 12 123 
[1] "Fitting mean A"
[1] "Fitting variance A"
[1] "DR"
[1] -0.05695117
[1] 0.04855298
[1] 0.9259259

  0   1 
 10 125 
[1] 136
[1] -0.0005591152
[1] -0.01038765
[1] "AdaLSE"
[1] 0.0489775
[1] 0.05185088
[1] 0.9117647

  0   1 
 12 124 
[1] "Fitting mean A"
[1] "Fitting variance A"
[1] "DR"
[1] 0.03241626
[1] 0.04554375
[1] 0.9264706

  0   1 
 10 126 
[1] 137
[1] -0.0005591152
[1] -0.01038765
[1] "AdaLSE"
[1] -0.02204953
[1] 0.05639126
[1] 0.9124088

  0   1 
 12 125 
[1] "Fitting mean A"
[1] "Fitting variance A"
[1] "DR"
[1] -0.04437315
[1] 0.05099969
[1] 0.9270073

  0   1 
 10 127 
[1] 138
[1] -0.0005591152
[1] -0.01038765
[1] "AdaLSE"
[1] 0.02262844
[1] 0.04911056
[1] 0.9130435

  0   1 
 12 126 
[1] "Fitting mean A"
[1] "Fitting variance A"
[1] "DR"
[1] 0.008533706
[1] 0.04523029
[1] 0.9275362

  0   1 
 10 128 
[1] 139
[1] -0.0005591152
[1] -0.01038765
[1] "AdaLSE"
[1] 0.05920754
[1] 0.05238336
[1] 0.9136691

  0   1 
 12 127 
[1] "Fitting mean A"
[1] "Fitting variance A"
[1] "DR"
[1] 0.05054913
[1] 0.04945601
[1] 0.9280576

  0   1 
 10 129 
[1] 140
[1] -0.0005591152
[1] -0.01038765
[1] "AdaLSE"
[1] 0.0688809
[1] 0.05296617
[1] 0.9142857

  0   1 
 12 128 
[1] "Fitting mean A"
[1] "Fitting variance A"
[1] "DR"
[1] 0.04779918
[1] 0.04848648
[1] 0.9285714

  0   1 
 10 130 
[1] 141
[1] -0.0005591152
[1] -0.01038765
[1] "AdaLSE"
[1] 0.04685523
[1] 0.05274164
[1] 0.9148936

  0   1 
 12 129 
[1] "Fitting mean A"
[1] "Fitting variance A"
[1] "DR"
[1] 0.02547675
[1] 0.04930261
[1] 0.929078

  0   1 
 10 131 
[1] 142
[1] -0.0005591152
[1] -0.01038765
[1] "AdaLSE"
[1] -0.05025537
[1] 0.05182903
[1] 0.915493

  0   1 
 12 130 
[1] "Fitting mean A"
[1] "Fitting variance A"
[1] "DR"
[1] -0.08406394
[1] 0.04512276
[1] 0.9295775

  0   1 
 10 132 
[1] 143
[1] -0.0005591152
[1] -0.01038765
[1] "AdaLSE"
[1] 0.005415762
[1] 0.05653045
[1] 0.9160839

  0   1 
 12 131 
[1] "Fitting mean A"
[1] "Fitting variance A"
[1] "DR"
[1] -0.01381148
[1] 0.05042432
[1] 0.9300699

  0   1 
 10 133 
[1] 144
[1] -0.0005591152
[1] -0.01038765
[1] "AdaLSE"
[1] 0.08907629
[1] 0.05792549
[1] 0.9166667

  0   1 
 12 132 
[1] "Fitting mean A"
[1] "Fitting variance A"
[1] "DR"
[1] 0.07029475
[1] 0.05105651
[1] 0.9305556

  0   1 
 10 134 
[1] 145
[1] -0.0005591152
[1] -0.01038765
[1] "AdaLSE"
[1] 0.1095075
[1] 0.05077035
[1] 0.9103448

  0   1 
 13 132 
[1] "Fitting mean A"
[1] "Fitting variance A"
[1] "DR"
[1] 0.09642009
[1] 0.04472701
[1] 0.9241379

  0   1 
 11 134 
[1] 146
[1] -0.0005591152
[1] -0.01038765
[1] "AdaLSE"
[1] 0.06836508
[1] 0.04873356
[1] 0.9109589

  0   1 
 13 133 
[1] "Fitting mean A"
[1] "Fitting variance A"
[1] "DR"
[1] 0.06413327
[1] 0.04351688
[1] 0.9246575

  0   1 
 11 135 
[1] 147
[1] -0.0005591152
[1] -0.01038765
[1] "AdaLSE"
[1] -0.05739105
[1] 0.05488106
[1] 0.9115646

  0   1 
 13 134 
[1] "Fitting mean A"
[1] "Fitting variance A"
[1] "DR"
[1] -0.04464532
[1] 0.05013626
[1] 0.9251701

  0   1 
 11 136 
[1] 148
[1] -0.0005591152
[1] -0.01038765
[1] "AdaLSE"
[1] 0.1037859
[1] 0.05561268
[1] 0.9054054

  0   1 
 14 134 
[1] "Fitting mean A"
[1] "Fitting variance A"
[1] "DR"
[1] 0.07508075
[1] 0.04923106
[1] 0.9256757

  0   1 
 11 137 
[1] 149
[1] -0.0005591152
[1] -0.01038765
[1] "AdaLSE"
[1] -0.02812487
[1] 0.0499599
[1] 0.9060403

  0   1 
 14 135 
[1] "Fitting mean A"
[1] "Fitting variance A"
[1] "DR"
[1] -0.02827188
[1] 0.04183845
[1] 0.9261745

  0   1 
 11 138 
[1] 150
[1] -0.0005591152
[1] -0.01038765
[1] "AdaLSE"
[1] -0.01874045
[1] 0.05850714
[1] 0.9066667

  0   1 
 14 136 
[1] "Fitting mean A"
[1] "Fitting variance A"
[1] "DR"
[1] -0.04183465
[1] 0.05187663
[1] 0.9266667

  0   1 
 11 139 
[1] 151
[1] -0.0005591152
[1] -0.01038765
[1] "AdaLSE"
[1] 0.06135574
[1] 0.05199902
[1] 0.9072848

  0   1 
 14 137 
[1] "Fitting mean A"
[1] "Fitting variance A"
[1] "DR"
[1] 0.06638673
[1] 0.04749584
[1] 0.9271523

  0   1 
 11 140 
[1] 152
[1] -0.0005591152
[1] -0.01038765
[1] "AdaLSE"
[1] 0.04072868
[1] 0.04704038
[1] 0.9078947

  0   1 
 14 138 
[1] "Fitting mean A"
[1] "Fitting variance A"
[1] "DR"
[1] 0.02214397
[1] 0.04191315
[1] 0.9276316

  0   1 
 11 141 
[1] 153
[1] -0.0005591152
[1] -0.01038765
[1] "AdaLSE"
[1] 0.08358041
[1] 0.04964963
[1] 0.9084967

  0   1 
 14 139 
[1] "Fitting mean A"
[1] "Fitting variance A"
[1] "DR"
[1] 0.05465575
[1] 0.04415511
[1] 0.9281046

  0   1 
 11 142 
[1] 154
[1] -0.0005591152
[1] -0.01038765
[1] "AdaLSE"
[1] 0.003324524
[1] 0.06055441
[1] 0.9090909

  0   1 
 14 140 
[1] "Fitting mean A"
[1] "Fitting variance A"
[1] "DR"
[1] -0.002551266
[1] 0.05428933
[1] 0.9285714

  0   1 
 11 143 
[1] 155
[1] -0.0005591152
[1] -0.01038765
[1] "AdaLSE"
[1] 0.1300516
[1] 0.04914792
[1] 0.9032258

  0   1 
 15 140 
[1] "Fitting mean A"
[1] "Fitting variance A"
[1] "DR"
[1] 0.1188588
[1] 0.04294449
[1] 0.9225806

  0   1 
 12 143 
[1] 156
[1] -0.0005591152
[1] -0.01038765
[1] "AdaLSE"
[1] -0.02755067
[1] 0.05381345
[1] 0.9038462

  0   1 
 15 141 
[1] "Fitting mean A"
[1] "Fitting variance A"
[1] "DR"
[1] -0.04433223
[1] 0.05061322
[1] 0.9230769

  0   1 
 12 144 
[1] 157
[1] -0.0005591152
[1] -0.01038765
[1] "AdaLSE"
[1] -0.1319653
[1] 0.05426148
[1] 0.8980892

  0   1 
 16 141 
[1] "Fitting mean A"
[1] "Fitting variance A"
[1] "DR"
[1] -0.1725948
[1] 0.04875195
[1] 0.9171975

  0   1 
 13 144 
[1] 158
[1] -0.0005591152
[1] -0.01038765
[1] "AdaLSE"
[1] -0.09746327
[1] 0.05002146
[1] 0.8987342

  0   1 
 16 142 
[1] "Fitting mean A"
[1] "Fitting variance A"
[1] "DR"
[1] -0.08890274
[1] 0.04011368
[1] 0.9177215

  0   1 
 13 145 
[1] 159
[1] -0.0005591152
[1] -0.01038765
[1] "AdaLSE"
[1] -0.02420107
[1] 0.05619437
[1] 0.8993711

  0   1 
 16 143 
[1] "Fitting mean A"
[1] "Fitting variance A"
[1] "DR"
[1] -0.0147486
[1] 0.04682791
[1] 0.918239

  0   1 
 13 146 
[1] 160
[1] -0.0005591152
[1] -0.01038765
[1] "AdaLSE"
[1] 0.06324965
[1] 0.05141315
[1] 0.9

  0   1 
 16 144 
[1] "Fitting mean A"
[1] "Fitting variance A"
[1] "DR"
[1] 0.02374811
[1] 0.04649925
[1] 0.91875

  0   1 
 13 147 
[1] 161
[1] -0.0005591152
[1] -0.01038765
[1] "AdaLSE"
[1] 0.007563543
[1] 0.05451641
[1] 0.9006211

  0   1 
 16 145 
[1] "Fitting mean A"
[1] "Fitting variance A"
[1] "DR"
[1] -0.006258614
[1] 0.05336892
[1] 0.9192547

  0   1 
 13 148 
[1] 162
[1] -0.0005591152
[1] -0.01038765
[1] "AdaLSE"
[1] -0.03148206
[1] 0.04792296
[1] 0.9012346

  0   1 
 16 146 
[1] "Fitting mean A"
[1] "Fitting variance A"
[1] "DR"
[1] -0.01447991
[1] 0.04392393
[1] 0.9197531

  0   1 
 13 149 
[1] 163
[1] -0.0005591152
[1] -0.01038765
[1] "AdaLSE"
[1] 0.09500952
[1] 0.04385392
[1] 0.8957055

  0   1 
 17 146 
[1] "Fitting mean A"
[1] "Fitting variance A"
[1] "DR"
[1] 0.09024107
[1] 0.03802706
[1] 0.9141104

  0   1 
 14 149 
[1] 164
[1] -0.0005591152
[1] -0.01038765
[1] "AdaLSE"
[1] -0.01178671
[1] 0.05410138
[1] 0.8963415

  0   1 
 17 147 
[1] "Fitting mean A"
[1] "Fitting variance A"
[1] "DR"
[1] -0.0287821
[1] 0.0492198
[1] 0.9146341

  0   1 
 14 150 
[1] 165
[1] -0.0005591152
[1] -0.01038765
[1] "AdaLSE"
[1] 0.01977041
[1] 0.05360832
[1] 0.8969697

  0   1 
 17 148 
[1] "Fitting mean A"
[1] "Fitting variance A"
[1] "DR"
[1] 0.001897829
[1] 0.04819907
[1] 0.9151515

  0   1 
 14 151 
[1] 166
[1] -0.0005591152
[1] -0.01038765
[1] "AdaLSE"
[1] -0.09708384
[1] 0.04956911
[1] 0.8975904

  0   1 
 17 149 
[1] "Fitting mean A"
[1] "Fitting variance A"
[1] "DR"
[1] -0.1233825
[1] 0.04597777
[1] 0.9096386

  0   1 
 15 151 
[1] 167
[1] -0.0005591152
[1] -0.01038765
[1] "AdaLSE"
[1] 0.04402999
[1] 0.05531193
[1] 0.8982036

  0   1 
 17 150 
[1] "Fitting mean A"
[1] "Fitting variance A"
[1] "DR"
[1] 0.02493375
[1] 0.04784004
[1] 0.9101796

  0   1 
 15 152 
[1] 168
[1] -0.0005591152
[1] -0.01038765
[1] "AdaLSE"
[1] 0.05443192
[1] 0.04960762
[1] 0.8988095

  0   1 
 17 151 
[1] "Fitting mean A"
[1] "Fitting variance A"
[1] "DR"
[1] 0.005381195
[1] 0.04553358
[1] 0.9107143

  0   1 
 15 153 
[1] 169
[1] -0.0005591152
[1] -0.01038765
[1] "AdaLSE"
[1] -0.06614886
[1] 0.0505015
[1] 0.8994083

  0   1 
 17 152 
[1] "Fitting mean A"
[1] "Fitting variance A"
[1] "DR"
[1] -0.08094324
[1] 0.04524795
[1] 0.9112426

  0   1 
 15 154 
[1] 170
[1] -0.0005591152
[1] -0.01038765
[1] "AdaLSE"
[1] -0.04320594
[1] 0.05694195
[1] 0.9

  0   1 
 17 153 
[1] "Fitting mean A"
[1] "Fitting variance A"
[1] "DR"
[1] -0.04882012
[1] 0.04947883
[1] 0.9117647

  0   1 
 15 155 
[1] 171
[1] -0.0005591152
[1] -0.01038765
[1] "AdaLSE"
[1] 0.01629052
[1] 0.0534191
[1] 0.9005848

  0   1 
 17 154 
[1] "Fitting mean A"
[1] "Fitting variance A"
[1] "DR"
[1] 0.008337915
[1] 0.04828608
[1] 0.9122807

  0   1 
 15 156 
[1] 172
[1] -0.0005591152
[1] -0.01038765
[1] "AdaLSE"
[1] -0.07368734
[1] 0.04995249
[1] 0.9011628

  0   1 
 17 155 
[1] "Fitting mean A"
[1] "Fitting variance A"
[1] "DR"
[1] -0.08722801
[1] 0.04544722
[1] 0.9127907

  0   1 
 15 157 
[1] 173
[1] -0.0005591152
[1] -0.01038765
[1] "AdaLSE"
[1] -0.000712277
[1] 0.05150032
[1] 0.9017341

  0   1 
 17 156 
[1] "Fitting mean A"
[1] "Fitting variance A"
[1] "DR"
[1] -0.008960564
[1] 0.04669549
[1] 0.9132948

  0   1 
 15 158 
[1] 174
[1] -0.0005591152
[1] -0.01038765
[1] "AdaLSE"
[1] 0.1017957
[1] 0.05080641
[1] 0.8965517

  0   1 
 18 156 
[1] "Fitting mean A"
[1] "Fitting variance A"
[1] "DR"
[1] 0.0696005
[1] 0.04434893
[1] 0.9137931

  0   1 
 15 159 
[1] 175
[1] -0.0005591152
[1] -0.01038765
[1] "AdaLSE"
[1] -0.07139495
[1] 0.05217701
[1] 0.8971429

  0   1 
 18 157 
[1] "Fitting mean A"
[1] "Fitting variance A"
[1] "DR"
[1] -0.108786
[1] 0.04589945
[1] 0.9085714

  0   1 
 16 159 
[1] 176
[1] -0.0005591152
[1] -0.01038765
[1] "AdaLSE"
[1] 0.1008279
[1] 0.04921002
[1] 0.8920455

  0   1 
 19 157 
[1] "Fitting mean A"
[1] "Fitting variance A"
[1] "DR"
[1] 0.07545393
[1] 0.04407004
[1] 0.9090909

  0   1 
 16 160 
[1] 177
[1] -0.0005591152
[1] -0.01038765
[1] "AdaLSE"
[1] -0.09818854
[1] 0.05812878
[1] 0.8926554

  0   1 
 19 158 
[1] "Fitting mean A"
[1] "Fitting variance A"
[1] "DR"
[1] -0.1262489
[1] 0.0527972
[1] 0.9039548

  0   1 
 17 160 
[1] 178
[1] -0.0005591152
[1] -0.01038765
[1] "AdaLSE"
[1] -0.03895464
[1] 0.05243829
[1] 0.8932584

  0   1 
 19 159 
[1] "Fitting mean A"
[1] "Fitting variance A"
[1] "DR"
[1] -0.0598108
[1] 0.04541541
[1] 0.9044944

  0   1 
 17 161 
[1] 179
[1] -0.0005591152
[1] -0.01038765
[1] "AdaLSE"
[1] -0.01535545
[1] 0.04844765
[1] 0.8938547

  0   1 
 19 160 
[1] "Fitting mean A"
[1] "Fitting variance A"
[1] "DR"
[1] -0.01184155
[1] 0.04479305
[1] 0.9050279

  0   1 
 17 162 
[1] 180
[1] -0.0005591152
[1] -0.01038765
[1] "AdaLSE"
[1] -0.1049168
[1] 0.05441389
[1] 0.8944444

  0   1 
 19 161 
[1] "Fitting mean A"
[1] "Fitting variance A"
[1] "DR"
[1] -0.112098
[1] 0.05138812
[1] 0.9

  0   1 
 18 162 
[1] 181
[1] -0.0005591152
[1] -0.01038765
[1] "AdaLSE"
[1] 0.1394377
[1] 0.05626973
[1] 0.8895028

  0   1 
 20 161 
[1] "Fitting mean A"
[1] "Fitting variance A"
[1] "DR"
[1] 0.1315532
[1] 0.0514368
[1] 0.8950276

  0   1 
 19 162 
[1] 182
[1] -0.0005591152
[1] -0.01038765
[1] "AdaLSE"
[1] -0.09917666
[1] 0.05067048
[1] 0.8901099

  0   1 
 20 162 
[1] "Fitting mean A"
[1] "Fitting variance A"
[1] "DR"
[1] -0.1181803
[1] 0.04379872
[1] 0.8901099

  0   1 
 20 162 
[1] 183
[1] -0.0005591152
[1] -0.01038765
[1] "AdaLSE"
[1] 0.108527
[1] 0.05572855
[1] 0.8852459

  0   1 
 21 162 
[1] "Fitting mean A"
[1] "Fitting variance A"
[1] "DR"
[1] 0.08302644
[1] 0.05164782
[1] 0.8907104

  0   1 
 20 163 
[1] 184
[1] -0.0005591152
[1] -0.01038765
[1] "AdaLSE"
[1] 0.1222011
[1] 0.0491443
[1] 0.8804348

  0   1 
 22 162 
[1] "Fitting mean A"
[1] "Fitting variance A"
[1] "DR"
[1] 0.104381
[1] 0.04438023
[1] 0.8858696

  0   1 
 21 163 
[1] 185
[1] -0.0005591152
[1] -0.01038765
[1] "AdaLSE"
[1] -0.0214381
[1] 0.05562963
[1] 0.8810811

  0   1 
 22 163 
[1] "Fitting mean A"
[1] "Fitting variance A"
[1] "DR"
[1] -0.0320121
[1] 0.04945496
[1] 0.8864865

  0   1 
 21 164 
[1] 186
[1] -0.0005591152
[1] -0.01038765
[1] "AdaLSE"
[1] -0.09401115
[1] 0.04719755
[1] 0.8817204

  0   1 
 22 164 
[1] "Fitting mean A"
[1] "Fitting variance A"
[1] "DR"
[1] -0.103178
[1] 0.04294238
[1] 0.8817204

  0   1 
 22 164 
[1] 187
[1] -0.0005591152
[1] -0.01038765
[1] "AdaLSE"
[1] -0.01833763
[1] 0.04995416
[1] 0.8823529

  0   1 
 22 165 
[1] "Fitting mean A"
[1] "Fitting variance A"
[1] "DR"
[1] -0.03694684
[1] 0.04377861
[1] 0.8823529

  0   1 
 22 165 
[1] 188
[1] -0.0005591152
[1] -0.01038765
[1] "AdaLSE"
[1] 0.003199006
[1] 0.05290886
[1] 0.8829787

  0   1 
 22 166 
[1] "Fitting mean A"
[1] "Fitting variance A"
[1] "DR"
[1] -0.007222201
[1] 0.04670576
[1] 0.8829787

  0   1 
 22 166 
[1] 189
[1] -0.0005591152
[1] -0.01038765
[1] "AdaLSE"
[1] -0.005211219
[1] 0.05808945
[1] 0.8835979

  0   1 
 22 167 
[1] "Fitting mean A"
[1] "Fitting variance A"
[1] "DR"
[1] -0.005472409
[1] 0.05055271
[1] 0.8835979

  0   1 
 22 167 
[1] 190
[1] -0.0005591152
[1] -0.01038765
[1] "AdaLSE"
[1] -0.03768868
[1] 0.05595326
[1] 0.8842105

  0   1 
 22 168 
[1] "Fitting mean A"
[1] "Fitting variance A"
[1] "DR"
[1] -0.05922831
[1] 0.04958697
[1] 0.8842105

  0   1 
 22 168 
[1] 191
[1] -0.0005591152
[1] -0.01038765
[1] "AdaLSE"
[1] 0.04307698
[1] 0.05263448
[1] 0.8848168

  0   1 
 22 169 
[1] "Fitting mean A"
[1] "Fitting variance A"
[1] "DR"
[1] 0.02933298
[1] 0.04878986
[1] 0.8848168

  0   1 
 22 169 
[1] 192
[1] -0.0005591152
[1] -0.01038765
[1] "AdaLSE"
[1] 0.08931926
[1] 0.05047601
[1] 0.8802083

  0   1 
 23 169 
[1] "Fitting mean A"
[1] "Fitting variance A"
[1] "DR"
[1] 0.07509383
[1] 0.04503341
[1] 0.8854167

  0   1 
 22 170 
[1] 193
[1] -0.0005591152
[1] -0.01038765
[1] "AdaLSE"
[1] 0.05864427
[1] 0.05822548
[1] 0.880829

  0   1 
 23 170 
[1] "Fitting mean A"
[1] "Fitting variance A"
[1] "DR"
[1] 0.03595218
[1] 0.05234318
[1] 0.8860104

  0   1 
 22 171 
[1] 194
[1] -0.0005591152
[1] -0.01038765
[1] "AdaLSE"
[1] 0.02319381
[1] 0.05638609
[1] 0.8814433

  0   1 
 23 171 
[1] "Fitting mean A"
[1] "Fitting variance A"
[1] "DR"
[1] -0.03262475
[1] 0.05191845
[1] 0.8865979

  0   1 
 22 172 
[1] 195
[1] -0.0005591152
[1] -0.01038765
[1] "AdaLSE"
[1] -0.08586497
[1] 0.05312183
[1] 0.8820513

  0   1 
 23 172 
[1] "Fitting mean A"
[1] "Fitting variance A"
[1] "DR"
[1] -0.1002448
[1] 0.0489011
[1] 0.8871795

  0   1 
 22 173 
[1] 196
[1] -0.0005591152
[1] -0.01038765
[1] "AdaLSE"
[1] 0.0379276
[1] 0.05298586
[1] 0.8826531

  0   1 
 23 173 
[1] "Fitting mean A"
[1] "Fitting variance A"
[1] "DR"
[1] 0.00464034
[1] 0.04640915
[1] 0.8877551

  0   1 
 22 174 
[1] 197
[1] -0.0005591152
[1] -0.01038765
[1] "AdaLSE"
[1] -0.1380687
[1] 0.05262282
[1] 0.8781726

  0   1 
 24 173 
[1] "Fitting mean A"
[1] "Fitting variance A"
[1] "DR"
[1] -0.1580396
[1] 0.04719613
[1] 0.8832487

  0   1 
 23 174 
[1] 198
[1] -0.0005591152
[1] -0.01038765
[1] "AdaLSE"
[1] 0.06630888
[1] 0.05796274
[1] 0.8787879

  0   1 
 24 174 
[1] "Fitting mean A"
[1] "Fitting variance A"
[1] "DR"
[1] 0.03939359
[1] 0.05276297
[1] 0.8838384

  0   1 
 23 175 
[1] 199
[1] -0.0005591152
[1] -0.01038765
[1] "AdaLSE"
[1] 0.07486181
[1] 0.05139755
[1] 0.879397

  0   1 
 24 175 
[1] "Fitting mean A"
[1] "Fitting variance A"
[1] "DR"
[1] 0.04378839
[1] 0.0462369
[1] 0.8844221

  0   1 
 23 176 
[1] 200
[1] -0.0005591152
[1] -0.01038765
[1] "AdaLSE"
[1] 0.1057056
[1] 0.05220714
[1] 0.875

  0   1 
 25 175 
[1] "Fitting mean A"
[1] "Fitting variance A"
[1] "DR"
[1] 0.04911124
[1] 0.04689119
[1] 0.885

  0   1 
 23 177 
[1] 201
[1] -0.0005591152
[1] -0.01038765
[1] "AdaLSE"
[1] 0.1076988
[1] 0.06193902
[1] 0.8756219

  0   1 
 25 176 
[1] "Fitting mean A"
[1] "Fitting variance A"
[1] "DR"
[1] 0.08880104
[1] 0.05444043
[1] 0.8855721

  0   1 
 23 178 
[1] 202
[1] -0.0005591152
[1] -0.01038765
[1] "AdaLSE"
[1] 0.1193651
[1] 0.05034888
[1] 0.8712871

  0   1 
 26 176 
[1] "Fitting mean A"
[1] "Fitting variance A"
[1] "DR"
[1] 0.0844543
[1] 0.04461197
[1] 0.8811881

  0   1 
 24 178 
[1] 203
[1] -0.0005591152
[1] -0.01038765
[1] "AdaLSE"
[1] -0.05739469
[1] 0.058712
[1] 0.8719212

  0   1 
 26 177 
[1] "Fitting mean A"
[1] "Fitting variance A"
[1] "DR"
[1] -0.06993514
[1] 0.0507425
[1] 0.8817734

  0   1 
 24 179 
[1] 204
[1] -0.0005591152
[1] -0.01038765
[1] "AdaLSE"
[1] 0.04474536
[1] 0.05340263
[1] 0.872549

  0   1 
 26 178 
[1] "Fitting mean A"
[1] "Fitting variance A"
[1] "DR"
[1] 0.04722163
[1] 0.04771901
[1] 0.8823529

  0   1 
 24 180 
[1] 205
[1] -0.0005591152
[1] -0.01038765
[1] "AdaLSE"
[1] -0.09317156
[1] 0.05392324
[1] 0.8731707

  0   1 
 26 179 
[1] "Fitting mean A"
[1] "Fitting variance A"
[1] "DR"
[1] -0.1017662
[1] 0.04437529
[1] 0.8780488

  0   1 
 25 180 
[1] 206
[1] -0.0005591152
[1] -0.01038765
[1] "AdaLSE"
[1] -0.01911834
[1] 0.05179795
[1] 0.8737864

  0   1 
 26 180 
[1] "Fitting mean A"
[1] "Fitting variance A"
[1] "DR"
[1] -0.03439648
[1] 0.04495092
[1] 0.8786408

  0   1 
 25 181 
[1] 207
[1] -0.0005591152
[1] -0.01038765
[1] "AdaLSE"
[1] 0.1025098
[1] 0.05561184
[1] 0.8695652

  0   1 
 27 180 
[1] "Fitting mean A"
[1] "Fitting variance A"
[1] "DR"
[1] 0.08857951
[1] 0.05195118
[1] 0.8792271

  0   1 
 25 182 
[1] 208
[1] -0.0005591152
[1] -0.01038765
[1] "AdaLSE"
[1] 0.04719835
[1] 0.05072284
[1] 0.8701923

  0   1 
 27 181 
[1] "Fitting mean A"
[1] "Fitting variance A"
[1] "DR"
[1] 0.006864103
[1] 0.04688171
[1] 0.8798077

  0   1 
 25 183 
[1] 209
[1] -0.0005591152
[1] -0.01038765
[1] "AdaLSE"
[1] 0.08264502
[1] 0.05455274
[1] 0.8708134

  0   1 
 27 182 
[1] "Fitting mean A"
[1] "Fitting variance A"
[1] "DR"
[1] 0.06459939
[1] 0.04876117
[1] 0.8803828

  0   1 
 25 184 
[1] 210
[1] -0.0005591152
[1] -0.01038765
[1] "AdaLSE"
[1] -0.01285337
[1] 0.05101739
[1] 0.8714286

  0   1 
 27 183 
[1] "Fitting mean A"
[1] "Fitting variance A"
[1] "DR"
[1] -0.0260793
[1] 0.04782258
[1] 0.8809524

  0   1 
 25 185 
[1] 211
[1] -0.0005591152
[1] -0.01038765
[1] "AdaLSE"
[1] 0.1654061
[1] 0.05084581
[1] 0.8672986

  0   1 
 28 183 
[1] "Fitting mean A"
[1] "Fitting variance A"
[1] "DR"
[1] 0.1439902
[1] 0.04358475
[1] 0.8767773

  0   1 
 26 185 
[1] 212
[1] -0.0005591152
[1] -0.01038765
[1] "AdaLSE"
[1] -0.04525519
[1] 0.04562149
[1] 0.8679245

  0   1 
 28 184 
[1] "Fitting mean A"
[1] "Fitting variance A"
[1] "DR"
[1] -0.05780061
[1] 0.03992138
[1] 0.8773585

  0   1 
 26 186 
[1] 213
[1] -0.0005591152
[1] -0.01038765
[1] "AdaLSE"
[1] 0.02330514
[1] 0.05000267
[1] 0.8685446

  0   1 
 28 185 
[1] "Fitting mean A"
[1] "Fitting variance A"
[1] "DR"
[1] 0.011573
[1] 0.04518635
[1] 0.8779343

  0   1 
 26 187 
[1] 214
[1] -0.0005591152
[1] -0.01038765
[1] "AdaLSE"
[1] -0.01370847
[1] 0.05514307
[1] 0.8691589

  0   1 
 28 186 
[1] "Fitting mean A"
[1] "Fitting variance A"
[1] "DR"
[1] -0.0427432
[1] 0.04734155
[1] 0.8785047

  0   1 
 26 188 
[1] 215
[1] -0.0005591152
[1] -0.01038765
[1] "AdaLSE"
[1] 0.002369511
[1] 0.06239839
[1] 0.8697674

  0   1 
 28 187 
[1] "Fitting mean A"
[1] "Fitting variance A"
[1] "DR"
[1] -0.008704441
[1] 0.0524943
[1] 0.8790698

  0   1 
 26 189 
[1] 216
[1] -0.0005591152
[1] -0.01038765
[1] "AdaLSE"
[1] -0.0399064
[1] 0.05326564
[1] 0.8703704

  0   1 
 28 188 
[1] "Fitting mean A"
[1] "Fitting variance A"
[1] "DR"
[1] -0.05461068
[1] 0.04593198
[1] 0.8796296

  0   1 
 26 190 
[1] 217
[1] -0.0005591152
[1] -0.01038765
[1] "AdaLSE"
[1] -0.02032281
[1] 0.05123799
[1] 0.8709677

  0   1 
 28 189 
[1] "Fitting mean A"
[1] "Fitting variance A"
[1] "DR"
[1] -0.04317529
[1] 0.04648495
[1] 0.8801843

  0   1 
 26 191 
[1] 218
[1] -0.0005591152
[1] -0.01038765
[1] "AdaLSE"
[1] -0.0264199
[1] 0.05189935
[1] 0.8715596

  0   1 
 28 190 
[1] "Fitting mean A"
[1] "Fitting variance A"
[1] "DR"
[1] -0.04072603
[1] 0.04700278
[1] 0.8807339

  0   1 
 26 192 
[1] 219
[1] -0.0005591152
[1] -0.01038765
[1] "AdaLSE"
[1] 0.01281621
[1] 0.05029168
[1] 0.8721461

  0   1 
 28 191 
[1] "Fitting mean A"
[1] "Fitting variance A"
[1] "DR"
[1] -0.002823527
[1] 0.04541677
[1] 0.8812785

  0   1 
 26 193 
[1] 220
[1] -0.0005591152
[1] -0.01038765
[1] "AdaLSE"
[1] 0.01654526
[1] 0.05474326
[1] 0.8727273

  0   1 
 28 192 
[1] "Fitting mean A"
[1] "Fitting variance A"
[1] "DR"
[1] 0.003107935
[1] 0.04723632
[1] 0.8818182

  0   1 
 26 194 
[1] 221
[1] -0.0005591152
[1] -0.01038765
[1] "AdaLSE"
[1] -0.04445999
[1] 0.05363545
[1] 0.8733032

  0   1 
 28 193 
[1] "Fitting mean A"
[1] "Fitting variance A"
[1] "DR"
[1] -0.04287682
[1] 0.04349852
[1] 0.8823529

  0   1 
 26 195 
[1] 222
[1] -0.0005591152
[1] -0.01038765
[1] "AdaLSE"
[1] 0.003230435
[1] 0.05649506
[1] 0.8738739

  0   1 
 28 194 
[1] "Fitting mean A"
[1] "Fitting variance A"
[1] "DR"
[1] -0.03961346
[1] 0.05125074
[1] 0.8828829

  0   1 
 26 196 
[1] 223
[1] -0.0005591152
[1] -0.01038765
[1] "AdaLSE"
[1] -0.05785937
[1] 0.05661068
[1] 0.8744395

  0   1 
 28 195 
[1] "Fitting mean A"
[1] "Fitting variance A"
[1] "DR"
[1] -0.07205367
[1] 0.05335146
[1] 0.8834081

  0   1 
 26 197 
[1] 224
[1] -0.0005591152
[1] -0.01038765
[1] "AdaLSE"
[1] 0.02080904
[1] 0.05593505
[1] 0.875

  0   1 
 28 196 
[1] "Fitting mean A"
[1] "Fitting variance A"
[1] "DR"
[1] 0.005577624
[1] 0.04776114
[1] 0.8839286

  0   1 
 26 198 
[1] 225
[1] -0.0005591152
[1] -0.01038765
[1] "AdaLSE"
[1] 0.08683269
[1] 0.05266384
[1] 0.8755556

  0   1 
 28 197 
[1] "Fitting mean A"
[1] "Fitting variance A"
[1] "DR"
[1] 0.05830766
[1] 0.04799416
[1] 0.8844444

  0   1 
 26 199 
[1] 226
[1] -0.0005591152
[1] -0.01038765
[1] "AdaLSE"
[1] -0.01539929
[1] 0.05156247
[1] 0.8761062

  0   1 
 28 198 
[1] "Fitting mean A"
[1] "Fitting variance A"
[1] "DR"
[1] -0.04044002
[1] 0.04649959
[1] 0.8849558

  0   1 
 26 200 
[1] 227
[1] -0.0005591152
[1] -0.01038765
[1] "AdaLSE"
[1] -0.02356707
[1] 0.05050857
[1] 0.876652

  0   1 
 28 199 
[1] "Fitting mean A"
[1] "Fitting variance A"
[1] "DR"
[1] -0.03007169
[1] 0.04499294
[1] 0.8854626

  0   1 
 26 201 
[1] 228
[1] -0.0005591152
[1] -0.01038765
[1] "AdaLSE"
[1] 0.1299865
[1] 0.05191806
[1] 0.872807

  0   1 
 29 199 
[1] "Fitting mean A"
[1] "Fitting variance A"
[1] "DR"
[1] 0.06615717
[1] 0.04908066
[1] 0.8859649

  0   1 
 26 202 
[1] 229
[1] -0.0005591152
[1] -0.01038765
[1] "AdaLSE"
[1] 0.1249046
[1] 0.05465067
[1] 0.8689956

  0   1 
 30 199 
[1] "Fitting mean A"
[1] "Fitting variance A"
[1] "DR"
[1] 0.1015268
[1] 0.04945053
[1] 0.8820961

  0   1 
 27 202 
[1] 230
[1] -0.0005591152
[1] -0.01038765
[1] "AdaLSE"
[1] -0.03755525
[1] 0.05196049
[1] 0.8695652

  0   1 
 30 200 
[1] "Fitting mean A"
[1] "Fitting variance A"
[1] "DR"
[1] -0.06232954
[1] 0.04760173
[1] 0.8826087

  0   1 
 27 203 
[1] 231
[1] -0.0005591152
[1] -0.01038765
[1] "AdaLSE"
[1] 0.04978191
[1] 0.05348355
[1] 0.8701299

  0   1 
 30 201 
[1] "Fitting mean A"
[1] "Fitting variance A"
[1] "DR"
[1] 0.02036491
[1] 0.0511042
[1] 0.8831169

  0   1 
 27 204 
[1] 232
[1] -0.0005591152
[1] -0.01038765
[1] "AdaLSE"
[1] 0.009931665
[1] 0.05245925
[1] 0.8706897

  0   1 
 30 202 
[1] "Fitting mean A"
[1] "Fitting variance A"
[1] "DR"
[1] -0.02064157
[1] 0.04767235
[1] 0.8836207

  0   1 
 27 205 
[1] 233
[1] -0.0005591152
[1] -0.01038765
[1] "AdaLSE"
[1] 0.1811971
[1] 0.04662441
[1] 0.8669528

  0   1 
 31 202 
[1] "Fitting mean A"
[1] "Fitting variance A"
[1] "DR"
[1] 0.1718289
[1] 0.03906324
[1] 0.8798283

  0   1 
 28 205 
[1] 234
[1] -0.0005591152
[1] -0.01038765
[1] "AdaLSE"
[1] 0.02809375
[1] 0.05063546
[1] 0.8675214

  0   1 
 31 203 
[1] "Fitting mean A"
[1] "Fitting variance A"
[1] "DR"
[1] -0.01458292
[1] 0.04723339
[1] 0.8803419

  0   1 
 28 206 
[1] 235
[1] -0.0005591152
[1] -0.01038765
[1] "AdaLSE"
[1] -0.0133246
[1] 0.05322739
[1] 0.8680851

  0   1 
 31 204 
[1] "Fitting mean A"
[1] "Fitting variance A"
[1] "DR"
[1] -0.01259876
[1] 0.04581292
[1] 0.8808511

  0   1 
 28 207 
[1] 236
[1] -0.0005591152
[1] -0.01038765
[1] "AdaLSE"
[1] 0.01801166
[1] 0.05011165
[1] 0.8686441

  0   1 
 31 205 
[1] "Fitting mean A"
[1] "Fitting variance A"
[1] "DR"
[1] 0.008519706
[1] 0.0457183
[1] 0.8813559

  0   1 
 28 208 
[1] 237
[1] -0.0005591152
[1] -0.01038765
[1] "AdaLSE"
[1] -0.04100805
[1] 0.06353912
[1] 0.8691983

  0   1 
 31 206 
[1] "Fitting mean A"
[1] "Fitting variance A"
[1] "DR"
[1] -0.05167576
[1] 0.06002442
[1] 0.8818565

  0   1 
 28 209 
[1] 238
[1] -0.0005591152
[1] -0.01038765
[1] "AdaLSE"
[1] 0.1292928
[1] 0.05317092
[1] 0.8655462

  0   1 
 32 206 
[1] "Fitting mean A"
[1] "Fitting variance A"
[1] "DR"
[1] 0.108602
[1] 0.04711097
[1] 0.8781513

  0   1 
 29 209 
[1] 239
[1] -0.0005591152
[1] -0.01038765
[1] "AdaLSE"
[1] -0.04858649
[1] 0.05655087
[1] 0.8661088

  0   1 
 32 207 
[1] "Fitting mean A"
[1] "Fitting variance A"
[1] "DR"
[1] -0.06181689
[1] 0.0498681
[1] 0.8786611

  0   1 
 29 210 
[1] 240
[1] -0.0005591152
[1] -0.01038765
[1] "AdaLSE"
[1] 0.0349244
[1] 0.05431239
[1] 0.8666667

  0   1 
 32 208 
[1] "Fitting mean A"
[1] "Fitting variance A"
[1] "DR"
[1] 0.00714224
[1] 0.04898674
[1] 0.8791667

  0   1 
 29 211 
[1] 241
[1] -0.0005591152
[1] -0.01038765
[1] "AdaLSE"
[1] 0.04434781
[1] 0.0511667
[1] 0.8672199

  0   1 
 32 209 
[1] "Fitting mean A"
[1] "Fitting variance A"
[1] "DR"
[1] 0.03875241
[1] 0.04299557
[1] 0.879668

  0   1 
 29 212 
[1] 242
[1] -0.0005591152
[1] -0.01038765
[1] "AdaLSE"
[1] 0.03582616
[1] 0.04445451
[1] 0.8677686

  0   1 
 32 210 
[1] "Fitting mean A"
[1] "Fitting variance A"
[1] "DR"
[1] 0.03354415
[1] 0.03916358
[1] 0.8801653

  0   1 
 29 213 
[1] 243
[1] -0.0005591152
[1] -0.01038765
[1] "AdaLSE"
[1] 0.01356263
[1] 0.04614056
[1] 0.8683128

  0   1 
 32 211 
[1] "Fitting mean A"
[1] "Fitting variance A"
[1] "DR"
[1] 0.0002377701
[1] 0.04060446
[1] 0.8806584

  0   1 
 29 214 
[1] 244
[1] -0.0005591152
[1] -0.01038765
[1] "AdaLSE"
[1] 0.02512107
[1] 0.05785826
[1] 0.8688525

  0   1 
 32 212 
[1] "Fitting mean A"
[1] "Fitting variance A"
[1] "DR"
[1] 0.01399274
[1] 0.05550278
[1] 0.8811475

  0   1 
 29 215 
[1] 245
[1] -0.0005591152
[1] -0.01038765
[1] "AdaLSE"
[1] -0.01021742
[1] 0.05182598
[1] 0.8693878

  0   1 
 32 213 
[1] "Fitting mean A"
[1] "Fitting variance A"
[1] "DR"
[1] -0.0513465
[1] 0.04712373
[1] 0.8816327

  0   1 
 29 216 
[1] 246
[1] -0.0005591152
[1] -0.01038765
[1] "AdaLSE"
[1] -0.02037225
[1] 0.06139459
[1] 0.8699187

  0   1 
 32 214 
[1] "Fitting mean A"
[1] "Fitting variance A"
[1] "DR"
[1] -0.04258085
[1] 0.05585878
[1] 0.8821138

  0   1 
 29 217 
[1] 247
[1] -0.0005591152
[1] -0.01038765
[1] "AdaLSE"
[1] 0.04463312
[1] 0.05335139
[1] 0.8704453

  0   1 
 32 215 
[1] "Fitting mean A"
[1] "Fitting variance A"
[1] "DR"
[1] 0.01678129
[1] 0.04819486
[1] 0.8825911

  0   1 
 29 218 
[1] 248
[1] -0.0005591152
[1] -0.01038765
[1] "AdaLSE"
[1] 0.05239879
[1] 0.05519185
[1] 0.8709677

  0   1 
 32 216 
[1] "Fitting mean A"
[1] "Fitting variance A"
[1] "DR"
[1] 0.05540472
[1] 0.04882337
[1] 0.8830645

  0   1 
 29 219 
[1] 249
[1] -0.0005591152
[1] -0.01038765
[1] "AdaLSE"
[1] 0.1063314
[1] 0.05633512
[1] 0.8674699

  0   1 
 33 216 
[1] "Fitting mean A"
[1] "Fitting variance A"
[1] "DR"
[1] 0.07700465
[1] 0.0508922
[1] 0.8835341

  0   1 
 29 220 
[1] 250
[1] -0.0005591152
[1] -0.01038765
[1] "AdaLSE"
[1] -0.0357512
[1] 0.05060253
[1] 0.868

  0   1 
 33 217 
[1] "Fitting mean A"
[1] "Fitting variance A"
[1] "DR"
[1] -0.06549677
[1] 0.04585748
[1] 0.884

  0   1 
 29 221 
[1] 251
[1] -0.0005591152
[1] -0.01038765
[1] "AdaLSE"
[1] -0.04355172
[1] 0.04572557
[1] 0.8685259

  0   1 
 33 218 
[1] "Fitting mean A"
[1] "Fitting variance A"
[1] "DR"
[1] -0.05476671
[1] 0.04206118
[1] 0.8844622

  0   1 
 29 222 
[1] 252
[1] -0.0005591152
[1] -0.01038765
[1] "AdaLSE"
[1] 0.02224103
[1] 0.05267534
[1] 0.8690476

  0   1 
 33 219 
[1] "Fitting mean A"
[1] "Fitting variance A"
[1] "DR"
[1] 0.01444307
[1] 0.04745671
[1] 0.8849206

  0   1 
 29 223 
[1] 253
[1] -0.0005591152
[1] -0.01038765
[1] "AdaLSE"
[1] 0.08386969
[1] 0.05445419
[1] 0.8695652

  0   1 
 33 220 
[1] "Fitting mean A"
[1] "Fitting variance A"
[1] "DR"
[1] 0.06694874
[1] 0.04826108
[1] 0.8853755

  0   1 
 29 224 
[1] 254
[1] -0.0005591152
[1] -0.01038765
[1] "AdaLSE"
[1] -0.01266226
[1] 0.05505184
[1] 0.8700787

  0   1 
 33 221 
[1] "Fitting mean A"
[1] "Fitting variance A"
[1] "DR"
[1] -0.0395071
[1] 0.05110605
[1] 0.8858268

  0   1 
 29 225 
[1] 255
[1] -0.0005591152
[1] -0.01038765
[1] "AdaLSE"
[1] -0.01158621
[1] 0.04968991
[1] 0.8705882

  0   1 
 33 222 
[1] "Fitting mean A"
[1] "Fitting variance A"
[1] "DR"
[1] -0.01734737
[1] 0.04527114
[1] 0.8862745

  0   1 
 29 226 
[1] 256
[1] -0.0005591152
[1] -0.01038765
[1] "AdaLSE"
[1] -0.01398897
[1] 0.05827657
[1] 0.8710938

  0   1 
 33 223 
[1] "Fitting mean A"
[1] "Fitting variance A"
[1] "DR"
[1] -0.04049049
[1] 0.05493665
[1] 0.8867188

  0   1 
 29 227 
[1] 257
[1] -0.0005591152
[1] -0.01038765
[1] "AdaLSE"
[1] 0.1945405
[1] 0.05160838
[1] 0.8677043

  0   1 
 34 223 
[1] "Fitting mean A"
[1] "Fitting variance A"
[1] "DR"
[1] 0.1446934
[1] 0.0458084
[1] 0.8832685

  0   1 
 30 227 
[1] 258
[1] -0.0005591152
[1] -0.01038765
[1] "AdaLSE"
[1] 0.04212038
[1] 0.05823054
[1] 0.8682171

  0   1 
 34 224 
[1] "Fitting mean A"
[1] "Fitting variance A"
[1] "DR"
[1] 0.02379908
[1] 0.05103109
[1] 0.8837209

  0   1 
 30 228 
[1] 259
[1] -0.0005591152
[1] -0.01038765
[1] "AdaLSE"
[1] -0.01457708
[1] 0.04992218
[1] 0.8687259

  0   1 
 34 225 
[1] "Fitting mean A"
[1] "Fitting variance A"
[1] "DR"
[1] -0.03097723
[1] 0.04318599
[1] 0.8841699

  0   1 
 30 229 
[1] 260
[1] -0.0005591152
[1] -0.01038765
[1] "AdaLSE"
[1] 0.07129138
[1] 0.05000267
[1] 0.8692308

  0   1 
 34 226 
[1] "Fitting mean A"
[1] "Fitting variance A"
[1] "DR"
[1] 0.04212367
[1] 0.04643667
[1] 0.8846154

  0   1 
 30 230 
[1] 261
[1] -0.0005591152
[1] -0.01038765
[1] "AdaLSE"
[1] 0.02726738
[1] 0.05672673
[1] 0.8697318

  0   1 
 34 227 
[1] "Fitting mean A"
[1] "Fitting variance A"
[1] "DR"
[1] 0.007065784
[1] 0.04783322
[1] 0.8850575

  0   1 
 30 231 
[1] 262
[1] -0.0005591152
[1] -0.01038765
[1] "AdaLSE"
[1] -0.01509543
[1] 0.06267316
[1] 0.870229

  0   1 
 34 228 
[1] "Fitting mean A"
[1] "Fitting variance A"
[1] "DR"
[1] -0.02494784
[1] 0.05738943
[1] 0.8854962

  0   1 
 30 232 
[1] 263
[1] -0.0005591152
[1] -0.01038765
[1] "AdaLSE"
[1] -0.005041337
[1] 0.05630634
[1] 0.8707224

  0   1 
 34 229 
[1] "Fitting mean A"
[1] "Fitting variance A"
[1] "DR"
[1] -0.01631304
[1] 0.04869558
[1] 0.8859316

  0   1 
 30 233 
[1] 264
[1] -0.0005591152
[1] -0.01038765
[1] "AdaLSE"
[1] 0.09183436
[1] 0.05524278
[1] 0.8712121

  0   1 
 34 230 
[1] "Fitting mean A"
[1] "Fitting variance A"
[1] "DR"
[1] 0.06688601
[1] 0.04885573
[1] 0.8863636

  0   1 
 30 234 
[1] 265
[1] -0.0005591152
[1] -0.01038765
[1] "AdaLSE"
[1] 0.0131462
[1] 0.05302636
[1] 0.8716981

  0   1 
 34 231 
[1] "Fitting mean A"
[1] "Fitting variance A"
[1] "DR"
[1] -0.008190207
[1] 0.04856187
[1] 0.8867925

  0   1 
 30 235 
[1] 266
[1] -0.0005591152
[1] -0.01038765
[1] "AdaLSE"
[1] 0.02709007
[1] 0.04516862
[1] 0.8721805

  0   1 
 34 232 
[1] "Fitting mean A"
[1] "Fitting variance A"
[1] "DR"
[1] 0.007148823
[1] 0.0404252
[1] 0.887218

  0   1 
 30 236 
[1] 267
[1] -0.0005591152
[1] -0.01038765
[1] "AdaLSE"
[1] 0.01900427
[1] 0.05460881
[1] 0.8726592

  0   1 
 34 233 
[1] "Fitting mean A"
[1] "Fitting variance A"
[1] "DR"
[1] 0.01447042
[1] 0.04508521
[1] 0.8876404

  0   1 
 30 237 
[1] 268
[1] -0.0005591152
[1] -0.01038765
[1] "AdaLSE"
[1] -0.006477634
[1] 0.05433843
[1] 0.8731343

  0   1 
 34 234 
[1] "Fitting mean A"
[1] "Fitting variance A"
[1] "DR"
[1] -0.01572615
[1] 0.0493204
[1] 0.8880597

  0   1 
 30 238 
[1] 269
[1] -0.0005591152
[1] -0.01038765
[1] "AdaLSE"
[1] 0.02054286
[1] 0.04855536
[1] 0.8736059

  0   1 
 34 235 
[1] "Fitting mean A"
[1] "Fitting variance A"
[1] "DR"
[1] 0.01530606
[1] 0.04473087
[1] 0.8884758

  0   1 
 30 239 
[1] 270
[1] -0.0005591152
[1] -0.01038765
[1] "AdaLSE"
[1] -0.02248009
[1] 0.05972319
[1] 0.8740741

  0   1 
 34 236 
[1] "Fitting mean A"
[1] "Fitting variance A"
[1] "DR"
[1] -0.03540251
[1] 0.0520923
[1] 0.8888889

  0   1 
 30 240 
[1] 271
[1] -0.0005591152
[1] -0.01038765
[1] "AdaLSE"
[1] 0.03050994
[1] 0.04924679
[1] 0.8745387

  0   1 
 34 237 
[1] "Fitting mean A"
[1] "Fitting variance A"
[1] "DR"
[1] 0.0006044734
[1] 0.04412184
[1] 0.8892989

  0   1 
 30 241 
[1] 272
[1] -0.0005591152
[1] -0.01038765
[1] "AdaLSE"
[1] -0.04471075
[1] 0.05104262
[1] 0.875

  0   1 
 34 238 
[1] "Fitting mean A"
[1] "Fitting variance A"
[1] "DR"
[1] -0.05465909
[1] 0.04379074
[1] 0.8897059

  0   1 
 30 242 
[1] 273
[1] -0.0005591152
[1] -0.01038765
[1] "AdaLSE"
[1] 0.0895442
[1] 0.04987706
[1] 0.8717949

  0   1 
 35 238 
[1] "Fitting mean A"
[1] "Fitting variance A"
[1] "DR"
[1] 0.05052218
[1] 0.04433461
[1] 0.8901099

  0   1 
 30 243 
[1] 274
[1] -0.0005591152
[1] -0.01038765
[1] "AdaLSE"
[1] 0.07135752
[1] 0.05461851
[1] 0.8722628

  0   1 
 35 239 
[1] "Fitting mean A"
[1] "Fitting variance A"
[1] "DR"
[1] 0.03407668
[1] 0.05075416
[1] 0.8905109

  0   1 
 30 244 
[1] 275
[1] -0.0005591152
[1] -0.01038765
[1] "AdaLSE"
[1] 0.03561758
[1] 0.05895631
[1] 0.8727273

  0   1 
 35 240 
[1] "Fitting mean A"
[1] "Fitting variance A"
[1] "DR"
[1] 0.02916072
[1] 0.05406638
[1] 0.8909091

  0   1 
 30 245 
[1] 276
[1] -0.0005591152
[1] -0.01038765
[1] "AdaLSE"
[1] 0.04650957
[1] 0.04565696
[1] 0.8731884

  0   1 
 35 241 
[1] "Fitting mean A"
[1] "Fitting variance A"
[1] "DR"
[1] 0.02979042
[1] 0.04038147
[1] 0.8913043

  0   1 
 30 246 
[1] 277
[1] -0.0005591152
[1] -0.01038765
[1] "AdaLSE"
[1] -0.02137417
[1] 0.04821182
[1] 0.8736462

  0   1 
 35 242 
[1] "Fitting mean A"
[1] "Fitting variance A"
[1] "DR"
[1] -0.04496571
[1] 0.04415731
[1] 0.8916968

  0   1 
 30 247 
[1] 278
[1] -0.0005591152
[1] -0.01038765
[1] "AdaLSE"
[1] 0.003062867
[1] 0.05828642
[1] 0.8741007

  0   1 
 35 243 
[1] "Fitting mean A"
[1] "Fitting variance A"
[1] "DR"
[1] -0.01017079
[1] 0.05324968
[1] 0.8920863

  0   1 
 30 248 
[1] 279
[1] -0.0005591152
[1] -0.01038765
[1] "AdaLSE"
[1] 0.001814138
[1] 0.05262839
[1] 0.874552

  0   1 
 35 244 
[1] "Fitting mean A"
[1] "Fitting variance A"
[1] "DR"
[1] -0.03102728
[1] 0.04471338
[1] 0.8924731

  0   1 
 30 249 
[1] 280
[1] -0.0005591152
[1] -0.01038765
[1] "AdaLSE"
[1] -0.01458952
[1] 0.05077336
[1] 0.875

  0   1 
 35 245 
[1] "Fitting mean A"
[1] "Fitting variance A"
[1] "DR"
[1] -0.03259738
[1] 0.04418743
[1] 0.8928571

  0   1 
 30 250 
[1] 281
[1] -0.0005591152
[1] -0.01038765
[1] "AdaLSE"
[1] 0.04469966
[1] 0.05514471
[1] 0.8754448

  0   1 
 35 246 
[1] "Fitting mean A"
[1] "Fitting variance A"
[1] "DR"
[1] 0.01212553
[1] 0.0484607
[1] 0.8932384

  0   1 
 30 251 
[1] 282
[1] -0.0005591152
[1] -0.01038765
[1] "AdaLSE"
[1] -0.06633365
[1] 0.05664854
[1] 0.8758865

  0   1 
 35 247 
[1] "Fitting mean A"
[1] "Fitting variance A"
[1] "DR"
[1] -0.09205084
[1] 0.0527623
[1] 0.893617

  0   1 
 30 252 
[1] 283
[1] -0.0005591152
[1] -0.01038765
[1] "AdaLSE"
[1] 0.04526605
[1] 0.05033674
[1] 0.8763251

  0   1 
 35 248 
[1] "Fitting mean A"
[1] "Fitting variance A"
[1] "DR"
[1] 0.02116087
[1] 0.04515299
[1] 0.8939929

  0   1 
 30 253 
[1] 284
[1] -0.0005591152
[1] -0.01038765
[1] "AdaLSE"
[1] 0.05389329
[1] 0.04964635
[1] 0.8767606

  0   1 
 35 249 
[1] "Fitting mean A"
[1] "Fitting variance A"
[1] "DR"
[1] 0.03182039
[1] 0.04338517
[1] 0.8943662

  0   1 
 30 254 
[1] 285
[1] -0.0005591152
[1] -0.01038765
[1] "AdaLSE"
[1] 0.07140873
[1] 0.04933168
[1] 0.877193

  0   1 
 35 250 
[1] "Fitting mean A"
[1] "Fitting variance A"
[1] "DR"
[1] 0.04465027
[1] 0.04440063
[1] 0.8947368

  0   1 
 30 255 
[1] 286
[1] -0.0005591152
[1] -0.01038765
[1] "AdaLSE"
[1] 0.04406703
[1] 0.04858282
[1] 0.8776224

  0   1 
 35 251 
[1] "Fitting mean A"
[1] "Fitting variance A"
[1] "DR"
[1] 0.0307352
[1] 0.04196226
[1] 0.8951049

  0   1 
 30 256 
[1] 287
[1] -0.0005591152
[1] -0.01038765
[1] "AdaLSE"
[1] -0.08654927
[1] 0.05391653
[1] 0.8780488

  0   1 
 35 252 
[1] "Fitting mean A"
[1] "Fitting variance A"
[1] "DR"
[1] -0.09534898
[1] 0.04414547
[1] 0.8954704

  0   1 
 30 257 
[1] 288
[1] -0.0005591152
[1] -0.01038765
[1] "AdaLSE"
[1] 0.1367644
[1] 0.05250617
[1] 0.875

  0   1 
 36 252 
[1] "Fitting mean A"
[1] "Fitting variance A"
[1] "DR"
[1] 0.1036501
[1] 0.0491802
[1] 0.8923611

  0   1 
 31 257 
[1] 289
[1] -0.0005591152
[1] -0.01038765
[1] "AdaLSE"
[1] 0.03548596
[1] 0.05533463
[1] 0.8754325

  0   1 
 36 253 
[1] "Fitting mean A"
[1] "Fitting variance A"
[1] "DR"
[1] 0.01692698
[1] 0.04825012
[1] 0.8927336

  0   1 
 31 258 
[1] 290
[1] -0.0005591152
[1] -0.01038765
[1] "AdaLSE"
[1] -0.07056925
[1] 0.05297858
[1] 0.8758621

  0   1 
 36 254 
[1] "Fitting mean A"
[1] "Fitting variance A"
[1] "DR"
[1] -0.092155
[1] 0.04627827
[1] 0.8931034

  0   1 
 31 259 
[1] 291
[1] -0.0005591152
[1] -0.01038765
[1] "AdaLSE"
[1] -0.05838296
[1] 0.05323929
[1] 0.8762887

  0   1 
 36 255 
[1] "Fitting mean A"
[1] "Fitting variance A"
[1] "DR"
[1] -0.06800025
[1] 0.04633625
[1] 0.8934708

  0   1 
 31 260 
[1] 292
[1] -0.0005591152
[1] -0.01038765
[1] "AdaLSE"
[1] 0.1819874
[1] 0.06778642
[1] 0.8732877

  0   1 
 37 255 
[1] "Fitting mean A"
[1] "Fitting variance A"
[1] "DR"
[1] 0.1386185
[1] 0.05858284
[1] 0.890411

  0   1 
 32 260 
[1] 293
[1] -0.0005591152
[1] -0.01038765
[1] "AdaLSE"
[1] 0.0201434
[1] 0.05153932
[1] 0.8737201

  0   1 
 37 256 
[1] "Fitting mean A"
[1] "Fitting variance A"
[1] "DR"
[1] -0.01222026
[1] 0.04691602
[1] 0.890785

  0   1 
 32 261 
[1] 294
[1] -0.0005591152
[1] -0.01038765
[1] "AdaLSE"
[1] 0.04646592
[1] 0.04838248
[1] 0.8741497

  0   1 
 37 257 
[1] "Fitting mean A"
[1] "Fitting variance A"
[1] "DR"
[1] 0.01111719
[1] 0.04482684
[1] 0.8911565

  0   1 
 32 262 
[1] 295
[1] -0.0005591152
[1] -0.01038765
[1] "AdaLSE"
[1] 0.004275061
[1] 0.05982432
[1] 0.8745763

  0   1 
 37 258 
[1] "Fitting mean A"
[1] "Fitting variance A"
[1] "DR"
[1] -0.02294673
[1] 0.0537113
[1] 0.8915254

  0   1 
 32 263 
[1] 296
[1] -0.0005591152
[1] -0.01038765
[1] "AdaLSE"
[1] -0.04510397
[1] 0.05637203
[1] 0.875

  0   1 
 37 259 
[1] "Fitting mean A"
[1] "Fitting variance A"
[1] "DR"
[1] -0.07321403
[1] 0.05106014
[1] 0.8918919

  0   1 
 32 264 
[1] 297
[1] -0.0005591152
[1] -0.01038765
[1] "AdaLSE"
[1] 0.03186617
[1] 0.05428438
[1] 0.8754209

  0   1 
 37 260 
[1] "Fitting mean A"
[1] "Fitting variance A"
[1] "DR"
[1] 0.02163318
[1] 0.04895605
[1] 0.8922559

  0   1 
 32 265 
[1] 298
[1] -0.0005591152
[1] -0.01038765
[1] "AdaLSE"
[1] 0.1055563
[1] 0.056971
[1] 0.8724832

  0   1 
 38 260 
[1] "Fitting mean A"
[1] "Fitting variance A"
[1] "DR"
[1] 0.09350212
[1] 0.052934
[1] 0.8892617

  0   1 
 33 265 
[1] 299
[1] -0.0005591152
[1] -0.01038765
[1] "AdaLSE"
[1] 0.02183165
[1] 0.05110218
[1] 0.8729097

  0   1 
 38 261 
[1] "Fitting mean A"
[1] "Fitting variance A"
[1] "DR"
[1] 0.009445849
[1] 0.04557342
[1] 0.8896321

  0   1 
 33 266 
[1] 300
[1] -0.0005591152
[1] -0.01038765
[1] "AdaLSE"
[1] -0.03083759
[1] 0.0432807
[1] 0.8733333

  0   1 
 38 262 
[1] "Fitting mean A"
[1] "Fitting variance A"
[1] "DR"
[1] -0.03553178
[1] 0.04138421
[1] 0.89

  0   1 
 33 267 
[1] 301
[1] -0.0005591152
[1] -0.01038765
[1] "AdaLSE"
[1] 0.0961567
[1] 0.05419651
[1] 0.8704319

  0   1 
 39 262 
[1] "Fitting mean A"
[1] "Fitting variance A"
[1] "DR"
[1] 0.07862847
[1] 0.04855163
[1] 0.8903654

  0   1 
 33 268 
[1] 302
[1] -0.0005591152
[1] -0.01038765
[1] "AdaLSE"
[1] 0.03055967
[1] 0.05282754
[1] 0.8708609

  0   1 
 39 263 
[1] "Fitting mean A"
[1] "Fitting variance A"
[1] "DR"
[1] 0.03108051
[1] 0.04598895
[1] 0.8907285

  0   1 
 33 269 
[1] 303
[1] -0.0005591152
[1] -0.01038765
[1] "AdaLSE"
[1] 0.07487488
[1] 0.05459117
[1] 0.8712871

  0   1 
 39 264 
[1] "Fitting mean A"
[1] "Fitting variance A"
[1] "DR"
[1] 0.05559947
[1] 0.05083345
[1] 0.8910891

  0   1 
 33 270 
[1] 304
[1] -0.0005591152
[1] -0.01038765
[1] "AdaLSE"
[1] 0.1069062
[1] 0.05406126
[1] 0.8684211

  0   1 
 40 264 
[1] "Fitting mean A"
[1] "Fitting variance A"
[1] "DR"
[1] 0.07900821
[1] 0.04797392
[1] 0.8914474

  0   1 
 33 271 
[1] 305
[1] -0.0005591152
[1] -0.01038765
[1] "AdaLSE"
[1] 0.03435287
[1] 0.04960534
[1] 0.8688525

  0   1 
 40 265 
[1] "Fitting mean A"
[1] "Fitting variance A"
[1] "DR"
[1] 0.01167748
[1] 0.0466274
[1] 0.8918033

  0   1 
 33 272 
[1] 306
[1] -0.0005591152
[1] -0.01038765
[1] "AdaLSE"
[1] -0.02989466
[1] 0.05840387
[1] 0.869281

  0   1 
 40 266 
[1] "Fitting mean A"
[1] "Fitting variance A"
[1] "DR"
[1] -0.02862213
[1] 0.04851922
[1] 0.8921569

  0   1 
 33 273 
[1] 307
[1] -0.0005591152
[1] -0.01038765
[1] "AdaLSE"
[1] -0.08440049
[1] 0.0533116
[1] 0.8697068

  0   1 
 40 267 
[1] "Fitting mean A"
[1] "Fitting variance A"
[1] "DR"
[1] -0.09037714
[1] 0.04836456
[1] 0.8925081

  0   1 
 33 274 
[1] 308
[1] -0.0005591152
[1] -0.01038765
[1] "AdaLSE"
[1] -0.01697077
[1] 0.05780205
[1] 0.8701299

  0   1 
 40 268 
[1] "Fitting mean A"
[1] "Fitting variance A"
[1] "DR"
[1] -0.02158274
[1] 0.05124163
[1] 0.8928571

  0   1 
 33 275 
[1] 309
[1] -0.0005591152
[1] -0.01038765
[1] "AdaLSE"
[1] -0.05190469
[1] 0.05356263
[1] 0.8705502

  0   1 
 40 269 
[1] "Fitting mean A"
[1] "Fitting variance A"
[1] "DR"
[1] -0.07254847
[1] 0.04737554
[1] 0.8932039

  0   1 
 33 276 
[1] 310
[1] -0.0005591152
[1] -0.01038765
[1] "AdaLSE"
[1] 0.05184651
[1] 0.05268596
[1] 0.8709677

  0   1 
 40 270 
[1] "Fitting mean A"
[1] "Fitting variance A"
[1] "DR"
[1] 0.02743137
[1] 0.04739927
[1] 0.8935484

  0   1 
 33 277 
[1] 311
[1] -0.0005591152
[1] -0.01038765
[1] "AdaLSE"
[1] 0.01263717
[1] 0.05346263
[1] 0.8713826

  0   1 
 40 271 
[1] "Fitting mean A"
[1] "Fitting variance A"
[1] "DR"
[1] 0.0009745948
[1] 0.04876912
[1] 0.8938907

  0   1 
 33 278 
[1] 312
[1] -0.0005591152
[1] -0.01038765
[1] "AdaLSE"
[1] 0.004010885
[1] 0.05327438
[1] 0.8717949

  0   1 
 40 272 
[1] "Fitting mean A"
[1] "Fitting variance A"
[1] "DR"
[1] -0.02632911
[1] 0.04579417
[1] 0.8942308

  0   1 
 33 279 
[1] 313
[1] -0.0005591152
[1] -0.01038765
[1] "AdaLSE"
[1] 0.08659946
[1] 0.05199718
[1] 0.8722045

  0   1 
 40 273 
[1] "Fitting mean A"
[1] "Fitting variance A"
[1] "DR"
[1] 0.06983242
[1] 0.04480754
[1] 0.8945687

  0   1 
 33 280 
[1] 314
[1] -0.0005591152
[1] -0.01038765
[1] "AdaLSE"
[1] -0.1603363
[1] 0.05486221
[1] 0.8694268

  0   1 
 41 273 
[1] "Fitting mean A"
[1] "Fitting variance A"
[1] "DR"
[1] -0.1811824
[1] 0.0497422
[1] 0.8917197

  0   1 
 34 280 
[1] 315
[1] -0.0005591152
[1] -0.01038765
[1] "AdaLSE"
[1] 0.01310038
[1] 0.05433186
[1] 0.8698413

  0   1 
 41 274 
[1] "Fitting mean A"
[1] "Fitting variance A"
[1] "DR"
[1] -0.01056322
[1] 0.04872973
[1] 0.8920635

  0   1 
 34 281 
[1] 316
[1] -0.0005591152
[1] -0.01038765
[1] "AdaLSE"
[1] 0.1024732
[1] 0.04211917
[1] 0.8670886

  0   1 
 42 274 
[1] "Fitting mean A"
[1] "Fitting variance A"
[1] "DR"
[1] 0.08278218
[1] 0.03842045
[1] 0.8892405

  0   1 
 35 281 
[1] 317
[1] -0.0005591152
[1] -0.01038765
[1] "AdaLSE"
[1] -0.01144078
[1] 0.05171418
[1] 0.8675079

  0   1 
 42 275 
[1] "Fitting mean A"
[1] "Fitting variance A"
[1] "DR"
[1] -0.0163581
[1] 0.04770645
[1] 0.8895899

  0   1 
 35 282 
[1] 318
[1] -0.0005591152
[1] -0.01038765
[1] "AdaLSE"
[1] 0.003606291
[1] 0.05576763
[1] 0.8679245

  0   1 
 42 276 
[1] "Fitting mean A"
[1] "Fitting variance A"
[1] "DR"
[1] -0.008300464
[1] 0.05090623
[1] 0.8899371

  0   1 
 35 283 
[1] 319
[1] -0.0005591152
[1] -0.01038765
[1] "AdaLSE"
[1] -0.003630241
[1] 0.05371673
[1] 0.8683386

  0   1 
 42 277 
[1] "Fitting mean A"
[1] "Fitting variance A"
[1] "DR"
[1] -0.03593154
[1] 0.0473449
[1] 0.8902821

  0   1 
 35 284 
[1] 320
[1] -0.0005591152
[1] -0.01038765
[1] "AdaLSE"
[1] 0.03080921
[1] 0.05307494
[1] 0.86875

  0   1 
 42 278 
[1] "Fitting mean A"
[1] "Fitting variance A"
[1] "DR"
[1] -0.01784809
[1] 0.04957604
[1] 0.890625

  0   1 
 35 285 
[1] 321
[1] -0.0005591152
[1] -0.01038765
[1] "AdaLSE"
[1] 0.08162329
[1] 0.05144837
[1] 0.8691589

  0   1 
 42 279 
[1] "Fitting mean A"
[1] "Fitting variance A"
[1] "DR"
[1] 0.06188853
[1] 0.04741541
[1] 0.8909657

  0   1 
 35 286 
[1] 322
[1] -0.0005591152
[1] -0.01038765
[1] "AdaLSE"
[1] 0.007323307
[1] 0.05495226
[1] 0.8695652

  0   1 
 42 280 
[1] "Fitting mean A"
[1] "Fitting variance A"
[1] "DR"
[1] -0.006474386
[1] 0.05076973
[1] 0.8913043

  0   1 
 35 287 
[1] 323
[1] -0.0005591152
[1] -0.01038765
[1] "AdaLSE"
[1] -0.04659422
[1] 0.05000265
[1] 0.869969

  0   1 
 42 281 
[1] "Fitting mean A"
[1] "Fitting variance A"
[1] "DR"
[1] -0.04509632
[1] 0.03881997
[1] 0.8916409

  0   1 
 35 288 
[1] 324
[1] -0.0005591152
[1] -0.01038765
[1] "AdaLSE"
[1] -0.05184328
[1] 0.05195178
[1] 0.8703704

  0   1 
 42 282 
[1] "Fitting mean A"
[1] "Fitting variance A"
[1] "DR"
[1] -0.06357896
[1] 0.04925141
[1] 0.8919753

  0   1 
 35 289 
[1] 325
[1] -0.0005591152
[1] -0.01038765
[1] "AdaLSE"
[1] -0.03054449
[1] 0.05410567
[1] 0.8707692

  0   1 
 42 283 
[1] "Fitting mean A"
[1] "Fitting variance A"
[1] "DR"
[1] -0.06063862
[1] 0.05026312
[1] 0.8923077

  0   1 
 35 290 
[1] 326
[1] -0.0005591152
[1] -0.01038765
[1] "AdaLSE"
[1] 0.03670102
[1] 0.05340214
[1] 0.8711656

  0   1 
 42 284 
[1] "Fitting mean A"
[1] "Fitting variance A"
[1] "DR"
[1] 0.02554557
[1] 0.04901781
[1] 0.892638

  0   1 
 35 291 
[1] 327
[1] -0.0005591152
[1] -0.01038765
[1] "AdaLSE"
[1] 0.02522617
[1] 0.04988524
[1] 0.8715596

  0   1 
 42 285 
[1] "Fitting mean A"
