LOADING R
R LOADED
[1] "/home/lvanderl/Rlibs2"                         
[2] "/app/software/R/4.2.2-foss-2021b/lib/R/library"
[1] "/home/lvanderl/sieveSims"
[1] 1
[1] 0.0005784793
[1] -0.01164427
[1] "AdaLSE"
[1] -0.04171487
[1] 0.04707451
[1] 1

1 
1 
[1] "Fitting mean A"
[1] "Fitting variance A"
[1] "DR"
[1] -0.04789844
[1] 0.04222738
[1] 1

1 
1 
[1] "se comparison"
[1] NA
[1] NA
[1] 2
[1] 0.0005784793
[1] -0.01164427
[1] "AdaLSE"
[1] 0.06041883
[1] 0.04480888
[1] 1

1 
2 
[1] "Fitting mean A"
[1] "Fitting variance A"
[1] "DR"
[1] 0.04712702
[1] 0.0412552
[1] 1

1 
2 
[1] "se comparison"
[1] 0.07221943
[1] 0.06719315
[1] 3
[1] 0.0005784793
[1] -0.01164427
[1] "AdaLSE"
[1] 0.03877239
[1] 0.04685916
[1] 1

1 
3 
[1] "Fitting mean A"
[1] "Fitting variance A"
[1] "DR"
[1] 0.02066711
[1] 0.04360372
[1] 1

1 
3 
[1] "se comparison"
[1] 0.05381769
[1] 0.04904284
[1] 4
[1] 0.0005784793
[1] -0.01164427
[1] "AdaLSE"
[1] -0.03625009
[1] 0.05120434
[1] 1

1 
4 
[1] "Fitting mean A"
[1] "Fitting variance A"
[1] "DR"
[1] -0.04173949
[1] 0.04604169
[1] 1

1 
4 
[1] "se comparison"
[1] 0.05194643
[1] 0.04678049
[1] 5
[1] 0.0005784793
[1] -0.01164427
[1] "AdaLSE"
[1] 0.04113849
[1] 0.05001812
[1] 1

1 
5 
[1] "Fitting mean A"
[1] "Fitting variance A"
[1] "DR"
[1] 0.03961355
[1] 0.04381842
[1] 1

1 
5 
[1] "se comparison"
[1] 0.04775572
[1] 0.045251
[1] 6
[1] 0.0005784793
[1] -0.01164427
[1] "AdaLSE"
[1] 0.02176863
[1] 0.04663716
[1] 1

1 
6 
[1] "Fitting mean A"
[1] "Fitting variance A"
[1] "DR"
[1] 0.01875947
[1] 0.04049243
[1] 1

1 
6 
[1] "se comparison"
[1] 0.04288227
[1] 0.040947
[1] 7
[1] 0.0005784793
[1] -0.01164427
[1] "AdaLSE"
[1] 0.1093184
[1] 0.04767214
[1] 0.8571429

0 1 
1 6 
[1] "Fitting mean A"
[1] "Fitting variance A"
[1] "DR"
[1] 0.09352894
[1] 0.0406971
[1] 0.8571429

0 1 
1 6 
[1] "se comparison"
[1] 0.05319533
[1] 0.04989472
[1] 8
[1] 0.0005784793
[1] -0.01164427
[1] "AdaLSE"
[1] 0.06625997
[1] 0.04743856
[1] 0.875

0 1 
1 7 
[1] "Fitting mean A"
[1] "Fitting variance A"
[1] "DR"
[1] 0.05956696
[1] 0.04519027
[1] 0.875

0 1 
1 7 
[1] "se comparison"
[1] 0.05110745
[1] 0.04841319
[1] 9
[1] 0.0005784793
[1] -0.01164427
[1] "AdaLSE"
[1] -0.05940433
[1] 0.0482088
[1] 0.8888889

0 1 
1 8 
[1] "Fitting mean A"
[1] "Fitting variance A"
[1] "DR"
[1] -0.07524059
[1] 0.04161307
[1] 0.8888889

0 1 
1 8 
[1] "se comparison"
[1] 0.05677348
[1] 0.05602338
[1] 10
[1] 0.0005784793
[1] -0.01164427
[1] "AdaLSE"
[1] -0.02322247
[1] 0.04488782
[1] 0.9

0 1 
1 9 
[1] "Fitting mean A"
[1] "Fitting variance A"
[1] "DR"
[1] -0.02325137
[1] 0.04064768
[1] 0.9

0 1 
1 9 
[1] "se comparison"
[1] 0.05542494
[1] 0.05402964
[1] 11
[1] 0.0005784793
[1] -0.01164427
[1] "AdaLSE"
[1] 0.05159667
[1] 0.0481818
[1] 0.9090909

 0  1 
 1 10 
[1] "Fitting mean A"
[1] "Fitting variance A"
[1] "DR"
[1] 0.04727565
[1] 0.04389861
[1] 0.9090909

 0  1 
 1 10 
[1] "se comparison"
[1] 0.05356429
[1] 0.05253264
[1] 12
[1] 0.0005784793
[1] -0.01164427
[1] "AdaLSE"
[1] -0.09537375
[1] 0.04918881
[1] 0.9166667

 0  1 
 1 11 
[1] "Fitting mean A"
[1] "Fitting variance A"
[1] "DR"
[1] -0.1117909
[1] 0.04454181
[1] 0.8333333

 0  1 
 2 10 
[1] "se comparison"
[1] 0.06109656
[1] 0.0616268
[1] 13
[1] 0.0005784793
[1] -0.01164427
[1] "AdaLSE"
[1] 0.07703623
[1] 0.04528943
[1] 0.9230769

 0  1 
 1 12 
[1] "Fitting mean A"
[1] "Fitting variance A"
[1] "DR"
[1] 0.07066198
[1] 0.0431412
[1] 0.8461538

 0  1 
 2 11 
[1] "se comparison"
[1] 0.06128672
[1] 0.06198164
[1] 14
[1] 0.0005784793
[1] -0.01164427
[1] "AdaLSE"
[1] 0.04459048
[1] 0.0448594
[1] 0.9285714

 0  1 
 1 13 
[1] "Fitting mean A"
[1] "Fitting variance A"
[1] "DR"
[1] 0.04809041
[1] 0.04100476
[1] 0.8571429

 0  1 
 2 12 
[1] "se comparison"
[1] 0.05936992
[1] 0.0605309
[1] 15
[1] 0.0005784793
[1] -0.01164427
[1] "AdaLSE"
[1] 0.05812875
[1] 0.04393031
[1] 0.9333333

 0  1 
 1 14 
[1] "Fitting mean A"
[1] "Fitting variance A"
[1] "DR"
[1] 0.06064107
[1] 0.03975305
[1] 0.8666667

 0  1 
 2 13 
[1] "se comparison"
[1] 0.05813134
[1] 0.05975503
[1] 16
[1] 0.0005784793
[1] -0.01164427
[1] "AdaLSE"
[1] 0.02359299
[1] 0.05016216
[1] 0.9375

 0  1 
 1 15 
[1] "Fitting mean A"
[1] "Fitting variance A"
[1] "DR"
[1] 0.0298089
[1] 0.04315225
[1] 0.875

 0  1 
 2 14 
[1] "se comparison"
[1] 0.05616433
[1] 0.05786855
[1] 17
[1] 0.0005784793
[1] -0.01164427
[1] "AdaLSE"
[1] -0.02673452
[1] 0.04729858
[1] 0.9411765

 0  1 
 1 16 
[1] "Fitting mean A"
[1] "Fitting variance A"
[1] "DR"
[1] -0.02169608
[1] 0.04346424
[1] 0.8823529

 0  1 
 2 15 
[1] "se comparison"
[1] 0.05560166
[1] 0.05672354
[1] 18
[1] 0.0005784793
[1] -0.01164427
[1] "AdaLSE"
[1] 0.05460749
[1] 0.04559863
[1] 0.9444444

 0  1 
 1 17 
[1] "Fitting mean A"
[1] "Fitting variance A"
[1] "DR"
[1] 0.05017959
[1] 0.04394517
[1] 0.8888889

 0  1 
 2 16 
[1] "se comparison"
[1] 0.05461872
[1] 0.05573838
[1] 19
[1] 0.0005784793
[1] -0.01164427
[1] "AdaLSE"
[1] -0.05211624
[1] 0.05138954
[1] 0.9473684

 0  1 
 1 18 
[1] "Fitting mean A"
[1] "Fitting variance A"
[1] "DR"
[1] -0.05042081
[1] 0.04651093
[1] 0.8947368

 0  1 
 2 17 
[1] "se comparison"
[1] 0.05561572
[1] 0.05618943
[1] 20
[1] 0.0005784793
[1] -0.01164427
[1] "AdaLSE"
[1] 0.001487179
[1] 0.04426887
[1] 0.95

 0  1 
 1 19 
[1] "Fitting mean A"
[1] "Fitting variance A"
[1] "DR"
[1] 0.004484704
[1] 0.04011441
[1] 0.9

 0  1 
 2 18 
[1] "se comparison"
[1] 0.05423556
[1] 0.05471173
[1] 21
[1] 0.0005784793
[1] -0.01164427
[1] "AdaLSE"
[1] 0.01998745
[1] 0.04974836
[1] 0.952381

 0  1 
 1 20 
[1] "Fitting mean A"
[1] "Fitting variance A"
[1] "DR"
[1] 0.005011406
[1] 0.04522173
[1] 0.9047619

 0  1 
 2 19 
[1] "se comparison"
[1] 0.05287059
[1] 0.05334198
[1] 22
[1] 0.0005784793
[1] -0.01164427
[1] "AdaLSE"
[1] -0.0545817
[1] 0.04403613
[1] 0.9545455

 0  1 
 1 21 
[1] "Fitting mean A"
[1] "Fitting variance A"
[1] "DR"
[1] -0.05569804
[1] 0.03936567
[1] 0.9090909

 0  1 
 2 20 
[1] "se comparison"
[1] 0.05374001
[1] 0.05394339
[1] 23
[1] 0.0005784793
[1] -0.01164427
[1] "AdaLSE"
[1] -0.0259319
[1] 0.04421497
[1] 0.9565217

 0  1 
 1 22 
[1] "Fitting mean A"
[1] "Fitting variance A"
[1] "DR"
[1] -0.02336524
[1] 0.03966566
[1] 0.9130435

 0  1 
 2 21 
[1] "se comparison"
[1] 0.05311864
[1] 0.05309773
[1] 24
[1] 0.0005784793
[1] -0.01164427
[1] "AdaLSE"
[1] -0.03129935
[1] 0.04727283
[1] 0.9583333

 0  1 
 1 23 
[1] "Fitting mean A"
[1] "Fitting variance A"
[1] "DR"
[1] -0.03406317
[1] 0.0419129
[1] 0.9166667

 0  1 
 2 22 
[1] "se comparison"
[1] 0.05266423
[1] 0.05257932
[1] 25
[1] 0.0005784793
[1] -0.01164427
[1] "AdaLSE"
[1] 0.04379733
[1] 0.04497418
[1] 0.96

 0  1 
 1 24 
[1] "Fitting mean A"
[1] "Fitting variance A"
[1] "DR"
[1] 0.04802912
[1] 0.0424061
[1] 0.92

 0  1 
 2 23 
[1] "se comparison"
[1] 0.05201625
[1] 0.05220018
[1] 26
[1] 0.0005784793
[1] -0.01164427
[1] "AdaLSE"
[1] 0.0112127
[1] 0.04916392
[1] 0.9615385

 0  1 
 1 25 
[1] "Fitting mean A"
[1] "Fitting variance A"
[1] "DR"
[1] -0.01740514
[1] 0.04542589
[1] 0.9230769

 0  1 
 2 24 
[1] "se comparison"
[1] 0.05096543
[1] 0.05135693
[1] 27
[1] 0.0005784793
[1] -0.01164427
[1] "AdaLSE"
[1] -0.0528744
[1] 0.0440015
[1] 0.962963

 0  1 
 1 26 
[1] "Fitting mean A"
[1] "Fitting variance A"
[1] "DR"
[1] -0.05689711
[1] 0.04100502
[1] 0.9259259

 0  1 
 2 25 
[1] "se comparison"
[1] 0.05144962
[1] 0.05176788
[1] 28
[1] 0.0005784793
[1] -0.01164427
[1] "AdaLSE"
[1] 0.06042596
[1] 0.0515746
[1] 0.9642857

 0  1 
 1 27 
[1] "Fitting mean A"
[1] "Fitting variance A"
[1] "DR"
[1] 0.04694464
[1] 0.04209862
[1] 0.9285714

 0  1 
 2 26 
[1] "se comparison"
[1] 0.05143975
[1] 0.05147116
[1] 29
[1] 0.0005784793
[1] -0.01164427
[1] "AdaLSE"
[1] 0.007672333
[1] 0.0459265
[1] 0.9655172

 0  1 
 1 28 
[1] "Fitting mean A"
[1] "Fitting variance A"
[1] "DR"
[1] 0.008564327
[1] 0.04601695
[1] 0.9310345

 0  1 
 2 27 
[1] "se comparison"
[1] 0.05051496
[1] 0.05054884
[1] 30
[1] 0.0005784793
[1] -0.01164427
[1] "AdaLSE"
[1] -0.05422542
[1] 0.04698768
[1] 0.9666667

 0  1 
 1 29 
[1] "Fitting mean A"
[1] "Fitting variance A"
[1] "DR"
[1] -0.04958909
[1] 0.04463879
[1] 0.9333333

 0  1 
 2 28 
[1] "se comparison"
[1] 0.05100595
[1] 0.05065291
[1] 31
[1] 0.0005784793
[1] -0.01164427
[1] "AdaLSE"
[1] 0.004903633
[1] 0.04562228
[1] 0.9677419

 0  1 
 1 30 
[1] "Fitting mean A"
[1] "Fitting variance A"
[1] "DR"
[1] 0.01018321
[1] 0.04200183
[1] 0.9354839

 0  1 
 2 29 
[1] "se comparison"
[1] 0.05015161
[1] 0.04981826
[1] 32
[1] 0.0005784793
[1] -0.01164427
[1] "AdaLSE"
[1] -0.03149485
[1] 0.05083967
[1] 0.96875

 0  1 
 1 31 
[1] "Fitting mean A"
[1] "Fitting variance A"
[1] "DR"
[1] -0.0303602
[1] 0.04330019
[1] 0.9375

 0  1 
 2 30 
[1] "se comparison"
[1] 0.04982364
[1] 0.04936654
[1] 33
[1] 0.0005784793
[1] -0.01164427
[1] "AdaLSE"
[1] -0.0009038517
[1] 0.04471526
[1] 0.969697

 0  1 
 1 32 
[1] "Fitting mean A"
[1] "Fitting variance A"
[1] "DR"
[1] -0.004364799
[1] 0.04007287
[1] 0.9393939

 0  1 
 2 31 
[1] "se comparison"
[1] 0.04905641
[1] 0.04860242
[1] 34
[1] 0.0005784793
[1] -0.01164427
[1] "AdaLSE"
[1] 0.05280724
[1] 0.04571852
[1] 0.9705882

 0  1 
 1 33 
[1] "Fitting mean A"
[1] "Fitting variance A"
[1] "DR"
[1] 0.04321377
[1] 0.04338795
[1] 0.9411765

 0  1 
 2 32 
[1] "se comparison"
[1] 0.04895915
[1] 0.04837994
[1] 35
[1] 0.0005784793
[1] -0.01164427
[1] "AdaLSE"
[1] -0.08695181
[1] 0.0468156
[1] 0.9714286

 0  1 
 1 34 
[1] "Fitting mean A"
[1] "Fitting variance A"
[1] "DR"
[1] -0.08609038
[1] 0.04200793
[1] 0.9428571

 0  1 
 2 33 
[1] "se comparison"
[1] 0.0508205
[1] 0.04999536
[1] 36
[1] 0.0005784793
[1] -0.01164427
[1] "AdaLSE"
[1] 0.03780713
[1] 0.04781583
[1] 0.9722222

 0  1 
 1 35 
[1] "Fitting mean A"
[1] "Fitting variance A"
[1] "DR"
[1] 0.02543905
[1] 0.04224874
[1] 0.9444444

 0  1 
 2 34 
[1] "se comparison"
[1] 0.05038604
[1] 0.04944897
[1] 37
[1] 0.0005784793
[1] -0.01164427
[1] "AdaLSE"
[1] 0.08573341
[1] 0.04703361
[1] 0.9459459

 0  1 
 2 35 
[1] "Fitting mean A"
[1] "Fitting variance A"
[1] "DR"
[1] 0.07259439
[1] 0.04381354
[1] 0.9459459

 0  1 
 2 35 
[1] "se comparison"
[1] 0.0513835
[1] 0.05014513
[1] 38
[1] 0.0005784793
[1] -0.01164427
[1] "AdaLSE"
[1] 0.02253257
[1] 0.04554031
[1] 0.9473684

 0  1 
 2 36 
[1] "Fitting mean A"
[1] "Fitting variance A"
[1] "DR"
[1] 0.02344292
[1] 0.04208003
[1] 0.9473684

 0  1 
 2 36 
[1] "se comparison"
[1] 0.05073836
[1] 0.04957112
[1] 39
[1] 0.0005784793
[1] -0.01164427
[1] "AdaLSE"
[1] -0.01566331
[1] 0.04610556
[1] 0.9487179

 0  1 
 2 37 
[1] "Fitting mean A"
[1] "Fitting variance A"
[1] "DR"
[1] -0.01583985
[1] 0.04174722
[1] 0.9487179

 0  1 
 2 37 
[1] "se comparison"
[1] 0.05021543
[1] 0.0490154
[1] 40
[1] 0.0005784793
[1] -0.01164427
[1] "AdaLSE"
[1] 0.04314086
[1] 0.04841802
[1] 0.95

 0  1 
 2 38 
[1] "Fitting mean A"
[1] "Fitting variance A"
[1] "DR"
[1] 0.03902215
[1] 0.04352084
[1] 0.95

 0  1 
 2 38 
[1] "se comparison"
[1] 0.04988023
[1] 0.04871175
[1] 41
[1] 0.0005784793
[1] -0.01164427
[1] "AdaLSE"
[1] 0.06892887
[1] 0.04483468
[1] 0.9512195

 0  1 
 2 39 
[1] "Fitting mean A"
[1] "Fitting variance A"
[1] "DR"
[1] 0.06170508
[1] 0.04260361
[1] 0.9512195

 0  1 
 2 39 
[1] "se comparison"
[1] 0.05014146
[1] 0.04893086
[1] 42
[1] 0.0005784793
[1] -0.01164427
[1] "AdaLSE"
[1] -0.03872194
[1] 0.0463651
[1] 0.952381

 0  1 
 2 40 
[1] "Fitting mean A"
[1] "Fitting variance A"
[1] "DR"
[1] -0.04460321
[1] 0.04372567
[1] 0.952381

 0  1 
 2 40 
[1] "se comparison"
[1] 0.05009861
[1] 0.04894688
[1] 43
[1] 0.0005784793
[1] -0.01164427
[1] "AdaLSE"
[1] 0.0031227
[1] 0.05281427
[1] 0.9534884

 0  1 
 2 41 
[1] "Fitting mean A"
[1] "Fitting variance A"
[1] "DR"
[1] -0.01087838
[1] 0.04846027
[1] 0.9534884

 0  1 
 2 41 
[1] "se comparison"
[1] 0.04950686
[1] 0.04841667
[1] 44
[1] 0.0005784793
[1] -0.01164427
[1] "AdaLSE"
[1] -0.008974598
[1] 0.04953059
[1] 0.9545455

 0  1 
 2 42 
[1] "Fitting mean A"
[1] "Fitting variance A"
[1] "DR"
[1] -0.02280816
[1] 0.04602854
[1] 0.9545455

 0  1 
 2 42 
[1] "se comparison"
[1] 0.04900209
[1] 0.04802115
[1] 45
[1] 0.0005784793
[1] -0.01164427
[1] "AdaLSE"
[1] -0.01652302
[1] 0.05270266
[1] 0.9555556

 0  1 
 2 43 
[1] "Fitting mean A"
[1] "Fitting variance A"
[1] "DR"
[1] -0.02449401
[1] 0.05002084
[1] 0.9555556

 0  1 
 2 43 
[1] "se comparison"
[1] 0.04858554
[1] 0.04765436
[1] 46
[1] 0.0005784793
[1] -0.01164427
[1] "AdaLSE"
[1] 0.02774488
[1] 0.04769801
[1] 0.9565217

 0  1 
 2 44 
[1] "Fitting mean A"
[1] "Fitting variance A"
[1] "DR"
[1] 0.01378111
[1] 0.04351685
[1] 0.9565217

 0  1 
 2 44 
[1] "se comparison"
[1] 0.04813122
[1] 0.04714969
[1] 47
[1] 0.0005784793
[1] -0.01164427
[1] "AdaLSE"
[1] -0.04121906
[1] 0.04864546
[1] 0.9574468

 0  1 
 2 45 
[1] "Fitting mean A"
[1] "Fitting variance A"
[1] "DR"
[1] -0.05923099
[1] 0.04631996
[1] 0.9574468

 0  1 
 2 45 
[1] "se comparison"
[1] 0.04815184
[1] 0.04751073
[1] 48
[1] 0.0005784793
[1] -0.01164427
[1] "AdaLSE"
[1] 0.08283323
[1] 0.04580336
[1] 0.9375

 0  1 
 3 45 
[1] "Fitting mean A"
[1] "Fitting variance A"
[1] "DR"
[1] 0.07916809
[1] 0.04250392
[1] 0.9375

 0  1 
 3 45 
[1] "se comparison"
[1] 0.04886761
[1] 0.04831377
[1] 49
[1] 0.0005784793
[1] -0.01164427
[1] "AdaLSE"
[1] -0.03336451
[1] 0.05023297
[1] 0.9387755

 0  1 
 3 46 
[1] "Fitting mean A"
[1] "Fitting variance A"
[1] "DR"
[1] -0.03812397
[1] 0.04418964
[1] 0.9387755

 0  1 
 3 46 
[1] "se comparison"
[1] 0.04873138
[1] 0.04817322
[1] 50
[1] 0.0005784793
[1] -0.01164427
[1] "AdaLSE"
[1] 0.1204212
[1] 0.04927973
[1] 0.92

 0  1 
 4 46 
[1] "Fitting mean A"
[1] "Fitting variance A"
[1] "DR"
[1] 0.1142677
[1] 0.04484934
[1] 0.92

 0  1 
 4 46 
[1] "se comparison"
[1] 0.05078273
[1] 0.05023162
[1] 51
[1] 0.0005784793
[1] -0.01164427
[1] "AdaLSE"
[1] -0.001221135
[1] 0.04452477
[1] 0.9215686

 0  1 
 4 47 
[1] "Fitting mean A"
[1] "Fitting variance A"
[1] "DR"
[1] -0.003983237
[1] 0.04125805
[1] 0.9215686

 0  1 
 4 47 
[1] "se comparison"
[1] 0.05029815
[1] 0.0497417
[1] 52
[1] 0.0005784793
[1] -0.01164427
[1] "AdaLSE"
[1] 0.0146551
[1] 0.05671284
[1] 0.9230769

 0  1 
 4 48 
[1] "Fitting mean A"
[1] "Fitting variance A"
[1] "DR"
[1] -0.008985578
[1] 0.04994271
[1] 0.9230769

 0  1 
 4 48 
[1] "se comparison"
[1] 0.04980667
[1] 0.04928736
[1] 53
[1] 0.0005784793
[1] -0.01164427
[1] "AdaLSE"
[1] 0.03849686
[1] 0.04575933
[1] 0.9245283

 0  1 
 4 49 
[1] "Fitting mean A"
[1] "Fitting variance A"
[1] "DR"
[1] 0.01877157
[1] 0.04097334
[1] 0.9245283

 0  1 
 4 49 
[1] "se comparison"
[1] 0.04947891
[1] 0.04885167
[1] 54
[1] 0.0005784793
[1] -0.01164427
[1] "AdaLSE"
[1] -0.01447969
[1] 0.04740135
[1] 0.9259259

 0  1 
 4 50 
[1] "Fitting mean A"
[1] "Fitting variance A"
[1] "DR"
[1] -0.02514502
[1] 0.04350983
[1] 0.9259259

 0  1 
 4 50 
[1] "se comparison"
[1] 0.04912937
[1] 0.04855718
[1] 55
[1] 0.0005784793
[1] -0.01164427
[1] "AdaLSE"
[1] 0.1290282
[1] 0.0494524
[1] 0.9090909

 0  1 
 5 50 
[1] "Fitting mean A"
[1] "Fitting variance A"
[1] "DR"
[1] 0.1184716
[1] 0.04432194
[1] 0.9090909

 0  1 
 5 50 
[1] "se comparison"
[1] 0.05124115
[1] 0.05052071
[1] 56
[1] 0.0005784793
[1] -0.01164427
[1] "AdaLSE"
[1] 0.06016192
[1] 0.04495925
[1] 0.9107143

 0  1 
 5 51 
[1] "Fitting mean A"
[1] "Fitting variance A"
[1] "DR"
[1] 0.05507233
[1] 0.04185284
[1] 0.9107143

 0  1 
 5 51 
[1] "se comparison"
[1] 0.05117316
[1] 0.05048541
[1] 57
[1] 0.0005784793
[1] -0.01164427
[1] "AdaLSE"
[1] 0.07553477
[1] 0.04455065
[1] 0.9122807

 0  1 
 5 52 
[1] "Fitting mean A"
[1] "Fitting variance A"
[1] "DR"
[1] 0.07817136
[1] 0.04186244
[1] 0.8947368

 0  1 
 6 51 
[1] "se comparison"
[1] 0.05138125
[1] 0.05091377
[1] 58
[1] 0.0005784793
[1] -0.01164427
[1] "AdaLSE"
[1] -0.08767224
[1] 0.04971897
[1] 0.9137931

 0  1 
 5 53 
[1] "Fitting mean A"
[1] "Fitting variance A"
[1] "DR"
[1] -0.08688714
[1] 0.04413741
[1] 0.8965517

 0  1 
 6 52 
[1] "se comparison"
[1] 0.05266003
[1] 0.05198726
[1] 59
[1] 0.0005784793
[1] -0.01164427
[1] "AdaLSE"
[1] -0.07442609
[1] 0.04654444
[1] 0.9152542

 0  1 
 5 54 
[1] "Fitting mean A"
[1] "Fitting variance A"
[1] "DR"
[1] -0.0828523
[1] 0.0424174
[1] 0.8983051

 0  1 
 6 53 
[1] "se comparison"
[1] 0.05341842
[1] 0.05283585
[1] 60
[1] 0.0005784793
[1] -0.01164427
[1] "AdaLSE"
[1] -0.03447403
[1] 0.04429052
[1] 0.9166667

 0  1 
 5 55 
[1] "Fitting mean A"
[1] "Fitting variance A"
[1] "DR"
[1] -0.03259926
[1] 0.04050609
[1] 0.9

 0  1 
 6 54 
[1] "se comparison"
[1] 0.05328944
[1] 0.0526113
[1] 61
[1] 0.0005784793
[1] -0.01164427
[1] "AdaLSE"
[1] 0.06804987
[1] 0.0480901
[1] 0.9180328

 0  1 
 5 56 
[1] "Fitting mean A"
[1] "Fitting variance A"
[1] "DR"
[1] 0.0450493
[1] 0.04699759
[1] 0.9016393

 0  1 
 6 55 
[1] "se comparison"
[1] 0.05335776
[1] 0.05242958
[1] 62
[1] 0.0005784793
[1] -0.01164427
[1] "AdaLSE"
[1] -0.01855753
[1] 0.04883546
[1] 0.9193548

 0  1 
 5 57 
[1] "Fitting mean A"
[1] "Fitting variance A"
[1] "DR"
[1] -0.02255805
[1] 0.04750676
[1] 0.9032258

 0  1 
 6 56 
[1] "se comparison"
[1] 0.05305406
[1] 0.05211655
[1] 63
[1] 0.0005784793
[1] -0.01164427
[1] "AdaLSE"
[1] -0.06853419
[1] 0.05216463
[1] 0.9206349

 0  1 
 5 58 
[1] "Fitting mean A"
[1] "Fitting variance A"
[1] "DR"
[1] -0.07274722
[1] 0.0459159
[1] 0.9047619

 0  1 
 6 57 
[1] "se comparison"
[1] 0.05356517
[1] 0.05260624
[1] 64
[1] 0.0005784793
[1] -0.01164427
[1] "AdaLSE"
[1] 0.04856303
[1] 0.04570187
[1] 0.921875

 0  1 
 5 59 
[1] "Fitting mean A"
[1] "Fitting variance A"
[1] "DR"
[1] 0.0467283
[1] 0.04044482
[1] 0.90625

 0  1 
 6 58 
[1] "se comparison"
[1] 0.0533618
[1] 0.05246704
[1] 65
[1] 0.0005784793
[1] -0.01164427
[1] "AdaLSE"
[1] -0.08273246
[1] 0.04998936
[1] 0.9230769

 0  1 
 5 60 
[1] "Fitting mean A"
[1] "Fitting variance A"
[1] "DR"
[1] -0.07991218
[1] 0.04682723
[1] 0.9076923

 0  1 
 6 59 
[1] "se comparison"
[1] 0.05418215
[1] 0.05308827
[1] 66
[1] 0.0005784793
[1] -0.01164427
[1] "AdaLSE"
[1] 0.03360176
[1] 0.04563813
[1] 0.9242424

 0  1 
 5 61 
[1] "Fitting mean A"
[1] "Fitting variance A"
[1] "DR"
[1] 0.03189453
[1] 0.04108618
[1] 0.9090909

 0  1 
 6 60 
[1] "se comparison"
[1] 0.05385093
[1] 0.05279984
[1] 67
[1] 0.0005784793
[1] -0.01164427
[1] "AdaLSE"
[1] 0.006700187
[1] 0.04713816
[1] 0.9253731

 0  1 
 5 62 
[1] "Fitting mean A"
[1] "Fitting variance A"
[1] "DR"
[1] 0.005776927
[1] 0.04308284
[1] 0.9104478

 0  1 
 6 61 
[1] "se comparison"
[1] 0.05344221
[1] 0.05239923
[1] 68
[1] 0.0005784793
[1] -0.01164427
[1] "AdaLSE"
[1] 0.05778245
[1] 0.04582591
[1] 0.9264706

 0  1 
 5 63 
[1] "Fitting mean A"
[1] "Fitting variance A"
[1] "DR"
[1] 0.05895936
[1] 0.04576628
[1] 0.9117647

 0  1 
 6 62 
[1] "se comparison"
[1] 0.05336997
[1] 0.05244311
[1] 69
[1] 0.0005784793
[1] -0.01164427
[1] "AdaLSE"
[1] -0.04869391
[1] 0.04615956
[1] 0.9275362

 0  1 
 5 64 
[1] "Fitting mean A"
[1] "Fitting variance A"
[1] "DR"
[1] -0.06093706
[1] 0.04137829
[1] 0.9130435

 0  1 
 6 63 
[1] "se comparison"
[1] 0.05344167
[1] 0.05264167
[1] 70
[1] 0.0005784793
[1] -0.01164427
[1] "AdaLSE"
[1] -0.01738393
[1] 0.04331555
[1] 0.9285714

 0  1 
 5 65 
[1] "Fitting mean A"
[1] "Fitting variance A"
[1] "DR"
[1] -0.01951256
[1] 0.04107382
[1] 0.9142857

 0  1 
 6 64 
[1] "se comparison"
[1] 0.05314612
[1] 0.05232905
[1] 71
[1] 0.0005784793
[1] -0.01164427
[1] "AdaLSE"
[1] -0.00756385
[1] 0.04570088
[1] 0.9295775

 0  1 
 5 66 
[1] "Fitting mean A"
[1] "Fitting variance A"
[1] "DR"
[1] -0.009211849
[1] 0.04127546
[1] 0.915493

 0  1 
 6 65 
[1] "se comparison"
[1] 0.0527998
[1] 0.0519736
[1] 72
[1] 0.0005784793
[1] -0.01164427
[1] "AdaLSE"
[1] -0.01976831
[1] 0.05055691
[1] 0.9305556

 0  1 
 5 67 
[1] "Fitting mean A"
[1] "Fitting variance A"
[1] "DR"
[1] -0.02138743
[1] 0.04689346
[1] 0.9166667

 0  1 
 6 66 
[1] "se comparison"
[1] 0.05253109
[1] 0.05168411
[1] 73
[1] 0.0005784793
[1] -0.01164427
[1] "AdaLSE"
[1] -0.005564149
[1] 0.04465153
[1] 0.9315068

 0  1 
 5 68 
[1] "Fitting mean A"
[1] "Fitting variance A"
[1] "DR"
[1] -0.008016043
[1] 0.0374488
[1] 0.9178082

 0  1 
 6 67 
[1] "se comparison"
[1] 0.05218893
[1] 0.05133823
[1] 74
[1] 0.0005784793
[1] -0.01164427
[1] "AdaLSE"
[1] -0.0004438181
[1] 0.04885362
[1] 0.9324324

 0  1 
 5 69 
[1] "Fitting mean A"
[1] "Fitting variance A"
[1] "DR"
[1] -0.01331488
[1] 0.04521269
[1] 0.9189189

 0  1 
 6 68 
[1] "se comparison"
[1] 0.05183899
[1] 0.05101725
[1] 75
[1] 0.0005784793
[1] -0.01164427
[1] "AdaLSE"
[1] 0.03622609
[1] 0.04511504
[1] 0.9333333

 0  1 
 5 70 
[1] "Fitting mean A"
[1] "Fitting variance A"
[1] "DR"
[1] 0.0303945
[1] 0.04149852
[1] 0.92

 0  1 
 6 69 
[1] "se comparison"
[1] 0.05159324
[1] 0.05077745
[1] 76
[1] 0.0005784793
[1] -0.01164427
[1] "AdaLSE"
[1] 0.0002097056
[1] 0.05008992
[1] 0.9342105

 0  1 
 5 71 
[1] "Fitting mean A"
[1] "Fitting variance A"
[1] "DR"
[1] -0.01190172
[1] 0.04580084
[1] 0.9210526

 0  1 
 6 70 
[1] "se comparison"
[1] 0.05125596
[1] 0.05046433
[1] 77
[1] 0.0005784793
[1] -0.01164427
[1] "AdaLSE"
[1] 0.05378005
[1] 0.04654915
[1] 0.9350649

 0  1 
 5 72 
[1] "Fitting mean A"
[1] "Fitting variance A"
[1] "DR"
[1] 0.04544344
[1] 0.04096505
[1] 0.9220779

 0  1 
 6 71 
[1] "se comparison"
[1] 0.05118518
[1] 0.05037315
[1] 78
[1] 0.0005784793
[1] -0.01164427
[1] "AdaLSE"
[1] -0.0400686
[1] 0.04616433
[1] 0.9358974

 0  1 
 5 73 
[1] "Fitting mean A"
[1] "Fitting variance A"
[1] "DR"
[1] -0.03820606
[1] 0.0433518
[1] 0.9230769

 0  1 
 6 72 
[1] "se comparison"
[1] 0.05114837
[1] 0.05025924
[1] 79
[1] 0.0005784793
[1] -0.01164427
[1] "AdaLSE"
[1] 0.01479677
[1] 0.04732981
[1] 0.9367089

 0  1 
 5 74 
[1] "Fitting mean A"
[1] "Fitting variance A"
[1] "DR"
[1] 0.01375547
[1] 0.04351067
[1] 0.9240506

 0  1 
 6 73 
[1] "se comparison"
[1] 0.05082538
[1] 0.04995292
[1] 80
[1] 0.0005784793
[1] -0.01164427
[1] "AdaLSE"
[1] 0.04447218
[1] 0.04487576
[1] 0.9375

 0  1 
 5 75 
[1] "Fitting mean A"
[1] "Fitting variance A"
[1] "DR"
[1] 0.04401547
[1] 0.04366409
[1] 0.925

 0  1 
 6 74 
[1] "se comparison"
[1] 0.05066723
[1] 0.04985379
[1] 81
[1] 0.0005784793
[1] -0.01164427
[1] "AdaLSE"
[1] 0.08187786
[1] 0.04575128
[1] 0.9259259

 0  1 
 6 75 
[1] "Fitting mean A"
[1] "Fitting variance A"
[1] "DR"
[1] 0.07578256
[1] 0.04354546
[1] 0.9135802

 0  1 
 7 74 
[1] "se comparison"
[1] 0.05100658
[1] 0.05019911
[1] 82
[1] 0.0005784793
[1] -0.01164427
[1] "AdaLSE"
[1] 0.0785194
[1] 0.04559274
[1] 0.9146341

 0  1 
 7 75 
[1] "Fitting mean A"
[1] "Fitting variance A"
[1] "DR"
[1] 0.08074574
[1] 0.0438426
[1] 0.902439

 0  1 
 8 74 
[1] "se comparison"
[1] 0.05126319
[1] 0.05060715
[1] 83
[1] 0.0005784793
[1] -0.01164427
[1] "AdaLSE"
[1] 0.06267972
[1] 0.04648142
[1] 0.9156627

 0  1 
 7 76 
[1] "Fitting mean A"
[1] "Fitting variance A"
[1] "DR"
[1] 0.05766165
[1] 0.04120624
[1] 0.9036145

 0  1 
 8 75 
[1] "se comparison"
[1] 0.05127444
[1] 0.05063223
[1] 84
[1] 0.0005784793
[1] -0.01164427
[1] "AdaLSE"
[1] 0.0566144
[1] 0.04834361
[1] 0.9166667

 0  1 
 7 77 
[1] "Fitting mean A"
[1] "Fitting variance A"
[1] "DR"
[1] 0.04237463
[1] 0.04153295
[1] 0.9047619

 0  1 
 8 76 
[1] "se comparison"
[1] 0.05120901
[1] 0.05048813
[1] 85
[1] 0.0005784793
[1] -0.01164427
[1] "AdaLSE"
[1] -0.1239721
[1] 0.04650166
[1] 0.9058824

 0  1 
 8 77 
[1] "Fitting mean A"
[1] "Fitting variance A"
[1] "DR"
[1] -0.1351355
[1] 0.04418434
[1] 0.8941176

 0  1 
 9 76 
[1] "se comparison"
[1] 0.05297752
[1] 0.05246304
[1] 86
[1] 0.0005784793
[1] -0.01164427
[1] "AdaLSE"
[1] 0.09387828
[1] 0.04711739
[1] 0.8953488

 0  1 
 9 77 
[1] "Fitting mean A"
[1] "Fitting variance A"
[1] "DR"
[1] 0.0804488
[1] 0.04394006
[1] 0.8837209

 0  1 
10 76 
[1] "se comparison"
[1] 0.05344022
[1] 0.05279871
[1] 87
[1] 0.0005784793
[1] -0.01164427
[1] "AdaLSE"
[1] 0.05870433
[1] 0.04817589
[1] 0.8965517

 0  1 
 9 78 
[1] "Fitting mean A"
[1] "Fitting variance A"
[1] "DR"
[1] 0.05369017
[1] 0.04362117
[1] 0.8850575

 0  1 
10 77 
[1] "se comparison"
[1] 0.05337682
[1] 0.05274951
[1] 88
[1] 0.0005784793
[1] -0.01164427
[1] "AdaLSE"
[1] -0.0434781
[1] 0.04566328
[1] 0.8977273

 0  1 
 9 79 
[1] "Fitting mean A"
[1] "Fitting variance A"
[1] "DR"
[1] -0.04147679
[1] 0.04139553
[1] 0.8863636

 0  1 
10 78 
[1] "se comparison"
[1] 0.05338945
[1] 0.05268487
[1] 89
[1] 0.0005784793
[1] -0.01164427
[1] "AdaLSE"
[1] -0.05771355
[1] 0.04670714
[1] 0.8988764

 0  1 
 9 80 
[1] "Fitting mean A"
[1] "Fitting variance A"
[1] "DR"
[1] -0.05693294
[1] 0.0429447
[1] 0.8876404

 0  1 
10 79 
[1] "se comparison"
[1] 0.05357793
[1] 0.05279508
[1] 90
[1] 0.0005784793
[1] -0.01164427
[1] "AdaLSE"
[1] 0.04055259
[1] 0.04526421
[1] 0.9

 0  1 
 9 81 
[1] "Fitting mean A"
[1] "Fitting variance A"
[1] "DR"
[1] 0.03215762
[1] 0.04041175
[1] 0.8888889

 0  1 
10 80 
[1] "se comparison"
[1] 0.05337392
[1] 0.05257939
[1] 91
[1] 0.0005784793
[1] -0.01164427
[1] "AdaLSE"
[1] -0.01119795
[1] 0.05173112
[1] 0.9010989

 0  1 
 9 82 
[1] "Fitting mean A"
[1] "Fitting variance A"
[1] "DR"
[1] -0.00964139
[1] 0.04572597
[1] 0.8901099

 0  1 
10 81 
[1] "se comparison"
[1] 0.05312416
[1] 0.05230796
[1] 92
[1] 0.0005784793
[1] -0.01164427
[1] "AdaLSE"
[1] 0.02111996
[1] 0.04790005
[1] 0.9021739

 0  1 
 9 83 
[1] "Fitting mean A"
[1] "Fitting variance A"
[1] "DR"
[1] 0.01743982
[1] 0.04502244
[1] 0.8913043

 0  1 
10 82 
[1] "se comparison"
[1] 0.05284416
[1] 0.05203723
[1] 93
[1] 0.0005784793
[1] -0.01164427
[1] "AdaLSE"
[1] -0.008224899
[1] 0.05118839
[1] 0.9032258

 0  1 
 9 84 
[1] "Fitting mean A"
[1] "Fitting variance A"
[1] "DR"
[1] -0.01897621
[1] 0.04620066
[1] 0.8924731

 0  1 
10 83 
[1] "se comparison"
[1] 0.05259064
[1] 0.05181158
[1] 94
[1] 0.0005784793
[1] -0.01164427
[1] "AdaLSE"
[1] -0.02208839
[1] 0.04974303
[1] 0.9042553

 0  1 
 9 85 
[1] "Fitting mean A"
[1] "Fitting variance A"
[1] "DR"
[1] -0.009480703
[1] 0.04576194
[1] 0.893617

 0  1 
10 84 
[1] "se comparison"
[1] 0.05241132
[1] 0.05155213
[1] 95
[1] 0.0005784793
[1] -0.01164427
[1] "AdaLSE"
[1] -0.04921139
[1] 0.04716049
[1] 0.9052632

 0  1 
 9 86 
[1] "Fitting mean A"
[1] "Fitting variance A"
