LOADING R
R LOADED
[1] "/home/lvanderl/Rlibs2"                         
[2] "/app/software/R/4.2.2-foss-2021b/lib/R/library"
[1] "/home/lvanderl/sieveSims"
[1] 1
[1] 0.8271055
[1] 0.8342563
[1] "AdaLSE"
[1] 0.8406719
[1] 0.01794095
[1] 1

1 
1 
[1] "Fitting mean A"
[1] "Fitting variance A"
[1] "DR"
[1] 0.8342232
[1] 0.01680561
[1] 1

1 
1 
[1] "se comparison"
[1] NA
[1] NA
[1] 2
[1] 0.8271055
[1] 0.8342563
[1] "AdaLSE"
[1] 0.8492535
[1] 0.01728115
[1] 1

1 
2 
[1] "Fitting mean A"
[1] "Fitting variance A"
[1] "DR"
[1] 0.8420537
[1] 0.01700271
[1] 1

1 
2 
[1] "se comparison"
[1] 0.00606808
[1] 0.005536999
[1] 3
[1] 0.8271055
[1] 0.8342563
[1] "AdaLSE"
[1] 0.8287748
[1] 0.01715025
[1] 1

1 
3 
[1] "Fitting mean A"
[1] "Fitting variance A"
[1] "DR"
[1] 0.8298306
[1] 0.0160319
[1] 1

1 
3 
[1] "se comparison"
[1] 0.01028398
[1] 0.006191599
[1] 4
[1] 0.8271055
[1] 0.8342563
[1] "AdaLSE"
[1] 0.8490359
[1] 0.01823238
[1] 1

1 
4 
[1] "Fitting mean A"
[1] "Fitting variance A"
[1] "DR"
[1] 0.8411907
[1] 0.01782751
[1] 1

1 
4 
[1] "se comparison"
[1] 0.009639667
[1] 0.005833518
[1] 5
[1] 0.8271055
[1] 0.8342563
[1] "AdaLSE"
[1] 0.8387402
[1] 0.01859949
[1] 1

1 
5 
[1] "Fitting mean A"
[1] "Fitting variance A"
[1] "DR"
[1] 0.8347336
[1] 0.01780335
[1] 1

1 
5 
[1] "se comparison"
[1] 0.008469501
[1] 0.005137785
[1] 6
[1] 0.8271055
[1] 0.8342563
[1] "AdaLSE"
[1] 0.8078004
[1] 0.0170664
[1] 1

1 
6 
[1] "Fitting mean A"
[1] "Fitting variance A"
[1] "DR"
[1] 0.806556
[1] 0.01605893
[1] 1

1 
6 
[1] "se comparison"
[1] 0.01563234
[1] 0.013024
[1] 7
[1] 0.8271055
[1] 0.8342563
[1] "AdaLSE"
[1] 0.8062191
[1] 0.01804783
[1] 1

1 
7 
[1] "Fitting mean A"
[1] "Fitting variance A"
[1] "DR"
[1] 0.8056127
[1] 0.017202
[1] 1

1 
7 
[1] "se comparison"
[1] 0.01810828
[1] 0.01538123
[1] 8
[1] 0.8271055
[1] 0.8342563
[1] "AdaLSE"
[1] 0.8247079
[1] 0.01719079
[1] 1

1 
8 
[1] "Fitting mean A"
[1] "Fitting variance A"
[1] "DR"
[1] 0.819224
[1] 0.01634205
[1] 1

1 
8 
[1] "se comparison"
[1] 0.01693609
[1] 0.01455529
[1] 9
[1] 0.8271055
[1] 0.8342563
[1] "AdaLSE"
[1] 0.8299406
[1] 0.01828389
[1] 1

1 
9 
[1] "Fitting mean A"
[1] "Fitting variance A"
[1] "DR"
[1] 0.8266116
[1] 0.01768101
[1] 1

1 
9 
[1] "se comparison"
[1] 0.01584403
[1] 0.01361524
[1] 10
[1] 0.8271055
[1] 0.8342563
[1] "AdaLSE"
[1] 0.8408005
[1] 0.01762345
[1] 1

 1 
10 
[1] "Fitting mean A"
[1] "Fitting variance A"
[1] "DR"
[1] 0.8335501
[1] 0.01768846
[1] 1

 1 
10 
[1] "se comparison"
[1] 0.0152841
[1] 0.01301961
[1] 11
[1] 0.8271055
[1] 0.8342563
[1] "AdaLSE"
[1] 0.8356763
[1] 0.01673133
[1] 1

 1 
11 
[1] "Fitting mean A"
[1] "Fitting variance A"
[1] "DR"
[1] 0.8333301
[1] 0.01594789
[1] 1

 1 
11 
[1] "se comparison"
[1] 0.01455191
[1] 0.01248203
[1] 12
[1] 0.8271055
[1] 0.8342563
[1] "AdaLSE"
[1] 0.8339987
[1] 0.01691687
[1] 1

 1 
12 
[1] "Fitting mean A"
[1] "Fitting variance A"
[1] "DR"
[1] 0.8320392
[1] 0.01615261
[1] 1

 1 
12 
[1] "se comparison"
[1] 0.01388711
[1] 0.01196094
[1] 13
[1] 0.8271055
[1] 0.8342563
[1] "AdaLSE"
[1] 0.83634
[1] 0.01739111
[1] 1

 1 
13 
[1] "Fitting mean A"
[1] "Fitting variance A"
[1] "DR"
[1] 0.8257356
[1] 0.01716631
[1] 1

 1 
13 
[1] "se comparison"
[1] 0.01334694
[1] 0.01147288
[1] 14
[1] 0.8271055
[1] 0.8342563
[1] "AdaLSE"
[1] 0.8245479
[1] 0.0167043
[1] 1

 1 
14 
[1] "Fitting mean A"
[1] "Fitting variance A"
[1] "DR"
[1] 0.8237803
[1] 0.01623425
[1] 1

 1 
14 
[1] "se comparison"
[1] 0.01299645
[1] 0.01108178
[1] 15
[1] 0.8271055
[1] 0.8342563
[1] "AdaLSE"
[1] 0.831931
[1] 0.01744048
[1] 1

 1 
15 
[1] "Fitting mean A"
[1] "Fitting variance A"
[1] "DR"
[1] 0.8205084
[1] 0.01701263
[1] 1

 1 
15 
[1] "se comparison"
[1] 0.01252369
[1] 0.01084104
[1] 16
[1] 0.8271055
[1] 0.8342563
[1] "AdaLSE"
[1] 0.8452382
[1] 0.01670876
[1] 1

 1 
16 
[1] "Fitting mean A"
[1] "Fitting variance A"
[1] "DR"
[1] 0.8424368
[1] 0.01590837
[1] 1

 1 
16 
[1] "se comparison"
[1] 0.01255041
[1] 0.01113907
[1] 17
[1] 0.8271055
[1] 0.8342563
[1] "AdaLSE"
[1] 0.817906
[1] 0.01774905
[1] 1

 1 
17 
[1] "Fitting mean A"
[1] "Fitting variance A"
[1] "DR"
[1] 0.8119893
[1] 0.01687796
[1] 1

 1 
17 
[1] "se comparison"
[1] 0.01267258
[1] 0.01148076
[1] 18
[1] 0.8271055
[1] 0.8342563
[1] "AdaLSE"
[1] 0.8270028
[1] 0.01710095
[1] 1

 1 
18 
[1] "Fitting mean A"
[1] "Fitting variance A"
[1] "DR"
[1] 0.8204715
[1] 0.01614133
[1] 1

 1 
18 
[1] "se comparison"
[1] 0.01234735
[1] 0.01125229
[1] 19
[1] 0.8271055
[1] 0.8342563
[1] "AdaLSE"
[1] 0.8391234
[1] 0.01820364
[1] 1

 1 
19 
[1] "Fitting mean A"
[1] "Fitting variance A"
[1] "DR"
[1] 0.8346576
[1] 0.01797797
[1] 1

 1 
19 
[1] "se comparison"
[1] 0.01212335
[1] 0.0110798
[1] 20
[1] 0.8271055
[1] 0.8342563
[1] "AdaLSE"
[1] 0.8112001
[1] 0.01723128
[1] 1

 1 
20 
[1] "Fitting mean A"
[1] "Fitting variance A"
[1] "DR"
[1] 0.8062223
[1] 0.01680941
[1] 1

 1 
20 
[1] "se comparison"
[1] 0.01268228
[1] 0.01176843
[1] 21
[1] 0.8271055
[1] 0.8342563
[1] "AdaLSE"
[1] 0.8177922
[1] 0.01832545
[1] 1

 1 
21 
[1] "Fitting mean A"
[1] "Fitting variance A"
[1] "DR"
[1] 0.8166667
[1] 0.01760434
[1] 1

 1 
21 
[1] "se comparison"
[1] 0.01269002
[1] 0.01165905
[1] 22
[1] 0.8271055
[1] 0.8342563
[1] "AdaLSE"
[1] 0.870854
[1] 0.0172461
[1] 0.9545455

 0  1 
 1 21 
[1] "Fitting mean A"
[1] "Fitting variance A"
[1] "DR"
[1] 0.8609842
[1] 0.0164391
[1] 1

 1 
22 
[1] "se comparison"
[1] 0.01510143
[1] 0.01363038
[1] 23
[1] 0.8271055
[1] 0.8342563
[1] "AdaLSE"
[1] 0.8313477
[1] 0.01799408
[1] 0.9565217

 0  1 
 1 22 
[1] "Fitting mean A"
[1] "Fitting variance A"
[1] "DR"
[1] 0.8292814
[1] 0.01721412
[1] 1

 1 
23 
[1] "se comparison"
[1] 0.0147552
[1] 0.01332288
[1] 24
[1] 0.8271055
[1] 0.8342563
[1] "AdaLSE"
[1] 0.8227308
[1] 0.01714545
[1] 0.9583333

 0  1 
 1 23 
[1] "Fitting mean A"
[1] "Fitting variance A"
[1] "DR"
[1] 0.8177368
[1] 0.01662084
[1] 1

 1 
24 
[1] "se comparison"
[1] 0.01455775
[1] 0.01318047
[1] 25
[1] 0.8271055
[1] 0.8342563
[1] "AdaLSE"
[1] 0.8185377
[1] 0.01898564
[1] 0.96

 0  1 
 1 24 
[1] "Fitting mean A"
[1] "Fitting variance A"
[1] "DR"
[1] 0.8146524
[1] 0.01751763
[1] 1

 1 
25 
[1] "se comparison"
[1] 0.01449359
[1] 0.0131394
[1] 26
[1] 0.8271055
[1] 0.8342563
[1] "AdaLSE"
[1] 0.8454649
[1] 0.0184252
[1] 0.9615385

 0  1 
 1 25 
[1] "Fitting mean A"
[1] "Fitting variance A"
[1] "DR"
[1] 0.8443406
[1] 0.01706809
[1] 1

 1 
26 
[1] "se comparison"
[1] 0.01447344
[1] 0.01333766
[1] 27
[1] 0.8271055
[1] 0.8342563
[1] "AdaLSE"
[1] 0.8254952
[1] 0.01642814
[1] 0.962963

 0  1 
 1 26 
[1] "Fitting mean A"
[1] "Fitting variance A"
[1] "DR"
[1] 0.8158675
[1] 0.01647128
[1] 1

 1 
27 
[1] "se comparison"
[1] 0.01424342
[1] 0.01326074
[1] 28
[1] 0.8271055
[1] 0.8342563
[1] "AdaLSE"
[1] 0.8501223
[1] 0.01794725
[1] 0.9642857

 0  1 
 1 27 
[1] "Fitting mean A"
[1] "Fitting variance A"
[1] "DR"
[1] 0.8402286
[1] 0.01735828
[1] 1

 1 
28 
[1] "se comparison"
[1] 0.01441233
[1] 0.01325708
[1] 29
[1] 0.8271055
[1] 0.8342563
[1] "AdaLSE"
[1] 0.8316644
[1] 0.01844965
[1] 0.9655172

 0  1 
 1 28 
[1] "Fitting mean A"
[1] "Fitting variance A"
[1] "DR"
[1] 0.8302836
[1] 0.01708006
[1] 1

 1 
29 
[1] "se comparison"
[1] 0.01415297
[1] 0.01302995
[1] 30
[1] 0.8271055
[1] 0.8342563
[1] "AdaLSE"
[1] 0.8333047
[1] 0.01806204
[1] 0.9666667

 0  1 
 1 29 
[1] "Fitting mean A"
[1] "Fitting variance A"
[1] "DR"
[1] 0.8300307
[1] 0.01725186
[1] 1

 1 
30 
[1] "se comparison"
[1] 0.01390835
[1] 0.01281228
[1] 31
[1] 0.8271055
[1] 0.8342563
[1] "AdaLSE"
[1] 0.8160049
[1] 0.01752983
[1] 0.9677419

 0  1 
 1 30 
[1] "Fitting mean A"
[1] "Fitting variance A"
[1] "DR"
[1] 0.8147026
[1] 0.01711364
[1] 1

 1 
31 
[1] "se comparison"
[1] 0.01398079
[1] 0.01280473
[1] 32
[1] 0.8271055
[1] 0.8342563
[1] "AdaLSE"
[1] 0.8688729
[1] 0.01736207
[1] 0.9375

 0  1 
 2 30 
[1] "Fitting mean A"
[1] "Fitting variance A"
[1] "DR"
[1] 0.8613122
[1] 0.01713875
[1] 1

 1 
32 
[1] "se comparison"
[1] 0.01524385
[1] 0.01397456
[1] 33
[1] 0.8271055
[1] 0.8342563
[1] "AdaLSE"
[1] 0.8097099
[1] 0.01772079
[1] 0.9393939

 0  1 
 2 31 
[1] "Fitting mean A"
[1] "Fitting variance A"
[1] "DR"
[1] 0.8065133
[1] 0.01643044
[1] 1

 1 
33 
[1] "se comparison"
[1] 0.01553496
[1] 0.01426092
[1] 34
[1] 0.8271055
[1] 0.8342563
[1] "AdaLSE"
[1] 0.8605487
[1] 0.01738252
[1] 0.9411765

 0  1 
 2 32 
[1] "Fitting mean A"
[1] "Fitting variance A"
[1] "DR"
[1] 0.8564328
[1] 0.01649315
[1] 1

 1 
34 
[1] "se comparison"
[1] 0.01605457
[1] 0.01489426
[1] 35
[1] 0.8271055
[1] 0.8342563
[1] "AdaLSE"
[1] 0.8473357
[1] 0.018105
[1] 0.9428571

 0  1 
 2 33 
[1] "Fitting mean A"
[1] "Fitting variance A"
[1] "DR"
[1] 0.8435227
[1] 0.01683921
[1] 1

 1 
35 
[1] "se comparison"
[1] 0.01600173
[1] 0.01489613
[1] 36
[1] 0.8271055
[1] 0.8342563
[1] "AdaLSE"
[1] 0.8399695
[1] 0.01790808
[1] 0.9444444

 0  1 
 2 34 
[1] "Fitting mean A"
[1] "Fitting variance A"
[1] "DR"
[1] 0.8341656
[1] 0.01723471
[1] 1

 1 
36 
[1] "se comparison"
[1] 0.01580954
[1] 0.01470919
[1] 37
[1] 0.8271055
[1] 0.8342563
[1] "AdaLSE"
[1] 0.8253859
[1] 0.01798259
[1] 0.9459459

 0  1 
 2 35 
[1] "Fitting mean A"
[1] "Fitting variance A"
[1] "DR"
[1] 0.8250369
[1] 0.01650424
[1] 1

 1 
37 
[1] "se comparison"
[1] 0.01564643
[1] 0.01451758
[1] 38
[1] 0.8271055
[1] 0.8342563
[1] "AdaLSE"
[1] 0.8456722
[1] 0.01705822
[1] 0.9473684

 0  1 
 2 36 
[1] "Fitting mean A"
[1] "Fitting variance A"
[1] "DR"
[1] 0.839811
[1] 0.01643287
[1] 1

 1 
38 
[1] "se comparison"
[1] 0.0155624
[1] 0.01443052
[1] 39
[1] 0.8271055
[1] 0.8342563
[1] "AdaLSE"
[1] 0.8198801
[1] 0.01631014
[1] 0.9487179

 0  1 
 2 37 
[1] "Fitting mean A"
[1] "Fitting variance A"
[1] "DR"
[1] 0.8205736
[1] 0.01595513
[1] 1

 1 
39 
[1] "se comparison"
[1] 0.01551437
[1] 0.0143049
[1] 40
[1] 0.8271055
[1] 0.8342563
[1] "AdaLSE"
[1] 0.8759147
[1] 0.0178131
[1] 0.925

 0  1 
 3 37 
[1] "Fitting mean A"
[1] "Fitting variance A"
[1] "DR"
[1] 0.8725591
[1] 0.01689483
[1] 0.975

 0  1 
 1 39 
[1] "se comparison"
[1] 0.01672946
[1] 0.01571774
[1] 41
[1] 0.8271055
[1] 0.8342563
[1] "AdaLSE"
[1] 0.8477951
[1] 0.018023
[1] 0.9268293

 0  1 
 3 38 
[1] "Fitting mean A"
[1] "Fitting variance A"
[1] "DR"
[1] 0.8395205
[1] 0.01731214
[1] 0.9756098

 0  1 
 1 40 
[1] "se comparison"
[1] 0.01665119
[1] 0.01559129
[1] 42
[1] 0.8271055
[1] 0.8342563
[1] "AdaLSE"
[1] 0.8565241
[1] 0.01731581
[1] 0.9285714

 0  1 
 3 39 
[1] "Fitting mean A"
[1] "Fitting variance A"
[1] "DR"
[1] 0.8493136
[1] 0.01724813
[1] 0.9761905

 0  1 
 1 41 
[1] "se comparison"
[1] 0.01678763
[1] 0.01567929
[1] 43
[1] 0.8271055
[1] 0.8342563
[1] "AdaLSE"
[1] 0.8288256
[1] 0.01819966
[1] 0.9302326

 0  1 
 3 40 
[1] "Fitting mean A"
[1] "Fitting variance A"
[1] "DR"
[1] 0.8256095
[1] 0.01750975
[1] 0.9767442

 0  1 
 1 42 
[1] "se comparison"
[1] 0.01661534
[1] 0.01551075
[1] 44
[1] 0.8271055
[1] 0.8342563
[1] "AdaLSE"
[1] 0.8574398
[1] 0.01842976
[1] 0.9318182

 0  1 
 3 41 
[1] "Fitting mean A"
[1] "Fitting variance A"
[1] "DR"
[1] 0.8533222
[1] 0.01766517
[1] 0.9772727

 0  1 
 1 43 
[1] "se comparison"
[1] 0.01676325
[1] 0.01570885
[1] 45
[1] 0.8271055
[1] 0.8342563
[1] "AdaLSE"
[1] 0.835476
[1] 0.01717971
[1] 0.9333333

 0  1 
 3 42 
[1] "Fitting mean A"
[1] "Fitting variance A"
[1] "DR"
[1] 0.8312197
[1] 0.01662767
[1] 0.9777778

 0  1 
 1 44 
[1] "se comparison"
[1] 0.01657168
[1] 0.01552933
[1] 46
[1] 0.8271055
[1] 0.8342563
[1] "AdaLSE"
[1] 0.8325185
[1] 0.01824142
[1] 0.9347826

 0  1 
 3 43 
[1] "Fitting mean A"
[1] "Fitting variance A"
[1] "DR"
[1] 0.8229004
[1] 0.017728
[1] 0.9782609

 0  1 
 1 45 
[1] "se comparison"
[1] 0.01639277
[1] 0.01540306
[1] 47
[1] 0.8271055
[1] 0.8342563
[1] "AdaLSE"
[1] 0.8303085
[1] 0.01741315
[1] 0.9361702

 0  1 
 3 44 
[1] "Fitting mean A"
[1] "Fitting variance A"
[1] "DR"
[1] 0.8275606
[1] 0.01680239
[1] 0.9787234

 0  1 
 1 46 
[1] "se comparison"
[1] 0.01623145
[1] 0.01524249
[1] 48
[1] 0.8271055
[1] 0.8342563
[1] "AdaLSE"
[1] 0.8346924
[1] 0.01877873
[1] 0.9375

 0  1 
 3 45 
[1] "Fitting mean A"
[1] "Fitting variance A"
[1] "DR"
[1] 0.8285274
[1] 0.01796531
[1] 0.9791667

 0  1 
 1 47 
[1] "se comparison"
[1] 0.01605818
[1] 0.01508312
[1] 49
[1] 0.8271055
[1] 0.8342563
[1] "AdaLSE"
[1] 0.8287638
[1] 0.01722183
[1] 0.9387755

 0  1 
 3 46 
[1] "Fitting mean A"
[1] "Fitting variance A"
[1] "DR"
[1] 0.8265861
[1] 0.01649337
[1] 0.9795918

 0  1 
 1 48 
[1] "se comparison"
[1] 0.01591826
[1] 0.0149372
[1] 50
[1] 0.8271055
[1] 0.8342563
[1] "AdaLSE"
[1] 0.8382364
[1] 0.01764171
[1] 0.94

 0  1 
 3 47 
[1] "Fitting mean A"
[1] "Fitting variance A"
[1] "DR"
[1] 0.8336637
[1] 0.01685641
[1] 0.98

 0  1 
 1 49 
[1] "se comparison"
[1] 0.01576061
[1] 0.01478996
[1] 51
[1] 0.8271055
[1] 0.8342563
[1] "AdaLSE"
[1] 0.8245965
[1] 0.01721349
[1] 0.9411765

 0  1 
 3 48 
[1] "Fitting mean A"
[1] "Fitting variance A"
[1] "DR"
[1] 0.8210764
[1] 0.01685364
[1] 0.9803922

 0  1 
 1 50 
[1] "se comparison"
[1] 0.01567432
[1] 0.01470389
[1] 52
[1] 0.8271055
[1] 0.8342563
[1] "AdaLSE"
[1] 0.8199205
[1] 0.01815189
[1] 0.9423077

 0  1 
 3 49 
[1] "Fitting mean A"
[1] "Fitting variance A"
[1] "DR"
[1] 0.8176403
[1] 0.01658976
[1] 0.9807692

 0  1 
 1 51 
[1] "se comparison"
[1] 0.01566222
[1] 0.01466891
[1] 53
[1] 0.8271055
[1] 0.8342563
[1] "AdaLSE"
[1] 0.8406672
[1] 0.01815611
[1] 0.9433962

 0  1 
 3 50 
[1] "Fitting mean A"
[1] "Fitting variance A"
[1] "DR"
[1] 0.8351784
[1] 0.01721115
[1] 0.9811321

 0  1 
 1 52 
[1] "se comparison"
[1] 0.01553167
[1] 0.01454253
[1] 54
[1] 0.8271055
[1] 0.8342563
[1] "AdaLSE"
[1] 0.8493341
[1] 0.01809237
[1] 0.9444444

 0  1 
 3 51 
[1] "Fitting mean A"
[1] "Fitting variance A"
[1] "DR"
[1] 0.8453362
[1] 0.01705332
[1] 0.9814815

 0  1 
 1 53 
[1] "se comparison"
[1] 0.01550882
[1] 0.01454724
[1] 55
[1] 0.8271055
[1] 0.8342563
[1] "AdaLSE"
[1] 0.8391254
[1] 0.01784154
[1] 0.9454545

 0  1 
 3 52 
[1] "Fitting mean A"
[1] "Fitting variance A"
[1] "DR"
[1] 0.8359048
[1] 0.01700904
[1] 0.9818182

 0  1 
 1 54 
[1] "se comparison"
[1] 0.01537368
[1] 0.0144291
[1] 56
[1] 0.8271055
[1] 0.8342563
[1] "AdaLSE"
[1] 0.8490737
[1] 0.01705781
[1] 0.9464286

 0  1 
 3 53 
[1] "Fitting mean A"
[1] "Fitting variance A"
[1] "DR"
[1] 0.8411057
[1] 0.01632817
[1] 0.9821429

 0  1 
 1 55 
[1] "se comparison"
[1] 0.01534458
[1] 0.01436377
[1] 57
[1] 0.8271055
[1] 0.8342563
[1] "AdaLSE"
[1] 0.8332158
[1] 0.01731591
[1] 0.9473684

 0  1 
 3 54 
[1] "Fitting mean A"
[1] "Fitting variance A"
[1] "DR"
[1] 0.8270303
[1] 0.0164015
[1] 0.9824561

 0  1 
 1 56 
[1] "se comparison"
[1] 0.01521001
[1] 0.01424447
[1] 58
[1] 0.8271055
[1] 0.8342563
[1] "AdaLSE"
[1] 0.8343648
[1] 0.01743989
[1] 0.9482759

 0  1 
 3 55 
[1] "Fitting mean A"
[1] "Fitting variance A"
[1] "DR"
[1] 0.8306054
[1] 0.01648595
[1] 0.9827586

 0  1 
 1 57 
[1] "se comparison"
[1] 0.0150767
[1] 0.01411902
[1] 59
[1] 0.8271055
[1] 0.8342563
[1] "AdaLSE"
[1] 0.8540242
[1] 0.01768645
[1] 0.9491525

 0  1 
 3 56 
[1] "Fitting mean A"
[1] "Fitting variance A"
[1] "DR"
[1] 0.848616
[1] 0.01697458
[1] 0.9830508

 0  1 
 1 58 
[1] "se comparison"
[1] 0.01514041
[1] 0.01418576
[1] 60
[1] 0.8271055
[1] 0.8342563
[1] "AdaLSE"
[1] 0.8030928
[1] 0.01776429
[1] 0.95

 0  1 
 3 57 
[1] "Fitting mean A"
[1] "Fitting variance A"
[1] "DR"
[1] 0.7988942
[1] 0.01739161
[1] 0.9666667

 0  1 
 2 58 
[1] "se comparison"
[1] 0.01559305
[1] 0.01466997
[1] 61
[1] 0.8271055
[1] 0.8342563
[1] "AdaLSE"
[1] 0.8191175
[1] 0.01796305
[1] 0.9508197

 0  1 
 3 58 
[1] "Fitting mean A"
[1] "Fitting variance A"
[1] "DR"
[1] 0.818791
[1] 0.01673737
[1] 0.9672131

 0  1 
 2 59 
[1] "se comparison"
[1] 0.0155995
[1] 0.01462625
[1] 62
[1] 0.8271055
[1] 0.8342563
[1] "AdaLSE"
[1] 0.8202982
[1] 0.01813278
[1] 0.9516129

 0  1 
 3 59 
[1] "Fitting mean A"
[1] "Fitting variance A"
[1] "DR"
[1] 0.818927
[1] 0.01715363
[1] 0.9677419

 0  1 
 2 60 
[1] "se comparison"
[1] 0.01558277
[1] 0.01457959
[1] 63
[1] 0.8271055
[1] 0.8342563
[1] "AdaLSE"
[1] 0.8228213
[1] 0.01720831
[1] 0.952381

 0  1 
 3 60 
[1] "Fitting mean A"
[1] "Fitting variance A"
[1] "DR"
[1] 0.8219498
[1] 0.01644819
[1] 0.968254

 0  1 
 2 61 
[1] "se comparison"
[1] 0.01552918
[1] 0.01449948
[1] 64
[1] 0.8271055
[1] 0.8342563
[1] "AdaLSE"
[1] 0.8140259
[1] 0.01761286
[1] 0.953125

 0  1 
 3 61 
[1] "Fitting mean A"
[1] "Fitting variance A"
[1] "DR"
[1] 0.812659
[1] 0.016538
[1] 0.96875

 0  1 
 2 62 
[1] "se comparison"
[1] 0.01561731
[1] 0.01454895
[1] 65
[1] 0.8271055
[1] 0.8342563
[1] "AdaLSE"
[1] 0.8378916
[1] 0.0179958
[1] 0.9538462

 0  1 
 3 62 
[1] "Fitting mean A"
[1] "Fitting variance A"
[1] "DR"
[1] 0.8317155
[1] 0.01757216
[1] 0.9692308

 0  1 
 2 63 
[1] "se comparison"
[1] 0.01550152
[1] 0.01443666
[1] 66
[1] 0.8271055
[1] 0.8342563
[1] "AdaLSE"
[1] 0.8547804
[1] 0.0184278
[1] 0.9545455

 0  1 
 3 63 
[1] "Fitting mean A"
[1] "Fitting variance A"
[1] "DR"
[1] 0.8512781
[1] 0.01785436
[1] 0.969697

 0  1 
 2 64 
[1] "se comparison"
[1] 0.01558759
[1] 0.014565
[1] 67
[1] 0.8271055
[1] 0.8342563
[1] "AdaLSE"
[1] 0.8268927
[1] 0.0179773
[1] 0.9552239

 0  1 
 3 64 
[1] "Fitting mean A"
[1] "Fitting variance A"
[1] "DR"
[1] 0.8259684
[1] 0.01631389
[1] 0.9701493

 0  1 
 2 65 
[1] "se comparison"
[1] 0.01549756
[1] 0.01446356
[1] 68
[1] 0.8271055
[1] 0.8342563
[1] "AdaLSE"
[1] 0.8471968
[1] 0.01770616
[1] 0.9558824

 0  1 
 3 65 
[1] "Fitting mean A"
[1] "Fitting variance A"
[1] "DR"
[1] 0.8408063
[1] 0.01700842
[1] 0.9705882

 0  1 
 2 66 
[1] "se comparison"
[1] 0.01545873
[1] 0.01441321
[1] 69
[1] 0.8271055
[1] 0.8342563
[1] "AdaLSE"
[1] 0.8517821
[1] 0.01667314
[1] 0.9565217

 0  1 
 3 66 
[1] "Fitting mean A"
[1] "Fitting variance A"
[1] "DR"
[1] 0.8429076
[1] 0.01613927
[1] 0.9710145

 0  1 
 2 67 
[1] "se comparison"
[1] 0.01548255
[1] 0.01438698
[1] 70
[1] 0.8271055
[1] 0.8342563
[1] "AdaLSE"
[1] 0.8610809
[1] 0.01767357
[1] 0.9571429

 0  1 
 3 67 
[1] "Fitting mean A"
[1] "Fitting variance A"
[1] "DR"
[1] 0.8583632
[1] 0.01686027
[1] 0.9714286

 0  1 
 2 68 
[1] "se comparison"
[1] 0.01568518
[1] 0.01466565
[1] 71
[1] 0.8271055
[1] 0.8342563
[1] "AdaLSE"
[1] 0.8234573
[1] 0.01804799
[1] 0.9577465

 0  1 
 3 68 
[1] "Fitting mean A"
[1] "Fitting variance A"
[1] "DR"
[1] 0.8236866
[1] 0.01673312
[1] 0.971831

 0  1 
 2 69 
[1] "se comparison"
[1] 0.01563579
[1] 0.0145856
[1] 72
[1] 0.8271055
[1] 0.8342563
[1] "AdaLSE"
[1] 0.8426424
[1] 0.01823445
[1] 0.9583333

 0  1 
 3 69 
[1] "Fitting mean A"
[1] "Fitting variance A"
[1] "DR"
[1] 0.8340757
[1] 0.01757598
[1] 0.9722222

 0  1 
 2 70 
[1] "se comparison"
[1] 0.01555064
[1] 0.0144877
[1] 73
[1] 0.8271055
[1] 0.8342563
[1] "AdaLSE"
[1] 0.8195377
[1] 0.0178087
[1] 0.9589041

 0  1 
 3 70 
[1] "Fitting mean A"
[1] "Fitting variance A"
[1] "DR"
[1] 0.8184907
[1] 0.01674463
[1] 0.9726027

 0  1 
 2 71 
[1] "se comparison"
[1] 0.01555091
[1] 0.01445911
[1] 74
[1] 0.8271055
[1] 0.8342563
[1] "AdaLSE"
[1] 0.8572424
[1] 0.018605
[1] 0.9594595

 0  1 
 3 71 
[1] "Fitting mean A"
[1] "Fitting variance A"
[1] "DR"
[1] 0.8513379
[1] 0.01741633
[1] 0.972973

 0  1 
 2 72 
[1] "se comparison"
[1] 0.01565897
[1] 0.0145594
[1] 75
[1] 0.8271055
[1] 0.8342563
[1] "AdaLSE"
[1] 0.8634315
[1] 0.01813842
[1] 0.96

 0  1 
 3 72 
[1] "Fitting mean A"
[1] "Fitting variance A"
[1] "DR"
[1] 0.8547205
[1] 0.0176523
[1] 0.9733333

 0  1 
 2 73 
[1] "se comparison"
[1] 0.01588838
[1] 0.01471896
[1] 76
[1] 0.8271055
[1] 0.8342563
[1] "AdaLSE"
[1] 0.8340567
[1] 0.01763357
[1] 0.9605263

 0  1 
 3 73 
[1] "Fitting mean A"
[1] "Fitting variance A"
[1] "DR"
[1] 0.8319465
[1] 0.016944
[1] 0.9736842

 0  1 
 2 74 
[1] "se comparison"
[1] 0.0157832
[1] 0.01462072
[1] 77
[1] 0.8271055
[1] 0.8342563
[1] "AdaLSE"
[1] 0.8209944
[1] 0.01758605
[1] 0.961039

 0  1 
 3 74 
[1] "Fitting mean A"
[1] "Fitting variance A"
[1] "DR"
[1] 0.8182834
[1] 0.01731439
[1] 0.974026

 0  1 
 2 75 
[1] "se comparison"
[1] 0.01576778
[1] 0.01459944
[1] 78
[1] 0.8271055
[1] 0.8342563
[1] "AdaLSE"
[1] 0.8494142
[1] 0.01837509
[1] 0.9615385

 0  1 
 3 75 
[1] "Fitting mean A"
[1] "Fitting variance A"
[1] "DR"
[1] 0.8371794
[1] 0.01771776
[1] 0.974359

 0  1 
 2 76 
[1] "se comparison"
[1] 0.01574448
[1] 0.01452064
[1] 79
[1] 0.8271055
[1] 0.8342563
[1] "AdaLSE"
[1] 0.8341416
[1] 0.01740622
[1] 0.9620253

 0  1 
 3 76 
[1] "Fitting mean A"
[1] "Fitting variance A"
[1] "DR"
[1] 0.8326211
[1] 0.01673228
[1] 0.9746835

 0  1 
 2 77 
[1] "se comparison"
[1] 0.01564414
[1] 0.01442817
[1] 80
[1] 0.8271055
[1] 0.8342563
[1] "AdaLSE"
[1] 0.8400128
[1] 0.01860691
[1] 0.9625

 0  1 
 3 77 
[1] "Fitting mean A"
[1] "Fitting variance A"
[1] "DR"
[1] 0.8371275
[1] 0.01801952
[1] 0.975

 0  1 
 2 78 
[1] "se comparison"
[1] 0.01555256
[1] 0.01435187
[1] 81
[1] 0.8271055
[1] 0.8342563
[1] "AdaLSE"
[1] 0.8370479
[1] 0.01729424
[1] 0.962963

 0  1 
 3 78 
[1] "Fitting mean A"
[1] "Fitting variance A"
[1] "DR"
[1] 0.8344297
[1] 0.0166284
[1] 0.9753086

 0  1 
 2 79 
[1] "se comparison"
[1] 0.01545579
[1] 0.0142662
[1] 82
[1] 0.8271055
[1] 0.8342563
[1] "AdaLSE"
[1] 0.8336707
[1] 0.01769626
[1] 0.9634146

 0  1 
 3 79 
[1] "Fitting mean A"
[1] "Fitting variance A"
[1] "DR"
[1] 0.8323028
[1] 0.01685923
[1] 0.9756098

 0  1 
 2 80 
[1] "se comparison"
[1] 0.01536172
[1] 0.01417828
[1] 83
[1] 0.8271055
[1] 0.8342563
[1] "AdaLSE"
[1] 0.8564712
[1] 0.01819412
[1] 0.9638554

 0  1 
 3 80 
[1] "Fitting mean A"
[1] "Fitting variance A"
[1] "DR"
[1] 0.8536165
[1] 0.01724444
[1] 0.9759036

 0  1 
 2 81 
[1] "se comparison"
[1] 0.01543752
[1] 0.01430242
[1] 84
[1] 0.8271055
[1] 0.8342563
[1] "AdaLSE"
[1] 0.8466701
[1] 0.01821256
[1] 0.9642857

 0  1 
 3 81 
[1] "Fitting mean A"
[1] "Fitting variance A"
[1] "DR"
[1] 0.8402463
[1] 0.01773494
[1] 0.9761905

 0  1 
 2 82 
[1] "se comparison"
[1] 0.01538899
[1] 0.01424731
[1] 85
[1] 0.8271055
[1] 0.8342563
[1] "AdaLSE"
[1] 0.8038483
[1] 0.01801756
[1] 0.9647059

 0  1 
 3 82 
[1] "Fitting mean A"
[1] "Fitting variance A"
[1] "DR"
[1] 0.7928256
[1] 0.01758103
[1] 0.9647059

 0  1 
 3 82 
[1] "se comparison"
[1] 0.0156908
[1] 0.01477651
[1] 86
[1] 0.8271055
[1] 0.8342563
[1] "AdaLSE"
[1] 0.811047
[1] 0.01826323
[1] 0.9651163

 0  1 
 3 83 
[1] "Fitting mean A"
[1] "Fitting variance A"
[1] "DR"
[1] 0.8058864
[1] 0.01717441
[1] 0.9651163

 0  1 
 3 83 
[1] "se comparison"
[1] 0.01582261
[1] 0.01494157
[1] 87
[1] 0.8271055
[1] 0.8342563
[1] "AdaLSE"
[1] 0.8783364
[1] 0.01679446
[1] 0.954023

 0  1 
 4 83 
[1] "Fitting mean A"
[1] "Fitting variance A"
[1] "DR"
[1] 0.8755567
[1] 0.01568383
[1] 0.954023

 0  1 
 4 83 
[1] "se comparison"
[1] 0.01639052
[1] 0.01560548
[1] 88
[1] 0.8271055
[1] 0.8342563
[1] "AdaLSE"
[1] 0.8774124
[1] 0.0189841
[1] 0.9431818

 0  1 
 5 83 
[1] "Fitting mean A"
[1] "Fitting variance A"
[1] "DR"
[1] 0.8680658
[1] 0.01845942
[1] 0.9545455

 0  1 
 4 84 
[1] "se comparison"
[1] 0.01688681
[1] 0.01599879
[1] 89
[1] 0.8271055
[1] 0.8342563
[1] "AdaLSE"
[1] 0.8240483
[1] 0.01732494
[1] 0.9438202

 0  1 
 5 84 
[1] "Fitting mean A"
[1] "Fitting variance A"
[1] "DR"
[1] 0.8152066
[1] 0.01676537
[1] 0.9550562

 0  1 
 4 85 
[1] "se comparison"
[1] 0.01684115
[1] 0.01600543
[1] 90
[1] 0.8271055
[1] 0.8342563
[1] "AdaLSE"
[1] 0.8504637
[1] 0.01779687
[1] 0.9444444

 0  1 
 5 85 
[1] "Fitting mean A"
[1] "Fitting variance A"
[1] "DR"
[1] 0.8471698
[1] 0.0168911
[1] 0.9555556

 0  1 
 4 86 
[1] "se comparison"
[1] 0.01681351
[1] 0.01599873
[1] 91
[1] 0.8271055
[1] 0.8342563
[1] "AdaLSE"
[1] 0.8135961
[1] 0.01717572
[1] 0.9450549

 0  1 
 5 86 
[1] "Fitting mean A"
[1] "Fitting variance A"
[1] "DR"
[1] 0.8120412
[1] 0.01672771
[1] 0.956044

 0  1 
 4 87 
[1] "se comparison"
[1] 0.01688943
[1] 0.01604465
[1] 92
[1] 0.8271055
[1] 0.8342563
[1] "AdaLSE"
[1] 0.8428454
[1] 0.0173425
[1] 0.9456522

 0  1 
 5 87 
[1] "Fitting mean A"
[1] "Fitting variance A"
[1] "DR"
[1] 0.8400714
[1] 0.01658317
[1] 0.9565217

 0  1 
 4 88 
[1] "se comparison"
[1] 0.016811
[1] 0.01598044
[1] 93
[1] 0.8271055
[1] 0.8342563
[1] "AdaLSE"
[1] 0.8355115
[1] 0.01732057
[1] 0.9462366

 0  1 
 5 88 
[1] "Fitting mean A"
[1] "Fitting variance A"
[1] "DR"
[1] 0.8321774
[1] 0.01655483
[1] 0.9569892

 0  1 
 4 89 
[1] "se comparison"
[1] 0.01671954
[1] 0.01589342
[1] 94
[1] 0.8271055
[1] 0.8342563
[1] "AdaLSE"
[1] 0.8095931
[1] 0.0181419
[1] 0.9468085

 0  1 
 5 89 
[1] "Fitting mean A"
[1] "Fitting variance A"
[1] "DR"
[1] 0.807708
[1] 0.01741442
[1] 0.9574468

 0  1 
 4 90 
[1] "se comparison"
[1] 0.01685409
[1] 0.01600084
[1] 95
[1] 0.8271055
[1] 0.8342563
[1] "AdaLSE"
[1] 0.8011807
[1] 0.01698469
[1] 0.9473684

 0  1 
 5 90 
[1] "Fitting mean A"
[1] "Fitting variance A"
[1] "DR"
[1] 0.7983442
[1] 0.01602284
[1] 0.9473684

 0  1 
 5 90 
[1] "se comparison"
[1] 0.01713854
[1] 0.01627457
[1] 96
[1] 0.8271055
[1] 0.8342563
[1] "AdaLSE"
[1] 0.8625396
[1] 0.01692405
[1] 0.9479167

 0  1 
 5 91 
[1] "Fitting mean A"
[1] "Fitting variance A"
[1] "DR"
[1] 0.8563478
[1] 0.01633628
[1] 0.9479167

 0  1 
 5 91 
[1] "se comparison"
[1] 0.01726941
[1] 0.01639197
[1] 97
[1] 0.8271055
[1] 0.8342563
[1] "AdaLSE"
[1] 0.8329633
[1] 0.0181687
[1] 0.9484536

 0  1 
 5 92 
[1] "Fitting mean A"
[1] "Fitting variance A"
[1] "DR"
[1] 0.8277165
[1] 0.01752592
[1] 0.9484536

 0  1 
 5 92 
[1] "se comparison"
[1] 0.01718167
[1] 0.01631065
[1] 98
[1] 0.8271055
[1] 0.8342563
[1] "AdaLSE"
[1] 0.8396319
[1] 0.01751044
[1] 0.9489796

 0  1 
 5 93 
[1] "Fitting mean A"
[1] "Fitting variance A"
[1] "DR"
[1] 0.8376395
[1] 0.01719928
[1] 0.9489796

 0  1 
 5 93 
[1] "se comparison"
[1] 0.01709728
[1] 0.01623876
[1] 99
[1] 0.8271055
[1] 0.8342563
[1] "AdaLSE"
[1] 0.8548686
[1] 0.01746727
[1] 0.9494949

 0  1 
 5 94 
[1] "Fitting mean A"
[1] "Fitting variance A"
[1] "DR"
[1] 0.8519902
[1] 0.01648615
[1] 0.9494949

 0  1 
 5 94 
[1] "se comparison"
[1] 0.01711713
[1] 0.01628743
[1] 100
[1] 0.8271055
[1] 0.8342563
[1] "AdaLSE"
[1] 0.8274842
[1] 0.01734234
[1] 0.95

 0  1 
 5 95 
[1] "Fitting mean A"
[1] "Fitting variance A"
[1] "DR"
[1] 0.8193227
[1] 0.01678531
[1] 0.95

 0  1 
 5 95 
[1] "se comparison"
[1] 0.01705184
[1] 0.01625162
[1] 101
[1] 0.8271055
[1] 0.8342563
[1] "AdaLSE"
[1] 0.8291376
[1] 0.01799028
[1] 0.950495

 0  1 
 5 96 
[1] "Fitting mean A"
[1] "Fitting variance A"
[1] "DR"
[1] 0.8229936
[1] 0.01705825
[1] 0.950495

 0  1 
 5 96 
[1] "se comparison"
[1] 0.01697985
[1] 0.01619232
[1] 102
[1] 0.8271055
[1] 0.8342563
[1] "AdaLSE"
[1] 0.8101573
[1] 0.01718888
[1] 0.9509804

 0  1 
 5 97 
[1] "Fitting mean A"
[1] "Fitting variance A"
[1] "DR"
[1] 0.8040741
[1] 0.01683272
[1] 0.9509804

 0  1 
 5 97 
[1] "se comparison"
[1] 0.0170863
[1] 0.01633792
[1] 103
[1] 0.8271055
[1] 0.8342563
[1] "AdaLSE"
[1] 0.8470246
[1] 0.0178218
[1] 0.9514563

 0  1 
 5 98 
[1] "Fitting mean A"
[1] "Fitting variance A"
[1] "DR"
[1] 0.8432401
[1] 0.01669016
[1] 0.9514563

 0  1 
 5 98 
[1] "se comparison"
[1] 0.01703945
[1] 0.0163012
[1] 104
[1] 0.8271055
[1] 0.8342563
[1] "AdaLSE"
[1] 0.8249965
[1] 0.0177698
[1] 0.9519231

 0  1 
 5 99 
[1] "Fitting mean A"
[1] "Fitting variance A"
[1] "DR"
[1] 0.8171494
[1] 0.01708176
[1] 0.9519231

 0  1 
 5 99 
[1] "se comparison"
[1] 0.01698915
[1] 0.01628086
[1] 105
[1] 0.8271055
[1] 0.8342563
[1] "AdaLSE"
[1] 0.8319245
[1] 0.01760149
[1] 0.952381

  0   1 
  5 100 
[1] "Fitting mean A"
[1] "Fitting variance A"
[1] "DR"
[1] 0.8295758
[1] 0.01647924
[1] 0.952381

  0   1 
  5 100 
[1] "se comparison"
[1] 0.01691113
[1] 0.01620311
[1] 106
[1] 0.8271055
[1] 0.8342563
[1] "AdaLSE"
[1] 0.8615204
[1] 0.01751904
[1] 0.9528302

  0   1 
  5 101 
[1] "Fitting mean A"
[1] "Fitting variance A"
[1] "DR"
[1] 0.8574388
[1] 0.01686021
[1] 0.9528302

  0   1 
  5 101 
[1] "se comparison"
[1] 0.01701783
[1] 0.01632713
[1] 107
[1] 0.8271055
[1] 0.8342563
[1] "AdaLSE"
[1] 0.8398387
[1] 0.01786594
[1] 0.953271

  0   1 
  5 102 
[1] "Fitting mean A"
[1] "Fitting variance A"
[1] "DR"
[1] 0.8380995
[1] 0.01666877
[1] 0.953271

  0   1 
  5 102 
[1] "se comparison"
[1] 0.01694179
[1] 0.01626296
[1] 108
[1] 0.8271055
[1] 0.8342563
[1] "AdaLSE"
[1] 0.855906
[1] 0.01644357
[1] 0.9537037

  0   1 
  5 103 
[1] "Fitting mean A"
[1] "Fitting variance A"
[1] "DR"
[1] 0.8447702
[1] 0.01620739
[1] 0.9537037

  0   1 
  5 103 
[1] "se comparison"
[1] 0.01697229
[1] 0.01623759
[1] 109
[1] 0.8271055
[1] 0.8342563
[1] "AdaLSE"
[1] 0.8391915
[1] 0.01735947
[1] 0.9541284

  0   1 
  5 104 
[1] "Fitting mean A"
[1] "Fitting variance A"
[1] "DR"
[1] 0.8351675
[1] 0.016635
[1] 0.9541284

  0   1 
  5 104 
[1] "se comparison"
[1] 0.0168962
[1] 0.01616595
[1] 110
[1] 0.8271055
[1] 0.8342563
[1] "AdaLSE"
[1] 0.8478014
[1] 0.01809595
[1] 0.9545455

  0   1 
  5 105 
[1] "Fitting mean A"
[1] "Fitting variance A"
[1] "DR"
[1] 0.8441681
[1] 0.01724118
[1] 0.9545455

  0   1 
  5 105 
[1] "se comparison"
[1] 0.01685558
[1] 0.01613627
[1] 111
[1] 0.8271055
[1] 0.8342563
[1] "AdaLSE"
[1] 0.827602
[1] 0.01846152
[1] 0.954955

  0   1 
  5 106 
[1] "Fitting mean A"
[1] "Fitting variance A"
[1] "DR"
[1] 0.8243604
[1] 0.01735798
[1] 0.954955

  0   1 
  5 106 
[1] "se comparison"
[1] 0.01679858
[1] 0.01607786
[1] 112
[1] 0.8271055
[1] 0.8342563
[1] "AdaLSE"
[1] 0.8257325
[1] 0.01702527
[1] 0.9553571

  0   1 
  5 107 
[1] "Fitting mean A"
[1] "Fitting variance A"
[1] "DR"
[1] 0.8239219
[1] 0.01598387
[1] 0.9553571

  0   1 
  5 107 
[1] "se comparison"
[1] 0.01675149
[1] 0.01602186
[1] 113
[1] 0.8271055
[1] 0.8342563
[1] "AdaLSE"
[1] 0.8409533
[1] 0.01622841
[1] 0.9557522

  0   1 
  5 108 
[1] "Fitting mean A"
[1] "Fitting variance A"
[1] "DR"
[1] 0.8365366
[1] 0.01562868
[1] 0.9557522

  0   1 
  5 108 
[1] "se comparison"
[1] 0.01668299
[1] 0.01595703
[1] 114
[1] 0.8271055
[1] 0.8342563
[1] "AdaLSE"
[1] 0.8251075
[1] 0.01827827
[1] 0.9561404

  0   1 
  5 109 
[1] "Fitting mean A"
[1] "Fitting variance A"
[1] "DR"
[1] 0.8238202
[1] 0.0168221
[1] 0.9561404

  0   1 
  5 109 
[1] "se comparison"
[1] 0.01664068
[1] 0.01590301
[1] 115
[1] 0.8271055
[1] 0.8342563
[1] "AdaLSE"
[1] 0.8326596
[1] 0.0168361
[1] 0.9565217

  0   1 
  5 110 
[1] "Fitting mean A"
[1] "Fitting variance A"
[1] "DR"
[1] 0.8235951
[1] 0.01628237
[1] 0.9565217

  0   1 
  5 110 
[1] "se comparison"
[1] 0.01657041
[1] 0.01585045
[1] 116
[1] 0.8271055
[1] 0.8342563
[1] "AdaLSE"
[1] 0.8131253
[1] 0.01823967
[1] 0.9568966

  0   1 
  5 111 
[1] "Fitting mean A"
[1] "Fitting variance A"
