LOADING R
R LOADED
[1] "/home/lvanderl/Rlibs2"                         
[2] "/app/software/R/4.2.2-foss-2021b/lib/R/library"
[1] "/home/lvanderl/sieveSims"
[1] 1
[1] -0.00065918
[1] 0.01655041
[1] "AdaLSE"
[1] 0.006793395
[1] 0.0309931
[1] 1

1 
1 
[1] "Fitting mean A"
[1] "Fitting variance A"
[1] "DR"
[1] 0.007900352
[1] 0.03032102
[1] 1

1 
1 
[1] "se comparison"
[1] NA
[1] NA
[1] 2
[1] -0.00065918
[1] 0.01655041
[1] "AdaLSE"
[1] -0.01554839
[1] 0.03130964
[1] 1

1 
2 
[1] "Fitting mean A"
[1] "Fitting variance A"
[1] "DR"
[1] -0.02693801
[1] 0.02945956
[1] 1

1 
2 
[1] "se comparison"
[1] 0.01579802
[1] 0.02463444
[1] 3
[1] -0.00065918
[1] 0.01655041
[1] "AdaLSE"
[1] 0.01625716
[1] 0.03208302
[1] 1

1 
3 
[1] "Fitting mean A"
[1] "Fitting variance A"
[1] "DR"
[1] 0.01624158
[1] 0.03058454
[1] 1

1 
3 
[1] "se comparison"
[1] 0.01633152
[1] 0.02290475
[1] 4
[1] -0.00065918
[1] 0.01655041
[1] "AdaLSE"
[1] 0.05058607
[1] 0.03194883
[1] 1

1 
4 
[1] "Fitting mean A"
[1] "Fitting variance A"
[1] "DR"
[1] 0.05007413
[1] 0.03126739
[1] 1

1 
4 
[1] "se comparison"
[1] 0.02749295
[1] 0.03162528
[1] 5
[1] -0.00065918
[1] 0.01655041
[1] "AdaLSE"
[1] 0.03324339
[1] 0.03076643
[1] 1

1 
5 
[1] "Fitting mean A"
[1] "Fitting variance A"
[1] "DR"
[1] 0.02649355
[1] 0.02927376
[1] 1

1 
5 
[1] "se comparison"
[1] 0.02523875
[1] 0.02816353
[1] 6
[1] -0.00065918
[1] 0.01655041
[1] "AdaLSE"
[1] 0.04502119
[1] 0.03258488
[1] 1

1 
6 
[1] "Fitting mean A"
[1] "Fitting variance A"
[1] "DR"
[1] 0.04538303
[1] 0.03095716
[1] 1

1 
6 
[1] "se comparison"
[1] 0.02507787
[1] 0.02812295
[1] 7
[1] -0.00065918
[1] 0.01655041
[1] "AdaLSE"
[1] -0.06453145
[1] 0.03174501
[1] 0.8571429

0 1 
1 6 
[1] "Fitting mean A"
[1] "Fitting variance A"
[1] "DR"
[1] -0.06118598
[1] 0.03077288
[1] 0.8571429

0 1 
1 6 
[1] "se comparison"
[1] 0.04014678
[1] 0.03996765
[1] 8
[1] -0.00065918
[1] 0.01655041
[1] "AdaLSE"
[1] 0.08261918
[1] 0.03195515
[1] 0.75

0 1 
2 6 
[1] "Fitting mean A"
[1] "Fitting variance A"
[1] "DR"
[1] 0.0789687
[1] 0.03135879
[1] 0.75

0 1 
2 6 
[1] "se comparison"
[1] 0.04512194
[1] 0.044652
[1] 9
[1] -0.00065918
[1] 0.01655041
[1] "AdaLSE"
[1] 0.04666335
[1] 0.03221709
[1] 0.7777778

0 1 
2 7 
[1] "Fitting mean A"
[1] "Fitting variance A"
[1] "DR"
[1] 0.04993161
[1] 0.03096359
[1] 0.7777778

0 1 
2 7 
[1] "se comparison"
[1] 0.04318165
[1] 0.0431766
[1] 10
[1] -0.00065918
[1] 0.01655041
[1] "AdaLSE"
[1] -0.004865479
[1] 0.03301299
[1] 0.8

0 1 
2 8 
[1] "Fitting mean A"
[1] "Fitting variance A"
[1] "DR"
[1] -0.01901437
[1] 0.03055839
[1] 0.8

0 1 
2 8 
[1] "se comparison"
[1] 0.04161143
[1] 0.04260644
[1] 11
[1] -0.00065918
[1] 0.01655041
[1] "AdaLSE"
[1] -0.1107841
[1] 0.03187614
[1] 0.7272727

0 1 
3 8 
[1] "Fitting mean A"
[1] "Fitting variance A"
[1] "DR"
[1] -0.1113644
[1] 0.03100904
[1] 0.7272727

0 1 
3 8 
[1] "se comparison"
[1] 0.05571698
[1] 0.05591711
[1] 12
[1] -0.00065918
[1] 0.01655041
[1] "AdaLSE"
[1] 0.00122096
[1] 0.03171328
[1] 0.75

0 1 
3 9 
[1] "Fitting mean A"
[1] "Fitting variance A"
[1] "DR"
[1] 0.003302935
[1] 0.03089576
[1] 0.75

0 1 
3 9 
[1] "se comparison"
[1] 0.05315767
[1] 0.0533175
[1] 13
[1] -0.00065918
[1] 0.01655041
[1] "AdaLSE"
[1] 0.002167464
[1] 0.03361558
[1] 0.7692308

 0  1 
 3 10 
[1] "Fitting mean A"
[1] "Fitting variance A"
[1] "DR"
[1] 0.005593411
[1] 0.03166803
[1] 0.7692308

 0  1 
 3 10 
[1] "se comparison"
[1] 0.0509139
[1] 0.0510479
[1] 14
[1] -0.00065918
[1] 0.01655041
[1] "AdaLSE"
[1] -0.006086816
[1] 0.03196565
[1] 0.7857143

 0  1 
 3 11 
[1] "Fitting mean A"
[1] "Fitting variance A"
[1] "DR"
[1] -0.00237701
[1] 0.03207441
[1] 0.7857143

 0  1 
 3 11 
[1] "se comparison"
[1] 0.04903823
[1] 0.04908517
[1] 15
[1] -0.00065918
[1] 0.01655041
[1] "AdaLSE"
[1] 0.07943958
[1] 0.03297445
[1] 0.8

 0  1 
 3 12 
[1] "Fitting mean A"
[1] "Fitting variance A"
[1] "DR"
[1] 0.06878425
[1] 0.03159947
[1] 0.8

 0  1 
 3 12 
[1] "se comparison"
[1] 0.05092553
[1] 0.05012733
[1] 16
[1] -0.00065918
[1] 0.01655041
[1] "AdaLSE"
[1] -0.0007820024
[1] 0.03257272
[1] 0.8125

 0  1 
 3 13 
[1] "Fitting mean A"
[1] "Fitting variance A"
[1] "DR"
[1] 0.0003006132
[1] 0.03107529
[1] 0.8125

 0  1 
 3 13 
[1] "se comparison"
[1] 0.04928406
[1] 0.04847404
[1] 17
[1] -0.00065918
[1] 0.01655041
[1] "AdaLSE"
[1] -0.04869255
[1] 0.03133356
[1] 0.7647059

 0  1 
 4 13 
[1] "Fitting mean A"
[1] "Fitting variance A"
[1] "DR"
[1] -0.04986219
[1] 0.02954571
[1] 0.7647059

 0  1 
 4 13 
[1] "se comparison"
[1] 0.04980319
[1] 0.04900575
[1] 18
[1] -0.00065918
[1] 0.01655041
[1] "AdaLSE"
[1] -0.01340022
[1] 0.03134829
[1] 0.7777778

 0  1 
 4 14 
[1] "Fitting mean A"
[1] "Fitting variance A"
[1] "DR"
[1] -0.01330533
[1] 0.03029672
[1] 0.7777778

 0  1 
 4 14 
[1] "se comparison"
[1] 0.04854632
[1] 0.04773448
[1] 19
[1] -0.00065918
[1] 0.01655041
[1] "AdaLSE"
[1] -0.02995851
[1] 0.03154007
[1] 0.7894737

 0  1 
 4 15 
[1] "Fitting mean A"
[1] "Fitting variance A"
[1] "DR"
[1] -0.0337758
[1] 0.02993744
[1] 0.7894737

 0  1 
 4 15 
[1] "se comparison"
[1] 0.04787541
[1] 0.04718497
[1] 20
[1] -0.00065918
[1] 0.01655041
[1] "AdaLSE"
[1] -0.04468217
[1] 0.02989615
[1] 0.75

 0  1 
 5 15 
[1] "Fitting mean A"
[1] "Fitting variance A"
[1] "DR"
[1] -0.04463359
[1] 0.02846308
[1] 0.75

 0  1 
 5 15 
[1] "se comparison"
[1] 0.04783538
[1] 0.04708798
[1] 21
[1] -0.00065918
[1] 0.01655041
[1] "AdaLSE"
[1] 0.02262799
[1] 0.03237095
[1] 0.7619048

 0  1 
 5 16 
[1] "Fitting mean A"
[1] "Fitting variance A"
[1] "DR"
[1] 0.02480404
[1] 0.03026275
[1] 0.7619048

 0  1 
 5 16 
[1] "se comparison"
[1] 0.04685731
[1] 0.04622599
[1] 22
[1] -0.00065918
[1] 0.01655041
[1] "AdaLSE"
[1] 0.003521081
[1] 0.03217328
[1] 0.7727273

 0  1 
 5 17 
[1] "Fitting mean A"
[1] "Fitting variance A"
[1] "DR"
[1] 0.002178314
[1] 0.03051698
[1] 0.7727273

 0  1 
 5 17 
[1] "se comparison"
[1] 0.04572886
[1] 0.045113
[1] 23
[1] -0.00065918
[1] 0.01655041
[1] "AdaLSE"
[1] 4.2081e-05
[1] 0.03490931
[1] 0.7826087

 0  1 
 5 18 
[1] "Fitting mean A"
[1] "Fitting variance A"
[1] "DR"
[1] -0.006478917
[1] 0.03237248
[1] 0.7826087

 0  1 
 5 18 
[1] "se comparison"
[1] 0.04467998
[1] 0.04410188
[1] 24
[1] -0.00065918
[1] 0.01655041
[1] "AdaLSE"
[1] 0.03900638
[1] 0.0309169
[1] 0.7916667

 0  1 
 5 19 
[1] "Fitting mean A"
[1] "Fitting variance A"
[1] "DR"
[1] 0.03860928
[1] 0.03028541
[1] 0.7916667

 0  1 
 5 19 
[1] "se comparison"
[1] 0.04433864
[1] 0.04382911
[1] 25
[1] -0.00065918
[1] 0.01655041
[1] "AdaLSE"
[1] 0.03298852
[1] 0.03183665
[1] 0.8

 0  1 
 5 20 
[1] "Fitting mean A"
[1] "Fitting variance A"
[1] "DR"
[1] 0.03752965
[1] 0.03044033
[1] 0.8

 0  1 
 5 20 
[1] "se comparison"
[1] 0.04379737
[1] 0.04348851
[1] 26
[1] -0.00065918
[1] 0.01655041
[1] "AdaLSE"
[1] 0.02533345
[1] 0.0327578
[1] 0.8076923

 0  1 
 5 21 
[1] "Fitting mean A"
[1] "Fitting variance A"
[1] "DR"
[1] 0.02526569
[1] 0.03059675
[1] 0.8076923

 0  1 
 5 21 
[1] "se comparison"
[1] 0.04309892
[1] 0.04282341
[1] 27
[1] -0.00065918
[1] 0.01655041
[1] "AdaLSE"
[1] 0.03338086
[1] 0.03222196
[1] 0.8148148

 0  1 
 5 22 
[1] "Fitting mean A"
[1] "Fitting variance A"
[1] "DR"
[1] 0.0331698
[1] 0.03083298
[1] 0.8148148

 0  1 
 5 22 
[1] "se comparison"
[1] 0.04259639
[1] 0.04235717
[1] 28
[1] -0.00065918
[1] 0.01655041
[1] "AdaLSE"
[1] -0.02400337
[1] 0.03319564
[1] 0.8214286

 0  1 
 5 23 
[1] "Fitting mean A"
[1] "Fitting variance A"
[1] "DR"
[1] -0.02494361
[1] 0.03103728
[1] 0.8214286

 0  1 
 5 23 
[1] "se comparison"
[1] 0.04220159
[1] 0.04195888
[1] 29
[1] -0.00065918
[1] 0.01655041
[1] "AdaLSE"
[1] 0.02233959
[1] 0.03220835
[1] 0.8275862

 0  1 
 5 24 
[1] "Fitting mean A"
[1] "Fitting variance A"
[1] "DR"
[1] 0.02366158
[1] 0.03104023
[1] 0.8275862

 0  1 
 5 24 
[1] "se comparison"
[1] 0.04155717
[1] 0.04135922
[1] 30
[1] -0.00065918
[1] 0.01655041
[1] "AdaLSE"
[1] 0.02623062
[1] 0.03028394
[1] 0.8333333

 0  1 
 5 25 
[1] "Fitting mean A"
[1] "Fitting variance A"
[1] "DR"
[1] 0.02710151
[1] 0.03057282
[1] 0.8333333

 0  1 
 5 25 
[1] "se comparison"
[1] 0.04099775
[1] 0.04084014
[1] 31
[1] -0.00065918
[1] 0.01655041
[1] "AdaLSE"
[1] 0.02333191
[1] 0.03117648
[1] 0.8387097

 0  1 
 5 26 
[1] "Fitting mean A"
[1] "Fitting variance A"
[1] "DR"
[1] 0.01727567
[1] 0.02994134
[1] 0.8387097

 0  1 
 5 26 
[1] "se comparison"
[1] 0.04041693
[1] 0.04020736
[1] 32
[1] -0.00065918
[1] 0.01655041
[1] "AdaLSE"
[1] -0.04999324
[1] 0.03130678
[1] 0.8125

 0  1 
 6 26 
[1] "Fitting mean A"
[1] "Fitting variance A"
[1] "DR"
[1] -0.05729671
[1] 0.02984678
[1] 0.8125

 0  1 
 6 26 
[1] "se comparison"
[1] 0.04103389
[1] 0.04110995
[1] 33
[1] -0.00065918
[1] 0.01655041
[1] "AdaLSE"
[1] 0.009970841
[1] 0.03447585
[1] 0.8181818

 0  1 
 6 27 
[1] "Fitting mean A"
[1] "Fitting variance A"
[1] "DR"
[1] 0.005803229
[1] 0.03221403
[1] 0.8181818

 0  1 
 6 27 
[1] "se comparison"
[1] 0.04039478
[1] 0.04046359
[1] 34
[1] -0.00065918
[1] 0.01655041
[1] "AdaLSE"
[1] 0.003998909
[1] 0.03183518
[1] 0.8235294

 0  1 
 6 28 
[1] "Fitting mean A"
[1] "Fitting variance A"
[1] "DR"
[1] -0.006028535
[1] 0.03113756
[1] 0.8235294

 0  1 
 6 28 
[1] "se comparison"
[1] 0.03977915
[1] 0.03988407
[1] 35
[1] -0.00065918
[1] 0.01655041
[1] "AdaLSE"
[1] 0.01831347
[1] 0.0320815
[1] 0.8285714

 0  1 
 6 29 
[1] "Fitting mean A"
[1] "Fitting variance A"
[1] "DR"
[1] 0.01826909
[1] 0.03056742
[1] 0.8285714

 0  1 
 6 29 
[1] "se comparison"
[1] 0.03924785
[1] 0.03936859
[1] 36
[1] -0.00065918
[1] 0.01655041
[1] "AdaLSE"
[1] -0.0005061984
[1] 0.03130124
[1] 0.8333333

 0  1 
 6 30 
[1] "Fitting mean A"
[1] "Fitting variance A"
[1] "DR"
[1] -0.006321716
[1] 0.02972195
[1] 0.8333333

 0  1 
 6 30 
[1] "se comparison"
[1] 0.03869853
[1] 0.03884224
[1] 37
[1] -0.00065918
[1] 0.01655041
[1] "AdaLSE"
[1] 0.00483856
[1] 0.03368193
[1] 0.8378378

 0  1 
 6 31 
[1] "Fitting mean A"
[1] "Fitting variance A"
[1] "DR"
[1] 0.00122269
[1] 0.03235523
[1] 0.8378378

 0  1 
 6 31 
[1] "se comparison"
[1] 0.03815764
[1] 0.03830164
[1] 38
[1] -0.00065918
[1] 0.01655041
[1] "AdaLSE"
[1] -0.02482186
[1] 0.03124695
[1] 0.8421053

 0  1 
 6 32 
[1] "Fitting mean A"
[1] "Fitting variance A"
[1] "DR"
[1] -0.023693
[1] 0.02959176
[1] 0.8421053

 0  1 
 6 32 
[1] "se comparison"
[1] 0.03796572
[1] 0.03804476
[1] 39
[1] -0.00065918
[1] 0.01655041
[1] "AdaLSE"
[1] -0.009672285
[1] 0.031999
[1] 0.8461538

 0  1 
 6 33 
[1] "Fitting mean A"
[1] "Fitting variance A"
[1] "DR"
[1] -0.008892708
[1] 0.03088901
[1] 0.8461538

 0  1 
 6 33 
[1] "se comparison"
[1] 0.03753678
[1] 0.03759054
[1] 40
[1] -0.00065918
[1] 0.01655041
[1] "AdaLSE"
[1] 0.02312603
[1] 0.03329315
[1] 0.85

 0  1 
 6 34 
[1] "Fitting mean A"
[1] "Fitting variance A"
[1] "DR"
[1] 0.0156381
[1] 0.03228625
[1] 0.85

 0  1 
 6 34 
[1] "se comparison"
[1] 0.03716731
[1] 0.0371604
[1] 41
[1] -0.00065918
[1] 0.01655041
[1] "AdaLSE"
[1] 0.02162369
[1] 0.03318923
[1] 0.8536585

 0  1 
 6 35 
[1] "Fitting mean A"
[1] "Fitting variance A"
[1] "DR"
[1] 0.02320104
[1] 0.03280785
[1] 0.8536585

 0  1 
 6 35 
[1] "se comparison"
[1] 0.0367902
[1] 0.03682587
[1] 42
[1] -0.00065918
[1] 0.01655041
[1] "AdaLSE"
[1] 0.03604338
[1] 0.03282083
[1] 0.8571429

 0  1 
 6 36 
[1] "Fitting mean A"
[1] "Fitting variance A"
[1] "DR"
[1] 0.03350074
[1] 0.03158068
[1] 0.8571429

 0  1 
 6 36 
[1] "se comparison"
[1] 0.0366427
[1] 0.03666403
[1] 43
[1] -0.00065918
[1] 0.01655041
[1] "AdaLSE"
[1] 0.01160867
[1] 0.03458422
[1] 0.8604651

 0  1 
 6 37 
[1] "Fitting mean A"
[1] "Fitting variance A"
[1] "DR"
[1] 0.01143322
[1] 0.0325365
[1] 0.8604651

 0  1 
 6 37 
[1] "se comparison"
[1] 0.03621308
[1] 0.03624088
[1] 44
[1] -0.00065918
[1] 0.01655041
[1] "AdaLSE"
[1] 0.01428753
[1] 0.03293208
[1] 0.8636364

 0  1 
 6 38 
[1] "Fitting mean A"
[1] "Fitting variance A"
[1] "DR"
[1] 0.005054553
[1] 0.03018719
[1] 0.8636364

 0  1 
 6 38 
[1] "se comparison"
[1] 0.03580941
[1] 0.03581707
[1] 45
[1] -0.00065918
[1] 0.01655041
[1] "AdaLSE"
[1] -0.06756261
[1] 0.03090962
[1] 0.8444444

 0  1 
 7 38 
[1] "Fitting mean A"
[1] "Fitting variance A"
[1] "DR"
[1] -0.06902795
[1] 0.02990446
[1] 0.8444444

 0  1 
 7 38 
[1] "se comparison"
[1] 0.03708419
[1] 0.03706804
[1] 46
[1] -0.00065918
[1] 0.01655041
[1] "AdaLSE"
[1] 0.05502527
[1] 0.03139844
[1] 0.8478261

 0  1 
 7 39 
[1] "Fitting mean A"
[1] "Fitting variance A"
[1] "DR"
[1] 0.04818322
[1] 0.03013816
[1] 0.8478261

 0  1 
 7 39 
[1] "se comparison"
[1] 0.03740702
[1] 0.03725637
[1] 47
[1] -0.00065918
[1] 0.01655041
[1] "AdaLSE"
[1] -0.05226349
[1] 0.03256102
[1] 0.8297872

 0  1 
 8 39 
[1] "Fitting mean A"
[1] "Fitting variance A"
[1] "DR"
[1] -0.05729223
[1] 0.03102257
[1] 0.8297872

 0  1 
 8 39 
[1] "se comparison"
[1] 0.03796155
[1] 0.03791506
[1] 48
[1] -0.00065918
[1] 0.01655041
[1] "AdaLSE"
[1] 0.009892761
[1] 0.03154515
[1] 0.8333333

 0  1 
 8 40 
[1] "Fitting mean A"
[1] "Fitting variance A"
[1] "DR"
[1] -0.002198766
[1] 0.02968358
[1] 0.8333333

 0  1 
 8 40 
[1] "se comparison"
[1] 0.03756285
[1] 0.03751594
[1] 49
[1] -0.00065918
[1] 0.01655041
[1] "AdaLSE"
[1] -0.07374882
[1] 0.03255414
[1] 0.8163265

 0  1 
 9 40 
[1] "Fitting mean A"
[1] "Fitting variance A"
[1] "DR"
[1] -0.07520737
[1] 0.03051552
[1] 0.8163265

 0  1 
 9 40 
[1] "se comparison"
[1] 0.03882897
[1] 0.03874756
[1] 50
[1] -0.00065918
[1] 0.01655041
[1] "AdaLSE"
[1] 0.0183903
[1] 0.03170875
[1] 0.82

 0  1 
 9 41 
[1] "Fitting mean A"
[1] "Fitting variance A"
[1] "DR"
[1] 0.01709585
[1] 0.02974354
[1] 0.82

 0  1 
 9 41 
[1] "se comparison"
[1] 0.03849025
[1] 0.03841832
[1] 51
[1] -0.00065918
[1] 0.01655041
[1] "AdaLSE"
[1] -0.01386183
[1] 0.03069736
[1] 0.8235294

 0  1 
 9 42 
[1] "Fitting mean A"
[1] "Fitting variance A"
[1] "DR"
[1] -0.01348334
[1] 0.02897009
[1] 0.8235294

 0  1 
 9 42 
[1] "se comparison"
[1] 0.03818143
[1] 0.03808805
[1] 52
[1] -0.00065918
[1] 0.01655041
[1] "AdaLSE"
[1] -0.01243273
[1] 0.03111247
[1] 0.8269231

 0  1 
 9 43 
[1] "Fitting mean A"
[1] "Fitting variance A"
[1] "DR"
[1] -0.005580927
[1] 0.03010757
[1] 0.8269231

 0  1 
 9 43 
[1] "se comparison"
[1] 0.0378675
[1] 0.03772368
[1] 53
[1] -0.00065918
[1] 0.01655041
[1] "AdaLSE"
[1] 0.01821747
[1] 0.03041324
[1] 0.8301887

 0  1 
 9 44 
[1] "Fitting mean A"
[1] "Fitting variance A"
[1] "DR"
[1] 0.01519248
[1] 0.02996974
[1] 0.8301887

 0  1 
 9 44 
[1] "se comparison"
[1] 0.03756046
[1] 0.03741126
[1] 54
[1] -0.00065918
[1] 0.01655041
[1] "AdaLSE"
[1] -0.001051274
[1] 0.03137795
[1] 0.8333333

 0  1 
 9 45 
[1] "Fitting mean A"
[1] "Fitting variance A"
[1] "DR"
[1] -0.001423273
[1] 0.02869375
[1] 0.8333333

 0  1 
 9 45 
[1] "se comparison"
[1] 0.03720894
[1] 0.03705823
[1] 55
[1] -0.00065918
[1] 0.01655041
[1] "AdaLSE"
[1] -0.05804144
[1] 0.03245225
[1] 0.8181818

 0  1 
10 45 
[1] "Fitting mean A"
[1] "Fitting variance A"
[1] "DR"
[1] -0.05960038
[1] 0.03129998
[1] 0.8181818

 0  1 
10 45 
[1] "se comparison"
[1] 0.03777429
[1] 0.0376134
[1] 56
[1] -0.00065918
[1] 0.01655041
[1] "AdaLSE"
[1] -0.03663366
[1] 0.03144906
[1] 0.8214286

 0  1 
10 46 
[1] "Fitting mean A"
[1] "Fitting variance A"
[1] "DR"
[1] -0.04362301
[1] 0.0299717
[1] 0.8035714

 0  1 
11 45 
[1] "se comparison"
[1] 0.03778396
[1] 0.03772198
[1] 57
[1] -0.00065918
[1] 0.01655041
[1] "AdaLSE"
[1] 0.01812175
[1] 0.03447387
[1] 0.8245614

 0  1 
10 47 
[1] "Fitting mean A"
[1] "Fitting variance A"
[1] "DR"
[1] 0.01387666
[1] 0.03226687
[1] 0.8070175

 0  1 
11 46 
[1] "se comparison"
[1] 0.03751112
[1] 0.03743437
[1] 58
[1] -0.00065918
[1] 0.01655041
[1] "AdaLSE"
[1] -0.04502142
[1] 0.03150172
[1] 0.8275862

 0  1 
10 48 
[1] "Fitting mean A"
[1] "Fitting variance A"
[1] "DR"
[1] -0.04797912
[1] 0.03011929
[1] 0.7931034

 0  1 
12 46 
[1] "se comparison"
[1] 0.03768164
[1] 0.03762311
[1] 59
[1] -0.00065918
[1] 0.01655041
[1] "AdaLSE"
[1] 0.01411526
[1] 0.03469717
[1] 0.8305085

 0  1 
10 49 
[1] "Fitting mean A"
[1] "Fitting variance A"
[1] "DR"
[1] 0.008982738
[1] 0.03186679
[1] 0.7966102

 0  1 
12 47 
[1] "se comparison"
[1] 0.03739549
[1] 0.03732179
[1] 60
[1] -0.00065918
[1] 0.01655041
[1] "AdaLSE"
[1] -0.01409597
[1] 0.03376077
[1] 0.8333333

 0  1 
10 50 
[1] "Fitting mean A"
[1] "Fitting variance A"
[1] "DR"
[1] -0.01836635
[1] 0.0314919
[1] 0.8

 0  1 
12 48 
[1] "se comparison"
[1] 0.03712869
[1] 0.03707037
[1] 61
[1] -0.00065918
[1] 0.01655041
[1] "AdaLSE"
[1] 0.04993028
[1] 0.03207248
[1] 0.8360656

 0  1 
10 51 
[1] "Fitting mean A"
[1] "Fitting variance A"
[1] "DR"
[1] 0.04361575
[1] 0.03035135
[1] 0.8032787

 0  1 
12 49 
[1] "se comparison"
[1] 0.03735173
[1] 0.0372112
[1] 62
[1] -0.00065918
[1] 0.01655041
[1] "AdaLSE"
[1] 0.06018449
[1] 0.03207288
[1] 0.8387097

 0  1 
10 52 
[1] "Fitting mean A"
[1] "Fitting variance A"
[1] "DR"
[1] 0.0613756
[1] 0.03044037
[1] 0.8064516

 0  1 
12 50 
[1] "se comparison"
[1] 0.03778422
[1] 0.03773913
[1] 63
[1] -0.00065918
[1] 0.01655041
[1] "AdaLSE"
[1] 0.06956082
[1] 0.03252374
[1] 0.8412698

 0  1 
10 53 
[1] "Fitting mean A"
[1] "Fitting variance A"
[1] "DR"
[1] 0.06556625
[1] 0.03039144
[1] 0.8095238

 0  1 
12 51 
[1] "se comparison"
[1] 0.0384177
[1] 0.03832754
[1] 64
[1] -0.00065918
[1] 0.01655041
[1] "AdaLSE"
[1] 0.06638257
[1] 0.0339905
[1] 0.84375

 0  1 
10 54 
[1] "Fitting mean A"
[1] "Fitting variance A"
[1] "DR"
[1] 0.06635589
[1] 0.03245223
[1] 0.8125

 0  1 
12 52 
[1] "se comparison"
[1] 0.0389111
[1] 0.03888253
[1] 65
[1] -0.00065918
[1] 0.01655041
[1] "AdaLSE"
[1] -0.06090522
[1] 0.03073316
[1] 0.8307692

 0  1 
11 54 
[1] "Fitting mean A"
[1] "Fitting variance A"
[1] "DR"
[1] -0.06271676
[1] 0.02969949
[1] 0.8

 0  1 
13 52 
[1] "se comparison"
[1] 0.03945123
[1] 0.03941138
[1] 66
[1] -0.00065918
[1] 0.01655041
[1] "AdaLSE"
[1] -0.0366001
[1] 0.03093664
[1] 0.8333333

 0  1 
11 55 
[1] "Fitting mean A"
[1] "Fitting variance A"
[1] "DR"
[1] -0.03320464
[1] 0.03008816
[1] 0.8030303

 0  1 
13 53 
[1] "se comparison"
[1] 0.03945773
[1] 0.03933697
[1] 67
[1] -0.00065918
[1] 0.01655041
[1] "AdaLSE"
[1] 0.008462348
[1] 0.03268266
[1] 0.8358209

 0  1 
11 56 
[1] "Fitting mean A"
[1] "Fitting variance A"
[1] "DR"
[1] 0.001976357
[1] 0.03127507
[1] 0.8059701

 0  1 
13 54 
[1] "se comparison"
[1] 0.03916342
[1] 0.0390381
[1] 68
[1] -0.00065918
[1] 0.01655041
[1] "AdaLSE"
[1] -0.04976329
[1] 0.03229574
[1] 0.8235294

 0  1 
12 56 
[1] "Fitting mean A"
[1] "Fitting variance A"
[1] "DR"
[1] -0.04661694
[1] 0.03110546
[1] 0.7941176

 0  1 
14 54 
[1] "se comparison"
[1] 0.03939416
[1] 0.0391699
[1] 69
[1] -0.00065918
[1] 0.01655041
[1] "AdaLSE"
[1] -0.05167827
[1] 0.03261651
[1] 0.8115942

 0  1 
13 56 
[1] "Fitting mean A"
[1] "Fitting variance A"
[1] "DR"
[1] -0.05416015
[1] 0.03023801
[1] 0.7826087

 0  1 
15 54 
[1] "se comparison"
[1] 0.03963916
[1] 0.03942562
[1] 70
[1] -0.00065918
[1] 0.01655041
[1] "AdaLSE"
[1] 0.07084901
[1] 0.03187187
[1] 0.8142857

 0  1 
13 57 
[1] "Fitting mean A"
[1] "Fitting variance A"
[1] "DR"
[1] 0.06187615
[1] 0.02867711
[1] 0.7857143

 0  1 
15 55 
[1] "se comparison"
[1] 0.04021457
[1] 0.03984691
[1] 71
[1] -0.00065918
[1] 0.01655041
[1] "AdaLSE"
[1] 0.01014014
[1] 0.032226
[1] 0.8169014

 0  1 
13 58 
[1] "Fitting mean A"
[1] "Fitting variance A"
[1] "DR"
[1] 0.005591348
[1] 0.03138002
[1] 0.7887324

 0  1 
15 56 
[1] "se comparison"
[1] 0.03993663
[1] 0.03956643
[1] 72
[1] -0.00065918
[1] 0.01655041
[1] "AdaLSE"
[1] 0.08202659
[1] 0.03162385
[1] 0.8055556

 0  1 
14 58 
[1] "Fitting mean A"
[1] "Fitting variance A"
[1] "DR"
[1] 0.07432404
[1] 0.03102619
[1] 0.7916667

 0  1 
15 57 
[1] "se comparison"
[1] 0.04074446
[1] 0.04024428
[1] 73
[1] -0.00065918
[1] 0.01655041
[1] "AdaLSE"
[1] 0.00557407
[1] 0.03469805
[1] 0.8082192

 0  1 
14 59 
[1] "Fitting mean A"
[1] "Fitting variance A"
[1] "DR"
[1] -0.003096985
[1] 0.03129295
[1] 0.7945205

 0  1 
15 58 
[1] "se comparison"
[1] 0.04046113
[1] 0.03996715
[1] 74
[1] -0.00065918
[1] 0.01655041
[1] "AdaLSE"
[1] 0.03690302
[1] 0.03206579
[1] 0.8108108

 0  1 
14 60 
[1] "Fitting mean A"
[1] "Fitting variance A"
[1] "DR"
[1] 0.02717543
[1] 0.02958693
[1] 0.7972973

 0  1 
15 59 
[1] "se comparison"
[1] 0.04036777
[1] 0.03980674
[1] 75
[1] -0.00065918
[1] 0.01655041
[1] "AdaLSE"
[1] 0.05474694
[1] 0.03062092
[1] 0.8133333

 0  1 
14 61 
[1] "Fitting mean A"
[1] "Fitting variance A"
[1] "DR"
[1] 0.05635086
[1] 0.02887483
[1] 0.8

 0  1 
15 60 
[1] "se comparison"
[1] 0.04051723
[1] 0.04003918
[1] 76
[1] -0.00065918
[1] 0.01655041
[1] "AdaLSE"
[1] 0.08681875
[1] 0.03210788
[1] 0.8026316

 0  1 
15 61 
[1] "Fitting mean A"
[1] "Fitting variance A"
[1] "DR"
[1] 0.07244008
[1] 0.03152121
[1] 0.8026316

 0  1 
15 61 
[1] "se comparison"
[1] 0.04133014
[1] 0.04057638
[1] 77
[1] -0.00065918
[1] 0.01655041
[1] "AdaLSE"
[1] 0.001974603
[1] 0.03197649
[1] 0.8051948

 0  1 
15 62 
[1] "Fitting mean A"
[1] "Fitting variance A"
[1] "DR"
[1] 0.002261247
[1] 0.0296983
[1] 0.8051948

 0  1 
15 62 
[1] "se comparison"
[1] 0.0410598
[1] 0.04030871
[1] 78
[1] -0.00065918
[1] 0.01655041
[1] "AdaLSE"
[1] -0.03693099
[1] 0.03152315
[1] 0.8076923

 0  1 
15 63 
[1] "Fitting mean A"
[1] "Fitting variance A"
[1] "DR"
[1] -0.03768902
[1] 0.02994755
[1] 0.8076923

 0  1 
15 63 
[1] "se comparison"
[1] 0.04107917
[1] 0.04031332
[1] 79
[1] -0.00065918
[1] 0.01655041
[1] "AdaLSE"
[1] 0.003289079
[1] 0.03247218
[1] 0.8101266

 0  1 
15 64 
[1] "Fitting mean A"
[1] "Fitting variance A"
[1] "DR"
[1] 0.00351217
[1] 0.03104496
[1] 0.8101266

 0  1 
15 64 
[1] "se comparison"
[1] 0.04081563
[1] 0.04005417
[1] 80
[1] -0.00065918
[1] 0.01655041
[1] "AdaLSE"
[1] 0.05527565
[1] 0.03054967
[1] 0.8125

 0  1 
15 65 
[1] "Fitting mean A"
[1] "Fitting variance A"
[1] "DR"
[1] 0.05448669
[1] 0.02928422
[1] 0.8125

 0  1 
15 65 
[1] "se comparison"
[1] 0.04093963
[1] 0.04021844
[1] 81
[1] -0.00065918
[1] 0.01655041
[1] "AdaLSE"
[1] -0.01942926
[1] 0.03061479
[1] 0.8148148

 0  1 
15 66 
[1] "Fitting mean A"
[1] "Fitting variance A"
[1] "DR"
[1] -0.01523876
[1] 0.03071397
[1] 0.8148148

 0  1 
15 66 
[1] "se comparison"
[1] 0.04078034
[1] 0.04001973
[1] 82
[1] -0.00065918
[1] 0.01655041
[1] "AdaLSE"
[1] 0.05492446
[1] 0.0319198
[1] 0.8170732

 0  1 
15 67 
[1] "Fitting mean A"
[1] "Fitting variance A"
[1] "DR"
[1] 0.05022241
[1] 0.03067518
[1] 0.8170732

 0  1 
15 67 
[1] "se comparison"
[1] 0.04089213
[1] 0.04011035
[1] 83
[1] -0.00065918
[1] 0.01655041
[1] "AdaLSE"
[1] -0.02293997
[1] 0.03398744
[1] 0.8192771

 0  1 
15 68 
[1] "Fitting mean A"
[1] "Fitting variance A"
[1] "DR"
[1] -0.02957868
[1] 0.03168279
[1] 0.8192771

 0  1 
15 68 
[1] "se comparison"
[1] 0.04076776
[1] 0.04003217
[1] 84
[1] -0.00065918
[1] 0.01655041
[1] "AdaLSE"
[1] -0.01692557
[1] 0.03467436
[1] 0.8214286

 0  1 
15 69 
[1] "Fitting mean A"
[1] "Fitting variance A"
[1] "DR"
[1] -0.02148163
[1] 0.03173969
[1] 0.8214286

 0  1 
15 69 
[1] "se comparison"
[1] 0.0405976
[1] 0.03988214
[1] 85
[1] -0.00065918
[1] 0.01655041
[1] "AdaLSE"
[1] 0.04796823
[1] 0.03126771
[1] 0.8235294

 0  1 
15 70 
[1] "Fitting mean A"
[1] "Fitting variance A"
[1] "DR"
[1] 0.04773182
[1] 0.02916166
[1] 0.8235294

 0  1 
15 70 
[1] "se comparison"
[1] 0.04061621
[1] 0.03993959
[1] 86
[1] -0.00065918
[1] 0.01655041
[1] "AdaLSE"
[1] 0.000134185
[1] 0.03124379
[1] 0.8255814

 0  1 
15 71 
[1] "Fitting mean A"
[1] "Fitting variance A"
[1] "DR"
[1] -0.001932527
[1] 0.03026153
[1] 0.8255814

 0  1 
15 71 
[1] "se comparison"
[1] 0.04038168
[1] 0.03970835
[1] 87
[1] -0.00065918
[1] 0.01655041
[1] "AdaLSE"
[1] 0.05488348
[1] 0.0333842
[1] 0.8275862

 0  1 
15 72 
[1] "Fitting mean A"
[1] "Fitting variance A"
[1] "DR"
[1] 0.05330706
[1] 0.0316217
[1] 0.8275862

 0  1 
15 72 
[1] "se comparison"
[1] 0.04048664
[1] 0.03983662
[1] 88
[1] -0.00065918
[1] 0.01655041
[1] "AdaLSE"
[1] -0.02830537
[1] 0.03060249
[1] 0.8295455

 0  1 
15 73 
[1] "Fitting mean A"
[1] "Fitting variance A"
[1] "DR"
[1] -0.02715687
[1] 0.02912811
[1] 0.8295455

 0  1 
15 73 
[1] "se comparison"
[1] 0.04042468
[1] 0.03974649
[1] 89
[1] -0.00065918
[1] 0.01655041
[1] "AdaLSE"
[1] 0.001985274
[1] 0.03279964
[1] 0.8314607

 0  1 
15 74 
[1] "Fitting mean A"
[1] "Fitting variance A"
[1] "DR"
[1] 0.002721811
[1] 0.03115189
[1] 0.8314607

 0  1 
15 74 
[1] "se comparison"
[1] 0.04019679
[1] 0.03952015
[1] 90
[1] -0.00065918
[1] 0.01655041
[1] "AdaLSE"
[1] -0.02637283
[1] 0.03235981
[1] 0.8333333

 0  1 
15 75 
[1] "Fitting mean A"
[1] "Fitting variance A"
[1] "DR"
[1] -0.02571658
[1] 0.03092877
[1] 0.8333333

 0  1 
15 75 
[1] "se comparison"
[1] 0.04011693
[1] 0.03941954
[1] 91
[1] -0.00065918
[1] 0.01655041
[1] "AdaLSE"
[1] -0.06979561
[1] 0.03191281
[1] 0.8241758

 0  1 
16 75 
[1] "Fitting mean A"
[1] "Fitting variance A"
[1] "DR"
[1] -0.06835448
[1] 0.03021245
[1] 0.8241758

 0  1 
16 75 
[1] "se comparison"
[1] 0.04067234
[1] 0.0399143
[1] 92
[1] -0.00065918
[1] 0.01655041
[1] "AdaLSE"
[1] -0.01215198
[1] 0.03260753
[1] 0.826087

 0  1 
16 76 
[1] "Fitting mean A"
[1] "Fitting variance A"
[1] "DR"
[1] -0.01117649
[1] 0.03210994
[1] 0.826087

 0  1 
16 76 
[1] "se comparison"
[1] 0.04048749
[1] 0.03972025
[1] 93
[1] -0.00065918
[1] 0.01655041
[1] "AdaLSE"
[1] 0.002362781
[1] 0.03394343
[1] 0.827957

 0  1 
16 77 
[1] "Fitting mean A"
[1] "Fitting variance A"
[1] "DR"
[1] -0.005783824
[1] 0.03172821
[1] 0.827957

 0  1 
16 77 
[1] "se comparison"
[1] 0.04026761
[1] 0.03951296
[1] 94
[1] -0.00065918
[1] 0.01655041
[1] "AdaLSE"
[1] 0.03421269
[1] 0.03236492
[1] 0.8297872

 0  1 
16 78 
[1] "Fitting mean A"
[1] "Fitting variance A"
[1] "DR"
[1] 0.01963848
[1] 0.03083257
[1] 0.8297872

 0  1 
16 78 
[1] "se comparison"
[1] 0.04016581
[1] 0.03934045
[1] 95
[1] -0.00065918
[1] 0.01655041
[1] "AdaLSE"
[1] -0.004120056
[1] 0.03055414
[1] 0.8315789

 0  1 
16 79 
[1] "Fitting mean A"
[1] "Fitting variance A"
[1] "DR"
[1] -0.001490531
[1] 0.02963933
[1] 0.8315789

 0  1 
16 79 
[1] "se comparison"
[1] 0.03996265
[1] 0.0391328
[1] 96
[1] -0.00065918
[1] 0.01655041
[1] "AdaLSE"
[1] -0.007468413
[1] 0.03335223
[1] 0.8333333

 0  1 
16 80 
[1] "Fitting mean A"
[1] "Fitting variance A"
[1] "DR"
[1] -0.01514019
[1] 0.03124713
[1] 0.8333333

 0  1 
16 80 
[1] "se comparison"
[1] 0.03977196
[1] 0.03896779
[1] 97
[1] -0.00065918
[1] 0.01655041
[1] "AdaLSE"
[1] 0.001994219
[1] 0.03221275
[1] 0.8350515

 0  1 
16 81 
[1] "Fitting mean A"
[1] "Fitting variance A"
[1] "DR"
[1] 0.004747186
[1] 0.03088474
[1] 0.8350515

 0  1 
16 81 
[1] "se comparison"
[1] 0.03956531
[1] 0.03876511
[1] 98
[1] -0.00065918
[1] 0.01655041
[1] "AdaLSE"
[1] -0.07335336
[1] 0.03289187
[1] 0.8265306

 0  1 
17 81 
[1] "Fitting mean A"
[1] "Fitting variance A"
[1] "DR"
[1] -0.06714565
[1] 0.03194405
[1] 0.8265306

 0  1 
17 81 
[1] "se comparison"
[1] 0.04014454
[1] 0.03919794
[1] 99
[1] -0.00065918
[1] 0.01655041
[1] "AdaLSE"
[1] -0.004322639
[1] 0.0339433
[1] 0.8282828

 0  1 
17 82 
[1] "Fitting mean A"
[1] "Fitting variance A"
[1] "DR"
[1] -0.01797667
[1] 0.03078566
[1] 0.8282828

 0  1 
17 82 
[1] "se comparison"
[1] 0.03994793
[1] 0.03904709
[1] 100
[1] -0.00065918
[1] 0.01655041
[1] "AdaLSE"
[1] 0.008706734
[1] 0.03092222
[1] 0.83

 0  1 
17 83 
[1] "Fitting mean A"
[1] "Fitting variance A"
[1] "DR"
[1] 0.006075163
[1] 0.02989694
[1] 0.83

 0  1 
17 83 
[1] "se comparison"
[1] 0.03974856
[1] 0.03885218
[1] 101
[1] -0.00065918
[1] 0.01655041
[1] "AdaLSE"
[1] -0.03131516
[1] 0.03105817
[1] 0.8316832

 0  1 
17 84 
[1] "Fitting mean A"
[1] "Fitting variance A"
[1] "DR"
[1] -0.03417639
[1] 0.029652
[1] 0.8316832

 0  1 
17 84 
[1] "se comparison"
[1] 0.03970473
[1] 0.0388197
[1] 102
[1] -0.00065918
[1] 0.01655041
[1] "AdaLSE"
[1] 0.006372912
[1] 0.03094727
[1] 0.8333333

 0  1 
17 85 
[1] "Fitting mean A"
[1] "Fitting variance A"
[1] "DR"
[1] 0.003400497
[1] 0.03024655
[1] 0.8333333

 0  1 
17 85 
[1] "se comparison"
[1] 0.03950864
[1] 0.03862772
[1] 103
[1] -0.00065918
[1] 0.01655041
[1] "AdaLSE"
[1] 0.04582009
[1] 0.03148896
[1] 0.8349515

 0  1 
17 86 
[1] "Fitting mean A"
[1] "Fitting variance A"
[1] "DR"
[1] 0.04209529
[1] 0.02848622
[1] 0.8349515

 0  1 
17 86 
[1] "se comparison"
[1] 0.03953363
[1] 0.03864928
[1] 104
[1] -0.00065918
[1] 0.01655041
[1] "AdaLSE"
[1] -0.01894747
[1] 0.03229205
[1] 0.8365385

 0  1 
17 87 
[1] "Fitting mean A"
[1] "Fitting variance A"
[1] "DR"
[1] -0.01633342
[1] 0.03084771
[1] 0.8365385

 0  1 
17 87 
[1] "se comparison"
[1] 0.03940579
[1] 0.03850105
[1] 105
[1] -0.00065918
[1] 0.01655041
[1] "AdaLSE"
[1] 0.0009424145
[1] 0.03129152
[1] 0.8380952

 0  1 
17 88 
[1] "Fitting mean A"
[1] "Fitting variance A"
[1] "DR"
[1] -0.002066804
[1] 0.03040192
[1] 0.8380952

 0  1 
17 88 
[1] "se comparison"
[1] 0.03921689
[1] 0.03831695
[1] 106
[1] -0.00065918
[1] 0.01655041
[1] "AdaLSE"
[1] 0.05386851
[1] 0.03269905
[1] 0.8396226

 0  1 
17 89 
[1] "Fitting mean A"
[1] "Fitting variance A"
[1] "DR"
[1] 0.05701563
[1] 0.03150147
[1] 0.8396226

 0  1 
17 89 
[1] "se comparison"
[1] 0.03933156
[1] 0.03851583
[1] 107
[1] -0.00065918
[1] 0.01655041
[1] "AdaLSE"
[1] 0.002664218
[1] 0.033137
[1] 0.8411215

 0  1 
17 90 
[1] "Fitting mean A"
[1] "Fitting variance A"
[1] "DR"
[1] 6.886532e-05
[1] 0.03095225
[1] 0.8411215

 0  1 
17 90 
[1] "se comparison"
[1] 0.0391459
[1] 0.0383341
[1] 108
[1] -0.00065918
[1] 0.01655041
[1] "AdaLSE"
[1] -0.004251563
[1] 0.03281186
[1] 0.8425926

 0  1 
17 91 
[1] "Fitting mean A"
[1] "Fitting variance A"
[1] "DR"
[1] -0.004928583
[1] 0.03276692
[1] 0.8425926

 0  1 
17 91 
[1] "se comparison"
[1] 0.03897114
[1] 0.03816009
[1] 109
[1] -0.00065918
[1] 0.01655041
[1] "AdaLSE"
[1] -0.03426026
[1] 0.03198034
[1] 0.8440367

 0  1 
17 92 
[1] "Fitting mean A"
[1] "Fitting variance A"
[1] "DR"
[1] -0.04004384
[1] 0.03045105
[1] 0.8440367

 0  1 
17 92 
[1] "se comparison"
[1] 0.03896459
[1] 0.03819356
[1] 110
[1] -0.00065918
[1] 0.01655041
[1] "AdaLSE"
[1] 0.04573104
[1] 0.03099581
[1] 0.8454545

 0  1 
17 93 
[1] "Fitting mean A"
[1] "Fitting variance A"
[1] "DR"
[1] 0.04445981
[1] 0.02996585
[1] 0.8454545

 0  1 
17 93 
[1] "se comparison"
[1] 0.03899074
[1] 0.03823916
[1] 111
[1] -0.00065918
[1] 0.01655041
[1] "AdaLSE"
[1] -0.07702742
[1] 0.03143043
[1] 0.8378378

 0  1 
18 93 
[1] "Fitting mean A"
[1] "Fitting variance A"
[1] "DR"
[1] -0.08289295
[1] 0.02877878
[1] 0.8378378

 0  1 
18 93 
[1] "se comparison"
[1] 0.03957146
[1] 0.03890403
[1] 112
[1] -0.00065918
[1] 0.01655041
[1] "AdaLSE"
[1] -0.00163315
[1] 0.03162361
[1] 0.8392857

 0  1 
18 94 
[1] "Fitting mean A"
[1] "Fitting variance A"
[1] "DR"
[1] 0.001223634
[1] 0.03031677
[1] 0.8392857

 0  1 
18 94 
[1] "se comparison"
[1] 0.03939576
[1] 0.0387284
[1] 113
[1] -0.00065918
[1] 0.01655041
[1] "AdaLSE"
[1] 0.0113903
[1] 0.03205633
[1] 0.840708

 0  1 
18 95 
[1] "Fitting mean A"
[1] "Fitting variance A"
[1] "DR"
[1] 0.004840767
[1] 0.0299489
[1] 0.840708

 0  1 
18 95 
[1] "se comparison"
[1] 0.03922665
[1] 0.0385568
[1] 114
[1] -0.00065918
[1] 0.01655041
[1] "AdaLSE"
[1] 0.03770474
[1] 0.03124981
[1] 0.8421053

 0  1 
18 96 
[1] "Fitting mean A"
[1] "Fitting variance A"
