LOADING R
R LOADED
[1] "/home/lvanderl/Rlibs2"                         
[2] "/app/software/R/4.2.2-foss-2021b/lib/R/library"
[1] "/home/lvanderl/sieveSims"
[1] 1
[1] 0.000736877
[1] 0.003520548
[1] "AdaLSE"
[1] -0.03020716
[1] 0.03682563
[1] 1

1 
1 
[1] "Fitting mean A"
[1] "Fitting variance A"
[1] "DR"
[1] -0.03155662
[1] 0.03489867
[1] 1

1 
1 
[1] 2
[1] 0.000736877
[1] 0.003520548
[1] "AdaLSE"
[1] 0.02685078
[1] 0.04869736
[1] 1

1 
2 
[1] "Fitting mean A"
[1] "Fitting variance A"
[1] "DR"
[1] 0.02081164
[1] 0.04193033
[1] 1

1 
2 
[1] 3
[1] 0.000736877
[1] 0.003520548
[1] "AdaLSE"
[1] 0.04521488
[1] 0.04546671
[1] 1

1 
3 
[1] "Fitting mean A"
[1] "Fitting variance A"
[1] "DR"
[1] 0.03184965
[1] 0.04191346
[1] 1

1 
3 
[1] 4
[1] 0.000736877
[1] 0.003520548
[1] "AdaLSE"
[1] -0.02035774
[1] 0.0371678
[1] 1

1 
4 
[1] "Fitting mean A"
[1] "Fitting variance A"
[1] "DR"
[1] -0.03030855
[1] 0.03299002
[1] 1

1 
4 
[1] 5
[1] 0.000736877
[1] 0.003520548
[1] "AdaLSE"
[1] -0.01827544
[1] 0.0467794
[1] 1

1 
5 
[1] "Fitting mean A"
[1] "Fitting variance A"
[1] "DR"
[1] -0.04718081
[1] 0.04390237
[1] 1

1 
5 
[1] 6
[1] 0.000736877
[1] 0.003520548
[1] "AdaLSE"
[1] 0.08415336
[1] 0.03805333
[1] 0.8333333

0 1 
1 5 
[1] "Fitting mean A"
[1] "Fitting variance A"
[1] "DR"
[1] 0.06466784
[1] 0.03510911
[1] 1

1 
6 
[1] 7
[1] 0.000736877
[1] 0.003520548
[1] "AdaLSE"
[1] -0.09983459
[1] 0.04414976
[1] 0.7142857

0 1 
2 5 
[1] "Fitting mean A"
[1] "Fitting variance A"
[1] "DR"
[1] -0.1112356
[1] 0.03953036
[1] 0.8571429

0 1 
1 6 
[1] 8
[1] 0.000736877
[1] 0.003520548
[1] "AdaLSE"
[1] 0.03266051
[1] 0.0460713
[1] 0.75

0 1 
2 6 
[1] "Fitting mean A"
[1] "Fitting variance A"
[1] "DR"
[1] 0.003264485
[1] 0.04279426
[1] 0.875

0 1 
1 7 
[1] 9
[1] 0.000736877
[1] 0.003520548
[1] "AdaLSE"
[1] 0.04493751
[1] 0.04424574
[1] 0.7777778

0 1 
2 7 
[1] "Fitting mean A"
[1] "Fitting variance A"
[1] "DR"
[1] 0.01514544
[1] 0.04002435
[1] 0.8888889

0 1 
1 8 
[1] 10
[1] 0.000736877
[1] 0.003520548
[1] "AdaLSE"
[1] 0.03295448
[1] 0.04398978
[1] 0.8

0 1 
2 8 
[1] "Fitting mean A"
[1] "Fitting variance A"
[1] "DR"
[1] 0.001935607
[1] 0.03994977
[1] 0.9

0 1 
1 9 
[1] 11
[1] 0.000736877
[1] 0.003520548
[1] "AdaLSE"
[1] 0.04599268
[1] 0.04947651
[1] 0.8181818

0 1 
2 9 
[1] "Fitting mean A"
[1] "Fitting variance A"
[1] "DR"
[1] 0.0328939
[1] 0.04361526
[1] 0.9090909

 0  1 
 1 10 
[1] 12
[1] 0.000736877
[1] 0.003520548
[1] "AdaLSE"
[1] 0.08887086
[1] 0.04440177
[1] 0.8333333

 0  1 
 2 10 
[1] "Fitting mean A"
[1] "Fitting variance A"
[1] "DR"
[1] 0.06496512
[1] 0.04042567
[1] 0.9166667

 0  1 
 1 11 
[1] 13
[1] 0.000736877
[1] 0.003520548
[1] "AdaLSE"
[1] -0.02952755
[1] 0.03887981
[1] 0.8461538

 0  1 
 2 11 
[1] "Fitting mean A"
[1] "Fitting variance A"
[1] "DR"
[1] -0.03820547
[1] 0.03548365
[1] 0.9230769

 0  1 
 1 12 
[1] 14
[1] 0.000736877
[1] 0.003520548
[1] "AdaLSE"
[1] -0.01056241
[1] 0.04702503
[1] 0.8571429

 0  1 
 2 12 
[1] "Fitting mean A"
[1] "Fitting variance A"
[1] "DR"
[1] -0.01208461
[1] 0.04345403
[1] 0.9285714

 0  1 
 1 13 
[1] 15
[1] 0.000736877
[1] 0.003520548
[1] "AdaLSE"
[1] 0.03792208
[1] 0.03634653
[1] 0.8666667

 0  1 
 2 13 
[1] "Fitting mean A"
[1] "Fitting variance A"
[1] "DR"
[1] 0.03037527
[1] 0.03371024
[1] 0.9333333

 0  1 
 1 14 
[1] 16
[1] 0.000736877
[1] 0.003520548
[1] "AdaLSE"
[1] -0.008306766
[1] 0.03864217
[1] 0.875

 0  1 
 2 14 
[1] "Fitting mean A"
[1] "Fitting variance A"
[1] "DR"
[1] -0.008228107
[1] 0.03523145
[1] 0.9375

 0  1 
 1 15 
[1] 17
[1] 0.000736877
[1] 0.003520548
[1] "AdaLSE"
[1] 0.1004306
[1] 0.04019505
[1] 0.8235294

 0  1 
 3 14 
[1] "Fitting mean A"
[1] "Fitting variance A"
[1] "DR"
[1] 0.0879514
[1] 0.03523445
[1] 0.8823529

 0  1 
 2 15 
[1] 18
[1] 0.000736877
[1] 0.003520548
[1] "AdaLSE"
[1] 0.06331624
[1] 0.03942397
[1] 0.8333333

 0  1 
 3 15 
[1] "Fitting mean A"
[1] "Fitting variance A"
[1] "DR"
[1] 0.047162
[1] 0.03509251
[1] 0.8888889

 0  1 
 2 16 
[1] 19
[1] 0.000736877
[1] 0.003520548
[1] "AdaLSE"
[1] -0.05294581
[1] 0.04141781
[1] 0.8421053

 0  1 
 3 16 
[1] "Fitting mean A"
[1] "Fitting variance A"
[1] "DR"
[1] -0.06301753
[1] 0.03677223
[1] 0.8947368

 0  1 
 2 17 
[1] 20
[1] 0.000736877
[1] 0.003520548
[1] "AdaLSE"
[1] 0.02009939
[1] 0.05162221
[1] 0.85

 0  1 
 3 17 
[1] "Fitting mean A"
[1] "Fitting variance A"
[1] "DR"
[1] -0.01214795
[1] 0.04941023
[1] 0.9

 0  1 
 2 18 
[1] 21
[1] 0.000736877
[1] 0.003520548
[1] "AdaLSE"
[1] 0.07715288
[1] 0.04667366
[1] 0.8571429

 0  1 
 3 18 
[1] "Fitting mean A"
[1] "Fitting variance A"
[1] "DR"
[1] 0.05596593
[1] 0.04200909
[1] 0.9047619

 0  1 
 2 19 
[1] 22
[1] 0.000736877
[1] 0.003520548
[1] "AdaLSE"
[1] 0.02973279
[1] 0.04515988
[1] 0.8636364

 0  1 
 3 19 
[1] "Fitting mean A"
[1] "Fitting variance A"
[1] "DR"
[1] 0.01780403
[1] 0.04059557
[1] 0.9090909

 0  1 
 2 20 
[1] 23
[1] 0.000736877
[1] 0.003520548
[1] "AdaLSE"
[1] 0.04447628
[1] 0.04762442
[1] 0.8695652

 0  1 
 3 20 
[1] "Fitting mean A"
[1] "Fitting variance A"
[1] "DR"
[1] 0.01862081
[1] 0.04128262
[1] 0.9130435

 0  1 
 2 21 
[1] 24
[1] 0.000736877
[1] 0.003520548
[1] "AdaLSE"
[1] -0.001066097
[1] 0.03899435
[1] 0.875

 0  1 
 3 21 
[1] "Fitting mean A"
[1] "Fitting variance A"
[1] "DR"
[1] -0.005140621
[1] 0.0345562
[1] 0.9166667

 0  1 
 2 22 
[1] 25
[1] 0.000736877
[1] 0.003520548
[1] "AdaLSE"
[1] -0.07153655
[1] 0.03909555
[1] 0.88

 0  1 
 3 22 
[1] "Fitting mean A"
[1] "Fitting variance A"
[1] "DR"
[1] -0.07744656
[1] 0.03403121
[1] 0.88

 0  1 
 3 22 
[1] 26
[1] 0.000736877
[1] 0.003520548
[1] "AdaLSE"
[1] -0.04782645
[1] 0.04922336
[1] 0.8846154

 0  1 
 3 23 
[1] "Fitting mean A"
[1] "Fitting variance A"
[1] "DR"
[1] -0.06459647
[1] 0.04428335
[1] 0.8846154

 0  1 
 3 23 
[1] 27
[1] 0.000736877
[1] 0.003520548
[1] "AdaLSE"
[1] 0.1083432
[1] 0.04789098
[1] 0.8518519

 0  1 
 4 23 
[1] "Fitting mean A"
[1] "Fitting variance A"
[1] "DR"
[1] 0.06551686
[1] 0.04236812
[1] 0.8888889

 0  1 
 3 24 
[1] 28
[1] 0.000736877
[1] 0.003520548
[1] "AdaLSE"
[1] 0.08964188
[1] 0.04644271
[1] 0.8571429

 0  1 
 4 24 
[1] "Fitting mean A"
[1] "Fitting variance A"
[1] "DR"
[1] 0.07564827
[1] 0.04241278
[1] 0.8928571

 0  1 
 3 25 
[1] 29
[1] 0.000736877
[1] 0.003520548
[1] "AdaLSE"
[1] 0.0942948
[1] 0.04694293
[1] 0.862069

 0  1 
 4 25 
[1] "Fitting mean A"
[1] "Fitting variance A"
[1] "DR"
[1] 0.06629064
[1] 0.04239964
[1] 0.8965517

 0  1 
 3 26 
[1] 30
[1] 0.000736877
[1] 0.003520548
[1] "AdaLSE"
[1] -0.009278387
[1] 0.03613942
[1] 0.8666667

 0  1 
 4 26 
[1] "Fitting mean A"
[1] "Fitting variance A"
[1] "DR"
[1] -0.01232681
[1] 0.03312061
[1] 0.9

 0  1 
 3 27 
[1] 31
[1] 0.000736877
[1] 0.003520548
[1] "AdaLSE"
[1] -0.01355367
[1] 0.04687642
[1] 0.8709677

 0  1 
 4 27 
[1] "Fitting mean A"
[1] "Fitting variance A"
[1] "DR"
[1] -0.03064779
[1] 0.04372084
[1] 0.9032258

 0  1 
 3 28 
[1] 32
[1] 0.000736877
[1] 0.003520548
[1] "AdaLSE"
[1] 0.1263981
[1] 0.03768817
[1] 0.84375

 0  1 
 5 27 
[1] "Fitting mean A"
[1] "Fitting variance A"
[1] "DR"
[1] 0.1223397
[1] 0.03229442
[1] 0.875

 0  1 
 4 28 
[1] 33
[1] 0.000736877
[1] 0.003520548
[1] "AdaLSE"
[1] 0.01816935
[1] 0.04343128
[1] 0.8484848

 0  1 
 5 28 
[1] "Fitting mean A"
[1] "Fitting variance A"
[1] "DR"
[1] 0.003325336
[1] 0.03757695
[1] 0.8787879

 0  1 
 4 29 
[1] 34
[1] 0.000736877
[1] 0.003520548
[1] "AdaLSE"
[1] 0.08128931
[1] 0.04936846
[1] 0.8529412

 0  1 
 5 29 
[1] "Fitting mean A"
[1] "Fitting variance A"
[1] "DR"
[1] 0.03050402
[1] 0.04574716
[1] 0.8823529

 0  1 
 4 30 
[1] 35
[1] 0.000736877
[1] 0.003520548
[1] "AdaLSE"
[1] 0.04273163
[1] 0.04701806
[1] 0.8571429

 0  1 
 5 30 
[1] "Fitting mean A"
[1] "Fitting variance A"
[1] "DR"
[1] 0.001535094
[1] 0.04439276
[1] 0.8857143

 0  1 
 4 31 
[1] 36
[1] 0.000736877
[1] 0.003520548
[1] "AdaLSE"
[1] -0.06346078
[1] 0.04233019
[1] 0.8611111

 0  1 
 5 31 
[1] "Fitting mean A"
[1] "Fitting variance A"
[1] "DR"
[1] -0.08727946
[1] 0.04040276
[1] 0.8611111

 0  1 
 5 31 
[1] 37
[1] 0.000736877
[1] 0.003520548
[1] "AdaLSE"
[1] 0.02375174
[1] 0.04627596
[1] 0.8648649

 0  1 
 5 32 
[1] "Fitting mean A"
[1] "Fitting variance A"
[1] "DR"
[1] -0.0001316356
[1] 0.04173279
[1] 0.8648649

 0  1 
 5 32 
[1] 38
[1] 0.000736877
[1] 0.003520548
[1] "AdaLSE"
[1] 0.07569997
[1] 0.04773638
[1] 0.8684211

 0  1 
 5 33 
[1] "Fitting mean A"
[1] "Fitting variance A"
[1] "DR"
[1] 0.06500147
[1] 0.04355224
[1] 0.8684211

 0  1 
 5 33 
[1] 39
[1] 0.000736877
[1] 0.003520548
[1] "AdaLSE"
[1] 0.08599461
[1] 0.03910818
[1] 0.8461538

 0  1 
 6 33 
[1] "Fitting mean A"
[1] "Fitting variance A"
[1] "DR"
[1] 0.08500235
[1] 0.03361482
[1] 0.8461538

 0  1 
 6 33 
[1] 40
[1] 0.000736877
[1] 0.003520548
[1] "AdaLSE"
[1] 0.04209384
[1] 0.04617809
[1] 0.85

 0  1 
 6 34 
[1] "Fitting mean A"
[1] "Fitting variance A"
[1] "DR"
[1] 0.007509319
[1] 0.04226226
[1] 0.85

 0  1 
 6 34 
[1] 41
[1] 0.000736877
[1] 0.003520548
[1] "AdaLSE"
[1] 0.08745772
[1] 0.03889458
[1] 0.8292683

 0  1 
 7 34 
[1] "Fitting mean A"
[1] "Fitting variance A"
[1] "DR"
[1] 0.07646017
[1] 0.03519019
[1] 0.8292683

 0  1 
 7 34 
[1] 42
[1] 0.000736877
[1] 0.003520548
[1] "AdaLSE"
[1] 0.1000125
[1] 0.04545742
[1] 0.8095238

 0  1 
 8 34 
[1] "Fitting mean A"
[1] "Fitting variance A"
[1] "DR"
[1] 0.06644211
[1] 0.03975954
[1] 0.8333333

 0  1 
 7 35 
[1] 43
[1] 0.000736877
[1] 0.003520548
[1] "AdaLSE"
[1] 0.04163068
[1] 0.03982549
[1] 0.8139535

 0  1 
 8 35 
[1] "Fitting mean A"
[1] "Fitting variance A"
[1] "DR"
[1] 0.0253783
[1] 0.03548036
[1] 0.8372093

 0  1 
 7 36 
[1] 44
[1] 0.000736877
[1] 0.003520548
[1] "AdaLSE"
[1] 0.005030543
[1] 0.04831962
[1] 0.8181818

 0  1 
 8 36 
[1] "Fitting mean A"
[1] "Fitting variance A"
[1] "DR"
[1] -0.01258184
[1] 0.04348017
[1] 0.8409091

 0  1 
 7 37 
[1] 45
[1] 0.000736877
[1] 0.003520548
[1] "AdaLSE"
[1] -0.04278681
[1] 0.04533683
[1] 0.8222222

 0  1 
 8 37 
[1] "Fitting mean A"
[1] "Fitting variance A"
[1] "DR"
[1] -0.06979612
[1] 0.04167382
[1] 0.8444444

 0  1 
 7 38 
[1] 46
[1] 0.000736877
[1] 0.003520548
[1] "AdaLSE"
[1] 0.02541941
[1] 0.04750228
[1] 0.826087

 0  1 
 8 38 
[1] "Fitting mean A"
[1] "Fitting variance A"
[1] "DR"
[1] 0.003067434
[1] 0.0457736
[1] 0.8478261

 0  1 
 7 39 
[1] 47
[1] 0.000736877
[1] 0.003520548
[1] "AdaLSE"
[1] 0.07694677
[1] 0.04297478
[1] 0.8297872

 0  1 
 8 39 
[1] "Fitting mean A"
[1] "Fitting variance A"
[1] "DR"
[1] 0.05358914
[1] 0.03848657
[1] 0.8510638

 0  1 
 7 40 
[1] 48
[1] 0.000736877
[1] 0.003520548
[1] "AdaLSE"
[1] 0.0522438
[1] 0.04626865
[1] 0.8333333

 0  1 
 8 40 
[1] "Fitting mean A"
[1] "Fitting variance A"
[1] "DR"
[1] 0.009643377
[1] 0.04317371
[1] 0.8541667

 0  1 
 7 41 
[1] 49
[1] 0.000736877
[1] 0.003520548
[1] "AdaLSE"
[1] -0.06474947
[1] 0.04729521
[1] 0.8367347

 0  1 
 8 41 
[1] "Fitting mean A"
[1] "Fitting variance A"
[1] "DR"
[1] -0.0876448
[1] 0.04369176
[1] 0.8367347

 0  1 
 8 41 
[1] 50
[1] 0.000736877
[1] 0.003520548
[1] "AdaLSE"
[1] -0.04569948
[1] 0.04850015
[1] 0.84

 0  1 
 8 42 
[1] "Fitting mean A"
[1] "Fitting variance A"
[1] "DR"
[1] -0.06960421
[1] 0.04507925
[1] 0.84

 0  1 
 8 42 
[1] 51
[1] 0.000736877
[1] 0.003520548
[1] "AdaLSE"
[1] 0.05152636
[1] 0.04384927
[1] 0.8431373

 0  1 
 8 43 
[1] "Fitting mean A"
[1] "Fitting variance A"
[1] "DR"
[1] 0.02482194
[1] 0.03959688
[1] 0.8431373

 0  1 
 8 43 
[1] 52
[1] 0.000736877
[1] 0.003520548
[1] "AdaLSE"
[1] -0.02711037
[1] 0.04734161
[1] 0.8461538

 0  1 
 8 44 
[1] "Fitting mean A"
[1] "Fitting variance A"
[1] "DR"
[1] -0.0504518
[1] 0.0449233
[1] 0.8461538

 0  1 
 8 44 
[1] 53
[1] 0.000736877
[1] 0.003520548
[1] "AdaLSE"
[1] 0.102179
[1] 0.04779059
[1] 0.8301887

 0  1 
 9 44 
[1] "Fitting mean A"
[1] "Fitting variance A"
[1] "DR"
[1] 0.07160864
[1] 0.04322132
[1] 0.8490566

 0  1 
 8 45 
[1] 54
[1] 0.000736877
[1] 0.003520548
[1] "AdaLSE"
[1] -0.01496932
[1] 0.0401373
[1] 0.8333333

 0  1 
 9 45 
[1] "Fitting mean A"
[1] "Fitting variance A"
[1] "DR"
[1] -0.02895216
[1] 0.03687468
[1] 0.8518519

 0  1 
 8 46 
[1] 55
[1] 0.000736877
[1] 0.003520548
[1] "AdaLSE"
[1] 0.01995485
[1] 0.0381634
[1] 0.8363636

 0  1 
 9 46 
[1] "Fitting mean A"
[1] "Fitting variance A"
[1] "DR"
[1] 0.001594045
[1] 0.03442525
[1] 0.8545455

 0  1 
 8 47 
[1] 56
[1] 0.000736877
[1] 0.003520548
[1] "AdaLSE"
[1] -0.05551167
[1] 0.04500646
[1] 0.8392857

 0  1 
 9 47 
[1] "Fitting mean A"
[1] "Fitting variance A"
[1] "DR"
[1] -0.06914219
[1] 0.04076462
[1] 0.8571429

 0  1 
 8 48 
[1] 57
[1] 0.000736877
[1] 0.003520548
[1] "AdaLSE"
[1] 0.09481211
[1] 0.05171041
[1] 0.8421053

 0  1 
 9 48 
[1] "Fitting mean A"
[1] "Fitting variance A"
[1] "DR"
[1] 0.0886104
[1] 0.04592249
[1] 0.8596491

 0  1 
 8 49 
[1] 58
[1] 0.000736877
[1] 0.003520548
[1] "AdaLSE"
[1] 0.01662353
[1] 0.0453782
[1] 0.8448276

 0  1 
 9 49 
[1] "Fitting mean A"
[1] "Fitting variance A"
[1] "DR"
[1] 0.0020812
[1] 0.0429933
[1] 0.862069

 0  1 
 8 50 
[1] 59
[1] 0.000736877
[1] 0.003520548
[1] "AdaLSE"
[1] 0.06613158
[1] 0.03876528
[1] 0.8474576

 0  1 
 9 50 
[1] "Fitting mean A"
[1] "Fitting variance A"
[1] "DR"
[1] 0.05211326
[1] 0.03643027
[1] 0.8644068

 0  1 
 8 51 
[1] 60
[1] 0.000736877
[1] 0.003520548
[1] "AdaLSE"
[1] 0.01998672
[1] 0.03814551
[1] 0.85

 0  1 
 9 51 
[1] "Fitting mean A"
[1] "Fitting variance A"
[1] "DR"
[1] 0.01361495
[1] 0.03608061
[1] 0.8666667

 0  1 
 8 52 
[1] 61
[1] 0.000736877
[1] 0.003520548
[1] "AdaLSE"
[1] 0.006224701
[1] 0.0470418
[1] 0.852459

 0  1 
 9 52 
[1] "Fitting mean A"
[1] "Fitting variance A"
[1] "DR"
[1] -0.02050606
[1] 0.04268859
[1] 0.8688525

 0  1 
 8 53 
[1] 62
[1] 0.000736877
[1] 0.003520548
[1] "AdaLSE"
[1] 0.1144097
[1] 0.04634445
[1] 0.8387097

 0  1 
10 52 
[1] "Fitting mean A"
[1] "Fitting variance A"
[1] "DR"
[1] 0.09056983
[1] 0.04171828
[1] 0.8548387

 0  1 
 9 53 
[1] 63
[1] 0.000736877
[1] 0.003520548
[1] "AdaLSE"
[1] 0.04015366
[1] 0.05008182
[1] 0.8412698

 0  1 
10 53 
[1] "Fitting mean A"
[1] "Fitting variance A"
[1] "DR"
[1] 0.02025692
[1] 0.04361635
[1] 0.8571429

 0  1 
 9 54 
[1] 64
[1] 0.000736877
[1] 0.003520548
[1] "AdaLSE"
[1] 0.04713005
[1] 0.05006778
[1] 0.84375

 0  1 
10 54 
[1] "Fitting mean A"
[1] "Fitting variance A"
[1] "DR"
[1] 0.03723886
[1] 0.04525972
[1] 0.859375

 0  1 
 9 55 
[1] 65
[1] 0.000736877
[1] 0.003520548
[1] "AdaLSE"
[1] 0.02642243
[1] 0.04893906
[1] 0.8461538

 0  1 
10 55 
[1] "Fitting mean A"
[1] "Fitting variance A"
[1] "DR"
[1] -0.0164127
[1] 0.04572845
[1] 0.8615385

 0  1 
 9 56 
[1] 66
[1] 0.000736877
[1] 0.003520548
[1] "AdaLSE"
[1] 0.05975695
[1] 0.04844742
[1] 0.8484848

 0  1 
10 56 
[1] "Fitting mean A"
[1] "Fitting variance A"
[1] "DR"
[1] 0.04403412
[1] 0.04365038
[1] 0.8636364

 0  1 
 9 57 
[1] 67
[1] 0.000736877
[1] 0.003520548
[1] "AdaLSE"
[1] 0.00443171
[1] 0.04765109
[1] 0.8507463

 0  1 
10 57 
[1] "Fitting mean A"
[1] "Fitting variance A"
[1] "DR"
[1] -0.01923995
[1] 0.04422331
[1] 0.8656716

 0  1 
 9 58 
[1] 68
[1] 0.000736877
[1] 0.003520548
[1] "AdaLSE"
[1] -0.0111553
[1] 0.04961817
[1] 0.8529412

 0  1 
10 58 
[1] "Fitting mean A"
[1] "Fitting variance A"
[1] "DR"
[1] -0.03348961
[1] 0.0441712
[1] 0.8676471

 0  1 
 9 59 
[1] 69
[1] 0.000736877
[1] 0.003520548
[1] "AdaLSE"
[1] 0.01792566
[1] 0.04536405
[1] 0.8550725

 0  1 
10 59 
[1] "Fitting mean A"
[1] "Fitting variance A"
[1] "DR"
[1] 0.01298096
[1] 0.04315035
[1] 0.8695652

 0  1 
 9 60 
[1] 70
[1] 0.000736877
[1] 0.003520548
[1] "AdaLSE"
[1] 0.03634121
[1] 0.0478763
[1] 0.8571429

 0  1 
10 60 
[1] "Fitting mean A"
[1] "Fitting variance A"
[1] "DR"
[1] 0.008148443
[1] 0.04279478
[1] 0.8714286

 0  1 
 9 61 
[1] 71
[1] 0.000736877
[1] 0.003520548
[1] "AdaLSE"
[1] 0.01912777
[1] 0.03985603
[1] 0.8591549

 0  1 
10 61 
[1] "Fitting mean A"
[1] "Fitting variance A"
[1] "DR"
[1] -0.01014306
[1] 0.03673512
[1] 0.8732394

 0  1 
 9 62 
[1] 72
[1] 0.000736877
[1] 0.003520548
[1] "AdaLSE"
[1] 0.009938603
[1] 0.04053105
[1] 0.8611111

 0  1 
10 62 
[1] "Fitting mean A"
[1] "Fitting variance A"
[1] "DR"
[1] -0.002024682
[1] 0.03857108
[1] 0.875

 0  1 
 9 63 
[1] 73
[1] 0.000736877
[1] 0.003520548
[1] "AdaLSE"
[1] 0.03462424
[1] 0.04599656
[1] 0.8630137

 0  1 
10 63 
[1] "Fitting mean A"
[1] "Fitting variance A"
[1] "DR"
[1] 0.006407776
[1] 0.04142075
[1] 0.8767123

 0  1 
 9 64 
[1] 74
[1] 0.000736877
[1] 0.003520548
[1] "AdaLSE"
[1] 0.09491345
[1] 0.04028088
[1] 0.8513514

 0  1 
11 63 
[1] "Fitting mean A"
[1] "Fitting variance A"
[1] "DR"
[1] 0.06273079
[1] 0.03688288
[1] 0.8783784

 0  1 
 9 65 
[1] 75
[1] 0.000736877
[1] 0.003520548
[1] "AdaLSE"
[1] 0.04981708
[1] 0.04035057
[1] 0.8533333

 0  1 
11 64 
[1] "Fitting mean A"
[1] "Fitting variance A"
[1] "DR"
[1] 0.03604402
[1] 0.0356454
[1] 0.88

 0  1 
 9 66 
[1] 76
[1] 0.000736877
[1] 0.003520548
[1] "AdaLSE"
[1] 0.05194093
[1] 0.04342145
[1] 0.8552632

 0  1 
11 65 
[1] "Fitting mean A"
[1] "Fitting variance A"
[1] "DR"
[1] 0.03723647
[1] 0.04131342
[1] 0.8815789

 0  1 
 9 67 
[1] 77
[1] 0.000736877
[1] 0.003520548
[1] "AdaLSE"
[1] 0.006082912
[1] 0.04581011
[1] 0.8571429

 0  1 
11 66 
[1] "Fitting mean A"
[1] "Fitting variance A"
[1] "DR"
[1] -0.006733424
[1] 0.04278132
[1] 0.8831169

 0  1 
 9 68 
[1] 78
[1] 0.000736877
[1] 0.003520548
[1] "AdaLSE"
[1] 0.08432552
[1] 0.04293371
[1] 0.8589744

 0  1 
11 67 
[1] "Fitting mean A"
[1] "Fitting variance A"
[1] "DR"
[1] 0.06817929
[1] 0.04014874
[1] 0.8846154

 0  1 
 9 69 
[1] 79
[1] 0.000736877
[1] 0.003520548
[1] "AdaLSE"
[1] 7.265545e-05
[1] 0.04250024
[1] 0.8607595

 0  1 
11 68 
[1] "Fitting mean A"
[1] "Fitting variance A"
[1] "DR"
[1] -0.01619951
[1] 0.04007944
[1] 0.8860759

 0  1 
 9 70 
[1] 80
[1] 0.000736877
[1] 0.003520548
[1] "AdaLSE"
[1] 0.03132396
[1] 0.05098151
[1] 0.8625

 0  1 
11 69 
[1] "Fitting mean A"
[1] "Fitting variance A"
[1] "DR"
[1] -0.003024425
[1] 0.04642249
[1] 0.8875

 0  1 
 9 71 
[1] 81
[1] 0.000736877
[1] 0.003520548
[1] "AdaLSE"
[1] -0.01433239
[1] 0.04035755
[1] 0.8641975

 0  1 
11 70 
[1] "Fitting mean A"
[1] "Fitting variance A"
[1] "DR"
[1] -0.01324741
[1] 0.03591511
[1] 0.8888889

 0  1 
 9 72 
[1] 82
[1] 0.000736877
[1] 0.003520548
[1] "AdaLSE"
[1] -0.001179124
[1] 0.04268493
[1] 0.8658537

 0  1 
11 71 
[1] "Fitting mean A"
[1] "Fitting variance A"
[1] "DR"
[1] -0.009760452
[1] 0.03885163
[1] 0.8902439

 0  1 
 9 73 
[1] 83
[1] 0.000736877
[1] 0.003520548
[1] "AdaLSE"
[1] -0.03170417
[1] 0.05510334
[1] 0.8674699

 0  1 
11 72 
[1] "Fitting mean A"
[1] "Fitting variance A"
[1] "DR"
[1] -0.04952247
[1] 0.05159534
[1] 0.8915663

 0  1 
 9 74 
[1] 84
[1] 0.000736877
[1] 0.003520548
[1] "AdaLSE"
[1] 0.03727806
[1] 0.05222749
[1] 0.8690476

 0  1 
11 73 
[1] "Fitting mean A"
[1] "Fitting variance A"
[1] "DR"
[1] 0.008566805
[1] 0.04791838
[1] 0.8928571

 0  1 
 9 75 
[1] 85
[1] 0.000736877
[1] 0.003520548
[1] "AdaLSE"
[1] 0.0649657
[1] 0.04632006
[1] 0.8705882

 0  1 
11 74 
[1] "Fitting mean A"
[1] "Fitting variance A"
[1] "DR"
[1] 0.04902118
[1] 0.04205618
[1] 0.8941176

 0  1 
 9 76 
[1] 86
[1] 0.000736877
[1] 0.003520548
[1] "AdaLSE"
[1] 0.0299246
[1] 0.04093064
[1] 0.872093

 0  1 
11 75 
[1] "Fitting mean A"
[1] "Fitting variance A"
[1] "DR"
[1] 0.02528577
[1] 0.03457138
[1] 0.8953488

 0  1 
 9 77 
[1] 87
[1] 0.000736877
[1] 0.003520548
[1] "AdaLSE"
[1] -0.001037196
[1] 0.04520241
[1] 0.8735632

 0  1 
11 76 
[1] "Fitting mean A"
[1] "Fitting variance A"
[1] "DR"
[1] -0.01599698
[1] 0.04132484
[1] 0.8965517

 0  1 
 9 78 
[1] 88
[1] 0.000736877
[1] 0.003520548
[1] "AdaLSE"
[1] 0.002357919
[1] 0.03779122
[1] 0.875

 0  1 
11 77 
[1] "Fitting mean A"
[1] "Fitting variance A"
[1] "DR"
[1] -0.00610197
[1] 0.03275745
[1] 0.8977273

 0  1 
 9 79 
[1] 89
[1] 0.000736877
[1] 0.003520548
[1] "AdaLSE"
[1] 0.06822508
[1] 0.04848847
[1] 0.8764045

 0  1 
11 78 
[1] "Fitting mean A"
[1] "Fitting variance A"
[1] "DR"
[1] 0.04234133
[1] 0.04231293
[1] 0.8988764

 0  1 
 9 80 
[1] 90
[1] 0.000736877
[1] 0.003520548
[1] "AdaLSE"
[1] -0.07110915
[1] 0.04517439
[1] 0.8777778

 0  1 
11 79 
[1] "Fitting mean A"
[1] "Fitting variance A"
[1] "DR"
[1] -0.09659173
[1] 0.04194885
[1] 0.8888889

 0  1 
10 80 
[1] 91
[1] 0.000736877
[1] 0.003520548
[1] "AdaLSE"
[1] 0.04462392
[1] 0.04948846
[1] 0.8791209

 0  1 
11 80 
[1] "Fitting mean A"
[1] "Fitting variance A"
[1] "DR"
[1] 0.01446955
[1] 0.04457214
[1] 0.8901099

 0  1 
10 81 
[1] 92
[1] 0.000736877
[1] 0.003520548
[1] "AdaLSE"
[1] 0.07560208
[1] 0.04455415
[1] 0.8804348

 0  1 
11 81 
[1] "Fitting mean A"
[1] "Fitting variance A"
[1] "DR"
[1] 0.04603968
[1] 0.04016967
[1] 0.8913043

 0  1 
10 82 
[1] 93
[1] 0.000736877
[1] 0.003520548
[1] "AdaLSE"
[1] 0.02144565
[1] 0.04975415
[1] 0.8817204

 0  1 
11 82 
[1] "Fitting mean A"
[1] "Fitting variance A"
[1] "DR"
[1] -0.02272118
[1] 0.04607615
[1] 0.8924731

 0  1 
10 83 
[1] 94
[1] 0.000736877
[1] 0.003520548
[1] "AdaLSE"
[1] -0.001931993
[1] 0.04511741
[1] 0.8829787

 0  1 
11 83 
[1] "Fitting mean A"
[1] "Fitting variance A"
[1] "DR"
[1] -0.0322064
[1] 0.04076496
[1] 0.893617

 0  1 
10 84 
[1] 95
[1] 0.000736877
[1] 0.003520548
[1] "AdaLSE"
[1] 0.046556
[1] 0.03864161
[1] 0.8842105

 0  1 
11 84 
[1] "Fitting mean A"
[1] "Fitting variance A"
[1] "DR"
[1] 0.03604888
[1] 0.03735985
[1] 0.8947368

 0  1 
10 85 
[1] 96
[1] 0.000736877
[1] 0.003520548
[1] "AdaLSE"
[1] 0.06232227
[1] 0.04922473
[1] 0.8854167

 0  1 
11 85 
[1] "Fitting mean A"
[1] "Fitting variance A"
[1] "DR"
[1] 0.04252012
[1] 0.04447629
[1] 0.8958333

 0  1 
10 86 
[1] 97
[1] 0.000736877
[1] 0.003520548
[1] "AdaLSE"
[1] -0.004753631
[1] 0.04053841
[1] 0.8865979

 0  1 
11 86 
[1] "Fitting mean A"
[1] "Fitting variance A"
[1] "DR"
[1] -0.01959137
[1] 0.0370576
[1] 0.8969072

 0  1 
10 87 
[1] 98
[1] 0.000736877
[1] 0.003520548
[1] "AdaLSE"
[1] -0.08125725
[1] 0.04763801
[1] 0.8877551

 0  1 
11 87 
[1] "Fitting mean A"
[1] "Fitting variance A"
[1] "DR"
[1] -0.08295173
[1] 0.0434321
[1] 0.8877551

 0  1 
11 87 
[1] 99
[1] 0.000736877
[1] 0.003520548
[1] "AdaLSE"
[1] 0.01871195
[1] 0.03859319
[1] 0.8888889

 0  1 
11 88 
[1] "Fitting mean A"
[1] "Fitting variance A"
[1] "DR"
[1] 0.004422325
[1] 0.03566372
[1] 0.8888889

 0  1 
11 88 
[1] 100
[1] 0.000736877
[1] 0.003520548
[1] "AdaLSE"
[1] 0.07157218
[1] 0.04598319
[1] 0.89

 0  1 
11 89 
[1] "Fitting mean A"
[1] "Fitting variance A"
[1] "DR"
[1] 0.05703615
[1] 0.04078689
[1] 0.89

 0  1 
11 89 
[1] 101
[1] 0.000736877
[1] 0.003520548
[1] "AdaLSE"
[1] -0.03982808
[1] 0.03854724
[1] 0.8910891

 0  1 
11 90 
[1] "Fitting mean A"
[1] "Fitting variance A"
[1] "DR"
[1] -0.04306757
[1] 0.03592915
[1] 0.8910891

 0  1 
11 90 
[1] 102
[1] 0.000736877
[1] 0.003520548
[1] "AdaLSE"
[1] 0.04436567
[1] 0.04514491
[1] 0.8921569

 0  1 
11 91 
[1] "Fitting mean A"
[1] "Fitting variance A"
[1] "DR"
[1] 0.0258181
[1] 0.03967654
[1] 0.8921569

 0  1 
11 91 
[1] 103
[1] 0.000736877
[1] 0.003520548
[1] "AdaLSE"
[1] -0.0597577
[1] 0.04503997
[1] 0.8932039

 0  1 
11 92 
[1] "Fitting mean A"
[1] "Fitting variance A"
[1] "DR"
[1] -0.08589302
[1] 0.04097804
[1] 0.8834951

 0  1 
12 91 
[1] 104
[1] 0.000736877
[1] 0.003520548
[1] "AdaLSE"
[1] 0.03275563
[1] 0.04965775
[1] 0.8942308

 0  1 
11 93 
[1] "Fitting mean A"
[1] "Fitting variance A"
[1] "DR"
[1] -0.001022143
[1] 0.04437195
[1] 0.8846154

 0  1 
12 92 
[1] 105
[1] 0.000736877
[1] 0.003520548
[1] "AdaLSE"
[1] -0.03524351
[1] 0.03871629
[1] 0.8952381

 0  1 
11 94 
[1] "Fitting mean A"
[1] "Fitting variance A"
[1] "DR"
[1] -0.03479391
[1] 0.03523223
[1] 0.8857143

 0  1 
12 93 
[1] 106
[1] 0.000736877
[1] 0.003520548
[1] "AdaLSE"
[1] 0.03135968
[1] 0.05039093
[1] 0.8962264

 0  1 
11 95 
[1] "Fitting mean A"
[1] "Fitting variance A"
[1] "DR"
[1] 0.01345675
[1] 0.04700247
[1] 0.8867925

 0  1 
12 94 
[1] 107
[1] 0.000736877
[1] 0.003520548
[1] "AdaLSE"
[1] 0.05136687
[1] 0.04791533
[1] 0.8971963

 0  1 
11 96 
[1] "Fitting mean A"
[1] "Fitting variance A"
[1] "DR"
[1] 0.003351115
[1] 0.0439868
[1] 0.8878505

 0  1 
12 95 
[1] 108
[1] 0.000736877
[1] 0.003520548
[1] "AdaLSE"
[1] 0.1075026
[1] 0.03884792
[1] 0.8888889

 0  1 
12 96 
[1] "Fitting mean A"
[1] "Fitting variance A"
[1] "DR"
[1] 0.09151291
[1] 0.03566015
[1] 0.8796296

 0  1 
13 95 
[1] 109
[1] 0.000736877
[1] 0.003520548
[1] "AdaLSE"
[1] 0.05232522
[1] 0.04517539
[1] 0.8899083

 0  1 
12 97 
[1] "Fitting mean A"
[1] "Fitting variance A"
[1] "DR"
[1] 0.03522364
[1] 0.04166544
[1] 0.8807339

 0  1 
13 96 
[1] 110
[1] 0.000736877
[1] 0.003520548
[1] "AdaLSE"
[1] 0.0763165
[1] 0.03943465
[1] 0.8909091

 0  1 
12 98 
[1] "Fitting mean A"
[1] "Fitting variance A"
[1] "DR"
[1] 0.06691326
[1] 0.03545844
[1] 0.8818182

 0  1 
13 97 
[1] 111
[1] 0.000736877
[1] 0.003520548
[1] "AdaLSE"
[1] 0.1079249
[1] 0.04613668
[1] 0.8828829

 0  1 
13 98 
[1] "Fitting mean A"
[1] "Fitting variance A"
[1] "DR"
[1] 0.102708
[1] 0.04350481
[1] 0.8738739

 0  1 
14 97 
[1] 112
[1] 0.000736877
[1] 0.003520548
[1] "AdaLSE"
[1] -0.03589155
[1] 0.04658326
[1] 0.8839286

 0  1 
13 99 
[1] "Fitting mean A"
[1] "Fitting variance A"
[1] "DR"
[1] -0.04790143
[1] 0.04245439
[1] 0.875

 0  1 
14 98 
[1] 113
[1] 0.000736877
[1] 0.003520548
[1] "AdaLSE"
[1] -0.02865009
[1] 0.046292
[1] 0.8849558

  0   1 
 13 100 
[1] "Fitting mean A"
[1] "Fitting variance A"
[1] "DR"
[1] -0.0316409
[1] 0.04280345
[1] 0.8761062

 0  1 
14 99 
[1] 114
[1] 0.000736877
[1] 0.003520548
[1] "AdaLSE"
[1] -0.007981294
[1] 0.04732374
[1] 0.8859649

  0   1 
 13 101 
[1] "Fitting mean A"
[1] "Fitting variance A"
[1] "DR"
[1] -0.02642956
[1] 0.04311313
[1] 0.877193

  0   1 
 14 100 
[1] 115
[1] 0.000736877
[1] 0.003520548
[1] "AdaLSE"
[1] 0.05225432
[1] 0.04618892
[1] 0.8869565

  0   1 
 13 102 
[1] "Fitting mean A"
[1] "Fitting variance A"
[1] "DR"
[1] 0.02658569
[1] 0.04292076
[1] 0.8782609

  0   1 
 14 101 
[1] 116
[1] 0.000736877
[1] 0.003520548
[1] "AdaLSE"
[1] -0.0137529
[1] 0.04286924
[1] 0.887931

  0   1 
 13 103 
[1] "Fitting mean A"
[1] "Fitting variance A"
[1] "DR"
[1] -0.0304056
[1] 0.03963816
[1] 0.8793103

  0   1 
 14 102 
[1] 117
[1] 0.000736877
[1] 0.003520548
[1] "AdaLSE"
[1] 0.0003496605
[1] 0.04928975
[1] 0.8888889

  0   1 
 13 104 
[1] "Fitting mean A"
[1] "Fitting variance A"
[1] "DR"
[1] -0.0256143
[1] 0.04404226
[1] 0.8803419

  0   1 
 14 103 
[1] 118
[1] 0.000736877
[1] 0.003520548
[1] "AdaLSE"
[1] 0.06067198
[1] 0.04841667
[1] 0.8898305

  0   1 
 13 105 
[1] "Fitting mean A"
[1] "Fitting variance A"
[1] "DR"
[1] 0.04419436
[1] 0.045308
[1] 0.8813559

  0   1 
 14 104 
[1] 119
[1] 0.000736877
[1] 0.003520548
[1] "AdaLSE"
[1] 0.05631279
[1] 0.045398
[1] 0.8907563

  0   1 
 13 106 
[1] "Fitting mean A"
[1] "Fitting variance A"
[1] "DR"
[1] 0.02892446
[1] 0.04169733
[1] 0.8823529

  0   1 
 14 105 
[1] 120
[1] 0.000736877
[1] 0.003520548
[1] "AdaLSE"
[1] 0.092339
[1] 0.03925299
[1] 0.8833333

  0   1 
 14 106 
[1] "Fitting mean A"
[1] "Fitting variance A"
[1] "DR"
[1] 0.08244433
[1] 0.03511132
[1] 0.875

  0   1 
 15 105 
[1] 121
[1] 0.000736877
[1] 0.003520548
[1] "AdaLSE"
[1] 0.01920925
[1] 0.04592241
[1] 0.8842975

  0   1 
 14 107 
[1] "Fitting mean A"
[1] "Fitting variance A"
[1] "DR"
[1] -0.00119479
[1] 0.04382823
[1] 0.8760331

  0   1 
 15 106 
[1] 122
[1] 0.000736877
[1] 0.003520548
[1] "AdaLSE"
[1] 0.05928736
[1] 0.0462696
[1] 0.8852459

  0   1 
 14 108 
[1] "Fitting mean A"
[1] "Fitting variance A"
[1] "DR"
[1] 0.02183225
[1] 0.04414365
[1] 0.8770492

  0   1 
 15 107 
[1] 123
[1] 0.000736877
[1] 0.003520548
[1] "AdaLSE"
[1] 0.04632125
[1] 0.04851962
[1] 0.8861789

  0   1 
 14 109 
[1] "Fitting mean A"
[1] "Fitting variance A"
[1] "DR"
[1] 0.02133005
[1] 0.04465157
[1] 0.8780488

  0   1 
 15 108 
[1] 124
[1] 0.000736877
[1] 0.003520548
[1] "AdaLSE"
[1] 0.03094965
[1] 0.03852968
[1] 0.8870968

  0   1 
 14 110 
[1] "Fitting mean A"
[1] "Fitting variance A"
[1] "DR"
[1] 0.02721669
[1] 0.03531663
[1] 0.8790323

  0   1 
 15 109 
[1] 125
[1] 0.000736877
[1] 0.003520548
[1] "AdaLSE"
[1] -0.06052251
[1] 0.04140775
[1] 0.888

  0   1 
 14 111 
[1] "Fitting mean A"
[1] "Fitting variance A"
[1] "DR"
[1] -0.1042683
[1] 0.03744632
[1] 0.872

  0   1 
 16 109 
[1] 126
[1] 0.000736877
[1] 0.003520548
[1] "AdaLSE"
[1] -0.01080359
[1] 0.045127
[1] 0.8888889

  0   1 
 14 112 
[1] "Fitting mean A"
[1] "Fitting variance A"
[1] "DR"
[1] -0.02558456
[1] 0.04286205
[1] 0.8730159

  0   1 
 16 110 
[1] 127
[1] 0.000736877
[1] 0.003520548
[1] "AdaLSE"
[1] 0.03009532
[1] 0.04020615
[1] 0.8897638

  0   1 
 14 113 
[1] "Fitting mean A"
[1] "Fitting variance A"
[1] "DR"
[1] 0.009750518
[1] 0.03718457
[1] 0.8740157

  0   1 
 16 111 
[1] 128
[1] 0.000736877
[1] 0.003520548
[1] "AdaLSE"
[1] -0.009081443
[1] 0.04694616
[1] 0.890625

  0   1 
 14 114 
[1] "Fitting mean A"
[1] "Fitting variance A"
[1] "DR"
[1] -0.02417055
[1] 0.04490936
[1] 0.875

  0   1 
 16 112 
[1] 129
[1] 0.000736877
[1] 0.003520548
[1] "AdaLSE"
[1] 0.00254777
[1] 0.04890187
[1] 0.8914729

  0   1 
 14 115 
[1] "Fitting mean A"
[1] "Fitting variance A"
[1] "DR"
[1] -0.01896995
[1] 0.04614456
[1] 0.875969

  0   1 
 16 113 
[1] 130
[1] 0.000736877
[1] 0.003520548
[1] "AdaLSE"
[1] 0.1394338
[1] 0.04720069
[1] 0.8846154

  0   1 
 15 115 
[1] "Fitting mean A"
[1] "Fitting variance A"
[1] "DR"
[1] 0.1089766
[1] 0.04468245
[1] 0.8692308

  0   1 
 17 113 
[1] 131
[1] 0.000736877
[1] 0.003520548
[1] "AdaLSE"
[1] 0.06538978
[1] 0.04570127
[1] 0.8854962

  0   1 
 15 116 
[1] "Fitting mean A"
[1] "Fitting variance A"
[1] "DR"
[1] 0.03885718
[1] 0.04026109
[1] 0.870229

  0   1 
 17 114 
[1] 132
[1] 0.000736877
[1] 0.003520548
[1] "AdaLSE"
[1] -0.008205334
[1] 0.0428905
[1] 0.8863636

  0   1 
 15 117 
[1] "Fitting mean A"
[1] "Fitting variance A"
[1] "DR"
[1] -0.01117661
[1] 0.03850492
[1] 0.8712121

  0   1 
 17 115 
[1] 133
[1] 0.000736877
[1] 0.003520548
[1] "AdaLSE"
[1] 0.1200499
[1] 0.04265521
[1] 0.8796992

  0   1 
 16 117 
[1] "Fitting mean A"
[1] "Fitting variance A"
[1] "DR"
[1] 0.09959669
[1] 0.04064875
[1] 0.8646617

  0   1 
 18 115 
[1] 134
[1] 0.000736877
[1] 0.003520548
[1] "AdaLSE"
[1] 0.03664204
[1] 0.04687587
[1] 0.880597

  0   1 
 16 118 
[1] "Fitting mean A"
[1] "Fitting variance A"
[1] "DR"
[1] 0.01286211
[1] 0.04364518
[1] 0.8656716

  0   1 
 18 116 
[1] 135
[1] 0.000736877
[1] 0.003520548
[1] "AdaLSE"
[1] 0.07287844
[1] 0.04279275
[1] 0.8814815

  0   1 
 16 119 
[1] "Fitting mean A"
[1] "Fitting variance A"
[1] "DR"
[1] 0.03974808
[1] 0.03968023
[1] 0.8666667

  0   1 
 18 117 
[1] 136
[1] 0.000736877
[1] 0.003520548
[1] "AdaLSE"
[1] 0.04977913
[1] 0.03858576
[1] 0.8823529

  0   1 
 16 120 
[1] "Fitting mean A"
[1] "Fitting variance A"
[1] "DR"
[1] 0.03046649
[1] 0.03552079
[1] 0.8676471

  0   1 
 18 118 
[1] 137
[1] 0.000736877
[1] 0.003520548
[1] "AdaLSE"
[1] 0.03414909
[1] 0.0477801
[1] 0.8832117

  0   1 
 16 121 
[1] "Fitting mean A"
[1] "Fitting variance A"
[1] "DR"
[1] -0.00480291
[1] 0.04338018
[1] 0.8686131

  0   1 
 18 119 
[1] 138
[1] 0.000736877
[1] 0.003520548
[1] "AdaLSE"
[1] 0.05182098
[1] 0.04721843
[1] 0.884058

  0   1 
 16 122 
[1] "Fitting mean A"
[1] "Fitting variance A"
[1] "DR"
[1] 0.03108521
[1] 0.04193682
[1] 0.8695652

  0   1 
 18 120 
[1] 139
[1] 0.000736877
[1] 0.003520548
[1] "AdaLSE"
[1] 0.06070583
[1] 0.04569589
[1] 0.8848921

  0   1 
 16 123 
[1] "Fitting mean A"
[1] "Fitting variance A"
[1] "DR"
[1] 0.05215632
[1] 0.041069
[1] 0.8705036

  0   1 
 18 121 
[1] 140
[1] 0.000736877
[1] 0.003520548
[1] "AdaLSE"
[1] 0.02082484
[1] 0.04950869
[1] 0.8857143

  0   1 
 16 124 
[1] "Fitting mean A"
[1] "Fitting variance A"
[1] "DR"
[1] 0.02643497
[1] 0.04467655
[1] 0.8714286

  0   1 
 18 122 
[1] 141
[1] 0.000736877
[1] 0.003520548
[1] "AdaLSE"
[1] -0.1143253
[1] 0.04665753
[1] 0.8794326

  0   1 
 17 124 
[1] "Fitting mean A"
[1] "Fitting variance A"
[1] "DR"
[1] -0.1315257
[1] 0.04247641
[1] 0.8652482

  0   1 
 19 122 
[1] 142
[1] 0.000736877
[1] 0.003520548
[1] "AdaLSE"
[1] 0.09659388
[1] 0.04701046
[1] 0.8732394

  0   1 
 18 124 
[1] "Fitting mean A"
[1] "Fitting variance A"
[1] "DR"
[1] 0.07031145
[1] 0.04382622
[1] 0.8661972

  0   1 
 19 123 
[1] 143
[1] 0.000736877
[1] 0.003520548
[1] "AdaLSE"
[1] 0.05294164
[1] 0.04529004
[1] 0.8741259

  0   1 
 18 125 
[1] "Fitting mean A"
[1] "Fitting variance A"
[1] "DR"
[1] 0.03584013
[1] 0.04201942
[1] 0.8671329

  0   1 
 19 124 
[1] 144
[1] 0.000736877
[1] 0.003520548
[1] "AdaLSE"
[1] -0.07488688
[1] 0.03726528
[1] 0.8680556

  0   1 
 19 125 
[1] "Fitting mean A"
[1] "Fitting variance A"
[1] "DR"
[1] -0.07037358
[1] 0.03459443
[1] 0.8611111

  0   1 
 20 124 
[1] 145
[1] 0.000736877
[1] 0.003520548
[1] "AdaLSE"
[1] 0.05253013
[1] 0.04145163
[1] 0.8689655

  0   1 
 19 126 
[1] "Fitting mean A"
[1] "Fitting variance A"
[1] "DR"
[1] 0.02257999
[1] 0.0398442
[1] 0.862069

  0   1 
 20 125 
[1] 146
[1] 0.000736877
[1] 0.003520548
[1] "AdaLSE"
[1] 0.03996358
[1] 0.04152286
[1] 0.869863

  0   1 
 19 127 
[1] "Fitting mean A"
[1] "Fitting variance A"
[1] "DR"
[1] 0.01547575
[1] 0.03783212
[1] 0.8630137

  0   1 
 20 126 
[1] 147
[1] 0.000736877
[1] 0.003520548
[1] "AdaLSE"
[1] 0.00927051
[1] 0.04472062
[1] 0.8707483

  0   1 
 19 128 
[1] "Fitting mean A"
[1] "Fitting variance A"
[1] "DR"
[1] -0.02570282
[1] 0.04212399
[1] 0.8639456

  0   1 
 20 127 
[1] 148
[1] 0.000736877
[1] 0.003520548
[1] "AdaLSE"
[1] 0.05655692
[1] 0.04020172
[1] 0.8716216

  0   1 
 19 129 
[1] "Fitting mean A"
[1] "Fitting variance A"
[1] "DR"
[1] 0.04360269
[1] 0.03453288
[1] 0.8648649

  0   1 
 20 128 
[1] 149
[1] 0.000736877
[1] 0.003520548
[1] "AdaLSE"
[1] 0.0800373
[1] 0.04626052
[1] 0.8724832

  0   1 
 19 130 
[1] "Fitting mean A"
[1] "Fitting variance A"
[1] "DR"
[1] 0.05150014
[1] 0.04400979
[1] 0.8657718

  0   1 
 20 129 
[1] 150
[1] 0.000736877
[1] 0.003520548
[1] "AdaLSE"
[1] 0.09165778
[1] 0.04639675
[1] 0.8733333

  0   1 
 19 131 
[1] "Fitting mean A"
[1] "Fitting variance A"
[1] "DR"
[1] 0.0733863
[1] 0.04271669
[1] 0.8666667

  0   1 
 20 130 
[1] 151
[1] 0.000736877
[1] 0.003520548
[1] "AdaLSE"
[1] 0.1431038
[1] 0.04046203
[1] 0.8675497

  0   1 
 20 131 
[1] "Fitting mean A"
[1] "Fitting variance A"
[1] "DR"
[1] 0.1289562
[1] 0.03991419
[1] 0.8609272

  0   1 
 21 130 
[1] 152
[1] 0.000736877
[1] 0.003520548
[1] "AdaLSE"
[1] -0.04685005
[1] 0.03911394
[1] 0.8684211

  0   1 
 20 132 
[1] "Fitting mean A"
[1] "Fitting variance A"
[1] "DR"
[1] -0.05434302
[1] 0.03665603
[1] 0.8618421

  0   1 
 21 131 
[1] 153
[1] 0.000736877
[1] 0.003520548
[1] "AdaLSE"
[1] 0.01287319
[1] 0.04041257
[1] 0.869281

  0   1 
 20 133 
[1] "Fitting mean A"
[1] "Fitting variance A"
[1] "DR"
[1] -0.006172566
[1] 0.03705921
[1] 0.8627451

  0   1 
 21 132 
[1] 154
[1] 0.000736877
[1] 0.003520548
[1] "AdaLSE"
[1] -0.003951266
[1] 0.05054438
[1] 0.8701299

  0   1 
 20 134 
[1] "Fitting mean A"
[1] "Fitting variance A"
[1] "DR"
[1] -0.02034197
[1] 0.04666127
[1] 0.8636364

  0   1 
 21 133 
[1] 155
[1] 0.000736877
[1] 0.003520548
[1] "AdaLSE"
[1] -0.01684276
[1] 0.03740902
[1] 0.8709677

  0   1 
 20 135 
[1] "Fitting mean A"
[1] "Fitting variance A"
[1] "DR"
[1] -0.03552446
[1] 0.03577346
[1] 0.8645161

  0   1 
 21 134 
[1] 156
[1] 0.000736877
[1] 0.003520548
[1] "AdaLSE"
[1] 0.006707254
[1] 0.04518754
[1] 0.8717949

  0   1 
 20 136 
[1] "Fitting mean A"
[1] "Fitting variance A"
[1] "DR"
[1] -0.009431569
[1] 0.03937529
[1] 0.8653846

  0   1 
 21 135 
[1] 157
[1] 0.000736877
[1] 0.003520548
[1] "AdaLSE"
[1] 0.01981176
[1] 0.04187144
[1] 0.8726115

  0   1 
 20 137 
[1] "Fitting mean A"
[1] "Fitting variance A"
[1] "DR"
[1] 2.10881e-05
[1] 0.03844356
[1] 0.866242

  0   1 
 21 136 
[1] 158
[1] 0.000736877
[1] 0.003520548
[1] "AdaLSE"
[1] 0.06011995
[1] 0.04959264
[1] 0.8734177

  0   1 
 20 138 
[1] "Fitting mean A"
[1] "Fitting variance A"
[1] "DR"
[1] 0.02847606
[1] 0.04477133
[1] 0.8670886

  0   1 
 21 137 
[1] 159
[1] 0.000736877
[1] 0.003520548
[1] "AdaLSE"
[1] -0.01229745
[1] 0.04337928
[1] 0.8742138

  0   1 
 20 139 
[1] "Fitting mean A"
[1] "Fitting variance A"
[1] "DR"
[1] -0.01866966
[1] 0.03818391
[1] 0.8679245

  0   1 
 21 138 
[1] 160
[1] 0.000736877
[1] 0.003520548
[1] "AdaLSE"
[1] 0.05288597
[1] 0.04147198
[1] 0.875

  0   1 
 20 140 
[1] "Fitting mean A"
[1] "Fitting variance A"
[1] "DR"
[1] 0.03702883
[1] 0.03843343
[1] 0.86875

  0   1 
 21 139 
[1] 161
[1] 0.000736877
[1] 0.003520548
[1] "AdaLSE"
[1] 0.06483908
[1] 0.04836912
[1] 0.8757764

  0   1 
 20 141 
[1] "Fitting mean A"
[1] "Fitting variance A"
[1] "DR"
[1] 0.05177062
[1] 0.04379561
[1] 0.8695652

  0   1 
 21 140 
[1] 162
[1] 0.000736877
[1] 0.003520548
[1] "AdaLSE"
[1] 0.05529296
[1] 0.04437475
[1] 0.8765432

  0   1 
 20 142 
[1] "Fitting mean A"
[1] "Fitting variance A"
[1] "DR"
[1] 0.0394705
[1] 0.04225544
[1] 0.8703704

  0   1 
 21 141 
[1] 163
[1] 0.000736877
[1] 0.003520548
[1] "AdaLSE"
[1] 0.01060484
[1] 0.03570341
[1] 0.8773006

  0   1 
 20 143 
[1] "Fitting mean A"
[1] "Fitting variance A"
[1] "DR"
[1] 0.002141548
[1] 0.03345663
[1] 0.8711656

  0   1 
 21 142 
[1] 164
[1] 0.000736877
[1] 0.003520548
[1] "AdaLSE"
[1] -0.002424544
[1] 0.04899016
[1] 0.8780488

  0   1 
 20 144 
[1] "Fitting mean A"
[1] "Fitting variance A"
[1] "DR"
[1] -0.007148737
[1] 0.04417946
[1] 0.8719512

  0   1 
 21 143 
[1] 165
[1] 0.000736877
[1] 0.003520548
[1] "AdaLSE"
[1] 0.1049158
[1] 0.0491735
[1] 0.8727273

  0   1 
 21 144 
[1] "Fitting mean A"
[1] "Fitting variance A"
[1] "DR"
[1] 0.05837336
[1] 0.04589328
[1] 0.8727273

  0   1 
 21 144 
[1] 166
[1] 0.000736877
[1] 0.003520548
[1] "AdaLSE"
[1] 0.02002051
[1] 0.03791397
[1] 0.873494

  0   1 
 21 145 
[1] "Fitting mean A"
[1] "Fitting variance A"
[1] "DR"
[1] -0.0005786511
[1] 0.03745792
[1] 0.873494

  0   1 
 21 145 
[1] 167
[1] 0.000736877
[1] 0.003520548
[1] "AdaLSE"
[1] -0.0447934
[1] 0.0399862
[1] 0.8742515

  0   1 
 21 146 
[1] "Fitting mean A"
[1] "Fitting variance A"
[1] "DR"
[1] -0.06175429
[1] 0.03519853
[1] 0.8742515

  0   1 
 21 146 
[1] 168
[1] 0.000736877
[1] 0.003520548
[1] "AdaLSE"
[1] -0.02160392
[1] 0.0388724
[1] 0.875

  0   1 
 21 147 
[1] "Fitting mean A"
[1] "Fitting variance A"
[1] "DR"
[1] -0.02924493
[1] 0.0362379
[1] 0.875

  0   1 
 21 147 
[1] 169
[1] 0.000736877
[1] 0.003520548
[1] "AdaLSE"
[1] 0.01204915
[1] 0.04397928
[1] 0.8757396

  0   1 
 21 148 
[1] "Fitting mean A"
[1] "Fitting variance A"
[1] "DR"
[1] 0.004740519
[1] 0.04047042
[1] 0.8757396

  0   1 
 21 148 
[1] 170
[1] 0.000736877
[1] 0.003520548
[1] "AdaLSE"
[1] -0.04536695
[1] 0.05002598
[1] 0.8764706

  0   1 
 21 149 
[1] "Fitting mean A"
[1] "Fitting variance A"
[1] "DR"
[1] -0.06345344
[1] 0.04408796
[1] 0.8764706

  0   1 
 21 149 
[1] 171
[1] 0.000736877
[1] 0.003520548
[1] "AdaLSE"
[1] 0.02511151
[1] 0.046602
[1] 0.877193

  0   1 
 21 150 
[1] "Fitting mean A"
[1] "Fitting variance A"
[1] "DR"
[1] 0.001655103
[1] 0.04096909
[1] 0.877193

  0   1 
 21 150 
[1] 172
[1] 0.000736877
[1] 0.003520548
[1] "AdaLSE"
[1] -0.02377537
[1] 0.0477494
[1] 0.877907

  0   1 
 21 151 
[1] "Fitting mean A"
[1] "Fitting variance A"
[1] "DR"
[1] -0.03533139
[1] 0.04422498
[1] 0.877907

  0   1 
 21 151 
[1] 173
[1] 0.000736877
[1] 0.003520548
[1] "AdaLSE"
[1] -0.06985074
[1] 0.03941201
[1] 0.8786127

  0   1 
 21 152 
[1] "Fitting mean A"
[1] "Fitting variance A"
[1] "DR"
[1] -0.07985574
[1] 0.03494416
[1] 0.8728324

  0   1 
 22 151 
[1] 174
[1] 0.000736877
[1] 0.003520548
[1] "AdaLSE"
[1] 0.04661477
[1] 0.0472437
[1] 0.8793103

  0   1 
 21 153 
[1] "Fitting mean A"
[1] "Fitting variance A"
[1] "DR"
[1] 0.01717348
[1] 0.0439834
[1] 0.8735632

  0   1 
 22 152 
[1] 175
[1] 0.000736877
[1] 0.003520548
[1] "AdaLSE"
[1] 0.03056169
[1] 0.05047842
[1] 0.88

  0   1 
 21 154 
[1] "Fitting mean A"
[1] "Fitting variance A"
[1] "DR"
[1] 0.02789054
[1] 0.0449922
[1] 0.8742857

  0   1 
 22 153 
[1] 176
[1] 0.000736877
[1] 0.003520548
[1] "AdaLSE"
[1] 0.05286458
[1] 0.04583116
[1] 0.8806818

  0   1 
 21 155 
[1] "Fitting mean A"
[1] "Fitting variance A"
[1] "DR"
[1] 0.03688336
[1] 0.0405479
[1] 0.875

  0   1 
 22 154 
[1] 177
[1] 0.000736877
[1] 0.003520548
[1] "AdaLSE"
[1] 0.03039072
[1] 0.03679851
[1] 0.8813559

  0   1 
 21 156 
[1] "Fitting mean A"
[1] "Fitting variance A"
[1] "DR"
[1] 0.01975159
[1] 0.03490189
[1] 0.8757062

  0   1 
 22 155 
[1] 178
[1] 0.000736877
[1] 0.003520548
[1] "AdaLSE"
[1] 0.1405695
[1] 0.04711456
[1] 0.8764045

  0   1 
 22 156 
[1] "Fitting mean A"
[1] "Fitting variance A"
[1] "DR"
[1] 0.1176644
[1] 0.04259668
[1] 0.8707865

  0   1 
 23 155 
[1] 179
[1] 0.000736877
[1] 0.003520548
[1] "AdaLSE"
[1] -0.0002867691
[1] 0.04027107
[1] 0.877095

  0   1 
 22 157 
[1] "Fitting mean A"
[1] "Fitting variance A"
[1] "DR"
[1] -0.003249626
[1] 0.03662249
[1] 0.8715084

  0   1 
 23 156 
[1] 180
[1] 0.000736877
[1] 0.003520548
[1] "AdaLSE"
[1] 0.03438353
[1] 0.03989587
[1] 0.8777778

  0   1 
 22 158 
[1] "Fitting mean A"
[1] "Fitting variance A"
[1] "DR"
[1] 0.021193
[1] 0.03574291
[1] 0.8722222

  0   1 
 23 157 
[1] 181
[1] 0.000736877
[1] 0.003520548
[1] "AdaLSE"
[1] 0.01627225
[1] 0.03968661
[1] 0.878453

  0   1 
 22 159 
[1] "Fitting mean A"
[1] "Fitting variance A"
[1] "DR"
[1] 0.01062092
[1] 0.03613003
[1] 0.8729282

  0   1 
 23 158 
[1] 182
[1] 0.000736877
[1] 0.003520548
[1] "AdaLSE"
[1] 0.06680661
[1] 0.03954312
[1] 0.8791209

  0   1 
 22 160 
[1] "Fitting mean A"
[1] "Fitting variance A"
[1] "DR"
[1] 0.04627012
[1] 0.0365719
[1] 0.8736264

  0   1 
 23 159 
[1] 183
[1] 0.000736877
[1] 0.003520548
[1] "AdaLSE"
[1] -0.03357699
[1] 0.05103634
[1] 0.8797814

  0   1 
 22 161 
[1] "Fitting mean A"
[1] "Fitting variance A"
[1] "DR"
[1] -0.04119374
[1] 0.04647255
[1] 0.8743169

  0   1 
 23 160 
[1] 184
[1] 0.000736877
[1] 0.003520548
[1] "AdaLSE"
[1] 0.01116244
[1] 0.03950592
[1] 0.8804348

  0   1 
 22 162 
[1] "Fitting mean A"
[1] "Fitting variance A"
[1] "DR"
[1] 0.008533918
[1] 0.03658864
[1] 0.875

  0   1 
 23 161 
[1] 185
[1] 0.000736877
[1] 0.003520548
[1] "AdaLSE"
[1] 0.07200873
[1] 0.04339104
[1] 0.8810811

  0   1 
 22 163 
[1] "Fitting mean A"
[1] "Fitting variance A"
[1] "DR"
[1] 0.06111071
[1] 0.04070072
[1] 0.8756757

  0   1 
 23 162 
[1] 186
[1] 0.000736877
[1] 0.003520548
[1] "AdaLSE"
[1] 0.07407612
[1] 0.04809612
[1] 0.8817204

  0   1 
 22 164 
[1] "Fitting mean A"
[1] "Fitting variance A"
[1] "DR"
[1] 0.06426795
[1] 0.04360733
[1] 0.8763441

  0   1 
 23 163 
[1] 187
[1] 0.000736877
[1] 0.003520548
[1] "AdaLSE"
[1] 0.06918138
[1] 0.05077524
[1] 0.8823529

  0   1 
 22 165 
[1] "Fitting mean A"
[1] "Fitting variance A"
[1] "DR"
[1] 0.04944469
[1] 0.04639116
[1] 0.8770053

  0   1 
 23 164 
[1] 188
[1] 0.000736877
[1] 0.003520548
[1] "AdaLSE"
[1] -0.0196985
[1] 0.04729472
[1] 0.8829787

  0   1 
 22 166 
[1] "Fitting mean A"
[1] "Fitting variance A"
[1] "DR"
[1] -0.03730272
[1] 0.0440675
[1] 0.8776596

  0   1 
 23 165 
[1] 189
[1] 0.000736877
[1] 0.003520548
[1] "AdaLSE"
[1] 0.02083297
[1] 0.05215972
[1] 0.8835979

  0   1 
 22 167 
[1] "Fitting mean A"
[1] "Fitting variance A"
[1] "DR"
[1] 0.03802345
[1] 0.04800266
[1] 0.8783069

  0   1 
 23 166 
[1] 190
[1] 0.000736877
[1] 0.003520548
[1] "AdaLSE"
[1] 0.08429853
[1] 0.04057198
[1] 0.8789474

  0   1 
 23 167 
[1] "Fitting mean A"
[1] "Fitting variance A"
[1] "DR"
[1] 0.07011472
[1] 0.03679799
[1] 0.8789474

  0   1 
 23 167 
[1] 191
[1] 0.000736877
[1] 0.003520548
[1] "AdaLSE"
[1] -0.002888337
[1] 0.04388445
[1] 0.8795812

  0   1 
 23 168 
[1] "Fitting mean A"
