LOADING R
R LOADED
[1] "/home/lvanderl/Rlibs2"                         
[2] "/app/software/R/4.2.2-foss-2021b/lib/R/library"
[1] "/home/lvanderl/sieveSims"
[1] 1
[1] 0.827117
[1] 0.8313263
[1] "AdaLSE"
[1] 0.8484262
[1] 0.0313263
[1] 1

1 
1 
[1] "Fitting mean A"
[1] "Fitting variance A"
[1] "DR"
[1] 0.8433803
[1] 0.02829959
[1] 1

1 
1 
[1] "se comparison"
[1] NA
[1] NA
[1] 2
[1] 0.827117
[1] 0.8313263
[1] "AdaLSE"
[1] 0.8725482
[1] 0.02913879
[1] 1

1 
2 
[1] "Fitting mean A"
[1] "Fitting variance A"
[1] "DR"
[1] 0.8698166
[1] 0.02613239
[1] 1

1 
2 
[1] "se comparison"
[1] 0.01705678
[1] 0.01869331
[1] 3
[1] 0.827117
[1] 0.8313263
[1] "AdaLSE"
[1] 0.8291347
[1] 0.03163849
[1] 1

1 
3 
[1] "Fitting mean A"
[1] "Fitting variance A"
[1] "DR"
[1] 0.8253324
[1] 0.02907602
[1] 1

1 
3 
[1] "se comparison"
[1] 0.02175146
[1] 0.02237357
[1] 4
[1] 0.827117
[1] 0.8313263
[1] "AdaLSE"
[1] 0.8180732
[1] 0.03026209
[1] 1

1 
4 
[1] "Fitting mean A"
[1] "Fitting variance A"
[1] "DR"
[1] 0.8153301
[1] 0.02838859
[1] 1

1 
4 
[1] "se comparison"
[1] 0.02389201
[1] 0.02390798
[1] 5
[1] 0.827117
[1] 0.8313263
[1] "AdaLSE"
[1] 0.811766
[1] 0.03218231
[1] 1

1 
5 
[1] "Fitting mean A"
[1] "Fitting variance A"
[1] "DR"
[1] 0.8104043
[1] 0.0286462
[1] 1

1 
5 
[1] "se comparison"
[1] 0.02472835
[1] 0.024211
[1] 6
[1] 0.827117
[1] 0.8313263
[1] "AdaLSE"
[1] 0.9167788
[1] 0.02984632
[1] 0.8333333

0 1 
1 5 
[1] "Fitting mean A"
[1] "Fitting variance A"
[1] "DR"
[1] 0.9111781
[1] 0.02660271
[1] 0.8333333

0 1 
1 5 
[1] "se comparison"
[1] 0.03971154
[1] 0.03861883
[1] 7
[1] 0.827117
[1] 0.8313263
[1] "AdaLSE"
[1] 0.8334924
[1] 0.03142904
[1] 0.8571429

0 1 
1 6 
[1] "Fitting mean A"
[1] "Fitting variance A"
[1] "DR"
[1] 0.8418811
[1] 0.02921912
[1] 0.8571429

0 1 
1 6 
[1] "se comparison"
[1] 0.03675011
[1] 0.03528683
[1] 8
[1] 0.827117
[1] 0.8313263
[1] "AdaLSE"
[1] 0.8316239
[1] 0.02932236
[1] 0.875

0 1 
1 7 
[1] "Fitting mean A"
[1] "Fitting variance A"
[1] "DR"
[1] 0.8282142
[1] 0.0273447
[1] 0.875

0 1 
1 7 
[1] "se comparison"
[1] 0.03446532
[1] 0.0332251
[1] 9
[1] 0.827117
[1] 0.8313263
[1] "AdaLSE"
[1] 0.8449819
[1] 0.03148435
[1] 0.8888889

0 1 
1 8 
[1] "Fitting mean A"
[1] "Fitting variance A"
[1] "DR"
[1] 0.842627
[1] 0.02944672
[1] 0.8888889

0 1 
1 8 
[1] "se comparison"
[1] 0.03223946
[1] 0.0310798
[1] 10
[1] 0.827117
[1] 0.8313263
[1] "AdaLSE"
[1] 0.8698423
[1] 0.0287917
[1] 0.9

0 1 
1 9 
[1] "Fitting mean A"
[1] "Fitting variance A"
[1] "DR"
[1] 0.8606261
[1] 0.02776157
[1] 0.9

0 1 
1 9 
[1] "se comparison"
[1] 0.03137844
[1] 0.02982012
[1] 11
[1] 0.827117
[1] 0.8313263
[1] "AdaLSE"
[1] 0.8609093
[1] 0.03253779
[1] 0.9090909

 0  1 
 1 10 
[1] "Fitting mean A"
[1] "Fitting variance A"
[1] "DR"
[1] 0.8581188
[1] 0.0297497
[1] 0.9090909

 0  1 
 1 10 
[1] "se comparison"
[1] 0.03003478
[1] 0.02857011
[1] 12
[1] 0.827117
[1] 0.8313263
[1] "AdaLSE"
[1] 0.8181639
[1] 0.02870243
[1] 0.9166667

 0  1 
 1 11 
[1] "Fitting mean A"
[1] "Fitting variance A"
[1] "DR"
[1] 0.8213165
[1] 0.02690439
[1] 0.9166667

 0  1 
 1 11 
[1] "se comparison"
[1] 0.02997758
[1] 0.02816309
[1] 13
[1] 0.827117
[1] 0.8313263
[1] "AdaLSE"
[1] 0.8199772
[1] 0.02827248
[1] 0.9230769

 0  1 
 1 12 
[1] "Fitting mean A"
[1] "Fitting variance A"
[1] "DR"
[1] 0.8209396
[1] 0.02662917
[1] 0.9230769

 0  1 
 1 12 
[1] "se comparison"
[1] 0.02961611
[1] 0.02771346
[1] 14
[1] 0.827117
[1] 0.8313263
[1] "AdaLSE"
[1] 0.8546482
[1] 0.03291434
[1] 0.9285714

 0  1 
 1 13 
[1] "Fitting mean A"
[1] "Fitting variance A"
[1] "DR"
[1] 0.8483087
[1] 0.02977944
[1] 0.9285714

 0  1 
 1 13 
[1] "se comparison"
[1] 0.02858869
[1] 0.02667553
[1] 15
[1] 0.827117
[1] 0.8313263
[1] "AdaLSE"
[1] 0.8700956
[1] 0.02926531
[1] 0.9333333

 0  1 
 1 14 
[1] "Fitting mean A"
[1] "Fitting variance A"
[1] "DR"
[1] 0.8628628
[1] 0.02698561
[1] 0.9333333

 0  1 
 1 14 
[1] "se comparison"
[1] 0.02829898
[1] 0.02622826
[1] 16
[1] 0.827117
[1] 0.8313263
[1] "AdaLSE"
[1] 0.8763646
[1] 0.03122859
[1] 0.9375

 0  1 
 1 15 
[1] "Fitting mean A"
[1] "Fitting variance A"
[1] "DR"
[1] 0.8710625
[1] 0.02789317
[1] 0.9375

 0  1 
 1 15 
[1] "se comparison"
[1] 0.02832759
[1] 0.02622514
[1] 17
[1] 0.827117
[1] 0.8313263
[1] "AdaLSE"
[1] 0.8766204
[1] 0.02984766
[1] 0.9411765

 0  1 
 1 16 
[1] "Fitting mean A"
[1] "Fitting variance A"
[1] "DR"
[1] 0.8714954
[1] 0.02696692
[1] 0.9411765

 0  1 
 1 16 
[1] "se comparison"
[1] 0.02826028
[1] 0.02615104
[1] 18
[1] 0.827117
[1] 0.8313263
[1] "AdaLSE"
[1] 0.7424148
[1] 0.03149419
[1] 0.8888889

 0  1 
 2 16 
[1] "Fitting mean A"
[1] "Fitting variance A"
[1] "DR"
[1] 0.7383549
[1] 0.02707228
[1] 0.8888889

 0  1 
 2 16 
[1] "se comparison"
[1] 0.03737811
[1] 0.03608575
[1] 19
[1] 0.827117
[1] 0.8313263
[1] "AdaLSE"
[1] 0.8797474
[1] 0.03194587
[1] 0.8947368

 0  1 
 2 17 
[1] "Fitting mean A"
[1] "Fitting variance A"
[1] "DR"
[1] 0.8686659
[1] 0.02870711
[1] 0.8947368

 0  1 
 2 17 
[1] "se comparison"
[1] 0.03722844
[1] 0.03563142
[1] 20
[1] 0.827117
[1] 0.8313263
[1] "AdaLSE"
[1] 0.8627182
[1] 0.03052947
[1] 0.9

 0  1 
 2 18 
[1] "Fitting mean A"
[1] "Fitting variance A"
[1] "DR"
[1] 0.8594434
[1] 0.02784455
[1] 0.9

 0  1 
 2 18 
[1] "se comparison"
[1] 0.03642588
[1] 0.03488433
[1] 21
[1] 0.827117
[1] 0.8313263
[1] "AdaLSE"
[1] 0.770392
[1] 0.03115669
[1] 0.9047619

 0  1 
 2 19 
[1] "Fitting mean A"
[1] "Fitting variance A"
[1] "DR"
[1] 0.7700739
[1] 0.02850009
[1] 0.8571429

 0  1 
 3 18 
[1] "se comparison"
[1] 0.03923467
[1] 0.0375843
[1] 22
[1] 0.827117
[1] 0.8313263
[1] "AdaLSE"
[1] 0.8313271
[1] 0.03412475
[1] 0.9090909

 0  1 
 2 20 
[1] "Fitting mean A"
[1] "Fitting variance A"
[1] "DR"
[1] 0.8275703
[1] 0.03071588
[1] 0.8636364

 0  1 
 3 19 
[1] "se comparison"
[1] 0.03837372
[1] 0.03677371
[1] 23
[1] 0.827117
[1] 0.8313263
[1] "AdaLSE"
[1] 0.7795991
[1] 0.03116964
[1] 0.9130435

 0  1 
 2 21 
[1] "Fitting mean A"
[1] "Fitting variance A"
[1] "DR"
[1] 0.7821932
[1] 0.02891649
[1] 0.8695652

 0  1 
 3 20 
[1] "se comparison"
[1] 0.03973522
[1] 0.03785724
[1] 24
[1] 0.827117
[1] 0.8313263
[1] "AdaLSE"
[1] 0.8480363
[1] 0.03011901
[1] 0.9166667

 0  1 
 2 22 
[1] "Fitting mean A"
[1] "Fitting variance A"
[1] "DR"
[1] 0.8443908
[1] 0.02787798
[1] 0.875

 0  1 
 3 21 
[1] "se comparison"
[1] 0.03889655
[1] 0.03705649
[1] 25
[1] 0.827117
[1] 0.8313263
[1] "AdaLSE"
[1] 0.8421864
[1] 0.02897647
[1] 0.92

 0  1 
 2 23 
[1] "Fitting mean A"
[1] "Fitting variance A"
[1] "DR"
[1] 0.8418484
[1] 0.02676376
[1] 0.88

 0  1 
 3 22 
[1] "se comparison"
[1] 0.03807942
[1] 0.03628801
[1] 26
[1] 0.827117
[1] 0.8313263
[1] "AdaLSE"
[1] 0.8046341
[1] 0.03085051
[1] 0.9230769

 0  1 
 2 24 
[1] "Fitting mean A"
[1] "Fitting variance A"
[1] "DR"
[1] 0.8044376
[1] 0.02655507
[1] 0.8846154

 0  1 
 3 23 
[1] "se comparison"
[1] 0.03796348
[1] 0.03613835
[1] 27
[1] 0.827117
[1] 0.8313263
[1] "AdaLSE"
[1] 0.7975615
[1] 0.03114277
[1] 0.9259259

 0  1 
 2 25 
[1] "Fitting mean A"
[1] "Fitting variance A"
[1] "DR"
[1] 0.7959163
[1] 0.02681964
[1] 0.8888889

 0  1 
 3 24 
[1] "se comparison"
[1] 0.03807166
[1] 0.0362726
[1] 28
[1] 0.827117
[1] 0.8313263
[1] "AdaLSE"
[1] 0.8190191
[1] 0.03109786
[1] 0.9285714

 0  1 
 2 26 
[1] "Fitting mean A"
[1] "Fitting variance A"
[1] "DR"
[1] 0.8178136
[1] 0.02934606
[1] 0.8928571

 0  1 
 3 25 
[1] "se comparison"
[1] 0.03752259
[1] 0.03573662
[1] 29
[1] 0.827117
[1] 0.8313263
[1] "AdaLSE"
[1] 0.8472002
[1] 0.03299799
[1] 0.9310345

 0  1 
 2 27 
[1] "Fitting mean A"
[1] "Fitting variance A"
[1] "DR"
[1] 0.8375003
[1] 0.02965103
[1] 0.8965517

 0  1 
 3 26 
[1] "se comparison"
[1] 0.03689679
[1] 0.03509849
[1] 30
[1] 0.827117
[1] 0.8313263
[1] "AdaLSE"
[1] 0.828022
[1] 0.03130828
[1] 0.9333333

 0  1 
 2 28 
[1] "Fitting mean A"
[1] "Fitting variance A"
[1] "DR"
[1] 0.8252859
[1] 0.02844527
[1] 0.9

 0  1 
 3 27 
[1] "se comparison"
[1] 0.03629361
[1] 0.0345262
[1] 31
[1] 0.827117
[1] 0.8313263
[1] "AdaLSE"
[1] 0.8576642
[1] 0.02986451
[1] 0.9354839

 0  1 
 2 29 
[1] "Fitting mean A"
[1] "Fitting variance A"
[1] "DR"
[1] 0.8627646
[1] 0.02829391
[1] 0.9032258

 0  1 
 3 28 
[1] "se comparison"
[1] 0.03587838
[1] 0.03434003
[1] 32
[1] 0.827117
[1] 0.8313263
[1] "AdaLSE"
[1] 0.8333672
[1] 0.0300682
[1] 0.9375

 0  1 
 2 30 
[1] "Fitting mean A"
[1] "Fitting variance A"
[1] "DR"
[1] 0.832508
[1] 0.0284061
[1] 0.90625

 0  1 
 3 29 
[1] "se comparison"
[1] 0.03530268
[1] 0.03378407
[1] 33
[1] 0.827117
[1] 0.8313263
[1] "AdaLSE"
[1] 0.8502598
[1] 0.03243534
[1] 0.9393939

 0  1 
 2 31 
[1] "Fitting mean A"
[1] "Fitting variance A"
[1] "DR"
[1] 0.8447524
[1] 0.03011472
[1] 0.9090909

 0  1 
 3 30 
[1] "se comparison"
[1] 0.03481855
[1] 0.03329766
[1] 34
[1] 0.827117
[1] 0.8313263
[1] "AdaLSE"
[1] 0.8316373
[1] 0.02917364
[1] 0.9411765

 0  1 
 2 32 
[1] "Fitting mean A"
[1] "Fitting variance A"
[1] "DR"
[1] 0.8261192
[1] 0.02745105
[1] 0.9117647

 0  1 
 3 31 
[1] "se comparison"
[1] 0.03430326
[1] 0.03282496
[1] 35
[1] 0.827117
[1] 0.8313263
[1] "AdaLSE"
[1] 0.8426815
[1] 0.030817
[1] 0.9428571

 0  1 
 2 33 
[1] "Fitting mean A"
[1] "Fitting variance A"
[1] "DR"
[1] 0.8406188
[1] 0.02669706
[1] 0.9142857

 0  1 
 3 32 
[1] "se comparison"
[1] 0.03380584
[1] 0.0323537
[1] 36
[1] 0.827117
[1] 0.8313263
[1] "AdaLSE"
[1] 0.819463
[1] 0.03263311
[1] 0.9444444

 0  1 
 2 34 
[1] "Fitting mean A"
[1] "Fitting variance A"
[1] "DR"
[1] 0.8169311
[1] 0.02947348
[1] 0.9166667

 0  1 
 3 33 
[1] "se comparison"
[1] 0.0334588
[1] 0.03202921
[1] 37
[1] 0.827117
[1] 0.8313263
[1] "AdaLSE"
[1] 0.8308594
[1] 0.03110028
[1] 0.9459459

 0  1 
 2 35 
[1] "Fitting mean A"
[1] "Fitting variance A"
[1] "DR"
[1] 0.8309521
[1] 0.02657467
[1] 0.9189189

 0  1 
 3 34 
[1] "se comparison"
[1] 0.0330076
[1] 0.03158645
[1] 38
[1] 0.827117
[1] 0.8313263
[1] "AdaLSE"
[1] 0.8058594
[1] 0.03107464
[1] 0.9473684

 0  1 
 2 36 
[1] "Fitting mean A"
[1] "Fitting variance A"
[1] "DR"
[1] 0.8047397
[1] 0.02881778
[1] 0.9210526

 0  1 
 3 35 
[1] "se comparison"
[1] 0.03295024
[1] 0.03152484
[1] 39
[1] 0.827117
[1] 0.8313263
[1] "AdaLSE"
[1] 0.7763322
[1] 0.03098347
[1] 0.9487179

 0  1 
 2 37 
[1] "Fitting mean A"
[1] "Fitting variance A"
[1] "DR"
[1] 0.7635595
[1] 0.02820536
[1] 0.8974359

 0  1 
 4 35 
[1] "se comparison"
[1] 0.03390059
[1] 0.03306588
[1] 40
[1] 0.827117
[1] 0.8313263
[1] "AdaLSE"
[1] 0.8150637
[1] 0.03199365
[1] 0.95

 0  1 
 2 38 
[1] "Fitting mean A"
[1] "Fitting variance A"
[1] "DR"
[1] 0.8062286
[1] 0.03026826
[1] 0.9

 0  1 
 4 36 
[1] "se comparison"
[1] 0.0336073
[1] 0.03288824
[1] 41
[1] 0.827117
[1] 0.8313263
[1] "AdaLSE"
[1] 0.8124403
[1] 0.02976266
[1] 0.9512195

 0  1 
 2 39 
[1] "Fitting mean A"
[1] "Fitting variance A"
[1] "DR"
[1] 0.8115533
[1] 0.02613825
[1] 0.902439

 0  1 
 4 37 
[1] "se comparison"
[1] 0.03335869
[1] 0.03261827
[1] 42
[1] 0.827117
[1] 0.8313263
[1] "AdaLSE"
[1] 0.7943669
[1] 0.0301897
[1] 0.952381

 0  1 
 2 40 
[1] "Fitting mean A"
[1] "Fitting variance A"
[1] "DR"
[1] 0.7976021
[1] 0.02749612
[1] 0.9047619

 0  1 
 4 38 
[1] "se comparison"
[1] 0.03350383
[1] 0.03261937
[1] 43
[1] 0.827117
[1] 0.8313263
[1] "AdaLSE"
[1] 0.8487408
[1] 0.03327516
[1] 0.9534884

 0  1 
 2 41 
[1] "Fitting mean A"
[1] "Fitting variance A"
[1] "DR"
[1] 0.8464988
[1] 0.03084908
[1] 0.9069767

 0  1 
 4 39 
[1] "se comparison"
[1] 0.03319206
[1] 0.03232827
[1] 44
[1] 0.827117
[1] 0.8313263
[1] "AdaLSE"
[1] 0.8391653
[1] 0.03132355
[1] 0.9545455

 0  1 
 2 42 
[1] "Fitting mean A"
[1] "Fitting variance A"
[1] "DR"
[1] 0.8343187
[1] 0.02922302
[1] 0.9090909

 0  1 
 4 40 
[1] "se comparison"
[1] 0.03281641
[1] 0.031956
[1] 45
[1] 0.827117
[1] 0.8313263
[1] "AdaLSE"
[1] 0.8266013
[1] 0.02920686
[1] 0.9555556

 0  1 
 2 43 
[1] "Fitting mean A"
[1] "Fitting variance A"
[1] "DR"
[1] 0.825008
[1] 0.02474784
[1] 0.9111111

 0  1 
 4 41 
[1] "se comparison"
[1] 0.03245661
[1] 0.03160083
[1] 46
[1] 0.827117
[1] 0.8313263
[1] "AdaLSE"
[1] 0.7999854
[1] 0.03277881
[1] 0.9565217

 0  1 
 2 44 
[1] "Fitting mean A"
[1] "Fitting variance A"
[1] "DR"
[1] 0.7989803
[1] 0.03162112
[1] 0.9130435

 0  1 
 4 42 
[1] "se comparison"
[1] 0.03246387
[1] 0.03158569
[1] 47
[1] 0.827117
[1] 0.8313263
[1] "AdaLSE"
[1] 0.8750343
[1] 0.03157887
[1] 0.9574468

 0  1 
 2 45 
[1] "Fitting mean A"
[1] "Fitting variance A"
[1] "DR"
[1] 0.8696018
[1] 0.02932506
[1] 0.9148936

 0  1 
 4 43 
[1] "se comparison"
[1] 0.03270551
[1] 0.03178192
[1] 48
[1] 0.827117
[1] 0.8313263
[1] "AdaLSE"
[1] 0.8924654
[1] 0.02946957
[1] 0.9375

 0  1 
 3 45 
[1] "Fitting mean A"
[1] "Fitting variance A"
[1] "DR"
[1] 0.889882
[1] 0.02644878
[1] 0.8958333

 0  1 
 5 43 
[1] "se comparison"
[1] 0.03346314
[1] 0.03259283
[1] 49
[1] 0.827117
[1] 0.8313263
[1] "AdaLSE"
[1] 0.8371502
[1] 0.03404943
[1] 0.9387755

 0  1 
 3 46 
[1] "Fitting mean A"
[1] "Fitting variance A"
[1] "DR"
[1] 0.8299044
[1] 0.0302908
[1] 0.8979592

 0  1 
 5 44 
[1] "se comparison"
[1] 0.03311482
[1] 0.03225249
[1] 50
[1] 0.827117
[1] 0.8313263
[1] "AdaLSE"
[1] 0.8202651
[1] 0.02831439
[1] 0.94

 0  1 
 3 47 
[1] "Fitting mean A"
[1] "Fitting variance A"
[1] "DR"
[1] 0.8130014
[1] 0.02559312
[1] 0.9

 0  1 
 5 45 
[1] "se comparison"
[1] 0.03283781
[1] 0.03202999
[1] 51
[1] 0.827117
[1] 0.8313263
[1] "AdaLSE"
[1] 0.8238805
[1] 0.02690537
[1] 0.9411765

 0  1 
 3 48 
[1] "Fitting mean A"
[1] "Fitting variance A"
[1] "DR"
[1] 0.819174
[1] 0.02585869
[1] 0.9019608

 0  1 
 5 46 
[1] "se comparison"
[1] 0.03254059
[1] 0.03175304
[1] 52
[1] 0.827117
[1] 0.8313263
[1] "AdaLSE"
[1] 0.8013782
[1] 0.03317375
[1] 0.9423077

 0  1 
 3 49 
[1] "Fitting mean A"
[1] "Fitting variance A"
[1] "DR"
[1] 0.7996566
[1] 0.0320145
[1] 0.9038462

 0  1 
 5 47 
[1] "se comparison"
[1] 0.03253813
[1] 0.03173925
[1] 53
[1] 0.827117
[1] 0.8313263
[1] "AdaLSE"
[1] 0.8972167
[1] 0.02860312
[1] 0.9245283

 0  1 
 4 49 
[1] "Fitting mean A"
[1] "Fitting variance A"
[1] "DR"
[1] 0.8962513
[1] 0.0260522
[1] 0.8867925

 0  1 
 6 47 
[1] "se comparison"
[1] 0.03339189
[1] 0.03270824
[1] 54
[1] 0.827117
[1] 0.8313263
[1] "AdaLSE"
[1] 0.8339678
[1] 0.03208884
[1] 0.9259259

 0  1 
 4 50 
[1] "Fitting mean A"
[1] "Fitting variance A"
[1] "DR"
[1] 0.834437
[1] 0.03062421
[1] 0.8888889

 0  1 
 6 48 
[1] "se comparison"
[1] 0.03307551
[1] 0.03240043
[1] 55
[1] 0.827117
[1] 0.8313263
[1] "AdaLSE"
[1] 0.8530784
[1] 0.0310837
[1] 0.9272727

 0  1 
 4 51 
[1] "Fitting mean A"
[1] "Fitting variance A"
[1] "DR"
[1] 0.8511589
[1] 0.02887408
[1] 0.8909091

 0  1 
 6 49 
[1] "se comparison"
[1] 0.03286171
[1] 0.03220616
[1] 56
[1] 0.827117
[1] 0.8313263
[1] "AdaLSE"
[1] 0.8066182
[1] 0.03058997
[1] 0.9285714

 0  1 
 4 52 
[1] "Fitting mean A"
[1] "Fitting variance A"
[1] "DR"
[1] 0.8035354
[1] 0.02790129
[1] 0.8928571

 0  1 
 6 50 
[1] "se comparison"
[1] 0.0327818
[1] 0.03213868
[1] 57
[1] 0.827117
[1] 0.8313263
[1] "AdaLSE"
[1] 0.8167661
[1] 0.02905129
[1] 0.9298246

 0  1 
 4 53 
[1] "Fitting mean A"
[1] "Fitting variance A"
[1] "DR"
[1] 0.8158977
[1] 0.02656149
[1] 0.8947368

 0  1 
 6 51 
[1] "se comparison"
[1] 0.03257256
[1] 0.03191773
[1] 58
[1] 0.827117
[1] 0.8313263
[1] "AdaLSE"
[1] 0.8386006
[1] 0.03330465
[1] 0.9310345

 0  1 
 4 54 
[1] "Fitting mean A"
[1] "Fitting variance A"
[1] "DR"
[1] 0.8332001
[1] 0.0308001
[1] 0.8965517

 0  1 
 6 52 
[1] "se comparison"
[1] 0.03229078
[1] 0.03163753
[1] 59
[1] 0.827117
[1] 0.8313263
[1] "AdaLSE"
[1] 0.8064301
[1] 0.02912167
[1] 0.9322034

 0  1 
 4 55 
[1] "Fitting mean A"
[1] "Fitting variance A"
[1] "DR"
[1] 0.7976298
[1] 0.02699279
[1] 0.8983051

 0  1 
 6 53 
[1] "se comparison"
[1] 0.03221562
[1] 0.0316684
[1] 60
[1] 0.827117
[1] 0.8313263
[1] "AdaLSE"
[1] 0.7871349
[1] 0.0324581
[1] 0.9333333

 0  1 
 4 56 
[1] "Fitting mean A"
[1] "Fitting variance A"
[1] "DR"
[1] 0.7819066
[1] 0.02887875
[1] 0.9

 0  1 
 6 54 
[1] "se comparison"
[1] 0.03250438
[1] 0.03202518
[1] 61
[1] 0.827117
[1] 0.8313263
[1] "AdaLSE"
[1] 0.7931698
[1] 0.03328977
[1] 0.9344262

 0  1 
 4 57 
[1] "Fitting mean A"
[1] "Fitting variance A"
[1] "DR"
[1] 0.7848904
[1] 0.02887387
[1] 0.9016393

 0  1 
 6 55 
[1] "se comparison"
[1] 0.03263357
[1] 0.03227613
[1] 62
[1] 0.827117
[1] 0.8313263
[1] "AdaLSE"
[1] 0.8250771
[1] 0.03012901
[1] 0.9354839

 0  1 
 4 58 
[1] "Fitting mean A"
[1] "Fitting variance A"
[1] "DR"
[1] 0.8270108
[1] 0.02714043
[1] 0.9032258

 0  1 
 6 56 
[1] "se comparison"
[1] 0.03237819
[1] 0.03201166
[1] 63
[1] 0.827117
[1] 0.8313263
[1] "AdaLSE"
[1] 0.817288
[1] 0.03026546
[1] 0.9365079

 0  1 
 4 59 
[1] "Fitting mean A"
[1] "Fitting variance A"
[1] "DR"
[1] 0.8127112
[1] 0.02763112
[1] 0.9047619

 0  1 
 6 57 
[1] "se comparison"
[1] 0.03217123
[1] 0.03181984
[1] 64
[1] 0.827117
[1] 0.8313263
[1] "AdaLSE"
[1] 0.8298266
[1] 0.02977999
[1] 0.9375

 0  1 
 4 60 
[1] "Fitting mean A"
[1] "Fitting variance A"
[1] "DR"
[1] 0.8232861
[1] 0.02709404
[1] 0.90625

 0  1 
 6 58 
[1] "se comparison"
[1] 0.03191605
[1] 0.03157403
[1] 65
[1] 0.827117
[1] 0.8313263
[1] "AdaLSE"
[1] 0.8091277
[1] 0.02867868
[1] 0.9384615

 0  1 
 4 61 
[1] "Fitting mean A"
[1] "Fitting variance A"
[1] "DR"
[1] 0.8026148
[1] 0.02589502
[1] 0.9076923

 0  1 
 6 59 
[1] "se comparison"
[1] 0.03179223
[1] 0.0314942
[1] 66
[1] 0.827117
[1] 0.8313263
[1] "AdaLSE"
[1] 0.8291662
[1] 0.02994586
[1] 0.9393939

 0  1 
 4 62 
[1] "Fitting mean A"
[1] "Fitting variance A"
[1] "DR"
[1] 0.8277689
[1] 0.02716512
[1] 0.9090909

 0  1 
 6 60 
[1] "se comparison"
[1] 0.03154817
[1] 0.03125109
[1] 67
[1] 0.827117
[1] 0.8313263
[1] "AdaLSE"
[1] 0.7834632
[1] 0.02713575
[1] 0.9402985

 0  1 
 4 63 
[1] "Fitting mean A"
[1] "Fitting variance A"
[1] "DR"
[1] 0.783918
[1] 0.02591666
[1] 0.9104478

 0  1 
 6 61 
[1] "se comparison"
[1] 0.03185539
[1] 0.03148552
[1] 68
[1] 0.827117
[1] 0.8313263
[1] "AdaLSE"
[1] 0.8248681
[1] 0.0304307
[1] 0.9411765

 0  1 
 4 64 
[1] "Fitting mean A"
[1] "Fitting variance A"
[1] "DR"
[1] 0.8127318
[1] 0.02820199
[1] 0.9117647

 0  1 
 6 62 
[1] "se comparison"
[1] 0.03162513
[1] 0.03130245
[1] 69
[1] 0.827117
[1] 0.8313263
[1] "AdaLSE"
[1] 0.8280325
[1] 0.03563712
[1] 0.942029

 0  1 
 4 65 
[1] "Fitting mean A"
[1] "Fitting variance A"
[1] "DR"
[1] 0.8200194
[1] 0.03210071
[1] 0.9130435

 0  1 
 6 63 
[1] "se comparison"
[1] 0.03139347
[1] 0.03108447
[1] 70
[1] 0.827117
[1] 0.8313263
[1] "AdaLSE"
[1] 0.8817705
[1] 0.03035294
[1] 0.9428571

 0  1 
 4 66 
[1] "Fitting mean A"
[1] "Fitting variance A"
[1] "DR"
[1] 0.8788994
[1] 0.0267799
[1] 0.9142857

 0  1 
 6 64 
[1] "se comparison"
[1] 0.03175647
[1] 0.03146661
[1] 71
[1] 0.827117
[1] 0.8313263
[1] "AdaLSE"
[1] 0.8276963
[1] 0.0322046
[1] 0.943662

 0  1 
 4 67 
[1] "Fitting mean A"
[1] "Fitting variance A"
[1] "DR"
[1] 0.8242048
[1] 0.03071401
[1] 0.915493

 0  1 
 6 65 
[1] "se comparison"
[1] 0.031532
[1] 0.03124451
[1] 72
[1] 0.827117
[1] 0.8313263
[1] "AdaLSE"
[1] 0.8739034
[1] 0.03028809
[1] 0.9444444

 0  1 
 4 68 
[1] "Fitting mean A"
[1] "Fitting variance A"
[1] "DR"
[1] 0.865256
[1] 0.02850322
[1] 0.9166667

 0  1 
 6 66 
[1] "se comparison"
[1] 0.03170709
[1] 0.03133173
[1] 73
[1] 0.827117
[1] 0.8313263
[1] "AdaLSE"
[1] 0.8155813
[1] 0.03000156
[1] 0.9452055

 0  1 
 4 69 
[1] "Fitting mean A"
[1] "Fitting variance A"
[1] "DR"
[1] 0.810393
[1] 0.02701291
[1] 0.9178082

 0  1 
 6 67 
[1] "se comparison"
[1] 0.03154473
[1] 0.03118615
[1] 74
[1] 0.827117
[1] 0.8313263
[1] "AdaLSE"
[1] 0.8590967
[1] 0.03019404
[1] 0.9459459

 0  1 
 4 70 
[1] "Fitting mean A"
[1] "Fitting variance A"
[1] "DR"
[1] 0.8531973
[1] 0.02725509
[1] 0.9189189

 0  1 
 6 68 
[1] "se comparison"
[1] 0.03148849
[1] 0.03110637
[1] 75
[1] 0.827117
[1] 0.8313263
[1] "AdaLSE"
[1] 0.8231858
[1] 0.03070606
[1] 0.9466667

 0  1 
 4 71 
[1] "Fitting mean A"
[1] "Fitting variance A"
[1] "DR"
[1] 0.8245034
[1] 0.02807192
[1] 0.92

 0  1 
 6 69 
[1] "se comparison"
[1] 0.03129212
[1] 0.03089922
[1] 76
[1] 0.827117
[1] 0.8313263
[1] "AdaLSE"
[1] 0.7995535
[1] 0.02983056
[1] 0.9473684

 0  1 
 4 72 
[1] "Fitting mean A"
[1] "Fitting variance A"
[1] "DR"
[1] 0.798232
[1] 0.02701415
[1] 0.9210526

 0  1 
 6 70 
[1] "se comparison"
[1] 0.03130521
[1] 0.03088978
[1] 77
[1] 0.827117
[1] 0.8313263
[1] "AdaLSE"
[1] 0.8363774
[1] 0.0300048
[1] 0.9480519

 0  1 
 4 73 
[1] "Fitting mean A"
[1] "Fitting variance A"
[1] "DR"
[1] 0.8364824
[1] 0.02784338
[1] 0.9220779

 0  1 
 6 71 
[1] "se comparison"
[1] 0.03110334
[1] 0.03070034
[1] 78
[1] 0.827117
[1] 0.8313263
[1] "AdaLSE"
[1] 0.7643717
[1] 0.03010904
[1] 0.9358974

 0  1 
 5 73 
[1] "Fitting mean A"
[1] "Fitting variance A"
[1] "DR"
[1] 0.7628421
[1] 0.0277974
[1] 0.9102564

 0  1 
 7 71 
[1] "se comparison"
[1] 0.03182616
[1] 0.03138857
[1] 79
[1] 0.827117
[1] 0.8313263
[1] "AdaLSE"
[1] 0.8574865
[1] 0.03178553
[1] 0.9367089

 0  1 
 5 74 
[1] "Fitting mean A"
[1] "Fitting variance A"
[1] "DR"
[1] 0.855239
[1] 0.02855559
[1] 0.9113924

 0  1 
 7 72 
[1] "se comparison"
[1] 0.03176372
[1] 0.03134266
[1] 80
[1] 0.827117
[1] 0.8313263
[1] "AdaLSE"
[1] 0.8560898
[1] 0.02965777
[1] 0.9375

 0  1 
 5 75 
[1] "Fitting mean A"
[1] "Fitting variance A"
[1] "DR"
[1] 0.8450721
[1] 0.02659905
[1] 0.9125

 0  1 
 7 73 
[1] "se comparison"
[1] 0.0316851
[1] 0.03120322
[1] 81
[1] 0.827117
[1] 0.8313263
[1] "AdaLSE"
[1] 0.8503551
[1] 0.03057221
[1] 0.9382716

 0  1 
 5 76 
[1] "Fitting mean A"
[1] "Fitting variance A"
[1] "DR"
[1] 0.8520931
[1] 0.02876705
[1] 0.9135802

 0  1 
 7 74 
[1] "se comparison"
[1] 0.03155644
[1] 0.03112245
[1] 82
[1] 0.827117
[1] 0.8313263
[1] "AdaLSE"
[1] 0.8575233
[1] 0.03146302
[1] 0.9390244

 0  1 
 5 77 
[1] "Fitting mean A"
[1] "Fitting variance A"
[1] "DR"
[1] 0.8600415
[1] 0.02940572
[1] 0.9146341

 0  1 
 7 75 
[1] "se comparison"
[1] 0.03149061
[1] 0.03112715
[1] 83
[1] 0.827117
[1] 0.8313263
[1] "AdaLSE"
[1] 0.8254543
[1] 0.03368056
[1] 0.939759

 0  1 
 5 78 
[1] "Fitting mean A"
[1] "Fitting variance A"
[1] "DR"
[1] 0.8178057
[1] 0.03148454
[1] 0.9156627

 0  1 
 7 76 
[1] "se comparison"
[1] 0.03130625
[1] 0.03096001
[1] 84
[1] 0.827117
[1] 0.8313263
[1] "AdaLSE"
[1] 0.8862457
[1] 0.02836853
[1] 0.9404762

 0  1 
 5 79 
[1] "Fitting mean A"
[1] "Fitting variance A"
[1] "DR"
[1] 0.8791464
[1] 0.025072
[1] 0.9166667

 0  1 
 7 77 
[1] "se comparison"
[1] 0.03167663
[1] 0.03126319
[1] 85
[1] 0.827117
[1] 0.8313263
[1] "AdaLSE"
[1] 0.8712964
[1] 0.03072668
[1] 0.9411765

 0  1 
 5 80 
[1] "Fitting mean A"
[1] "Fitting variance A"
[1] "DR"
[1] 0.8639336
[1] 0.02793185
[1] 0.9176471

 0  1 
 7 78 
[1] "se comparison"
[1] 0.03176652
[1] 0.03130402
[1] 86
[1] 0.827117
[1] 0.8313263
[1] "AdaLSE"
[1] 0.7694238
[1] 0.03309633
[1] 0.9418605

 0  1 
 5 81 
[1] "Fitting mean A"
[1] "Fitting variance A"
[1] "DR"
[1] 0.7670743
[1] 0.02850815
[1] 0.9069767

 0  1 
 8 78 
[1] "se comparison"
[1] 0.03231517
[1] 0.03184164
[1] 87
[1] 0.827117
[1] 0.8313263
[1] "AdaLSE"
[1] 0.8445556
[1] 0.02901541
[1] 0.9425287

 0  1 
 5 82 
[1] "Fitting mean A"
[1] "Fitting variance A"
[1] "DR"
[1] 0.8425087
[1] 0.02704967
[1] 0.908046

 0  1 
 8 79 
[1] "se comparison"
[1] 0.03215368
[1] 0.03168965
[1] 88
[1] 0.827117
[1] 0.8313263
[1] "AdaLSE"
[1] 0.8285894
[1] 0.02973093
[1] 0.9431818

 0  1 
 5 83 
[1] "Fitting mean A"
[1] "Fitting variance A"
[1] "DR"
[1] 0.8176961
[1] 0.027714
[1] 0.9090909

 0  1 
 8 80 
[1] "se comparison"
[1] 0.03197097
[1] 0.0315302
[1] 89
[1] 0.827117
[1] 0.8313263
[1] "AdaLSE"
[1] 0.8651393
[1] 0.03019519
[1] 0.9438202

 0  1 
 5 84 
[1] "Fitting mean A"
[1] "Fitting variance A"
[1] "DR"
[1] 0.8648158
[1] 0.02619359
[1] 0.9101124

 0  1 
 8 81 
[1] "se comparison"
[1] 0.0319779
[1] 0.03158069
[1] 90
[1] 0.827117
[1] 0.8313263
[1] "AdaLSE"
[1] 0.8255264
[1] 0.03295149
[1] 0.9444444

 0  1 
 5 85 
[1] "Fitting mean A"
[1] "Fitting variance A"
[1] "DR"
[1] 0.8178673
[1] 0.03026181
[1] 0.9111111

 0  1 
 8 82 
[1] "se comparison"
[1] 0.03180685
[1] 0.03142595
[1] 91
[1] 0.827117
[1] 0.8313263
[1] "AdaLSE"
[1] 0.8540206
[1] 0.03244951
[1] 0.9450549

 0  1 
 5 86 
[1] "Fitting mean A"
[1] "Fitting variance A"
[1] "DR"
[1] 0.8500684
[1] 0.03013219
[1] 0.9120879

 0  1 
 8 83 
[1] "se comparison"
[1] 0.03170876
[1] 0.03132743
[1] 92
[1] 0.827117
[1] 0.8313263
[1] "AdaLSE"
[1] 0.8426632
[1] 0.02679832
[1] 0.9456522

 0  1 
 5 87 
[1] "Fitting mean A"
[1] "Fitting variance A"
[1] "DR"
[1] 0.8411862
[1] 0.02565463
[1] 0.9130435

 0  1 
 8 84 
[1] "se comparison"
[1] 0.03155048
[1] 0.03117897
[1] 93
[1] 0.827117
[1] 0.8313263
[1] "AdaLSE"
[1] 0.8667352
[1] 0.03124782
[1] 0.9462366

 0  1 
 5 88 
[1] "Fitting mean A"
[1] "Fitting variance A"
[1] "DR"
[1] 0.8583668
[1] 0.02924149
[1] 0.9139785

 0  1 
 8 85 
[1] "se comparison"
[1] 0.03157284
[1] 0.03115273
[1] 94
[1] 0.827117
[1] 0.8313263
[1] "AdaLSE"
[1] 0.8606622
[1] 0.03033145
[1] 0.9468085

 0  1 
 5 89 
[1] "Fitting mean A"
[1] "Fitting variance A"
[1] "DR"
[1] 0.861718
[1] 0.02654477
[1] 0.9148936

 0  1 
 8 86 
[1] "se comparison"
[1] 0.03152855
[1] 0.03115858
[1] 95
[1] 0.827117
[1] 0.8313263
[1] "AdaLSE"
[1] 0.8901793
[1] 0.0302647
[1] 0.9473684

 0  1 
 5 90 
[1] "Fitting mean A"
[1] "Fitting variance A"
[1] "DR"
[1] 0.8890444
[1] 0.02622144
[1] 0.9052632

 0  1 
 9 86 
[1] "se comparison"
[1] 0.031892
[1] 0.03157505
[1] 96
[1] 0.827117
[1] 0.8313263
[1] "AdaLSE"
[1] 0.789045
[1] 0.03002379
[1] 0.9479167

 0  1 
 5 91 
[1] "Fitting mean A"
[1] "Fitting variance A"
[1] "DR"
[1] 0.7841529
[1] 0.02671092
[1] 0.90625

 0  1 
 9 87 
[1] "se comparison"
[1] 0.03205752
[1] 0.03176743
[1] 97
[1] 0.827117
[1] 0.8313263
[1] "AdaLSE"
[1] 0.8366885
[1] 0.03121673
[1] 0.9484536

 0  1 
 5 92 
[1] "Fitting mean A"
[1] "Fitting variance A"
[1] "DR"
[1] 0.8287922
[1] 0.02918971
[1] 0.9072165

 0  1 
 9 88 
[1] "se comparison"
[1] 0.03189148
[1] 0.03160193
[1] 98
[1] 0.827117
[1] 0.8313263
[1] "AdaLSE"
[1] 0.8093744
[1] 0.02943057
[1] 0.9489796

 0  1 
 5 93 
[1] "Fitting mean A"
[1] "Fitting variance A"
[1] "DR"
[1] 0.8119256
[1] 0.027598
[1] 0.9081633

 0  1 
 9 89 
[1] "se comparison"
[1] 0.03182258
[1] 0.03149343
[1] 99
[1] 0.827117
[1] 0.8313263
[1] "AdaLSE"
[1] 0.7904739
[1] 0.03131737
[1] 0.9494949

 0  1 
 5 94 
[1] "Fitting mean A"
[1] "Fitting variance A"
[1] "DR"
[1] 0.7836161
[1] 0.02933034
[1] 0.9090909

 0  1 
 9 90 
[1] "se comparison"
[1] 0.03195464
[1] 0.03167909
[1] 100
[1] 0.827117
[1] 0.8313263
[1] "AdaLSE"
[1] 0.77842
[1] 0.02849605
[1] 0.95

 0  1 
 5 95 
[1] "Fitting mean A"
[1] "Fitting variance A"
[1] "DR"
[1] 0.7759716
[1] 0.02715032
[1] 0.9

 0  1 
10 90 
[1] "se comparison"
[1] 0.03226014
[1] 0.0319726
[1] 101
[1] 0.827117
[1] 0.8313263
[1] "AdaLSE"
[1] 0.8675041
[1] 0.03150099
[1] 0.950495

 0  1 
 5 96 
[1] "Fitting mean A"
[1] "Fitting variance A"
[1] "DR"
[1] 0.8626283
[1] 0.02935572
[1] 0.9009901

 0  1 
10 91 
[1] "se comparison"
[1] 0.03228597
[1] 0.0319866
[1] 102
[1] 0.827117
[1] 0.8313263
[1] "AdaLSE"
[1] 0.7996978
[1] 0.02979813
[1] 0.9509804

 0  1 
 5 97 
[1] "Fitting mean A"
[1] "Fitting variance A"
[1] "DR"
[1] 0.7998547
[1] 0.02688951
[1] 0.9019608

 0  1 
10 92 
[1] "se comparison"
[1] 0.0322938
[1] 0.03196247
[1] 103
[1] 0.827117
[1] 0.8313263
[1] "AdaLSE"
[1] 0.8389768
[1] 0.03110103
[1] 0.9514563

 0  1 
 5 98 
[1] "Fitting mean A"
[1] "Fitting variance A"
[1] "DR"
[1] 0.8341269
[1] 0.02924562
[1] 0.9029126

 0  1 
10 93 
[1] "se comparison"
[1] 0.03214124
[1] 0.03180917
[1] 104
[1] 0.827117
[1] 0.8313263
[1] "AdaLSE"
[1] 0.8651468
[1] 0.03267755
[1] 0.9519231

 0  1 
 5 99 
[1] "Fitting mean A"
[1] "Fitting variance A"
[1] "DR"
[1] 0.8575164
[1] 0.02945915
[1] 0.9038462

 0  1 
10 94 
[1] "se comparison"
[1] 0.03214304
[1] 0.03177586
[1] 105
[1] 0.827117
[1] 0.8313263
[1] "AdaLSE"
[1] 0.8366929
[1] 0.02984266
[1] 0.952381

  0   1 
  5 100 
[1] "Fitting mean A"
[1] "Fitting variance A"
[1] "DR"
[1] 0.8347463
[1] 0.02693539
[1] 0.9047619

 0  1 
10 95 
[1] "se comparison"
[1] 0.03199019
[1] 0.0316269
[1] 106
[1] 0.827117
[1] 0.8313263
[1] "AdaLSE"
[1] 0.8526436
[1] 0.02993907
[1] 0.9528302

  0   1 
  5 101 
[1] "Fitting mean A"
[1] "Fitting variance A"
[1] "DR"
[1] 0.854508
[1] 0.02812994
[1] 0.9056604

 0  1 
10 96 
[1] "se comparison"
[1] 0.03189453
[1] 0.03156929
[1] 107
[1] 0.827117
[1] 0.8313263
[1] "AdaLSE"
[1] 0.7602604
[1] 0.03437512
[1] 0.9439252

  0   1 
  6 101 
[1] "Fitting mean A"
[1] "Fitting variance A"
[1] "DR"
[1] 0.7618447
[1] 0.03276059
[1] 0.8971963

 0  1 
11 96 
[1] "se comparison"
[1] 0.03251742
[1] 0.0320988
[1] 108
[1] 0.827117
[1] 0.8313263
[1] "AdaLSE"
[1] 0.8245684
[1] 0.02729884
[1] 0.9444444

  0   1 
  6 102 
[1] "Fitting mean A"
[1] "Fitting variance A"
[1] "DR"
[1] 0.8163683
[1] 0.02549629
[1] 0.8981481

 0  1 
11 97 
[1] "se comparison"
[1] 0.03237415
[1] 0.03197205
[1] 109
[1] 0.827117
[1] 0.8313263
[1] "AdaLSE"
[1] 0.8598464
[1] 0.03417518
[1] 0.9449541

  0   1 
  6 103 
[1] "Fitting mean A"
[1] "Fitting variance A"
[1] "DR"
[1] 0.8560649
[1] 0.03134805
[1] 0.8990826

 0  1 
11 98 
[1] "se comparison"
[1] 0.03233065
[1] 0.031929
[1] 110
[1] 0.827117
[1] 0.8313263
[1] "AdaLSE"
[1] 0.7640483
[1] 0.03253702
[1] 0.9363636

  0   1 
  7 103 
[1] "Fitting mean A"
[1] "Fitting variance A"
[1] "DR"
[1] 0.7627088
[1] 0.02950906
[1] 0.8909091

 0  1 
12 98 
[1] "se comparison"
[1] 0.03284081
[1] 0.03240948
[1] 111
[1] 0.827117
[1] 0.8313263
[1] "AdaLSE"
[1] 0.8535061
[1] 0.03025556
[1] 0.9369369

  0   1 
  7 104 
[1] "Fitting mean A"
[1] "Fitting variance A"
[1] "DR"
[1] 0.850745
[1] 0.02832759
[1] 0.8918919

 0  1 
12 99 
[1] "se comparison"
[1] 0.03275445
[1] 0.03232988
[1] 112
[1] 0.827117
[1] 0.8313263
[1] "AdaLSE"
[1] 0.8014999
[1] 0.03040326
[1] 0.9375

  0   1 
  7 105 
[1] "Fitting mean A"
[1] "Fitting variance A"
[1] "DR"
[1] 0.8035735
[1] 0.02657753
[1] 0.8928571

  0   1 
 12 100 
[1] "se comparison"
[1] 0.03273589
[1] 0.03227246
[1] 113
[1] 0.827117
[1] 0.8313263
[1] "AdaLSE"
[1] 0.8264989
[1] 0.03080489
[1] 0.9380531

  0   1 
  7 106 
[1] "Fitting mean A"
[1] "Fitting variance A"
[1] "DR"
[1] 0.8209068
[1] 0.02841933
[1] 0.8938053

  0   1 
 12 101 
[1] "se comparison"
[1] 0.03259351
[1] 0.03213627
[1] 114
[1] 0.827117
[1] 0.8313263
[1] "AdaLSE"
[1] 0.8287666
[1] 0.02775883
[1] 0.9385965

  0   1 
  7 107 
[1] "Fitting mean A"
[1] "Fitting variance A"
[1] "DR"
[1] 0.8221037
[1] 0.02608451
[1] 0.8947368

  0   1 
 12 102 
[1] "se comparison"
[1] 0.03245033
[1] 0.03199948
[1] 115
[1] 0.827117
[1] 0.8313263
[1] "AdaLSE"
[1] 0.8497896
[1] 0.02864381
[1] 0.9391304

  0   1 
  7 108 
[1] "Fitting mean A"
[1] "Fitting variance A"
[1] "DR"
[1] 0.8479954
[1] 0.02612833
[1] 0.8956522

  0   1 
 12 103 
[1] "se comparison"
[1] 0.03235068
[1] 0.03191062
[1] 116
[1] 0.827117
[1] 0.8313263
[1] "AdaLSE"
[1] 0.7968103
[1] 0.03260624
[1] 0.9396552

  0   1 
  7 109 
[1] "Fitting mean A"
[1] "Fitting variance A"
[1] "DR"
[1] 0.8052161
[1] 0.02991081
[1] 0.8965517

  0   1 
 12 104 
[1] "se comparison"
[1] 0.03237563
[1] 0.03184614
[1] 117
[1] 0.827117
[1] 0.8313263
[1] "AdaLSE"
[1] 0.8138285
[1] 0.03220752
[1] 0.9401709

  0   1 
  7 110 
[1] "Fitting mean A"
[1] "Fitting variance A"
[1] "DR"
[1] 0.8074808
[1] 0.03052578
[1] 0.8974359

  0   1 
 12 105 
[1] "se comparison"
[1] 0.03227839
[1] 0.03176791
[1] 118
[1] 0.827117
[1] 0.8313263
[1] "AdaLSE"
[1] 0.8496223
[1] 0.03105937
[1] 0.940678

  0   1 
  7 111 
[1] "Fitting mean A"
[1] "Fitting variance A"
[1] "DR"
[1] 0.8414674
[1] 0.02863534
[1] 0.8983051

  0   1 
 12 106 
[1] "se comparison"
[1] 0.0321829
[1] 0.0316551
[1] 119
[1] 0.827117
[1] 0.8313263
[1] "AdaLSE"
[1] 0.8311464
[1] 0.03070801
[1] 0.9411765

  0   1 
  7 112 
[1] "Fitting mean A"
[1] "Fitting variance A"
[1] "DR"
[1] 0.8266558
[1] 0.02811318
[1] 0.8991597

  0   1 
 12 107 
[1] "se comparison"
[1] 0.03204629
[1] 0.03152109
[1] 120
[1] 0.827117
[1] 0.8313263
[1] "AdaLSE"
[1] 0.8836084
[1] 0.02842518
[1] 0.9416667

  0   1 
  7 113 
[1] "Fitting mean A"
[1] "Fitting variance A"
[1] "DR"
[1] 0.8812642
[1] 0.02691739
[1] 0.9

  0   1 
 12 108 
[1] "se comparison"
[1] 0.03226049
[1] 0.03175732
[1] 121
[1] 0.827117
[1] 0.8313263
[1] "AdaLSE"
[1] 0.8326503
[1] 0.03002795
[1] 0.9421488

  0   1 
  7 114 
[1] "Fitting mean A"
[1] "Fitting variance A"
[1] "DR"
[1] 0.8268554
[1] 0.02797441
[1] 0.9008264

  0   1 
 12 109 
[1] "se comparison"
[1] 0.03212582
[1] 0.03162523
[1] 122
[1] 0.827117
[1] 0.8313263
[1] "AdaLSE"
[1] 0.8473807
[1] 0.03030311
[1] 0.942623

  0   1 
  7 115 
[1] "Fitting mean A"
[1] "Fitting variance A"
[1] "DR"
[1] 0.8232967
[1] 0.02770472
[1] 0.9016393

  0   1 
 12 110 
[1] "se comparison"
[1] 0.03202233
[1] 0.03149824
[1] 123
[1] 0.827117
[1] 0.8313263
[1] "AdaLSE"
[1] 0.8395651
[1] 0.02875317
[1] 0.9430894

  0   1 
  7 116 
[1] "Fitting mean A"
[1] "Fitting variance A"
[1] "DR"
[1] 0.8383879
[1] 0.0268542
[1] 0.902439

  0   1 
 12 111 
[1] "se comparison"
[1] 0.03189751
[1] 0.03138087
[1] 124
[1] 0.827117
[1] 0.8313263
[1] "AdaLSE"
[1] 0.7593988
[1] 0.030364
[1] 0.9354839

  0   1 
  8 116 
[1] "Fitting mean A"
[1] "Fitting variance A"
[1] "DR"
[1] 0.7576531
[1] 0.02839022
[1] 0.8951613

  0   1 
 13 111 
[1] "se comparison"
[1] 0.03243654
[1] 0.03190029
[1] 125
[1] 0.827117
[1] 0.8313263
[1] "AdaLSE"
[1] 0.8170894
[1] 0.03145918
[1] 0.936

  0   1 
  8 117 
[1] "Fitting mean A"
[1] "Fitting variance A"
[1] "DR"
[1] 0.814294
[1] 0.02840442
[1] 0.896

  0   1 
 13 112 
[1] "se comparison"
[1] 0.03233222
[1] 0.03179599
[1] 126
[1] 0.827117
[1] 0.8313263
[1] "AdaLSE"
[1] 0.8443726
[1] 0.03377793
[1] 0.9365079

  0   1 
  8 118 
[1] "Fitting mean A"
[1] "Fitting variance A"
[1] "DR"
[1] 0.8411087
[1] 0.03026739
[1] 0.8968254

  0   1 
 13 113 
[1] "se comparison"
[1] 0.03222251
[1] 0.03168955
[1] 127
[1] 0.827117
[1] 0.8313263
[1] "AdaLSE"
[1] 0.8279017
[1] 0.03043744
[1] 0.9370079

  0   1 
  8 119 
[1] "Fitting mean A"
[1] "Fitting variance A"
[1] "DR"
[1] 0.828579
[1] 0.02855723
[1] 0.8976378

  0   1 
 13 114 
[1] "se comparison"
[1] 0.03209623
[1] 0.03156356
[1] 128
[1] 0.827117
[1] 0.8313263
[1] "AdaLSE"
[1] 0.7599785
[1] 0.02911725
[1] 0.9296875

  0   1 
  9 119 
[1] "Fitting mean A"
[1] "Fitting variance A"
[1] "DR"
[1] 0.7575432
[1] 0.02704638
[1] 0.890625

  0   1 
 14 114 
[1] "se comparison"
[1] 0.03259278
[1] 0.03205448
[1] 129
[1] 0.827117
[1] 0.8313263
[1] "AdaLSE"
[1] 0.8722447
[1] 0.03271575
[1] 0.9302326

  0   1 
  9 120 
[1] "Fitting mean A"
[1] "Fitting variance A"
[1] "DR"
[1] 0.8699357
[1] 0.02946112
[1] 0.8914729

  0   1 
 14 115 
[1] "se comparison"
[1] 0.03266592
[1] 0.0321447
[1] 130
[1] 0.827117
[1] 0.8313263
[1] "AdaLSE"
[1] 0.7685807
[1] 0.0292
[1] 0.9230769

  0   1 
 10 120 
[1] "Fitting mean A"
[1] "Fitting variance A"
[1] "DR"
[1] 0.7632073
[1] 0.02797514
[1] 0.8846154

  0   1 
 15 115 
[1] "se comparison"
[1] 0.03300366
[1] 0.03252085
[1] 131
[1] 0.827117
[1] 0.8313263
[1] "AdaLSE"
[1] 0.8109436
[1] 0.03374399
[1] 0.9236641

  0   1 
 10 121 
[1] "Fitting mean A"
[1] "Fitting variance A"
[1] "DR"
[1] 0.805852
[1] 0.02879169
[1] 0.8854962

  0   1 
 15 116 
[1] "se comparison"
[1] 0.03292321
[1] 0.03245091
[1] 132
[1] 0.827117
[1] 0.8313263
[1] "AdaLSE"
[1] 0.8706705
[1] 0.02789578
[1] 0.9242424

  0   1 
 10 122 
[1] "Fitting mean A"
[1] "Fitting variance A"
[1] "DR"
[1] 0.8610533
[1] 0.02628109
[1] 0.8863636

  0   1 
 15 117 
[1] "se comparison"
[1] 0.03297983
[1] 0.03245943
[1] 133
[1] 0.827117
[1] 0.8313263
[1] "AdaLSE"
[1] 0.831864
[1] 0.03326613
[1] 0.924812

  0   1 
 10 123 
[1] "Fitting mean A"
[1] "Fitting variance A"
[1] "DR"
[1] 0.8266608
[1] 0.02653237
[1] 0.887218

  0   1 
 15 118 
[1] "se comparison"
[1] 0.03285473
[1] 0.03233636
[1] 134
[1] 0.827117
[1] 0.8313263
[1] "AdaLSE"
[1] 0.8249564
[1] 0.03034038
[1] 0.9253731

  0   1 
 10 124 
[1] "Fitting mean A"
[1] "Fitting variance A"
[1] "DR"
[1] 0.8222358
[1] 0.02496511
[1] 0.8880597

  0   1 
 15 119 
[1] "se comparison"
[1] 0.03273538
[1] 0.03221793
[1] 135
[1] 0.827117
[1] 0.8313263
[1] "AdaLSE"
[1] 0.7979433
[1] 0.03194808
[1] 0.9259259

  0   1 
 10 125 
[1] "Fitting mean A"
[1] "Fitting variance A"
[1] "DR"
[1] 0.7978489
[1] 0.02588605
[1] 0.8888889

  0   1 
 15 120 
[1] "se comparison"
[1] 0.03273778
[1] 0.03219935
[1] 136
[1] 0.827117
[1] 0.8313263
[1] "AdaLSE"
[1] 0.8231185
[1] 0.03184878
[1] 0.9264706

  0   1 
 10 126 
[1] "Fitting mean A"
[1] "Fitting variance A"
[1] "DR"
[1] 0.8263651
[1] 0.02814621
[1] 0.8897059

  0   1 
 15 121 
[1] "se comparison"
[1] 0.03262309
[1] 0.03207999
[1] 137
[1] 0.827117
[1] 0.8313263
[1] "AdaLSE"
[1] 0.8524421
[1] 0.02813914
[1] 0.9270073

  0   1 
 10 127 
[1] "Fitting mean A"
[1] "Fitting variance A"
[1] "DR"
[1] 0.8481001
[1] 0.02568121
[1] 0.8905109

  0   1 
 15 122 
[1] "se comparison"
[1] 0.03255539
[1] 0.03201092
[1] 138
[1] 0.827117
[1] 0.8313263
[1] "AdaLSE"
[1] 0.8636077
[1] 0.03543924
[1] 0.9275362

  0   1 
 10 128 
[1] "Fitting mean A"
[1] "Fitting variance A"
[1] "DR"
[1] 0.851253
[1] 0.03203251
[1] 0.8913043

  0   1 
 15 123 
[1] "se comparison"
[1] 0.03255507
[1] 0.03195787
[1] 139
[1] 0.827117
[1] 0.8313263
[1] "AdaLSE"
[1] 0.8635162
[1] 0.03327985
[1] 0.9280576

  0   1 
 10 129 
[1] "Fitting mean A"
[1] "Fitting variance A"
[1] "DR"
[1] 0.8519929
[1] 0.02978933
[1] 0.8920863

  0   1 
 15 124 
[1] "se comparison"
[1] 0.03255241
[1] 0.03190858
[1] 140
[1] 0.827117
[1] 0.8313263
[1] "AdaLSE"
[1] 0.8035183
[1] 0.03364556
[1] 0.9285714

  0   1 
 10 130 
[1] "Fitting mean A"
[1] "Fitting variance A"
[1] "DR"
[1] 0.8020752
[1] 0.02781724
[1] 0.8928571

  0   1 
 15 125 
[1] "se comparison"
[1] 0.03252087
[1] 0.03186816
[1] 141
[1] 0.827117
[1] 0.8313263
[1] "AdaLSE"
[1] 0.7916534
[1] 0.03268793
[1] 0.929078

  0   1 
 10 131 
[1] "Fitting mean A"
[1] "Fitting variance A"
[1] "DR"
[1] 0.7887426
[1] 0.03083251
[1] 0.893617

  0   1 
 15 126 
[1] "se comparison"
[1] 0.03257561
[1] 0.03192292
[1] 142
[1] 0.827117
[1] 0.8313263
[1] "AdaLSE"
[1] 0.819654
[1] 0.02642921
[1] 0.9295775

  0   1 
 10 132 
[1] "Fitting mean A"
[1] "Fitting variance A"
[1] "DR"
[1] 0.8168834
[1] 0.02450488
[1] 0.8943662

  0   1 
 15 127 
[1] "se comparison"
[1] 0.03247377
[1] 0.03182175
[1] 143
[1] 0.827117
[1] 0.8313263
[1] "AdaLSE"
[1] 0.7885478
[1] 0.0297409
[1] 0.9300699

  0   1 
 10 133 
[1] "Fitting mean A"
[1] "Fitting variance A"
[1] "DR"
[1] 0.786275
[1] 0.02782086
[1] 0.8951049

  0   1 
 15 128 
[1] "se comparison"
[1] 0.03255233
[1] 0.03189473
[1] 144
[1] 0.827117
[1] 0.8313263
[1] "AdaLSE"
[1] 0.877022
[1] 0.0330563
[1] 0.9305556

  0   1 
 10 134 
[1] "Fitting mean A"
[1] "Fitting variance A"
[1] "DR"
[1] 0.8678671
[1] 0.03016888
[1] 0.8958333

  0   1 
 15 129 
[1] "se comparison"
[1] 0.03266827
[1] 0.03196465
[1] 145
[1] 0.827117
[1] 0.8313263
[1] "AdaLSE"
[1] 0.8262103
[1] 0.03030963
[1] 0.9310345

  0   1 
 10 135 
[1] "Fitting mean A"
[1] "Fitting variance A"
[1] "DR"
[1] 0.8242666
[1] 0.02773567
[1] 0.8965517

  0   1 
 15 130 
[1] "se comparison"
[1] 0.03255699
[1] 0.03185448
[1] 146
[1] 0.827117
[1] 0.8313263
[1] "AdaLSE"
[1] 0.8252434
[1] 0.03063379
[1] 0.9315068

  0   1 
 10 136 
[1] "Fitting mean A"
[1] "Fitting variance A"
[1] "DR"
[1] 0.8197922
[1] 0.02780814
[1] 0.8972603

  0   1 
 15 131 
[1] "se comparison"
[1] 0.03244788
[1] 0.03175052
[1] 147
[1] 0.827117
[1] 0.8313263
[1] "AdaLSE"
[1] 0.8249206
[1] 0.03129001
[1] 0.9319728

  0   1 
 10 137 
[1] "Fitting mean A"
[1] "Fitting variance A"
[1] "DR"
[1] 0.817334
[1] 0.02860274
[1] 0.8979592

  0   1 
 15 132 
[1] "se comparison"
[1] 0.03234025
[1] 0.03165216
[1] 148
[1] 0.827117
[1] 0.8313263
[1] "AdaLSE"
[1] 0.8230391
[1] 0.03016518
[1] 0.9324324

  0   1 
 10 138 
[1] "Fitting mean A"
[1] "Fitting variance A"
[1] "DR"
[1] 0.8144773
[1] 0.02762294
[1] 0.8986486

  0   1 
 15 133 
[1] "se comparison"
[1] 0.03223638
[1] 0.03156158
[1] 149
[1] 0.827117
[1] 0.8313263
[1] "AdaLSE"
[1] 0.7945641
[1] 0.03193177
[1] 0.9328859

  0   1 
 10 139 
[1] "Fitting mean A"
[1] "Fitting variance A"
[1] "DR"
[1] 0.7944768
[1] 0.03040712
[1] 0.8993289

  0   1 
 15 134 
[1] "se comparison"
[1] 0.03226376
[1] 0.03156805
[1] 150
[1] 0.827117
[1] 0.8313263
[1] "AdaLSE"
[1] 0.8167295
[1] 0.03123018
[1] 0.9333333

  0   1 
 10 140 
[1] "Fitting mean A"
[1] "Fitting variance A"
[1] "DR"
[1] 0.8083049
[1] 0.0297791
[1] 0.9

  0   1 
 15 135 
[1] "se comparison"
[1] 0.03217497
[1] 0.03149845
[1] 151
[1] 0.827117
[1] 0.8313263
[1] "AdaLSE"
[1] 0.8178733
[1] 0.03053565
[1] 0.9337748

  0   1 
 10 141 
[1] "Fitting mean A"
[1] "Fitting variance A"
[1] "DR"
[1] 0.8129358
[1] 0.02670966
[1] 0.9006623

  0   1 
 15 136 
[1] "se comparison"
[1] 0.03208378
[1] 0.0314134
[1] 152
[1] 0.827117
[1] 0.8313263
[1] "AdaLSE"
[1] 0.8775038
[1] 0.0320777
[1] 0.9342105

  0   1 
 10 142 
[1] "Fitting mean A"
[1] "Fitting variance A"
[1] "DR"
[1] 0.8789743
[1] 0.02993395
[1] 0.9013158

  0   1 
 15 137 
[1] "se comparison"
[1] 0.03220546
[1] 0.03159546
[1] 153
[1] 0.827117
[1] 0.8313263
[1] "AdaLSE"
[1] 0.9063083
[1] 0.02968532
[1] 0.9281046

  0   1 
 11 142 
[1] "Fitting mean A"
[1] "Fitting variance A"
[1] "DR"
[1] 0.9050899
[1] 0.02634132
[1] 0.8954248

  0   1 
 16 137 
[1] "se comparison"
[1] 0.03267706
[1] 0.03211791
[1] 154
[1] 0.827117
[1] 0.8313263
[1] "AdaLSE"
[1] 0.8687653
[1] 0.02994591
[1] 0.9285714

  0   1 
 11 143 
[1] "Fitting mean A"
[1] "Fitting variance A"
[1] "DR"
[1] 0.8630615
[1] 0.02776759
[1] 0.8961039

  0   1 
 16 138 
[1] "se comparison"
[1] 0.03271094
[1] 0.03214069
[1] 155
[1] 0.827117
[1] 0.8313263
[1] "AdaLSE"
[1] 0.8411647
[1] 0.02998175
[1] 0.9290323

  0   1 
 11 144 
[1] "Fitting mean A"
[1] "Fitting variance A"
[1] "DR"
[1] 0.8361202
[1] 0.02747942
[1] 0.8967742

  0   1 
 16 139 
[1] "se comparison"
[1] 0.03261404
[1] 0.03204324
[1] 156
[1] 0.827117
[1] 0.8313263
[1] "AdaLSE"
[1] 0.8373752
[1] 0.03113648
[1] 0.9294872

  0   1 
 11 145 
[1] "Fitting mean A"
[1] "Fitting variance A"
[1] "DR"
[1] 0.8369596
[1] 0.0290157
[1] 0.8974359

  0   1 
 16 140 
[1] "se comparison"
[1] 0.03251213
[1] 0.03194813
[1] 157
[1] 0.827117
[1] 0.8313263
[1] "AdaLSE"
[1] 0.8069906
[1] 0.03058466
[1] 0.9299363

  0   1 
 11 146 
[1] "Fitting mean A"
[1] "Fitting variance A"
[1] "DR"
[1] 0.7954698
[1] 0.02875863
[1] 0.8980892

  0   1 
 16 141 
[1] "se comparison"
[1] 0.03246664
[1] 0.03195028
[1] 158
[1] 0.827117
[1] 0.8313263
[1] "AdaLSE"
[1] 0.8279062
[1] 0.0320772
[1] 0.9303797

  0   1 
 11 147 
[1] "Fitting mean A"
[1] "Fitting variance A"
[1] "DR"
[1] 0.8245478
[1] 0.02923455
[1] 0.8987342

  0   1 
 16 142 
[1] "se comparison"
[1] 0.03236422
[1] 0.03184932
[1] 159
[1] 0.827117
[1] 0.8313263
[1] "AdaLSE"
[1] 0.7880841
[1] 0.03188476
[1] 0.9308176

  0   1 
 11 148 
[1] "Fitting mean A"
[1] "Fitting variance A"
[1] "DR"
[1] 0.7878137
[1] 0.02840714
[1] 0.8993711

  0   1 
 16 143 
[1] "se comparison"
[1] 0.03244321
[1] 0.03190501
[1] 160
[1] 0.827117
[1] 0.8313263
[1] "AdaLSE"
[1] 0.9001568
[1] 0.03291263
[1] 0.925

  0   1 
 12 148 
[1] "Fitting mean A"
[1] "Fitting variance A"
[1] "DR"
[1] 0.8927076
[1] 0.02993275
[1] 0.89375

  0   1 
 17 143 
[1] "se comparison"
[1] 0.03279948
[1] 0.03222113
[1] 161
[1] 0.827117
[1] 0.8313263
[1] "AdaLSE"
[1] 0.8563295
[1] 0.03009976
[1] 0.9254658

  0   1 
 12 149 
[1] "Fitting mean A"
[1] "Fitting variance A"
[1] "DR"
[1] 0.8563328
[1] 0.0284527
[1] 0.8944099

  0   1 
 17 144 
[1] "se comparison"
[1] 0.0327555
[1] 0.03219897
[1] 162
[1] 0.827117
[1] 0.8313263
[1] "AdaLSE"
[1] 0.8921162
[1] 0.03000824
[1] 0.9197531

  0   1 
 13 149 
[1] "Fitting mean A"
[1] "Fitting variance A"
[1] "DR"
[1] 0.8830566
[1] 0.02698851
[1] 0.8950617

  0   1 
 17 145 
[1] "se comparison"
[1] 0.03299774
[1] 0.03238934
[1] 163
[1] 0.827117
[1] 0.8313263
[1] "AdaLSE"
[1] 0.8460178
[1] 0.03375319
[1] 0.9202454

  0   1 
 13 150 
[1] "Fitting mean A"
[1] "Fitting variance A"
[1] "DR"
[1] 0.8332081
[1] 0.02934299
[1] 0.8957055

  0   1 
 17 146 
[1] "se comparison"
[1] 0.03291408
[1] 0.0322915
[1] 164
[1] 0.827117
[1] 0.8313263
[1] "AdaLSE"
[1] 0.8392967
[1] 0.03406437
[1] 0.9207317

  0   1 
 13 151 
[1] "Fitting mean A"
[1] "Fitting variance A"
[1] "DR"
[1] 0.8359778
[1] 0.03106666
[1] 0.8963415

  0   1 
 17 147 
[1] "se comparison"
[1] 0.0328178
[1] 0.03219783
[1] 165
[1] 0.827117
[1] 0.8313263
[1] "AdaLSE"
[1] 0.8912518
[1] 0.03095429
[1] 0.9212121

  0   1 
 13 152 
[1] "Fitting mean A"
[1] "Fitting variance A"
[1] "DR"
[1] 0.8839696
[1] 0.02730861
[1] 0.8969697

  0   1 
 17 148 
[1] "se comparison"
[1] 0.03303984
[1] 0.0323899
[1] 166
[1] 0.827117
[1] 0.8313263
[1] "AdaLSE"
[1] 0.8617672
[1] 0.0299118
[1] 0.9216867

  0   1 
 13 153 
[1] "Fitting mean A"
[1] "Fitting variance A"
[1] "DR"
[1] 0.8530769
[1] 0.02759858
[1] 0.8975904

  0   1 
 17 149 
[1] "se comparison"
[1] 0.03301791
[1] 0.0323469
[1] 167
[1] 0.827117
[1] 0.8313263
[1] "AdaLSE"
[1] 0.8163155
[1] 0.03419803
[1] 0.9221557

  0   1 
 13 154 
[1] "Fitting mean A"
[1] "Fitting variance A"
[1] "DR"
[1] 0.8219525
[1] 0.03276836
[1] 0.8982036

  0   1 
 17 150 
[1] "se comparison"
[1] 0.03294259
[1] 0.03225376
[1] 168
[1] 0.827117
[1] 0.8313263
[1] "AdaLSE"
[1] 0.875191
[1] 0.03146878
[1] 0.922619

  0   1 
 13 155 
[1] "Fitting mean A"
[1] "Fitting variance A"
[1] "DR"
[1] 0.8750365
[1] 0.02993274
[1] 0.8988095

  0   1 
 17 151 
[1] "se comparison"
[1] 0.03300809
[1] 0.03235409
[1] 169
[1] 0.827117
[1] 0.8313263
[1] "AdaLSE"
[1] 0.8550718
[1] 0.03239529
[1] 0.9230769

  0   1 
 13 156 
[1] "Fitting mean A"
[1] "Fitting variance A"
[1] "DR"
[1] 0.8520294
[1] 0.02937843
[1] 0.8994083

  0   1 
 17 152 
[1] "se comparison"
[1] 0.03295422
[1] 0.03230585
[1] 170
[1] 0.827117
[1] 0.8313263
[1] "AdaLSE"
[1] 0.7683367
[1] 0.03129467
[1] 0.9176471

  0   1 
 14 156 
[1] "Fitting mean A"
[1] "Fitting variance A"
[1] "DR"
[1] 0.7667577
[1] 0.02902611
[1] 0.8941176

  0   1 
 18 152 
[1] "se comparison"
[1] 0.03322813
[1] 0.0325646
[1] 171
[1] 0.827117
[1] 0.8313263
[1] "AdaLSE"
[1] 0.8288389
[1] 0.0289847
[1] 0.9181287

  0   1 
 14 157 
[1] "Fitting mean A"
[1] "Fitting variance A"
[1] "DR"
[1] 0.8210201
[1] 0.027464
[1] 0.8947368

  0   1 
 18 153 
[1] "se comparison"
[1] 0.03313148
[1] 0.03247423
[1] 172
[1] 0.827117
[1] 0.8313263
[1] "AdaLSE"
[1] 0.8177043
[1] 0.03212567
[1] 0.9186047

  0   1 
 14 158 
[1] "Fitting mean A"
[1] "Fitting variance A"
[1] "DR"
[1] 0.810187
[1] 0.02887665
[1] 0.8953488

  0   1 
 18 154 
[1] "se comparison"
[1] 0.03305383
[1] 0.03241029
[1] 173
[1] 0.827117
[1] 0.8313263
[1] "AdaLSE"
[1] 0.8137431
[1] 0.02996191
[1] 0.9190751

  0   1 
 14 159 
[1] "Fitting mean A"
[1] "Fitting variance A"
[1] "DR"
[1] 0.8112532
[1] 0.02737157
[1] 0.8959538

  0   1 
 18 155 
[1] "se comparison"
[1] 0.0329883
[1] 0.03234319
[1] 174
[1] 0.827117
[1] 0.8313263
[1] "AdaLSE"
[1] 0.8567369
[1] 0.03314495
[1] 0.9195402

  0   1 
 14 160 
[1] "Fitting mean A"
[1] "Fitting variance A"
[1] "DR"
[1] 0.8556659
[1] 0.03040792
[1] 0.8965517

  0   1 
 18 156 
[1] "se comparison"
[1] 0.03294474
[1] 0.03231473
[1] 175
[1] 0.827117
[1] 0.8313263
[1] "AdaLSE"
[1] 0.8464149
[1] 0.03030482
[1] 0.92

  0   1 
 14 161 
[1] "Fitting mean A"
[1] "Fitting variance A"
[1] "DR"
[1] 0.8295894
[1] 0.02803868
[1] 0.8971429

  0   1 
 18 157 
[1] "se comparison"
[1] 0.0328668
[1] 0.0322218
[1] 176
[1] 0.827117
[1] 0.8313263
[1] "AdaLSE"
[1] 0.8219544
[1] 0.02979833
[1] 0.9204545

  0   1 
 14 162 
[1] "Fitting mean A"
[1] "Fitting variance A"
[1] "DR"
[1] 0.8197117
[1] 0.02761834
[1] 0.8977273

  0   1 
 18 158 
[1] "se comparison"
[1] 0.03278252
[1] 0.03213686
[1] 177
[1] 0.827117
[1] 0.8313263
[1] "AdaLSE"
[1] 0.7768035
[1] 0.03429201
[1] 0.920904

  0   1 
 14 163 
[1] "Fitting mean A"
[1] "Fitting variance A"
[1] "DR"
[1] 0.784144
[1] 0.03181332
[1] 0.8983051

  0   1 
 18 159 
[1] "se comparison"
[1] 0.03295631
[1] 0.03222012
[1] 178
[1] 0.827117
[1] 0.8313263
[1] "AdaLSE"
[1] 0.8492378
[1] 0.03037274
[1] 0.9213483

  0   1 
 14 164 
[1] "Fitting mean A"
[1] "Fitting variance A"
[1] "DR"
[1] 0.8466219
[1] 0.02808082
[1] 0.8988764

  0   1 
 18 160 
[1] "se comparison"
[1] 0.0328879
[1] 0.03215777
[1] 179
[1] 0.827117
[1] 0.8313263
[1] "AdaLSE"
[1] 0.7934448
[1] 0.0330421
[1] 0.9217877

  0   1 
 14 165 
[1] "Fitting mean A"
[1] "Fitting variance A"
[1] "DR"
[1] 0.7936959
[1] 0.03007209
[1] 0.8994413

  0   1 
 18 161 
[1] "se comparison"
[1] 0.03292365
[1] 0.03217309
[1] 180
[1] 0.827117
[1] 0.8313263
[1] "AdaLSE"
[1] 0.8249079
[1] 0.03045234
[1] 0.9222222

  0   1 
 14 166 
[1] "Fitting mean A"
[1] "Fitting variance A"
[1] "DR"
[1] 0.8222251
[1] 0.0278028
[1] 0.9

  0   1 
 18 162 
[1] "se comparison"
[1] 0.0328359
[1] 0.03208637
[1] 181
[1] 0.827117
[1] 0.8313263
[1] "AdaLSE"
[1] 0.8610107
[1] 0.02922137
[1] 0.9226519

  0   1 
 14 167 
[1] "Fitting mean A"
[1] "Fitting variance A"
[1] "DR"
[1] 0.8587537
[1] 0.02806781
[1] 0.9005525

  0   1 
 18 163 
[1] "se comparison"
[1] 0.03281533
[1] 0.03207686
[1] 182
[1] 0.827117
[1] 0.8313263
[1] "AdaLSE"
[1] 0.8222432
[1] 0.03145051
[1] 0.9230769

  0   1 
 14 168 
[1] "Fitting mean A"
[1] "Fitting variance A"
[1] "DR"
[1] 0.8094348
[1] 0.02817201
[1] 0.9010989

  0   1 
 18 164 
[1] "se comparison"
[1] 0.03273286
[1] 0.03201937
[1] 183
[1] 0.827117
[1] 0.8313263
[1] "AdaLSE"
[1] 0.8112753
[1] 0.03043572
[1] 0.9234973

  0   1 
 14 169 
[1] "Fitting mean A"
[1] "Fitting variance A"
[1] "DR"
[1] 0.8059213
[1] 0.02638521
[1] 0.9016393

  0   1 
 18 165 
[1] "se comparison"
[1] 0.03267922
[1] 0.03197451
[1] 184
[1] 0.827117
[1] 0.8313263
[1] "AdaLSE"
[1] 0.8171354
[1] 0.03136309
[1] 0.923913

  0   1 
 14 170 
[1] "Fitting mean A"
[1] "Fitting variance A"
[1] "DR"
[1] 0.8080456
[1] 0.02861904
[1] 0.9021739

  0   1 
 18 166 
[1] "se comparison"
[1] 0.03260829
[1] 0.0319219
[1] 185
[1] 0.827117
[1] 0.8313263
[1] "AdaLSE"
[1] 0.7871128
[1] 0.03136899
[1] 0.9243243

  0   1 
 14 171 
[1] "Fitting mean A"
[1] "Fitting variance A"
[1] "DR"
[1] 0.7857088
[1] 0.02793723
[1] 0.9027027

  0   1 
 18 167 
[1] "se comparison"
[1] 0.03268615
[1] 0.03198776
[1] 186
[1] 0.827117
[1] 0.8313263
[1] "AdaLSE"
[1] 0.8447595
[1] 0.03028869
[1] 0.9247312

  0   1 
 14 172 
[1] "Fitting mean A"
[1] "Fitting variance A"
[1] "DR"
[1] 0.8416705
[1] 0.0266868
[1] 0.9032258

  0   1 
 18 168 
[1] "se comparison"
[1] 0.03261176
[1] 0.03191706
[1] 187
[1] 0.827117
[1] 0.8313263
[1] "AdaLSE"
[1] 0.8844787
[1] 0.03088361
[1] 0.9251337

  0   1 
 14 173 
[1] "Fitting mean A"
[1] "Fitting variance A"
[1] "DR"
[1] 0.8832029
[1] 0.02797846
[1] 0.9037433

  0   1 
 18 169 
[1] "se comparison"
[1] 0.03275157
[1] 0.03208595
[1] 188
[1] 0.827117
[1] 0.8313263
[1] "AdaLSE"
[1] 0.8475692
[1] 0.03728287
[1] 0.9255319

  0   1 
 14 174 
[1] "Fitting mean A"
[1] "Fitting variance A"
[1] "DR"
[1] 0.8445251
[1] 0.03294978
[1] 0.9042553

  0   1 
 18 170 
[1] "se comparison"
[1] 0.03268348
[1] 0.03202189
[1] 189
[1] 0.827117
[1] 0.8313263
[1] "AdaLSE"
[1] 0.8296433
[1] 0.0298034
[1] 0.9259259

  0   1 
 14 175 
[1] "Fitting mean A"
[1] "Fitting variance A"
[1] "DR"
[1] 0.8243614
[1] 0.02695217
[1] 0.9047619

  0   1 
 18 171 
[1] "se comparison"
[1] 0.03259695
[1] 0.03193796
[1] 190
[1] 0.827117
[1] 0.8313263
[1] "AdaLSE"
[1] 0.8313917
[1] 0.03207308
[1] 0.9263158

  0   1 
 14 176 
[1] "Fitting mean A"
[1] "Fitting variance A"
[1] "DR"
[1] 0.8290003
[1] 0.02794089
[1] 0.9052632

  0   1 
 18 172 
[1] "se comparison"
[1] 0.03251064
[1] 0.03185339
[1] 191
[1] 0.827117
[1] 0.8313263
[1] "AdaLSE"
[1] 0.8580857
[1] 0.03033785
[1] 0.9267016

  0   1 
 14 177 
[1] "Fitting mean A"
[1] "Fitting variance A"
[1] "DR"
[1] 0.8502766
[1] 0.02776834
[1] 0.9057592

  0   1 
 18 173 
[1] "se comparison"
[1] 0.03247937
[1] 0.03180893
[1] 192
[1] 0.827117
[1] 0.8313263
[1] "AdaLSE"
[1] 0.8842943
[1] 0.03228059
[1] 0.9270833

  0   1 
 14 178 
[1] "Fitting mean A"
[1] "Fitting variance A"
[1] "DR"
[1] 0.8862874
[1] 0.03001346
[1] 0.90625

  0   1 
 18 174 
[1] "se comparison"
[1] 0.03261122
[1] 0.03199854
[1] 193
[1] 0.827117
[1] 0.8313263
[1] "AdaLSE"
[1] 0.8623729
[1] 0.03098267
[1] 0.9274611

  0   1 
 14 179 
[1] "Fitting mean A"
[1] "Fitting variance A"
[1] "DR"
[1] 0.8613997
[1] 0.02728363
[1] 0.9067358

  0   1 
 18 175 
[1] "se comparison"
[1] 0.03259707
[1] 0.03200128
[1] 194
[1] 0.827117
[1] 0.8313263
[1] "AdaLSE"
[1] 0.8227181
[1] 0.02972051
[1] 0.9278351

  0   1 
 14 180 
[1] "Fitting mean A"
[1] "Fitting variance A"
[1] "DR"
[1] 0.8225474
[1] 0.02742548
[1] 0.9072165

  0   1 
 18 176 
[1] "se comparison"
[1] 0.03252038
[1] 0.03192159
[1] 195
[1] 0.827117
[1] 0.8313263
[1] "AdaLSE"
[1] 0.8145935
[1] 0.03424382
[1] 0.9282051

  0   1 
 14 181 
[1] "Fitting mean A"
[1] "Fitting variance A"
[1] "DR"
[1] 0.8115446
[1] 0.02884237
[1] 0.9076923

  0   1 
 18 177 
[1] "se comparison"
[1] 0.03246215
[1] 0.03186355
[1] 196
[1] 0.827117
[1] 0.8313263
[1] "AdaLSE"
[1] 0.9342338
[1] 0.03040312
[1] 0.9234694

  0   1 
 15 181 
[1] "Fitting mean A"
[1] "Fitting variance A"
[1] "DR"
[1] 0.9286701
[1] 0.02849548
[1] 0.9030612

  0   1 
 19 177 
[1] "se comparison"
[1] 0.03318367
[1] 0.03257183
[1] 197
[1] 0.827117
[1] 0.8313263
[1] "AdaLSE"
[1] 0.8238077
[1] 0.0334961
[1] 0.9238579

  0   1 
 15 182 
[1] "Fitting mean A"
[1] "Fitting variance A"
[1] "DR"
[1] 0.8164884
[1] 0.03018524
[1] 0.9035533

  0   1 
 19 178 
[1] "se comparison"
[1] 0.03310546
[1] 0.03250156
[1] 198
[1] 0.827117
[1] 0.8313263
[1] "AdaLSE"
[1] 0.8158801
[1] 0.02961069
[1] 0.9242424

  0   1 
 15 183 
[1] "Fitting mean A"
[1] "Fitting variance A"
[1] "DR"
[1] 0.8134135
[1] 0.02485016
[1] 0.9040404

  0   1 
 19 179 
[1] "se comparison"
[1] 0.03304376
[1] 0.03243858
[1] 199
[1] 0.827117
[1] 0.8313263
[1] "AdaLSE"
[1] 0.8873447
[1] 0.03351975
[1] 0.9246231

  0   1 
 15 184 
[1] "Fitting mean A"
[1] "Fitting variance A"
[1] "DR"
[1] 0.8870654
[1] 0.03114843
[1] 0.9045226

  0   1 
 19 180 
[1] "se comparison"
[1] 0.03318523
[1] 0.03261548
[1] 200
[1] 0.827117
[1] 0.8313263
[1] "AdaLSE"
[1] 0.880214
[1] 0.03088039
[1] 0.925

  0   1 
 15 185 
[1] "Fitting mean A"
[1] "Fitting variance A"
[1] "DR"
[1] 0.8747832
[1] 0.02762425
[1] 0.905

  0   1 
 19 181 
[1] "se comparison"
[1] 0.0332683
[1] 0.03269065
[1] 201
[1] 0.827117
[1] 0.8313263
[1] "AdaLSE"
[1] 0.8268132
[1] 0.03094859
[1] 0.9253731

  0   1 
 15 186 
[1] "Fitting mean A"
[1] "Fitting variance A"
[1] "DR"
[1] 0.8268318
[1] 0.02809417
[1] 0.9054726

  0   1 
 19 182 
[1] "se comparison"
[1] 0.03318831
[1] 0.03260945
[1] 202
[1] 0.827117
[1] 0.8313263
[1] "AdaLSE"
[1] 0.8000167
[1] 0.03013875
[1] 0.9257426

  0   1 
 15 187 
[1] "Fitting mean A"
[1] "Fitting variance A"
[1] "DR"
[1] 0.8014143
[1] 0.02882303
[1] 0.9059406

  0   1 
 19 183 
[1] "se comparison"
[1] 0.03318885
[1] 0.0325891
[1] 203
[1] 0.827117
[1] 0.8313263
[1] "AdaLSE"
[1] 0.8590311
[1] 0.02879159
[1] 0.9261084

  0   1 
 15 188 
[1] "Fitting mean A"
[1] "Fitting variance A"
[1] "DR"
[1] 0.8547949
[1] 0.02620514
[1] 0.9064039

  0   1 
 19 184 
[1] "se comparison"
[1] 0.03315608
[1] 0.03255651
[1] 204
[1] 0.827117
[1] 0.8313263
[1] "AdaLSE"
[1] 0.8412919
[1] 0.02811058
[1] 0.9264706

  0   1 
 15 189 
[1] "Fitting mean A"
[1] "Fitting variance A"
[1] "DR"
[1] 0.8301988
[1] 0.02525971
[1] 0.9068627

  0   1 
 19 185 
[1] "se comparison"
[1] 0.03307898
[1] 0.03247624
[1] 205
[1] 0.827117
[1] 0.8313263
[1] "AdaLSE"
[1] 0.8572347
[1] 0.03047009
[1] 0.9268293

  0   1 
 15 190 
[1] "Fitting mean A"
[1] "Fitting variance A"
[1] "DR"
[1] 0.8586969
[1] 0.02834692
[1] 0.9073171

  0   1 
 19 186 
[1] "se comparison"
[1] 0.03303978
[1] 0.03245981
[1] 206
[1] 0.827117
[1] 0.8313263
[1] "AdaLSE"
[1] 0.863087
[1] 0.03124541
[1] 0.9271845

  0   1 
 15 191 
[1] "Fitting mean A"
[1] "Fitting variance A"
[1] "DR"
[1] 0.8608218
[1] 0.02802735
[1] 0.907767

  0   1 
 19 187 
[1] "se comparison"
[1] 0.03302344
[1] 0.03245242
[1] 207
[1] 0.827117
[1] 0.8313263
[1] "AdaLSE"
[1] 0.8340346
[1] 0.03076922
[1] 0.9275362

  0   1 
 15 192 
[1] "Fitting mean A"
[1] "Fitting variance A"
