LOADING R
R LOADED
[1] "/home/lvanderl/Rlibs2"                         
[2] "/app/software/R/4.2.2-foss-2021b/lib/R/library"
[1] "/home/lvanderl/sieveSims"
[1] 1
[1] -0.001276356
[1] -0.0308365
[1] "AdaLSE"
[1] 0.06913278
[1] 0.03168962
[1] "AdaLSE CI"
[1] 0
[1] 0
[1] 1
[1] 1
[1] "Fitting mean A"
[1] "Fitting variance A"
[1] "DR"
[1] 0.06908717
[1] 0.02951771
[1] "DR CI"
[1] 0
[1] 0
[1] 1
[1] 1
[1] "se comparison"
[1] NA
[1] NA
[1] 2
[1] -0.001276356
[1] -0.0308365
[1] "AdaLSE"
[1] 0.03795888
[1] 0.03142267
[1] "AdaLSE CI"
[1] 0.5
[1] 0
[1] 1 1
[1] 2
[1] "Fitting mean A"
[1] "Fitting variance A"
[1] "DR"
[1] 0.03050032
[1] 0.03011121
[1] "DR CI"
[1] 0.5
[1] 0
[1] 1 1
[1] 2
[1] "se comparison"
[1] 0.02204328
[1] 0.02728502
[1] 3
[1] -0.001276356
[1] -0.0308365
[1] "AdaLSE"
[1] 0.01500416
[1] 0.03225751
[1] "AdaLSE CI"
[1] 0.6666667
[1] 0.3333333
[1] 1 2
[1] 2 1
[1] "Fitting mean A"
[1] "Fitting variance A"
[1] "DR"
[1] 0.006063376
[1] 0.03073913
[1] "DR CI"
[1] 0.6666667
[1] 0.3333333
[1] 1 2
[1] 2 1
[1] "se comparison"
[1] 0.02716812
[1] 0.03177554
[1] 4
[1] -0.001276356
[1] -0.0308365
[1] "AdaLSE"
[1] -0.004985
[1] 0.03081146
[1] "AdaLSE CI"
[1] 0.75
[1] 0.5
[1] 1 3
[1] 2 2
[1] "Fitting mean A"
[1] "Fitting variance A"
[1] "DR"
[1] -0.01524642
[1] 0.02996826
[1] "DR CI"
[1] 0.75
[1] 0.5
[1] 1 3
[1] 2 2
[1] "se comparison"
[1] 0.03184052
[1] 0.03619062
[1] 5
[1] -0.001276356
[1] -0.0308365
[1] "AdaLSE"
[1] -0.006109627
[1] 0.03344082
[1] "AdaLSE CI"
[1] 0.8
[1] 0.6
[1] 1 4
[1] 2 3
[1] "Fitting mean A"
[1] "Fitting variance A"
[1] "DR"
[1] -0.009884086
[1] 0.03283863
[1] "DR CI"
[1] 0.8
[1] 0.6
[1] 1 4
[1] 2 3
[1] "se comparison"
[1] 0.03179335
[1] 0.03454531
[1] 6
[1] -0.001276356
[1] -0.0308365
[1] "AdaLSE"
[1] -0.02686549
[1] 0.02968435
[1] "AdaLSE CI"
[1] 0.8333333
[1] 0.6666667
[1] 1 5
[1] 2 4
[1] "Fitting mean A"
[1] "Fitting variance A"
[1] "DR"
[1] -0.03228432
[1] 0.02985271
[1] "DR CI"
[1] 0.8333333
[1] 0.6666667
[1] 1 5
[1] 2 4
[1] "se comparison"
[1] 0.03478354
[1] 0.03667345
[1] 7
[1] -0.001276356
[1] -0.0308365
[1] "AdaLSE"
[1] 0.008649904
[1] 0.03303899
[1] "AdaLSE CI"
[1] 0.8571429
[1] 0.7142857
[1] 1 6
[1] 2 5
[1] "Fitting mean A"
[1] "Fitting variance A"
[1] "DR"
[1] 0.00463109
[1] 0.03220624
[1] "DR CI"
[1] 0.8571429
[1] 0.7142857
[1] 1 6
[1] 2 5
[1] "se comparison"
[1] 0.03181775
[1] 0.03350291
[1] 8
[1] -0.001276356
[1] -0.0308365
[1] "AdaLSE"
[1] -0.01058454
[1] 0.03119583
[1] "AdaLSE CI"
[1] 0.875
[1] 0.75
[1] 1 7
[1] 2 6
[1] "Fitting mean A"
[1] "Fitting variance A"
[1] "DR"
[1] -0.008575215
[1] 0.02976178
[1] "DR CI"
[1] 0.875
[1] 0.75
[1] 1 7
[1] 2 6
[1] "se comparison"
[1] 0.03063961
[1] 0.03153741
[1] 9
[1] -0.001276356
[1] -0.0308365
[1] "AdaLSE"
[1] -0.07820505
[1] 0.03370525
[1] "AdaLSE CI"
[1] 0.7777778
[1] 0.7777778
[1] 2 7
[1] 2 7
[1] "Fitting mean A"
[1] "Fitting variance A"
[1] "DR"
[1] -0.07879753
[1] 0.03122972
[1] "DR CI"
[1] 0.7777778
[1] 0.7777778
[1] 2 7
[1] 2 7
[1] "se comparison"
[1] 0.04112539
[1] 0.0407496
[1] 10
[1] -0.001276356
[1] -0.0308365
[1] "AdaLSE"
[1] -0.003998669
[1] 0.0336971
[1] "AdaLSE CI"
[1] 0.8
[1] 0.8
[1] 2 8
[1] 2 8
[1] "Fitting mean A"
[1] "Fitting variance A"
[1] "DR"
[1] -0.003721861
[1] 0.03091168
[1] "DR CI"
[1] 0.8
[1] 0.8
[1] 2 8
[1] 2 8
[1] "se comparison"
[1] 0.03879884
[1] 0.0384191
[1] 11
[1] -0.001276356
[1] -0.0308365
[1] "AdaLSE"
[1] 0.04579049
[1] 0.03104183
[1] "AdaLSE CI"
[1] 0.8181818
[1] 0.7272727
[1] 2 9
[1] 3 8
[1] "Fitting mean A"
[1] "Fitting variance A"
[1] "DR"
[1] 0.03251774
[1] 0.03019058
[1] "DR CI"
[1] 0.8181818
[1] 0.7272727
[1] 2 9
[1] 3 8
[1] "se comparison"
[1] 0.03931199
[1] 0.03805893
[1] 12
[1] -0.001276356
[1] -0.0308365
[1] "AdaLSE"
[1] 0.04194842
[1] 0.03070469
[1] "AdaLSE CI"
[1] 0.8333333
[1] 0.6666667
[1]  2 10
[1] 4 8
[1] "Fitting mean A"
[1] "Fitting variance A"
[1] "DR"
[1] 0.04083835
[1] 0.0294945
[1] "DR CI"
[1] 0.8333333
[1] 0.6666667
[1]  2 10
[1] 4 8
[1] "se comparison"
[1] 0.03903741
[1] 0.03820129
[1] 13
[1] -0.001276356
[1] -0.0308365
[1] "AdaLSE"
[1] 0.03551175
[1] 0.03363334
[1] "AdaLSE CI"
[1] 0.8461538
[1] 0.6153846
[1]  2 11
[1] 5 8
[1] "Fitting mean A"
[1] "Fitting variance A"
[1] "DR"
[1] 0.01351974
[1] 0.03348016
[1] "DR CI"
[1] 0.8461538
[1] 0.6923077
[1]  2 11
[1] 4 9
[1] "se comparison"
[1] 0.03818508
[1] 0.03669274
[1] 14
[1] -0.001276356
[1] -0.0308365
[1] "AdaLSE"
[1] 0.02256686
[1] 0.03098568
[1] "AdaLSE CI"
[1] 0.8571429
[1] 0.6428571
[1]  2 12
[1] 5 9
[1] "Fitting mean A"
[1] "Fitting variance A"
[1] "DR"
[1] 0.01536525
[1] 0.02983893
[1] "DR CI"
[1] 0.8571429
[1] 0.7142857
[1]  2 12
[1]  4 10
[1] "se comparison"
[1] 0.03685337
[1] 0.03538984
[1] 15
[1] -0.001276356
[1] -0.0308365
[1] "AdaLSE"
[1] -0.01270078
[1] 0.03134551
[1] "AdaLSE CI"
[1] 0.8666667
[1] 0.6666667
[1]  2 13
[1]  5 10
[1] "Fitting mean A"
[1] "Fitting variance A"
[1] "DR"
[1] -0.01422884
[1] 0.02980963
[1] "DR CI"
[1] 0.8666667
[1] 0.7333333
[1]  2 13
[1]  4 11
[1] "se comparison"
[1] 0.03601086
[1] 0.03444629
[1] 16
[1] -0.001276356
[1] -0.0308365
[1] "AdaLSE"
[1] 0.01021948
[1] 0.03378031
[1] "AdaLSE CI"
[1] 0.875
[1] 0.6875
[1]  2 14
[1]  5 11
[1] "Fitting mean A"
[1] "Fitting variance A"
[1] "DR"
[1] 0.001212687
[1] 0.0324496
[1] "DR CI"
[1] 0.875
[1] 0.75
[1]  2 14
[1]  4 12
[1] "se comparison"
[1] 0.03479143
[1] 0.03328244
[1] 17
[1] -0.001276356
[1] -0.0308365
[1] "AdaLSE"
[1] 0.05635189
[1] 0.03147243
[1] "AdaLSE CI"
[1] 0.8823529
[1] 0.6470588
[1]  2 15
[1]  6 11
[1] "Fitting mean A"
[1] "Fitting variance A"
[1] "DR"
[1] 0.04729754
[1] 0.03072433
[1] "DR CI"
[1] 0.8823529
[1] 0.7058824
[1]  2 15
[1]  5 12
[1] "se comparison"
[1] 0.03559378
[1] 0.033955
[1] 18
[1] -0.001276356
[1] -0.0308365
[1] "AdaLSE"
[1] 0.01315293
[1] 0.03233098
[1] "AdaLSE CI"
[1] 0.8888889
[1] 0.6666667
[1]  2 16
[1]  6 12
[1] "Fitting mean A"
[1] "Fitting variance A"
[1] "DR"
[1] 0.0125098
[1] 0.0314713
[1] "DR CI"
[1] 0.8888889
[1] 0.7222222
[1]  2 16
[1]  5 13
[1] "se comparison"
[1] 0.03453263
[1] 0.03297933
[1] 19
[1] -0.001276356
[1] -0.0308365
[1] "AdaLSE"
[1] 0.066011
[1] 0.03170094
[1] "AdaLSE CI"
[1] 0.8421053
[1] 0.6315789
[1]  3 16
[1]  7 12
[1] "Fitting mean A"
[1] "Fitting variance A"
[1] "DR"
[1] 0.05844956
[1] 0.03125256
[1] "DR CI"
[1] 0.8947368
[1] 0.6842105
[1]  2 17
[1]  6 13
[1] "se comparison"
[1] 0.03578811
[1] 0.03422193
[1] 20
[1] -0.001276356
[1] -0.0308365
[1] "AdaLSE"
[1] -0.02146451
[1] 0.03111657
[1] "AdaLSE CI"
[1] 0.85
[1] 0.65
[1]  3 17
[1]  7 13
[1] "Fitting mean A"
[1] "Fitting variance A"
[1] "DR"
[1] -0.01912748
[1] 0.02948144
[1] "DR CI"
[1] 0.9
[1] 0.7
[1]  2 18
[1]  6 14
[1] "se comparison"
[1] 0.03575873
[1] 0.03389397
[1] 21
[1] -0.001276356
[1] -0.0308365
[1] "AdaLSE"
[1] 0.07910291
[1] 0.03141105
[1] "AdaLSE CI"
[1] 0.8095238
[1] 0.6190476
[1]  4 17
[1]  8 13
[1] "Fitting mean A"
[1] "Fitting variance A"
[1] "DR"
[1] 0.0778068
[1] 0.03137471
[1] "DR CI"
[1] 0.8571429
[1] 0.6666667
[1]  3 18
[1]  7 14
[1] "se comparison"
[1] 0.03773132
[1] 0.03642392
[1] 22
[1] -0.001276356
[1] -0.0308365
[1] "AdaLSE"
[1] 0.005891294
[1] 0.03066918
[1] "AdaLSE CI"
[1] 0.8181818
[1] 0.6363636
[1]  4 18
[1]  8 14
[1] "Fitting mean A"
[1] "Fitting variance A"
[1] "DR"
[1] -0.0006291702
[1] 0.0298413
[1] "DR CI"
[1] 0.8636364
[1] 0.6818182
[1]  3 19
[1]  7 15
[1] "se comparison"
[1] 0.0368853
[1] 0.03563031
[1] 23
[1] -0.001276356
[1] -0.0308365
[1] "AdaLSE"
[1] 0.006166993
[1] 0.03199135
[1] "AdaLSE CI"
[1] 0.826087
[1] 0.6521739
[1]  4 19
[1]  8 15
[1] "Fitting mean A"
[1] "Fitting variance A"
[1] "DR"
[1] 0.003808418
[1] 0.03148764
[1] "DR CI"
[1] 0.8695652
[1] 0.6956522
[1]  3 20
[1]  7 16
[1] "se comparison"
[1] 0.03609046
[1] 0.03483768
[1] 24
[1] -0.001276356
[1] -0.0308365
[1] "AdaLSE"
[1] 0.04677547
[1] 0.03068967
[1] "AdaLSE CI"
[1] 0.8333333
[1] 0.625
[1]  4 20
[1]  9 15
[1] "Fitting mean A"
[1] "Fitting variance A"
[1] "DR"
[1] 0.04441199
[1] 0.02984832
[1] "DR CI"
[1] 0.875
[1] 0.6666667
[1]  3 21
[1]  8 16
[1] "se comparison"
[1] 0.03588249
[1] 0.03478647
[1] 25
[1] -0.001276356
[1] -0.0308365
[1] "AdaLSE"
[1] -0.007989439
[1] 0.03074434
[1] "AdaLSE CI"
[1] 0.84
[1] 0.64
[1]  4 21
[1]  9 16
[1] "Fitting mean A"
[1] "Fitting variance A"
[1] "DR"
[1] -0.01450703
[1] 0.03074424
[1] "DR CI"
[1] 0.88
[1] 0.68
[1]  3 22
[1]  8 17
[1] "se comparison"
[1] 0.03546602
[1] 0.03444838
[1] 26
[1] -0.001276356
[1] -0.0308365
[1] "AdaLSE"
[1] 0.02595968
[1] 0.03030804
[1] "AdaLSE CI"
[1] 0.8461538
[1] 0.6538462
[1]  4 22
[1]  9 17
[1] "Fitting mean A"
[1] "Fitting variance A"
[1] "DR"
[1] 0.01767194
[1] 0.02853233
[1] "DR CI"
[1] 0.8846154
[1] 0.6923077
[1]  3 23
[1]  8 18
[1] "se comparison"
[1] 0.03481004
[1] 0.03378217
[1] 27
[1] -0.001276356
[1] -0.0308365
[1] "AdaLSE"
[1] 0.0206165
[1] 0.0300319
[1] "AdaLSE CI"
[1] 0.8518519
[1] 0.6666667
[1]  4 23
[1]  9 18
[1] "Fitting mean A"
[1] "Fitting variance A"
[1] "DR"
[1] 0.02007337
[1] 0.02840484
[1] "DR CI"
[1] 0.8888889
[1] 0.7037037
[1]  3 24
[1]  8 19
[1] "se comparison"
[1] 0.03414614
[1] 0.03317502
[1] 28
[1] -0.001276356
[1] -0.0308365
[1] "AdaLSE"
[1] -0.001584958
[1] 0.03179082
[1] "AdaLSE CI"
[1] 0.8571429
[1] 0.6785714
[1]  4 24
[1]  9 19
[1] "Fitting mean A"
[1] "Fitting variance A"
[1] "DR"
[1] -0.001001223
[1] 0.03009153
[1] "DR CI"
[1] 0.8928571
[1] 0.7142857
[1]  3 25
[1]  8 20
[1] "se comparison"
[1] 0.03367355
[1] 0.03263464
[1] 29
[1] -0.001276356
[1] -0.0308365
[1] "AdaLSE"
[1] 0.01530692
[1] 0.03161888
[1] "AdaLSE CI"
[1] 0.862069
[1] 0.6896552
[1]  4 25
[1]  9 20
[1] "Fitting mean A"
[1] "Fitting variance A"
[1] "DR"
[1] 0.01465052
[1] 0.03051981
[1] "DR CI"
[1] 0.8965517
[1] 0.7241379
[1]  3 26
[1]  8 21
[1] "se comparison"
[1] 0.03306678
[1] 0.03205526
[1] 30
[1] -0.001276356
[1] -0.0308365
[1] "AdaLSE"
[1] 0.01408434
[1] 0.03105379
[1] "AdaLSE CI"
[1] 0.8666667
[1] 0.7
[1]  4 26
[1]  9 21
[1] "Fitting mean A"
[1] "Fitting variance A"
[1] "DR"
[1] 0.01746558
[1] 0.02967791
[1] "DR CI"
[1] 0.9
[1] 0.7333333
[1]  3 27
[1]  8 22
[1] "se comparison"
[1] 0.0324926
[1] 0.03152143
[1] 31
[1] -0.001276356
[1] -0.0308365
[1] "AdaLSE"
[1] -0.05093267
[1] 0.033669
[1] "AdaLSE CI"
[1] 0.8709677
[1] 0.7096774
[1]  4 27
[1]  9 22
[1] "Fitting mean A"
[1] "Fitting variance A"
[1] "DR"
[1] -0.05176151
[1] 0.03030113
[1] "DR CI"
[1] 0.9032258
[1] 0.7419355
[1]  3 28
[1]  8 23
[1] "se comparison"
[1] 0.03409504
[1] 0.0329777
[1] 32
[1] -0.001276356
[1] -0.0308365
[1] "AdaLSE"
[1] 0.01418287
[1] 0.031101
[1] "AdaLSE CI"
[1] 0.875
[1] 0.71875
[1]  4 28
[1]  9 23
[1] "Fitting mean A"
[1] "Fitting variance A"
[1] "DR"
[1] 0.01490136
[1] 0.02890606
[1] "DR CI"
[1] 0.90625
[1] 0.75
[1]  3 29
[1]  8 24
[1] "se comparison"
[1] 0.03354102
[1] 0.03245837
[1] 33
[1] -0.001276356
[1] -0.0308365
[1] "AdaLSE"
[1] 0.06896927
[1] 0.03385013
[1] "AdaLSE CI"
[1] 0.8484848
[1] 0.6969697
[1]  5 28
[1] 10 23
[1] "Fitting mean A"
[1] "Fitting variance A"
[1] "DR"
[1] 0.07094721
[1] 0.03097325
[1] "DR CI"
[1] 0.8787879
[1] 0.7272727
[1]  4 29
[1]  9 24
[1] "se comparison"
[1] 0.03440671
[1] 0.03370936
[1] 34
[1] -0.001276356
[1] -0.0308365
[1] "AdaLSE"
[1] 0.05178444
[1] 0.0303561
[1] "AdaLSE CI"
[1] 0.8529412
[1] 0.6764706
[1]  5 29
[1] 11 23
[1] "Fitting mean A"
[1] "Fitting variance A"
[1] "DR"
[1] 0.04615887
[1] 0.02966623
[1] "DR CI"
[1] 0.8823529
[1] 0.7058824
[1]  4 30
[1] 10 24
[1] "se comparison"
[1] 0.0344647
[1] 0.03373698
[1] 35
[1] -0.001276356
[1] -0.0308365
[1] "AdaLSE"
[1] -0.01127331
[1] 0.03306075
[1] "AdaLSE CI"
[1] 0.8571429
[1] 0.6857143
[1]  5 30
[1] 11 24
[1] "Fitting mean A"
[1] "Fitting variance A"
[1] "DR"
[1] -0.01259198
[1] 0.0320273
[1] "DR CI"
[1] 0.8857143
[1] 0.7142857
[1]  4 31
[1] 10 25
[1] "se comparison"
[1] 0.03426676
[1] 0.03349739
[1] 36
[1] -0.001276356
[1] -0.0308365
[1] "AdaLSE"
[1] 0.03662506
[1] 0.03295876
[1] "AdaLSE CI"
[1] 0.8611111
[1] 0.6666667
[1]  5 31
[1] 12 24
[1] "Fitting mean A"
[1] "Fitting variance A"
[1] "DR"
[1] 0.02159549
[1] 0.03214962
[1] "DR CI"
[1] 0.8888889
[1] 0.7222222
[1]  4 32
[1] 10 26
[1] "se comparison"
[1] 0.03396071
[1] 0.03305944
[1] 37
[1] -0.001276356
[1] -0.0308365
[1] "AdaLSE"
[1] 0.07145252
[1] 0.03145476
[1] "AdaLSE CI"
[1] 0.8378378
[1] 0.6486486
[1]  6 31
[1] 13 24
[1] "Fitting mean A"
[1] "Fitting variance A"
[1] "DR"
[1] 0.06291959
[1] 0.02835453
[1] "DR CI"
[1] 0.8648649
[1] 0.7027027
[1]  5 32
[1] 11 26
[1] "se comparison"
[1] 0.03471039
[1] 0.03366944
[1] 38
[1] -0.001276356
[1] -0.0308365
[1] "AdaLSE"
[1] -0.008919721
[1] 0.03029228
[1] "AdaLSE CI"
[1] 0.8421053
[1] 0.6578947
[1]  6 32
[1] 13 25
[1] "Fitting mean A"
[1] "Fitting variance A"
[1] "DR"
[1] -0.009365664
[1] 0.02965804
[1] "DR CI"
[1] 0.8684211
[1] 0.7105263
[1]  5 33
[1] 11 27
[1] "se comparison"
[1] 0.03450262
[1] 0.03340942
[1] 39
[1] -0.001276356
[1] -0.0308365
[1] "AdaLSE"
[1] -0.014068
[1] 0.0325095
[1] "AdaLSE CI"
[1] 0.8461538
[1] 0.6666667
[1]  6 33
[1] 13 26
[1] "Fitting mean A"
[1] "Fitting variance A"
[1] "DR"
[1] -0.01525084
[1] 0.02983943
[1] "DR CI"
[1] 0.8717949
[1] 0.7179487
[1]  5 34
[1] 11 28
[1] "se comparison"
[1] 0.03439965
[1] 0.03326373
[1] 40
[1] -0.001276356
[1] -0.0308365
[1] "AdaLSE"
[1] 0.01591552
[1] 0.03132985
[1] "AdaLSE CI"
[1] 0.85
[1] 0.675
[1]  6 34
[1] 13 27
[1] "Fitting mean A"
[1] "Fitting variance A"
[1] "DR"
[1] 0.01608423
[1] 0.02894801
[1] "DR CI"
[1] 0.875
[1] 0.725
[1]  5 35
[1] 11 29
[1] "se comparison"
[1] 0.03395577
[1] 0.03284172
[1] 41
[1] -0.001276356
[1] -0.0308365
[1] "AdaLSE"
[1] 0.03215277
[1] 0.03012445
[1] "AdaLSE CI"
[1] 0.8536585
[1] 0.6585366
[1]  6 35
[1] 14 27
[1] "Fitting mean A"
[1] "Fitting variance A"
[1] "DR"
[1] 0.0323391
[1] 0.02909071
[1] "DR CI"
[1] 0.8780488
[1] 0.7073171
[1]  5 36
[1] 12 29
[1] "se comparison"
[1] 0.03362474
[1] 0.03258628
[1] 42
[1] -0.001276356
[1] -0.0308365
[1] "AdaLSE"
[1] 0.02840559
[1] 0.03236134
[1] "AdaLSE CI"
[1] 0.8571429
[1] 0.6666667
[1]  6 36
[1] 14 28
[1] "Fitting mean A"
[1] "Fitting variance A"
[1] "DR"
[1] 0.025951
[1] 0.03077647
[1] "DR CI"
[1] 0.8809524
[1] 0.7142857
[1]  5 37
[1] 12 30
[1] "se comparison"
[1] 0.03326478
[1] 0.0322549
[1] 43
[1] -0.001276356
[1] -0.0308365
[1] "AdaLSE"
[1] 0.006256175
[1] 0.03070316
[1] "AdaLSE CI"
[1] 0.8604651
[1] 0.6744186
[1]  6 37
[1] 14 29
[1] "Fitting mean A"
[1] "Fitting variance A"
[1] "DR"
[1] 0.003796412
[1] 0.02873354
[1] "DR CI"
[1] 0.8837209
[1] 0.7209302
[1]  5 38
[1] 12 31
[1] "se comparison"
[1] 0.03290401
[1] 0.03189727
[1] 44
[1] -0.001276356
[1] -0.0308365
[1] "AdaLSE"
[1] 0.0696415
[1] 0.0322872
[1] "AdaLSE CI"
[1] 0.8409091
[1] 0.6590909
[1]  7 37
[1] 15 29
[1] "Fitting mean A"
[1] "Fitting variance A"
[1] "DR"
[1] 0.06271639
[1] 0.03121895
[1] "DR CI"
[1] 0.8636364
[1] 0.7045455
[1]  6 38
[1] 13 31
[1] "se comparison"
[1] 0.03349753
[1] 0.032422
[1] 45
[1] -0.001276356
[1] -0.0308365
[1] "AdaLSE"
[1] -0.04569681
[1] 0.03235775
[1] "AdaLSE CI"
[1] 0.8444444
[1] 0.6666667
[1]  7 38
[1] 15 30
[1] "Fitting mean A"
[1] "Fitting variance A"
[1] "DR"
[1] -0.05768543
[1] 0.03039543
[1] "DR CI"
[1] 0.8666667
[1] 0.7111111
[1]  6 39
[1] 13 32
[1] "se comparison"
[1] 0.03443046
[1] 0.03376706
[1] 46
[1] -0.001276356
[1] -0.0308365
[1] "AdaLSE"
[1] 0.04613103
[1] 0.03452024
[1] "AdaLSE CI"
[1] 0.8478261
[1] 0.6521739
[1]  7 39
[1] 16 30
[1] "Fitting mean A"
[1] "Fitting variance A"
[1] "DR"
[1] 0.04977685
[1] 0.03280341
[1] "DR CI"
[1] 0.8695652
[1] 0.6956522
[1]  6 40
[1] 14 32
[1] "se comparison"
[1] 0.03433175
[1] 0.0338508
[1] 47
[1] -0.001276356
[1] -0.0308365
[1] "AdaLSE"
[1] 0.0318913
[1] 0.03152818
[1] "AdaLSE CI"
[1] 0.8510638
[1] 0.6382979
[1]  7 40
[1] 17 30
[1] "Fitting mean A"
[1] "Fitting variance A"
[1] "DR"
[1] 0.01931826
[1] 0.03045234
[1] "DR CI"
[1] 0.8723404
[1] 0.7021277
[1]  6 41
[1] 14 33
[1] "se comparison"
[1] 0.0340279
[1] 0.03349419
[1] 48
[1] -0.001276356
[1] -0.0308365
[1] "AdaLSE"
[1] 0.02511013
[1] 0.03217721
[1] "AdaLSE CI"
[1] 0.8541667
[1] 0.6458333
[1]  7 41
[1] 17 31
[1] "Fitting mean A"
[1] "Fitting variance A"
[1] "DR"
[1] 0.01961838
[1] 0.02971941
[1] "DR CI"
[1] 0.875
[1] 0.7083333
[1]  6 42
[1] 14 34
[1] "se comparison"
[1] 0.03368375
[1] 0.03314984
[1] 49
[1] -0.001276356
[1] -0.0308365
[1] "AdaLSE"
[1] 0.05821729
[1] 0.02975579
[1] "AdaLSE CI"
[1] 0.8367347
[1] 0.6326531
[1]  8 41
[1] 18 31
[1] "Fitting mean A"
[1] "Fitting variance A"
[1] "DR"
[1] 0.05711028
[1] 0.02953758
[1] "DR CI"
[1] 0.8571429
[1] 0.6938776
[1]  7 42
[1] 15 34
[1] "se comparison"
[1] 0.03384024
[1] 0.03339949
[1] 50
[1] -0.001276356
[1] -0.0308365
[1] "AdaLSE"
[1] 0.04419137
[1] 0.03194623
[1] "AdaLSE CI"
[1] 0.84
[1] 0.62
[1]  8 42
[1] 19 31
[1] "Fitting mean A"
[1] "Fitting variance A"
[1] "DR"
[1] 0.02737251
[1] 0.03098353
[1] "DR CI"
[1] 0.86
[1] 0.7
[1]  7 43
[1] 15 35
[1] "se comparison"
[1] 0.03369559
[1] 0.0331109
[1] 51
[1] -0.001276356
[1] -0.0308365
[1] "AdaLSE"
[1] -0.01295483
[1] 0.03063589
[1] "AdaLSE CI"
[1] 0.8431373
[1] 0.627451
[1]  8 43
[1] 19 32
[1] "Fitting mean A"
[1] "Fitting variance A"
[1] "DR"
[1] -0.01330844
[1] 0.02844586
[1] "DR CI"
[1] 0.8627451
[1] 0.7058824
[1]  7 44
[1] 15 36
[1] "se comparison"
[1] 0.03364895
[1] 0.03300493
[1] 52
[1] -0.001276356
[1] -0.0308365
[1] "AdaLSE"
[1] 0.02421648
[1] 0.03143455
[1] "AdaLSE CI"
[1] 0.8461538
[1] 0.6346154
[1]  8 44
[1] 19 33
[1] "Fitting mean A"
