LOADING R
R LOADED
[1] "/home/lvanderl/Rlibs2"                         
[2] "/app/software/R/4.2.2-foss-2021b/lib/R/library"
[1] "/home/lvanderl/sieveSims"
[1] 1
[1] -0.0004229119
[1] -0.02610187
[1] "AdaLSE"
[1] 0.03554923
[1] 0.04978099
[1] 1

1 
1 
[1] "Fitting mean A"
[1] "Fitting variance A"
[1] "DR"
[1] 0.01777195
[1] 0.04388132
[1] 1

1 
1 
[1] 2
[1] -0.0004229119
[1] -0.02610187
[1] "AdaLSE"
[1] -0.02945328
[1] 0.04572076
[1] 1

1 
2 
[1] "Fitting mean A"
[1] "Fitting variance A"
[1] "DR"
[1] -0.04206344
[1] 0.04027642
[1] 1

1 
2 
[1] 3
[1] -0.0004229119
[1] -0.02610187
[1] "AdaLSE"
[1] -0.07400172
[1] 0.04599266
[1] 1

1 
3 
[1] "Fitting mean A"
[1] "Fitting variance A"
[1] "DR"
[1] -0.09378473
[1] 0.0428648
[1] 1

1 
3 
[1] 4
[1] -0.0004229119
[1] -0.02610187
[1] "AdaLSE"
[1] 0.01489226
[1] 0.0442794
[1] 1

1 
4 
[1] "Fitting mean A"
[1] "Fitting variance A"
[1] "DR"
[1] -0.01015227
[1] 0.04034185
[1] 1

1 
4 
[1] 5
[1] -0.0004229119
[1] -0.02610187
[1] "AdaLSE"
[1] -0.007910074
[1] 0.04615758
[1] 1

1 
5 
[1] "Fitting mean A"
[1] "Fitting variance A"
[1] "DR"
[1] -0.01310515
[1] 0.04214936
[1] 1

1 
5 
[1] 6
[1] -0.0004229119
[1] -0.02610187
[1] "AdaLSE"
[1] -0.04719585
[1] 0.05002698
[1] 1

1 
6 
[1] "Fitting mean A"
[1] "Fitting variance A"
[1] "DR"
[1] -0.06088421
[1] 0.04438123
[1] 1

1 
6 
[1] 7
[1] -0.0004229119
[1] -0.02610187
[1] "AdaLSE"
[1] 0.07064218
[1] 0.04967405
[1] 1

1 
7 
[1] "Fitting mean A"
[1] "Fitting variance A"
[1] "DR"
[1] 0.06636764
[1] 0.04719224
[1] 1

1 
7 
[1] 8
[1] -0.0004229119
[1] -0.02610187
[1] "AdaLSE"
[1] -0.003860567
[1] 0.05074171
[1] 1

1 
8 
[1] "Fitting mean A"
[1] "Fitting variance A"
[1] "DR"
[1] -0.005804481
[1] 0.04547102
[1] 1

1 
8 
[1] 9
[1] -0.0004229119
[1] -0.02610187
[1] "AdaLSE"
[1] -0.06455112
[1] 0.04743931
[1] 1

1 
9 
[1] "Fitting mean A"
[1] "Fitting variance A"
[1] "DR"
[1] -0.07412847
[1] 0.04402191
[1] 1

1 
9 
[1] 10
[1] -0.0004229119
[1] -0.02610187
[1] "AdaLSE"
[1] -0.003376381
[1] 0.04314926
[1] 1

 1 
10 
[1] "Fitting mean A"
[1] "Fitting variance A"
[1] "DR"
[1] -0.01295599
[1] 0.03885603
[1] 1

 1 
10 
[1] 11
[1] -0.0004229119
[1] -0.02610187
[1] "AdaLSE"
[1] -0.0194282
[1] 0.05269051
[1] 1

 1 
11 
[1] "Fitting mean A"
[1] "Fitting variance A"
[1] "DR"
[1] -0.01738527
[1] 0.04529324
[1] 1

 1 
11 
[1] 12
[1] -0.0004229119
[1] -0.02610187
[1] "AdaLSE"
[1] 0.1206402
[1] 0.04298702
[1] 0.9166667

 0  1 
 1 11 
[1] "Fitting mean A"
[1] "Fitting variance A"
[1] "DR"
[1] 0.08270284
[1] 0.03893637
[1] 0.9166667

 0  1 
 1 11 
[1] 13
[1] -0.0004229119
[1] -0.02610187
[1] "AdaLSE"
[1] -0.01422264
[1] 0.03684584
[1] 0.9230769

 0  1 
 1 12 
[1] "Fitting mean A"
[1] "Fitting variance A"
[1] "DR"
[1] -0.02255855
[1] 0.03242571
[1] 0.9230769

 0  1 
 1 12 
[1] 14
[1] -0.0004229119
[1] -0.02610187
[1] "AdaLSE"
[1] 0.03706897
[1] 0.04506516
[1] 0.9285714

 0  1 
 1 13 
[1] "Fitting mean A"
[1] "Fitting variance A"
[1] "DR"
[1] 0.02328555
[1] 0.04036342
[1] 0.9285714

 0  1 
 1 13 
[1] 15
[1] -0.0004229119
[1] -0.02610187
[1] "AdaLSE"
[1] 0.0008565825
[1] 0.04797323
[1] 0.9333333

 0  1 
 1 14 
[1] "Fitting mean A"
[1] "Fitting variance A"
[1] "DR"
[1] -0.01715101
[1] 0.04326342
[1] 0.9333333

 0  1 
 1 14 
[1] 16
[1] -0.0004229119
[1] -0.02610187
[1] "AdaLSE"
[1] -0.06961836
[1] 0.04456662
[1] 0.9375

 0  1 
 1 15 
[1] "Fitting mean A"
[1] "Fitting variance A"
[1] "DR"
[1] -0.07748266
[1] 0.04064644
[1] 0.9375

 0  1 
 1 15 
[1] 17
[1] -0.0004229119
[1] -0.02610187
[1] "AdaLSE"
[1] -0.01806259
[1] 0.04506211
[1] 0.9411765

 0  1 
 1 16 
[1] "Fitting mean A"
[1] "Fitting variance A"
[1] "DR"
[1] -0.04148571
[1] 0.04085808
[1] 0.9411765

 0  1 
 1 16 
[1] 18
[1] -0.0004229119
[1] -0.02610187
[1] "AdaLSE"
[1] -0.01520983
[1] 0.0449244
[1] 0.9444444

 0  1 
 1 17 
[1] "Fitting mean A"
[1] "Fitting variance A"
[1] "DR"
[1] -0.03097932
[1] 0.04131515
[1] 0.9444444

 0  1 
 1 17 
[1] 19
[1] -0.0004229119
[1] -0.02610187
[1] "AdaLSE"
[1] 0.0793169
[1] 0.04521577
[1] 0.8947368

 0  1 
 2 17 
[1] "Fitting mean A"
[1] "Fitting variance A"
[1] "DR"
[1] 0.0589137
[1] 0.04122973
[1] 0.8947368

 0  1 
 2 17 
[1] 20
[1] -0.0004229119
[1] -0.02610187
[1] "AdaLSE"
[1] -0.07605384
[1] 0.05027924
[1] 0.9

 0  1 
 2 18 
[1] "Fitting mean A"
[1] "Fitting variance A"
[1] "DR"
[1] -0.1043917
[1] 0.04577945
[1] 0.9

 0  1 
 2 18 
[1] 21
[1] -0.0004229119
[1] -0.02610187
[1] "AdaLSE"
[1] -0.02307186
[1] 0.05600961
[1] 0.9047619

 0  1 
 2 19 
[1] "Fitting mean A"
[1] "Fitting variance A"
[1] "DR"
[1] -0.01429845
[1] 0.04497521
[1] 0.9047619

 0  1 
 2 19 
[1] 22
[1] -0.0004229119
[1] -0.02610187
[1] "AdaLSE"
[1] 0.01232315
[1] 0.04737421
[1] 0.9090909

 0  1 
 2 20 
[1] "Fitting mean A"
[1] "Fitting variance A"
[1] "DR"
[1] 0.0004333611
[1] 0.04173681
[1] 0.9090909

 0  1 
 2 20 
[1] 23
[1] -0.0004229119
[1] -0.02610187
[1] "AdaLSE"
[1] -0.02605109
[1] 0.04858796
[1] 0.9130435

 0  1 
 2 21 
[1] "Fitting mean A"
[1] "Fitting variance A"
[1] "DR"
[1] -0.0302499
[1] 0.04402543
[1] 0.9130435

 0  1 
 2 21 
[1] 24
[1] -0.0004229119
[1] -0.02610187
[1] "AdaLSE"
[1] 0.05095182
[1] 0.04666924
[1] 0.9166667

 0  1 
 2 22 
[1] "Fitting mean A"
[1] "Fitting variance A"
[1] "DR"
[1] 0.03806556
[1] 0.0415198
[1] 0.9166667

 0  1 
 2 22 
[1] 25
[1] -0.0004229119
[1] -0.02610187
[1] "AdaLSE"
[1] -0.03111198
[1] 0.0470229
[1] 0.92

 0  1 
 2 23 
[1] "Fitting mean A"
[1] "Fitting variance A"
[1] "DR"
[1] -0.03016097
[1] 0.04175366
[1] 0.92

 0  1 
 2 23 
[1] 26
[1] -0.0004229119
[1] -0.02610187
[1] "AdaLSE"
[1] -0.0007396411
[1] 0.0502246
[1] 0.9230769

 0  1 
 2 24 
[1] "Fitting mean A"
[1] "Fitting variance A"
[1] "DR"
[1] -0.02887618
[1] 0.0427396
[1] 0.9230769

 0  1 
 2 24 
[1] 27
[1] -0.0004229119
[1] -0.02610187
[1] "AdaLSE"
[1] 0.0007832887
[1] 0.04964027
[1] 0.9259259

 0  1 
 2 25 
[1] "Fitting mean A"
[1] "Fitting variance A"
[1] "DR"
[1] -0.001182485
[1] 0.04447332
[1] 0.9259259

 0  1 
 2 25 
[1] 28
[1] -0.0004229119
[1] -0.02610187
[1] "AdaLSE"
[1] 0.03602981
[1] 0.03891404
[1] 0.9285714

 0  1 
 2 26 
[1] "Fitting mean A"
[1] "Fitting variance A"
[1] "DR"
[1] 0.02108921
[1] 0.03596606
[1] 0.9285714

 0  1 
 2 26 
[1] 29
[1] -0.0004229119
[1] -0.02610187
[1] "AdaLSE"
[1] -0.033192
[1] 0.04650054
[1] 0.9310345

 0  1 
 2 27 
[1] "Fitting mean A"
[1] "Fitting variance A"
[1] "DR"
[1] -0.04232868
[1] 0.04237724
[1] 0.9310345

 0  1 
 2 27 
[1] 30
[1] -0.0004229119
[1] -0.02610187
[1] "AdaLSE"
[1] 0.05439583
[1] 0.04042239
[1] 0.9

 0  1 
 3 27 
[1] "Fitting mean A"
[1] "Fitting variance A"
[1] "DR"
[1] 0.04034966
[1] 0.0392766
[1] 0.9333333

 0  1 
 2 28 
[1] 31
[1] -0.0004229119
[1] -0.02610187
[1] "AdaLSE"
[1] -0.004667574
[1] 0.04516579
[1] 0.9032258

 0  1 
 3 28 
[1] "Fitting mean A"
[1] "Fitting variance A"
[1] "DR"
[1] -0.02230718
[1] 0.04045004
[1] 0.9354839

 0  1 
 2 29 
[1] 32
[1] -0.0004229119
[1] -0.02610187
[1] "AdaLSE"
[1] 0.0485866
[1] 0.04845494
[1] 0.90625

 0  1 
 3 29 
[1] "Fitting mean A"
[1] "Fitting variance A"
[1] "DR"
[1] 0.03654001
[1] 0.04333104
[1] 0.9375

 0  1 
 2 30 
[1] 33
[1] -0.0004229119
[1] -0.02610187
[1] "AdaLSE"
[1] 0.01859203
[1] 0.04766466
[1] 0.9090909

 0  1 
 3 30 
[1] "Fitting mean A"
[1] "Fitting variance A"
[1] "DR"
[1] 0.006186986
[1] 0.04346941
[1] 0.9393939

 0  1 
 2 31 
[1] 34
[1] -0.0004229119
[1] -0.02610187
[1] "AdaLSE"
[1] 0.04750906
[1] 0.04805256
[1] 0.9117647

 0  1 
 3 31 
[1] "Fitting mean A"
[1] "Fitting variance A"
[1] "DR"
[1] 0.02941517
[1] 0.04381373
[1] 0.9411765

 0  1 
 2 32 
[1] 35
[1] -0.0004229119
[1] -0.02610187
[1] "AdaLSE"
[1] -0.02756453
[1] 0.04724419
[1] 0.9142857

 0  1 
 3 32 
[1] "Fitting mean A"
[1] "Fitting variance A"
[1] "DR"
[1] -0.03424263
[1] 0.04200156
[1] 0.9428571

 0  1 
 2 33 
[1] 36
[1] -0.0004229119
[1] -0.02610187
[1] "AdaLSE"
[1] 0.01453145
[1] 0.04112039
[1] 0.9166667

 0  1 
 3 33 
[1] "Fitting mean A"
[1] "Fitting variance A"
[1] "DR"
[1] -0.002594289
[1] 0.03803207
[1] 0.9444444

 0  1 
 2 34 
[1] 37
[1] -0.0004229119
[1] -0.02610187
[1] "AdaLSE"
[1] 0.04833367
[1] 0.0418756
[1] 0.9189189

 0  1 
 3 34 
[1] "Fitting mean A"
[1] "Fitting variance A"
[1] "DR"
[1] 0.02535843
[1] 0.03771403
[1] 0.9459459

 0  1 
 2 35 
[1] 38
[1] -0.0004229119
[1] -0.02610187
[1] "AdaLSE"
[1] 0.004461683
[1] 0.04289576
[1] 0.9210526

 0  1 
 3 35 
[1] "Fitting mean A"
[1] "Fitting variance A"
[1] "DR"
[1] -0.04449911
[1] 0.04056234
[1] 0.9473684

 0  1 
 2 36 
[1] 39
[1] -0.0004229119
[1] -0.02610187
[1] "AdaLSE"
[1] 0.06534148
[1] 0.04772836
[1] 0.9230769

 0  1 
 3 36 
[1] "Fitting mean A"
[1] "Fitting variance A"
[1] "DR"
[1] 0.05209361
[1] 0.04223232
[1] 0.9487179

 0  1 
 2 37 
[1] 40
[1] -0.0004229119
[1] -0.02610187
[1] "AdaLSE"
[1] 0.04197523
[1] 0.04316876
[1] 0.925

 0  1 
 3 37 
[1] "Fitting mean A"
[1] "Fitting variance A"
[1] "DR"
[1] 0.03156316
[1] 0.03871487
[1] 0.95

 0  1 
 2 38 
[1] 41
[1] -0.0004229119
[1] -0.02610187
[1] "AdaLSE"
[1] 0.02214003
[1] 0.04716096
[1] 0.9268293

 0  1 
 3 38 
[1] "Fitting mean A"
[1] "Fitting variance A"
[1] "DR"
[1] 0.02633824
[1] 0.04066969
[1] 0.9512195

 0  1 
 2 39 
[1] 42
[1] -0.0004229119
[1] -0.02610187
[1] "AdaLSE"
[1] 0.1188621
[1] 0.04417683
[1] 0.9047619

 0  1 
 4 38 
[1] "Fitting mean A"
[1] "Fitting variance A"
[1] "DR"
[1] 0.1011342
[1] 0.03950541
[1] 0.9285714

 0  1 
 3 39 
[1] 43
[1] -0.0004229119
[1] -0.02610187
[1] "AdaLSE"
[1] -0.001228822
[1] 0.0384546
[1] 0.9069767

 0  1 
 4 39 
[1] "Fitting mean A"
[1] "Fitting variance A"
[1] "DR"
[1] -0.006603405
[1] 0.03436405
[1] 0.9302326

 0  1 
 3 40 
[1] 44
[1] -0.0004229119
[1] -0.02610187
[1] "AdaLSE"
[1] -0.01953022
[1] 0.04117794
[1] 0.9090909

 0  1 
 4 40 
[1] "Fitting mean A"
[1] "Fitting variance A"
[1] "DR"
[1] -0.03085867
[1] 0.03642015
[1] 0.9318182

 0  1 
 3 41 
[1] 45
[1] -0.0004229119
[1] -0.02610187
[1] "AdaLSE"
[1] 0.02384843
[1] 0.04917523
[1] 0.9111111

 0  1 
 4 41 
[1] "Fitting mean A"
[1] "Fitting variance A"
[1] "DR"
[1] 0.01916125
[1] 0.04388494
[1] 0.9333333

 0  1 
 3 42 
[1] 46
[1] -0.0004229119
[1] -0.02610187
[1] "AdaLSE"
[1] 0.04336408
[1] 0.04801318
[1] 0.9130435

 0  1 
 4 42 
[1] "Fitting mean A"
[1] "Fitting variance A"
[1] "DR"
[1] -0.02586552
[1] 0.04315337
[1] 0.9347826

 0  1 
 3 43 
[1] 47
[1] -0.0004229119
[1] -0.02610187
[1] "AdaLSE"
[1] 0.03157158
[1] 0.04656977
[1] 0.9148936

 0  1 
 4 43 
[1] "Fitting mean A"
[1] "Fitting variance A"
[1] "DR"
[1] 0.01044131
[1] 0.04218108
[1] 0.9361702

 0  1 
 3 44 
[1] 48
[1] -0.0004229119
[1] -0.02610187
[1] "AdaLSE"
[1] -0.06111565
[1] 0.04582346
[1] 0.9166667

 0  1 
 4 44 
[1] "Fitting mean A"
[1] "Fitting variance A"
[1] "DR"
[1] -0.09424567
[1] 0.04173325
[1] 0.9375

 0  1 
 3 45 
[1] 49
[1] -0.0004229119
[1] -0.02610187
[1] "AdaLSE"
[1] 0.0691537
[1] 0.04532813
[1] 0.8979592

 0  1 
 5 44 
[1] "Fitting mean A"
[1] "Fitting variance A"
[1] "DR"
[1] 0.03700542
[1] 0.04036713
[1] 0.9387755

 0  1 
 3 46 
[1] 50
[1] -0.0004229119
[1] -0.02610187
[1] "AdaLSE"
[1] -0.05820367
[1] 0.04923724
[1] 0.9

 0  1 
 5 45 
[1] "Fitting mean A"
[1] "Fitting variance A"
[1] "DR"
[1] -0.05161277
[1] 0.04431925
[1] 0.94

 0  1 
 3 47 
[1] 51
[1] -0.0004229119
[1] -0.02610187
[1] "AdaLSE"
[1] -0.05156848
[1] 0.04642999
[1] 0.9019608

 0  1 
 5 46 
[1] "Fitting mean A"
[1] "Fitting variance A"
[1] "DR"
[1] -0.04673845
[1] 0.04105703
[1] 0.9411765

 0  1 
 3 48 
[1] 52
[1] -0.0004229119
[1] -0.02610187
[1] "AdaLSE"
[1] 0.06935857
[1] 0.04150394
[1] 0.8846154

 0  1 
 6 46 
[1] "Fitting mean A"
[1] "Fitting variance A"
[1] "DR"
[1] 0.0505721
[1] 0.03660481
[1] 0.9230769

 0  1 
 4 48 
[1] 53
[1] -0.0004229119
[1] -0.02610187
[1] "AdaLSE"
[1] 0.04796552
[1] 0.04300942
[1] 0.8867925

 0  1 
 6 47 
[1] "Fitting mean A"
[1] "Fitting variance A"
[1] "DR"
[1] 0.04476396
[1] 0.04050068
[1] 0.9245283

 0  1 
 4 49 
[1] 54
[1] -0.0004229119
[1] -0.02610187
[1] "AdaLSE"
[1] -0.0490908
[1] 0.04530917
[1] 0.8888889

 0  1 
 6 48 
[1] "Fitting mean A"
[1] "Fitting variance A"
[1] "DR"
[1] -0.07835469
[1] 0.0410484
[1] 0.9259259

 0  1 
 4 50 
[1] 55
[1] -0.0004229119
[1] -0.02610187
[1] "AdaLSE"
[1] -0.04349376
[1] 0.04670625
[1] 0.8909091

 0  1 
 6 49 
[1] "Fitting mean A"
[1] "Fitting variance A"
[1] "DR"
[1] -0.05887331
[1] 0.04394269
[1] 0.9272727

 0  1 
 4 51 
[1] 56
[1] -0.0004229119
[1] -0.02610187
[1] "AdaLSE"
[1] 0.008094349
[1] 0.04131278
[1] 0.8928571

 0  1 
 6 50 
[1] "Fitting mean A"
[1] "Fitting variance A"
[1] "DR"
[1] -0.0008744155
[1] 0.03863117
[1] 0.9285714

 0  1 
 4 52 
[1] 57
[1] -0.0004229119
[1] -0.02610187
[1] "AdaLSE"
[1] -0.02529652
[1] 0.04730743
[1] 0.8947368

 0  1 
 6 51 
[1] "Fitting mean A"
[1] "Fitting variance A"
[1] "DR"
[1] -0.05156611
[1] 0.0423812
[1] 0.9298246

 0  1 
 4 53 
[1] 58
[1] -0.0004229119
[1] -0.02610187
[1] "AdaLSE"
[1] 0.04973819
[1] 0.04861662
[1] 0.8965517

 0  1 
 6 52 
[1] "Fitting mean A"
[1] "Fitting variance A"
[1] "DR"
[1] 0.04530289
[1] 0.0435425
[1] 0.9310345

 0  1 
 4 54 
[1] 59
[1] -0.0004229119
[1] -0.02610187
[1] "AdaLSE"
[1] 0.06884724
[1] 0.04149934
[1] 0.8813559

 0  1 
 7 52 
[1] "Fitting mean A"
[1] "Fitting variance A"
[1] "DR"
[1] 0.04735903
[1] 0.03789722
[1] 0.9322034

 0  1 
 4 55 
[1] 60
[1] -0.0004229119
[1] -0.02610187
[1] "AdaLSE"
[1] 0.1438323
[1] 0.04601642
[1] 0.8666667

 0  1 
 8 52 
[1] "Fitting mean A"
[1] "Fitting variance A"
[1] "DR"
[1] 0.1356943
[1] 0.04213687
[1] 0.9166667

 0  1 
 5 55 
[1] 61
[1] -0.0004229119
[1] -0.02610187
[1] "AdaLSE"
[1] 0.02096331
[1] 0.04209169
[1] 0.8688525

 0  1 
 8 53 
[1] "Fitting mean A"
[1] "Fitting variance A"
[1] "DR"
[1] -0.00143657
[1] 0.03879727
[1] 0.9180328

 0  1 
 5 56 
[1] 62
[1] -0.0004229119
[1] -0.02610187
[1] "AdaLSE"
[1] -0.04088609
[1] 0.04758775
[1] 0.8709677

 0  1 
 8 54 
[1] "Fitting mean A"
[1] "Fitting variance A"
[1] "DR"
[1] -0.05502888
[1] 0.04116278
[1] 0.9193548

 0  1 
 5 57 
[1] 63
[1] -0.0004229119
[1] -0.02610187
[1] "AdaLSE"
[1] -0.09725223
[1] 0.04765322
[1] 0.8730159

 0  1 
 8 55 
[1] "Fitting mean A"
[1] "Fitting variance A"
[1] "DR"
[1] -0.1187637
[1] 0.04198531
[1] 0.9047619

 0  1 
 6 57 
[1] 64
[1] -0.0004229119
[1] -0.02610187
[1] "AdaLSE"
[1] 0.1057755
[1] 0.04099238
[1] 0.859375

 0  1 
 9 55 
[1] "Fitting mean A"
[1] "Fitting variance A"
[1] "DR"
[1] 0.1007832
[1] 0.03583562
[1] 0.890625

 0  1 
 7 57 
[1] 65
[1] -0.0004229119
[1] -0.02610187
[1] "AdaLSE"
[1] -0.08907782
[1] 0.0532639
[1] 0.8615385

 0  1 
 9 56 
[1] "Fitting mean A"
[1] "Fitting variance A"
[1] "DR"
[1] -0.08848706
[1] 0.04612105
[1] 0.8923077

 0  1 
 7 58 
[1] 66
[1] -0.0004229119
[1] -0.02610187
[1] "AdaLSE"
[1] 0.03760413
[1] 0.04299957
[1] 0.8636364

 0  1 
 9 57 
[1] "Fitting mean A"
[1] "Fitting variance A"
[1] "DR"
[1] 0.0285906
[1] 0.0390408
[1] 0.8939394

 0  1 
 7 59 
[1] 67
[1] -0.0004229119
[1] -0.02610187
[1] "AdaLSE"
[1] 0.00428948
[1] 0.03905972
[1] 0.8656716

 0  1 
 9 58 
[1] "Fitting mean A"
[1] "Fitting variance A"
[1] "DR"
[1] -0.0004507689
[1] 0.03502599
[1] 0.8955224

 0  1 
 7 60 
[1] 68
[1] -0.0004229119
[1] -0.02610187
[1] "AdaLSE"
[1] 0.06825805
[1] 0.03583832
[1] 0.8529412

 0  1 
10 58 
[1] "Fitting mean A"
[1] "Fitting variance A"
[1] "DR"
[1] 0.05761675
[1] 0.03327691
[1] 0.8823529

 0  1 
 8 60 
[1] 69
[1] -0.0004229119
[1] -0.02610187
[1] "AdaLSE"
[1] -0.04195056
[1] 0.04530734
[1] 0.8550725

 0  1 
10 59 
[1] "Fitting mean A"
[1] "Fitting variance A"
[1] "DR"
[1] -0.03411272
[1] 0.04089094
[1] 0.884058

 0  1 
 8 61 
[1] 70
[1] -0.0004229119
[1] -0.02610187
[1] "AdaLSE"
[1] -0.006956654
[1] 0.04590566
[1] 0.8571429

 0  1 
10 60 
[1] "Fitting mean A"
[1] "Fitting variance A"
[1] "DR"
[1] -0.02257543
[1] 0.04188986
[1] 0.8857143

 0  1 
 8 62 
[1] 71
[1] -0.0004229119
[1] -0.02610187
[1] "AdaLSE"
[1] -0.07759288
[1] 0.04774728
[1] 0.8591549

 0  1 
10 61 
[1] "Fitting mean A"
[1] "Fitting variance A"
[1] "DR"
[1] -0.08164069
[1] 0.04266535
[1] 0.8873239

 0  1 
 8 63 
[1] 72
[1] -0.0004229119
[1] -0.02610187
[1] "AdaLSE"
[1] -0.03286805
[1] 0.04497583
[1] 0.8611111

 0  1 
10 62 
[1] "Fitting mean A"
[1] "Fitting variance A"
[1] "DR"
[1] -0.05025544
[1] 0.04314022
[1] 0.8888889

 0  1 
 8 64 
[1] 73
[1] -0.0004229119
[1] -0.02610187
[1] "AdaLSE"
[1] -0.01678527
[1] 0.03958439
[1] 0.8630137

 0  1 
10 63 
[1] "Fitting mean A"
[1] "Fitting variance A"
[1] "DR"
[1] -0.03066467
[1] 0.03597407
[1] 0.890411

 0  1 
 8 65 
[1] 74
[1] -0.0004229119
[1] -0.02610187
[1] "AdaLSE"
[1] -0.01725819
[1] 0.04818179
[1] 0.8648649

 0  1 
10 64 
[1] "Fitting mean A"
[1] "Fitting variance A"
[1] "DR"
[1] -0.03736483
[1] 0.04318091
[1] 0.8918919

 0  1 
 8 66 
[1] 75
[1] -0.0004229119
[1] -0.02610187
[1] "AdaLSE"
[1] 0.0467758
[1] 0.04703062
[1] 0.8666667

 0  1 
10 65 
[1] "Fitting mean A"
[1] "Fitting variance A"
[1] "DR"
[1] 0.03256639
[1] 0.04118214
[1] 0.8933333

 0  1 
 8 67 
[1] 76
[1] -0.0004229119
[1] -0.02610187
[1] "AdaLSE"
[1] -0.03636082
[1] 0.04949932
[1] 0.8684211

 0  1 
10 66 
[1] "Fitting mean A"
[1] "Fitting variance A"
[1] "DR"
[1] -0.04063784
[1] 0.04580255
[1] 0.8947368

 0  1 
 8 68 
[1] 77
[1] -0.0004229119
[1] -0.02610187
[1] "AdaLSE"
[1] 0.06887409
[1] 0.03917838
[1] 0.8571429

 0  1 
11 66 
[1] "Fitting mean A"
[1] "Fitting variance A"
[1] "DR"
[1] 0.05642553
[1] 0.03620798
[1] 0.8831169

 0  1 
 9 68 
[1] 78
[1] -0.0004229119
[1] -0.02610187
[1] "AdaLSE"
[1] -0.05472726
[1] 0.04722094
[1] 0.8589744

 0  1 
11 67 
[1] "Fitting mean A"
[1] "Fitting variance A"
[1] "DR"
[1] -0.05302484
[1] 0.04169736
[1] 0.8846154

 0  1 
 9 69 
[1] 79
[1] -0.0004229119
[1] -0.02610187
[1] "AdaLSE"
[1] -0.1072483
[1] 0.04456568
[1] 0.8607595

 0  1 
11 68 
[1] "Fitting mean A"
[1] "Fitting variance A"
[1] "DR"
[1] -0.1059239
[1] 0.03996673
[1] 0.8734177

 0  1 
10 69 
[1] 80
[1] -0.0004229119
[1] -0.02610187
[1] "AdaLSE"
[1] -0.02384112
[1] 0.04022036
[1] 0.8625

 0  1 
11 69 
[1] "Fitting mean A"
[1] "Fitting variance A"
[1] "DR"
[1] -0.03218454
[1] 0.03396849
[1] 0.875

 0  1 
10 70 
[1] 81
[1] -0.0004229119
[1] -0.02610187
[1] "AdaLSE"
[1] -0.04863072
[1] 0.03913338
[1] 0.8641975

 0  1 
11 70 
[1] "Fitting mean A"
[1] "Fitting variance A"
[1] "DR"
[1] -0.05626252
[1] 0.03751964
[1] 0.8765432

 0  1 
10 71 
[1] 82
[1] -0.0004229119
[1] -0.02610187
[1] "AdaLSE"
[1] -0.01156102
[1] 0.04031346
[1] 0.8658537

 0  1 
11 71 
[1] "Fitting mean A"
[1] "Fitting variance A"
[1] "DR"
[1] -0.02074151
[1] 0.03562596
[1] 0.8780488

 0  1 
10 72 
[1] 83
[1] -0.0004229119
[1] -0.02610187
[1] "AdaLSE"
[1] -0.06666867
[1] 0.04596833
[1] 0.8674699

 0  1 
11 72 
[1] "Fitting mean A"
[1] "Fitting variance A"
[1] "DR"
[1] -0.0783861
[1] 0.04134282
[1] 0.8795181

 0  1 
10 73 
[1] 84
[1] -0.0004229119
[1] -0.02610187
[1] "AdaLSE"
[1] 0.0780738
[1] 0.04817158
[1] 0.8571429

 0  1 
12 72 
[1] "Fitting mean A"
[1] "Fitting variance A"
[1] "DR"
[1] 0.0571481
[1] 0.04338684
[1] 0.8809524

 0  1 
10 74 
[1] 85
[1] -0.0004229119
[1] -0.02610187
[1] "AdaLSE"
[1] 0.0159295
[1] 0.05127044
[1] 0.8588235

 0  1 
12 73 
[1] "Fitting mean A"
[1] "Fitting variance A"
[1] "DR"
[1] -0.002372641
[1] 0.0467321
[1] 0.8823529

 0  1 
10 75 
[1] 86
[1] -0.0004229119
[1] -0.02610187
[1] "AdaLSE"
[1] 0.01100326
[1] 0.04692332
[1] 0.8604651

 0  1 
12 74 
[1] "Fitting mean A"
[1] "Fitting variance A"
[1] "DR"
[1] -0.01375664
[1] 0.04311137
[1] 0.8837209

 0  1 
10 76 
[1] 87
[1] -0.0004229119
[1] -0.02610187
[1] "AdaLSE"
[1] 0.01866376
[1] 0.04906156
[1] 0.862069

 0  1 
12 75 
[1] "Fitting mean A"
[1] "Fitting variance A"
[1] "DR"
[1] -0.008436399
[1] 0.04516639
[1] 0.8850575

 0  1 
10 77 
[1] 88
[1] -0.0004229119
[1] -0.02610187
[1] "AdaLSE"
[1] -0.04258341
[1] 0.04855414
[1] 0.8636364

 0  1 
12 76 
[1] "Fitting mean A"
[1] "Fitting variance A"
[1] "DR"
[1] -0.06002827
[1] 0.04249358
[1] 0.8863636

 0  1 
10 78 
[1] 89
[1] -0.0004229119
[1] -0.02610187
[1] "AdaLSE"
[1] 0.03195399
[1] 0.047927
[1] 0.8651685

 0  1 
12 77 
[1] "Fitting mean A"
[1] "Fitting variance A"
[1] "DR"
[1] 0.0104267
[1] 0.04485355
[1] 0.8876404

 0  1 
10 79 
[1] 90
[1] -0.0004229119
[1] -0.02610187
[1] "AdaLSE"
[1] 0.1065545
[1] 0.04693047
[1] 0.8555556

 0  1 
13 77 
[1] "Fitting mean A"
[1] "Fitting variance A"
[1] "DR"
[1] 0.08903202
[1] 0.04187035
[1] 0.8777778

 0  1 
11 79 
[1] 91
[1] -0.0004229119
[1] -0.02610187
[1] "AdaLSE"
[1] 0.149826
[1] 0.04897093
[1] 0.8461538

 0  1 
14 77 
[1] "Fitting mean A"
[1] "Fitting variance A"
[1] "DR"
[1] 0.1162209
[1] 0.04356168
[1] 0.8681319

 0  1 
12 79 
[1] 92
[1] -0.0004229119
[1] -0.02610187
[1] "AdaLSE"
[1] -0.02822447
[1] 0.04205473
[1] 0.8478261

 0  1 
14 78 
[1] "Fitting mean A"
[1] "Fitting variance A"
[1] "DR"
[1] -0.04749546
[1] 0.03862516
[1] 0.8695652

 0  1 
12 80 
[1] 93
[1] -0.0004229119
[1] -0.02610187
[1] "AdaLSE"
[1] -0.02542704
[1] 0.03804474
[1] 0.8494624

 0  1 
14 79 
[1] "Fitting mean A"
[1] "Fitting variance A"
[1] "DR"
[1] -0.03788821
[1] 0.03464391
[1] 0.8709677

 0  1 
12 81 
[1] 94
[1] -0.0004229119
[1] -0.02610187
[1] "AdaLSE"
[1] -0.02039228
[1] 0.04770997
[1] 0.8510638

 0  1 
14 80 
[1] "Fitting mean A"
[1] "Fitting variance A"
[1] "DR"
[1] -0.04276198
[1] 0.0425558
[1] 0.8723404

 0  1 
12 82 
[1] 95
[1] -0.0004229119
[1] -0.02610187
[1] "AdaLSE"
[1] 0.04631475
[1] 0.04938949
[1] 0.8526316

 0  1 
14 81 
[1] "Fitting mean A"
[1] "Fitting variance A"
[1] "DR"
[1] 0.02813999
[1] 0.04452917
[1] 0.8736842

 0  1 
12 83 
[1] 96
[1] -0.0004229119
[1] -0.02610187
[1] "AdaLSE"
[1] 0.009454069
[1] 0.0473802
[1] 0.8541667

 0  1 
14 82 
[1] "Fitting mean A"
[1] "Fitting variance A"
[1] "DR"
[1] -0.01112633
[1] 0.04246422
[1] 0.875

 0  1 
12 84 
[1] 97
[1] -0.0004229119
[1] -0.02610187
[1] "AdaLSE"
[1] 0.1070882
[1] 0.04647887
[1] 0.8453608

 0  1 
15 82 
[1] "Fitting mean A"
[1] "Fitting variance A"
[1] "DR"
[1] 0.08055192
[1] 0.04258654
[1] 0.8659794

 0  1 
13 84 
[1] 98
[1] -0.0004229119
[1] -0.02610187
[1] "AdaLSE"
[1] 0.07431579
[1] 0.04488106
[1] 0.8367347

 0  1 
16 82 
[1] "Fitting mean A"
[1] "Fitting variance A"
[1] "DR"
[1] 0.07141339
[1] 0.04178978
[1] 0.8571429

 0  1 
14 84 
[1] 99
[1] -0.0004229119
[1] -0.02610187
[1] "AdaLSE"
[1] -0.004789182
[1] 0.0472924
[1] 0.8383838

 0  1 
16 83 
[1] "Fitting mean A"
[1] "Fitting variance A"
[1] "DR"
[1] -0.01445415
[1] 0.04341713
[1] 0.8585859

 0  1 
14 85 
[1] 100
[1] -0.0004229119
[1] -0.02610187
[1] "AdaLSE"
[1] -0.003950747
[1] 0.04830115
[1] 0.84

 0  1 
16 84 
[1] "Fitting mean A"
[1] "Fitting variance A"
[1] "DR"
[1] -0.010026
[1] 0.04316385
[1] 0.86

 0  1 
14 86 
[1] 101
[1] -0.0004229119
[1] -0.02610187
[1] "AdaLSE"
[1] 0.07638771
[1] 0.04491794
[1] 0.8316832

 0  1 
17 84 
[1] "Fitting mean A"
[1] "Fitting variance A"
[1] "DR"
[1] 0.06360124
[1] 0.04041485
[1] 0.8514851

 0  1 
15 86 
[1] 102
[1] -0.0004229119
[1] -0.02610187
[1] "AdaLSE"
[1] 0.02772727
[1] 0.03828667
[1] 0.8333333

 0  1 
17 85 
[1] "Fitting mean A"
[1] "Fitting variance A"
[1] "DR"
[1] 0.01137534
[1] 0.03391224
[1] 0.8529412

 0  1 
15 87 
[1] 103
[1] -0.0004229119
[1] -0.02610187
[1] "AdaLSE"
[1] 0.02718853
[1] 0.04513854
[1] 0.8349515

 0  1 
17 86 
[1] "Fitting mean A"
[1] "Fitting variance A"
[1] "DR"
[1] 0.007495625
[1] 0.04005925
[1] 0.8543689

 0  1 
15 88 
[1] 104
[1] -0.0004229119
[1] -0.02610187
[1] "AdaLSE"
[1] 0.04868784
[1] 0.03824816
[1] 0.8365385

 0  1 
17 87 
[1] "Fitting mean A"
[1] "Fitting variance A"
[1] "DR"
[1] 0.04183081
[1] 0.03505264
[1] 0.8557692

 0  1 
15 89 
[1] 105
[1] -0.0004229119
[1] -0.02610187
[1] "AdaLSE"
[1] -0.03031864
[1] 0.045408
[1] 0.8380952

 0  1 
17 88 
[1] "Fitting mean A"
[1] "Fitting variance A"
[1] "DR"
[1] -0.04911567
[1] 0.04168735
[1] 0.8571429

 0  1 
15 90 
[1] 106
[1] -0.0004229119
[1] -0.02610187
[1] "AdaLSE"
[1] 0.001568938
[1] 0.04755469
[1] 0.8396226

 0  1 
17 89 
[1] "Fitting mean A"
[1] "Fitting variance A"
[1] "DR"
[1] -0.01466217
[1] 0.04394156
[1] 0.8584906

 0  1 
15 91 
[1] 107
[1] -0.0004229119
[1] -0.02610187
[1] "AdaLSE"
[1] -0.02885024
[1] 0.04444982
[1] 0.8411215

 0  1 
17 90 
[1] "Fitting mean A"
[1] "Fitting variance A"
[1] "DR"
[1] -0.031653
[1] 0.03924758
[1] 0.8598131

 0  1 
15 92 
[1] 108
[1] -0.0004229119
[1] -0.02610187
[1] "AdaLSE"
[1] 0.02353556
[1] 0.05393522
[1] 0.8425926

 0  1 
17 91 
[1] "Fitting mean A"
[1] "Fitting variance A"
[1] "DR"
[1] -0.0026171
[1] 0.04661588
[1] 0.8611111

 0  1 
15 93 
[1] 109
[1] -0.0004229119
[1] -0.02610187
[1] "AdaLSE"
[1] -0.08132473
[1] 0.04681311
[1] 0.8440367

 0  1 
17 92 
[1] "Fitting mean A"
[1] "Fitting variance A"
[1] "DR"
[1] -0.08824452
[1] 0.040992
[1] 0.8623853

 0  1 
15 94 
[1] 110
[1] -0.0004229119
[1] -0.02610187
[1] "AdaLSE"
[1] -0.006642358
[1] 0.04620123
[1] 0.8454545

 0  1 
17 93 
[1] "Fitting mean A"
[1] "Fitting variance A"
[1] "DR"
[1] -0.02343164
[1] 0.0419799
[1] 0.8636364

 0  1 
15 95 
[1] 111
[1] -0.0004229119
[1] -0.02610187
[1] "AdaLSE"
[1] -0.02532491
[1] 0.04398846
[1] 0.8468468

 0  1 
17 94 
[1] "Fitting mean A"
[1] "Fitting variance A"
[1] "DR"
[1] -0.04610048
[1] 0.03827018
[1] 0.8648649

 0  1 
15 96 
[1] 112
[1] -0.0004229119
[1] -0.02610187
[1] "AdaLSE"
[1] 0.04572236
[1] 0.04532915
[1] 0.8482143

 0  1 
17 95 
[1] "Fitting mean A"
[1] "Fitting variance A"
[1] "DR"
[1] 0.02923084
[1] 0.04047353
[1] 0.8660714

 0  1 
15 97 
[1] 113
[1] -0.0004229119
[1] -0.02610187
[1] "AdaLSE"
[1] -0.005993678
[1] 0.04857857
[1] 0.8495575

 0  1 
17 96 
[1] "Fitting mean A"
[1] "Fitting variance A"
[1] "DR"
[1] -0.01921199
[1] 0.04345949
[1] 0.8672566

 0  1 
15 98 
[1] 114
[1] -0.0004229119
[1] -0.02610187
[1] "AdaLSE"
[1] 0.06870492
[1] 0.04241888
[1] 0.8421053

 0  1 
18 96 
[1] "Fitting mean A"
[1] "Fitting variance A"
[1] "DR"
[1] 0.06082676
[1] 0.03798576
[1] 0.8596491

 0  1 
16 98 
[1] 115
[1] -0.0004229119
[1] -0.02610187
[1] "AdaLSE"
[1] -0.05794563
[1] 0.04389342
[1] 0.8434783

 0  1 
18 97 
[1] "Fitting mean A"
[1] "Fitting variance A"
[1] "DR"
[1] -0.07162521
[1] 0.04029029
[1] 0.8608696

 0  1 
16 99 
[1] 116
[1] -0.0004229119
[1] -0.02610187
[1] "AdaLSE"
[1] 0.03435335
[1] 0.05095168
[1] 0.8448276

 0  1 
18 98 
[1] "Fitting mean A"
[1] "Fitting variance A"
[1] "DR"
[1] 0.0216647
[1] 0.04614378
[1] 0.862069

  0   1 
 16 100 
[1] 117
[1] -0.0004229119
[1] -0.02610187
[1] "AdaLSE"
[1] -0.05753637
[1] 0.03645178
[1] 0.8461538

 0  1 
18 99 
[1] "Fitting mean A"
[1] "Fitting variance A"
[1] "DR"
[1] -0.06594977
[1] 0.03361889
[1] 0.8632479

  0   1 
 16 101 
[1] 118
[1] -0.0004229119
[1] -0.02610187
[1] "AdaLSE"
[1] 0.05353136
[1] 0.05038237
[1] 0.8474576

  0   1 
 18 100 
[1] "Fitting mean A"
[1] "Fitting variance A"
[1] "DR"
[1] 0.02368032
[1] 0.04469681
[1] 0.8644068

  0   1 
 16 102 
[1] 119
[1] -0.0004229119
[1] -0.02610187
[1] "AdaLSE"
[1] -0.02345069
[1] 0.0449589
[1] 0.8487395

  0   1 
 18 101 
[1] "Fitting mean A"
[1] "Fitting variance A"
[1] "DR"
[1] -0.03489992
[1] 0.03870516
[1] 0.8655462

  0   1 
 16 103 
[1] 120
[1] -0.0004229119
[1] -0.02610187
[1] "AdaLSE"
[1] -0.003219096
[1] 0.04977735
[1] 0.85

  0   1 
 18 102 
[1] "Fitting mean A"
[1] "Fitting variance A"
[1] "DR"
[1] -0.0122603
[1] 0.04458392
[1] 0.8666667

  0   1 
 16 104 
[1] 121
[1] -0.0004229119
[1] -0.02610187
[1] "AdaLSE"
[1] -0.08368146
[1] 0.04590165
[1] 0.8512397

  0   1 
 18 103 
[1] "Fitting mean A"
[1] "Fitting variance A"
[1] "DR"
[1] -0.1002207
[1] 0.04272023
[1] 0.8677686

  0   1 
 16 105 
[1] 122
[1] -0.0004229119
[1] -0.02610187
[1] "AdaLSE"
[1] 0.1655697
[1] 0.04577048
[1] 0.8442623

  0   1 
 19 103 
[1] "Fitting mean A"
[1] "Fitting variance A"
[1] "DR"
[1] 0.1554021
[1] 0.04067908
[1] 0.8606557

  0   1 
 17 105 
[1] 123
[1] -0.0004229119
[1] -0.02610187
[1] "AdaLSE"
[1] 0.06276673
[1] 0.04702173
[1] 0.8455285

  0   1 
 19 104 
[1] "Fitting mean A"
[1] "Fitting variance A"
[1] "DR"
[1] 0.04561737
[1] 0.04154599
[1] 0.8617886

  0   1 
 17 106 
[1] 124
[1] -0.0004229119
[1] -0.02610187
[1] "AdaLSE"
[1] -0.09684117
[1] 0.0494107
[1] 0.8467742

  0   1 
 19 105 
[1] "Fitting mean A"
[1] "Fitting variance A"
[1] "DR"
[1] -0.09666525
[1] 0.04588189
[1] 0.8629032

  0   1 
 17 107 
[1] 125
[1] -0.0004229119
[1] -0.02610187
[1] "AdaLSE"
[1] -0.03812238
[1] 0.04683804
[1] 0.848

  0   1 
 19 106 
[1] "Fitting mean A"
[1] "Fitting variance A"
[1] "DR"
[1] -0.06922767
[1] 0.04324401
[1] 0.864

  0   1 
 17 108 
[1] 126
[1] -0.0004229119
[1] -0.02610187
[1] "AdaLSE"
[1] 0.03397723
[1] 0.04745322
[1] 0.8492063

  0   1 
 19 107 
[1] "Fitting mean A"
[1] "Fitting variance A"
[1] "DR"
[1] 0.02173503
[1] 0.04222688
[1] 0.8650794

  0   1 
 17 109 
[1] 127
[1] -0.0004229119
[1] -0.02610187
[1] "AdaLSE"
[1] -0.07731694
[1] 0.04416073
[1] 0.8503937

  0   1 
 19 108 
[1] "Fitting mean A"
[1] "Fitting variance A"
[1] "DR"
[1] -0.08208071
[1] 0.0372155
[1] 0.8661417

  0   1 
 17 110 
[1] 128
[1] -0.0004229119
[1] -0.02610187
[1] "AdaLSE"
[1] 0.005825037
[1] 0.04628327
[1] 0.8515625

  0   1 
 19 109 
[1] "Fitting mean A"
[1] "Fitting variance A"
[1] "DR"
[1] -0.003127239
[1] 0.04197172
[1] 0.8671875

  0   1 
 17 111 
[1] 129
[1] -0.0004229119
[1] -0.02610187
[1] "AdaLSE"
[1] -0.08384499
[1] 0.03886182
[1] 0.8527132

  0   1 
 19 110 
[1] "Fitting mean A"
[1] "Fitting variance A"
[1] "DR"
[1] -0.08955094
[1] 0.03505843
[1] 0.8682171

  0   1 
 17 112 
[1] 130
[1] -0.0004229119
[1] -0.02610187
[1] "AdaLSE"
[1] -0.003439388
[1] 0.04872129
[1] 0.8538462

  0   1 
 19 111 
[1] "Fitting mean A"
[1] "Fitting variance A"
[1] "DR"
[1] -0.01507835
[1] 0.044627
[1] 0.8692308

  0   1 
 17 113 
[1] 131
[1] -0.0004229119
[1] -0.02610187
[1] "AdaLSE"
[1] 0.1363301
[1] 0.04496782
[1] 0.8473282

  0   1 
 20 111 
[1] "Fitting mean A"
[1] "Fitting variance A"
[1] "DR"
[1] 0.113246
[1] 0.04225437
[1] 0.8625954

  0   1 
 18 113 
[1] 132
[1] -0.0004229119
[1] -0.02610187
[1] "AdaLSE"
[1] -0.01043414
[1] 0.04443094
[1] 0.8484848

  0   1 
 20 112 
[1] "Fitting mean A"
[1] "Fitting variance A"
[1] "DR"
[1] -0.03199493
[1] 0.03917557
[1] 0.8636364

  0   1 
 18 114 
[1] 133
[1] -0.0004229119
[1] -0.02610187
[1] "AdaLSE"
[1] 0.114836
[1] 0.04386146
[1] 0.8421053

  0   1 
 21 112 
[1] "Fitting mean A"
[1] "Fitting variance A"
[1] "DR"
[1] 0.1153022
[1] 0.04130714
[1] 0.8571429

  0   1 
 19 114 
[1] 134
[1] -0.0004229119
[1] -0.02610187
[1] "AdaLSE"
[1] 0.08741901
[1] 0.0464446
[1] 0.8358209

  0   1 
 22 112 
[1] "Fitting mean A"
[1] "Fitting variance A"
[1] "DR"
[1] 0.06784403
[1] 0.04144104
[1] 0.8507463

  0   1 
 20 114 
[1] 135
[1] -0.0004229119
[1] -0.02610187
[1] "AdaLSE"
[1] 0.03401197
[1] 0.04664893
[1] 0.837037

  0   1 
 22 113 
[1] "Fitting mean A"
[1] "Fitting variance A"
[1] "DR"
[1] 0.02292732
[1] 0.04177469
[1] 0.8518519

  0   1 
 20 115 
[1] 136
[1] -0.0004229119
[1] -0.02610187
[1] "AdaLSE"
[1] -0.06645728
[1] 0.04496622
[1] 0.8382353

  0   1 
 22 114 
[1] "Fitting mean A"
[1] "Fitting variance A"
[1] "DR"
[1] -0.07013849
[1] 0.04176798
[1] 0.8529412

  0   1 
 20 116 
[1] 137
[1] -0.0004229119
[1] -0.02610187
[1] "AdaLSE"
[1] 0.03659409
[1] 0.04623298
[1] 0.8394161

  0   1 
 22 115 
[1] "Fitting mean A"
[1] "Fitting variance A"
[1] "DR"
[1] 0.03933816
[1] 0.04394944
[1] 0.8540146

  0   1 
 20 117 
[1] 138
[1] -0.0004229119
[1] -0.02610187
[1] "AdaLSE"
[1] 0.01893931
[1] 0.04862527
[1] 0.8405797

  0   1 
 22 116 
[1] "Fitting mean A"
[1] "Fitting variance A"
[1] "DR"
[1] -0.005758259
[1] 0.04324371
[1] 0.8550725

  0   1 
 20 118 
[1] 139
[1] -0.0004229119
[1] -0.02610187
[1] "AdaLSE"
[1] -0.01454664
[1] 0.04975539
[1] 0.8417266

  0   1 
 22 117 
[1] "Fitting mean A"
[1] "Fitting variance A"
[1] "DR"
[1] -0.02242237
[1] 0.04259996
[1] 0.8561151

  0   1 
 20 119 
[1] 140
[1] -0.0004229119
[1] -0.02610187
[1] "AdaLSE"
[1] 0.008490695
[1] 0.0466157
[1] 0.8428571

  0   1 
 22 118 
[1] "Fitting mean A"
[1] "Fitting variance A"
[1] "DR"
[1] 0.0009239409
[1] 0.04137367
[1] 0.8571429

  0   1 
 20 120 
[1] 141
[1] -0.0004229119
[1] -0.02610187
[1] "AdaLSE"
[1] 0.1282499
[1] 0.04706199
[1] 0.8368794

  0   1 
 23 118 
[1] "Fitting mean A"
[1] "Fitting variance A"
[1] "DR"
[1] 0.1144728
[1] 0.04191583
[1] 0.8510638

  0   1 
 21 120 
[1] 142
[1] -0.0004229119
[1] -0.02610187
[1] "AdaLSE"
[1] 0.05283998
[1] 0.04187679
[1] 0.8380282

  0   1 
 23 119 
[1] "Fitting mean A"
[1] "Fitting variance A"
[1] "DR"
[1] 0.03314259
[1] 0.03812681
[1] 0.8521127

  0   1 
 21 121 
[1] 143
[1] -0.0004229119
[1] -0.02610187
[1] "AdaLSE"
[1] -0.0004572638
[1] 0.03854369
[1] 0.8391608

  0   1 
 23 120 
[1] "Fitting mean A"
[1] "Fitting variance A"
[1] "DR"
[1] -0.01821527
[1] 0.03580377
[1] 0.8531469

  0   1 
 21 122 
[1] 144
[1] -0.0004229119
[1] -0.02610187
[1] "AdaLSE"
[1] -0.02021377
[1] 0.04796303
[1] 0.8402778

  0   1 
 23 121 
[1] "Fitting mean A"
[1] "Fitting variance A"
[1] "DR"
[1] -0.0337181
[1] 0.04361008
[1] 0.8541667

  0   1 
 21 123 
[1] 145
[1] -0.0004229119
[1] -0.02610187
[1] "AdaLSE"
[1] 0.04345175
[1] 0.03831696
[1] 0.8413793

  0   1 
 23 122 
[1] "Fitting mean A"
[1] "Fitting variance A"
[1] "DR"
[1] 0.03084233
[1] 0.03701534
[1] 0.8551724

  0   1 
 21 124 
[1] 146
[1] -0.0004229119
[1] -0.02610187
[1] "AdaLSE"
[1] -0.003419317
[1] 0.04471034
[1] 0.8424658

  0   1 
 23 123 
[1] "Fitting mean A"
[1] "Fitting variance A"
[1] "DR"
[1] -0.02117764
[1] 0.04009649
[1] 0.8561644

  0   1 
 21 125 
[1] 147
[1] -0.0004229119
[1] -0.02610187
[1] "AdaLSE"
[1] -0.03049689
[1] 0.04905096
[1] 0.8435374

  0   1 
 23 124 
[1] "Fitting mean A"
[1] "Fitting variance A"
[1] "DR"
[1] -0.09080767
[1] 0.04812947
[1] 0.8571429

  0   1 
 21 126 
[1] 148
[1] -0.0004229119
[1] -0.02610187
[1] "AdaLSE"
[1] 0.08412436
[1] 0.04895172
[1] 0.8378378

  0   1 
 24 124 
[1] "Fitting mean A"
[1] "Fitting variance A"
[1] "DR"
[1] 0.07514164
[1] 0.0422663
[1] 0.8513514

  0   1 
 22 126 
[1] 149
[1] -0.0004229119
[1] -0.02610187
[1] "AdaLSE"
[1] 0.04852562
[1] 0.04529713
[1] 0.8389262

  0   1 
 24 125 
[1] "Fitting mean A"
[1] "Fitting variance A"
[1] "DR"
[1] 0.02258048
[1] 0.04101582
[1] 0.852349

  0   1 
 22 127 
[1] 150
[1] -0.0004229119
[1] -0.02610187
[1] "AdaLSE"
[1] -0.06837967
[1] 0.05005745
[1] 0.84

  0   1 
 24 126 
[1] "Fitting mean A"
[1] "Fitting variance A"
[1] "DR"
[1] -0.08838306
[1] 0.04394017
[1] 0.8533333

  0   1 
 22 128 
[1] 151
[1] -0.0004229119
[1] -0.02610187
[1] "AdaLSE"
[1] -0.06011116
[1] 0.03887006
[1] 0.8410596

  0   1 
 24 127 
[1] "Fitting mean A"
[1] "Fitting variance A"
[1] "DR"
[1] -0.07057702
[1] 0.03455613
[1] 0.8543046

  0   1 
 22 129 
[1] 152
[1] -0.0004229119
[1] -0.02610187
[1] "AdaLSE"
[1] 0.07600892
[1] 0.0476013
[1] 0.8355263

  0   1 
 25 127 
[1] "Fitting mean A"
[1] "Fitting variance A"
[1] "DR"
[1] 0.05589593
[1] 0.04211801
[1] 0.8552632

  0   1 
 22 130 
[1] 153
[1] -0.0004229119
[1] -0.02610187
[1] "AdaLSE"
[1] -0.01590602
[1] 0.05333966
[1] 0.8366013

  0   1 
 25 128 
[1] "Fitting mean A"
[1] "Fitting variance A"
[1] "DR"
[1] -0.02688308
[1] 0.04607288
[1] 0.8562092

  0   1 
 22 131 
[1] 154
[1] -0.0004229119
[1] -0.02610187
[1] "AdaLSE"
[1] -0.1671718
[1] 0.04961502
[1] 0.8311688

  0   1 
 26 128 
[1] "Fitting mean A"
[1] "Fitting variance A"
[1] "DR"
[1] -0.1602178
[1] 0.04488719
[1] 0.8506494

  0   1 
 23 131 
[1] 155
[1] -0.0004229119
[1] -0.02610187
[1] "AdaLSE"
[1] 0.02172168
[1] 0.04692092
[1] 0.8322581

  0   1 
 26 129 
[1] "Fitting mean A"
[1] "Fitting variance A"
[1] "DR"
[1] 0.0200692
[1] 0.04164286
[1] 0.8516129

  0   1 
 23 132 
[1] 156
[1] -0.0004229119
[1] -0.02610187
[1] "AdaLSE"
[1] -0.1195918
[1] 0.05162765
[1] 0.8333333

  0   1 
 26 130 
[1] "Fitting mean A"
[1] "Fitting variance A"
[1] "DR"
[1] -0.1099307
[1] 0.04526368
[1] 0.8525641

  0   1 
 23 133 
[1] 157
[1] -0.0004229119
[1] -0.02610187
[1] "AdaLSE"
[1] 0.0380163
[1] 0.05001322
[1] 0.8343949

  0   1 
 26 131 
[1] "Fitting mean A"
[1] "Fitting variance A"
[1] "DR"
[1] 0.01567272
[1] 0.04539732
[1] 0.8535032

  0   1 
 23 134 
[1] 158
[1] -0.0004229119
[1] -0.02610187
[1] "AdaLSE"
[1] -0.04179297
[1] 0.03639429
[1] 0.835443

  0   1 
 26 132 
[1] "Fitting mean A"
[1] "Fitting variance A"
[1] "DR"
[1] -0.04832799
[1] 0.03092948
[1] 0.8544304

  0   1 
 23 135 
[1] 159
[1] -0.0004229119
[1] -0.02610187
[1] "AdaLSE"
[1] 0.08013252
[1] 0.04883872
[1] 0.8301887

  0   1 
 27 132 
[1] "Fitting mean A"
[1] "Fitting variance A"
[1] "DR"
[1] 0.05478156
[1] 0.04520984
[1] 0.8553459

  0   1 
 23 136 
[1] 160
[1] -0.0004229119
[1] -0.02610187
[1] "AdaLSE"
[1] 0.02064757
[1] 0.0386947
[1] 0.83125

  0   1 
 27 133 
[1] "Fitting mean A"
[1] "Fitting variance A"
[1] "DR"
[1] 0.02445354
[1] 0.03549127
[1] 0.85625

  0   1 
 23 137 
[1] 161
[1] -0.0004229119
[1] -0.02610187
[1] "AdaLSE"
[1] -0.03585473
[1] 0.04235305
[1] 0.8322981

  0   1 
 27 134 
[1] "Fitting mean A"
[1] "Fitting variance A"
[1] "DR"
[1] -0.07024346
[1] 0.04018423
[1] 0.8571429

  0   1 
 23 138 
[1] 162
[1] -0.0004229119
[1] -0.02610187
[1] "AdaLSE"
[1] 0.09295882
[1] 0.04642887
[1] 0.8271605

  0   1 
 28 134 
[1] "Fitting mean A"
[1] "Fitting variance A"
[1] "DR"
[1] 0.07607769
[1] 0.04303431
[1] 0.8518519

  0   1 
 24 138 
[1] 163
[1] -0.0004229119
[1] -0.02610187
[1] "AdaLSE"
[1] -0.007103779
[1] 0.04610331
[1] 0.8282209

  0   1 
 28 135 
[1] "Fitting mean A"
[1] "Fitting variance A"
[1] "DR"
[1] -0.02916843
[1] 0.04235694
[1] 0.8527607

  0   1 
 24 139 
[1] 164
[1] -0.0004229119
[1] -0.02610187
[1] "AdaLSE"
[1] 0.0149897
[1] 0.04336418
[1] 0.8292683

  0   1 
 28 136 
[1] "Fitting mean A"
[1] "Fitting variance A"
[1] "DR"
[1] 0.004958685
[1] 0.03899524
[1] 0.8536585

  0   1 
 24 140 
[1] 165
[1] -0.0004229119
[1] -0.02610187
[1] "AdaLSE"
[1] -0.04551117
[1] 0.0445679
[1] 0.830303

  0   1 
 28 137 
[1] "Fitting mean A"
[1] "Fitting variance A"
[1] "DR"
[1] -0.05430677
[1] 0.03916978
[1] 0.8545455

  0   1 
 24 141 
[1] 166
[1] -0.0004229119
[1] -0.02610187
[1] "AdaLSE"
[1] 0.05086556
[1] 0.044051
[1] 0.8313253

  0   1 
 28 138 
[1] "Fitting mean A"
[1] "Fitting variance A"
[1] "DR"
[1] 0.02093784
[1] 0.04049567
[1] 0.8554217

  0   1 
 24 142 
[1] 167
[1] -0.0004229119
[1] -0.02610187
[1] "AdaLSE"
[1] 0.1208328
[1] 0.0470196
[1] 0.8263473

  0   1 
 29 138 
[1] "Fitting mean A"
[1] "Fitting variance A"
[1] "DR"
[1] 0.09525743
[1] 0.04370366
[1] 0.8502994

  0   1 
 25 142 
[1] 168
[1] -0.0004229119
[1] -0.02610187
[1] "AdaLSE"
[1] -0.04306506
[1] 0.04433774
[1] 0.827381

  0   1 
 29 139 
[1] "Fitting mean A"
[1] "Fitting variance A"
[1] "DR"
[1] -0.06976357
[1] 0.03958623
[1] 0.8511905

  0   1 
 25 143 
[1] 169
[1] -0.0004229119
[1] -0.02610187
[1] "AdaLSE"
[1] 0.01110938
[1] 0.04759402
[1] 0.8284024

  0   1 
 29 140 
[1] "Fitting mean A"
[1] "Fitting variance A"
[1] "DR"
[1] -0.00597151
[1] 0.04338932
[1] 0.852071

  0   1 
 25 144 
[1] 170
[1] -0.0004229119
[1] -0.02610187
[1] "AdaLSE"
[1] -0.01443499
[1] 0.04503024
[1] 0.8294118

  0   1 
 29 141 
[1] "Fitting mean A"
[1] "Fitting variance A"
[1] "DR"
[1] -0.03007292
[1] 0.04005187
[1] 0.8529412

  0   1 
 25 145 
[1] 171
[1] -0.0004229119
[1] -0.02610187
[1] "AdaLSE"
[1] -0.03615486
[1] 0.03929559
[1] 0.8304094

  0   1 
 29 142 
[1] "Fitting mean A"
[1] "Fitting variance A"
[1] "DR"
[1] -0.06082998
[1] 0.03656234
[1] 0.8538012

  0   1 
 25 146 
[1] 172
[1] -0.0004229119
[1] -0.02610187
[1] "AdaLSE"
[1] -0.09749067
[1] 0.04621532
[1] 0.8313953

  0   1 
 29 143 
[1] "Fitting mean A"
[1] "Fitting variance A"
[1] "DR"
[1] -0.116937
[1] 0.04066795
[1] 0.8488372

  0   1 
 26 146 
[1] 173
[1] -0.0004229119
[1] -0.02610187
[1] "AdaLSE"
[1] 0.006937409
[1] 0.04835356
[1] 0.8323699

  0   1 
 29 144 
[1] "Fitting mean A"
[1] "Fitting variance A"
[1] "DR"
[1] -0.002346921
[1] 0.04233653
[1] 0.849711

  0   1 
 26 147 
[1] 174
[1] -0.0004229119
[1] -0.02610187
[1] "AdaLSE"
[1] 0.07180801
[1] 0.04741813
[1] 0.8275862

  0   1 
 30 144 
[1] "Fitting mean A"
[1] "Fitting variance A"
[1] "DR"
[1] 0.05375474
[1] 0.04364721
[1] 0.8505747

  0   1 
 26 148 
[1] 175
[1] -0.0004229119
[1] -0.02610187
[1] "AdaLSE"
[1] 0.009183942
[1] 0.04778507
[1] 0.8285714

  0   1 
 30 145 
[1] "Fitting mean A"
[1] "Fitting variance A"
[1] "DR"
[1] 0.005389081
[1] 0.04482907
[1] 0.8514286

  0   1 
 26 149 
[1] 176
[1] -0.0004229119
[1] -0.02610187
[1] "AdaLSE"
[1] -0.007466961
[1] 0.04491279
[1] 0.8295455

  0   1 
 30 146 
[1] "Fitting mean A"
[1] "Fitting variance A"
[1] "DR"
[1] -0.008364128
[1] 0.04055203
[1] 0.8522727

  0   1 
 26 150 
[1] 177
[1] -0.0004229119
[1] -0.02610187
[1] "AdaLSE"
[1] 0.06663551
[1] 0.0393269
[1] 0.8248588

  0   1 
 31 146 
[1] "Fitting mean A"
[1] "Fitting variance A"
[1] "DR"
[1] 0.04887971
[1] 0.03784634
[1] 0.8474576

  0   1 
 27 150 
[1] 178
[1] -0.0004229119
[1] -0.02610187
[1] "AdaLSE"
[1] -0.07707598
[1] 0.04385667
[1] 0.8258427

  0   1 
 31 147 
[1] "Fitting mean A"
[1] "Fitting variance A"
[1] "DR"
[1] -0.09151855
[1] 0.03830406
[1] 0.8483146

  0   1 
 27 151 
[1] 179
[1] -0.0004229119
[1] -0.02610187
[1] "AdaLSE"
[1] 0.001309807
[1] 0.04613948
[1] 0.8268156

  0   1 
 31 148 
[1] "Fitting mean A"
[1] "Fitting variance A"
[1] "DR"
[1] -0.006076884
[1] 0.0418157
[1] 0.849162

  0   1 
 27 152 
[1] 180
[1] -0.0004229119
[1] -0.02610187
[1] "AdaLSE"
[1] 0.04015568
[1] 0.03883819
[1] 0.8277778

  0   1 
 31 149 
[1] "Fitting mean A"
[1] "Fitting variance A"
[1] "DR"
[1] 0.02387949
[1] 0.03781026
[1] 0.85

  0   1 
 27 153 
[1] 181
[1] -0.0004229119
[1] -0.02610187
[1] "AdaLSE"
[1] 0.1025998
[1] 0.04372296
[1] 0.8232044

  0   1 
 32 149 
[1] "Fitting mean A"
[1] "Fitting variance A"
[1] "DR"
[1] 0.08391944
[1] 0.03985008
[1] 0.8453039

  0   1 
 28 153 
[1] 182
[1] -0.0004229119
[1] -0.02610187
[1] "AdaLSE"
[1] -0.05179511
[1] 0.04670403
[1] 0.8241758

  0   1 
 32 150 
[1] "Fitting mean A"
[1] "Fitting variance A"
[1] "DR"
[1] -0.0753957
[1] 0.04177929
[1] 0.8461538

  0   1 
 28 154 
[1] 183
[1] -0.0004229119
[1] -0.02610187
[1] "AdaLSE"
[1] 0.0269922
[1] 0.0419629
[1] 0.8251366

  0   1 
 32 151 
[1] "Fitting mean A"
[1] "Fitting variance A"
[1] "DR"
[1] 0.01157401
[1] 0.03619469
[1] 0.8469945

  0   1 
 28 155 
[1] 184
[1] -0.0004229119
[1] -0.02610187
[1] "AdaLSE"
[1] 0.07674589
[1] 0.03743111
[1] 0.8206522

  0   1 
 33 151 
[1] "Fitting mean A"
[1] "Fitting variance A"
[1] "DR"
[1] 0.05214032
[1] 0.03414752
[1] 0.8423913

  0   1 
 29 155 
[1] 185
[1] -0.0004229119
[1] -0.02610187
[1] "AdaLSE"
[1] -0.03320586
[1] 0.04393849
[1] 0.8216216

  0   1 
 33 152 
[1] "Fitting mean A"
[1] "Fitting variance A"
[1] "DR"
[1] -0.0698917
[1] 0.04116266
[1] 0.8432432

  0   1 
 29 156 
[1] 186
[1] -0.0004229119
[1] -0.02610187
[1] "AdaLSE"
[1] 0.06402275
[1] 0.04721738
[1] 0.8225806

  0   1 
 33 153 
[1] "Fitting mean A"
[1] "Fitting variance A"
[1] "DR"
[1] 0.05543632
[1] 0.04270246
[1] 0.844086

  0   1 
 29 157 
[1] 187
[1] -0.0004229119
[1] -0.02610187
[1] "AdaLSE"
[1] 0.08721506
[1] 0.04266884
[1] 0.8181818

  0   1 
 34 153 
[1] "Fitting mean A"
[1] "Fitting variance A"
[1] "DR"
[1] 0.0740163
[1] 0.04013703
[1] 0.8395722

  0   1 
 30 157 
[1] 188
[1] -0.0004229119
[1] -0.02610187
[1] "AdaLSE"
[1] -0.06889568
[1] 0.04675438
[1] 0.8191489

  0   1 
 34 154 
[1] "Fitting mean A"
[1] "Fitting variance A"
[1] "DR"
[1] -0.08438622
[1] 0.04126767
[1] 0.8404255

  0   1 
 30 158 
[1] 189
[1] -0.0004229119
[1] -0.02610187
[1] "AdaLSE"
[1] -0.007438823
[1] 0.04100376
[1] 0.8201058

  0   1 
 34 155 
[1] "Fitting mean A"
[1] "Fitting variance A"
[1] "DR"
[1] -0.01084207
[1] 0.03759697
[1] 0.8412698

  0   1 
 30 159 
[1] 190
[1] -0.0004229119
[1] -0.02610187
[1] "AdaLSE"
[1] -0.03021247
[1] 0.04701655
[1] 0.8210526

  0   1 
 34 156 
[1] "Fitting mean A"
[1] "Fitting variance A"
[1] "DR"
[1] -0.04629856
[1] 0.04338274
[1] 0.8421053

  0   1 
 30 160 
[1] 191
[1] -0.0004229119
[1] -0.02610187
[1] "AdaLSE"
[1] -0.03014019
[1] 0.0485988
[1] 0.8219895

  0   1 
 34 157 
[1] "Fitting mean A"
[1] "Fitting variance A"
[1] "DR"
[1] -0.04906452
[1] 0.04303659
[1] 0.8429319

  0   1 
 30 161 
[1] 192
[1] -0.0004229119
[1] -0.02610187
[1] "AdaLSE"
[1] 0.08932212
[1] 0.0468489
[1] 0.8177083

  0   1 
 35 157 
[1] "Fitting mean A"
[1] "Fitting variance A"
[1] "DR"
[1] 0.0624099
[1] 0.04215982
[1] 0.8385417

  0   1 
 31 161 
[1] 193
[1] -0.0004229119
[1] -0.02610187
[1] "AdaLSE"
[1] 0.02122977
[1] 0.04580415
[1] 0.8186528

  0   1 
 35 158 
[1] "Fitting mean A"
[1] "Fitting variance A"
[1] "DR"
[1] -0.002939996
[1] 0.04306338
[1] 0.8393782

  0   1 
 31 162 
[1] 194
[1] -0.0004229119
[1] -0.02610187
[1] "AdaLSE"
[1] 0.09621717
[1] 0.04537986
[1] 0.814433

  0   1 
 36 158 
[1] "Fitting mean A"
[1] "Fitting variance A"
[1] "DR"
[1] 0.06025409
[1] 0.04126598
[1] 0.8350515

  0   1 
 32 162 
[1] 195
[1] -0.0004229119
[1] -0.02610187
[1] "AdaLSE"
[1] -0.01000985
[1] 0.04668366
[1] 0.8153846

  0   1 
 36 159 
[1] "Fitting mean A"
[1] "Fitting variance A"
[1] "DR"
[1] -0.03169099
[1] 0.04210231
[1] 0.8358974

  0   1 
 32 163 
[1] 196
[1] -0.0004229119
[1] -0.02610187
[1] "AdaLSE"
[1] 0.03381826
[1] 0.04623238
[1] 0.8163265

  0   1 
 36 160 
[1] "Fitting mean A"
[1] "Fitting variance A"
[1] "DR"
[1] 0.02348848
[1] 0.04276126
[1] 0.8367347

  0   1 
 32 164 
[1] 197
[1] -0.0004229119
[1] -0.02610187
[1] "AdaLSE"
[1] 0.007162756
[1] 0.048369
[1] 0.8172589

  0   1 
 36 161 
[1] "Fitting mean A"
[1] "Fitting variance A"
[1] "DR"
[1] -0.01146333
[1] 0.04441729
[1] 0.8375635

  0   1 
 32 165 
[1] 198
[1] -0.0004229119
[1] -0.02610187
[1] "AdaLSE"
[1] 0.0696863
[1] 0.04023288
[1] 0.8131313

  0   1 
 37 161 
[1] "Fitting mean A"
[1] "Fitting variance A"
[1] "DR"
[1] 0.04872002
[1] 0.03579744
[1] 0.8333333

  0   1 
 33 165 
[1] 199
[1] -0.0004229119
[1] -0.02610187
[1] "AdaLSE"
[1] 0.04483625
[1] 0.04802478
[1] 0.8140704

  0   1 
 37 162 
[1] "Fitting mean A"
[1] "Fitting variance A"
[1] "DR"
[1] 0.008925176
[1] 0.04396768
[1] 0.8341709

  0   1 
 33 166 
[1] 200
[1] -0.0004229119
[1] -0.02610187
[1] "AdaLSE"
[1] 0.03618596
[1] 0.04707491
[1] 0.815

  0   1 
 37 163 
[1] "Fitting mean A"
[1] "Fitting variance A"
[1] "DR"
[1] 0.008214547
[1] 0.04347355
[1] 0.835

  0   1 
 33 167 
[1] 201
[1] -0.0004229119
[1] -0.02610187
[1] "AdaLSE"
[1] 0.01128245
[1] 0.03853198
[1] 0.8159204

  0   1 
 37 164 
[1] "Fitting mean A"
[1] "Fitting variance A"
[1] "DR"
[1] -0.009585052
[1] 0.03664177
[1] 0.8358209

  0   1 
 33 168 
[1] 202
[1] -0.0004229119
[1] -0.02610187
[1] "AdaLSE"
[1] -0.02498937
[1] 0.05049033
[1] 0.8168317

  0   1 
 37 165 
[1] "Fitting mean A"
[1] "Fitting variance A"
[1] "DR"
[1] -0.037206
[1] 0.04728579
[1] 0.8366337

  0   1 
 33 169 
[1] 203
[1] -0.0004229119
[1] -0.02610187
[1] "AdaLSE"
[1] -0.0396287
[1] 0.04734786
[1] 0.817734

  0   1 
 37 166 
[1] "Fitting mean A"
[1] "Fitting variance A"
[1] "DR"
[1] -0.0596899
[1] 0.04183974
[1] 0.8374384

  0   1 
 33 170 
[1] 204
[1] -0.0004229119
[1] -0.02610187
[1] "AdaLSE"
[1] 0.04615544
[1] 0.04545528
[1] 0.8186275

  0   1 
 37 167 
[1] "Fitting mean A"
[1] "Fitting variance A"
[1] "DR"
[1] 0.02818281
[1] 0.04152271
[1] 0.8382353

  0   1 
 33 171 
[1] 205
[1] -0.0004229119
[1] -0.02610187
[1] "AdaLSE"
[1] -0.00861
[1] 0.04009042
[1] 0.8195122

  0   1 
 37 168 
[1] "Fitting mean A"
[1] "Fitting variance A"
[1] "DR"
[1] -0.01395681
[1] 0.03830461
[1] 0.8390244

  0   1 
 33 172 
[1] 206
[1] -0.0004229119
[1] -0.02610187
[1] "AdaLSE"
[1] 0.08317647
[1] 0.04595371
[1] 0.815534

  0   1 
 38 168 
[1] "Fitting mean A"
[1] "Fitting variance A"
[1] "DR"
[1] 0.07396936
[1] 0.04244092
[1] 0.8349515

  0   1 
 34 172 
[1] 207
[1] -0.0004229119
[1] -0.02610187
[1] "AdaLSE"
[1] 0.01726704
[1] 0.0420683
[1] 0.8164251

  0   1 
 38 169 
[1] "Fitting mean A"
[1] "Fitting variance A"
[1] "DR"
[1] -0.0008034881
[1] 0.03886215
[1] 0.8357488

  0   1 
 34 173 
[1] 208
[1] -0.0004229119
[1] -0.02610187
[1] "AdaLSE"
[1] 0.04090639
[1] 0.04163626
[1] 0.8173077

  0   1 
 38 170 
[1] "Fitting mean A"
[1] "Fitting variance A"
[1] "DR"
[1] 0.01434545
[1] 0.0376577
[1] 0.8365385

  0   1 
 34 174 
[1] 209
[1] -0.0004229119
[1] -0.02610187
[1] "AdaLSE"
[1] 0.04671433
[1] 0.03863547
[1] 0.8181818

  0   1 
 38 171 
[1] "Fitting mean A"
[1] "Fitting variance A"
[1] "DR"
[1] 0.02727396
[1] 0.03582299
[1] 0.8373206

  0   1 
 34 175 
[1] 210
[1] -0.0004229119
[1] -0.02610187
[1] "AdaLSE"
[1] -0.02915038
[1] 0.05235497
[1] 0.8190476

  0   1 
 38 172 
[1] "Fitting mean A"
[1] "Fitting variance A"
[1] "DR"
[1] -0.03610254
[1] 0.04552967
[1] 0.8380952

  0   1 
 34 176 
[1] 211
[1] -0.0004229119
[1] -0.02610187
[1] "AdaLSE"
[1] -0.001347122
[1] 0.04660457
[1] 0.8199052

  0   1 
 38 173 
[1] "Fitting mean A"
[1] "Fitting variance A"
[1] "DR"
[1] -0.0112414
[1] 0.04174683
[1] 0.8388626

  0   1 
 34 177 
[1] 212
[1] -0.0004229119
[1] -0.02610187
[1] "AdaLSE"
[1] 0.0732164
[1] 0.04879236
[1] 0.8160377

  0   1 
 39 173 
[1] "Fitting mean A"
[1] "Fitting variance A"
[1] "DR"
[1] 0.03403406
[1] 0.04503429
[1] 0.8396226

  0   1 
 34 178 
[1] 213
[1] -0.0004229119
[1] -0.02610187
[1] "AdaLSE"
[1] 0.0189787
[1] 0.04273875
[1] 0.8169014

  0   1 
 39 174 
[1] "Fitting mean A"
[1] "Fitting variance A"
[1] "DR"
[1] 0.000140071
[1] 0.03947627
[1] 0.8403756

  0   1 
 34 179 
[1] 214
[1] -0.0004229119
[1] -0.02610187
[1] "AdaLSE"
[1] -0.06864773
[1] 0.04497036
[1] 0.817757

  0   1 
 39 175 
[1] "Fitting mean A"
[1] "Fitting variance A"
[1] "DR"
[1] -0.07901508
[1] 0.0426361
[1] 0.8411215

  0   1 
 34 180 
[1] 215
[1] -0.0004229119
[1] -0.02610187
[1] "AdaLSE"
[1] 0.02847182
[1] 0.03972775
[1] 0.8186047

  0   1 
 39 176 
[1] "Fitting mean A"
[1] "Fitting variance A"
[1] "DR"
[1] 0.01631748
[1] 0.03707595
[1] 0.8418605

  0   1 
 34 181 
[1] 216
[1] -0.0004229119
[1] -0.02610187
[1] "AdaLSE"
[1] -0.03271382
[1] 0.04514096
[1] 0.8194444

  0   1 
 39 177 
[1] "Fitting mean A"
[1] "Fitting variance A"
[1] "DR"
[1] -0.05849896
[1] 0.04078839
[1] 0.8425926

  0   1 
 34 182 
[1] 217
[1] -0.0004229119
[1] -0.02610187
[1] "AdaLSE"
[1] 0.04544504
[1] 0.043802
[1] 0.8202765

  0   1 
 39 178 
[1] "Fitting mean A"
[1] "Fitting variance A"
[1] "DR"
[1] 0.03243961
[1] 0.04006074
[1] 0.843318

  0   1 
 34 183 
[1] 218
[1] -0.0004229119
[1] -0.02610187
[1] "AdaLSE"
[1] -0.01286253
[1] 0.04457541
[1] 0.8211009

  0   1 
 39 179 
[1] "Fitting mean A"
[1] "Fitting variance A"
[1] "DR"
[1] -0.01079262
[1] 0.04109772
[1] 0.8440367

  0   1 
 34 184 
[1] 219
[1] -0.0004229119
[1] -0.02610187
[1] "AdaLSE"
[1] -0.0434764
[1] 0.04355643
[1] 0.8219178

  0   1 
 39 180 
[1] "Fitting mean A"
[1] "Fitting variance A"
[1] "DR"
[1] -0.05583755
[1] 0.04085596
[1] 0.8447489

  0   1 
 34 185 
[1] 220
[1] -0.0004229119
[1] -0.02610187
[1] "AdaLSE"
[1] -0.05781842
[1] 0.04616234
[1] 0.8227273

  0   1 
 39 181 
[1] "Fitting mean A"
[1] "Fitting variance A"
[1] "DR"
[1] -0.06243216
[1] 0.04215246
[1] 0.8454545

  0   1 
 34 186 
[1] 221
[1] -0.0004229119
[1] -0.02610187
[1] "AdaLSE"
[1] 0.06235892
[1] 0.04466514
[1] 0.8190045

  0   1 
 40 181 
[1] "Fitting mean A"
[1] "Fitting variance A"
[1] "DR"
[1] 0.04305662
[1] 0.04062968
[1] 0.8461538

  0   1 
 34 187 
[1] 222
[1] -0.0004229119
[1] -0.02610187
[1] "AdaLSE"
[1] -0.009977469
[1] 0.0443228
[1] 0.8198198

  0   1 
 40 182 
[1] "Fitting mean A"
[1] "Fitting variance A"
[1] "DR"
[1] -0.02176048
[1] 0.04016763
[1] 0.8468468

  0   1 
 34 188 
[1] 223
[1] -0.0004229119
[1] -0.02610187
[1] "AdaLSE"
[1] 0.07589911
[1] 0.04025969
[1] 0.8161435

  0   1 
 41 182 
[1] "Fitting mean A"
[1] "Fitting variance A"
[1] "DR"
[1] 0.0692112
[1] 0.03854868
[1] 0.8430493

  0   1 
 35 188 
[1] 224
[1] -0.0004229119
[1] -0.02610187
[1] "AdaLSE"
[1] -0.01181186
[1] 0.04402063
[1] 0.8169643

  0   1 
 41 183 
[1] "Fitting mean A"
[1] "Fitting variance A"
[1] "DR"
[1] -0.01957078
[1] 0.03935095
[1] 0.84375

  0   1 
 35 189 
[1] 225
[1] -0.0004229119
[1] -0.02610187
[1] "AdaLSE"
[1] 0.03270755
[1] 0.03777131
[1] 0.8177778

  0   1 
 41 184 
[1] "Fitting mean A"
[1] "Fitting variance A"
[1] "DR"
[1] 0.02690509
[1] 0.03568776
[1] 0.8444444

  0   1 
 35 190 
[1] 226
[1] -0.0004229119
[1] -0.02610187
[1] "AdaLSE"
[1] -0.02151797
[1] 0.04952988
[1] 0.8185841

  0   1 
 41 185 
[1] "Fitting mean A"
[1] "Fitting variance A"
[1] "DR"
[1] -0.02517702
[1] 0.04478526
[1] 0.8451327

  0   1 
 35 191 
[1] 227
[1] -0.0004229119
[1] -0.02610187
[1] "AdaLSE"
[1] 0.02428183
[1] 0.04791977
[1] 0.8193833

  0   1 
 41 186 
[1] "Fitting mean A"
[1] "Fitting variance A"
[1] "DR"
[1] 0.006219155
[1] 0.04618542
[1] 0.845815

  0   1 
 35 192 
[1] 228
[1] -0.0004229119
[1] -0.02610187
[1] "AdaLSE"
[1] 0.01409952
[1] 0.04484048
[1] 0.8201754

  0   1 
 41 187 
[1] "Fitting mean A"
[1] "Fitting variance A"
[1] "DR"
[1] 0.002079178
[1] 0.04028914
[1] 0.8464912

  0   1 
 35 193 
[1] 229
[1] -0.0004229119
[1] -0.02610187
[1] "AdaLSE"
[1] 0.03044805
[1] 0.04364421
[1] 0.8209607

  0   1 
 41 188 
[1] "Fitting mean A"
[1] "Fitting variance A"
[1] "DR"
[1] -4.479411e-05
[1] 0.03927848
[1] 0.8471616

  0   1 
 35 194 
[1] 230
[1] -0.0004229119
[1] -0.02610187
[1] "AdaLSE"
[1] 0.04148741
[1] 0.0438594
[1] 0.8217391

  0   1 
 41 189 
[1] "Fitting mean A"
[1] "Fitting variance A"
[1] "DR"
[1] 0.01156524
[1] 0.04155897
[1] 0.8478261

  0   1 
 35 195 
[1] 231
[1] -0.0004229119
[1] -0.02610187
[1] "AdaLSE"
[1] -0.02099475
[1] 0.0491459
[1] 0.8225108

  0   1 
 41 190 
[1] "Fitting mean A"
[1] "Fitting variance A"
[1] "DR"
[1] -0.02239361
[1] 0.04594151
[1] 0.8484848

  0   1 
 35 196 
[1] 232
[1] -0.0004229119
[1] -0.02610187
[1] "AdaLSE"
[1] 0.01762039
[1] 0.04063665
[1] 0.8232759

  0   1 
 41 191 
[1] "Fitting mean A"
[1] "Fitting variance A"
[1] "DR"
[1] 0.01318597
[1] 0.03708926
[1] 0.8491379

  0   1 
 35 197 
[1] 233
[1] -0.0004229119
[1] -0.02610187
[1] "AdaLSE"
[1] 0.1358273
[1] 0.04333127
[1] 0.8197425

  0   1 
 42 191 
[1] "Fitting mean A"
[1] "Fitting variance A"
[1] "DR"
[1] 0.1152834
[1] 0.04078331
[1] 0.8454936

  0   1 
 36 197 
[1] 234
[1] -0.0004229119
[1] -0.02610187
[1] "AdaLSE"
[1] -0.03362881
[1] 0.04707486
[1] 0.8205128

  0   1 
 42 192 
[1] "Fitting mean A"
[1] "Fitting variance A"
[1] "DR"
[1] -0.05197624
[1] 0.04244027
[1] 0.8461538

  0   1 
 36 198 
[1] 235
[1] -0.0004229119
[1] -0.02610187
[1] "AdaLSE"
[1] 0.01391383
[1] 0.04409137
[1] 0.8212766

  0   1 
 42 193 
[1] "Fitting mean A"
[1] "Fitting variance A"
[1] "DR"
[1] -0.006877767
[1] 0.04021109
[1] 0.8468085

  0   1 
 36 199 
[1] 236
[1] -0.0004229119
[1] -0.02610187
[1] "AdaLSE"
[1] 0.0742214
[1] 0.03929066
[1] 0.8177966

  0   1 
 43 193 
[1] "Fitting mean A"
[1] "Fitting variance A"
[1] "DR"
[1] 0.06677958
[1] 0.03613619
[1] 0.8432203

  0   1 
 37 199 
[1] 237
[1] -0.0004229119
[1] -0.02610187
[1] "AdaLSE"
[1] 0.05676978
[1] 0.0402973
[1] 0.814346

  0   1 
 44 193 
[1] "Fitting mean A"
[1] "Fitting variance A"
[1] "DR"
[1] 0.04246209
[1] 0.03664112
[1] 0.8438819

  0   1 
 37 200 
[1] 238
[1] -0.0004229119
[1] -0.02610187
[1] "AdaLSE"
[1] -0.02191532
[1] 0.03905672
[1] 0.8151261

  0   1 
 44 194 
[1] "Fitting mean A"
[1] "Fitting variance A"
[1] "DR"
[1] -0.03060784
[1] 0.03551019
[1] 0.8445378

  0   1 
 37 201 
[1] 239
[1] -0.0004229119
[1] -0.02610187
[1] "AdaLSE"
[1] 0.05812157
[1] 0.04734078
[1] 0.8158996

  0   1 
 44 195 
[1] "Fitting mean A"
[1] "Fitting variance A"
[1] "DR"
[1] 0.04810275
[1] 0.04354858
[1] 0.8451883

  0   1 
 37 202 
[1] 240
[1] -0.0004229119
[1] -0.02610187
[1] "AdaLSE"
[1] 0.01429837
[1] 0.04461301
[1] 0.8166667

  0   1 
 44 196 
[1] "Fitting mean A"
[1] "Fitting variance A"
[1] "DR"
[1] 0.007592655
[1] 0.04109244
[1] 0.8458333

  0   1 
 37 203 
[1] 241
[1] -0.0004229119
[1] -0.02610187
[1] "AdaLSE"
[1] 0.05911781
[1] 0.04653285
[1] 0.8174274

  0   1 
 44 197 
[1] "Fitting mean A"
[1] "Fitting variance A"
[1] "DR"
[1] 0.0101277
[1] 0.04171865
[1] 0.846473

  0   1 
 37 204 
[1] 242
[1] -0.0004229119
[1] -0.02610187
[1] "AdaLSE"
[1] 0.1171987
[1] 0.045056
[1] 0.8140496

  0   1 
 45 197 
[1] "Fitting mean A"
[1] "Fitting variance A"
[1] "DR"
[1] 0.1046996
[1] 0.04125815
[1] 0.8429752

  0   1 
 38 204 
[1] 243
[1] -0.0004229119
[1] -0.02610187
[1] "AdaLSE"
[1] -0.01476891
[1] 0.03702331
[1] 0.8148148

  0   1 
 45 198 
[1] "Fitting mean A"
[1] "Fitting variance A"
[1] "DR"
[1] -0.0201256
[1] 0.03222623
[1] 0.8436214

  0   1 
 38 205 
[1] 244
[1] -0.0004229119
[1] -0.02610187
[1] "AdaLSE"
[1] 0.02684878
[1] 0.03781004
[1] 0.8155738

  0   1 
 45 199 
[1] "Fitting mean A"
[1] "Fitting variance A"
[1] "DR"
[1] 0.01466698
[1] 0.03219704
[1] 0.8442623

  0   1 
 38 206 
[1] 245
[1] -0.0004229119
[1] -0.02610187
[1] "AdaLSE"
[1] 0.008798436
[1] 0.05002477
[1] 0.8163265

  0   1 
 45 200 
[1] "Fitting mean A"
[1] "Fitting variance A"
[1] "DR"
[1] -0.007284887
[1] 0.04318911
[1] 0.844898

  0   1 
 38 207 
[1] 246
[1] -0.0004229119
[1] -0.02610187
[1] "AdaLSE"
[1] -0.04428032
[1] 0.04290027
[1] 0.8170732

  0   1 
 45 201 
[1] "Fitting mean A"
[1] "Fitting variance A"
[1] "DR"
[1] -0.05877984
[1] 0.03833687
[1] 0.8455285

  0   1 
 38 208 
[1] 247
[1] -0.0004229119
[1] -0.02610187
[1] "AdaLSE"
[1] 0.01184802
[1] 0.04633438
[1] 0.8178138

  0   1 
 45 202 
[1] "Fitting mean A"
[1] "Fitting variance A"
[1] "DR"
[1] -0.009558729
[1] 0.04231963
[1] 0.8461538

  0   1 
 38 209 
[1] 248
[1] -0.0004229119
[1] -0.02610187
[1] "AdaLSE"
[1] 0.02720745
[1] 0.04447923
[1] 0.8185484

  0   1 
 45 203 
[1] "Fitting mean A"
[1] "Fitting variance A"
[1] "DR"
[1] 0.009206286
[1] 0.0408363
[1] 0.8467742

  0   1 
 38 210 
[1] 249
[1] -0.0004229119
[1] -0.02610187
[1] "AdaLSE"
[1] 0.04261315
[1] 0.04669669
[1] 0.8192771

  0   1 
 45 204 
[1] "Fitting mean A"
[1] "Fitting variance A"
[1] "DR"
[1] 0.02352351
[1] 0.04031039
[1] 0.8473896

  0   1 
 38 211 
[1] 250
[1] -0.0004229119
[1] -0.02610187
[1] "AdaLSE"
[1] -0.007348145
[1] 0.04547723
[1] 0.82

  0   1 
 45 205 
[1] "Fitting mean A"
[1] "Fitting variance A"
[1] "DR"
[1] -0.01015195
[1] 0.04247237
[1] 0.848

  0   1 
 38 212 
[1] 251
[1] -0.0004229119
[1] -0.02610187
[1] "AdaLSE"
[1] 0.05001142
[1] 0.04565726
[1] 0.8207171

  0   1 
 45 206 
[1] "Fitting mean A"
[1] "Fitting variance A"
[1] "DR"
[1] 0.01493174
[1] 0.04189165
[1] 0.8486056

  0   1 
 38 213 
[1] 252
[1] -0.0004229119
[1] -0.02610187
[1] "AdaLSE"
[1] 0.009725674
[1] 0.04477045
[1] 0.8214286

  0   1 
 45 207 
[1] "Fitting mean A"
[1] "Fitting variance A"
[1] "DR"
[1] 0.001922721
[1] 0.04100914
[1] 0.8492063

  0   1 
 38 214 
[1] 253
[1] -0.0004229119
[1] -0.02610187
[1] "AdaLSE"
[1] 0.009427068
[1] 0.04754354
[1] 0.8221344

  0   1 
 45 208 
[1] "Fitting mean A"
[1] "Fitting variance A"
[1] "DR"
[1] -0.003212188
[1] 0.04262805
[1] 0.8498024

  0   1 
 38 215 
[1] 254
[1] -0.0004229119
[1] -0.02610187
[1] "AdaLSE"
[1] -0.05737479
[1] 0.04513738
[1] 0.8228346

  0   1 
 45 209 
[1] "Fitting mean A"
[1] "Fitting variance A"
[1] "DR"
[1] -0.07691511
[1] 0.04023716
[1] 0.8503937

  0   1 
 38 216 
[1] 255
[1] -0.0004229119
[1] -0.02610187
[1] "AdaLSE"
[1] 0.03853315
[1] 0.04892621
[1] 0.8235294

  0   1 
 45 210 
[1] "Fitting mean A"
[1] "Fitting variance A"
[1] "DR"
[1] 0.02652393
[1] 0.04307373
[1] 0.8509804

  0   1 
 38 217 
[1] 256
[1] -0.0004229119
[1] -0.02610187
[1] "AdaLSE"
[1] 0.0538122
[1] 0.04718323
[1] 0.8242188

  0   1 
 45 211 
[1] "Fitting mean A"
[1] "Fitting variance A"
[1] "DR"
[1] 0.008852352
[1] 0.04378025
[1] 0.8515625

  0   1 
 38 218 
[1] 257
[1] -0.0004229119
[1] -0.02610187
[1] "AdaLSE"
[1] 0.04547419
[1] 0.04623084
[1] 0.8249027

  0   1 
 45 212 
[1] "Fitting mean A"
[1] "Fitting variance A"
[1] "DR"
[1] 0.02573752
[1] 0.04205549
[1] 0.8521401

  0   1 
 38 219 
[1] 258
[1] -0.0004229119
[1] -0.02610187
[1] "AdaLSE"
[1] 0.003565366
[1] 0.03889062
[1] 0.8255814

  0   1 
 45 213 
[1] "Fitting mean A"
[1] "Fitting variance A"
[1] "DR"
[1] -0.0005905316
[1] 0.03470194
[1] 0.8527132

  0   1 
 38 220 
[1] 259
[1] -0.0004229119
[1] -0.02610187
[1] "AdaLSE"
[1] 0.01209557
[1] 0.04635544
[1] 0.8262548

  0   1 
 45 214 
[1] "Fitting mean A"
[1] "Fitting variance A"
