LOADING R
R LOADED
[1] "/home/lvanderl/Rlibs2"                         
[2] "/app/software/R/4.2.2-foss-2021b/lib/R/library"
[1] "/home/lvanderl/sieveSims"
[1] 1
[1] 0.03627813
[1] 0.002942111
[1] "AdaLSE"
[1] -0.0921936
[1] 0.04383321
[1] 0

0 
1 
[1] "Fitting mean A"
[1] "Fitting variance A"
[1] "DR"
[1] -0.006985093
[1] 0.1604723
[1] 1

1 
1 
[1] "se comparison"
[1] NA
[1] NA
[1] 2
[1] 0.03627813
[1] 0.002942111
[1] "AdaLSE"
[1] -0.01244326
[1] 0.045169
[1] 0.5

0 1 
1 1 
[1] "Fitting mean A"
[1] "Fitting variance A"
[1] "DR"
[1] 0.04825252
[1] 0.06680008
[1] 1

1 
2 
[1] "se comparison"
[1] 0.056392
[1] 0.03905889
[1] 3
[1] 0.03627813
[1] 0.002942111
[1] "AdaLSE"
[1] 0.06541598
[1] 0.04257769
[1] 0.6666667

0 1 
1 2 
[1] "Fitting mean A"
[1] "Fitting variance A"
[1] "DR"
[1] 0.3444833
[1] 0.3251241
[1] 1

1 
3 
[1] "se comparison"
[1] 0.07880668
[1] 0.1890035
[1] 4
[1] 0.03627813
[1] 0.002942111
[1] "AdaLSE"
[1] -0.03624231
[1] 0.04664407
[1] 0.75

0 1 
1 3 
[1] "Fitting mean A"
[1] "Fitting variance A"
[1] "DR"
[1] 0.5491896
[1] 0.5273662
[1] 1

1 
4 
[1] "se comparison"
[1] 0.06537986
[1] 0.2608491
[1] 5
[1] 0.03627813
[1] 0.002942111
[1] "AdaLSE"
[1] 0.006968862
[1] 0.04814998
[1] 0.8

0 1 
1 4 
[1] "Fitting mean A"
[1] "Fitting variance A"
[1] "DR"
[1] 0.1077634
[1] 0.09218686
[1] 1

1 
5 
[1] "se comparison"
[1] 0.05778737
[1] 0.2328206
[1] 6
[1] 0.03627813
[1] 0.002942111
[1] "AdaLSE"
[1] -0.02128721
[1] 0.04362225
[1] 0.8333333

0 1 
1 5 
[1] "Fitting mean A"
[1] "Fitting variance A"
[1] "DR"
[1] 0.03775772
[1] 0.1384928
[1] 1

1 
6 
[1] "se comparison"
[1] 0.05177935
[1] 0.2196031
[1] 7
[1] 0.03627813
[1] 0.002942111
[1] "AdaLSE"
[1] -0.08119935
[1] 0.04539796
[1] 0.8571429

0 1 
1 6 
[1] "Fitting mean A"
[1] "Fitting variance A"
[1] "DR"
[1] 1.213808
[1] 0.9614368
[1] 1

1 
7 
[1] "se comparison"
[1] 0.05348823
[1] 0.4391412
[1] 8
[1] 0.03627813
[1] 0.002942111
[1] "AdaLSE"
[1] 0.02028989
[1] 0.04379894
[1] 0.875

0 1 
1 7 
[1] "Fitting mean A"
[1] "Fitting variance A"
[1] "DR"
[1] 0.1120178
[1] 0.1210846
[1] 1

1 
8 
[1] "se comparison"
[1] 0.05198283
[1] 0.4136586
[1] 9
[1] 0.03627813
[1] 0.002942111
[1] "AdaLSE"
[1] -0.02804567
[1] 0.0440903
[1] 0.8888889

0 1 
1 8 
[1] "Fitting mean A"
[1] "Fitting variance A"
[1] "DR"
[1] 0.2315687
[1] 0.1989006
[1] 1

1 
9 
[1] "se comparison"
[1] 0.04872229
[1] 0.3876294
[1] 10
[1] 0.03627813
[1] 0.002942111
[1] "AdaLSE"
[1] -0.003581559
[1] 0.04591879
[1] 0.9

0 1 
1 9 
[1] "Fitting mean A"
[1] "Fitting variance A"
[1] "DR"
[1] 0.9861692
[1] 0.6152018
[1] 1

 1 
10 
[1] "se comparison"
[1] 0.04622333
[1] 0.4261415
[1] 11
[1] 0.03627813
[1] 0.002942111
[1] "AdaLSE"
[1] -0.04583996
[1] 0.0440252
[1] 0.9090909

 0  1 
 1 10 
[1] "Fitting mean A"
[1] "Fitting variance A"
[1] "DR"
[1] 0.0365089
[1] 0.1034947
[1] 1

 1 
11 
[1] "se comparison"
[1] 0.04463439
[1] 0.4160433
[1] 12
[1] 0.03627813
[1] 0.002942111
[1] "AdaLSE"
[1] 0.03034239
[1] 0.04307236
[1] 0.9166667

 0  1 
 1 11 
[1] "Fitting mean A"
[1] "Fitting variance A"
[1] "DR"
[1] -0.3862667
[1] 0.5843262
[1] 1

 1 
12 
[1] "se comparison"
[1] 0.04503978
[1] 0.447707
[1] 13
[1] 0.03627813
[1] 0.002942111
[1] "AdaLSE"
[1] 0.04965841
[1] 0.04624077
[1] 0.9230769

 0  1 
 1 12 
[1] "Fitting mean A"
[1] "Fitting variance A"
[1] "DR"
[1] 0.2577011
[1] 0.1741891
[1] 1

 1 
13 
[1] "se comparison"
[1] 0.04686219
[1] 0.4286675
[1] 14
[1] 0.03627813
[1] 0.002942111
[1] "AdaLSE"
[1] 0.007463076
[1] 0.04568324
[1] 0.9285714

 0  1 
 1 13 
[1] "Fitting mean A"
[1] "Fitting variance A"
[1] "DR"
[1] 0.1041978
[1] 0.1680626
[1] 1

 1 
14 
[1] "se comparison"
[1] 0.045305
[1] 0.414276
[1] 15
[1] 0.03627813
[1] 0.002942111
[1] "AdaLSE"
[1] 0.05864464
[1] 0.04408021
[1] 0.9333333

 0  1 
 1 14 
[1] "Fitting mean A"
[1] "Fitting variance A"
[1] "DR"
[1] 0.008695495
[1] 0.1230253
[1] 1

 1 
15 
[1] "se comparison"
[1] 0.04712246
[1] 0.4044339
[1] 16
[1] 0.03627813
[1] 0.002942111
[1] "AdaLSE"
[1] 0.03686899
[1] 0.0439661
[1] 0.9375

 0  1 
 1 15 
[1] "Fitting mean A"
[1] "Fitting variance A"
[1] "DR"
[1] 0.2438517
[1] 0.1026607
[1] 0.9375

 0  1 
 1 15 
[1] "se comparison"
[1] 0.04673893
[1] 0.3907203
[1] 17
[1] 0.03627813
[1] 0.002942111
[1] "AdaLSE"
[1] 0.07198514
[1] 0.0470981
[1] 0.9411765

 0  1 
 1 16 
[1] "Fitting mean A"
[1] "Fitting variance A"
[1] "DR"
[1] 0.3224236
[1] 0.1411569
[1] 0.8823529

 0  1 
 2 15 
[1] "se comparison"
[1] 0.04875647
[1] 0.3788029
[1] 18
[1] 0.03627813
[1] 0.002942111
[1] "AdaLSE"
[1] 0.06116206
[1] 0.0454308
[1] 0.9444444

 0  1 
 1 17 
[1] "Fitting mean A"
[1] "Fitting variance A"
[1] "DR"
[1] 0.03641762
[1] 0.3576541
[1] 0.8888889

 0  1 
 2 16 
[1] "se comparison"
[1] 0.0493417
[1] 0.3708521
[1] 19
[1] 0.03627813
[1] 0.002942111
[1] "AdaLSE"
[1] -0.05406522
[1] 0.04218222
[1] 0.9473684

 0  1 
 1 18 
[1] "Fitting mean A"
[1] "Fitting variance A"
[1] "DR"
[1] 0.06000381
[1] 0.2493848
[1] 0.8947368

 0  1 
 2 17 
[1] "se comparison"
[1] 0.0498223
[1] 0.3626575
[1] 20
[1] 0.03627813
[1] 0.002942111
[1] "AdaLSE"
[1] 0.00934459
[1] 0.04221398
[1] 0.95

 0  1 
 1 19 
[1] "Fitting mean A"
[1] "Fitting variance A"
[1] "DR"
[1] 0.4181796
[1] 0.3851338
[1] 0.9

 0  1 
 2 18 
[1] "se comparison"
[1] 0.04852293
[1] 0.3555717
[1] 21
[1] 0.03627813
[1] 0.002942111
[1] "AdaLSE"
[1] 0.03632282
[1] 0.04603618
[1] 0.952381

 0  1 
 1 20 
[1] "Fitting mean A"
[1] "Fitting variance A"
[1] "DR"
[1] 0.07084488
[1] 0.1687381
[1] 0.9047619

 0  1 
 2 19 
[1] "se comparison"
[1] 0.04787817
[1] 0.3484438
[1] 22
[1] 0.03627813
[1] 0.002942111
[1] "AdaLSE"
[1] -0.07079225
[1] 0.04440434
[1] 0.9545455

 0  1 
 1 21 
[1] "Fitting mean A"
[1] "Fitting variance A"
[1] "DR"
[1] 0.05469532
[1] 0.09942789
[1] 0.9090909

 0  1 
 2 20 
[1] "se comparison"
[1] 0.04935581
[1] 0.3420572
[1] 23
[1] 0.03627813
[1] 0.002942111
[1] "AdaLSE"
[1] 0.03638718
[1] 0.04782256
[1] 0.9565217

 0  1 
 1 22 
[1] "Fitting mean A"
[1] "Fitting variance A"
[1] "DR"
[1] 0.004676127
[1] 0.269351
[1] 0.9130435

 0  1 
 2 21 
[1] "se comparison"
[1] 0.04880143
[1] 0.3372096
[1] 24
[1] 0.03627813
[1] 0.002942111
[1] "AdaLSE"
[1] -0.02711248
[1] 0.04541134
[1] 0.9583333

 0  1 
 1 23 
[1] "Fitting mean A"
[1] "Fitting variance A"
[1] "DR"
[1] 0.02150773
[1] 0.1328605
[1] 0.9166667

 0  1 
 2 22 
[1] "se comparison"
[1] 0.04809635
[1] 0.332061
[1] 25
[1] 0.03627813
[1] 0.002942111
[1] "AdaLSE"
[1] -0.06085506
[1] 0.04227698
[1] 0.96

 0  1 
 1 24 
[1] "Fitting mean A"
[1] "Fitting variance A"
[1] "DR"
[1] 0.3988314
[1] 0.3356921
[1] 0.92

 0  1 
 2 23 
[1] "se comparison"
[1] 0.0486692
[1] 0.327415
[1] 26
[1] 0.03627813
[1] 0.002942111
[1] "AdaLSE"
[1] -0.06122275
[1] 0.04240106
[1] 0.9615385

 0  1 
 1 25 
[1] "Fitting mean A"
[1] "Fitting variance A"
[1] "DR"
[1] 0.08717254
[1] 0.2022785
[1] 0.9230769

 0  1 
 2 24 
[1] "se comparison"
[1] 0.04909333
[1] 0.3217185
[1] 27
[1] 0.03627813
[1] 0.002942111
[1] "AdaLSE"
[1] 0.08608929
[1] 0.04504148
[1] 0.962963

 0  1 
 1 26 
[1] "Fitting mean A"
[1] "Fitting variance A"
[1] "DR"
[1] 0.2023393
[1] 0.2044565
[1] 0.9259259

 0  1 
 2 25 
[1] "se comparison"
[1] 0.05116697
[1] 0.3154719
[1] 28
[1] 0.03627813
[1] 0.002942111
[1] "AdaLSE"
[1] -0.03391499
[1] 0.04473144
[1] 0.9642857

 0  1 
 1 27 
[1] "Fitting mean A"
[1] "Fitting variance A"
[1] "DR"
[1] -0.05722891
[1] 0.1538789
[1] 0.9285714

 0  1 
 2 26 
[1] "se comparison"
[1] 0.05060217
[1] 0.3135503
[1] 29
[1] 0.03627813
[1] 0.002942111
[1] "AdaLSE"
[1] -0.002656926
[1] 0.0428942
[1] 0.9655172

 0  1 
 1 28 
[1] "Fitting mean A"
[1] "Fitting variance A"
[1] "DR"
[1] 0.2759301
[1] 0.1331792
[1] 0.8965517

 0  1 
 3 26 
[1] "se comparison"
[1] 0.04969057
[1] 0.3082513
[1] 30
[1] 0.03627813
[1] 0.002942111
[1] "AdaLSE"
[1] 0.01581952
[1] 0.04304991
[1] 0.9666667

 0  1 
 1 29 
[1] "Fitting mean A"
[1] "Fitting variance A"
[1] "DR"
[1] 0.1055403
[1] 0.06071473
[1] 0.9

 0  1 
 3 27 
[1] "se comparison"
[1] 0.04893314
[1] 0.303375
[1] 31
[1] 0.03627813
[1] 0.002942111
[1] "AdaLSE"
[1] 0.07315691
[1] 0.0493502
[1] 0.9677419

 0  1 
 1 30 
[1] "Fitting mean A"
[1] "Fitting variance A"
[1] "DR"
[1] 0.5502498
[1] 0.4132404
[1] 0.9032258

 0  1 
 3 28 
[1] "se comparison"
[1] 0.04993416
[1] 0.3049738
[1] 32
[1] 0.03627813
[1] 0.002942111
[1] "AdaLSE"
[1] 0.05681361
[1] 0.04166385
[1] 0.96875

 0  1 
 1 31 
[1] "Fitting mean A"
[1] "Fitting variance A"
[1] "DR"
[1] 0.3716622
[1] 0.2113333
[1] 0.90625

 0  1 
 3 29 
[1] "se comparison"
[1] 0.05009937
[1] 0.3014105
[1] 33
[1] 0.03627813
[1] 0.002942111
[1] "AdaLSE"
[1] -0.05212095
[1] 0.04445525
[1] 0.969697

 0  1 
 1 32 
[1] "Fitting mean A"
[1] "Fitting variance A"
[1] "DR"
[1] -0.0417021
[1] 0.2717739
[1] 0.9090909

 0  1 
 3 30 
[1] "se comparison"
[1] 0.05023036
[1] 0.2999553
[1] 34
[1] 0.03627813
[1] 0.002942111
[1] "AdaLSE"
[1] 0.01745971
[1] 0.04368884
[1] 0.9705882

 0  1 
 1 33 
[1] "Fitting mean A"
[1] "Fitting variance A"
[1] "DR"
[1] 0.02130108
[1] 0.1695954
[1] 0.9117647

 0  1 
 3 31 
[1] "se comparison"
[1] 0.04954211
[1] 0.2970538
[1] 35
[1] 0.03627813
[1] 0.002942111
[1] "AdaLSE"
[1] -0.0138361
[1] 0.04208232
[1] 0.9714286

 0  1 
 1 34 
[1] "Fitting mean A"
[1] "Fitting variance A"
[1] "DR"
[1] -0.2343999
[1] 0.334439
[1] 0.9142857

 0  1 
 3 32 
[1] "se comparison"
[1] 0.04887839
[1] 0.3017135
[1] 36
[1] 0.03627813
[1] 0.002942111
[1] "AdaLSE"
[1] 0.04617905
[1] 0.04269132
[1] 0.9722222

 0  1 
 1 35 
[1] "Fitting mean A"
[1] "Fitting variance A"
[1] "DR"
[1] 0.01397398
[1] 0.05924715
[1] 0.9166667

 0  1 
 3 33 
[1] "se comparison"
[1] 0.04875427
[1] 0.2987726
[1] 37
[1] 0.03627813
[1] 0.002942111
[1] "AdaLSE"
[1] -0.05444889
[1] 0.044169
[1] 0.972973

 0  1 
 1 36 
[1] "Fitting mean A"
[1] "Fitting variance A"
[1] "DR"
[1] 0.03543626
[1] 0.1852866
[1] 0.9189189

 0  1 
 3 34 
[1] "se comparison"
[1] 0.04897465
[1] 0.2955846
[1] 38
[1] 0.03627813
[1] 0.002942111
[1] "AdaLSE"
[1] 0.07848127
[1] 0.04619478
[1] 0.9736842

 0  1 
 1 37 
[1] "Fitting mean A"
[1] "Fitting variance A"
[1] "DR"
[1] 1.264206
[1] 0.7541803
[1] 0.9210526

 0  1 
 3 35 
[1] "se comparison"
[1] 0.04991942
[1] 0.3406254
[1] 39
[1] 0.03627813
[1] 0.002942111
[1] "AdaLSE"
[1] 0.05930359
[1] 0.04340543
[1] 0.974359

 0  1 
 1 38 
[1] "Fitting mean A"
[1] "Fitting variance A"
[1] "DR"
[1] 0.08303579
[1] 0.1470071
[1] 0.9230769

 0  1 
 3 36 
[1] "se comparison"
[1] 0.05007726
[1] 0.3367004
[1] 40
[1] 0.03627813
[1] 0.002942111
[1] "AdaLSE"
[1] -0.06298838
[1] 0.04296412
[1] 0.975

 0  1 
 1 39 
[1] "Fitting mean A"
[1] "Fitting variance A"
[1] "DR"
[1] -0.01075782
[1] 0.06847316
[1] 0.925

 0  1 
 3 37 
[1] "se comparison"
[1] 0.050567
[1] 0.334085
[1] 41
[1] 0.03627813
[1] 0.002942111
[1] "AdaLSE"
[1] -0.006693855
[1] 0.04379331
[1] 0.9756098

 0  1 
 1 40 
[1] "Fitting mean A"
[1] "Fitting variance A"
[1] "DR"
[1] -0.1857827
[1] 0.3578312
[1] 0.9268293

 0  1 
 3 38 
[1] "se comparison"
[1] 0.04995261
[1] 0.3352994
[1] 42
[1] 0.03627813
[1] 0.002942111
[1] "AdaLSE"
[1] -0.03927384
[1] 0.04496677
[1] 0.9761905

 0  1 
 1 41 
[1] "Fitting mean A"
[1] "Fitting variance A"
[1] "DR"
[1] 0.01365188
[1] 0.1970501
[1] 0.9285714

 0  1 
 3 39 
[1] "se comparison"
[1] 0.04975899
[1] 0.332291
[1] 43
[1] 0.03627813
[1] 0.002942111
[1] "AdaLSE"
[1] 0.04445943
[1] 0.04486384
[1] 0.9767442

 0  1 
 1 42 
[1] "Fitting mean A"
[1] "Fitting variance A"
[1] "DR"
[1] 0.4216973
[1] 0.2108678
[1] 0.9069767

 0  1 
 4 39 
[1] "se comparison"
[1] 0.04959747
[1] 0.3302893
[1] 44
[1] 0.03627813
[1] 0.002942111
[1] "AdaLSE"
[1] -0.01343057
[1] 0.04597328
[1] 0.9772727

 0  1 
 1 43 
[1] "Fitting mean A"
[1] "Fitting variance A"
[1] "DR"
[1] -0.03319636
[1] 0.1088422
[1] 0.9090909

 0  1 
 4 40 
[1] "se comparison"
[1] 0.04907621
[1] 0.3281639
[1] 45
[1] 0.03627813
[1] 0.002942111
[1] "AdaLSE"
[1] 0.04186225
[1] 0.04542006
[1] 0.9777778

 0  1 
 1 44 
[1] "Fitting mean A"
[1] "Fitting variance A"
[1] "DR"
[1] -0.1315034
[1] 0.2705742
[1] 0.9111111

 0  1 
 4 41 
[1] "se comparison"
[1] 0.04887526
[1] 0.3278358
[1] 46
[1] 0.03627813
[1] 0.002942111
[1] "AdaLSE"
[1] 0.04272613
[1] 0.04683817
[1] 0.9782609

 0  1 
 1 45 
[1] "Fitting mean A"
[1] "Fitting variance A"
[1] "DR"
[1] 0.4585889
[1] 0.1934428
[1] 0.8913043

 0  1 
 5 41 
[1] "se comparison"
[1] 0.04868231
[1] 0.3267945
[1] 47
[1] 0.03627813
[1] 0.002942111
[1] "AdaLSE"
[1] 0.0461544
[1] 0.0418844
[1] 0.9787234

 0  1 
 1 46 
[1] "Fitting mean A"
[1] "Fitting variance A"
[1] "DR"
[1] 0.1664489
[1] 0.1462881
[1] 0.893617

 0  1 
 5 42 
[1] "se comparison"
[1] 0.0485433
[1] 0.3232336
[1] 48
[1] 0.03627813
[1] 0.002942111
[1] "AdaLSE"
[1] 0.04129476
[1] 0.04162203
[1] 0.9791667

 0  1 
 1 47 
[1] "Fitting mean A"
[1] "Fitting variance A"
[1] "DR"
[1] 0.05770542
[1] 0.07426817
[1] 0.8958333

 0  1 
 5 43 
[1] "se comparison"
[1] 0.04831229
[1] 0.3202965
[1] 49
[1] 0.03627813
[1] 0.002942111
[1] "AdaLSE"
[1] -0.0489305
[1] 0.04321712
[1] 0.9795918

 0  1 
 1 48 
[1] "Fitting mean A"
[1] "Fitting variance A"
[1] "DR"
[1] -0.05929451
[1] 0.07452148
[1] 0.8979592

 0  1 
 5 44 
[1] "se comparison"
[1] 0.04843578
[1] 0.3188033
[1] 50
[1] 0.03627813
[1] 0.002942111
[1] "AdaLSE"
[1] 0.0695234
[1] 0.04447107
[1] 0.98

 0  1 
 1 49 
[1] "Fitting mean A"
[1] "Fitting variance A"
[1] "DR"
[1] 0.2554129
[1] 0.1138984
[1] 0.88

 0  1 
 6 44 
[1] "se comparison"
[1] 0.04881463
[1] 0.3157305
[1] 51
[1] 0.03627813
[1] 0.002942111
[1] "AdaLSE"
[1] 0.00349543
[1] 0.04620374
[1] 0.9803922

 0  1 
 1 50 
[1] "Fitting mean A"
[1] "Fitting variance A"
[1] "DR"
[1] 0.08342175
[1] 0.1332298
[1] 0.8823529

 0  1 
 6 45 
[1] "se comparison"
[1] 0.04832504
[1] 0.3128385
[1] 52
[1] 0.03627813
[1] 0.002942111
[1] "AdaLSE"
[1] -0.03486549
[1] 0.04449606
[1] 0.9807692

 0  1 
 1 51 
[1] "Fitting mean A"
[1] "Fitting variance A"
[1] "DR"
[1] 0.09224218
[1] 0.2448282
[1] 0.8846154

 0  1 
 6 46 
[1] "se comparison"
[1] 0.0481784
[1] 0.3099754
[1] 53
[1] 0.03627813
[1] 0.002942111
[1] "AdaLSE"
[1] 0.002394027
[1] 0.0441773
[1] 0.9811321

 0  1 
 1 52 
[1] "Fitting mean A"
[1] "Fitting variance A"
[1] "DR"
[1] 0.08053725
[1] 0.108963
[1] 0.8867925

 0  1 
 6 47 
[1] "se comparison"
[1] 0.04771416
[1] 0.3072525
[1] 54
[1] 0.03627813
[1] 0.002942111
[1] "AdaLSE"
[1] 0.05034383
[1] 0.04578838
[1] 0.9814815

 0  1 
 1 53 
[1] "Fitting mean A"
[1] "Fitting variance A"
[1] "DR"
[1] 0.6733948
[1] 0.5701895
[1] 0.8888889

 0  1 
 6 48 
[1] "se comparison"
[1] 0.04766531
[1] 0.3118685
[1] 55
[1] 0.03627813
[1] 0.002942111
[1] "AdaLSE"
[1] -0.01553087
[1] 0.04483087
[1] 0.9818182

 0  1 
 1 54 
[1] "Fitting mean A"
[1] "Fitting variance A"
[1] "DR"
[1] -0.001182139
[1] 0.04452999
[1] 0.8909091

 0  1 
 6 49 
[1] "se comparison"
[1] 0.04730869
[1] 0.3099548
[1] 56
[1] 0.03627813
[1] 0.002942111
[1] "AdaLSE"
[1] -0.03460986
[1] 0.04240913
[1] 0.9821429

 0  1 
 1 55 
[1] "Fitting mean A"
[1] "Fitting variance A"
[1] "DR"
[1] 0.2393352
[1] 0.281461
[1] 0.8928571

 0  1 
 6 50 
[1] "se comparison"
[1] 0.04717941
[1] 0.3072305
[1] 57
[1] 0.03627813
[1] 0.002942111
[1] "AdaLSE"
[1] -0.005184341
[1] 0.04440265
[1] 0.9824561

 0  1 
 1 56 
[1] "Fitting mean A"
[1] "Fitting variance A"
[1] "DR"
[1] 0.1599025
[1] 0.2038438
[1] 0.8947368

 0  1 
 6 51 
[1] "se comparison"
[1] 0.04677426
[1] 0.3044865
[1] 58
[1] 0.03627813
[1] 0.002942111
[1] "AdaLSE"
[1] -0.04424044
[1] 0.04283511
[1] 0.9827586

 0  1 
 1 57 
[1] "Fitting mean A"
[1] "Fitting variance A"
[1] "DR"
[1] -0.08127959
[1] 0.05679158
[1] 0.8965517

 0  1 
 6 52 
[1] "se comparison"
[1] 0.04680071
[1] 0.3037408
[1] 59
[1] 0.03627813
[1] 0.002942111
[1] "AdaLSE"
[1] 0.003228684
[1] 0.04373172
[1] 0.9830508

 0  1 
 1 58 
[1] "Fitting mean A"
[1] "Fitting variance A"
[1] "DR"
[1] 0.02058831
[1] 0.1000174
[1] 0.8983051

 0  1 
 6 53 
[1] "se comparison"
[1] 0.04639552
[1] 0.3017818
[1] 60
[1] 0.03627813
[1] 0.002942111
[1] "AdaLSE"
[1] -0.006624472
[1] 0.04404003
[1] 0.9833333

 0  1 
 1 59 
[1] "Fitting mean A"
[1] "Fitting variance A"
[1] "DR"
[1] 0.2900258
[1] 0.2728596
[1] 0.9

 0  1 
 6 54 
[1] "se comparison"
[1] 0.04601957
[1] 0.2995982
[1] 61
[1] 0.03627813
[1] 0.002942111
[1] "AdaLSE"
[1] -0.001959786
[1] 0.04325228
[1] 0.9836066

 0  1 
 1 60 
[1] "Fitting mean A"
[1] "Fitting variance A"
[1] "DR"
[1] 0.1624928
[1] 0.1752764
[1] 0.9016393

 0  1 
 6 55 
[1] "se comparison"
[1] 0.04563967
[1] 0.297095
[1] 62
[1] 0.03627813
[1] 0.002942111
[1] "AdaLSE"
[1] -0.04271724
[1] 0.04188419
[1] 0.983871

 0  1 
 1 61 
[1] "Fitting mean A"
[1] "Fitting variance A"
[1] "DR"
[1] -0.141454
[1] 0.1634523
[1] 0.9032258

 0  1 
 6 56 
[1] "se comparison"
[1] 0.04564032
[1] 0.2973643
[1] 63
[1] 0.03627813
[1] 0.002942111
[1] "AdaLSE"
[1] 0.02708614
[1] 0.04486629
[1] 0.984127

 0  1 
 1 62 
[1] "Fitting mean A"
[1] "Fitting variance A"
[1] "DR"
[1] 0.2532775
[1] 0.1872145
[1] 0.9047619

 0  1 
 6 57 
[1] "se comparison"
[1] 0.04537581
[1] 0.295147
[1] 64
[1] 0.03627813
[1] 0.002942111
[1] "AdaLSE"
[1] -0.07299952
[1] 0.04314543
[1] 0.984375

 0  1 
 1 63 
[1] "Fitting mean A"
[1] "Fitting variance A"
[1] "DR"
[1] 0.1388539
[1] 0.3193953
[1] 0.90625

 0  1 
 6 58 
[1] "se comparison"
[1] 0.04600529
[1] 0.2928218
[1] 65
[1] 0.03627813
[1] 0.002942111
[1] "AdaLSE"
[1] 0.01028568
[1] 0.04591953
[1] 0.9846154

 0  1 
 1 64 
[1] "Fitting mean A"
[1] "Fitting variance A"
[1] "DR"
[1] 0.2880089
[1] 0.1516659
[1] 0.9076923

 0  1 
 6 59 
[1] "se comparison"
[1] 0.04565661
[1] 0.2908939
[1] 66
[1] 0.03627813
[1] 0.002942111
[1] "AdaLSE"
[1] -0.03202822
[1] 0.04172749
[1] 0.9848485

 0  1 
 1 65 
[1] "Fitting mean A"
[1] "Fitting variance A"
[1] "DR"
[1] 0.2000331
[1] 0.3190127
[1] 0.9090909

 0  1 
 6 60 
[1] "se comparison"
[1] 0.04549641
[1] 0.2886686
[1] 67
[1] 0.03627813
[1] 0.002942111
[1] "AdaLSE"
[1] 0.008815116
[1] 0.04269501
[1] 0.9850746

 0  1 
 1 66 
[1] "Fitting mean A"
[1] "Fitting variance A"
[1] "DR"
[1] 0.6272906
[1] 0.4791308
[1] 0.9104478

 0  1 
 6 61 
[1] "se comparison"
[1] 0.04515948
[1] 0.2918188
[1] 68
[1] 0.03627813
[1] 0.002942111
[1] "AdaLSE"
[1] 0.01441481
[1] 0.04736362
[1] 0.9852941

 0  1 
 1 67 
[1] "Fitting mean A"
[1] "Fitting variance A"
[1] "DR"
[1] 0.1205967
[1] 0.1115601
[1] 0.9117647

 0  1 
 6 62 
[1] "se comparison"
[1] 0.04484847
[1] 0.2897194
[1] 69
[1] 0.03627813
[1] 0.002942111
[1] "AdaLSE"
[1] -0.06659378
[1] 0.04592217
[1] 0.9855072

 0  1 
 1 68 
[1] "Fitting mean A"
[1] "Fitting variance A"
[1] "DR"
[1] 0.3601456
[1] 0.3340831
[1] 0.9130435

 0  1 
 6 63 
[1] "se comparison"
[1] 0.04527054
[1] 0.2884148
[1] 70
[1] 0.03627813
[1] 0.002942111
[1] "AdaLSE"
[1] -0.009380838
[1] 0.04258047
[1] 0.9857143

 0  1 
 1 69 
[1] "Fitting mean A"
[1] "Fitting variance A"
[1] "DR"
[1] 0.4442923
[1] 0.344896
[1] 0.9142857

 0  1 
 6 64 
[1] "se comparison"
[1] 0.04495751
[1] 0.2880444
[1] 71
[1] 0.03627813
[1] 0.002942111
[1] "AdaLSE"
[1] -0.05595315
[1] 0.04251312
[1] 0.9859155

 0  1 
 1 70 
[1] "Fitting mean A"
[1] "Fitting variance A"
[1] "DR"
[1] 0.5956289
[1] 0.5504091
[1] 0.915493

 0  1 
 6 65 
[1] "se comparison"
[1] 0.04513659
[1] 0.2901114
[1] 72
[1] 0.03627813
[1] 0.002942111
[1] "AdaLSE"
[1] 0.0330229
[1] 0.04363576
[1] 0.9861111

 0  1 
 1 71 
[1] "Fitting mean A"
[1] "Fitting variance A"
[1] "DR"
[1] 0.19653
[1] 0.1805313
[1] 0.9166667

 0  1 
 6 66 
[1] "se comparison"
[1] 0.0449885
[1] 0.288062
[1] 73
[1] 0.03627813
[1] 0.002942111
[1] "AdaLSE"
[1] -0.07200435
[1] 0.04486342
[1] 0.9863014

 0  1 
 1 72 
[1] "Fitting mean A"
[1] "Fitting variance A"
[1] "DR"
[1] 0.03741187
[1] 0.1911697
[1] 0.9178082

 0  1 
 6 67 
[1] "se comparison"
[1] 0.04546817
[1] 0.2866145
[1] 74
[1] 0.03627813
[1] 0.002942111
[1] "AdaLSE"
[1] -0.005672399
[1] 0.04178814
[1] 0.9864865

 0  1 
 1 73 
[1] "Fitting mean A"
[1] "Fitting variance A"
[1] "DR"
[1] 0.4699557
[1] 0.4812914
[1] 0.9189189

 0  1 
 6 68 
[1] "se comparison"
[1] 0.0451593
[1] 0.2865214
[1] 75
[1] 0.03627813
[1] 0.002942111
[1] "AdaLSE"
[1] 0.03241795
[1] 0.04514232
[1] 0.9866667

 0  1 
 1 74 
[1] "Fitting mean A"
[1] "Fitting variance A"
[1] "DR"
[1] 0.2185084
[1] 0.219454
[1] 0.92

 0  1 
 6 69 
[1] "se comparison"
[1] 0.04501698
[1] 0.2845951
[1] 76
[1] 0.03627813
[1] 0.002942111
[1] "AdaLSE"
[1] 0.03807856
[1] 0.04479318
[1] 0.9868421

 0  1 
 1 75 
[1] "Fitting mean A"
[1] "Fitting variance A"
[1] "DR"
[1] -0.09103883
[1] 0.1289874
[1] 0.9210526

 0  1 
 6 70 
[1] "se comparison"
[1] 0.04493285
[1] 0.2845559
[1] 77
[1] 0.03627813
[1] 0.002942111
[1] "AdaLSE"
[1] -0.04439753
[1] 0.04407734
[1] 0.987013

 0  1 
 1 76 
[1] "Fitting mean A"
[1] "Fitting variance A"
[1] "DR"
[1] -0.04064279
[1] 0.09430739
[1] 0.9220779

 0  1 
 6 71 
[1] "se comparison"
[1] 0.04492383
[1] 0.2838837
[1] 78
[1] 0.03627813
[1] 0.002942111
[1] "AdaLSE"
[1] 0.02702334
[1] 0.04429166
[1] 0.9871795

 0  1 
 1 77 
[1] "Fitting mean A"
[1] "Fitting variance A"
[1] "DR"
[1] 0.3789246
[1] 0.1947972
[1] 0.9230769

 0  1 
 6 72 
[1] "se comparison"
[1] 0.04473939
[1] 0.2828811
[1] 79
[1] 0.03627813
[1] 0.002942111
[1] "AdaLSE"
[1] -0.03504915
[1] 0.04583815
[1] 0.9873418

 0  1 
 1 78 
[1] "Fitting mean A"
[1] "Fitting variance A"
[1] "DR"
[1] -0.02841546
[1] 0.1993149
[1] 0.9240506

 0  1 
 6 73 
[1] "se comparison"
[1] 0.04462533
[1] 0.2821169
[1] 80
[1] 0.03627813
[1] 0.002942111
[1] "AdaLSE"
[1] 0.01249757
[1] 0.04440701
[1] 0.9875

 0  1 
 1 79 
[1] "Fitting mean A"
[1] "Fitting variance A"
[1] "DR"
[1] -0.02839266
[1] 0.1765737
[1] 0.925

 0  1 
 6 74 
[1] "se comparison"
[1] 0.04436592
[1] 0.2813438
[1] 81
[1] 0.03627813
[1] 0.002942111
[1] "AdaLSE"
[1] 0.05827403
[1] 0.04331937
[1] 0.9876543

 0  1 
 1 80 
[1] "Fitting mean A"
[1] "Fitting variance A"
[1] "DR"
[1] 0.09825648
[1] 0.201658
[1] 0.9259259

 0  1 
 6 75 
[1] "se comparison"
[1] 0.0445667
[1] 0.2797377
[1] 82
[1] 0.03627813
[1] 0.002942111
[1] "AdaLSE"
[1] 0.04024808
[1] 0.04622473
[1] 0.9878049

 0  1 
 1 81 
[1] "Fitting mean A"
[1] "Fitting variance A"
[1] "DR"
[1] 0.3570344
[1] 0.2303973
[1] 0.9268293

 0  1 
 6 76 
[1] "se comparison"
[1] 0.04450933
[1] 0.2786785
[1] 83
[1] 0.03627813
[1] 0.002942111
[1] "AdaLSE"
[1] 0.02807121
[1] 0.04442647
[1] 0.9879518

 0  1 
 1 82 
[1] "Fitting mean A"
[1] "Fitting variance A"
[1] "DR"
[1] 0.03483506
[1] 0.07501002
[1] 0.9277108

 0  1 
 6 77 
[1] "se comparison"
[1] 0.04433797
[1] 0.277457
[1] 84
[1] 0.03627813
[1] 0.002942111
[1] "AdaLSE"
[1] -0.08847848
[1] 0.04310626
[1] 0.9761905

 0  1 
 2 82 
[1] "Fitting mean A"
[1] "Fitting variance A"
[1] "DR"
[1] -0.06130571
[1] 0.06644617
[1] 0.9285714

 0  1 
 6 78 
[1] "se comparison"
[1] 0.04514246
[1] 0.2770565
[1] 85
[1] 0.03627813
[1] 0.002942111
[1] "AdaLSE"
[1] -0.03254708
[1] 0.04372654
[1] 0.9764706

 0  1 
 2 83 
[1] "Fitting mean A"
[1] "Fitting variance A"
[1] "DR"
[1] 0.02962843
[1] 0.2079115
[1] 0.9294118

 0  1 
 6 79 
[1] "se comparison"
[1] 0.04501245
[1] 0.2758799
[1] 86
[1] 0.03627813
[1] 0.002942111
[1] "AdaLSE"
[1] -0.001601153
[1] 0.04466753
[1] 0.9767442

 0  1 
 2 84 
[1] "Fitting mean A"
[1] "Fitting variance A"
[1] "DR"
[1] -0.1755566
[1] 0.2667812
[1] 0.9302326

 0  1 
 6 80 
[1] "se comparison"
[1] 0.04474711
[1] 0.2768816
[1] 87
[1] 0.03627813
[1] 0.002942111
[1] "AdaLSE"
[1] -0.0968289
[1] 0.0415084
[1] 0.9655172

 0  1 
 3 84 
[1] "Fitting mean A"
[1] "Fitting variance A"
[1] "DR"
[1] 0.02863609
[1] 0.1111493
[1] 0.9310345

 0  1 
 6 81 
[1] "se comparison"
[1] 0.04567411
[1] 0.2757041
[1] 88
[1] 0.03627813
[1] 0.002942111
[1] "AdaLSE"
[1] 0.1010559
[1] 0.04668581
[1] 0.9545455

 0  1 
 4 84 
[1] "Fitting mean A"
[1] "Fitting variance A"
[1] "DR"
[1] 0.2990499
[1] 0.1880612
[1] 0.9318182

 0  1 
 6 82 
[1] "se comparison"
[1] 0.04670603
[1] 0.274451
[1] 89
[1] 0.03627813
[1] 0.002942111
[1] "AdaLSE"
[1] 0.0285112
[1] 0.04136259
[1] 0.9550562

 0  1 
 4 85 
[1] "Fitting mean A"
[1] "Fitting variance A"
[1] "DR"
[1] 0.04130813
[1] 0.07447721
[1] 0.9325843

 0  1 
 6 83 
[1] "se comparison"
[1] 0.04653982
[1] 0.2732447
[1] 90
[1] 0.03627813
[1] 0.002942111
[1] "AdaLSE"
[1] 0.034773
[1] 0.04336716
[1] 0.9555556

 0  1 
 4 86 
[1] "Fitting mean A"
[1] "Fitting variance A"
[1] "DR"
[1] 0.07792781
[1] 0.1123489
[1] 0.9333333

 0  1 
 6 84 
[1] "se comparison"
[1] 0.0464219
[1] 0.2718849
[1] 91
[1] 0.03627813
[1] 0.002942111
[1] "AdaLSE"
[1] 0.008727699
[1] 0.04457854
[1] 0.956044

 0  1 
 4 87 
[1] "Fitting mean A"
[1] "Fitting variance A"
[1] "DR"
[1] 0.02937909
[1] 0.1818908
[1] 0.9340659

 0  1 
 6 85 
[1] "se comparison"
[1] 0.04617141
[1] 0.2707753
[1] 92
[1] 0.03627813
[1] 0.002942111
[1] "AdaLSE"
[1] -0.001499217
[1] 0.04531096
[1] 0.9565217

 0  1 
 4 88 
[1] "Fitting mean A"
[1] "Fitting variance A"
[1] "DR"
[1] 0.2272076
[1] 0.1839246
[1] 0.9347826

 0  1 
 6 86 
[1] "se comparison"
[1] 0.04591752
[1] 0.2693516
[1] 93
[1] 0.03627813
[1] 0.002942111
[1] "AdaLSE"
[1] 0.05410583
[1] 0.04544119
[1] 0.9569892

 0  1 
 4 89 
[1] "Fitting mean A"
[1] "Fitting variance A"
[1] "DR"
[1] 0.1744283
[1] 0.1479637
[1] 0.9354839

 0  1 
 6 87 
[1] "se comparison"
[1] 0.04600393
[1] 0.2678842
[1] 94
[1] 0.03627813
[1] 0.002942111
[1] "AdaLSE"
[1] 0.0330411
[1] 0.04421974
[1] 0.9574468

 0  1 
 4 90 
[1] "Fitting mean A"
[1] "Fitting variance A"
[1] "DR"
[1] 0.7091464
[1] 0.5241009
[1] 0.9361702

 0  1 
 6 88 
[1] "se comparison"
[1] 0.04587432
[1] 0.2721865
[1] 95
[1] 0.03627813
[1] 0.002942111
[1] "AdaLSE"
[1] -0.04345486
[1] 0.04375753
[1] 0.9578947

 0  1 
 4 91 
[1] "Fitting mean A"
[1] "Fitting variance A"
[1] "DR"
[1] 0.3558027
[1] 0.2289536
[1] 0.9368421

 0  1 
 6 89 
[1] "se comparison"
[1] 0.04586163
[1] 0.2713662
[1] 96
[1] 0.03627813
[1] 0.002942111
[1] "AdaLSE"
[1] -0.006326856
[1] 0.04467179
[1] 0.9583333

 0  1 
 4 92 
[1] "Fitting mean A"
[1] "Fitting variance A"
[1] "DR"
[1] 0.04086014
[1] 0.153299
[1] 0.9375

 0  1 
 6 90 
[1] "se comparison"
[1] 0.04562571
[1] 0.2702936
[1] 97
[1] 0.03627813
[1] 0.002942111
[1] "AdaLSE"
[1] 0.04363979
[1] 0.04328931
[1] 0.9587629

 0  1 
 4 93 
[1] "Fitting mean A"
[1] "Fitting variance A"
[1] "DR"
[1] -0.2557067
[1] 0.3886526
[1] 0.9381443

 0  1 
 6 91 
[1] "se comparison"
[1] 0.04559444
[1] 0.2724309
[1] 98
[1] 0.03627813
[1] 0.002942111
[1] "AdaLSE"
[1] -0.02215941
[1] 0.04501447
[1] 0.9591837

 0  1 
 4 94 
[1] "Fitting mean A"
[1] "Fitting variance A"
[1] "DR"
[1] 0.515342
[1] 0.469022
[1] 0.9387755

 0  1 
 6 92 
[1] "se comparison"
[1] 0.04542088
[1] 0.2732394
[1] 99
[1] 0.03627813
[1] 0.002942111
[1] "AdaLSE"
[1] 0.02931054
[1] 0.04245109
[1] 0.959596

 0  1 
 4 95 
[1] "Fitting mean A"
[1] "Fitting variance A"
[1] "DR"
[1] 0.2927412
[1] 0.130287
[1] 0.9292929

 0  1 
 7 92 
[1] "se comparison"
[1] 0.0452774
[1] 0.2720991
[1] 100
[1] 0.03627813
[1] 0.002942111
[1] "AdaLSE"
[1] 0.02198226
[1] 0.04298765
[1] 0.96

 0  1 
 4 96 
[1] "Fitting mean A"
[1] "Fitting variance A"
[1] "DR"
[1] 0.1098411
[1] 0.1074085
[1] 0.93

 0  1 
 7 93 
[1] "se comparison"
[1] 0.04509521
[1] 0.2708027
[1] 101
[1] 0.03627813
[1] 0.002942111
[1] "AdaLSE"
[1] 0.05505799
[1] 0.0430018
[1] 0.960396

 0  1 
 4 97 
[1] "Fitting mean A"
[1] "Fitting variance A"
[1] "DR"
[1] 0.03891454
[1] 0.05056363
[1] 0.9306931

 0  1 
 7 94 
[1] "se comparison"
[1] 0.04518347
[1] 0.2697881
[1] 102
[1] 0.03627813
[1] 0.002942111
[1] "AdaLSE"
[1] 0.03745516
[1] 0.04460338
[1] 0.9607843

 0  1 
 4 98 
[1] "Fitting mean A"
[1] "Fitting variance A"
[1] "DR"
[1] 0.1862812
[1] 0.1407559
[1] 0.9313725

 0  1 
 7 95 
[1] "se comparison"
[1] 0.04509516
[1] 0.2684518
[1] 103
[1] 0.03627813
[1] 0.002942111
[1] "AdaLSE"
[1] 0.02826032
[1] 0.04484071
[1] 0.961165

 0  1 
 4 99 
[1] "Fitting mean A"
[1] "Fitting variance A"
[1] "DR"
[1] 0.05550225
[1] 0.1044401
[1] 0.9320388

 0  1 
 7 96 
[1] "se comparison"
[1] 0.04494547
[1] 0.2673891
[1] 104
[1] 0.03627813
[1] 0.002942111
[1] "AdaLSE"
[1] 0.004619567
[1] 0.04348882
[1] 0.9615385

  0   1 
  4 100 
[1] "Fitting mean A"
[1] "Fitting variance A"
[1] "DR"
[1] 0.1098086
[1] 0.1846157
[1] 0.9326923

 0  1 
 7 97 
[1] "se comparison"
[1] 0.04472714
[1] 0.2661604
[1] 105
[1] 0.03627813
[1] 0.002942111
[1] "AdaLSE"
[1] 0.07433413
[1] 0.04343765
[1] 0.9619048

  0   1 
  4 101 
[1] "Fitting mean A"
[1] "Fitting variance A"
[1] "DR"
[1] 0.1136759
[1] 0.1459255
[1] 0.9333333

 0  1 
 7 98 
[1] "se comparison"
[1] 0.04505667
[1] 0.26494
[1] 106
[1] 0.03627813
[1] 0.002942111
[1] "AdaLSE"
[1] -0.03697946
[1] 0.04650892
[1] 0.9622642

  0   1 
  4 102 
[1] "Fitting mean A"
[1] "Fitting variance A"
[1] "DR"
[1] 0.1793253
[1] 0.1177454
[1] 0.9339623

 0  1 
 7 99 
[1] "se comparison"
[1] 0.04501294
[1] 0.2636763
[1] 107
[1] 0.03627813
[1] 0.002942111
[1] "AdaLSE"
[1] -0.01015408
[1] 0.04514688
[1] 0.9626168

  0   1 
  4 103 
[1] "Fitting mean A"
[1] "Fitting variance A"
[1] "DR"
[1] 0.02964766
[1] 0.1544276
[1] 0.9345794

  0   1 
  7 100 
[1] "se comparison"
[1] 0.04481826
[1] 0.2627905
[1] 108
[1] 0.03627813
[1] 0.002942111
[1] "AdaLSE"
[1] -0.008527418
[1] 0.04483366
[1] 0.962963

  0   1 
  4 104 
[1] "Fitting mean A"
[1] "Fitting variance A"
[1] "DR"
[1] 0.2491815
[1] 0.1965189
[1] 0.9351852

  0   1 
  7 101 
[1] "se comparison"
[1] 0.04462192
[1] 0.2616685
[1] 109
[1] 0.03627813
[1] 0.002942111
[1] "AdaLSE"
[1] -0.03123272
[1] 0.04476737
[1] 0.9633028

  0   1 
  4 105 
[1] "Fitting mean A"
[1] "Fitting variance A"
[1] "DR"
[1] 0.1101402
[1] 0.104896
[1] 0.9357798

  0   1 
  7 102 
[1] "se comparison"
[1] 0.04453437
[1] 0.2605205
[1] 110
[1] 0.03627813
[1] 0.002942111
[1] "AdaLSE"
[1] 0.03421874
[1] 0.04565143
[1] 0.9636364

  0   1 
  4 106 
[1] "Fitting mean A"
[1] "Fitting variance A"
[1] "DR"
[1] 0.0847675
[1] 0.08958903
[1] 0.9363636

  0   1 
  7 103 
[1] "se comparison"
[1] 0.04443268
[1] 0.2594527
[1] 111
[1] 0.03627813
[1] 0.002942111
[1] "AdaLSE"
[1] 0.01718197
[1] 0.04353843
[1] 0.963964

  0   1 
  4 107 
[1] "Fitting mean A"
[1] "Fitting variance A"
[1] "DR"
[1] 0.5048294
[1] 0.5245288
[1] 0.9369369

  0   1 
  7 104 
[1] "se comparison"
[1] 0.04425136
[1] 0.2602174
[1] 112
[1] 0.03627813
[1] 0.002942111
[1] "AdaLSE"
[1] -0.04885432
[1] 0.04443601
[1] 0.9642857

  0   1 
  4 108 
[1] "Fitting mean A"
[1] "Fitting variance A"
[1] "DR"
[1] -0.02373833
[1] 0.08499069
[1] 0.9375

  0   1 
  7 105 
[1] "se comparison"
[1] 0.04432234
[1] 0.2597096
[1] 113
[1] 0.03627813
[1] 0.002942111
[1] "AdaLSE"
[1] 0.04831615
[1] 0.04485228
[1] 0.9646018

  0   1 
  4 109 
[1] "Fitting mean A"
[1] "Fitting variance A"
[1] "DR"
[1] 0.6961912
[1] 0.5120677
[1] 0.9380531

  0   1 
  7 106 
[1] "se comparison"
[1] 0.04433447
[1] 0.2632193
[1] 114
[1] 0.03627813
[1] 0.002942111
[1] "AdaLSE"
[1] -0.0593208
[1] 0.04458024
[1] 0.9649123

  0   1 
  4 110 
[1] "Fitting mean A"
[1] "Fitting variance A"
[1] "DR"
[1] -0.1052245
[1] 0.1295576
[1] 0.9385965

  0   1 
  7 107 
[1] "se comparison"
[1] 0.04452038
[1] 0.2633724
[1] 115
[1] 0.03627813
[1] 0.002942111
[1] "AdaLSE"
[1] -0.03244438
[1] 0.04818601
[1] 0.9652174

  0   1 
  4 111 
[1] "Fitting mean A"
[1] "Fitting variance A"
[1] "DR"
[1] -0.03323933
[1] 0.04143508
[1] 0.9391304

  0   1 
  7 108 
[1] "se comparison"
[1] 0.04444302
[1] 0.2629228
[1] 116
[1] 0.03627813
[1] 0.002942111
[1] "AdaLSE"
[1] -0.02298842
[1] 0.04301356
[1] 0.9655172

  0   1 
  4 112 
[1] "Fitting mean A"
[1] "Fitting variance A"
[1] "DR"
[1] 0.1771816
[1] 0.1882234
[1] 0.9396552

  0   1 
  7 109 
[1] "se comparison"
[1] 0.04431019
[1] 0.2617776
[1] 117
[1] 0.03627813
[1] 0.002942111
[1] "AdaLSE"
[1] 0.06379869
[1] 0.0454151
[1] 0.965812

  0   1 
  4 113 
[1] "Fitting mean A"
[1] "Fitting variance A"
[1] "DR"
[1] 0.2055476
[1] 0.1251397
[1] 0.9401709

  0   1 
  7 110 
[1] "se comparison"
[1] 0.04448963
[1] 0.2606655
[1] 118
[1] 0.03627813
[1] 0.002942111
[1] "AdaLSE"
[1] 0.01461149
[1] 0.0416619
[1] 0.9661017

  0   1 
  4 114 
[1] "Fitting mean A"
[1] "Fitting variance A"
[1] "DR"
[1] 0.3007418
[1] 0.2554538
[1] 0.940678

  0   1 
  7 111 
[1] "se comparison"
[1] 0.04431354
[1] 0.2598193
[1] 119
[1] 0.03627813
[1] 0.002942111
[1] "AdaLSE"
[1] -0.03100686
[1] 0.04475912
[1] 0.9663866

  0   1 
  4 115 
[1] "Fitting mean A"
[1] "Fitting variance A"
[1] "DR"
[1] 0.0769882
[1] 0.1006922
[1] 0.9411765

  0   1 
  7 112 
[1] "se comparison"
[1] 0.04423169
[1] 0.2588662
[1] 120
[1] 0.03627813
[1] 0.002942111
[1] "AdaLSE"
[1] -0.0217607
[1] 0.04177095
[1] 0.9666667

  0   1 
  4 116 
[1] "Fitting mean A"
[1] "Fitting variance A"
[1] "DR"
[1] -0.2709667
[1] 0.156461
[1] 0.9416667

  0   1 
  7 113 
[1] "se comparison"
[1] 0.04409948
[1] 0.2609338
[1] 121
[1] 0.03627813
[1] 0.002942111
[1] "AdaLSE"
[1] 0.001082702
[1] 0.04641489
[1] 0.9669421

  0   1 
  4 117 
[1] "Fitting mean A"
[1] "Fitting variance A"
[1] "DR"
[1] 0.125428
[1] 0.1095681
[1] 0.9421488

  0   1 
  7 114 
[1] "se comparison"
[1] 0.04391542
[1] 0.259874
[1] 122
[1] 0.03627813
[1] 0.002942111
[1] "AdaLSE"
[1] -0.02709348
[1] 0.04201176
[1] 0.9672131

  0   1 
  4 118 
[1] "Fitting mean A"
[1] "Fitting variance A"
[1] "DR"
[1] 0.4860783
[1] 0.3522007
[1] 0.942623

  0   1 
  7 115 
[1] "se comparison"
[1] 0.0438125
[1] 0.2603921
[1] 123
[1] 0.03627813
[1] 0.002942111
[1] "AdaLSE"
[1] -0.06462319
[1] 0.0444182
[1] 0.9674797

  0   1 
  4 119 
[1] "Fitting mean A"
[1] "Fitting variance A"
[1] "DR"
[1] -0.6043695
[1] 0.4071515
[1] 0.9430894

  0   1 
  7 116 
[1] "se comparison"
[1] 0.04404051
[1] 0.2685796
[1] 124
[1] 0.03627813
[1] 0.002942111
[1] "AdaLSE"
[1] -0.08158622
[1] 0.04307717
[1] 0.9596774

  0   1 
  5 119 
[1] "Fitting mean A"
[1] "Fitting variance A"
[1] "DR"
[1] -0.1761999
[1] 0.2106173
[1] 0.9435484

  0   1 
  7 117 
[1] "se comparison"
[1] 0.04448617
[1] 0.2692308
[1] 125
[1] 0.03627813
[1] 0.002942111
[1] "AdaLSE"
[1] 0.03601183
[1] 0.04903995
[1] 0.96

  0   1 
  5 120 
[1] "Fitting mean A"
[1] "Fitting variance A"
[1] "DR"
[1] 0.1583367
[1] 0.1480935
[1] 0.944

  0   1 
  7 118 
[1] "se comparison"
[1] 0.04442016
[1] 0.2681432
[1] 126
[1] 0.03627813
[1] 0.002942111
[1] "AdaLSE"
[1] 0.02851194
[1] 0.04498671
[1] 0.9603175

  0   1 
  5 121 
[1] "Fitting mean A"
[1] "Fitting variance A"
[1] "DR"
[1] 0.3350939
[1] 0.1892225
[1] 0.9444444

  0   1 
  7 119 
[1] "se comparison"
[1] 0.04431105
[1] 0.2675142
[1] 127
[1] 0.03627813
[1] 0.002942111
[1] "AdaLSE"
[1] -0.05551491
[1] 0.04342944
[1] 0.9606299

  0   1 
  5 122 
[1] "Fitting mean A"
[1] "Fitting variance A"
[1] "DR"
[1] 0.002693071
[1] 0.1917171
[1] 0.9448819

  0   1 
  7 120 
[1] "se comparison"
[1] 0.04441886
[1] 0.2668309
[1] 128
[1] 0.03627813
[1] 0.002942111
[1] "AdaLSE"
[1] 0.06982953
[1] 0.0457655
[1] 0.9609375

  0   1 
  5 123 
[1] "Fitting mean A"
[1] "Fitting variance A"
[1] "DR"
[1] 0.1611975
[1] 0.1374073
[1] 0.9453125

  0   1 
  7 121 
[1] "se comparison"
[1] 0.04466532
[1] 0.2657783
[1] 129
[1] 0.03627813
[1] 0.002942111
[1] "AdaLSE"
[1] -0.01357142
[1] 0.04507581
[1] 0.9612403

  0   1 
  5 124 
[1] "Fitting mean A"
[1] "Fitting variance A"
[1] "DR"
[1] -0.09443772
[1] 0.161397
[1] 0.9457364

  0   1 
  7 122 
[1] "se comparison"
[1] 0.04450925
[1] 0.2656987
[1] 130
[1] 0.03627813
[1] 0.002942111
[1] "AdaLSE"
[1] 0.007157537
[1] 0.04531606
[1] 0.9615385

  0   1 
  5 125 
[1] "Fitting mean A"
[1] "Fitting variance A"
[1] "DR"
[1] -0.008711678
[1] 0.06082715
[1] 0.9461538

  0   1 
  7 123 
[1] "se comparison"
[1] 0.0443397
[1] 0.2650799
[1] 131
[1] 0.03627813
[1] 0.002942111
[1] "AdaLSE"
[1] -0.1163429
[1] 0.04400225
[1] 0.9541985

  0   1 
  6 125 
[1] "Fitting mean A"
[1] "Fitting variance A"
[1] "DR"
[1] 0.02729979
[1] 0.1411129
[1] 0.9465649

  0   1 
  7 124 
[1] "se comparison"
[1] 0.04534369
[1] 0.2643077
[1] 132
[1] 0.03627813
[1] 0.002942111
[1] "AdaLSE"
[1] -0.003209894
[1] 0.04564527
[1] 0.9545455

  0   1 
  6 126 
[1] "Fitting mean A"
[1] "Fitting variance A"
[1] "DR"
[1] 0.1138278
[1] 0.1045097
[1] 0.9469697

  0   1 
  7 125 
[1] "se comparison"
[1] 0.04517122
[1] 0.2633246
[1] 133
[1] 0.03627813
[1] 0.002942111
[1] "AdaLSE"
[1] -0.02559508
[1] 0.04419163
[1] 0.9548872

  0   1 
  6 127 
[1] "Fitting mean A"
[1] "Fitting variance A"
[1] "DR"
[1] 0.164433
[1] 0.1580014
[1] 0.9473684

  0   1 
  7 126 
[1] "se comparison"
[1] 0.04505496
[1] 0.262326
[1] 134
[1] 0.03627813
[1] 0.002942111
[1] "AdaLSE"
[1] 0.01979311
[1] 0.04336611
[1] 0.9552239

  0   1 
  6 128 
[1] "Fitting mean A"
[1] "Fitting variance A"
[1] "DR"
[1] -0.371303
[1] 0.4575694
[1] 0.9477612

  0   1 
  7 127 
[1] "se comparison"
[1] 0.04491809
[1] 0.2652986
[1] 135
[1] 0.03627813
[1] 0.002942111
[1] "AdaLSE"
[1] -0.05179298
[1] 0.04542528
[1] 0.9555556

  0   1 
  6 129 
[1] "Fitting mean A"
[1] "Fitting variance A"
[1] "DR"
[1] 0.05440592
[1] 0.1312739
[1] 0.9481481

  0   1 
  7 128 
[1] "se comparison"
[1] 0.04497219
[1] 0.2644442
[1] 136
[1] 0.03627813
[1] 0.002942111
[1] "AdaLSE"
[1] -0.04806035
[1] 0.0439141
[1] 0.9558824

  0   1 
  6 130 
[1] "Fitting mean A"
[1] "Fitting variance A"
[1] "DR"
[1] -0.05667521
[1] 0.06667252
[1] 0.9485294

  0   1 
  7 129 
[1] "se comparison"
[1] 0.04499194
[1] 0.264074
[1] 137
[1] 0.03627813
[1] 0.002942111
[1] "AdaLSE"
[1] 0.07251896
[1] 0.04467495
[1] 0.9562044

  0   1 
  6 131 
[1] "Fitting mean A"
[1] "Fitting variance A"
[1] "DR"
[1] 0.2504315
[1] 0.1757806
[1] 0.9489051

  0   1 
  7 130 
[1] "se comparison"
[1] 0.04526026
[1] 0.263238
[1] 138
[1] 0.03627813
[1] 0.002942111
[1] "AdaLSE"
[1] -0.02959731
[1] 0.04726874
[1] 0.9565217

  0   1 
  6 132 
[1] "Fitting mean A"
[1] "Fitting variance A"
[1] "DR"
[1] 0.01860303
[1] 0.143692
[1] 0.9492754

  0   1 
  7 131 
[1] "se comparison"
[1] 0.04516445
[1] 0.2625208
[1] 139
[1] 0.03627813
[1] 0.002942111
[1] "AdaLSE"
[1] 0.01259112
[1] 0.04708181
[1] 0.9568345

  0   1 
  6 133 
[1] "Fitting mean A"
[1] "Fitting variance A"
[1] "DR"
[1] 0.2237195
[1] 0.1325261
[1] 0.9496403

  0   1 
  7 132 
[1] "se comparison"
[1] 0.0450139
[1] 0.2616408
[1] 140
[1] 0.03627813
[1] 0.002942111
[1] "AdaLSE"
[1] 0.05404349
[1] 0.04625508
[1] 0.9571429

  0   1 
  6 134 
[1] "Fitting mean A"
[1] "Fitting variance A"
[1] "DR"
[1] 0.2738764
[1] 0.1581422
[1] 0.95

  0   1 
  7 133 
[1] "se comparison"
[1] 0.04508586
[1] 0.2609032
[1] 141
[1] 0.03627813
[1] 0.002942111
[1] "AdaLSE"
[1] 0.09590541
[1] 0.04296375
[1] 0.9503546

  0   1 
  7 134 
[1] "Fitting mean A"
[1] "Fitting variance A"
[1] "DR"
[1] 0.5187634
[1] 0.2606331
[1] 0.9432624

  0   1 
  8 133 
[1] "se comparison"
[1] 0.04564286
[1] 0.261795
[1] 142
[1] 0.03627813
[1] 0.002942111
[1] "AdaLSE"
[1] 0.04059499
[1] 0.04276216
[1] 0.9507042

  0   1 
  7 135 
[1] "Fitting mean A"
[1] "Fitting variance A"
[1] "DR"
[1] 0.09723641
[1] 0.07533785
[1] 0.943662

  0   1 
  8 134 
[1] "se comparison"
[1] 0.0456031
[1] 0.2609099
[1] 143
[1] 0.03627813
[1] 0.002942111
[1] "AdaLSE"
[1] 0.02116103
[1] 0.04412854
[1] 0.951049

  0   1 
  7 136 
[1] "Fitting mean A"
[1] "Fitting variance A"
[1] "DR"
[1] 0.05205616
[1] 0.2034581
[1] 0.9440559

  0   1 
  8 135 
[1] "se comparison"
[1] 0.04547323
[1] 0.2601307
[1] 144
[1] 0.03627813
[1] 0.002942111
[1] "AdaLSE"
[1] -0.01061595
[1] 0.04259199
[1] 0.9513889

  0   1 
  7 137 
[1] "Fitting mean A"
[1] "Fitting variance A"
[1] "DR"
[1] 0.9928374
[1] 0.666412
[1] 0.9444444

  0   1 
  8 136 
[1] "se comparison"
[1] 0.04532471
[1] 0.268484
[1] 145
[1] 0.03627813
[1] 0.002942111
[1] "AdaLSE"
[1] -0.002678652
[1] 0.04607822
[1] 0.9517241

  0   1 
  7 138 
[1] "Fitting mean A"
[1] "Fitting variance A"
[1] "DR"
[1] -0.2548092
[1] 0.4175446
[1] 0.9448276

  0   1 
  8 137 
[1] "se comparison"
[1] 0.04516817
[1] 0.2697547
[1] 146
[1] 0.03627813
[1] 0.002942111
[1] "AdaLSE"
[1] -0.001030793
[1] 0.04751827
[1] 0.9520548

  0   1 
  7 139 
[1] "Fitting mean A"
[1] "Fitting variance A"
[1] "DR"
[1] 0.03662593
[1] 0.2112494
[1] 0.9452055

  0   1 
  8 138 
[1] "se comparison"
[1] 0.0450125
[1] 0.2690067
[1] 147
[1] 0.03627813
[1] 0.002942111
[1] "AdaLSE"
[1] 0.005477407
[1] 0.04350125
[1] 0.952381

  0   1 
  7 140 
[1] "Fitting mean A"
[1] "Fitting variance A"
[1] "DR"
[1] -0.001289435
[1] 0.1654156
[1] 0.9455782

  0   1 
  8 139 
[1] "se comparison"
[1] 0.04485953
[1] 0.2683973
[1] 148
[1] 0.03627813
[1] 0.002942111
[1] "AdaLSE"
[1] -0.08321083
[1] 0.04554391
[1] 0.9527027

  0   1 
  7 141 
[1] "Fitting mean A"
[1] "Fitting variance A"
[1] "DR"
[1] -0.07033668
[1] 0.1024863
[1] 0.9459459

  0   1 
  8 140 
[1] "se comparison"
[1] 0.04524112
[1] 0.2681226
[1] 149
[1] 0.03627813
[1] 0.002942111
[1] "AdaLSE"
[1] -0.02449489
[1] 0.04586025
[1] 0.9530201

  0   1 
  7 142 
[1] "Fitting mean A"
[1] "Fitting variance A"
[1] "DR"
[1] 0.2840447
[1] 0.2256746
[1] 0.9463087

  0   1 
  8 141 
[1] "se comparison"
[1] 0.04513474
[1] 0.2674297
[1] 150
[1] 0.03627813
[1] 0.002942111
[1] "AdaLSE"
[1] -0.09307897
[1] 0.04415907
[1] 0.9466667

  0   1 
  8 142 
[1] "Fitting mean A"
[1] "Fitting variance A"
[1] "DR"
[1] -0.002027353
[1] 0.1459326
[1] 0.9466667

  0   1 
  8 142 
[1] "se comparison"
[1] 0.04562594
[1] 0.2668359
[1] 151
[1] 0.03627813
[1] 0.002942111
[1] "AdaLSE"
[1] 0.01024076
[1] 0.04326749
[1] 0.9470199

  0   1 
  8 143 
[1] "Fitting mean A"
[1] "Fitting variance A"
[1] "DR"
[1] -0.06373307
[1] 0.07978427
[1] 0.9470199

  0   1 
  8 143 
[1] "se comparison"
[1] 0.04548158
[1] 0.2665301
[1] 152
[1] 0.03627813
[1] 0.002942111
[1] "AdaLSE"
[1] 0.02455742
[1] 0.04178517
[1] 0.9473684

  0   1 
  8 144 
[1] "Fitting mean A"
[1] "Fitting variance A"
[1] "DR"
[1] 0.01515324
[1] 0.1106726
[1] 0.9473684

  0   1 
  8 144 
[1] "se comparison"
[1] 0.04537502
[1] 0.2658771
[1] 153
[1] 0.03627813
[1] 0.002942111
[1] "AdaLSE"
[1] 0.02323594
[1] 0.04440482
[1] 0.9477124

  0   1 
  8 145 
[1] "Fitting mean A"
[1] "Fitting variance A"
[1] "DR"
[1] -0.05450709
[1] 0.1397126
[1] 0.9477124

  0   1 
  8 145 
[1] "se comparison"
[1] 0.04526449
[1] 0.2655205
[1] 154
[1] 0.03627813
[1] 0.002942111
[1] "AdaLSE"
[1] -0.004831205
[1] 0.04384295
[1] 0.9480519

  0   1 
  8 146 
[1] "Fitting mean A"
[1] "Fitting variance A"
[1] "DR"
[1] 0.152561
[1] 0.2572539
[1] 0.9480519

  0   1 
  8 146 
[1] "se comparison"
[1] 0.04511811
[1] 0.2646515
[1] 155
[1] 0.03627813
[1] 0.002942111
[1] "AdaLSE"
[1] 0.02144211
[1] 0.04370251
[1] 0.9483871

  0   1 
  8 147 
[1] "Fitting mean A"
[1] "Fitting variance A"
[1] "DR"
[1] -0.04946453
[1] 0.1202685
[1] 0.9483871

  0   1 
  8 147 
[1] "se comparison"
[1] 0.04500397
[1] 0.2642746
[1] 156
[1] 0.03627813
[1] 0.002942111
[1] "AdaLSE"
[1] -0.07577917
[1] 0.04375082
[1] 0.9487179

  0   1 
  8 148 
[1] "Fitting mean A"
[1] "Fitting variance A"
[1] "DR"
[1] 0.1440747
[1] 0.1786575
[1] 0.9487179

  0   1 
  8 148 
[1] "se comparison"
[1] 0.04526984
[1] 0.263421
[1] 157
[1] 0.03627813
[1] 0.002942111
[1] "AdaLSE"
[1] -0.04633477
[1] 0.04231444
[1] 0.9490446

  0   1 
  8 149 
[1] "Fitting mean A"
[1] "Fitting variance A"
[1] "DR"
[1] 0.01931301
[1] 0.08221581
[1] 0.9490446

  0   1 
  8 149 
[1] "se comparison"
[1] 0.04527432
[1] 0.2627767
[1] 158
[1] 0.03627813
[1] 0.002942111
[1] "AdaLSE"
[1] -0.02235694
[1] 0.04093821
[1] 0.9493671

  0   1 
  8 150 
[1] "Fitting mean A"
[1] "Fitting variance A"
[1] "DR"
[1] 0.2946903
[1] 0.1498334
[1] 0.9493671

  0   1 
  8 150 
[1] "se comparison"
[1] 0.04516334
[1] 0.2622005
[1] 159
[1] 0.03627813
[1] 0.002942111
[1] "AdaLSE"
[1] -0.09919957
[1] 0.04251374
[1] 0.9433962

  0   1 
  9 150 
[1] "Fitting mean A"
[1] "Fitting variance A"
[1] "DR"
[1] 0.1101188
[1] 0.2457282
[1] 0.9496855

  0   1 
  8 151 
[1] "se comparison"
[1] 0.04569347
[1] 0.261387
[1] 160
[1] 0.03627813
[1] 0.002942111
[1] "AdaLSE"
[1] 0.01474926
[1] 0.04553735
[1] 0.94375

  0   1 
  9 151 
[1] "Fitting mean A"
[1] "Fitting variance A"
[1] "DR"
[1] 0.2667008
[1] 0.2226524
[1] 0.95

  0   1 
  8 152 
[1] "se comparison"
[1] 0.04556716
[1] 0.2607324
[1] 161
[1] 0.03627813
[1] 0.002942111
[1] "AdaLSE"
[1] 0.06221099
[1] 0.04353813
[1] 0.9440994

  0   1 
  9 152 
[1] "Fitting mean A"
[1] "Fitting variance A"
[1] "DR"
[1] 0.1684909
[1] 0.1704452
[1] 0.9503106

  0   1 
  8 153 
[1] "se comparison"
[1] 0.04569841
[1] 0.259921
[1] 162
[1] 0.03627813
[1] 0.002942111
[1] "AdaLSE"
[1] -0.04843045
[1] 0.04335167
[1] 0.9444444

  0   1 
  9 153 
[1] "Fitting mean A"
[1] "Fitting variance A"
[1] "DR"
[1] 0.1861737
[1] 0.2105572
[1] 0.9506173

  0   1 
  8 154 
[1] "se comparison"
[1] 0.04570983
[1] 0.259129
[1] 163
[1] 0.03627813
[1] 0.002942111
[1] "AdaLSE"
[1] -0.003862945
[1] 0.04359053
[1] 0.9447853

  0   1 
  9 154 
[1] "Fitting mean A"
[1] "Fitting variance A"
[1] "DR"
[1] 0.2373823
[1] 0.14186
[1] 0.9509202

  0   1 
  8 155 
[1] "se comparison"
[1] 0.04556905
[1] 0.2584204
[1] 164
[1] 0.03627813
[1] 0.002942111
[1] "AdaLSE"
[1] 0.06786758
[1] 0.0457584
[1] 0.945122

  0   1 
  9 155 
[1] "Fitting mean A"
[1] "Fitting variance A"
[1] "DR"
[1] 0.1576336
[1] 0.1192291
[1] 0.9512195

  0   1 
  8 156 
[1] "se comparison"
[1] 0.04574709
[1] 0.2576272
[1] 165
[1] 0.03627813
[1] 0.002942111
[1] "AdaLSE"
[1] -0.01405847
[1] 0.04650967
[1] 0.9454545

  0   1 
  9 156 
[1] "Fitting mean A"
[1] "Fitting variance A"
[1] "DR"
[1] 0.08107914
[1] 0.08129163
[1] 0.9515152

  0   1 
  8 157 
[1] "se comparison"
[1] 0.0456193
[1] 0.2568962
[1] 166
[1] 0.03627813
[1] 0.002942111
[1] "AdaLSE"
[1] 0.06273877
[1] 0.04294408
[1] 0.9457831

  0   1 
  9 157 
[1] "Fitting mean A"
[1] "Fitting variance A"
[1] "DR"
[1] 0.08662283
[1] 0.1380108
[1] 0.9518072

  0   1 
  8 158 
[1] "se comparison"
[1] 0.04574705
[1] 0.2561628
[1] 167
[1] 0.03627813
[1] 0.002942111
[1] "AdaLSE"
[1] 0.00114389
[1] 0.0441087
[1] 0.9461078

  0   1 
  9 158 
[1] "Fitting mean A"
[1] "Fitting variance A"
[1] "DR"
[1] 0.03935517
[1] 0.1468044
[1] 0.9520958

  0   1 
  8 159 
[1] "se comparison"
[1] 0.0456092
[1] 0.2555309
[1] 168
[1] 0.03627813
[1] 0.002942111
[1] "AdaLSE"
[1] -0.03327112
[1] 0.04273383
[1] 0.9464286

  0   1 
  9 159 
[1] "Fitting mean A"
[1] "Fitting variance A"
[1] "DR"
[1] -0.04444422
[1] 0.1949705
[1] 0.952381

  0   1 
  8 160 
[1] "se comparison"
[1] 0.04554327
[1] 0.2551984
[1] 169
[1] 0.03627813
[1] 0.002942111
[1] "AdaLSE"
[1] 0.05216999
[1] 0.04177941
[1] 0.9467456

  0   1 
  9 160 
[1] "Fitting mean A"
[1] "Fitting variance A"
[1] "DR"
[1] 0.2768697
[1] 0.1540751
[1] 0.9526627

  0   1 
  8 161 
[1] "se comparison"
[1] 0.04558831
[1] 0.2546333
[1] 170
[1] 0.03627813
[1] 0.002942111
[1] "AdaLSE"
[1] -0.05225716
[1] 0.04649615
[1] 0.9470588

  0   1 
  9 161 
[1] "Fitting mean A"
[1] "Fitting variance A"
[1] "DR"
[1] 0.0003814247
[1] 0.07863511
[1] 0.9529412

  0   1 
  8 162 
[1] "se comparison"
[1] 0.04562794
[1] 0.2541309
[1] 171
[1] 0.03627813
[1] 0.002942111
[1] "AdaLSE"
[1] 0.006552555
[1] 0.04488833
[1] 0.9473684

  0   1 
  9 162 
[1] "Fitting mean A"
[1] "Fitting variance A"
[1] "DR"
[1] 0.6152193
[1] 0.5088137
[1] 0.9532164

  0   1 
  8 163 
[1] "se comparison"
[1] 0.04549679
[1] 0.255899
[1] 172
[1] 0.03627813
[1] 0.002942111
[1] "AdaLSE"
[1] 0.01968284
[1] 0.04526347
[1] 0.9476744

  0   1 
  9 163 
[1] "Fitting mean A"
[1] "Fitting variance A"
[1] "DR"
[1] 0.1869593
[1] 0.1281672
[1] 0.9534884

  0   1 
  8 164 
[1] "se comparison"
[1] 0.04538968
[1] 0.2551654
[1] 173
[1] 0.03627813
[1] 0.002942111
[1] "AdaLSE"
[1] 0.0607454
[1] 0.04495537
[1] 0.9479769

  0   1 
  9 164 
[1] "Fitting mean A"
[1] "Fitting variance A"
[1] "DR"
[1] 0.6080903
[1] 0.2290364
[1] 0.9479769

  0   1 
  9 164 
[1] "se comparison"
[1] 0.04549562
[1] 0.2567951
[1] 174
[1] 0.03627813
[1] 0.002942111
[1] "AdaLSE"
[1] -0.01909973
[1] 0.04560227
[1] 0.9482759

  0   1 
  9 165 
[1] "Fitting mean A"
[1] "Fitting variance A"
[1] "DR"
[1] 0.04207792
[1] 0.1839275
[1] 0.9482759

  0   1 
  9 165 
[1] "se comparison"
[1] 0.04538695
[1] 0.256189
[1] 175
[1] 0.03627813
[1] 0.002942111
[1] "AdaLSE"
[1] 0.1102054
[1] 0.04447714
[1] 0.9428571

  0   1 
 10 165 
[1] "Fitting mean A"
[1] "Fitting variance A"
[1] "DR"
[1] 0.2350277
[1] 0.1039455
[1] 0.9428571

  0   1 
 10 165 
[1] "se comparison"
[1] 0.04601874
[1] 0.2555288
[1] 176
[1] 0.03627813
[1] 0.002942111
[1] "AdaLSE"
[1] -0.06203098
[1] 0.04455455
[1] 0.9431818

  0   1 
 10 166 
[1] "Fitting mean A"
[1] "Fitting variance A"
[1] "DR"
[1] 0.6417968
[1] 0.683633
[1] 0.9431818

  0   1 
 10 166 
[1] "se comparison"
[1] 0.04612838
[1] 0.2574531
[1] 177
[1] 0.03627813
[1] 0.002942111
[1] "AdaLSE"
[1] -0.05148852
[1] 0.04258157
[1] 0.9435028

  0   1 
 10 167 
[1] "Fitting mean A"
[1] "Fitting variance A"
[1] "DR"
[1] 0.2369537
[1] 0.231341
[1] 0.9435028

  0   1 
 10 167 
[1] "se comparison"
[1] 0.04616047
[1] 0.2567941
[1] 178
[1] 0.03627813
[1] 0.002942111
[1] "AdaLSE"
[1] -0.03067461
[1] 0.04469632
[1] 0.9438202

  0   1 
 10 168 
[1] "Fitting mean A"
[1] "Fitting variance A"
[1] "DR"
[1] 0.1148338
[1] 0.09092733
[1] 0.9438202

  0   1 
 10 168 
[1] "se comparison"
[1] 0.04608666
[1] 0.256086
[1] 179
[1] 0.03627813
[1] 0.002942111
[1] "AdaLSE"
[1] 0.09063783
[1] 0.05469404
[1] 0.9441341

  0   1 
 10 169 
[1] "Fitting mean A"
[1] "Fitting variance A"
[1] "DR"
[1] 0.3014861
[1] 0.2094548
[1] 0.9441341

  0   1 
 10 169 
[1] "se comparison"
[1] 0.04645733
[1] 0.2555986
[1] 180
[1] 0.03627813
[1] 0.002942111
[1] "AdaLSE"
[1] -0.02434959
[1] 0.04670052
[1] 0.9444444

  0   1 
 10 170 
[1] "Fitting mean A"
[1] "Fitting variance A"
[1] "DR"
[1] 0.02978891
[1] 0.1489156
[1] 0.9444444

  0   1 
 10 170 
[1] "se comparison"
[1] 0.04636342
[1] 0.2550581
[1] 181
[1] 0.03627813
[1] 0.002942111
[1] "AdaLSE"
[1] -0.04264897
[1] 0.04488545
[1] 0.9447514

  0   1 
 10 171 
[1] "Fitting mean A"
[1] "Fitting variance A"
[1] "DR"
[1] 0.1741931
[1] 0.2119645
[1] 0.9447514

  0   1 
 10 171 
[1] "se comparison"
[1] 0.04634319
[1] 0.2543524
[1] 182
[1] 0.03627813
[1] 0.002942111
[1] "AdaLSE"
[1] -0.02192008
[1] 0.04502664
[1] 0.9450549

  0   1 
 10 172 
[1] "Fitting mean A"
[1] "Fitting variance A"
[1] "DR"
[1] 0.2368066
[1] 0.1901668
[1] 0.9450549

  0   1 
 10 172 
[1] "se comparison"
[1] 0.04624303
[1] 0.2537199
[1] 183
[1] 0.03627813
[1] 0.002942111
[1] "AdaLSE"
[1] 0.1310033
[1] 0.04385132
[1] 0.9398907

  0   1 
 11 172 
[1] "Fitting mean A"
[1] "Fitting variance A"
[1] "DR"
[1] 0.299946
[1] 0.1839438
[1] 0.9453552

  0   1 
 10 173 
[1] "se comparison"
[1] 0.04712649
[1] 0.253245
[1] 184
[1] 0.03627813
[1] 0.002942111
[1] "AdaLSE"
[1] 0.06779633
[1] 0.04536822
[1] 0.9402174

  0   1 
 11 173 
[1] "Fitting mean A"
[1] "Fitting variance A"
[1] "DR"
[1] 0.3501439
[1] 0.1834594
[1] 0.9456522

  0   1 
 10 174 
[1] "se comparison"
[1] 0.04725947
[1] 0.2529534
[1] 185
[1] 0.03627813
[1] 0.002942111
[1] "AdaLSE"
[1] -0.03804076
[1] 0.0450443
[1] 0.9405405

  0   1 
 11 174 
[1] "Fitting mean A"
[1] "Fitting variance A"
[1] "DR"
[1] 0.2520183
[1] 0.2215592
[1] 0.9459459

  0   1 
 10 175 
[1] "se comparison"
[1] 0.04721715
[1] 0.2523597
[1] 186
[1] 0.03627813
[1] 0.002942111
[1] "AdaLSE"
[1] -0.001748281
[1] 0.04471664
[1] 0.9408602

  0   1 
 11 175 
[1] "Fitting mean A"
[1] "Fitting variance A"
[1] "DR"
[1] 0.1528442
[1] 0.2054953
[1] 0.9462366

  0   1 
 10 176 
[1] "se comparison"
[1] 0.04708966
[1] 0.2516771
[1] 187
[1] 0.03627813
[1] 0.002942111
[1] "AdaLSE"
[1] 0.01040128
[1] 0.04308315
[1] 0.9411765

  0   1 
 11 176 
[1] "Fitting mean A"
[1] "Fitting variance A"
[1] "DR"
[1] -0.1743008
[1] 0.2349473
[1] 0.9465241

  0   1 
 10 177 
[1] "se comparison"
[1] 0.04696844
[1] 0.2521766
[1] 188
[1] 0.03627813
[1] 0.002942111
[1] "AdaLSE"
[1] 0.04544103
[1] 0.04481356
[1] 0.9414894

  0   1 
 11 177 
[1] "Fitting mean A"
[1] "Fitting variance A"
[1] "DR"
[1] 0.1032956
[1] 0.192891
[1] 0.9468085

  0   1 
 10 178 
[1] "se comparison"
[1] 0.04695674
[1] 0.2515316
[1] 189
[1] 0.03627813
[1] 0.002942111
[1] "AdaLSE"
[1] -0.006832429
[1] 0.04407283
[1] 0.9417989

  0   1 
 11 178 
[1] "Fitting mean A"
[1] "Fitting variance A"
[1] "DR"
[1] 0.1140802
[1] 0.140308
[1] 0.9470899

  0   1 
 10 179 
[1] "se comparison"
[1] 0.046835
[1] 0.2508807
[1] 190
[1] 0.03627813
[1] 0.002942111
[1] "AdaLSE"
[1] -0.04299151
[1] 0.04415523
[1] 0.9421053

  0   1 
 11 179 
[1] "Fitting mean A"
[1] "Fitting variance A"
[1] "DR"
[1] 0.1714468
[1] 0.2866924
[1] 0.9473684

  0   1 
 10 180 
[1] "se comparison"
[1] 0.04681882
[1] 0.2502186
[1] 191
[1] 0.03627813
[1] 0.002942111
[1] "AdaLSE"
[1] -0.02068606
[1] 0.04440495
[1] 0.9424084

  0   1 
 11 180 
[1] "Fitting mean A"
[1] "Fitting variance A"
[1] "DR"
[1] 0.002846653
[1] 0.0742066
[1] 0.947644

  0   1 
 10 181 
[1] "se comparison"
[1] 0.04672075
[1] 0.2498061
[1] 192
[1] 0.03627813
[1] 0.002942111
[1] "AdaLSE"
[1] 0.02638291
[1] 0.05389358
[1] 0.9427083

  0   1 
 11 181 
[1] "Fitting mean A"
[1] "Fitting variance A"
[1] "DR"
[1] 0.09263912
[1] 0.08414764
[1] 0.9479167

  0   1 
 10 182 
[1] "se comparison"
[1] 0.04663585
[1] 0.2491925
[1] 193
[1] 0.03627813
[1] 0.002942111
[1] "AdaLSE"
[1] 0.05056074
[1] 0.04333367
[1] 0.9430052

  0   1 
 11 182 
[1] "Fitting mean A"
[1] "Fitting variance A"
[1] "DR"
[1] 0.3902833
[1] 0.3325078
[1] 0.9481865

  0   1 
 10 183 
[1] "se comparison"
[1] 0.04665314
[1] 0.2491183
[1] 194
[1] 0.03627813
[1] 0.002942111
[1] "AdaLSE"
[1] -0.01044221
[1] 0.043049
[1] 0.943299

  0   1 
 11 183 
[1] "Fitting mean A"
[1] "Fitting variance A"
[1] "DR"
[1] -0.1267118
[1] 0.1768362
[1] 0.9484536

  0   1 
 10 184 
[1] "se comparison"
[1] 0.04653917
[1] 0.249302
[1] 195
[1] 0.03627813
[1] 0.002942111
[1] "AdaLSE"
[1] -0.02144746
[1] 0.04375363
[1] 0.9435897

  0   1 
 11 184 
[1] "Fitting mean A"
[1] "Fitting variance A"
[1] "DR"
[1] -0.1078006
[1] 0.1981037
[1] 0.9487179

  0   1 
 10 185 
[1] "se comparison"
[1] 0.04644637
[1] 0.2493693
[1] 196
[1] 0.03627813
[1] 0.002942111
[1] "AdaLSE"
[1] 0.02292999
[1] 0.04297532
[1] 0.9438776

  0   1 
 11 185 
[1] "Fitting mean A"
[1] "Fitting variance A"
[1] "DR"
[1] 0.1202273
[1] 0.1761398
[1] 0.9489796

  0   1 
 10 186 
[1] "se comparison"
[1] 0.04635439
[1] 0.2487405
[1] 197
[1] 0.03627813
[1] 0.002942111
[1] "AdaLSE"
[1] -0.01321449
[1] 0.04498719
[1] 0.9441624

  0   1 
 11 186 
[1] "Fitting mean A"
[1] "Fitting variance A"
[1] "DR"
[1] 0.3159277
[1] 0.2052893
[1] 0.9492386

  0   1 
 10 187 
[1] "se comparison"
[1] 0.04624675
[1] 0.2483752
[1] 198
[1] 0.03627813
[1] 0.002942111
[1] "AdaLSE"
[1] 0.03057437
[1] 0.04633404
[1] 0.9444444

  0   1 
 11 187 
[1] "Fitting mean A"
[1] "Fitting variance A"
[1] "DR"
[1] 0.2791173
[1] 0.1924336
[1] 0.9494949

  0   1 
 10 188 
[1] "se comparison"
[1] 0.04617801
[1] 0.247903
[1] 199
[1] 0.03627813
[1] 0.002942111
[1] "AdaLSE"
[1] 0.003870437
[1] 0.04243411
[1] 0.9447236

  0   1 
 11 188 
[1] "Fitting mean A"
[1] "Fitting variance A"
[1] "DR"
[1] 0.01412899
[1] 0.089055
[1] 0.9497487

  0   1 
 10 189 
[1] "se comparison"
[1] 0.04606174
[1] 0.2474773
[1] 200
[1] 0.03627813
[1] 0.002942111
[1] "AdaLSE"
[1] 0.04199686
[1] 0.04528436
[1] 0.945

  0   1 
 11 189 
[1] "Fitting mean A"
[1] "Fitting variance A"
[1] "DR"
[1] 0.06005343
[1] 0.04921622
[1] 0.95

  0   1 
 10 190 
[1] "se comparison"
[1] 0.04603775
[1] 0.2469443
[1] 201
[1] 0.03627813
[1] 0.002942111
[1] "AdaLSE"
[1] -0.04495278
[1] 0.04369561
[1] 0.9452736

  0   1 
 11 190 
[1] "Fitting mean A"
[1] "Fitting variance A"
[1] "DR"
[1] 0.1800776
[1] 0.1407047
[1] 0.9502488

  0   1 
 10 191 
[1] "se comparison"
[1] 0.04603719
[1] 0.2463332
[1] 202
[1] 0.03627813
[1] 0.002942111
[1] "AdaLSE"
[1] -0.008071186
[1] 0.04304502
[1] 0.9455446

  0   1 
 11 191 
[1] "Fitting mean A"
[1] "Fitting variance A"
[1] "DR"
[1] 0.5732563
[1] 0.48078
[1] 0.950495

  0   1 
 10 192 
[1] "se comparison"
[1] 0.04592682
[1] 0.2474857
[1] 203
[1] 0.03627813
[1] 0.002942111
[1] "AdaLSE"
[1] -0.02210157
[1] 0.04651893
[1] 0.9458128

  0   1 
 11 192 
[1] "Fitting mean A"
[1] "Fitting variance A"
[1] "DR"
[1] 0.1331644
[1] 0.1267936
[1] 0.9507389

  0   1 
 10 193 
[1] "se comparison"
[1] 0.04584122
[1] 0.2468775
[1] 204
[1] 0.03627813
[1] 0.002942111
[1] "AdaLSE"
[1] -0.06195989
[1] 0.04524575
[1] 0.9460784

  0   1 
 11 193 
[1] "Fitting mean A"
[1] "Fitting variance A"
[1] "DR"
[1] 0.08151294
[1] 0.1310243
[1] 0.9509804

  0   1 
 10 194 
[1] "se comparison"
[1] 0.04593814
[1] 0.2463235
[1] 205
[1] 0.03627813
[1] 0.002942111
[1] "AdaLSE"
[1] -0.04128583
[1] 0.04470157
[1] 0.9463415

  0   1 
 11 194 
[1] "Fitting mean A"
[1] "Fitting variance A"
[1] "DR"
[1] 0.1424277
[1] 0.1815126
[1] 0.9512195

  0   1 
 10 195 
[1] "se comparison"
[1] 0.04591778
[1] 0.2457207
[1] 206
[1] 0.03627813
[1] 0.002942111
[1] "AdaLSE"
[1] 0.01433418
[1] 0.04654373
[1] 0.9466019

  0   1 
 11 195 
[1] "Fitting mean A"
[1] "Fitting variance A"
[1] "DR"
[1] -0.2831569
[1] 0.3062778
[1] 0.9514563

  0   1 
 10 196 
[1] "se comparison"
[1] 0.04581625
[1] 0.2470173
[1] 207
[1] 0.03627813
[1] 0.002942111
[1] "AdaLSE"
[1] 0.05625007
[1] 0.04635735
[1] 0.9468599

  0   1 
 11 196 
[1] "Fitting mean A"
[1] "Fitting variance A"
[1] "DR"
[1] 0.3624736
[1] 0.2819183
[1] 0.9516908

  0   1 
 10 197 
[1] "se comparison"
[1] 0.04587029
[1] 0.2468459
[1] 208
[1] 0.03627813
[1] 0.002942111
[1] "AdaLSE"
[1] -0.1521264
[1] 0.04251624
[1] 0.9423077

  0   1 
 12 196 
[1] "Fitting mean A"
[1] "Fitting variance A"
[1] "DR"
[1] -0.1296764
[1] 0.1228902
[1] 0.9519231

  0   1 
 10 198 
[1] "se comparison"
[1] 0.04696761
[1] 0.2470345
[1] 209
[1] 0.03627813
[1] 0.002942111
[1] "AdaLSE"
[1] -0.03396819
[1] 0.04444291
[1] 0.9425837

  0   1 
 12 197 
[1] "Fitting mean A"
[1] "Fitting variance A"
[1] "DR"
[1] 0.08405058
[1] 0.1489531
[1] 0.9521531

  0   1 
 10 199 
[1] "se comparison"
[1] 0.04691275
[1] 0.2464859
[1] 210
[1] 0.03627813
[1] 0.002942111
[1] "AdaLSE"
[1] -0.06138566
[1] 0.04142893
[1] 0.9428571

  0   1 
 12 198 
[1] "Fitting mean A"
[1] "Fitting variance A"
[1] "DR"
[1] 0.01548688
[1] 0.06763964
[1] 0.952381

  0   1 
 10 200 
[1] "se comparison"
[1] 0.04698943
[1] 0.2460773
[1] 211
[1] 0.03627813
[1] 0.002942111
[1] "AdaLSE"
[1] -0.03637832
[1] 0.04482307
[1] 0.943128

  0   1 
 12 199 
[1] "Fitting mean A"
[1] "Fitting variance A"
[1] "DR"
[1] 0.0851462
[1] 0.1520528
[1] 0.9526066

  0   1 
 10 201 
[1] "se comparison"
[1] 0.04694187
[1] 0.2455337
[1] 212
[1] 0.03627813
[1] 0.002942111
[1] "AdaLSE"
[1] -0.06143816
[1] 0.04335497
[1] 0.9433962

  0   1 
 12 200 
[1] "Fitting mean A"
[1] "Fitting variance A"
[1] "DR"
[1] -0.00570027
[1] 0.05981767
[1] 0.9528302

  0   1 
 10 202 
[1] "se comparison"
[1] 0.04701517
[1] 0.2451892
[1] 213
[1] 0.03627813
[1] 0.002942111
[1] "AdaLSE"
[1] -0.04332399
[1] 0.04446037
[1] 0.943662

  0   1 
 12 201 
[1] "Fitting mean A"
[1] "Fitting variance A"
[1] "DR"
[1] -0.1535402
[1] 0.1602246
[1] 0.9530516

  0   1 
 10 203 
[1] "se comparison"
[1] 0.04699324
[1] 0.2454976
[1] 214
[1] 0.03627813
[1] 0.002942111
[1] "AdaLSE"
[1] 0.008168591
[1] 0.0432723
[1] 0.9439252

  0   1 
 12 202 
[1] "Fitting mean A"
[1] "Fitting variance A"
[1] "DR"
[1] -0.02968021
[1] 0.04367268
[1] 0.953271

  0   1 
 10 204 
[1] "se comparison"
[1] 0.04688728
[1] 0.2452263
[1] 215
[1] 0.03627813
[1] 0.002942111
[1] "AdaLSE"
[1] -0.1361329
[1] 0.04262877
[1] 0.9395349

  0   1 
 13 202 
[1] "Fitting mean A"
[1] "Fitting variance A"
[1] "DR"
[1] -0.08412755
[1] 0.1257594
[1] 0.9534884

  0   1 
 10 205 
[1] "se comparison"
[1] 0.04767332
[1] 0.2451668
[1] 216
[1] 0.03627813
[1] 0.002942111
[1] "AdaLSE"
[1] 0.02381558
[1] 0.04269528
[1] 0.9398148

  0   1 
 13 203 
[1] "Fitting mean A"
[1] "Fitting variance A"
[1] "DR"
[1] 0.01128009
[1] 0.1059202
[1] 0.9537037

  0   1 
 10 206 
[1] "se comparison"
[1] 0.04759447
[1] 0.2447715
[1] 217
[1] 0.03627813
[1] 0.002942111
[1] "AdaLSE"
[1] -0.09485579
[1] 0.04236487
[1] 0.9354839

  0   1 
 14 203 
[1] "Fitting mean A"
[1] "Fitting variance A"
[1] "DR"
[1] 0.1077938
[1] 0.1648984
[1] 0.9539171

  0   1 
 10 207 
[1] "se comparison"
[1] 0.04790276
[1] 0.2442186
[1] 218
[1] 0.03627813
[1] 0.002942111
[1] "AdaLSE"
[1] 0.005968662
[1] 0.04483991
[1] 0.9357798

  0   1 
 14 204 
[1] "Fitting mean A"
[1] "Fitting variance A"
[1] "DR"
[1] 0.1202938
[1] 0.1819122
[1] 0.9541284

  0   1 
 10 208 
[1] "se comparison"
[1] 0.04779546
[1] 0.2436618
[1] 219
[1] 0.03627813
[1] 0.002942111
[1] "AdaLSE"
[1] -0.0005833676
[1] 0.04433283
[1] 0.9360731

  0   1 
 14 205 
[1] "Fitting mean A"
[1] "Fitting variance A"
[1] "DR"
[1] 0.172194
[1] 0.1508383
[1] 0.9543379

  0   1 
 10 209 
[1] "se comparison"
[1] 0.04768583
[1] 0.2431084
[1] 220
[1] 0.03627813
[1] 0.002942111
[1] "AdaLSE"
[1] 0.005668671
[1] 0.04323034
[1] 0.9363636

  0   1 
 14 206 
[1] "Fitting mean A"
[1] "Fitting variance A"
[1] "DR"
[1] -0.05062472
[1] 0.1177123
[1] 0.9545455

  0   1 
 10 210 
[1] "se comparison"
[1] 0.04757976
[1] 0.2429172
[1] 221
[1] 0.03627813
[1] 0.002942111
[1] "AdaLSE"
[1] -0.005881337
[1] 0.04366674
[1] 0.9366516

  0   1 
 14 207 
[1] "Fitting mean A"
[1] "Fitting variance A"
[1] "DR"
[1] 0.1589677
[1] 0.1160824
[1] 0.9547511

  0   1 
 10 211 
[1] "se comparison"
[1] 0.04747218
[1] 0.2423661
[1] 222
[1] 0.03627813
[1] 0.002942111
[1] "AdaLSE"
[1] 0.1004896
[1] 0.04634696
[1] 0.9324324

  0   1 
 15 207 
[1] "Fitting mean A"
[1] "Fitting variance A"
[1] "DR"
[1] -0.3997433
[1] 0.4567565
[1] 0.954955

  0   1 
 10 212 
[1] "se comparison"
[1] 0.04786288
[1] 0.2445736
[1] 223
[1] 0.03627813
[1] 0.002942111
[1] "AdaLSE"
[1] 0.01288881
[1] 0.04314282
[1] 0.9327354

  0   1 
 15 208 
[1] "Fitting mean A"
[1] "Fitting variance A"
[1] "DR"
[1] 0.1614353
[1] 0.1164845
[1] 0.955157

  0   1 
 10 213 
[1] "se comparison"
[1] 0.04776491
[1] 0.2440251
[1] 224
[1] 0.03627813
[1] 0.002942111
[1] "AdaLSE"
[1] 0.02391344
[1] 0.04478839
[1] 0.9330357

  0   1 
 15 209 
[1] "Fitting mean A"
[1] "Fitting variance A"
[1] "DR"
[1] 0.1503363
[1] 0.2017843
[1] 0.9553571

  0   1 
 10 214 
[1] "se comparison"
[1] 0.0476882
[1] 0.2434778
[1] 225
[1] 0.03627813
[1] 0.002942111
[1] "AdaLSE"
[1] -0.04548401
[1] 0.04453438
[1] 0.9333333

  0   1 
 15 210 
[1] "Fitting mean A"
[1] "Fitting variance A"
[1] "DR"
[1] 0.04410692
[1] 0.2027406
[1] 0.9555556

  0   1 
 10 215 
[1] "se comparison"
[1] 0.04767191
[1] 0.243024
[1] 226
[1] 0.03627813
[1] 0.002942111
[1] "AdaLSE"
[1] 0.02097417
[1] 0.04370295
[1] 0.9336283

  0   1 
 15 211 
[1] "Fitting mean A"
[1] "Fitting variance A"
[1] "DR"
[1] 0.1827923
[1] 0.1919805
[1] 0.9557522

  0   1 
 10 216 
[1] "se comparison"
[1] 0.04758975
[1] 0.2424978
[1] 227
[1] 0.03627813
[1] 0.002942111
[1] "AdaLSE"
[1] -0.09808578
[1] 0.04447246
[1] 0.9295154

  0   1 
 16 211 
[1] "Fitting mean A"
[1] "Fitting variance A"
[1] "DR"
[1] -0.1949606
[1] 0.1664346
[1] 0.9559471

  0   1 
 10 217 
[1] "se comparison"
[1] 0.0479143
[1] 0.2429995
[1] 228
[1] 0.03627813
[1] 0.002942111
[1] "AdaLSE"
[1] -0.05953116
[1] 0.04430032
[1] 0.9298246

  0   1 
 16 212 
[1] "Fitting mean A"
[1] "Fitting variance A"
[1] "DR"
[1] -0.06234717
[1] 0.1277641
[1] 0.9561404

  0   1 
 10 218 
[1] "se comparison"
[1] 0.04796013
[1] 0.2428401
[1] 229
[1] 0.03627813
[1] 0.002942111
[1] "AdaLSE"
[1] -0.08227614
[1] 0.04367398
[1] 0.930131

  0   1 
 16 213 
[1] "Fitting mean A"
[1] "Fitting variance A"
[1] "DR"
[1] 0.2136339
[1] 0.1609684
[1] 0.9563319

  0   1 
 10 219 
[1] "se comparison"
[1] 0.048146
[1] 0.2423547
[1] 230
[1] 0.03627813
[1] 0.002942111
[1] "AdaLSE"
[1] -0.002227162
[1] 0.04646177
[1] 0.9304348

  0   1 
 16 214 
[1] "Fitting mean A"
[1] "Fitting variance A"
[1] "DR"
[1] 0.2918395
[1] 0.2453988
[1] 0.9565217

  0   1 
 10 220 
[1] "se comparison"
[1] 0.04804077
[1] 0.242029
[1] 231
[1] 0.03627813
[1] 0.002942111
[1] "AdaLSE"
[1] 0.001903515
[1] 0.04794285
[1] 0.9307359

  0   1 
 16 215 
[1] "Fitting mean A"
[1] "Fitting variance A"
[1] "DR"
[1] 0.3898843
[1] 0.2950981
[1] 0.95671

  0   1 
 10 221 
[1] "se comparison"
[1] 0.04793714
[1] 0.2420533
[1] 232
[1] 0.03627813
[1] 0.002942111
[1] "AdaLSE"
[1] -0.05822368
[1] 0.04485085
[1] 0.9310345

  0   1 
 16 216 
[1] "Fitting mean A"
[1] "Fitting variance A"
[1] "DR"
[1] 0.07180498
[1] 0.1625844
[1] 0.9568966

  0   1 
 10 222 
[1] "se comparison"
[1] 0.04797248
[1] 0.2415739
[1] 233
[1] 0.03627813
[1] 0.002942111
[1] "AdaLSE"
[1] -0.02529879
[1] 0.04333441
[1] 0.9313305

  0   1 
 16 217 
[1] "Fitting mean A"
[1] "Fitting variance A"
[1] "DR"
[1] 0.1887905
[1] 0.1578038
[1] 0.9570815

  0   1 
 10 223 
[1] "se comparison"
[1] 0.04789159
[1] 0.2410717
[1] 234
[1] 0.03627813
[1] 0.002942111
[1] "AdaLSE"
[1] 0.03632063
[1] 0.04272099
[1] 0.9316239

  0   1 
 16 218 
[1] "Fitting mean A"
[1] "Fitting variance A"
[1] "DR"
[1] -0.02244498
[1] 0.171998
[1] 0.957265

  0   1 
 10 224 
[1] "se comparison"
[1] 0.04785756
[1] 0.2407961
[1] 235
[1] 0.03627813
[1] 0.002942111
[1] "AdaLSE"
[1] -0.0182777
[1] 0.04360711
[1] 0.9319149

  0   1 
 16 219 
[1] "Fitting mean A"
[1] "Fitting variance A"
[1] "DR"
[1] -0.08952999
[1] 0.4000758
[1] 0.9574468

  0   1 
 10 225 
[1] "se comparison"
[1] 0.04776591
[1] 0.2407555
[1] 236
[1] 0.03627813
[1] 0.002942111
[1] "AdaLSE"
[1] -0.08479813
[1] 0.04497227
[1] 0.9322034

  0   1 
 16 220 
[1] "Fitting mean A"
[1] "Fitting variance A"
[1] "DR"
[1] -0.02098542
[1] 0.07970509
[1] 0.9576271

  0   1 
 10 226 
[1] "se comparison"
[1] 0.04796186
[1] 0.2404742
[1] 237
[1] 0.03627813
[1] 0.002942111
[1] "AdaLSE"
[1] -0.1023123
[1] 0.04461657
[1] 0.92827

  0   1 
 17 220 
[1] "Fitting mean A"
[1] "Fitting variance A"
[1] "DR"
[1] -0.06994868
[1] 0.1253296
[1] 0.9578059

  0   1 
 10 227 
[1] "se comparison"
[1] 0.04829139
[1] 0.2403528
[1] 238
[1] 0.03627813
[1] 0.002942111
[1] "AdaLSE"
[1] -0.0131314
[1] 0.04223407
[1] 0.9285714

  0   1 
 17 221 
[1] "Fitting mean A"
[1] "Fitting variance A"
[1] "DR"
[1] -0.3521371
[1] 0.3213072
[1] 0.9579832

  0   1 
 10 228 
[1] "se comparison"
[1] 0.04819336
[1] 0.2419531
[1] 239
[1] 0.03627813
[1] 0.002942111
[1] "AdaLSE"
[1] 0.06892913
[1] 0.04734707
[1] 0.9288703

  0   1 
 17 222 
[1] "Fitting mean A"
[1] "Fitting variance A"
[1] "DR"
[1] 0.3315126
[1] 0.1322908
[1] 0.9539749

  0   1 
 11 228 
[1] "se comparison"
[1] 0.04832054
[1] 0.2417704
[1] 240
[1] 0.03627813
[1] 0.002942111
[1] "AdaLSE"
[1] -0.06317651
[1] 0.04339773
[1] 0.9291667

  0   1 
 17 223 
[1] "Fitting mean A"
[1] "Fitting variance A"
[1] "DR"
[1] 0.03713789
[1] 0.2350945
[1] 0.9541667

  0   1 
 11 229 
[1] "se comparison"
[1] 0.04837382
[1] 0.2413523
[1] 241
[1] 0.03627813
[1] 0.002942111
[1] "AdaLSE"
[1] 0.01115126
[1] 0.04340302
[1] 0.9294606

  0   1 
 17 224 
[1] "Fitting mean A"
[1] "Fitting variance A"
[1] "DR"
[1] -0.01587548
[1] 0.1991764
[1] 0.9543568

  0   1 
 11 230 
[1] "se comparison"
[1] 0.04828227
[1] 0.2410524
[1] 242
[1] 0.03627813
[1] 0.002942111
[1] "AdaLSE"
[1] 0.02888381
[1] 0.04688344
[1] 0.9297521

  0   1 
 17 225 
[1] "Fitting mean A"
[1] "Fitting variance A"
[1] "DR"
[1] 0.2235187
[1] 0.14343
[1] 0.9545455

  0   1 
 11 231 
[1] "se comparison"
[1] 0.04822701
[1] 0.2406158
[1] 243
[1] 0.03627813
[1] 0.002942111
[1] "AdaLSE"
[1] -0.03672926
[1] 0.04469641
[1] 0.9300412

  0   1 
 17 226 
[1] "Fitting mean A"
[1] "Fitting variance A"
[1] "DR"
[1] -0.03251563
[1] 0.06240198
[1] 0.9547325

  0   1 
 11 232 
[1] "se comparison"
[1] 0.04817476
[1] 0.2403658
[1] 244
[1] 0.03627813
[1] 0.002942111
[1] "AdaLSE"
[1] 0.04332506
[1] 0.04413657
[1] 0.9303279

  0   1 
 17 227 
[1] "Fitting mean A"
[1] "Fitting variance A"
[1] "DR"
[1] -0.5854602
[1] 0.6370761
[1] 0.954918

  0   1 
 11 233 
[1] "se comparison"
[1] 0.04816901
[1] 0.2442871
[1] 245
[1] 0.03627813
[1] 0.002942111
[1] "AdaLSE"
[1] -0.09333995
[1] 0.04315455
[1] 0.9265306

  0   1 
 18 227 
[1] "Fitting mean A"
[1] "Fitting variance A"
[1] "DR"
[1] 0.06267495
[1] 0.1578519
[1] 0.955102

  0   1 
 11 234 
[1] "se comparison"
[1] 0.0484129
[1] 0.2438284
[1] 246
[1] 0.03627813
[1] 0.002942111
[1] "AdaLSE"
[1] 0.01408495
[1] 0.04552279
[1] 0.9268293

  0   1 
 18 228 
[1] "Fitting mean A"
[1] "Fitting variance A"
[1] "DR"
[1] 0.07019002
[1] 0.04514162
[1] 0.9552846

  0   1 
 11 235 
[1] "se comparison"
[1] 0.04832731
[1] 0.2433639
[1] 247
[1] 0.03627813
[1] 0.002942111
[1] "AdaLSE"
[1] 0.02282744
[1] 0.04447204
[1] 0.9271255

  0   1 
 18 229 
[1] "Fitting mean A"
[1] "Fitting variance A"
[1] "DR"
[1] 0.05844068
[1] 0.06943128
[1] 0.9554656

  0   1 
 11 236 
[1] "se comparison"
[1] 0.04825835
[1] 0.2429155
[1] 248
[1] 0.03627813
[1] 0.002942111
[1] "AdaLSE"
[1] -0.006321515
[1] 0.04560455
[1] 0.9274194

  0   1 
 18 230 
[1] "Fitting mean A"
[1] "Fitting variance A"
[1] "DR"
[1] 0.02590104
[1] 0.06891456
[1] 0.9556452

  0   1 
 11 237 
[1] "se comparison"
[1] 0.04816089
[1] 0.2425187
[1] 249
[1] 0.03627813
[1] 0.002942111
[1] "AdaLSE"
[1] 0.005392834
[1] 0.04155089
[1] 0.9277108

  0   1 
 18 231 
[1] "Fitting mean A"
[1] "Fitting variance A"
[1] "DR"
[1] 0.3373071
[1] 0.1653132
[1] 0.9518072

  0   1 
 12 237 
[1] "se comparison"
[1] 0.04806702
[1] 0.2423766
[1] 250
[1] 0.03627813
[1] 0.002942111
[1] "AdaLSE"
[1] 0.0408825
[1] 0.04499103
[1] 0.928

  0   1 
 18 232 
[1] "Fitting mean A"
[1] "Fitting variance A"
[1] "DR"
[1] 0.2580667
[1] 0.19374
[1] 0.952

  0   1 
 12 238 
[1] "se comparison"
[1] 0.04805245
[1] 0.2420179
[1] 251
[1] 0.03627813
[1] 0.002942111
[1] "AdaLSE"
[1] 0.000328775
[1] 0.04588766
[1] 0.9282869

  0   1 
 18 233 
[1] "Fitting mean A"
[1] "Fitting variance A"
[1] "DR"
[1] -0.04642137
[1] 0.1736793
[1] 0.9521912

  0   1 
 12 239 
[1] "se comparison"
[1] 0.04795681
[1] 0.2418014
[1] 252
[1] 0.03627813
[1] 0.002942111
[1] "AdaLSE"
[1] -0.001433064
[1] 0.04489128
[1] 0.9285714

  0   1 
 18 234 
[1] "Fitting mean A"
[1] "Fitting variance A"
[1] "DR"
[1] 0.2431289
[1] 0.2124272
[1] 0.952381

  0   1 
 12 240 
[1] "se comparison"
[1] 0.04786132
[1] 0.2414186
[1] 253
[1] 0.03627813
[1] 0.002942111
[1] "AdaLSE"
[1] 0.03394988
[1] 0.04317496
[1] 0.9288538

  0   1 
 18 235 
[1] "Fitting mean A"
[1] "Fitting variance A"
[1] "DR"
[1] 0.1016941
[1] 0.2034702
[1] 0.9525692

  0   1 
 12 241 
[1] "se comparison"
[1] 0.04782364
[1] 0.2409475
[1] 254
[1] 0.03627813
[1] 0.002942111
[1] "AdaLSE"
[1] 0.007409826
[1] 0.04455809
[1] 0.9291339

  0   1 
 18 236 
[1] "Fitting mean A"
[1] "Fitting variance A"
[1] "DR"
[1] 0.2034079
[1] 0.1358463
[1] 0.9527559

  0   1 
 12 242 
[1] "se comparison"
[1] 0.04773363
[1] 0.2405108
[1] 255
[1] 0.03627813
[1] 0.002942111
[1] "AdaLSE"
[1] 0.007027015
[1] 0.04599945
[1] 0.9294118

  0   1 
 18 237 
[1] "Fitting mean A"
[1] "Fitting variance A"
[1] "DR"
[1] 0.1451205
[1] 0.1524423
[1] 0.9529412

  0   1 
 12 243 
[1] "se comparison"
[1] 0.0476438
[1] 0.240038
[1] 256
[1] 0.03627813
[1] 0.002942111
[1] "AdaLSE"
[1] -0.02914665
[1] 0.04198136
[1] 0.9296875

  0   1 
 18 238 
[1] "Fitting mean A"
[1] "Fitting variance A"
[1] "DR"
[1] 0.158249
[1] 0.2176772
[1] 0.953125

  0   1 
 12 244 
[1] "se comparison"
[1] 0.04757821
[1] 0.2395717
[1] 257
[1] 0.03627813
[1] 0.002942111
[1] "AdaLSE"
[1] -0.04077912
[1] 0.04403644
[1] 0.9299611

  0   1 
 18 239 
[1] "Fitting mean A"
[1] "Fitting variance A"
[1] "DR"
[1] 0.0612927
[1] 0.1553858
[1] 0.9533074

  0   1 
 12 245 
[1] "se comparison"
[1] 0.04754311
[1] 0.2391463
[1] 258
[1] 0.03627813
[1] 0.002942111
[1] "AdaLSE"
[1] -0.04355371
[1] 0.04298235
[1] 0.9302326

  0   1 
 18 240 
[1] "Fitting mean A"
[1] "Fitting variance A"
[1] "DR"
[1] 0.1617397
[1] 0.09890034
[1] 0.9534884

  0   1 
 12 246 
[1] "se comparison"
[1] 0.0475166
[1] 0.238687
[1] 259
[1] 0.03627813
[1] 0.002942111
[1] "AdaLSE"
[1] 0.07803723
[1] 0.04533349
[1] 0.9305019

  0   1 
 18 241 
[1] "Fitting mean A"
[1] "Fitting variance A"
[1] "DR"
[1] 0.349586
[1] 0.1891468
[1] 0.953668

  0   1 
 12 247 
[1] "se comparison"
[1] 0.04769411
[1] 0.2386011
[1] 260
[1] 0.03627813
[1] 0.002942111
[1] "AdaLSE"
[1] -0.05740504
[1] 0.04374954
[1] 0.9307692

  0   1 
 18 242 
[1] "Fitting mean A"
[1] "Fitting variance A"
[1] "DR"
[1] 0.1096536
[1] 0.1654459
[1] 0.9538462

  0   1 
 12 248 
[1] "se comparison"
[1] 0.04772068
[1] 0.2381451
[1] 261
[1] 0.03627813
[1] 0.002942111
[1] "AdaLSE"
[1] 0.06424293
[1] 0.04380773
[1] 0.9310345

  0   1 
 18 243 
[1] "Fitting mean A"
[1] "Fitting variance A"
[1] "DR"
[1] 0.1690753
[1] 0.1468915
[1] 0.954023

  0   1 
 12 249 
[1] "se comparison"
[1] 0.04781233
[1] 0.2376963
[1] 262
[1] 0.03627813
[1] 0.002942111
[1] "AdaLSE"
[1] -0.02674778
[1] 0.0442322
[1] 0.9312977

  0   1 
 18 244 
[1] "Fitting mean A"
[1] "Fitting variance A"
[1] "DR"
[1] -0.183199
[1] 0.2765192
[1] 0.9541985

  0   1 
 12 250 
[1] "se comparison"
[1] 0.04774299
[1] 0.2380517
[1] 263
[1] 0.03627813
[1] 0.002942111
[1] "AdaLSE"
[1] -0.05250474
[1] 0.04307495
[1] 0.9315589

  0   1 
 18 245 
[1] "Fitting mean A"
[1] "Fitting variance A"
[1] "DR"
[1] 0.2055602
[1] 0.2517376
[1] 0.9543726

  0   1 
 12 251 
[1] "se comparison"
[1] 0.04774868
[1] 0.2376386
[1] 264
[1] 0.03627813
[1] 0.002942111
[1] "AdaLSE"
[1] 0.0649275
[1] 0.04560781
[1] 0.9318182

  0   1 
 18 246 
[1] "Fitting mean A"
[1] "Fitting variance A"
[1] "DR"
[1] 0.1137279
[1] 0.0788653
[1] 0.9545455

  0   1 
 12 252 
[1] "se comparison"
[1] 0.04784292
[1] 0.2371896
[1] 265
[1] 0.03627813
[1] 0.002942111
[1] "AdaLSE"
[1] -0.004180746
[1] 0.04057924
[1] 0.9320755

  0   1 
 18 247 
[1] "Fitting mean A"
[1] "Fitting variance A"
[1] "DR"
[1] -0.006919939
[1] 0.04751235
[1] 0.954717

  0   1 
 12 253 
[1] "se comparison"
[1] 0.04775226
[1] 0.2368973
[1] 266
[1] 0.03627813
[1] 0.002942111
[1] "AdaLSE"
[1] -0.06988519
[1] 0.0402442
[1] 0.9323308

  0   1 
 18 248 
[1] "Fitting mean A"
[1] "Fitting variance A"
[1] "DR"
[1] -0.04136442
[1] 0.09775185
[1] 0.9548872

  0   1 
 12 254 
[1] "se comparison"
[1] 0.0478375
[1] 0.2366916
[1] 267
[1] 0.03627813
[1] 0.002942111
[1] "AdaLSE"
[1] 0.01143818
[1] 0.04351212
[1] 0.9325843

  0   1 
 18 249 
[1] "Fitting mean A"
[1] "Fitting variance A"
[1] "DR"
[1] 0.01387239
[1] 0.06200433
[1] 0.9550562

  0   1 
 12 255 
[1] "se comparison"
[1] 0.0477561
[1] 0.2363577
[1] 268
[1] 0.03627813
[1] 0.002942111
[1] "AdaLSE"
[1] -0.04688539
[1] 0.04594575
[1] 0.9328358

  0   1 
 18 250 
[1] "Fitting mean A"
[1] "Fitting variance A"
[1] "DR"
[1] -0.5332227
[1] 0.506191
[1] 0.9552239

  0   1 
 12 256 
[1] "se comparison"
[1] 0.04774079
[1] 0.2393884
[1] 269
[1] 0.03627813
[1] 0.002942111
[1] "AdaLSE"
[1] 0.0943414
[1] 0.04317925
[1] 0.929368

  0   1 
 19 250 
[1] "Fitting mean A"
[1] "Fitting variance A"
[1] "DR"
[1] -0.08264843
[1] 0.2039121
[1] 0.9553903

  0   1 
 12 257 
[1] "se comparison"
[1] 0.04802352
[1] 0.2392912
[1] 270
[1] 0.03627813
[1] 0.002942111
[1] "AdaLSE"
[1] -0.004535589
[1] 0.04313626
[1] 0.9296296

  0   1 
 19 251 
[1] "Fitting mean A"
[1] "Fitting variance A"
[1] "DR"
[1] 0.1557492
[1] 0.170111
[1] 0.9555556

  0   1 
 12 258 
[1] "se comparison"
[1] 0.04793425
[1] 0.2388517
[1] 271
[1] 0.03627813
[1] 0.002942111
[1] "AdaLSE"
[1] -0.01009098
[1] 0.04220038
[1] 0.9298893

  0   1 
 19 252 
[1] "Fitting mean A"
[1] "Fitting variance A"
[1] "DR"
[1] -0.2381351
[1] 0.3062519
[1] 0.9557196

  0   1 
 12 259 
[1] "se comparison"
[1] 0.04784727
[1] 0.2394487
[1] 272
[1] 0.03627813
[1] 0.002942111
[1] "AdaLSE"
[1] 0.09947034
[1] 0.04361914
[1] 0.9264706

  0   1 
 20 252 
[1] "Fitting mean A"
[1] "Fitting variance A"
[1] "DR"
[1] 0.07230224
[1] 0.05282274
[1] 0.9558824

  0   1 
 12 260 
[1] "se comparison"
[1] 0.04816259
[1] 0.2390299
[1] 273
[1] 0.03627813
[1] 0.002942111
[1] "AdaLSE"
[1] -0.06673934
[1] 0.04264081
[1] 0.9267399

  0   1 
 20 253 
[1] "Fitting mean A"
[1] "Fitting variance A"
[1] "DR"
[1] 0.01201295
[1] 0.1179906
[1] 0.956044

  0   1 
 12 261 
[1] "se comparison"
[1] 0.04822958
[1] 0.238692
[1] 274
[1] 0.03627813
[1] 0.002942111
[1] "AdaLSE"
[1] -0.03181563
[1] 0.04567779
[1] 0.9270073

  0   1 
 20 254 
[1] "Fitting mean A"
[1] "Fitting variance A"
[1] "DR"
[1] -0.08843458
[1] 0.1453727
[1] 0.9562044

  0   1 
 12 262 
[1] "se comparison"
[1] 0.0481726
[1] 0.2386091
[1] 275
[1] 0.03627813
[1] 0.002942111
[1] "AdaLSE"
[1] -0.03027038
[1] 0.04341462
[1] 0.9272727

  0   1 
 20 255 
[1] "Fitting mean A"
[1] "Fitting variance A"
[1] "DR"
[1] 0.008676855
[1] 0.2333895
[1] 0.9563636

  0   1 
 12 263 
[1] "se comparison"
[1] 0.04811248
[1] 0.2382784
[1] 276
[1] 0.03627813
[1] 0.002942111
[1] "AdaLSE"
[1] -0.05588724
[1] 0.04354103
[1] 0.9275362

  0   1 
 20 256 
[1] "Fitting mean A"
[1] "Fitting variance A"
[1] "DR"
[1] 0.007048976
[1] 0.1423773
[1] 0.9565217

  0   1 
 12 264 
[1] "se comparison"
[1] 0.04812945
[1] 0.2379519
[1] 277
[1] 0.03627813
[1] 0.002942111
[1] "AdaLSE"
[1] -0.04626736
[1] 0.0450687
[1] 0.9277978

  0   1 
 20 257 
[1] "Fitting mean A"
[1] "Fitting variance A"
[1] "DR"
[1] -0.06064655
[1] 0.1657747
[1] 0.9566787

  0   1 
 12 265 
[1] "se comparison"
[1] 0.04811115
[1] 0.2377827
[1] 278
[1] 0.03627813
[1] 0.002942111
[1] "AdaLSE"
[1] -0.04089085
[1] 0.04412908
[1] 0.9280576

  0   1 
 20 258 
[1] "Fitting mean A"
[1] "Fitting variance A"
[1] "DR"
[1] -0.01323145
[1] 0.1419947
[1] 0.9568345

  0   1 
 12 266 
[1] "se comparison"
[1] 0.04807638
[1] 0.2374968
[1] 279
[1] 0.03627813
[1] 0.002942111
[1] "AdaLSE"
[1] 0.1225907
[1] 0.04401172
[1] 0.9247312

  0   1 
 21 258 
[1] "Fitting mean A"
[1] "Fitting variance A"
[1] "DR"
[1] 0.04406161
[1] 0.1124849
[1] 0.9569892

  0   1 
 12 267 
[1] "se comparison"
[1] 0.04858176
[1] 0.2371176
[1] 280
[1] 0.03627813
[1] 0.002942111
[1] "AdaLSE"
[1] 0.08191752
[1] 0.05202541
[1] 0.925

  0   1 
 21 259 
[1] "Fitting mean A"
[1] "Fitting variance A"
[1] "DR"
[1] 0.1137294
[1] 0.2200287
[1] 0.9571429

  0   1 
 12 268 
[1] "se comparison"
[1] 0.04876095
[1] 0.2366931
[1] 281
[1] 0.03627813
[1] 0.002942111
[1] "AdaLSE"
[1] -0.08912487
[1] 0.043878
[1] 0.9217082

  0   1 
 22 259 
[1] "Fitting mean A"
[1] "Fitting variance A"
[1] "DR"
[1] 0.4840467
[1] 0.5584467
[1] 0.9572954

  0   1 
 12 269 
[1] "se comparison"
[1] 0.04894458
[1] 0.2372459
[1] 282
[1] 0.03627813
[1] 0.002942111
[1] "AdaLSE"
[1] 0.02485668
[1] 0.04438893
[1] 0.9219858

  0   1 
 22 260 
[1] "Fitting mean A"
[1] "Fitting variance A"
[1] "DR"
[1] 0.8577165
[1] 0.6463463
[1] 0.9574468

  0   1 
 12 270 
[1] "se comparison"
[1] 0.04888607
[1] 0.2408095
[1] 283
[1] 0.03627813
[1] 0.002942111
[1] "AdaLSE"
[1] 0.02817193
[1] 0.04326975
[1] 0.9222615

  0   1 
 22 261 
[1] "Fitting mean A"
[1] "Fitting variance A"
[1] "DR"
[1] 0.008934329
[1] 0.1512631
[1] 0.9575972

  0   1 
 12 271 
[1] "se comparison"
[1] 0.04883482
[1] 0.2404856
[1] 284
[1] 0.03627813
[1] 0.002942111
[1] "AdaLSE"
[1] -0.05650301
[1] 0.04416466
[1] 0.9225352

  0   1 
 22 262 
[1] "Fitting mean A"
[1] "Fitting variance A"
[1] "DR"
[1] -0.1088233
[1] 0.1880377
[1] 0.9577465

  0   1 
 12 272 
[1] "se comparison"
[1] 0.04885159
[1] 0.2404684
[1] 285
[1] 0.03627813
[1] 0.002942111
[1] "AdaLSE"
[1] 0.04441223
[1] 0.04615472
[1] 0.922807

  0   1 
 22 263 
[1] "Fitting mean A"
[1] "Fitting variance A"
[1] "DR"
[1] 0.291739
[1] 0.2202001
[1] 0.9578947

  0   1 
 12 273 
[1] "se comparison"
[1] 0.04884708
[1] 0.2402446
[1] 286
[1] 0.03627813
[1] 0.002942111
[1] "AdaLSE"
[1] -0.04729545
[1] 0.0432986
[1] 0.9230769

  0   1 
 22 264 
[1] "Fitting mean A"
[1] "Fitting variance A"
[1] "DR"
[1] 0.4732938
[1] 0.5263831
[1] 0.958042

  0   1 
 12 274 
[1] "se comparison"
[1] 0.04883142
[1] 0.2406958
[1] 287
[1] 0.03627813
[1] 0.002942111
[1] "AdaLSE"
[1] 0.007773295
[1] 0.04599138
[1] 0.9233449

  0   1 
 22 265 
[1] "Fitting mean A"
[1] "Fitting variance A"
[1] "DR"
[1] -0.5568473
[1] 0.5919911
[1] 0.9581882

  0   1 
 12 275 
[1] "se comparison"
[1] 0.04875029
[1] 0.2436527
[1] 288
[1] 0.03627813
[1] 0.002942111
[1] "AdaLSE"
[1] -0.005769058
[1] 0.04403823
[1] 0.9236111

  0   1 
 22 266 
[1] "Fitting mean A"
[1] "Fitting variance A"
[1] "DR"
[1] -0.2507419
[1] 0.2801354
[1] 0.9583333

  0   1 
 12 276 
[1] "se comparison"
[1] 0.04866553
[1] 0.2442375
[1] 289
[1] 0.03627813
[1] 0.002942111
[1] "AdaLSE"
[1] -0.01458883
[1] 0.04442959
[1] 0.9238754

  0   1 
 22 267 
[1] "Fitting mean A"
[1] "Fitting variance A"
[1] "DR"
[1] 0.2035271
[1] 0.1247625
[1] 0.9584775

  0   1 
 12 277 
[1] "se comparison"
[1] 0.0485856
[1] 0.2438575
[1] 290
[1] 0.03627813
[1] 0.002942111
[1] "AdaLSE"
[1] -0.04259419
[1] 0.04637601
[1] 0.9241379

  0   1 
 22 268 
[1] "Fitting mean A"
[1] "Fitting variance A"
[1] "DR"
[1] 0.256128
[1] 0.164634
[1] 0.9586207

  0   1 
 12 278 
[1] "se comparison"
[1] 0.04855654
[1] 0.2435575
[1] 291
[1] 0.03627813
[1] 0.002942111
[1] "AdaLSE"
[1] 0.01536109
[1] 0.04385969
[1] 0.9243986

  0   1 
 22 269 
[1] "Fitting mean A"
[1] "Fitting variance A"
[1] "DR"
[1] 0.2109196
[1] 0.1046806
[1] 0.9553265

  0   1 
 13 278 
[1] "se comparison"
[1] 0.04848517
[1] 0.2431892
[1] 292
[1] 0.03627813
[1] 0.002942111
[1] "AdaLSE"
[1] -0.01228125
[1] 0.04361027
[1] 0.9246575

  0   1 
 22 270 
[1] "Fitting mean A"
[1] "Fitting variance A"
[1] "DR"
[1] 0.4714917
[1] 0.2598054
[1] 0.9554795

  0   1 
 13 279 
[1] "se comparison"
[1] 0.04840464
[1] 0.2436141
[1] 293
[1] 0.03627813
[1] 0.002942111
[1] "AdaLSE"
[1] -0.008163213
[1] 0.04636365
[1] 0.9249147

  0   1 
 22 271 
[1] "Fitting mean A"
[1] "Fitting variance A"
[1] "DR"
[1] 0.204261
[1] 0.1336406
[1] 0.9556314

  0   1 
 13 280 
[1] "se comparison"
[1] 0.04832252
[1] 0.2432389
[1] 294
[1] 0.03627813
[1] 0.002942111
[1] "AdaLSE"
[1] 0.05592449
[1] 0.0434453
[1] 0.9251701

  0   1 
 22 272 
[1] "Fitting mean A"
[1] "Fitting variance A"
[1] "DR"
[1] 0.1480453
[1] 0.09700099
[1] 0.9557823

  0   1 
 13 281 
[1] "se comparison"
[1] 0.04836366
[1] 0.2428266
[1] 295
[1] 0.03627813
[1] 0.002942111
[1] "AdaLSE"
[1] 0.02797002
[1] 0.04730247
[1] 0.9254237

  0   1 
 22 273 
[1] "Fitting mean A"
[1] "Fitting variance A"
[1] "DR"
[1] 0.01647758
[1] 0.07498629
[1] 0.9559322

  0   1 
 13 282 
[1] "se comparison"
[1] 0.0483153
[1] 0.2424986
[1] 296
[1] 0.03627813
[1] 0.002942111
[1] "AdaLSE"
[1] -0.02136266
[1] 0.04466851
[1] 0.9256757

  0   1 
 22 274 
[1] "Fitting mean A"
[1] "Fitting variance A"
[1] "DR"
[1] -0.201341
[1] 0.276759
[1] 0.9560811

  0   1 
 13 283 
[1] "se comparison"
[1] 0.0482451
[1] 0.2428365
[1] 297
[1] 0.03627813
[1] 0.002942111
[1] "AdaLSE"
[1] 0.05231433
[1] 0.04927971
[1] 0.9259259

  0   1 
 22 275 
[1] "Fitting mean A"
[1] "Fitting variance A"
[1] "DR"
[1] 0.08586159
[1] 0.08124745
[1] 0.956229

  0   1 
 13 284 
[1] "se comparison"
[1] 0.04827074
[1] 0.2424368
[1] 298
[1] 0.03627813
[1] 0.002942111
[1] "AdaLSE"
[1] 0.02718457
[1] 0.04445234
[1] 0.9261745

  0   1 
 22 276 
[1] "Fitting mean A"
[1] "Fitting variance A"
[1] "DR"
[1] 0.1232981
[1] 0.1761354
[1] 0.9563758

  0   1 
 13 285 
[1] "se comparison"
[1] 0.04822093
[1] 0.2420284
[1] 299
[1] 0.03627813
[1] 0.002942111
[1] "AdaLSE"
[1] 0.107225
[1] 0.04732633
[1] 0.9230769

  0   1 
 23 276 
[1] "Fitting mean A"
[1] "Fitting variance A"
[1] "DR"
[1] 0.07254464
[1] 0.1063023
[1] 0.9565217

  0   1 
 13 286 
[1] "se comparison"
[1] 0.04855871
[1] 0.2416412
[1] 300
[1] 0.03627813
[1] 0.002942111
[1] "AdaLSE"
[1] 0.05124204
[1] 0.04840281
[1] 0.9233333

  0   1 
 23 277 
[1] "Fitting mean A"
[1] "Fitting variance A"
[1] "DR"
[1] 0.08926172
[1] 0.121176
[1] 0.9566667

  0   1 
 13 287 
[1] "se comparison"
[1] 0.04857642
[1] 0.2412457
[1] 301
[1] 0.03627813
[1] 0.002942111
[1] "AdaLSE"
[1] 0.08623399
[1] 0.04502316
[1] 0.923588

  0   1 
 23 278 
[1] "Fitting mean A"
[1] "Fitting variance A"
[1] "DR"
[1] 1.222565
[1] 0.8479086
[1] 0.9568106

  0   1 
 13 288 
[1] "se comparison"
[1] 0.04876291
[1] 0.2490126
[1] 302
[1] 0.03627813
[1] 0.002942111
[1] "AdaLSE"
[1] -0.03445702
[1] 0.04545159
[1] 0.9238411

  0   1 
 23 279 
[1] "Fitting mean A"
[1] "Fitting variance A"
[1] "DR"
[1] 0.2609367
[1] 0.1915377
[1] 0.9569536

  0   1 
 13 289 
[1] "se comparison"
[1] 0.04871773
[1] 0.2487151
[1] 303
[1] 0.03627813
[1] 0.002942111
[1] "AdaLSE"
[1] 0.06810003
[1] 0.04374279
[1] 0.9240924

  0   1 
 23 280 
[1] "Fitting mean A"
[1] "Fitting variance A"
[1] "DR"
[1] 0.1893304
[1] 0.1860295
[1] 0.9570957

  0   1 
 13 290 
[1] "se comparison"
[1] 0.0488038
[1] 0.248327
[1] 304
[1] 0.03627813
[1] 0.002942111
[1] "AdaLSE"
[1] 0.005109692
[1] 0.0438719
[1] 0.9243421

  0   1 
 23 281 
[1] "Fitting mean A"
[1] "Fitting variance A"
[1] "DR"
[1] -0.07562818
[1] 0.1006423
[1] 0.9572368

  0   1 
 13 291 
[1] "se comparison"
[1] 0.04872483
[1] 0.2481955
[1] 305
[1] 0.03627813
[1] 0.002942111
[1] "AdaLSE"
[1] -0.04914026
[1] 0.04583881
[1] 0.9245902

  0   1 
 23 282 
[1] "Fitting mean A"
[1] "Fitting variance A"
[1] "DR"
[1] 0.04036344
[1] 0.1084074
[1] 0.957377

  0   1 
 13 292 
[1] "se comparison"
[1] 0.04872003
[1] 0.2478385
[1] 306
[1] 0.03627813
[1] 0.002942111
[1] "AdaLSE"
[1] 0.01021995
[1] 0.04593959
[1] 0.9248366

  0   1 
 23 283 
[1] "Fitting mean A"
[1] "Fitting variance A"
[1] "DR"
[1] -1.139593
[1] 1.139367
[1] 0.9575163

  0   1 
 13 293 
[1] "se comparison"
[1] 0.04864509
[1] 0.2578305
[1] 307
[1] 0.03627813
[1] 0.002942111
[1] "AdaLSE"
[1] 0.01323558
[1] 0.04561167
[1] 0.9250814

  0   1 
 23 284 
[1] "Fitting mean A"
[1] "Fitting variance A"
[1] "DR"
[1] 0.2958963
[1] 0.1275967
[1] 0.9543974

  0   1 
 14 293 
[1] "se comparison"
[1] 0.04857326
[1] 0.2575952
[1] 308
[1] 0.03627813
[1] 0.002942111
[1] "AdaLSE"
[1] -0.08650026
[1] 0.04310674
[1] 0.9220779

  0   1 
 24 284 
[1] "Fitting mean A"
[1] "Fitting variance A"
[1] "DR"
[1] 0.03770518
[1] 0.2044452
[1] 0.9545455

  0   1 
 14 294 
[1] "se comparison"
[1] 0.04873316
[1] 0.2572232
[1] 309
[1] 0.03627813
[1] 0.002942111
[1] "AdaLSE"
[1] -0.01708445
[1] 0.04578143
[1] 0.9223301

  0   1 
 24 285 
[1] "Fitting mean A"
[1] "Fitting variance A"
[1] "DR"
[1] 0.1883603
[1] 0.2189523
[1] 0.9546926

  0   1 
 14 295 
[1] "se comparison"
[1] 0.04866139
[1] 0.256831
[1] 310
[1] 0.03627813
[1] 0.002942111
[1] "AdaLSE"
[1] -0.05313445
[1] 0.0443528
[1] 0.9225806

  0   1 
 24 286 
[1] "Fitting mean A"
[1] "Fitting variance A"
[1] "DR"
[1] -0.2272614
[1] 0.1949278
[1] 0.9548387

  0   1 
 14 296 
[1] "se comparison"
[1] 0.0486686
[1] 0.2571931
[1] 311
[1] 0.03627813
[1] 0.002942111
[1] "AdaLSE"
[1] 0.02496874
[1] 0.04819344
[1] 0.9228296

  0   1 
 24 287 
[1] "Fitting mean A"
[1] "Fitting variance A"
[1] "DR"
[1] 0.2552049
[1] 0.1538093
[1] 0.9549839

  0   1 
 14 297 
[1] "se comparison"
[1] 0.04861477
[1] 0.2568864
[1] 312
[1] 0.03627813
[1] 0.002942111
[1] "AdaLSE"
[1] 0.02626058
[1] 0.04608435
[1] 0.9230769

  0   1 
 24 288 
[1] "Fitting mean A"
[1] "Fitting variance A"
[1] "DR"
[1] 0.2460782
[1] 0.2166862
[1] 0.9551282

  0   1 
 14 298 
[1] "se comparison"
[1] 0.04856345
[1] 0.2565662
[1] 313
[1] 0.03627813
[1] 0.002942111
[1] "AdaLSE"
[1] 0.06045393
[1] 0.04309964
[1] 0.9233227

  0   1 
 24 289 
[1] "Fitting mean A"
[1] "Fitting variance A"
[1] "DR"
[1] -0.3881421
[1] 0.3917635
[1] 0.9552716

  0   1 
 14 299 
[1] "se comparison"
[1] 0.0486147
[1] 0.2577877
[1] 314
[1] 0.03627813
[1] 0.002942111
[1] "AdaLSE"
[1] -0.04380852
[1] 0.04304085
[1] 0.9235669

  0   1 
 24 290 
[1] "Fitting mean A"
[1] "Fitting variance A"
[1] "DR"
[1] 0.04756521
[1] 0.227703
[1] 0.955414

  0   1 
 14 300 
[1] "se comparison"
[1] 0.04859431
[1] 0.2574105
[1] 315
[1] 0.03627813
[1] 0.002942111
[1] "AdaLSE"
[1] -0.05546207
[1] 0.04476148
[1] 0.9238095

  0   1 
 24 291 
[1] "Fitting mean A"
[1] "Fitting variance A"
[1] "DR"
[1] 0.02946962
[1] 0.2242204
[1] 0.9555556

  0   1 
 14 301 
[1] "se comparison"
[1] 0.04860984
[1] 0.2570538
[1] 316
[1] 0.03627813
[1] 0.002942111
[1] "AdaLSE"
[1] 0.06361379
[1] 0.04289251
[1] 0.9240506

  0   1 
 24 292 
[1] "Fitting mean A"
[1] "Fitting variance A"
[1] "DR"
[1] 0.3749367
[1] 0.2087227
[1] 0.9556962

  0   1 
 14 302 
[1] "se comparison"
[1] 0.04867405
[1] 0.2570389
[1] 317
[1] 0.03627813
[1] 0.002942111
[1] "AdaLSE"
[1] 0.02879927
[1] 0.04273891
[1] 0.9242902

  0   1 
 24 293 
[1] "Fitting mean A"
[1] "Fitting variance A"
[1] "DR"
[1] 0.02743619
[1] 0.1526871
[1] 0.955836

  0   1 
 14 303 
[1] "se comparison"
[1] 0.04862793
[1] 0.256688
[1] 318
[1] 0.03627813
[1] 0.002942111
[1] "AdaLSE"
[1] 0.00725415
[1] 0.04590557
[1] 0.9245283

  0   1 
 24 294 
[1] "Fitting mean A"
[1] "Fitting variance A"
[1] "DR"
[1] 0.1304387
[1] 0.1319187
[1] 0.9559748

  0   1 
 14 304 
[1] "se comparison"
[1] 0.04855393
[1] 0.2562832
[1] 319
[1] 0.03627813
[1] 0.002942111
[1] "AdaLSE"
[1] 0.06768636
[1] 0.04370064
[1] 0.9247649

  0   1 
 24 295 
[1] "Fitting mean A"
[1] "Fitting variance A"
[1] "DR"
[1] 0.3342501
[1] 0.2019269
[1] 0.9561129

  0   1 
 14 305 
[1] "se comparison"
[1] 0.04863412
[1] 0.2561538
[1] 320
[1] 0.03627813
[1] 0.002942111
[1] "AdaLSE"
[1] -0.0280308
[1] 0.04298149
[1] 0.925

  0   1 
 24 296 
[1] "Fitting mean A"
[1] "Fitting variance A"
[1] "DR"
[1] -0.02830169
[1] 0.09349296
[1] 0.95625

  0   1 
 14 306 
[1] "se comparison"
[1] 0.04858006
[1] 0.2558925
[1] 321
[1] 0.03627813
[1] 0.002942111
[1] "AdaLSE"
[1] 0.008254762
[1] 0.04436164
[1] 0.9252336

  0   1 
 24 297 
[1] "Fitting mean A"
[1] "Fitting variance A"
[1] "DR"
[1] 0.01341435
[1] 0.1532923
[1] 0.9563863

  0   1 
 14 307 
[1] "se comparison"
[1] 0.04850736
[1] 0.2555655
[1] 322
[1] 0.03627813
[1] 0.002942111
[1] "AdaLSE"
[1] 0.02212715
[1] 0.04252591
[1] 0.9254658

  0   1 
 24 298 
[1] "Fitting mean A"
[1] "Fitting variance A"
[1] "DR"
[1] 0.05948584
[1] 0.08230914
[1] 0.9565217

  0   1 
 14 308 
[1] "se comparison"
[1] 0.04845009
[1] 0.2551913
[1] 323
[1] 0.03627813
[1] 0.002942111
[1] "AdaLSE"
[1] 0.000975474
[1] 0.04557915
[1] 0.9256966

  0   1 
 24 299 
[1] "Fitting mean A"
[1] "Fitting variance A"
[1] "DR"
[1] 0.0257839
[1] 0.09403402
[1] 0.9566563

  0   1 
 14 309 
[1] "se comparison"
[1] 0.04837503
[1] 0.2548515
[1] 324
[1] 0.03627813
[1] 0.002942111
[1] "AdaLSE"
[1] -0.05088155
[1] 0.04140421
[1] 0.9259259

  0   1 
 24 300 
[1] "Fitting mean A"
[1] "Fitting variance A"
[1] "DR"
[1] 0.0395021
[1] 0.171052
[1] 0.9567901

  0   1 
 14 310 
[1] "se comparison"
[1] 0.04837727
[1] 0.254498
[1] 325
[1] 0.03627813
[1] 0.002942111
