LOADING R
R LOADED
[1] "/home/lvanderl/Rlibs2"                         
[2] "/app/software/R/4.2.2-foss-2021b/lib/R/library"
[1] "/home/lvanderl/sieveSims"
[1] 1
[1] 0.0008527623
[1] -0.02984355
[1] "AdaLSE"
[1] 0.001568579
[1] 0.05697982
[1] 1

1 
1 
[1] "Fitting mean A"
[1] "Fitting variance A"
[1] "DR"
[1] -0.0007277081
[1] 0.04878299
[1] 1

1 
1 
[1] "se comparison"
[1] NA
[1] NA
[1] 2
[1] 0.0008527623
[1] -0.02984355
[1] "AdaLSE"
[1] 0.1040817
[1] 0.06253793
[1] 0.5

0 1 
1 1 
[1] "Fitting mean A"
[1] "Fitting variance A"
[1] "DR"
[1] 0.08942077
[1] 0.05598469
[1] 0.5

0 1 
1 1 
[1] "se comparison"
[1] 0.07248774
[1] 0.0637446
[1] 3
[1] 0.0008527623
[1] -0.02984355
[1] "AdaLSE"
[1] 0.06564148
[1] 0.05011744
[1] 0.6666667

0 1 
1 2 
[1] "Fitting mean A"
[1] "Fitting variance A"
[1] "DR"
[1] 0.04792846
[1] 0.04591173
[1] 0.6666667

0 1 
1 2 
[1] "se comparison"
[1] 0.05178792
[1] 0.04512166
[1] 4
[1] 0.0008527623
[1] -0.02984355
[1] "AdaLSE"
[1] 0.02421336
[1] 0.06172878
[1] 0.75

0 1 
1 3 
[1] "Fitting mean A"
[1] "Fitting variance A"
[1] "DR"
[1] 0.01938297
[1] 0.05633775
[1] 0.75

0 1 
1 3 
[1] "se comparison"
[1] 0.04536883
[1] 0.03909429
[1] 5
[1] 0.0008527623
[1] -0.02984355
[1] "AdaLSE"
[1] -0.01402412
[1] 0.05807173
[1] 0.8

0 1 
1 4 
[1] "Fitting mean A"
[1] "Fitting variance A"
[1] "DR"
[1] -0.02347786
[1] 0.05134787
[1] 0.8

0 1 
1 4 
[1] "se comparison"
[1] 0.04832225
[1] 0.04389758
[1] 6
[1] 0.0008527623
[1] -0.02984355
[1] "AdaLSE"
[1] 0.06895817
[1] 0.05574271
[1] 0.8333333

0 1 
1 5 
[1] "Fitting mean A"
[1] "Fitting variance A"
[1] "DR"
[1] 0.05612314
[1] 0.04942014
[1] 0.8333333

0 1 
1 5 
[1] "se comparison"
[1] 0.04523088
[1] 0.04108285
[1] 7
[1] 0.0008527623
[1] -0.02984355
[1] "AdaLSE"
[1] -0.07172121
[1] 0.06310176
[1] 0.8571429

0 1 
1 6 
[1] "Fitting mean A"
[1] "Fitting variance A"
[1] "DR"
[1] -0.06807371
[1] 0.05609434
[1] 0.8571429

0 1 
1 6 
[1] "se comparison"
[1] 0.05953083
[1] 0.05311552
[1] 8
[1] 0.0008527623
[1] -0.02984355
[1] "AdaLSE"
[1] -0.02863679
[1] 0.05672125
[1] 0.875

0 1 
1 7 
[1] "Fitting mean A"
[1] "Fitting variance A"
[1] "DR"
[1] -0.03118773
[1] 0.0514229
[1] 0.875

0 1 
1 7 
[1] "se comparison"
[1] 0.05834738
[1] 0.05206916
[1] 9
[1] 0.0008527623
[1] -0.02984355
[1] "AdaLSE"
[1] -0.06249593
[1] 0.05519427
[1] 0.8888889

0 1 
1 8 
[1] "Fitting mean A"
[1] "Fitting variance A"
[1] "DR"
[1] -0.05946413
[1] 0.04840399
[1] 0.8888889

0 1 
1 8 
[1] "se comparison"
[1] 0.06093013
[1] 0.05409904
[1] 10
[1] 0.0008527623
[1] -0.02984355
[1] "AdaLSE"
[1] 0.05195335
[1] 0.05490977
[1] 0.9

0 1 
1 9 
[1] "Fitting mean A"
[1] "Fitting variance A"
[1] "DR"
[1] 0.04081359
[1] 0.05107152
[1] 0.9

0 1 
1 9 
[1] "se comparison"
[1] 0.05897669
[1] 0.05236465
[1] 11
[1] 0.0008527623
[1] -0.02984355
[1] "AdaLSE"
[1] 0.04238855
[1] 0.05924237
[1] 0.9090909

 0  1 
 1 10 
[1] "Fitting mean A"
[1] "Fitting variance A"
[1] "DR"
[1] 0.02478236
[1] 0.05186123
[1] 0.9090909

 0  1 
 1 10 
[1] "se comparison"
[1] 0.05660325
[1] 0.04996358
[1] 12
[1] 0.0008527623
[1] -0.02984355
[1] "AdaLSE"
[1] -0.05795281
[1] 0.05604632
[1] 0.9166667

 0  1 
 1 11 
[1] "Fitting mean A"
[1] "Fitting variance A"
[1] "DR"
[1] -0.0499774
[1] 0.0487656
[1] 0.9166667

 0  1 
 1 11 
[1] "se comparison"
[1] 0.05809543
[1] 0.05055866
[1] 13
[1] 0.0008527623
[1] -0.02984355
[1] "AdaLSE"
[1] 0.09520414
[1] 0.05693136
[1] 0.8461538

 0  1 
 2 11 
[1] "Fitting mean A"
[1] "Fitting variance A"
[1] "DR"
[1] 0.09646536
[1] 0.0520963
[1] 0.8461538

 0  1 
 2 11 
[1] "se comparison"
[1] 0.06039811
[1] 0.05480656
[1] 14
[1] 0.0008527623
[1] -0.02984355
[1] "AdaLSE"
[1] 0.08164712
[1] 0.06256501
[1] 0.8571429

 0  1 
 2 12 
[1] "Fitting mean A"
[1] "Fitting variance A"
[1] "DR"
[1] 0.07678842
[1] 0.05366043
[1] 0.7857143

 0  1 
 3 11 
[1] "se comparison"
[1] 0.06055687
[1] 0.05552089
[1] 15
[1] 0.0008527623
[1] -0.02984355
[1] "AdaLSE"
[1] -0.006416264
[1] 0.05894055
[1] 0.8666667

 0  1 
 2 13 
[1] "Fitting mean A"
[1] "Fitting variance A"
[1] "DR"
[1] -0.006177831
[1] 0.04955166
[1] 0.8

 0  1 
 3 12 
[1] "se comparison"
[1] 0.05879715
[1] 0.05379672
[1] 16
[1] 0.0008527623
[1] -0.02984355
[1] "AdaLSE"
[1] 0.1180048
[1] 0.05666158
[1] 0.8125

 0  1 
 3 13 
[1] "Fitting mean A"
[1] "Fitting variance A"
[1] "DR"
[1] 0.129829
[1] 0.05395109
[1] 0.75

 0  1 
 4 12 
[1] "se comparison"
[1] 0.06189923
[1] 0.0594739
[1] 17
[1] 0.0008527623
[1] -0.02984355
[1] "AdaLSE"
[1] 0.08306841
[1] 0.07056964
[1] 0.8235294

 0  1 
 3 14 
[1] "Fitting mean A"
[1] "Fitting variance A"
[1] "DR"
[1] 0.06336673
[1] 0.06324737
[1] 0.7647059

 0  1 
 4 13 
[1] "se comparison"
[1] 0.0615234
[1] 0.05847785
[1] 18
[1] 0.0008527623
[1] -0.02984355
[1] "AdaLSE"
[1] -0.04901991
[1] 0.05450773
[1] 0.8333333

 0  1 
 3 15 
[1] "Fitting mean A"
[1] "Fitting variance A"
[1] "DR"
[1] -0.04731776
[1] 0.0494045
[1] 0.7777778

 0  1 
 4 14 
[1] "se comparison"
[1] 0.0624653
[1] 0.05916124
[1] 19
[1] 0.0008527623
[1] -0.02984355
[1] "AdaLSE"
[1] 0.1207378
[1] 0.0632378
[1] 0.7894737

 0  1 
 4 15 
[1] "Fitting mean A"
[1] "Fitting variance A"
[1] "DR"
[1] 0.07881884
[1] 0.05795799
[1] 0.7894737

 0  1 
 4 15 
[1] "se comparison"
[1] 0.0645719
[1] 0.05906107
[1] 20
[1] 0.0008527623
[1] -0.02984355
[1] "AdaLSE"
[1] -0.1055718
[1] 0.0552691
[1] 0.8

 0  1 
 4 16 
[1] "Fitting mean A"
[1] "Fitting variance A"
[1] "DR"
[1] -0.1092357
[1] 0.04919863
[1] 0.8

 0  1 
 4 16 
[1] "se comparison"
[1] 0.06976439
[1] 0.06464637
[1] 21
[1] 0.0008527623
[1] -0.02984355
[1] "AdaLSE"
[1] 0.1630237
[1] 0.0611436
[1] 0.7619048

 0  1 
 5 16 
[1] "Fitting mean A"
[1] "Fitting variance A"
[1] "DR"
[1] 0.1514531
[1] 0.05097523
[1] 0.7619048

 0  1 
 5 16 
[1] "se comparison"
[1] 0.07454046
[1] 0.06956065
[1] 22
[1] 0.0008527623
[1] -0.02984355
[1] "AdaLSE"
[1] 0.06478839
[1] 0.05480062
[1] 0.7727273

 0  1 
 5 17 
[1] "Fitting mean A"
[1] "Fitting variance A"
[1] "DR"
[1] 0.05393496
[1] 0.04795354
[1] 0.7727273

 0  1 
 5 17 
[1] "se comparison"
[1] 0.0731267
[1] 0.06820729
[1] 23
[1] 0.0008527623
[1] -0.02984355
[1] "AdaLSE"
[1] 0.003216712
[1] 0.0620742
[1] 0.7826087

 0  1 
 5 18 
[1] "Fitting mean A"
[1] "Fitting variance A"
[1] "DR"
[1] -0.006642763
[1] 0.05471259
[1] 0.7826087

 0  1 
 5 18 
[1] "se comparison"
[1] 0.07168563
[1] 0.06694968
[1] 24
[1] 0.0008527623
[1] -0.02984355
[1] "AdaLSE"
[1] 0.08173686
[1] 0.05489604
[1] 0.75

 0  1 
 6 18 
[1] "Fitting mean A"
[1] "Fitting variance A"
[1] "DR"
[1] 0.07714841
[1] 0.0495122
[1] 0.75

 0  1 
 6 18 
[1] "se comparison"
[1] 0.07089734
[1] 0.06640764
[1] 25
[1] 0.0008527623
[1] -0.02984355
[1] "AdaLSE"
[1] -0.07637656
[1] 0.05467464
[1] 0.76

 0  1 
 6 19 
[1] "Fitting mean A"
[1] "Fitting variance A"
[1] "DR"
[1] -0.07764012
[1] 0.04942911
[1] 0.76

 0  1 
 6 19 
[1] "se comparison"
[1] 0.07272641
[1] 0.06818347
[1] 26
[1] 0.0008527623
[1] -0.02984355
[1] "AdaLSE"
[1] 0.03043988
[1] 0.05643161
[1] 0.7692308

 0  1 
 6 20 
[1] "Fitting mean A"
[1] "Fitting variance A"
[1] "DR"
[1] 0.02159627
[1] 0.04651113
[1] 0.7692308

 0  1 
 6 20 
[1] "se comparison"
[1] 0.07125875
[1] 0.06680597
[1] 27
[1] 0.0008527623
[1] -0.02984355
[1] "AdaLSE"
[1] 0.0627914
[1] 0.0567052
[1] 0.7777778

 0  1 
 6 21 
[1] "Fitting mean A"
[1] "Fitting variance A"
[1] "DR"
[1] 0.05028093
[1] 0.05124366
[1] 0.7777778

 0  1 
 6 21 
[1] "se comparison"
[1] 0.07019469
[1] 0.06574934
[1] 28
[1] 0.0008527623
[1] -0.02984355
[1] "AdaLSE"
[1] -0.01292015
[1] 0.05771895
[1] 0.7857143

 0  1 
 6 22 
[1] "Fitting mean A"
[1] "Fitting variance A"
[1] "DR"
[1] -0.03599864
[1] 0.05692084
[1] 0.7857143

 0  1 
 6 22 
[1] "se comparison"
[1] 0.06934321
[1] 0.0654496
[1] 29
[1] 0.0008527623
[1] -0.02984355
[1] "AdaLSE"
[1] 0.1890615
[1] 0.05623434
[1] 0.7586207

 0  1 
 7 22 
[1] "Fitting mean A"
[1] "Fitting variance A"
[1] "DR"
[1] 0.1747727
[1] 0.0516419
[1] 0.7586207

 0  1 
 7 22 
[1] "se comparison"
[1] 0.07438758
[1] 0.07039773
[1] 30
[1] 0.0008527623
[1] -0.02984355
[1] "AdaLSE"
[1] 0.003287106
[1] 0.05865649
[1] 0.7666667

 0  1 
 7 23 
[1] "Fitting mean A"
[1] "Fitting variance A"
[1] "DR"
[1] 0.007126646
[1] 0.0551626
[1] 0.7666667

 0  1 
 7 23 
[1] "se comparison"
[1] 0.07329968
[1] 0.06925385
[1] 31
[1] 0.0008527623
[1] -0.02984355
[1] "AdaLSE"
[1] -0.007759043
[1] 0.05990821
[1] 0.7741935

 0  1 
 7 24 
[1] "Fitting mean A"
[1] "Fitting variance A"
[1] "DR"
[1] -0.01881988
[1] 0.05041803
[1] 0.7741935

 0  1 
 7 24 
[1] "se comparison"
[1] 0.07242692
[1] 0.06853914
[1] 32
[1] 0.0008527623
[1] -0.02984355
[1] "AdaLSE"
[1] 0.02408226
[1] 0.05989403
[1] 0.78125

 0  1 
 7 25 
[1] "Fitting mean A"
[1] "Fitting variance A"
[1] "DR"
[1] 0.001328249
[1] 0.05542301
[1] 0.78125

 0  1 
 7 25 
[1] "se comparison"
[1] 0.07125985
[1] 0.06753737
[1] 33
[1] 0.0008527623
[1] -0.02984355
[1] "AdaLSE"
[1] -0.05940543
[1] 0.05966631
[1] 0.7878788

 0  1 
 7 26 
[1] "Fitting mean A"
[1] "Fitting variance A"
[1] "DR"
[1] -0.05698099
[1] 0.05324405
[1] 0.7878788

 0  1 
 7 26 
[1] "se comparison"
[1] 0.07187556
[1] 0.06790571
[1] 34
[1] 0.0008527623
[1] -0.02984355
[1] "AdaLSE"
[1] 0.04251819
[1] 0.05801076
[1] 0.7941176

 0  1 
 7 27 
[1] "Fitting mean A"
[1] "Fitting variance A"
[1] "DR"
[1] 0.03092171
[1] 0.0525298
[1] 0.7941176

 0  1 
 7 27 
[1] "se comparison"
[1] 0.07082128
[1] 0.06689376
[1] 35
[1] 0.0008527623
[1] -0.02984355
[1] "AdaLSE"
[1] 0.00821035
[1] 0.0565183
[1] 0.8

 0  1 
 7 28 
[1] "Fitting mean A"
[1] "Fitting variance A"
[1] "DR"
[1] 0.009051057
[1] 0.04905786
[1] 0.8

 0  1 
 7 28 
[1] "se comparison"
[1] 0.06985653
[1] 0.06593162
[1] 36
[1] 0.0008527623
[1] -0.02984355
[1] "AdaLSE"
[1] -0.03290144
[1] 0.075532
[1] 0.8055556

 0  1 
 7 29 
[1] "Fitting mean A"
[1] "Fitting variance A"
[1] "DR"
[1] -0.09024641
[1] 0.06448145
[1] 0.8055556

 0  1 
 7 29 
[1] "se comparison"
[1] 0.06959435
[1] 0.06754318
[1] 37
[1] 0.0008527623
[1] -0.02984355
[1] "AdaLSE"
[1] 0.00750755
[1] 0.06232185
[1] 0.8108108

 0  1 
 7 30 
[1] "Fitting mean A"
[1] "Fitting variance A"
[1] "DR"
[1] 0.003086292
[1] 0.05369357
[1] 0.8108108

 0  1 
 7 30 
[1] "se comparison"
[1] 0.06869018
[1] 0.06663891
[1] 38
[1] 0.0008527623
[1] -0.02984355
[1] "AdaLSE"
[1] 0.1659074
[1] 0.05687859
[1] 0.7894737

 0  1 
 8 30 
[1] "Fitting mean A"
[1] "Fitting variance A"
[1] "DR"
[1] 0.1424033
[1] 0.05271819
[1] 0.7894737

 0  1 
 8 30 
[1] "se comparison"
[1] 0.0714684
[1] 0.06881668
[1] 39
[1] 0.0008527623
[1] -0.02984355
[1] "AdaLSE"
[1] 0.0314769
[1] 0.05514406
[1] 0.7948718

 0  1 
 8 31 
[1] "Fitting mean A"
[1] "Fitting variance A"
[1] "DR"
[1] 0.02936742
[1] 0.05476192
[1] 0.7948718

 0  1 
 8 31 
[1] "se comparison"
[1] 0.07052251
[1] 0.06792127
[1] 40
[1] 0.0008527623
[1] -0.02984355
[1] "AdaLSE"
[1] 0.002061905
[1] 0.06282337
[1] 0.8

 0  1 
 8 32 
[1] "Fitting mean A"
[1] "Fitting variance A"
[1] "DR"
[1] -0.01957915
[1] 0.05530846
[1] 0.8

 0  1 
 8 32 
[1] "se comparison"
[1] 0.06974752
[1] 0.06734165
[1] 41
[1] 0.0008527623
[1] -0.02984355
[1] "AdaLSE"
[1] 0.02369391
[1] 0.06209658
[1] 0.804878

 0  1 
 8 33 
[1] "Fitting mean A"
[1] "Fitting variance A"
[1] "DR"
[1] -0.001644827
[1] 0.05569496
[1] 0.804878

 0  1 
 8 33 
[1] "se comparison"
[1] 0.06887479
[1] 0.06657546
[1] 42
[1] 0.0008527623
[1] -0.02984355
[1] "AdaLSE"
[1] -0.08200457
[1] 0.0578634
[1] 0.8095238

 0  1 
 8 34 
[1] "Fitting mean A"
[1] "Fitting variance A"
[1] "DR"
[1] -0.06595623
[1] 0.05347714
[1] 0.8095238

 0  1 
 8 34 
[1] "se comparison"
[1] 0.07014094
[1] 0.06704806
[1] 43
[1] 0.0008527623
[1] -0.02984355
[1] "AdaLSE"
[1] 0.04636375
[1] 0.0632594
[1] 0.8139535

 0  1 
 8 35 
[1] "Fitting mean A"
[1] "Fitting variance A"
[1] "DR"
[1] 0.0004570732
[1] 0.05641733
[1] 0.8139535

 0  1 
 8 35 
[1] "se comparison"
[1] 0.06937011
[1] 0.06629212
[1] 44
[1] 0.0008527623
[1] -0.02984355
[1] "AdaLSE"
[1] 0.001226767
[1] 0.06108601
[1] 0.8181818

 0  1 
 8 36 
[1] "Fitting mean A"
[1] "Fitting variance A"
[1] "DR"
[1] -0.007122139
[1] 0.05649038
[1] 0.8181818

 0  1 
 8 36 
[1] "se comparison"
[1] 0.06866471
[1] 0.06561308
[1] 45
[1] 0.0008527623
[1] -0.02984355
[1] "AdaLSE"
[1] -0.01808697
[1] 0.06063882
[1] 0.8222222

 0  1 
 8 37 
[1] "Fitting mean A"
[1] "Fitting variance A"
[1] "DR"
[1] -0.02121203
[1] 0.05356036
[1] 0.8222222

 0  1 
 8 37 
[1] "se comparison"
[1] 0.06819659
[1] 0.06509892
[1] 46
[1] 0.0008527623
[1] -0.02984355
[1] "AdaLSE"
[1] -0.06668678
[1] 0.05366012
[1] 0.826087

 0  1 
 8 38 
[1] "Fitting mean A"
[1] "Fitting variance A"
[1] "DR"
[1] -0.06774961
[1] 0.04570632
[1] 0.826087

 0  1 
 8 38 
[1] "se comparison"
[1] 0.06877533
[1] 0.06552012
[1] 47
[1] 0.0008527623
[1] -0.02984355
[1] "AdaLSE"
[1] -0.05888701
[1] 0.06126155
[1] 0.8297872

 0  1 
 8 39 
[1] "Fitting mean A"
[1] "Fitting variance A"
[1] "DR"
[1] -0.0577082
[1] 0.05345336
[1] 0.8297872

 0  1 
 8 39 
[1] "se comparison"
[1] 0.06906377
[1] 0.06562635
[1] 48
[1] 0.0008527623
[1] -0.02984355
[1] "AdaLSE"
[1] 0.08342167
[1] 0.06797642
[1] 0.8333333

 0  1 
 8 40 
[1] "Fitting mean A"
[1] "Fitting variance A"
[1] "DR"
[1] 0.06590032
[1] 0.06268815
[1] 0.8333333

 0  1 
 8 40 
[1] "se comparison"
[1] 0.06891218
[1] 0.06539268
[1] 49
[1] 0.0008527623
[1] -0.02984355
[1] "AdaLSE"
[1] -0.03429426
[1] 0.06039801
[1] 0.8367347

 0  1 
 8 41 
[1] "Fitting mean A"
[1] "Fitting variance A"
[1] "DR"
[1] -0.04467475
[1] 0.05167783
[1] 0.8367347

 0  1 
 8 41 
[1] "se comparison"
[1] 0.06867205
[1] 0.06522871
[1] 50
[1] 0.0008527623
[1] -0.02984355
[1] "AdaLSE"
[1] -0.0001480377
[1] 0.06071536
[1] 0.84

 0  1 
 8 42 
[1] "Fitting mean A"
[1] "Fitting variance A"
[1] "DR"
[1] -0.01475016
[1] 0.05631529
[1] 0.84

 0  1 
 8 42 
[1] "se comparison"
[1] 0.06803579
[1] 0.06466823
[1] 51
[1] 0.0008527623
[1] -0.02984355
[1] "AdaLSE"
[1] 0.0356847
[1] 0.0631768
[1] 0.8431373

 0  1 
 8 43 
[1] "Fitting mean A"
[1] "Fitting variance A"
[1] "DR"
[1] -0.009067887
[1] 0.05847586
[1] 0.8431373

 0  1 
 8 43 
[1] "se comparison"
[1] 0.06738364
[1] 0.06408118
[1] 52
[1] 0.0008527623
[1] -0.02984355
[1] "AdaLSE"
[1] 0.04143449
[1] 0.05257292
[1] 0.8461538

 0  1 
 8 44 
[1] "Fitting mean A"
[1] "Fitting variance A"
[1] "DR"
[1] 0.04030986
[1] 0.04752283
[1] 0.8461538

 0  1 
 8 44 
[1] "se comparison"
[1] 0.06677856
[1] 0.0635816
[1] 53
[1] 0.0008527623
[1] -0.02984355
[1] "AdaLSE"
[1] 0.1422478
[1] 0.0731264
[1] 0.8301887

 0  1 
 9 44 
[1] "Fitting mean A"
[1] "Fitting variance A"
[1] "DR"
[1] 0.09803141
[1] 0.06500678
[1] 0.8301887

 0  1 
 9 44 
[1] "se comparison"
[1] 0.06817756
[1] 0.06408251
[1] 54
[1] 0.0008527623
[1] -0.02984355
[1] "AdaLSE"
[1] 0.0242497
[1] 0.06117277
[1] 0.8333333

 0  1 
 9 45 
[1] "Fitting mean A"
[1] "Fitting variance A"
[1] "DR"
[1] 0.02154301
[1] 0.05641594
[1] 0.8333333

 0  1 
 9 45 
[1] "se comparison"
[1] 0.06753133
[1] 0.0634857
[1] 55
[1] 0.0008527623
[1] -0.02984355
[1] "AdaLSE"
[1] -0.008621794
[1] 0.05558613
[1] 0.8363636

 0  1 
 9 46 
[1] "Fitting mean A"
[1] "Fitting variance A"
[1] "DR"
[1] -0.0190016
[1] 0.05043703
[1] 0.8363636

 0  1 
 9 46 
[1] "se comparison"
[1] 0.06704668
[1] 0.06304451
[1] 56
[1] 0.0008527623
[1] -0.02984355
[1] "AdaLSE"
[1] -0.00528523
[1] 0.06234409
[1] 0.8392857

 0  1 
 9 47 
[1] "Fitting mean A"
[1] "Fitting variance A"
[1] "DR"
[1] -0.0165295
[1] 0.05579638
[1] 0.8392857

 0  1 
 9 47 
[1] "se comparison"
[1] 0.06654416
[1] 0.06258976
[1] 57
[1] 0.0008527623
[1] -0.02984355
[1] "AdaLSE"
[1] 0.01243309
[1] 0.05264406
[1] 0.8421053

 0  1 
 9 48 
[1] "Fitting mean A"
[1] "Fitting variance A"
[1] "DR"
[1] 0.01430054
[1] 0.04750564
[1] 0.8421053

 0  1 
 9 48 
[1] "se comparison"
[1] 0.06596163
[1] 0.06202912
[1] 58
[1] 0.0008527623
[1] -0.02984355
[1] "AdaLSE"
[1] -0.09791947
[1] 0.0543721
[1] 0.8448276

 0  1 
 9 49 
[1] "Fitting mean A"
[1] "Fitting variance A"
[1] "DR"
[1] -0.1026987
[1] 0.0453341
[1] 0.8448276

 0  1 
 9 49 
[1] "se comparison"
[1] 0.06726887
[1] 0.0633035
[1] 59
[1] 0.0008527623
[1] -0.02984355
[1] "AdaLSE"
[1] 0.1268543
[1] 0.06261612
[1] 0.8305085

 0  1 
10 49 
[1] "Fitting mean A"
[1] "Fitting variance A"
[1] "DR"
[1] 0.1129173
[1] 0.05342391
[1] 0.8305085

 0  1 
10 49 
[1] "se comparison"
[1] 0.06810772
[1] 0.06416651
[1] 60
[1] 0.0008527623
[1] -0.02984355
[1] "AdaLSE"
[1] 0.03044777
[1] 0.05439668
[1] 0.8333333

 0  1 
10 50 
[1] "Fitting mean A"
[1] "Fitting variance A"
[1] "DR"
[1] 0.01763211
[1] 0.04902664
[1] 0.8333333

 0  1 
10 50 
[1] "se comparison"
[1] 0.06753618
[1] 0.06362476
[1] 61
[1] 0.0008527623
[1] -0.02984355
[1] "AdaLSE"
[1] 0.01857749
[1] 0.05815125
[1] 0.8360656

 0  1 
10 51 
[1] "Fitting mean A"
[1] "Fitting variance A"
[1] "DR"
[1] 0.01183467
[1] 0.05159247
[1] 0.8360656

 0  1 
10 51 
[1] "se comparison"
[1] 0.06697287
[1] 0.06309233
[1] 62
[1] 0.0008527623
[1] -0.02984355
[1] "AdaLSE"
[1] 0.03680541
[1] 0.04962195
[1] 0.8387097

 0  1 
10 52 
[1] "Fitting mean A"
[1] "Fitting variance A"
[1] "DR"
[1] 0.03661404
[1] 0.04346338
[1] 0.8387097

 0  1 
10 52 
[1] "se comparison"
[1] 0.0664468
[1] 0.06265134
[1] 63
[1] 0.0008527623
[1] -0.02984355
[1] "AdaLSE"
[1] -0.1103382
[1] 0.05951234
[1] 0.8412698

 0  1 
10 53 
[1] "Fitting mean A"
[1] "Fitting variance A"
[1] "DR"
[1] -0.1219729
[1] 0.05748373
[1] 0.8412698

 0  1 
10 53 
[1] "se comparison"
[1] 0.06800488
[1] 0.06440728
[1] 64
[1] 0.0008527623
[1] -0.02984355
[1] "AdaLSE"
[1] 0.0468483
[1] 0.05753497
[1] 0.84375

 0  1 
10 54 
[1] "Fitting mean A"
[1] "Fitting variance A"
[1] "DR"
[1] 0.04062238
[1] 0.04948796
[1] 0.84375

 0  1 
10 54 
[1] "se comparison"
[1] 0.06754315
[1] 0.06400696
[1] 65
[1] 0.0008527623
[1] -0.02984355
[1] "AdaLSE"
[1] 0.08148944
[1] 0.05369169
[1] 0.8307692

 0  1 
11 54 
[1] "Fitting mean A"
[1] "Fitting variance A"
[1] "DR"
[1] 0.07307575
[1] 0.04584072
[1] 0.8307692

 0  1 
11 54 
[1] "se comparison"
[1] 0.06743287
[1] 0.0639745
[1] 66
[1] 0.0008527623
[1] -0.02984355
[1] "AdaLSE"
[1] -0.06947313
[1] 0.0617785
[1] 0.8333333

 0  1 
11 55 
[1] "Fitting mean A"
[1] "Fitting variance A"
[1] "DR"
[1] -0.08592844
[1] 0.05584959
[1] 0.8333333

 0  1 
11 55 
[1] "se comparison"
[1] 0.06785033
[1] 0.06460698
[1] 67
[1] 0.0008527623
[1] -0.02984355
[1] "AdaLSE"
[1] 0.02308481
[1] 0.05911908
[1] 0.8358209

 0  1 
11 56 
[1] "Fitting mean A"
[1] "Fitting variance A"
[1] "DR"
[1] 0.01408301
[1] 0.05355271
[1] 0.8358209

 0  1 
11 56 
[1] "se comparison"
[1] 0.06733509
[1] 0.06411744
[1] 68
[1] 0.0008527623
[1] -0.02984355
[1] "AdaLSE"
[1] 0.002729424
[1] 0.0592425
[1] 0.8382353

 0  1 
11 57 
[1] "Fitting mean A"
[1] "Fitting variance A"
[1] "DR"
[1] -0.0156747
[1] 0.05243722
[1] 0.8382353

 0  1 
11 57 
[1] "se comparison"
[1] 0.06686555
[1] 0.06371469
[1] 69
[1] 0.0008527623
[1] -0.02984355
[1] "AdaLSE"
[1] 0.02057092
[1] 0.06090581
[1] 0.8405797

 0  1 
11 58 
[1] "Fitting mean A"
[1] "Fitting variance A"
[1] "DR"
[1] 0.01297935
[1] 0.05880762
[1] 0.8405797

 0  1 
11 58 
[1] "se comparison"
[1] 0.06637209
[1] 0.06324558
[1] 70
[1] 0.0008527623
[1] -0.02984355
[1] "AdaLSE"
[1] -0.003530451
[1] 0.05709771
[1] 0.8428571

 0  1 
11 59 
[1] "Fitting mean A"
[1] "Fitting variance A"
[1] "DR"
[1] -0.004039535
[1] 0.05159421
[1] 0.8428571

 0  1 
11 59 
[1] "se comparison"
[1] 0.06595076
[1] 0.06280772
[1] 71
[1] 0.0008527623
[1] -0.02984355
[1] "AdaLSE"
[1] -0.0793396
[1] 0.05705067
[1] 0.8450704

 0  1 
11 60 
[1] "Fitting mean A"
[1] "Fitting variance A"
[1] "DR"
[1] -0.08262775
[1] 0.04844946
[1] 0.8450704

 0  1 
11 60 
[1] "se comparison"
[1] 0.06652946
[1] 0.06331291
[1] 72
[1] 0.0008527623
[1] -0.02984355
[1] "AdaLSE"
[1] 0.2275903
[1] 0.05348864
[1] 0.8333333

 0  1 
12 60 
[1] "Fitting mean A"
[1] "Fitting variance A"
[1] "DR"
[1] 0.2196469
[1] 0.04766905
[1] 0.8333333

 0  1 
12 60 
[1] "se comparison"
[1] 0.07050415
[1] 0.06761543
[1] 73
[1] 0.0008527623
[1] -0.02984355
[1] "AdaLSE"
[1] 0.03143066
[1] 0.05984277
[1] 0.8356164

 0  1 
12 61 
[1] "Fitting mean A"
[1] "Fitting variance A"
[1] "DR"
[1] 0.03119842
[1] 0.04648338
[1] 0.8356164

 0  1 
12 61 
[1] "se comparison"
[1] 0.0700226
[1] 0.06718447
[1] 74
[1] 0.0008527623
[1] -0.02984355
[1] "AdaLSE"
[1] 0.1005271
[1] 0.05579513
[1] 0.8243243

 0  1 
13 61 
[1] "Fitting mean A"
[1] "Fitting variance A"
[1] "DR"
[1] 0.09561201
[1] 0.04826295
[1] 0.8243243

 0  1 
13 61 
[1] "se comparison"
[1] 0.07014438
[1] 0.06743352
[1] 75
[1] 0.0008527623
[1] -0.02984355
[1] "AdaLSE"
[1] -0.08168708
[1] 0.06525432
[1] 0.8266667

 0  1 
13 62 
[1] "Fitting mean A"
[1] "Fitting variance A"
[1] "DR"
[1] -0.06851162
[1] 0.05837524
[1] 0.8266667

 0  1 
13 62 
[1] "se comparison"
[1] 0.07070269
[1] 0.06763034
[1] 76
[1] 0.0008527623
[1] -0.02984355
[1] "AdaLSE"
[1] 0.09627659
[1] 0.06155396
[1] 0.8157895

 0  1 
14 62 
[1] "Fitting mean A"
[1] "Fitting variance A"
[1] "DR"
[1] 0.09472705
[1] 0.05339771
[1] 0.8157895

 0  1 
14 62 
[1] "se comparison"
[1] 0.0707551
[1] 0.06785034
[1] 77
[1] 0.0008527623
[1] -0.02984355
[1] "AdaLSE"
[1] -0.04369527
[1] 0.06578244
[1] 0.8181818

 0  1 
14 63 
[1] "Fitting mean A"
[1] "Fitting variance A"
[1] "DR"
[1] -0.05321789
[1] 0.06005497
[1] 0.8181818

 0  1 
14 63 
[1] "se comparison"
[1] 0.07068853
[1] 0.06782047
[1] 78
[1] 0.0008527623
[1] -0.02984355
[1] "AdaLSE"
[1] 0.09875643
[1] 0.05814244
[1] 0.8076923

 0  1 
15 63 
[1] "Fitting mean A"
[1] "Fitting variance A"
[1] "DR"
[1] 0.1055871
[1] 0.04527735
[1] 0.8076923

 0  1 
15 63 
[1] "se comparison"
[1] 0.07077237
[1] 0.06820863
[1] 79
[1] 0.0008527623
[1] -0.02984355
[1] "AdaLSE"
[1] 0.1260938
[1] 0.07019721
[1] 0.7974684

 0  1 
16 63 
[1] "Fitting mean A"
[1] "Fitting variance A"
[1] "DR"
[1] 0.08032893
[1] 0.06242667
[1] 0.8101266

 0  1 
15 64 
[1] "se comparison"
[1] 0.07127896
[1] 0.06819081
[1] 80
[1] 0.0008527623
[1] -0.02984355
[1] "AdaLSE"
[1] -0.005979866
[1] 0.05264817
[1] 0.8

 0  1 
16 64 
[1] "Fitting mean A"
[1] "Fitting variance A"
[1] "DR"
[1] -0.006354362
[1] 0.04602118
[1] 0.8125

 0  1 
15 65 
[1] "se comparison"
[1] 0.07090401
[1] 0.06779586
[1] 81
[1] 0.0008527623
[1] -0.02984355
[1] "AdaLSE"
[1] -0.1732916
[1] 0.06172817
[1] 0.7901235

 0  1 
17 64 
[1] "Fitting mean A"
[1] "Fitting variance A"
[1] "DR"
[1] -0.1706008
[1] 0.0548904
[1] 0.8024691

 0  1 
16 65 
[1] "se comparison"
[1] 0.07376822
[1] 0.0704141
[1] 82
[1] 0.0008527623
[1] -0.02984355
[1] "AdaLSE"
[1] -0.08073735
[1] 0.05352609
[1] 0.7926829

 0  1 
17 65 
[1] "Fitting mean A"
[1] "Fitting variance A"
[1] "DR"
[1] -0.07963905
[1] 0.04862632
[1] 0.804878

 0  1 
16 66 
[1] "se comparison"
[1] 0.07416547
[1] 0.07069691
[1] 83
[1] 0.0008527623
[1] -0.02984355
[1] "AdaLSE"
[1] 0.03011317
[1] 0.06807968
[1] 0.7951807

 0  1 
17 66 
[1] "Fitting mean A"
[1] "Fitting variance A"
[1] "DR"
[1] 0.02454768
[1] 0.06277141
[1] 0.8072289

 0  1 
16 67 
[1] "se comparison"
[1] 0.0737208
[1] 0.07028188
[1] 84
[1] 0.0008527623
[1] -0.02984355
[1] "AdaLSE"
[1] 0.06494744
[1] 0.06572808
[1] 0.797619

 0  1 
17 67 
[1] "Fitting mean A"
[1] "Fitting variance A"
[1] "DR"
[1] 0.07161987
[1] 0.05016971
[1] 0.797619

 0  1 
17 67 
[1] "se comparison"
[1] 0.07344093
[1] 0.070175
[1] 85
[1] 0.0008527623
[1] -0.02984355
[1] "AdaLSE"
[1] -0.02354928
[1] 0.06236602
[1] 0.8

 0  1 
17 68 
[1] "Fitting mean A"
[1] "Fitting variance A"
[1] "DR"
[1] -0.03420115
[1] 0.05084407
[1] 0.8

 0  1 
17 68 
[1] "se comparison"
[1] 0.07315733
[1] 0.06992971
[1] 86
[1] 0.0008527623
[1] -0.02984355
[1] "AdaLSE"
[1] -0.03919963
[1] 0.05730724
[1] 0.8023256

 0  1 
17 69 
[1] "Fitting mean A"
[1] "Fitting variance A"
[1] "DR"
[1] -0.03883578
[1] 0.05256741
[1] 0.8023256

 0  1 
17 69 
[1] "se comparison"
[1] 0.07300344
[1] 0.06972185
[1] 87
[1] 0.0008527623
[1] -0.02984355
[1] "AdaLSE"
[1] 0.07951507
[1] 0.06401177
[1] 0.8045977

 0  1 
17 70 
[1] "Fitting mean A"
[1] "Fitting variance A"
[1] "DR"
[1] 0.06886326
[1] 0.06101952
[1] 0.8045977

 0  1 
17 70 
[1] "se comparison"
[1] 0.07286611
[1] 0.06960104
[1] 88
[1] 0.0008527623
[1] -0.02984355
[1] "AdaLSE"
[1] 0.07037605
[1] 0.06294314
[1] 0.8068182

 0  1 
17 71 
[1] "Fitting mean A"
[1] "Fitting variance A"
[1] "DR"
[1] 0.06743957
[1] 0.05467711
[1] 0.8068182

 0  1 
17 71 
[1] "se comparison"
[1] 0.07264642
[1] 0.06946302
[1] 89
[1] 0.0008527623
[1] -0.02984355
[1] "AdaLSE"
[1] 0.1067263
[1] 0.06759656
[1] 0.7977528

 0  1 
18 71 
[1] "Fitting mean A"
[1] "Fitting variance A"
[1] "DR"
[1] 0.1109286
[1] 0.06006849
[1] 0.7977528

 0  1 
18 71 
[1] "se comparison"
[1] 0.07281005
[1] 0.06986803
[1] 90
[1] 0.0008527623
[1] -0.02984355
[1] "AdaLSE"
[1] 0.09374678
[1] 0.06680514
[1] 0.8

 0  1 
18 72 
[1] "Fitting mean A"
[1] "Fitting variance A"
[1] "DR"
[1] 0.06689739
[1] 0.06110748
[1] 0.8

 0  1 
18 72 
[1] "se comparison"
[1] 0.07280093
[1] 0.06971032
[1] 91
[1] 0.0008527623
[1] -0.02984355
[1] "AdaLSE"
[1] -0.03249787
[1] 0.05629921
[1] 0.8021978

 0  1 
18 73 
[1] "Fitting mean A"
[1] "Fitting variance A"
[1] "DR"
[1] -0.03331354
[1] 0.05229003
[1] 0.8021978

 0  1 
18 73 
[1] "se comparison"
[1] 0.07262169
[1] 0.06949278
[1] 92
[1] 0.0008527623
[1] -0.02984355
[1] "AdaLSE"
[1] -0.117254
[1] 0.06131992
[1] 0.8043478

 0  1 
18 74 
[1] "Fitting mean A"
[1] "Fitting variance A"
[1] "DR"
[1] -0.1230691
[1] 0.05200055
[1] 0.8043478

 0  1 
18 74 
[1] "se comparison"
[1] 0.07365721
[1] 0.07054313
[1] 93
[1] 0.0008527623
[1] -0.02984355
[1] "AdaLSE"
[1] 0.04470099
[1] 0.05871846
[1] 0.8064516

 0  1 
18 75 
[1] "Fitting mean A"
[1] "Fitting variance A"
[1] "DR"
[1] 0.03416255
[1] 0.05294089
[1] 0.8064516

 0  1 
18 75 
[1] "se comparison"
[1] 0.07330041
[1] 0.07019925
[1] 94
[1] 0.0008527623
[1] -0.02984355
[1] "AdaLSE"
[1] 0.01374879
[1] 0.06607686
[1] 0.8085106

 0  1 
18 76 
[1] "Fitting mean A"
[1] "Fitting variance A"
[1] "DR"
[1] -0.03266698
[1] 0.05416687
[1] 0.8085106

 0  1 
18 76 
[1] "se comparison"
[1] 0.0729084
[1] 0.06996861
[1] 95
[1] 0.0008527623
[1] -0.02984355
[1] "AdaLSE"
[1] -0.02559916
[1] 0.05285682
[1] 0.8105263

 0  1 
18 77 
[1] "Fitting mean A"
[1] "Fitting variance A"
[1] "DR"
[1] -0.02482098
[1] 0.0475174
[1] 0.8105263

 0  1 
18 77 
[1] "se comparison"
[1] 0.07267189
[1] 0.06969205
[1] 96
[1] 0.0008527623
[1] -0.02984355
[1] "AdaLSE"
[1] 0.06462523
[1] 0.05492603
[1] 0.8125

 0  1 
18 78 
[1] "Fitting mean A"
[1] "Fitting variance A"
[1] "DR"
[1] 0.05062632
[1] 0.05143342
[1] 0.8125

 0  1 
18 78 
[1] "se comparison"
[1] 0.07243329
[1] 0.0694448
[1] 97
[1] 0.0008527623
[1] -0.02984355
[1] "AdaLSE"
[1] 0.03928921
[1] 0.054156
[1] 0.814433

 0  1 
18 79 
[1] "Fitting mean A"
[1] "Fitting variance A"
[1] "DR"
[1] 0.04194917
[1] 0.0469529
[1] 0.814433

 0  1 
18 79 
[1] "se comparison"
[1] 0.07208104
[1] 0.06915371
[1] 98
[1] 0.0008527623
[1] -0.02984355
[1] "AdaLSE"
[1] 0.1521806
[1] 0.06635409
[1] 0.8061224

 0  1 
19 79 
[1] "Fitting mean A"
[1] "Fitting variance A"
[1] "DR"
[1] 0.07754577
[1] 0.05943411
[1] 0.8163265

 0  1 
18 80 
[1] "se comparison"
[1] 0.07293326
[1] 0.06912108
[1] 99
[1] 0.0008527623
[1] -0.02984355
[1] "AdaLSE"
[1] 0.06438998
[1] 0.06134321
[1] 0.8080808

 0  1 
19 80 
[1] "Fitting mean A"
[1] "Fitting variance A"
[1] "DR"
[1] 0.02582021
[1] 0.05477644
[1] 0.8181818

 0  1 
18 81 
[1] "se comparison"
[1] 0.07268654
[1] 0.06878161
[1] 100
[1] 0.0008527623
[1] -0.02984355
[1] "AdaLSE"
[1] -0.01859019
[1] 0.06313306
[1] 0.81

 0  1 
19 81 
[1] "Fitting mean A"
[1] "Fitting variance A"
[1] "DR"
[1] -0.0367059
[1] 0.05986794
[1] 0.82

 0  1 
18 82 
[1] "se comparison"
[1] 0.07243343
[1] 0.06860723
[1] 101
[1] 0.0008527623
[1] -0.02984355
[1] "AdaLSE"
[1] -0.03146222
[1] 0.06069991
[1] 0.8118812

 0  1 
19 82 
[1] "Fitting mean A"
[1] "Fitting variance A"
[1] "DR"
[1] -0.03851514
[1] 0.05467028
[1] 0.8217822

 0  1 
18 83 
[1] "se comparison"
[1] 0.07226487
[1] 0.06844538
[1] 102
[1] 0.0008527623
[1] -0.02984355
[1] "AdaLSE"
[1] -0.004157682
[1] 0.07124387
[1] 0.8137255

 0  1 
19 83 
[1] "Fitting mean A"
[1] "Fitting variance A"
[1] "DR"
[1] -0.07207406
[1] 0.06445426
[1] 0.8235294

 0  1 
18 84 
[1] "se comparison"
[1] 0.07195027
[1] 0.06860211
[1] 103
[1] 0.0008527623
[1] -0.02984355
[1] "AdaLSE"
[1] 0.07561129
[1] 0.0634767
[1] 0.815534

 0  1 
19 84 
[1] "Fitting mean A"
[1] "Fitting variance A"
[1] "DR"
[1] 0.07177995
[1] 0.04955664
[1] 0.815534

 0  1 
19 84 
[1] "se comparison"
[1] 0.07179854
[1] 0.06853318
[1] 104
[1] 0.0008527623
[1] -0.02984355
[1] "AdaLSE"
[1] 0.05099733
[1] 0.05420173
[1] 0.8173077

 0  1 
19 85 
[1] "Fitting mean A"
[1] "Fitting variance A"
[1] "DR"
[1] 0.05121431
[1] 0.04195365
[1] 0.8173077

 0  1 
19 85 
[1] "se comparison"
[1] 0.07150751
[1] 0.06831412
[1] 105
[1] 0.0008527623
[1] -0.02984355
[1] "AdaLSE"
[1] 0.0115629
[1] 0.05809597
[1] 0.8190476

 0  1 
19 86 
[1] "Fitting mean A"
[1] "Fitting variance A"
[1] "DR"
[1] -0.01102732
[1] 0.04793214
[1] 0.8190476

 0  1 
19 86 
[1] "se comparison"
[1] 0.07116994
[1] 0.06801978
[1] 106
[1] 0.0008527623
[1] -0.02984355
[1] "AdaLSE"
[1] 0.08871778
[1] 0.05669581
[1] 0.8113208

 0  1 
20 86 
[1] "Fitting mean A"
[1] "Fitting variance A"
[1] "DR"
[1] 0.07987786
[1] 0.05171017
[1] 0.8113208

 0  1 
20 86 
[1] "se comparison"
[1] 0.07112845
[1] 0.0680241
[1] 107
[1] 0.0008527623
[1] -0.02984355
[1] "AdaLSE"
[1] 0.04127097
[1] 0.0597508
[1] 0.8130841

 0  1 
20 87 
[1] "Fitting mean A"
[1] "Fitting variance A"
[1] "DR"
[1] 0.03914196
[1] 0.04746315
[1] 0.8130841

 0  1 
20 87 
[1] "se comparison"
[1] 0.07081575
[1] 0.06775431
[1] 108
[1] 0.0008527623
[1] -0.02984355
[1] "AdaLSE"
[1] -0.08860716
[1] 0.06163372
[1] 0.8148148

 0  1 
20 88 
[1] "Fitting mean A"
[1] "Fitting variance A"
[1] "DR"
[1] -0.1147557
[1] 0.05381641
[1] 0.8148148

 0  1 
20 88 
[1] "se comparison"
[1] 0.07129082
[1] 0.06853087
[1] 109
[1] 0.0008527623
[1] -0.02984355
[1] "AdaLSE"
[1] 0.05002002
[1] 0.06295004
[1] 0.8165138

 0  1 
20 89 
[1] "Fitting mean A"
[1] "Fitting variance A"
[1] "DR"
[1] 0.05109492
[1] 0.05464201
[1] 0.8165138

 0  1 
20 89 
[1] "se comparison"
[1] 0.07101254
[1] 0.06832189
[1] 110
[1] 0.0008527623
[1] -0.02984355
[1] "AdaLSE"
[1] 0.07459934
[1] 0.05878614
[1] 0.8181818

 0  1 
20 90 
[1] "Fitting mean A"
[1] "Fitting variance A"
[1] "DR"
[1] 0.02959844
[1] 0.05002251
[1] 0.8181818

 0  1 
20 90 
[1] "se comparison"
[1] 0.07086529
[1] 0.06803043
[1] 111
[1] 0.0008527623
[1] -0.02984355
[1] "AdaLSE"
[1] -0.03730422
[1] 0.06502716
[1] 0.8198198

 0  1 
20 91 
[1] "Fitting mean A"
[1] "Fitting variance A"
[1] "DR"
[1] -0.063415
[1] 0.05713916
[1] 0.8198198

 0  1 
20 91 
[1] "se comparison"
[1] 0.07076855
[1] 0.06809129
[1] 112
[1] 0.0008527623
[1] -0.02984355
[1] "AdaLSE"
[1] -0.04223285
[1] 0.05906136
[1] 0.8214286

 0  1 
20 92 
[1] "Fitting mean A"
[1] "Fitting variance A"
[1] "DR"
[1] -0.03892865
[1] 0.05119067
[1] 0.8214286

 0  1 
20 92 
[1] "se comparison"
[1] 0.0707077
[1] 0.06794574
[1] 113
[1] 0.0008527623
[1] -0.02984355
[1] "AdaLSE"
[1] -0.02392701
[1] 0.06663286
[1] 0.8230088

 0  1 
20 93 
[1] "Fitting mean A"
[1] "Fitting variance A"
[1] "DR"
[1] -0.04606145
[1] 0.06230663
[1] 0.8230088

 0  1 
20 93 
[1] "se comparison"
[1] 0.07051889
[1] 0.06784873
[1] 114
[1] 0.0008527623
[1] -0.02984355
[1] "AdaLSE"
[1] -0.005234553
[1] 0.05730738
[1] 0.8245614

 0  1 
20 94 
[1] "Fitting mean A"
[1] "Fitting variance A"
[1] "DR"
[1] -0.02429741
[1] 0.05209929
[1] 0.8245614

 0  1 
20 94 
[1] "se comparison"
[1] 0.07024832
[1] 0.06762301
[1] 115
[1] 0.0008527623
[1] -0.02984355
[1] "AdaLSE"
[1] -0.02045898
[1] 0.05978886
[1] 0.826087

 0  1 
20 95 
[1] "Fitting mean A"
[1] "Fitting variance A"
[1] "DR"
[1] -0.03870428
[1] 0.05593004
[1] 0.826087

 0  1 
20 95 
[1] "se comparison"
[1] 0.07004382
[1] 0.06747526
[1] 116
[1] 0.0008527623
[1] -0.02984355
[1] "AdaLSE"
[1] -0.04675583
[1] 0.05544983
[1] 0.8275862

 0  1 
20 96 
[1] "Fitting mean A"
[1] "Fitting variance A"
[1] "DR"
[1] -0.06117012
[1] 0.04942462
[1] 0.8275862

 0  1 
20 96 
[1] "se comparison"
[1] 0.07001482
[1] 0.06749658
[1] 117
[1] 0.0008527623
[1] -0.02984355
[1] "AdaLSE"
[1] -0.06582284
[1] 0.05691563
[1] 0.8290598

 0  1 
20 97 
[1] "Fitting mean A"
[1] "Fitting variance A"
[1] "DR"
[1] -0.0708165
[1] 0.0500534
[1] 0.8290598

 0  1 
20 97 
[1] "se comparison"
[1] 0.07015809
[1] 0.06760301
[1] 118
[1] 0.0008527623
[1] -0.02984355
[1] "AdaLSE"
[1] -0.07791153
[1] 0.05620826
[1] 0.8305085

 0  1 
20 98 
[1] "Fitting mean A"
[1] "Fitting variance A"
[1] "DR"
[1] -0.08014123
[1] 0.04805652
[1] 0.8305085

 0  1 
20 98 
[1] "se comparison"
[1] 0.07042327
[1] 0.06779786
[1] 119
[1] 0.0008527623
[1] -0.02984355
[1] "AdaLSE"
[1] 0.07517084
[1] 0.0557439
[1] 0.8319328

 0  1 
20 99 
[1] "Fitting mean A"
[1] "Fitting variance A"
[1] "DR"
[1] 0.04591425
[1] 0.05156246
[1] 0.8319328

 0  1 
20 99 
[1] "se comparison"
[1] 0.07031958
[1] 0.06760419
[1] 120
[1] 0.0008527623
[1] -0.02984355
[1] "AdaLSE"
[1] -0.001465796
[1] 0.05950932
[1] 0.8333333

  0   1 
 20 100 
[1] "Fitting mean A"
[1] "Fitting variance A"
[1] "DR"
[1] -0.061575
[1] 0.05491157
[1] 0.8333333

  0   1 
 20 100 
[1] "se comparison"
[1] 0.07004724
[1] 0.06761267
[1] 121
[1] 0.0008527623
[1] -0.02984355
[1] "AdaLSE"
[1] 0.1587029
[1] 0.05701637
[1] 0.8264463

  0   1 
 21 100 
[1] "Fitting mean A"
[1] "Fitting variance A"
[1] "DR"
[1] 0.161308
[1] 0.04719963
[1] 0.8264463

  0   1 
 21 100 
[1] "se comparison"
[1] 0.07091219
[1] 0.06878093
[1] 122
[1] 0.0008527623
[1] -0.02984355
[1] "AdaLSE"
[1] -0.009773308
[1] 0.06081994
[1] 0.8278689

  0   1 
 21 101 
[1] "Fitting mean A"
[1] "Fitting variance A"
[1] "DR"
[1] -0.009625209
[1] 0.0514167
[1] 0.8278689

  0   1 
 21 101 
[1] "se comparison"
[1] 0.07066829
[1] 0.06851475
[1] 123
[1] 0.0008527623
[1] -0.02984355
[1] "AdaLSE"
[1] 0.03869398
[1] 0.0555327
[1] 0.8292683

  0   1 
 21 102 
[1] "Fitting mean A"
[1] "Fitting variance A"
[1] "DR"
[1] 0.0381944
[1] 0.04816303
[1] 0.8292683

  0   1 
 21 102 
[1] "se comparison"
[1] 0.07039987
[1] 0.06828811
[1] 124
[1] 0.0008527623
[1] -0.02984355
[1] "AdaLSE"
[1] -0.01787644
[1] 0.05127258
[1] 0.8306452

  0   1 
 21 103 
[1] "Fitting mean A"
[1] "Fitting variance A"
[1] "DR"
[1] -0.02725701
[1] 0.04663273
[1] 0.8306452

  0   1 
 21 103 
[1] "se comparison"
[1] 0.07019307
[1] 0.06808412
[1] 125
[1] 0.0008527623
[1] -0.02984355
[1] "AdaLSE"
[1] 0.1661647
[1] 0.06061734
[1] 0.824

  0   1 
 22 103 
[1] "Fitting mean A"
[1] "Fitting variance A"
[1] "DR"
[1] 0.14575
[1] 0.05926327
[1] 0.824

  0   1 
 22 103 
[1] "se comparison"
[1] 0.07113581
[1] 0.06892186
[1] 126
[1] 0.0008527623
[1] -0.02984355
[1] "AdaLSE"
[1] -0.02658038
[1] 0.0632133
[1] 0.8253968

  0   1 
 22 104 
[1] "Fitting mean A"
[1] "Fitting variance A"
[1] "DR"
[1] -0.03095927
[1] 0.05456464
[1] 0.8253968

  0   1 
 22 104 
[1] "se comparison"
[1] 0.07097368
[1] 0.06873759
[1] 127
[1] 0.0008527623
[1] -0.02984355
[1] "AdaLSE"
[1] -0.02734213
[1] 0.05954938
[1] 0.8267717

  0   1 
 22 105 
[1] "Fitting mean A"
[1] "Fitting variance A"
[1] "DR"
[1] -0.02440682
[1] 0.05279627
[1] 0.8267717

  0   1 
 22 105 
[1] "se comparison"
[1] 0.07081581
[1] 0.06852699
[1] 128
[1] 0.0008527623
[1] -0.02984355
[1] "AdaLSE"
[1] -0.03426063
[1] 0.06731107
[1] 0.828125

  0   1 
 22 106 
[1] "Fitting mean A"
[1] "Fitting variance A"
[1] "DR"
[1] -0.04745283
[1] 0.06279865
[1] 0.828125

  0   1 
 22 106 
[1] "se comparison"
[1] 0.07069666
[1] 0.06843474
[1] 129
[1] 0.0008527623
[1] -0.02984355
[1] "AdaLSE"
[1] -0.08595189
[1] 0.05517395
[1] 0.8294574

  0   1 
 22 107 
[1] "Fitting mean A"
[1] "Fitting variance A"
[1] "DR"
[1] -0.09894703
[1] 0.04875057
[1] 0.8294574

  0   1 
 22 107 
[1] "se comparison"
[1] 0.07102518
[1] 0.0688133
[1] 130
[1] 0.0008527623
[1] -0.02984355
[1] "AdaLSE"
[1] -0.03357092
[1] 0.05732915
[1] 0.8307692

  0   1 
 22 108 
[1] "Fitting mean A"
[1] "Fitting variance A"
[1] "DR"
[1] -0.03389282
[1] 0.05087353
[1] 0.8307692

  0   1 
 22 108 
[1] "se comparison"
[1] 0.07089558
[1] 0.06864029
[1] 131
[1] 0.0008527623
[1] -0.02984355
[1] "AdaLSE"
[1] 0.1630826
[1] 0.05661247
[1] 0.8244275

  0   1 
 23 108 
[1] "Fitting mean A"
[1] "Fitting variance A"
[1] "DR"
[1] 0.1515468
[1] 0.05104595
[1] 0.8244275

  0   1 
 23 108 
[1] "se comparison"
[1] 0.07175218
[1] 0.06953573
[1] 132
[1] 0.0008527623
[1] -0.02984355
[1] "AdaLSE"
[1] -0.04082217
[1] 0.06138951
[1] 0.8257576

  0   1 
 23 109 
[1] "Fitting mean A"
[1] "Fitting variance A"
[1] "DR"
[1] -0.04124614
[1] 0.05597664
[1] 0.8257576

  0   1 
 23 109 
[1] "se comparison"
[1] 0.07166737
[1] 0.06940171
[1] 133
[1] 0.0008527623
[1] -0.02984355
[1] "AdaLSE"
[1] 0.0212664
[1] 0.06513463
[1] 0.8270677

  0   1 
 23 110 
[1] "Fitting mean A"
[1] "Fitting variance A"
[1] "DR"
[1] -0.01889685
[1] 0.06274522
[1] 0.8270677

  0   1 
 23 110 
[1] "se comparison"
[1] 0.07139577
[1] 0.06917625
[1] 134
[1] 0.0008527623
[1] -0.02984355
[1] "AdaLSE"
[1] 0.02748422
[1] 0.05680975
[1] 0.8283582

  0   1 
 23 111 
[1] "Fitting mean A"
[1] "Fitting variance A"
[1] "DR"
[1] 0.02424863
[1] 0.05203758
[1] 0.8283582

  0   1 
 23 111 
[1] "se comparison"
[1] 0.071131
[1] 0.06893122
[1] 135
[1] 0.0008527623
[1] -0.02984355
[1] "AdaLSE"
[1] -0.08558176
[1] 0.06040448
[1] 0.8296296

  0   1 
 23 112 
[1] "Fitting mean A"
[1] "Fitting variance A"
[1] "DR"
[1] -0.08470153
[1] 0.05177701
[1] 0.8296296

  0   1 
 23 112 
[1] "se comparison"
[1] 0.07143078
[1] 0.06912995
[1] 136
[1] 0.0008527623
[1] -0.02984355
[1] "AdaLSE"
[1] 0.09743201
[1] 0.05130649
[1] 0.8235294

  0   1 
 24 112 
[1] "Fitting mean A"
[1] "Fitting variance A"
[1] "DR"
[1] 0.09549542
[1] 0.04816674
[1] 0.8235294

  0   1 
 24 112 
[1] "se comparison"
[1] 0.07149184
[1] 0.06929245
[1] 137
[1] 0.0008527623
[1] -0.02984355
[1] "AdaLSE"
[1] -0.003821013
[1] 0.05385476
[1] 0.8248175

  0   1 
 24 113 
[1] "Fitting mean A"
[1] "Fitting variance A"
[1] "DR"
[1] -0.005907856
[1] 0.04937944
[1] 0.8248175

  0   1 
 24 113 
[1] "se comparison"
[1] 0.07125398
[1] 0.06904661
[1] 138
[1] 0.0008527623
[1] -0.02984355
[1] "AdaLSE"
[1] 0.08618446
[1] 0.05674902
[1] 0.8188406

  0   1 
 25 113 
[1] "Fitting mean A"
[1] "Fitting variance A"
[1] "DR"
[1] 0.1084896
[1] 0.05252872
[1] 0.8188406

  0   1 
 25 113 
[1] "se comparison"
[1] 0.07122817
[1] 0.06933115
[1] 139
[1] 0.0008527623
[1] -0.02984355
[1] "AdaLSE"
[1] -0.004132274
[1] 0.0573183
[1] 0.8201439

  0   1 
 25 114 
[1] "Fitting mean A"
[1] "Fitting variance A"
[1] "DR"
[1] -0.01521954
[1] 0.05178102
[1] 0.8201439

  0   1 
 25 114 
[1] "se comparison"
[1] 0.07099628
[1] 0.06910768
[1] 140
[1] 0.0008527623
[1] -0.02984355
[1] "AdaLSE"
[1] 0.02558439
[1] 0.06180256
[1] 0.8214286

  0   1 
 25 115 
[1] "Fitting mean A"
[1] "Fitting variance A"
[1] "DR"
[1] -0.03327569
[1] 0.05934026
[1] 0.8214286

  0   1 
 25 115 
[1] "se comparison"
[1] 0.07074288
[1] 0.06894645
[1] 141
[1] 0.0008527623
[1] -0.02984355
[1] "AdaLSE"
[1] -0.03700672
[1] 0.05432901
[1] 0.822695

  0   1 
 25 116 
[1] "Fitting mean A"
[1] "Fitting variance A"
[1] "DR"
[1] -0.03424739
[1] 0.0493993
[1] 0.822695

  0   1 
 25 116 
[1] "se comparison"
[1] 0.07064565
[1] 0.06879006
[1] 142
[1] 0.0008527623
[1] -0.02984355
[1] "AdaLSE"
[1] 0.07962269
[1] 0.05869328
[1] 0.8239437

  0   1 
 25 117 
[1] "Fitting mean A"
[1] "Fitting variance A"
[1] "DR"
[1] 0.06837338
[1] 0.05280015
[1] 0.8239437

  0   1 
 25 117 
[1] "se comparison"
[1] 0.07058257
[1] 0.06873708
[1] 143
[1] 0.0008527623
[1] -0.02984355
[1] "AdaLSE"
[1] 0.1065249
[1] 0.07294913
[1] 0.8251748

  0   1 
 25 118 
[1] "Fitting mean A"
[1] "Fitting variance A"
[1] "DR"
[1] 0.08730528
[1] 0.06424837
[1] 0.8251748

  0   1 
 25 118 
[1] "se comparison"
[1] 0.07071579
[1] 0.06881716
[1] 144
[1] 0.0008527623
[1] -0.02984355
[1] "AdaLSE"
[1] -0.02563308
[1] 0.0552603
[1] 0.8263889

  0   1 
 25 119 
[1] "Fitting mean A"
[1] "Fitting variance A"
[1] "DR"
[1] -0.03195203
[1] 0.05002836
[1] 0.8263889

  0   1 
 25 119 
[1] "se comparison"
[1] 0.07056769
[1] 0.06865802
[1] 145
[1] 0.0008527623
[1] -0.02984355
[1] "AdaLSE"
[1] 0.1809838
[1] 0.05320851
[1] 0.8206897

  0   1 
 26 119 
[1] "Fitting mean A"
[1] "Fitting variance A"
[1] "DR"
[1] 0.1814384
[1] 0.04823357
[1] 0.8206897

  0   1 
 26 119 
[1] "se comparison"
[1] 0.07159688
[1] 0.06991883
[1] 146
[1] 0.0008527623
[1] -0.02984355
[1] "AdaLSE"
[1] 0.05110143
[1] 0.06550183
[1] 0.8219178

  0   1 
 26 120 
[1] "Fitting mean A"
[1] "Fitting variance A"
[1] "DR"
[1] 0.02520632
[1] 0.05893455
[1] 0.8219178

  0   1 
 26 120 
[1] "se comparison"
[1] 0.07139555
[1] 0.06968991
[1] 147
[1] 0.0008527623
[1] -0.02984355
[1] "AdaLSE"
[1] 0.1106202
[1] 0.07215332
[1] 0.8231293

  0   1 
 26 121 
[1] "Fitting mean A"
[1] "Fitting variance A"
[1] "DR"
[1] 0.09974552
[1] 0.05953944
[1] 0.8163265

  0   1 
 27 120 
[1] "se comparison"
[1] 0.07153906
[1] 0.06985027
[1] 148
[1] 0.0008527623
[1] -0.02984355
[1] "AdaLSE"
[1] -0.02719739
[1] 0.05637986
[1] 0.8243243

  0   1 
 26 122 
[1] "Fitting mean A"
[1] "Fitting variance A"
[1] "DR"
[1] -0.02582194
[1] 0.0479149
[1] 0.8175676

  0   1 
 27 121 
[1] "se comparison"
[1] 0.07140517
[1] 0.06967425
[1] 149
[1] 0.0008527623
[1] -0.02984355
[1] "AdaLSE"
[1] -0.02396394
[1] 0.05626741
[1] 0.8255034

  0   1 
 26 123 
[1] "Fitting mean A"
[1] "Fitting variance A"
[1] "DR"
[1] -0.04554516
[1] 0.05180761
[1] 0.8187919

  0   1 
 27 122 
[1] "se comparison"
[1] 0.0712573
[1] 0.0695857
[1] 150
[1] 0.0008527623
[1] -0.02984355
[1] "AdaLSE"
[1] -0.05304299
[1] 0.06156389
[1] 0.8266667

  0   1 
 26 124 
[1] "Fitting mean A"
[1] "Fitting variance A"
[1] "DR"
[1] -0.05472775
[1] 0.05896771
[1] 0.82

  0   1 
 27 123 
[1] "se comparison"
[1] 0.07127013
[1] 0.06954861
[1] 151
[1] 0.0008527623
[1] -0.02984355
[1] "AdaLSE"
[1] 0.04945507
[1] 0.06138386
[1] 0.8278146

  0   1 
 26 125 
[1] "Fitting mean A"
[1] "Fitting variance A"
[1] "DR"
[1] 0.04464801
[1] 0.05316781
[1] 0.8211921

  0   1 
 27 124 
[1] "se comparison"
[1] 0.07107299
[1] 0.06937748
[1] 152
[1] 0.0008527623
[1] -0.02984355
[1] "AdaLSE"
[1] 0.03029919
[1] 0.05928723
[1] 0.8289474

  0   1 
 26 126 
[1] "Fitting mean A"
[1] "Fitting variance A"
[1] "DR"
[1] 0.0301381
[1] 0.0525516
[1] 0.8223684

  0   1 
 27 125 
[1] "se comparison"
[1] 0.07084213
[1] 0.06916838
[1] 153
[1] 0.0008527623
[1] -0.02984355
[1] "AdaLSE"
[1] 0.05880534
[1] 0.05558497
[1] 0.8300654

  0   1 
 26 127 
[1] "Fitting mean A"
[1] "Fitting variance A"
[1] "DR"
[1] 0.04301825
[1] 0.05182714
[1] 0.8235294

  0   1 
 27 126 
[1] "se comparison"
[1] 0.07067795
[1] 0.06899449
[1] 154
[1] 0.0008527623
[1] -0.02984355
[1] "AdaLSE"
[1] 0.1043613
[1] 0.05752125
[1] 0.8246753

  0   1 
 27 127 
[1] "Fitting mean A"
[1] "Fitting variance A"
[1] "DR"
[1] 0.07908398
[1] 0.05692784
[1] 0.8246753

  0   1 
 27 127 
[1] "se comparison"
[1] 0.07077097
[1] 0.06899701
[1] 155
[1] 0.0008527623
[1] -0.02984355
[1] "AdaLSE"
[1] -0.08149423
[1] 0.06449486
[1] 0.8258065

  0   1 
 27 128 
[1] "Fitting mean A"
[1] "Fitting variance A"
[1] "DR"
[1] -0.1359098
[1] 0.05808046
[1] 0.8258065

  0   1 
 27 128 
[1] "se comparison"
[1] 0.07101882
[1] 0.06976314
[1] 156
[1] 0.0008527623
[1] -0.02984355
[1] "AdaLSE"
[1] -0.1454923
[1] 0.05394181
[1] 0.8205128

  0   1 
 28 128 
[1] "Fitting mean A"
[1] "Fitting variance A"
[1] "DR"
[1] -0.1526021
[1] 0.05080809
[1] 0.8205128

  0   1 
 28 128 
[1] "se comparison"
[1] 0.0720225
[1] 0.07073103
[1] 157
[1] 0.0008527623
[1] -0.02984355
[1] "AdaLSE"
[1] -0.002824633
[1] 0.05775349
[1] 0.8216561

  0   1 
 28 129 
[1] "Fitting mean A"
[1] "Fitting variance A"
[1] "DR"
[1] 0.00775016
[1] 0.05305042
[1] 0.8216561

  0   1 
 28 129 
[1] "se comparison"
[1] 0.07181279
[1] 0.07050397
[1] 158
[1] 0.0008527623
[1] -0.02984355
[1] "AdaLSE"
[1] -0.04276139
[1] 0.06745321
[1] 0.8227848

  0   1 
 28 130 
[1] "Fitting mean A"
[1] "Fitting variance A"
[1] "DR"
[1] -0.04103111
[1] 0.06244864
[1] 0.8227848

  0   1 
 28 130 
[1] "se comparison"
[1] 0.07175244
[1] 0.07038703
[1] 159
[1] 0.0008527623
[1] -0.02984355
[1] "AdaLSE"
[1] 0.1636935
[1] 0.06226267
[1] 0.8176101

  0   1 
 29 130 
[1] "Fitting mean A"
[1] "Fitting variance A"
[1] "DR"
[1] 0.137881
[1] 0.05865492
[1] 0.8176101

  0   1 
 29 130 
[1] "se comparison"
[1] 0.07244389
[1] 0.07092008
[1] 160
[1] 0.0008527623
[1] -0.02984355
[1] "AdaLSE"
[1] 0.117686
[1] 0.05924432
[1] 0.8125

  0   1 
 30 130 
[1] "Fitting mean A"
[1] "Fitting variance A"
[1] "DR"
[1] 0.1165498
[1] 0.05130708
[1] 0.8125

  0   1 
 30 130 
[1] "se comparison"
[1] 0.07263106
[1] 0.07121127
[1] 161
[1] 0.0008527623
[1] -0.02984355
[1] "AdaLSE"
[1] 0.1006875
[1] 0.06633173
[1] 0.8074534

  0   1 
 31 130 
[1] "Fitting mean A"
[1] "Fitting variance A"
[1] "DR"
[1] 0.07415838
[1] 0.06132563
[1] 0.8136646

  0   1 
 30 131 
[1] "se comparison"
[1] 0.07268115
[1] 0.07117311
[1] 162
[1] 0.0008527623
[1] -0.02984355
[1] "AdaLSE"
[1] 0.04297524
[1] 0.06064169
[1] 0.808642

  0   1 
 31 131 
[1] "Fitting mean A"
[1] "Fitting variance A"
[1] "DR"
[1] 0.01424434
[1] 0.05734091
[1] 0.8148148

  0   1 
 30 132 
[1] "se comparison"
[1] 0.07247624
[1] 0.07095269
[1] 163
[1] 0.0008527623
[1] -0.02984355
[1] "AdaLSE"
[1] -0.04448109
[1] 0.05365008
[1] 0.809816

  0   1 
 31 132 
[1] "Fitting mean A"
[1] "Fitting variance A"
[1] "DR"
[1] -0.0423375
[1] 0.04935947
[1] 0.8159509

  0   1 
 30 133 
[1] "se comparison"
[1] 0.07243304
[1] 0.07085011
[1] 164
[1] 0.0008527623
[1] -0.02984355
[1] "AdaLSE"
[1] 0.03077006
[1] 0.05645718
[1] 0.8109756

  0   1 
 31 133 
[1] "Fitting mean A"
[1] "Fitting variance A"
[1] "DR"
[1] 0.01228591
[1] 0.04829014
[1] 0.8170732

  0   1 
 30 134 
[1] "se comparison"
[1] 0.07221503
[1] 0.07063284
[1] 165
[1] 0.0008527623
[1] -0.02984355
[1] "AdaLSE"
[1] 0.1095919
[1] 0.05625408
[1] 0.8060606

  0   1 
 32 133 
[1] "Fitting mean A"
[1] "Fitting variance A"
[1] "DR"
[1] 0.09627759
[1] 0.04832895
[1] 0.8121212

  0   1 
 31 134 
[1] "se comparison"
[1] 0.07232794
[1] 0.0707422
[1] 166
[1] 0.0008527623
[1] -0.02984355
[1] "AdaLSE"
[1] 0.05161785
[1] 0.05658337
[1] 0.8072289

  0   1 
 32 134 
[1] "Fitting mean A"
[1] "Fitting variance A"
[1] "DR"
[1] 0.04603087
[1] 0.05163942
[1] 0.813253

  0   1 
 31 135 
[1] "se comparison"
[1] 0.0721475
[1] 0.07058355
[1] 167
[1] 0.0008527623
[1] -0.02984355
[1] "AdaLSE"
[1] 0.09899511
[1] 0.06272083
[1] 0.8023952

  0   1 
 33 134 
[1] "Fitting mean A"
[1] "Fitting variance A"
[1] "DR"
[1] 0.08690804
[1] 0.05654825
[1] 0.8083832

  0   1 
 32 135 
[1] "se comparison"
[1] 0.07218125
[1] 0.07062174
[1] 168
[1] 0.0008527623
[1] -0.02984355
[1] "AdaLSE"
[1] -0.02416485
[1] 0.05741427
[1] 0.8035714

  0   1 
 33 135 
[1] "Fitting mean A"
[1] "Fitting variance A"
[1] "DR"
[1] -0.02091718
[1] 0.05072983
[1] 0.8095238

  0   1 
 32 136 
[1] "se comparison"
[1] 0.07205168
[1] 0.07045162
[1] 169
[1] 0.0008527623
[1] -0.02984355
[1] "AdaLSE"
[1] 0.09804921
[1] 0.06081674
[1] 0.7988166

  0   1 
 34 135 
[1] "Fitting mean A"
[1] "Fitting variance A"
[1] "DR"
[1] 0.09800124
[1] 0.05218114
[1] 0.8047337

  0   1 
 33 136 
[1] "se comparison"
[1] 0.07207844
[1] 0.07056494
[1] 170
[1] 0.0008527623
[1] -0.02984355
[1] "AdaLSE"
[1] 0.04826352
[1] 0.06829492
[1] 0.8

  0   1 
 34 136 
[1] "Fitting mean A"
[1] "Fitting variance A"
[1] "DR"
[1] 0.008581996
[1] 0.0608188
[1] 0.8058824

  0   1 
 33 137 
[1] "se comparison"
[1] 0.07189341
[1] 0.07035606
[1] 171
[1] 0.0008527623
[1] -0.02984355
[1] "AdaLSE"
[1] 0.04764247
[1] 0.05944767
[1] 0.8011696

  0   1 
 34 137 
[1] "Fitting mean A"
[1] "Fitting variance A"
[1] "DR"
[1] 0.02456242
[1] 0.04933878
[1] 0.8070175

  0   1 
 33 138 
[1] "se comparison"
[1] 0.07170843
[1] 0.07015673
[1] 172
[1] 0.0008527623
[1] -0.02984355
[1] "AdaLSE"
[1] 0.01873725
[1] 0.05611435
[1] 0.8023256

  0   1 
 34 138 
[1] "Fitting mean A"
[1] "Fitting variance A"
[1] "DR"
[1] 0.008655378
[1] 0.04967767
[1] 0.8081395

  0   1 
 33 139 
[1] "se comparison"
[1] 0.07149893
[1] 0.0699515
[1] 173
[1] 0.0008527623
[1] -0.02984355
[1] "AdaLSE"
[1] -0.001820453
[1] 0.06672055
[1] 0.8034682

  0   1 
 34 139 
[1] "Fitting mean A"
[1] "Fitting variance A"
[1] "DR"
[1] -0.03250255
[1] 0.0611989
[1] 0.8092486

  0   1 
 33 140 
[1] "se comparison"
[1] 0.07131406
[1] 0.06982573
[1] 174
[1] 0.0008527623
[1] -0.02984355
[1] "AdaLSE"
[1] 0.1166969
[1] 0.05829984
[1] 0.7988506

  0   1 
 35 139 
[1] "Fitting mean A"
[1] "Fitting variance A"
[1] "DR"
[1] 0.1161446
[1] 0.05473999
[1] 0.8045977

  0   1 
 34 140 
[1] "se comparison"
[1] 0.07146908
[1] 0.07008179
[1] 175
[1] 0.0008527623
[1] -0.02984355
[1] "AdaLSE"
[1] 0.01125412
[1] 0.05646677
[1] 0.8

  0   1 
 35 140 
[1] "Fitting mean A"
[1] "Fitting variance A"
[1] "DR"
[1] 0.003971021
[1] 0.05268563
[1] 0.8057143

  0   1 
 34 141 
[1] "se comparison"
[1] 0.07126852
[1] 0.06988226
[1] 176
[1] 0.0008527623
[1] -0.02984355
[1] "AdaLSE"
[1] 0.03711512
[1] 0.05933265
[1] 0.8011364

  0   1 
 35 141 
[1] "Fitting mean A"
[1] "Fitting variance A"
[1] "DR"
[1] 0.03301572
[1] 0.0482852
[1] 0.8068182

  0   1 
 34 142 
[1] "se comparison"
[1] 0.07107316
[1] 0.06970175
[1] 177
[1] 0.0008527623
[1] -0.02984355
[1] "AdaLSE"
[1] 0.03159978
[1] 0.05927392
[1] 0.8022599

  0   1 
 35 142 
[1] "Fitting mean A"
[1] "Fitting variance A"
[1] "DR"
[1] -0.01633523
[1] 0.05535389
[1] 0.8079096

  0   1 
 34 143 
[1] "se comparison"
[1] 0.07087422
[1] 0.06953449
[1] 178
[1] 0.0008527623
[1] -0.02984355
[1] "AdaLSE"
[1] 0.1119748
[1] 0.06214225
[1] 0.7977528

  0   1 
 36 142 
[1] "Fitting mean A"
[1] "Fitting variance A"
[1] "DR"
[1] 0.09536951
[1] 0.05745668
[1] 0.8033708

  0   1 
 35 143 
[1] "se comparison"
[1] 0.07099036
[1] 0.06962458
[1] 179
[1] 0.0008527623
[1] -0.02984355
[1] "AdaLSE"
[1] -0.03152083
[1] 0.05513972
[1] 0.7988827

  0   1 
 36 143 
[1] "Fitting mean A"
[1] "Fitting variance A"
[1] "DR"
[1] -0.03637708
[1] 0.05090702
[1] 0.8044693

  0   1 
 35 144 
[1] "se comparison"
[1] 0.07090838
[1] 0.06952134
[1] 180
[1] 0.0008527623
[1] -0.02984355
[1] "AdaLSE"
[1] -0.01404807
[1] 0.06344909
[1] 0.8

  0   1 
 36 144 
[1] "Fitting mean A"
[1] "Fitting variance A"
[1] "DR"
[1] -0.02871459
[1] 0.05604979
[1] 0.8055556

  0   1 
 35 145 
[1] "se comparison"
[1] 0.0707634
[1] 0.06939116
[1] 181
[1] 0.0008527623
[1] -0.02984355
[1] "AdaLSE"
[1] 0.1263375
[1] 0.0555447
[1] 0.7955801

  0   1 
 37 144 
[1] "Fitting mean A"
[1] "Fitting variance A"
[1] "DR"
[1] 0.1161651
[1] 0.05038612
[1] 0.801105

  0   1 
 36 145 
[1] "se comparison"
[1] 0.0709865
[1] 0.06963719
[1] 182
[1] 0.0008527623
[1] -0.02984355
[1] "AdaLSE"
[1] 0.08622641
[1] 0.06683959
[1] 0.7967033

  0   1 
 37 145 
[1] "Fitting mean A"
[1] "Fitting variance A"
[1] "DR"
[1] 0.02609534
[1] 0.06015804
[1] 0.8021978

  0   1 
 36 146 
[1] "se comparison"
[1] 0.0709442
[1] 0.06945274
[1] 183
[1] 0.0008527623
[1] -0.02984355
[1] "AdaLSE"
[1] 0.1165635
[1] 0.06289033
[1] 0.7923497

  0   1 
 38 145 
[1] "Fitting mean A"
[1] "Fitting variance A"
[1] "DR"
[1] 0.1018199
[1] 0.05849275
[1] 0.7978142

  0   1 
 37 146 
[1] "se comparison"
[1] 0.07108249
[1] 0.06958071
[1] 184
[1] 0.0008527623
[1] -0.02984355
[1] "AdaLSE"
[1] 0.1763312
[1] 0.06056336
[1] 0.7880435

  0   1 
 39 145 
[1] "Fitting mean A"
[1] "Fitting variance A"
[1] "DR"
[1] 0.1688507
[1] 0.05556475
[1] 0.7934783

  0   1 
 38 146 
[1] "se comparison"
[1] 0.07177157
[1] 0.07034381
[1] 185
[1] 0.0008527623
[1] -0.02984355
[1] "AdaLSE"
[1] -0.06859337
[1] 0.0573677
[1] 0.7891892

  0   1 
 39 146 
[1] "Fitting mean A"
[1] "Fitting variance A"
[1] "DR"
[1] -0.06357103
[1] 0.05013736
[1] 0.7945946

  0   1 
 38 147 
[1] "se comparison"
[1] 0.07190534
[1] 0.07037868
[1] 186
[1] 0.0008527623
[1] -0.02984355
[1] "AdaLSE"
[1] 0.09291531
[1] 0.05484791
[1] 0.7849462

  0   1 
 40 146 
[1] "Fitting mean A"
[1] "Fitting variance A"
[1] "DR"
[1] 0.08894209
[1] 0.04862634
[1] 0.7903226

  0   1 
 39 147 
[1] "se comparison"
[1] 0.07188669
[1] 0.07041041
[1] 187
[1] 0.0008527623
[1] -0.02984355
[1] "AdaLSE"
[1] 0.118406
[1] 0.05752651
[1] 0.7807487

  0   1 
 41 146 
[1] "Fitting mean A"
[1] "Fitting variance A"
[1] "DR"
[1] 0.105003
[1] 0.05276389
[1] 0.7860963

  0   1 
 40 147 
[1] "se comparison"
[1] 0.07201971
[1] 0.07054158
[1] 188
[1] 0.0008527623
[1] -0.02984355
[1] "AdaLSE"
[1] 0.07076433
[1] 0.07272477
[1] 0.7819149

  0   1 
 41 147 
[1] "Fitting mean A"
[1] "Fitting variance A"
[1] "DR"
[1] 0.04402807
[1] 0.06784037
[1] 0.787234

  0   1 
 40 148 
[1] "se comparison"
[1] 0.07190362
[1] 0.07038767
[1] 189
[1] 0.0008527623
[1] -0.02984355
[1] "AdaLSE"
[1] -0.1197271
[1] 0.05658549
[1] 0.7830688

  0   1 
 41 148 
[1] "Fitting mean A"
[1] "Fitting variance A"
[1] "DR"
[1] -0.1091345
[1] 0.04406577
[1] 0.7883598

  0   1 
 40 149 
[1] "se comparison"
[1] 0.07248573
[1] 0.07076725
[1] 190
[1] 0.0008527623
[1] -0.02984355
[1] "AdaLSE"
[1] 0.0002367926
[1] 0.06479403
[1] 0.7842105

  0   1 
 41 149 
[1] "Fitting mean A"
[1] "Fitting variance A"
[1] "DR"
[1] 0.006374854
[1] 0.05798109
[1] 0.7894737

  0   1 
 40 150 
[1] "se comparison"
[1] 0.0723155
[1] 0.07058149
[1] 191
[1] 0.0008527623
[1] -0.02984355
[1] "AdaLSE"
[1] 0.1275535
[1] 0.06305574
[1] 0.7801047

  0   1 
 42 149 
[1] "Fitting mean A"
[1] "Fitting variance A"
[1] "DR"
[1] 0.1372551
[1] 0.05850774
[1] 0.7853403

  0   1 
 41 150 
[1] "se comparison"
[1] 0.07250881
[1] 0.07096648
[1] 192
[1] 0.0008527623
[1] -0.02984355
[1] "AdaLSE"
[1] 0.07870008
[1] 0.07221468
[1] 0.78125

  0   1 
 42 150 
[1] "Fitting mean A"
[1] "Fitting variance A"
[1] "DR"
[1] 0.03419984
[1] 0.0641238
[1] 0.7864583

  0   1 
 41 151 
[1] "se comparison"
[1] 0.07242207
[1] 0.07079586
[1] 193
[1] 0.0008527623
[1] -0.02984355
[1] "AdaLSE"
[1] 0.03356249
[1] 0.05680703
[1] 0.7823834

  0   1 
 42 151 
[1] "Fitting mean A"
[1] "Fitting variance A"
[1] "DR"
[1] 0.04448913
[1] 0.04908271
[1] 0.7875648

  0   1 
 41 152 
[1] "se comparison"
[1] 0.07223562
[1] 0.07064569
[1] 194
[1] 0.0008527623
[1] -0.02984355
[1] "AdaLSE"
[1] 0.05559599
[1] 0.0660445
[1] 0.7835052

  0   1 
 42 152 
[1] "Fitting mean A"
[1] "Fitting variance A"
[1] "DR"
[1] 0.05424156
[1] 0.05858025
[1] 0.7886598

  0   1 
 41 153 
[1] "se comparison"
[1] 0.07208077
[1] 0.07052162
[1] 195
[1] 0.0008527623
[1] -0.02984355
[1] "AdaLSE"
[1] 0.01783507
[1] 0.05964909
[1] 0.7846154

  0   1 
 42 153 
[1] "Fitting mean A"
[1] "Fitting variance A"
[1] "DR"
[1] 0.002119922
[1] 0.04694342
[1] 0.7897436

  0   1 
 41 154 
[1] "se comparison"
[1] 0.0718969
[1] 0.07034496
[1] 196
[1] 0.0008527623
[1] -0.02984355
[1] "AdaLSE"
[1] 0.04510057
[1] 0.06425697
[1] 0.7857143

  0   1 
 42 154 
[1] "Fitting mean A"
[1] "Fitting variance A"
[1] "DR"
[1] 0.0265555
[1] 0.06010934
[1] 0.7908163

  0   1 
 41 155 
[1] "se comparison"
[1] 0.0717259
[1] 0.07016995
[1] 197
[1] 0.0008527623
[1] -0.02984355
[1] "AdaLSE"
[1] 0.04649861
[1] 0.05562691
[1] 0.786802

  0   1 
 42 155 
[1] "Fitting mean A"
[1] "Fitting variance A"
[1] "DR"
[1] 0.03578962
[1] 0.0544467
[1] 0.7918782

  0   1 
 41 156 
[1] "se comparison"
[1] 0.07155811
[1] 0.07000759
[1] 198
[1] 0.0008527623
[1] -0.02984355
[1] "AdaLSE"
[1] 0.06319537
[1] 0.05988647
[1] 0.7878788

  0   1 
 42 156 
[1] "Fitting mean A"
[1] "Fitting variance A"
[1] "DR"
[1] 0.0499127
[1] 0.05346804
[1] 0.7929293

  0   1 
 41 157 
[1] "se comparison"
[1] 0.07142583
[1] 0.06987546
[1] 199
[1] 0.0008527623
[1] -0.02984355
[1] "AdaLSE"
[1] 0.007936522
[1] 0.06231008
[1] 0.7889447

  0   1 
 42 157 
[1] "Fitting mean A"
[1] "Fitting variance A"
[1] "DR"
[1] -0.001217871
[1] 0.05643719
[1] 0.7939698

  0   1 
 41 158 
[1] "se comparison"
[1] 0.07125667
[1] 0.0697077
[1] 200
[1] 0.0008527623
[1] -0.02984355
[1] "AdaLSE"
[1] -0.02605806
[1] 0.05433534
[1] 0.79

  0   1 
 42 158 
[1] "Fitting mean A"
[1] "Fitting variance A"
[1] "DR"
[1] -0.03127165
[1] 0.04475727
[1] 0.795

  0   1 
 41 159 
[1] "se comparison"
[1] 0.07117214
[1] 0.06960738
[1] 201
[1] 0.0008527623
[1] -0.02984355
[1] "AdaLSE"
[1] 0.03471459
[1] 0.06111922
[1] 0.7910448

  0   1 
 42 159 
[1] "Fitting mean A"
[1] "Fitting variance A"
[1] "DR"
[1] 0.03432875
[1] 0.05393526
[1] 0.7960199

  0   1 
 41 160 
[1] "se comparison"
[1] 0.0709969
[1] 0.06944766
[1] 202
[1] 0.0008527623
[1] -0.02984355
[1] "AdaLSE"
[1] -0.01009867
[1] 0.06668692
[1] 0.7920792

  0   1 
 42 160 
[1] "Fitting mean A"
[1] "Fitting variance A"
[1] "DR"
[1] -0.02573199
[1] 0.05820215
[1] 0.7970297

  0   1 
 41 161 
[1] "se comparison"
[1] 0.0708647
[1] 0.06933192
[1] 203
[1] 0.0008527623
[1] -0.02984355
[1] "AdaLSE"
[1] 0.02953202
[1] 0.06139734
[1] 0.7931034

  0   1 
 42 161 
[1] "Fitting mean A"
[1] "Fitting variance A"
[1] "DR"
[1] 0.02757034
[1] 0.05737106
[1] 0.7980296

  0   1 
 41 162 
[1] "se comparison"
[1] 0.07068965
[1] 0.06916655
[1] 204
[1] 0.0008527623
[1] -0.02984355
[1] "AdaLSE"
[1] 0.0668219
[1] 0.05554695
[1] 0.7941176

  0   1 
 42 162 
[1] "Fitting mean A"
[1] "Fitting variance A"
[1] "DR"
[1] 0.06832261
[1] 0.0510221
[1] 0.7990196

  0   1 
 41 163 
[1] "se comparison"
[1] 0.07057469
[1] 0.06910009
[1] 205
[1] 0.0008527623
[1] -0.02984355
[1] "AdaLSE"
[1] 0.02931515
[1] 0.06875685
[1] 0.795122

  0   1 
 42 163 
[1] "Fitting mean A"
[1] "Fitting variance A"
[1] "DR"
[1] 0.00984555
[1] 0.06260264
[1] 0.8

  0   1 
 41 164 
[1] "se comparison"
[1] 0.07040196
[1] 0.06893126
[1] 206
[1] 0.0008527623
[1] -0.02984355
[1] "AdaLSE"
[1] 0.1345711
[1] 0.06050936
[1] 0.7912621

  0   1 
 43 163 
[1] "Fitting mean A"
[1] "Fitting variance A"
