LOADING R
R LOADED
[1] "/home/lvanderl/Rlibs2"                         
[2] "/app/software/R/4.2.2-foss-2021b/lib/R/library"
[1] "/home/lvanderl/sieveSims"
[1] 1
[1] -0.2
[1] -0.1893982
[1] "AdaLSE"
[1] -0.5352052
[1] 0.1189788
[1] 0

0 
1 
[1] "Fitting mean A"
[1] "Fitting variance A"
[1] "DR"
[1] -0.5209608
[1] 0.100966
[1] 0

0 
1 
[1] "se comparison"
[1] NA
[1] NA
[1] 2
[1] -0.2
[1] -0.1893982
[1] "AdaLSE"
[1] -0.2817611
[1] 0.1224535
[1] 0.5

0 1 
1 1 
[1] "Fitting mean A"
[1] "Fitting variance A"
[1] "DR"
[1] -0.3475145
[1] 0.1190074
[1] 0.5

0 1 
1 1 
[1] "se comparison"
[1] 0.179212
[1] 0.1226451
[1] 3
[1] -0.2
[1] -0.1893982
[1] "AdaLSE"
[1] -0.06976847
[1] 0.1220216
[1] 0.6666667

0 1 
1 2 
[1] "Fitting mean A"
[1] "Fitting variance A"
[1] "DR"
[1] 0.05122997
[1] 0.1461662
[1] 0.6666667

0 1 
1 2 
[1] "se comparison"
[1] 0.2330258
[1] 0.2933948
[1] 4
[1] -0.2
[1] -0.1893982
[1] "AdaLSE"
[1] -0.08683378
[1] 0.1266753
[1] 0.75

0 1 
1 3 
[1] "Fitting mean A"
[1] "Fitting variance A"
[1] "DR"
[1] -0.3453323
[1] 0.2485532
[1] 0.75

0 1 
1 3 
[1] "se comparison"
[1] 0.2170121
[1] 0.2423143
[1] 5
[1] -0.2
[1] -0.1893982
[1] "AdaLSE"
[1] -0.1347789
[1] 0.1201376
[1] 0.8

0 1 
1 4 
[1] "Fitting mean A"
[1] "Fitting variance A"
[1] "DR"
[1] -0.1952161
[1] 0.1350211
[1] 0.8

0 1 
1 4 
[1] "se comparison"
[1] 0.1941135
[1] 0.214146
[1] 6
[1] -0.2
[1] -0.1893982
[1] "AdaLSE"
[1] -0.1221605
[1] 0.1196678
[1] 0.8333333

0 1 
1 5 
[1] "Fitting mean A"
[1] "Fitting variance A"
[1] "DR"
[1] -0.01695789
[1] 0.2123758
[1] 0.8333333

0 1 
1 5 
[1] "se comparison"
[1] 0.1783098
[1] 0.2179229
[1] 7
[1] -0.2
[1] -0.1893982
[1] "AdaLSE"
[1] -0.1679159
[1] 0.1171479
[1] 0.8571429

0 1 
1 6 
[1] "Fitting mean A"
[1] "Fitting variance A"
[1] "DR"
[1] -0.1404099
[1] 0.1207664
[1] 0.8571429

0 1 
1 6 
[1] "se comparison"
[1] 0.163379
[1] 0.2017416
[1] 8
[1] -0.2
[1] -0.1893982
[1] "AdaLSE"
[1] -0.267805
[1] 0.117773
[1] 0.875

0 1 
1 7 
[1] "Fitting mean A"
[1] "Fitting variance A"
[1] "DR"
[1] -0.2353716
[1] 0.1141015
[1] 0.875

0 1 
1 7 
[1] "se comparison"
[1] 0.1531599
[1] 0.1868962
[1] 9
[1] -0.2
[1] -0.1893982
[1] "AdaLSE"
[1] -0.04288087
[1] 0.1122119
[1] 0.8888889

0 1 
1 8 
[1] "Fitting mean A"
[1] "Fitting variance A"
[1] "DR"
[1] -0.153904
[1] 0.1269731
[1] 0.8888889

0 1 
1 8 
[1] "se comparison"
[1] 0.15351
[1] 0.1761593
[1] 10
[1] -0.2
[1] -0.1893982
[1] "AdaLSE"
[1] 0.1202368
[1] 0.1034366
[1] 0.8

0 1 
2 8 
[1] "Fitting mean A"
[1] "Fitting variance A"
[1] "DR"
[1] -0.130867
[1] 0.1935805
[1] 0.9

0 1 
1 9 
[1] "se comparison"
[1] 0.1748299
[1] 0.1680355
[1] 11
[1] -0.2
[1] -0.1893982
[1] "AdaLSE"
[1] -0.2374563
[1] 0.124947
[1] 0.8181818

0 1 
2 9 
[1] "Fitting mean A"
[1] "Fitting variance A"
[1] "DR"
[1] -0.3400565
[1] 0.1435171
[1] 0.9090909

 0  1 
 1 10 
[1] "se comparison"
[1] 0.1675414
[1] 0.1646415
[1] 12
[1] -0.2
[1] -0.1893982
[1] "AdaLSE"
[1] -0.04882981
[1] 0.1333683
[1] 0.8333333

 0  1 
 2 10 
[1] "Fitting mean A"
[1] "Fitting variance A"
[1] "DR"
[1] 0.08628652
[1] 0.1645077
[1] 0.9166667

 0  1 
 1 11 
[1] "se comparison"
[1] 0.163288
[1] 0.1795951
[1] 13
[1] -0.2
[1] -0.1893982
[1] "AdaLSE"
[1] 0.1093889
[1] 0.1135063
[1] 0.7692308

 0  1 
 3 10 
[1] "Fitting mean A"
[1] "Fitting variance A"
[1] "DR"
[1] 0.325403
[1] 0.3623747
[1] 0.9230769

 0  1 
 1 12 
[1] "se comparison"
[1] 0.1728282
[1] 0.2237418
[1] 14
[1] -0.2
[1] -0.1893982
[1] "AdaLSE"
[1] -0.05465651
[1] 0.1149346
[1] 0.7857143

 0  1 
 3 11 
[1] "Fitting mean A"
[1] "Fitting variance A"
[1] "DR"
[1] -0.177739
[1] 0.1474978
[1] 0.9285714

 0  1 
 1 13 
[1] "se comparison"
[1] 0.1674591
[1] 0.2150825
[1] 15
[1] -0.2
[1] -0.1893982
[1] "AdaLSE"
[1] -0.3879697
[1] 0.1112524
[1] 0.8

 0  1 
 3 12 
[1] "Fitting mean A"
[1] "Fitting variance A"
[1] "DR"
[1] -0.4862277
[1] 0.2772717
[1] 0.9333333

 0  1 
 1 14 
[1] "se comparison"
[1] 0.174571
[1] 0.224412
[1] 16
[1] -0.2
[1] -0.1893982
[1] "AdaLSE"
[1] -0.07840819
[1] 0.1162617
[1] 0.8125

 0  1 
 3 13 
[1] "Fitting mean A"
[1] "Fitting variance A"
[1] "DR"
[1] 0.02021176
[1] 0.13036
[1] 0.9375

 0  1 
 1 15 
[1] "se comparison"
[1] 0.1695269
[1] 0.2222372
[1] 17
[1] -0.2
[1] -0.1893982
[1] "AdaLSE"
[1] -0.4499848
[1] 0.1135665
[1] 0.7647059

 0  1 
 4 13 
[1] "Fitting mean A"
[1] "Fitting variance A"
[1] "DR"
[1] -0.4514069
[1] 0.1216712
[1] 0.8823529

 0  1 
 2 15 
[1] "se comparison"
[1] 0.1802481
[1] 0.2262667
[1] 18
[1] -0.2
[1] -0.1893982
[1] "AdaLSE"
[1] -0.07461269
[1] 0.1115383
[1] 0.7777778

 0  1 
 4 14 
[1] "Fitting mean A"
[1] "Fitting variance A"
[1] "DR"
[1] 0.0201787
[1] 0.1160841
[1] 0.8888889

 0  1 
 2 16 
[1] "se comparison"
[1] 0.1760474
[1] 0.2245211
[1] 19
[1] -0.2
[1] -0.1893982
[1] "AdaLSE"
[1] 0.135208
[1] 0.117793
[1] 0.7368421

 0  1 
 5 14 
[1] "Fitting mean A"
[1] "Fitting variance A"
[1] "DR"
[1] 0.1515423
[1] 0.2054337
[1] 0.8947368

 0  1 
 2 17 
[1] "se comparison"
[1] 0.1836844
[1] 0.2302404
[1] 20
[1] -0.2
[1] -0.1893982
[1] "AdaLSE"
[1] -0.198487
[1] 0.117136
[1] 0.75

 0  1 
 5 15 
[1] "Fitting mean A"
[1] "Fitting variance A"
[1] "DR"
[1] -0.1481852
[1] 0.1196996
[1] 0.9

 0  1 
 2 18 
[1] "se comparison"
[1] 0.1792491
[1] 0.2241012
[1] 21
[1] -0.2
[1] -0.1893982
[1] "AdaLSE"
[1] -0.2545496
[1] 0.1238927
[1] 0.7619048

 0  1 
 5 16 
[1] "Fitting mean A"
[1] "Fitting variance A"
[1] "DR"
[1] -0.2463217
[1] 0.237167
[1] 0.9047619

 0  1 
 2 19 
[1] "se comparison"
[1] 0.176376
[1] 0.2193993
[1] 22
[1] -0.2
[1] -0.1893982
[1] "AdaLSE"
[1] -0.2064796
[1] 0.1209382
[1] 0.7727273

 0  1 
 5 17 
[1] "Fitting mean A"
[1] "Fitting variance A"
[1] "DR"
[1] 0.4337115
[1] 0.2847163
[1] 0.8636364

 0  1 
 3 19 
[1] "se comparison"
[1] 0.1725609
[1] 0.2483253
[1] 23
[1] -0.2
[1] -0.1893982
[1] "AdaLSE"
[1] 0.0735531
[1] 0.1211294
[1] 0.7391304

 0  1 
 6 17 
[1] "Fitting mean A"
[1] "Fitting variance A"
[1] "DR"
[1] 0.108912
[1] 0.1473961
[1] 0.826087

 0  1 
 4 19 
[1] "se comparison"
[1] 0.1750094
[1] 0.2476545
[1] 24
[1] -0.2
[1] -0.1893982
[1] "AdaLSE"
[1] -0.1900276
[1] 0.1084956
[1] 0.75

 0  1 
 6 18 
[1] "Fitting mean A"
[1] "Fitting variance A"
[1] "DR"
[1] -0.1241535
[1] 0.1050184
[1] 0.8333333

 0  1 
 4 20 
[1] "se comparison"
[1] 0.1714451
[1] 0.2422131
[1] 25
[1] -0.2
[1] -0.1893982
[1] "AdaLSE"
[1] -0.2563497
[1] 0.1166956
[1] 0.76

 0  1 
 6 19 
[1] "Fitting mean A"
[1] "Fitting variance A"
[1] "DR"
[1] -0.2818814
[1] 0.1146583
[1] 0.84

 0  1 
 4 21 
[1] "se comparison"
[1] 0.169337
[1] 0.2393325
[1] 26
[1] -0.2
[1] -0.1893982
[1] "AdaLSE"
[1] -0.1628657
[1] 0.120424
[1] 0.7692308

 0  1 
 6 20 
[1] "Fitting mean A"
[1] "Fitting variance A"
[1] "DR"
[1] -0.2609703
[1] 0.1330144
[1] 0.8461538

 0  1 
 4 22 
[1] "se comparison"
[1] 0.1659401
[1] 0.2359906
[1] 27
[1] -0.2
[1] -0.1893982
[1] "AdaLSE"
[1] -0.04152091
[1] 0.1130087
[1] 0.7777778

 0  1 
 6 21 
[1] "Fitting mean A"
[1] "Fitting variance A"
[1] "DR"
[1] 0.02847235
[1] 0.1140114
[1] 0.8518519

 0  1 
 4 23 
[1] "se comparison"
[1] 0.1640247
[1] 0.2334341
[1] 28
[1] -0.2
[1] -0.1893982
[1] "AdaLSE"
[1] -0.06836002
[1] 0.1178466
[1] 0.7857143

 0  1 
 6 22 
[1] "Fitting mean A"
[1] "Fitting variance A"
[1] "DR"
[1] 0.1073931
[1] 0.1291012
[1] 0.8214286

 0  1 
 5 23 
[1] "se comparison"
[1] 0.1616075
[1] 0.2332459
[1] 29
[1] -0.2
[1] -0.1893982
[1] "AdaLSE"
[1] -0.3646224
[1] 0.1292097
[1] 0.7931034

 0  1 
 6 23 
[1] "Fitting mean A"
[1] "Fitting variance A"
[1] "DR"
[1] -0.4394227
[1] 0.1277831
[1] 0.8275862

 0  1 
 5 24 
[1] "se comparison"
[1] 0.1639827
[1] 0.2367489
[1] 30
[1] -0.2
[1] -0.1893982
[1] "AdaLSE"
[1] -0.08395086
[1] 0.1146087
[1] 0.8

 0  1 
 6 24 
[1] "Fitting mean A"
[1] "Fitting variance A"
[1] "DR"
[1] -0.09149604
[1] 0.3555641
[1] 0.8333333

 0  1 
 5 25 
[1] "se comparison"
[1] 0.1615793
[1] 0.2327262
[1] 31
[1] -0.2
[1] -0.1893982
[1] "AdaLSE"
[1] -0.143661
[1] 0.1182146
[1] 0.8064516

 0  1 
 6 25 
[1] "Fitting mean A"
[1] "Fitting variance A"
[1] "DR"
[1] -0.1379973
[1] 0.2014402
[1] 0.8387097

 0  1 
 5 26 
[1] "se comparison"
[1] 0.1588651
[1] 0.2288235
[1] 32
[1] -0.2
[1] -0.1893982
[1] "AdaLSE"
[1] -0.104009
[1] 0.1160766
[1] 0.8125

 0  1 
 6 26 
[1] "Fitting mean A"
[1] "Fitting variance A"
[1] "DR"
[1] 0.06462323
[1] 0.2066351
[1] 0.84375

 0  1 
 5 27 
[1] "se comparison"
[1] 0.1564711
[1] 0.2276389
[1] 33
[1] -0.2
[1] -0.1893982
[1] "AdaLSE"
[1] -0.09964576
[1] 0.1304497
[1] 0.8181818

 0  1 
 6 27 
[1] "Fitting mean A"
[1] "Fitting variance A"
[1] "DR"
[1] -0.08829077
[1] 0.1407511
[1] 0.8484848

 0  1 
 5 28 
[1] "se comparison"
[1] 0.1542196
[1] 0.2241264
[1] 34
[1] -0.2
[1] -0.1893982
[1] "AdaLSE"
[1] -0.1449502
[1] 0.1241048
[1] 0.8235294

 0  1 
 6 28 
[1] "Fitting mean A"
[1] "Fitting variance A"
[1] "DR"
[1] -0.1892332
[1] 0.3982109
[1] 0.8529412

 0  1 
 5 29 
[1] "se comparison"
[1] 0.151865
[1] 0.2210229
[1] 35
[1] -0.2
[1] -0.1893982
[1] "AdaLSE"
[1] 0.00898909
[1] 0.1183201
[1] 0.8285714

 0  1 
 6 29 
[1] "Fitting mean A"
[1] "Fitting variance A"
[1] "DR"
[1] 0.02828993
[1] 0.1242144
[1] 0.8571429

 0  1 
 5 30 
[1] "se comparison"
[1] 0.1518556
[1] 0.2192274
[1] 36
[1] -0.2
[1] -0.1893982
[1] "AdaLSE"
[1] -0.1699026
[1] 0.1260262
[1] 0.8333333

 0  1 
 6 30 
[1] "Fitting mean A"
[1] "Fitting variance A"
[1] "DR"
[1] 0.161403
[1] 0.2856175
[1] 0.8611111

 0  1 
 5 31 
[1] "se comparison"
[1] 0.1497514
[1] 0.2210275
[1] 37
[1] -0.2
[1] -0.1893982
[1] "AdaLSE"
[1] -0.2926581
[1] 0.1167476
[1] 0.8378378

 0  1 
 6 31 
[1] "Fitting mean A"
[1] "Fitting variance A"
[1] "DR"
[1] -0.4872375
[1] 0.1649462
[1] 0.8648649

 0  1 
 5 32 
[1] "se comparison"
[1] 0.1497417
[1] 0.2265856
[1] 38
[1] -0.2
[1] -0.1893982
[1] "AdaLSE"
[1] -0.2435953
[1] 0.1179491
[1] 0.8421053

 0  1 
 6 32 
[1] "Fitting mean A"
[1] "Fitting variance A"
[1] "DR"
[1] -0.2102753
[1] 0.1291357
[1] 0.8684211

 0  1 
 5 33 
[1] "se comparison"
[1] 0.1485627
[1] 0.2239792
[1] 39
[1] -0.2
[1] -0.1893982
[1] "AdaLSE"
[1] -0.2338267
[1] 0.1127789
[1] 0.8461538

 0  1 
 6 33 
[1] "Fitting mean A"
[1] "Fitting variance A"
[1] "DR"
[1] -0.1891277
[1] 0.114495
[1] 0.8717949

 0  1 
 5 34 
[1] "se comparison"
[1] 0.1472396
[1] 0.2212689
[1] 40
[1] -0.2
[1] -0.1893982
[1] "AdaLSE"
[1] -0.04563503
[1] 0.1130485
[1] 0.85

 0  1 
 6 34 
[1] "Fitting mean A"
[1] "Fitting variance A"
[1] "DR"
[1] 0.004765763
[1] 0.1172134
[1] 0.875

 0  1 
 5 35 
[1] "se comparison"
[1] 0.1462748
[1] 0.2193654
[1] 41
[1] -0.2
[1] -0.1893982
[1] "AdaLSE"
[1] -0.3914663
[1] 0.117502
[1] 0.8536585

 0  1 
 6 35 
[1] "Fitting mean A"
[1] "Fitting variance A"
[1] "DR"
[1] -0.7328361
[1] 0.4777971
[1] 0.8780488

 0  1 
 5 36 
[1] "se comparison"
[1] 0.149377
[1] 0.2367391
[1] 42
[1] -0.2
[1] -0.1893982
[1] "AdaLSE"
[1] -0.3157838
[1] 0.1240517
[1] 0.8571429

 0  1 
 6 36 
[1] "Fitting mean A"
[1] "Fitting variance A"
[1] "DR"
[1] -0.457364
[1] 0.307001
[1] 0.8809524

 0  1 
 5 37 
[1] "se comparison"
[1] 0.149656
[1] 0.2390334
[1] 43
[1] -0.2
[1] -0.1893982
[1] "AdaLSE"
[1] -0.2736617
[1] 0.1242827
[1] 0.8604651

 0  1 
 6 37 
[1] "Fitting mean A"
[1] "Fitting variance A"
[1] "DR"
[1] -0.1961515
[1] 0.110993
[1] 0.8837209

 0  1 
 5 38 
[1] "se comparison"
[1] 0.1489249
[1] 0.2363062
[1] 44
[1] -0.2
[1] -0.1893982
[1] "AdaLSE"
[1] 0.05998618
[1] 0.1158425
[1] 0.8409091

 0  1 
 7 37 
[1] "Fitting mean A"
[1] "Fitting variance A"
[1] "DR"
[1] 0.08894739
[1] 0.3773375
[1] 0.8863636

 0  1 
 5 39 
[1] "se comparison"
[1] 0.1508729
[1] 0.236188
[1] 45
[1] -0.2
[1] -0.1893982
[1] "AdaLSE"
[1] -0.08598409
[1] 0.1219109
[1] 0.8444444

 0  1 
 7 38 
[1] "Fitting mean A"
[1] "Fitting variance A"
[1] "DR"
[1] -0.314659
[1] 0.2154766
[1] 0.8888889

 0  1 
 5 40 
[1] "se comparison"
[1] 0.1495029
[1] 0.2349428
[1] 46
[1] -0.2
[1] -0.1893982
[1] "AdaLSE"
[1] -0.1918562
[1] 0.1110752
[1] 0.8478261

 0  1 
 7 39 
[1] "Fitting mean A"
[1] "Fitting variance A"
[1] "DR"
[1] -0.1944289
[1] 0.1148794
[1] 0.8913043

 0  1 
 5 41 
[1] "se comparison"
[1] 0.1479408
[1] 0.2324391
[1] 47
[1] -0.2
[1] -0.1893982
[1] "AdaLSE"
[1] -0.1270707
[1] 0.1133567
[1] 0.8510638

 0  1 
 7 40 
[1] "Fitting mean A"
[1] "Fitting variance A"
[1] "DR"
[1] -0.09399846
[1] 0.1223573
[1] 0.893617

 0  1 
 5 42 
[1] "se comparison"
[1] 0.1463778
[1] 0.2300171
[1] 48
[1] -0.2
[1] -0.1893982
[1] "AdaLSE"
[1] -0.443539
[1] 0.1106904
[1] 0.8333333

 0  1 
 8 40 
[1] "Fitting mean A"
[1] "Fitting variance A"
[1] "DR"
[1] -0.4441915
[1] 0.3323232
[1] 0.8958333

 0  1 
 5 43 
[1] "se comparison"
[1] 0.1507333
[1] 0.2316587
[1] 49
[1] -0.2
[1] -0.1893982
[1] "AdaLSE"
[1] -0.2260881
[1] 0.1158416
[1] 0.8367347

 0  1 
 8 41 
[1] "Fitting mean A"
[1] "Fitting variance A"
[1] "DR"
[1] -0.1223044
[1] 0.2785128
[1] 0.8979592

 0  1 
 5 44 
[1] "se comparison"
[1] 0.1494557
[1] 0.2292665
[1] 50
[1] -0.2
[1] -0.1893982
[1] "AdaLSE"
[1] -0.04606213
[1] 0.1057829
[1] 0.84

 0  1 
 8 42 
[1] "Fitting mean A"
[1] "Fitting variance A"
[1] "DR"
[1] 0.2553309
[1] 0.2838982
[1] 0.9

 0  1 
 5 45 
[1] "se comparison"
[1] 0.1488148
[1] 0.2340159
[1] 51
[1] -0.2
[1] -0.1893982
[1] "AdaLSE"
[1] -0.1943447
[1] 0.1204013
[1] 0.8431373

 0  1 
 8 43 
[1] "Fitting mean A"
[1] "Fitting variance A"
[1] "DR"
[1] -0.05980633
[1] 0.2230596
[1] 0.9019608

 0  1 
 5 46 
[1] "se comparison"
[1] 0.1474032
[1] 0.2319435
[1] 52
[1] -0.2
[1] -0.1893982
[1] "AdaLSE"
[1] -0.2755348
[1] 0.1250352
[1] 0.8461538

 0  1 
 8 44 
[1] "Fitting mean A"
[1] "Fitting variance A"
[1] "DR"
[1] -0.5865808
[1] 0.2819165
[1] 0.9038462

 0  1 
 5 47 
[1] "se comparison"
[1] 0.1468352
[1] 0.237879
[1] 53
[1] -0.2
[1] -0.1893982
[1] "AdaLSE"
[1] -0.06383291
[1] 0.1231675
[1] 0.8490566

 0  1 
 8 45 
[1] "Fitting mean A"
[1] "Fitting variance A"
[1] "DR"
[1] -0.1665021
[1] 0.1633406
[1] 0.9056604

 0  1 
 5 48 
[1] "se comparison"
[1] 0.1460369
[1] 0.2355942
[1] 54
[1] -0.2
[1] -0.1893982
[1] "AdaLSE"
[1] -0.3097489
[1] 0.1047922
[1] 0.8518519

 0  1 
 8 46 
[1] "Fitting mean A"
[1] "Fitting variance A"
[1] "DR"
[1] -0.2011187
[1] 0.1089017
[1] 0.9074074

 0  1 
 5 49 
[1] "se comparison"
[1] 0.1460832
[1] 0.233471
[1] 55
[1] -0.2
[1] -0.1893982
[1] "AdaLSE"
[1] -0.5277228
[1] 0.1143676
[1] 0.8363636

 0  1 
 9 46 
[1] "Fitting mean A"
[1] "Fitting variance A"
[1] "DR"
[1] -0.404864
[1] 0.1119122
[1] 0.9090909

 0  1 
 5 50 
[1] "se comparison"
[1] 0.1528666
[1] 0.2338492
[1] 56
[1] -0.2
[1] -0.1893982
[1] "AdaLSE"
[1] -0.0894542
[1] 0.1212417
[1] 0.8392857

 0  1 
 9 47 
[1] "Fitting mean A"
[1] "Fitting variance A"
[1] "DR"
[1] -0.03654895
[1] 0.1529541
[1] 0.9107143

 0  1 
 5 51 
[1] "se comparison"
[1] 0.1518458
[1] 0.2322453
[1] 57
[1] -0.2
[1] -0.1893982
[1] "AdaLSE"
[1] -0.1350333
[1] 0.130896
[1] 0.8421053

 0  1 
 9 48 
[1] "Fitting mean A"
[1] "Fitting variance A"
[1] "DR"
[1] -0.0313698
[1] 0.4285667
[1] 0.9122807

 0  1 
 5 52 
[1] "se comparison"
[1] 0.1505468
[1] 0.2307161
[1] 58
[1] -0.2
[1] -0.1893982
[1] "AdaLSE"
[1] -0.6037756
[1] 0.1225369
[1] 0.8275862

 0  1 
10 48 
[1] "Fitting mean A"
[1] "Fitting variance A"
[1] "DR"
[1] -0.6717425
[1] 0.1438787
[1] 0.8965517

 0  1 
 6 52 
[1] "se comparison"
[1] 0.1598482
[1] 0.2387295
[1] 59
[1] -0.2
[1] -0.1893982
[1] "AdaLSE"
[1] -0.4498103
[1] 0.1236582
[1] 0.8135593

 0  1 
11 48 
[1] "Fitting mean A"
[1] "Fitting variance A"
[1] "DR"
[1] -0.4060235
[1] 0.1252128
[1] 0.8983051

 0  1 
 6 53 
[1] "se comparison"
[1] 0.1624579
[1] 0.23884
[1] 60
[1] -0.2
[1] -0.1893982
[1] "AdaLSE"
[1] -0.1321298
[1] 0.1347045
[1] 0.8166667

 0  1 
11 49 
[1] "Fitting mean A"
[1] "Fitting variance A"
[1] "DR"
[1] 0.001879447
[1] 0.1363484
[1] 0.9

 0  1 
 6 54 
[1] "se comparison"
[1] 0.1611912
[1] 0.2377626
[1] 61
[1] -0.2
[1] -0.1893982
[1] "AdaLSE"
[1] 0.0001500627
[1] 0.1208056
[1] 0.8196721

 0  1 
11 50 
[1] "Fitting mean A"
[1] "Fitting variance A"
[1] "DR"
[1] -0.2526762
[1] 0.3100252
[1] 0.9016393

 0  1 
 6 55 
[1] "se comparison"
[1] 0.1614742
[1] 0.2360694
[1] 62
[1] -0.2
[1] -0.1893982
[1] "AdaLSE"
[1] -0.4040554
[1] 0.1220105
[1] 0.8225806

 0  1 
11 51 
[1] "Fitting mean A"
[1] "Fitting variance A"
[1] "DR"
[1] -0.3404706
[1] 0.1195083
[1] 0.9032258

 0  1 
 6 56 
[1] "se comparison"
[1] 0.1627485
[1] 0.2352231
[1] 63
[1] -0.2
[1] -0.1893982
[1] "AdaLSE"
[1] -0.2589597
[1] 0.1296805
[1] 0.8253968

 0  1 
11 52 
[1] "Fitting mean A"
[1] "Fitting variance A"
[1] "DR"
[1] -0.2417189
[1] 0.1478395
[1] 0.9047619

 0  1 
 6 57 
[1] "se comparison"
[1] 0.1617412
[1] 0.2335201
[1] 64
[1] -0.2
[1] -0.1893982
[1] "AdaLSE"
[1] -0.1912976
[1] 0.1285455
[1] 0.828125

 0  1 
11 53 
[1] "Fitting mean A"
[1] "Fitting variance A"
[1] "DR"
[1] -0.4858859
[1] 0.2605194
[1] 0.90625

 0  1 
 6 58 
[1] "se comparison"
[1] 0.1604579
[1] 0.2350865
[1] 65
[1] -0.2
[1] -0.1893982
[1] "AdaLSE"
[1] -0.0005302524
[1] 0.1250509
[1] 0.8307692

 0  1 
11 54 
[1] "Fitting mean A"
[1] "Fitting variance A"
[1] "DR"
[1] 0.001105344
[1] 0.2865912
[1] 0.9076923

 0  1 
 6 59 
[1] "se comparison"
[1] 0.1607632
[1] 0.2342167
[1] 66
[1] -0.2
[1] -0.1893982
[1] "AdaLSE"
[1] -0.4162149
[1] 0.1212515
[1] 0.8333333

 0  1 
11 55 
[1] "Fitting mean A"
[1] "Fitting variance A"
[1] "DR"
[1] -0.8311897
[1] 0.338859
[1] 0.9090909

 0  1 
 6 60 
[1] "se comparison"
[1] 0.1621921
[1] 0.2463165
[1] 67
[1] -0.2
[1] -0.1893982
[1] "AdaLSE"
[1] -0.2524991
[1] 0.1218557
[1] 0.8358209

 0  1 
11 56 
[1] "Fitting mean A"
[1] "Fitting variance A"
[1] "DR"
[1] -0.2201211
[1] 0.1185546
[1] 0.9104478

 0  1 
 6 61 
[1] "se comparison"
[1] 0.1611909
[1] 0.2444967
[1] 68
[1] -0.2
[1] -0.1893982
[1] "AdaLSE"
[1] -0.2384546
[1] 0.1218302
[1] 0.8382353

 0  1 
11 57 
[1] "Fitting mean A"
[1] "Fitting variance A"
[1] "DR"
[1] -0.1244632
[1] 0.1531687
[1] 0.9117647

 0  1 
 6 62 
[1] "se comparison"
[1] 0.1601259
[1] 0.2427552
[1] 69
[1] -0.2
[1] -0.1893982
[1] "AdaLSE"
[1] -0.1023869
[1] 0.1197169
[1] 0.8405797

 0  1 
11 58 
[1] "Fitting mean A"
[1] "Fitting variance A"
[1] "DR"
[1] -0.08919546
[1] 0.1431494
[1] 0.9130435

 0  1 
 6 63 
[1] "se comparison"
[1] 0.1592444
[1] 0.2412014
[1] 70
[1] -0.2
[1] -0.1893982
[1] "AdaLSE"
[1] -0.09295524
[1] 0.1111464
[1] 0.8428571

 0  1 
11 59 
[1] "Fitting mean A"
[1] "Fitting variance A"
[1] "DR"
[1] -0.5756993
[1] 0.7595823
[1] 0.9142857

 0  1 
 6 64 
[1] "se comparison"
[1] 0.1584474
[1] 0.2441464
[1] 71
[1] -0.2
[1] -0.1893982
[1] "AdaLSE"
[1] -0.3114225
[1] 0.111184
[1] 0.8450704

 0  1 
11 60 
[1] "Fitting mean A"
[1] "Fitting variance A"
[1] "DR"
[1] -0.2689521
[1] 0.1072176
[1] 0.915493

 0  1 
 6 65 
[1] "se comparison"
[1] 0.1580697
[1] 0.242613
[1] 72
[1] -0.2
[1] -0.1893982
[1] "AdaLSE"
[1] -0.4158212
[1] 0.1347825
[1] 0.8472222

 0  1 
11 61 
[1] "Fitting mean A"
[1] "Fitting variance A"
[1] "DR"
[1] -0.3458075
[1] 0.1317422
[1] 0.9166667

 0  1 
 6 66 
[1] "se comparison"
[1] 0.1593337
[1] 0.2416541
[1] 73
[1] -0.2
[1] -0.1893982
[1] "AdaLSE"
[1] -0.2380435
[1] 0.1179618
[1] 0.8493151

 0  1 
11 62 
[1] "Fitting mean A"
[1] "Fitting variance A"
[1] "DR"
[1] -0.6205874
[1] 0.3455265
[1] 0.9178082

 0  1 
 6 67 
[1] "se comparison"
[1] 0.1583396
[1] 0.245301
[1] 74
[1] -0.2
[1] -0.1893982
[1] "AdaLSE"
[1] 0.1238096
[1] 0.1269119
[1] 0.8378378

 0  1 
12 62 
[1] "Fitting mean A"
[1] "Fitting variance A"
[1] "DR"
[1] 0.1352508
[1] 0.3307339
[1] 0.9189189

 0  1 
 6 68 
[1] "se comparison"
[1] 0.1613464
[1] 0.246567
[1] 75
[1] -0.2
[1] -0.1893982
[1] "AdaLSE"
[1] -0.04388306
[1] 0.1224031
[1] 0.84

 0  1 
12 63 
[1] "Fitting mean A"
[1] "Fitting variance A"
[1] "DR"
[1] -0.1034797
[1] 0.1603895
[1] 0.92

 0  1 
 6 69 
[1] "se comparison"
[1] 0.1610522
[1] 0.2450877
[1] 76
[1] -0.2
[1] -0.1893982
[1] "AdaLSE"
[1] -0.2194269
[1] 0.1178381
[1] 0.8421053

 0  1 
12 64 
[1] "Fitting mean A"
[1] "Fitting variance A"
[1] "DR"
[1] -0.2621987
[1] 0.438534
[1] 0.9210526

 0  1 
 6 70 
[1] "se comparison"
[1] 0.1600361
[1] 0.2436034
[1] 77
[1] -0.2
[1] -0.1893982
[1] "AdaLSE"
[1] -0.2029202
[1] 0.1254864
[1] 0.8441558

 0  1 
12 65 
[1] "Fitting mean A"
[1] "Fitting variance A"
[1] "DR"
[1] -0.1816849
[1] 0.1497099
[1] 0.9220779

 0  1 
 6 71 
[1] "se comparison"
[1] 0.1589987
[1] 0.2419963
[1] 78
[1] -0.2
[1] -0.1893982
[1] "AdaLSE"
[1] 0.05941199
[1] 0.1120322
[1] 0.8333333

 0  1 
13 65 
[1] "Fitting mean A"
[1] "Fitting variance A"
[1] "DR"
[1] 0.1936769
[1] 0.3776753
[1] 0.9230769

 0  1 
 6 72 
[1] "se comparison"
[1] 0.1603036
[1] 0.2442601
[1] 79
[1] -0.2
[1] -0.1893982
[1] "AdaLSE"
[1] -0.08811537
[1] 0.114384
[1] 0.835443

 0  1 
13 66 
[1] "Fitting mean A"
[1] "Fitting variance A"
[1] "DR"
[1] -0.05886056
[1] 0.1382747
[1] 0.9240506

 0  1 
 6 73 
[1] "se comparison"
[1] 0.1595974
[1] 0.2430874
[1] 80
[1] -0.2
[1] -0.1893982
[1] "AdaLSE"
[1] -0.1682893
[1] 0.1237032
[1] 0.8375

 0  1 
13 67 
[1] "Fitting mean A"
[1] "Fitting variance A"
[1] "DR"
[1] -0.3374625
[1] 0.2002055
[1] 0.925

 0  1 
 6 74 
[1] "se comparison"
[1] 0.1585874
[1] 0.2421774
[1] 81
[1] -0.2
[1] -0.1893982
[1] "AdaLSE"
[1] -0.3013792
[1] 0.121705
[1] 0.8395062

 0  1 
13 68 
[1] "Fitting mean A"
[1] "Fitting variance A"
[1] "DR"
[1] -0.2080077
[1] 0.1338027
[1] 0.9259259

 0  1 
 6 75 
[1] "se comparison"
[1] 0.158195
[1] 0.2406752
[1] 82
[1] -0.2
[1] -0.1893982
[1] "AdaLSE"
[1] -0.256385
[1] 0.1309898
[1] 0.8414634

 0  1 
13 69 
[1] "Fitting mean A"
[1] "Fitting variance A"
[1] "DR"
[1] -0.1996966
[1] 0.1982433
[1] 0.9268293

 0  1 
 6 76 
[1] "se comparison"
[1] 0.1574486
[1] 0.2391919
[1] 83
[1] -0.2
[1] -0.1893982
[1] "AdaLSE"
[1] -0.3019167
[1] 0.1174464
[1] 0.8433735

 0  1 
13 70 
[1] "Fitting mean A"
[1] "Fitting variance A"
[1] "DR"
[1] -0.3054929
[1] 0.1344864
[1] 0.9277108

 0  1 
 6 77 
[1] "se comparison"
[1] 0.1570589
[1] 0.2381066
[1] 84
[1] -0.2
[1] -0.1893982
[1] "AdaLSE"
[1] -0.2735776
[1] 0.1195804
[1] 0.8452381

 0  1 
13 71 
[1] "Fitting mean A"
[1] "Fitting variance A"
[1] "DR"
[1] -0.3103194
[1] 0.1464067
[1] 0.9285714

 0  1 
 6 78 
[1] "se comparison"
[1] 0.1564346
[1] 0.2370635
[1] 85
[1] -0.2
[1] -0.1893982
[1] "AdaLSE"
[1] -0.1043272
[1] 0.1231654
[1] 0.8470588

 0  1 
13 72 
[1] "Fitting mean A"
[1] "Fitting variance A"
[1] "DR"
[1] -0.08487589
[1] 0.1218957
[1] 0.9294118

 0  1 
 6 79 
[1] "se comparison"
[1] 0.1557307
[1] 0.235905
[1] 86
[1] -0.2
[1] -0.1893982
[1] "AdaLSE"
[1] 0.01989289
[1] 0.1191788
[1] 0.8488372

 0  1 
13 73 
[1] "Fitting mean A"
[1] "Fitting variance A"
[1] "DR"
[1] 0.03220419
[1] 0.1256685
[1] 0.9302326

 0  1 
 6 80 
[1] "se comparison"
[1] 0.1563266
[1] 0.2356815
[1] 87
[1] -0.2
[1] -0.1893982
[1] "AdaLSE"
[1] -0.303928
[1] 0.1204388
[1] 0.8505747

 0  1 
13 74 
[1] "Fitting mean A"
[1] "Fitting variance A"
[1] "DR"
[1] -0.1973595
[1] 0.1356642
[1] 0.9310345

 0  1 
 6 81 
[1] "se comparison"
[1] 0.1559904
[1] 0.2343126
[1] 88
[1] -0.2
[1] -0.1893982
[1] "AdaLSE"
[1] -0.3688988
[1] 0.1226972
[1] 0.8522727

 0  1 
13 75 
[1] "Fitting mean A"
[1] "Fitting variance A"
[1] "DR"
[1] -0.3002405
[1] 0.1151765
[1] 0.9318182

 0  1 
 6 82 
[1] "se comparison"
[1] 0.156386
[1] 0.2332983
[1] 89
[1] -0.2
[1] -0.1893982
[1] "AdaLSE"
[1] -0.0715975
[1] 0.1147485
[1] 0.8539326

 0  1 
13 76 
[1] "Fitting mean A"
[1] "Fitting variance A"
[1] "DR"
[1] 0.03848283
[1] 0.3972342
[1] 0.9325843

 0  1 
 6 83 
[1] "se comparison"
[1] 0.1559399
[1] 0.2331659
[1] 90
[1] -0.2
[1] -0.1893982
[1] "AdaLSE"
[1] -0.3201792
[1] 0.1203361
[1] 0.8555556

 0  1 
13 77 
[1] "Fitting mean A"
[1] "Fitting variance A"
[1] "DR"
[1] -0.2218102
[1] 0.1202998
[1] 0.9333333

 0  1 
 6 84 
[1] "se comparison"
[1] 0.1557497
[1] 0.231891
[1] 91
[1] -0.2
[1] -0.1893982
[1] "AdaLSE"
[1] -0.1253627
[1] 0.1136847
[1] 0.8571429

 0  1 
13 78 
[1] "Fitting mean A"
[1] "Fitting variance A"
[1] "DR"
[1] -0.1344786
[1] 0.1344627
[1] 0.9340659

 0  1 
 6 85 
[1] "se comparison"
[1] 0.1549997
[1] 0.2306531
[1] 92
[1] -0.2
[1] -0.1893982
[1] "AdaLSE"
[1] -0.4476245
[1] 0.1244685
[1] 0.8478261

 0  1 
14 78 
[1] "Fitting mean A"
[1] "Fitting variance A"
[1] "DR"
[1] -0.3453605
[1] 0.1683867
[1] 0.9347826

 0  1 
 6 86 
[1] "se comparison"
[1] 0.1566076
[1] 0.2300172
[1] 93
[1] -0.2
[1] -0.1893982
[1] "AdaLSE"
[1] -0.509502
[1] 0.1322849
[1] 0.8387097

 0  1 
15 78 
[1] "Fitting mean A"
[1] "Fitting variance A"
[1] "DR"
[1] -0.5879471
[1] 0.1266633
[1] 0.9247312

 0  1 
 7 86 
[1] "se comparison"
[1] 0.159343
[1] 0.2325796
[1] 94
[1] -0.2
[1] -0.1893982
[1] "AdaLSE"
[1] -0.251302
[1] 0.1026502
[1] 0.8404255

 0  1 
15 79 
[1] "Fitting mean A"
[1] "Fitting variance A"
[1] "DR"
[1] -0.2066626
[1] 0.1687929
[1] 0.9255319

 0  1 
 7 87 
[1] "se comparison"
[1] 0.1586156
[1] 0.2313341
[1] 95
[1] -0.2
[1] -0.1893982
[1] "AdaLSE"
[1] -0.3256166
[1] 0.1211949
[1] 0.8421053

 0  1 
15 80 
[1] "Fitting mean A"
[1] "Fitting variance A"
[1] "DR"
[1] -0.2771093
[1] 0.151252
[1] 0.9263158

 0  1 
 7 88 
[1] "se comparison"
[1] 0.1583878
[1] 0.2302823
[1] 96
[1] -0.2
[1] -0.1893982
[1] "AdaLSE"
[1] -0.3226892
[1] 0.1227648
[1] 0.84375

 0  1 
15 81 
[1] "Fitting mean A"
[1] "Fitting variance A"
[1] "DR"
[1] -0.1919158
[1] 0.1400315
[1] 0.9270833

 0  1 
 7 89 
[1] "se comparison"
[1] 0.158126
[1] 0.2290673
[1] 97
[1] -0.2
[1] -0.1893982
[1] "AdaLSE"
[1] -0.07190208
[1] 0.1209097
[1] 0.8453608

 0  1 
15 82 
[1] "Fitting mean A"
[1] "Fitting variance A"
[1] "DR"
[1] -0.07720358
[1] 0.1916852
[1] 0.9278351

 0  1 
 7 90 
[1] "se comparison"
[1] 0.1577735
[1] 0.2281529
[1] 98
[1] -0.2
[1] -0.1893982
[1] "AdaLSE"
[1] -0.493836
[1] 0.1094472
[1] 0.8367347

 0  1 
16 82 
[1] "Fitting mean A"
[1] "Fitting variance A"
[1] "DR"
[1] -0.300945
[1] 0.2903977
[1] 0.9285714

 0  1 
 7 91 
[1] "se comparison"
[1] 0.1599129
[1] 0.2272619
[1] 99
[1] -0.2
[1] -0.1893982
[1] "AdaLSE"
[1] -0.1451786
[1] 0.1110457
[1] 0.8383838

 0  1 
16 83 
[1] "Fitting mean A"
[1] "Fitting variance A"
[1] "DR"
[1] -0.1493114
[1] 0.1250252
[1] 0.9292929

 0  1 
 7 92 
[1] "se comparison"
[1] 0.1591706
[1] 0.2261344
[1] 100
[1] -0.2
[1] -0.1893982
[1] "AdaLSE"
[1] -0.07948902
[1] 0.1133725
[1] 0.84

 0  1 
16 84 
[1] "Fitting mean A"
[1] "Fitting variance A"
[1] "DR"
[1] -0.05925597
[1] 0.1292939
[1] 0.93

 0  1 
 7 93 
[1] "se comparison"
[1] 0.1587747
[1] 0.22536
[1] 101
[1] -0.2
[1] -0.1893982
[1] "AdaLSE"
[1] -0.0375457
[1] 0.1145196
[1] 0.8415842

 0  1 
16 85 
[1] "Fitting mean A"
[1] "Fitting variance A"
[1] "DR"
[1] 0.04522623
[1] 0.1202605
[1] 0.9306931

 0  1 
 7 94 
[1] "se comparison"
[1] 0.1587283
[1] 0.2254195
[1] 102
[1] -0.2
[1] -0.1893982
[1] "AdaLSE"
[1] -0.08125837
[1] 0.1110383
[1] 0.8431373

 0  1 
16 86 
[1] "Fitting mean A"
[1] "Fitting variance A"
[1] "DR"
[1] -0.1522544
[1] 0.267285
[1] 0.9313725

 0  1 
 7 95 
[1] "se comparison"
[1] 0.1583129
[1] 0.2243241
[1] 103
[1] -0.2
[1] -0.1893982
[1] "AdaLSE"
[1] -0.2832831
[1] 0.1123865
[1] 0.8446602

 0  1 
16 87 
[1] "Fitting mean A"
[1] "Fitting variance A"
[1] "DR"
[1] -0.2484583
[1] 0.112614
[1] 0.9320388

 0  1 
 7 96 
[1] "se comparison"
[1] 0.1578042
[1] 0.2233106
[1] 104
[1] -0.2
[1] -0.1893982
[1] "AdaLSE"
[1] -0.126569
[1] 0.1113624
[1] 0.8461538

 0  1 
16 88 
[1] "Fitting mean A"
[1] "Fitting variance A"
[1] "DR"
[1] -0.03960291
[1] 0.1674985
[1] 0.9326923

 0  1 
 7 97 
[1] "se comparison"
[1] 0.1571621
[1] 0.2226818
[1] 105
[1] -0.2
[1] -0.1893982
[1] "AdaLSE"
[1] 0.004865704
[1] 0.1136848
[1] 0.847619

 0  1 
16 89 
[1] "Fitting mean A"
[1] "Fitting variance A"
[1] "DR"
[1] 0.08128037
[1] 0.1235026
[1] 0.9238095

 0  1 
 8 97 
[1] "se comparison"
[1] 0.1575573
[1] 0.223113
[1] 106
[1] -0.2
[1] -0.1893982
[1] "AdaLSE"
[1] -0.1520334
[1] 0.1269319
[1] 0.8490566

 0  1 
16 90 
[1] "Fitting mean A"
[1] "Fitting variance A"
[1] "DR"
[1] 0.001222088
[1] 0.1968641
[1] 0.9245283

 0  1 
 8 98 
[1] "se comparison"
[1] 0.1568446
[1] 0.2227541
[1] 107
[1] -0.2
[1] -0.1893982
[1] "AdaLSE"
[1] -0.3249059
[1] 0.1216865
[1] 0.8504673

 0  1 
16 91 
[1] "Fitting mean A"
[1] "Fitting variance A"
[1] "DR"
[1] -0.1918463
[1] 0.2250417
[1] 0.9252336

 0  1 
 8 99 
[1] "se comparison"
[1] 0.1566642
[1] 0.2217041
[1] 108
[1] -0.2
[1] -0.1893982
[1] "AdaLSE"
[1] 0.07671261
[1] 0.1237418
[1] 0.8425926

 0  1 
17 91 
[1] "Fitting mean A"
[1] "Fitting variance A"
[1] "DR"
[1] -0.498194
[1] 0.5483759
[1] 0.9259259

  0   1 
  8 100 
[1] "se comparison"
[1] 0.158015
[1] 0.2227846
[1] 109
[1] -0.2
[1] -0.1893982
[1] "AdaLSE"
[1] -0.0356017
[1] 0.1223127
[1] 0.8440367

 0  1 
17 92 
[1] "Fitting mean A"
[1] "Fitting variance A"
[1] "DR"
[1] 0.4505481
[1] 0.5462625
[1] 0.9266055

  0   1 
  8 101 
[1] "se comparison"
[1] 0.1579462
[1] 0.2298934
[1] 110
[1] -0.2
[1] -0.1893982
[1] "AdaLSE"
[1] -0.273246
[1] 0.119966
[1] 0.8454545

 0  1 
17 93 
[1] "Fitting mean A"
[1] "Fitting variance A"
[1] "DR"
[1] -0.07894206
[1] 0.3295925
[1] 0.9272727

  0   1 
  8 102 
[1] "se comparison"
[1] 0.1574434
[1] 0.2290264
[1] 111
[1] -0.2
[1] -0.1893982
[1] "AdaLSE"
[1] -0.3967336
[1] 0.1183935
[1] 0.8468468

 0  1 
17 94 
[1] "Fitting mean A"
[1] "Fitting variance A"
[1] "DR"
[1] -0.4014546
[1] 0.1192172
[1] 0.9279279

  0   1 
  8 103 
[1] "se comparison"
[1] 0.1579961
[1] 0.2289861
[1] 112
[1] -0.2
[1] -0.1893982
[1] "AdaLSE"
[1] -0.361766
[1] 0.1188396
[1] 0.8482143

 0  1 
17 95 
[1] "Fitting mean A"
[1] "Fitting variance A"
[1] "DR"
[1] -0.5103611
[1] 0.2990067
[1] 0.9285714

  0   1 
  8 104 
[1] "se comparison"
[1] 0.1581375
[1] 0.2301066
[1] 113
[1] -0.2
[1] -0.1893982
[1] "AdaLSE"
[1] -0.2591147
[1] 0.1293025
[1] 0.8495575

 0  1 
17 96 
[1] "Fitting mean A"
[1] "Fitting variance A"
[1] "DR"
[1] -0.2695589
[1] 0.1438495
[1] 0.9292035

  0   1 
  8 105 
[1] "se comparison"
[1] 0.1575659
[1] 0.2292289
[1] 114
[1] -0.2
[1] -0.1893982
[1] "AdaLSE"
[1] 0.07763133
[1] 0.1206614
[1] 0.8421053

 0  1 
18 96 
[1] "Fitting mean A"
[1] "Fitting variance A"
[1] "DR"
[1] 0.1827478
[1] 0.1586506
[1] 0.9210526

  0   1 
  9 105 
[1] "se comparison"
[1] 0.1588597
[1] 0.2307505
[1] 115
[1] -0.2
[1] -0.1893982
[1] "AdaLSE"
[1] -0.03781824
[1] 0.121147
[1] 0.8434783

 0  1 
18 97 
[1] "Fitting mean A"
[1] "Fitting variance A"
[1] "DR"
[1] 0.1373686
[1] 0.1747498
[1] 0.9217391

  0   1 
  9 106 
[1] "se comparison"
[1] 0.1587787
[1] 0.2316164
[1] 116
[1] -0.2
[1] -0.1893982
[1] "AdaLSE"
[1] 0.03978962
[1] 0.1104554
[1] 0.8362069

 0  1 
19 97 
[1] "Fitting mean A"
[1] "Fitting variance A"
[1] "DR"
[1] -0.01791885
[1] 0.1372426
[1] 0.9224138

  0   1 
  9 107 
[1] "se comparison"
[1] 0.1594771
[1] 0.2310722
[1] 117
[1] -0.2
[1] -0.1893982
[1] "AdaLSE"
[1] -0.1290479
[1] 0.1211212
[1] 0.8376068

 0  1 
19 98 
[1] "Fitting mean A"
[1] "Fitting variance A"
[1] "DR"
[1] -0.09689961
[1] 0.1223715
[1] 0.9230769

  0   1 
  9 108 
[1] "se comparison"
[1] 0.1588711
[1] 0.2301854
[1] 118
[1] -0.2
[1] -0.1893982
[1] "AdaLSE"
[1] -0.2193991
[1] 0.118313
[1] 0.8389831

 0  1 
19 99 
[1] "Fitting mean A"
[1] "Fitting variance A"
[1] "DR"
[1] -0.1370823
[1] 0.1192095
[1] 0.9237288

  0   1 
  9 109 
[1] "se comparison"
[1] 0.1582241
[1] 0.2292244
[1] 119
[1] -0.2
[1] -0.1893982
[1] "AdaLSE"
[1] -0.1856285
[1] 0.1267646
[1] 0.8403361

  0   1 
 19 100 
[1] "Fitting mean A"
[1] "Fitting variance A"
[1] "DR"
[1] -0.001498964
[1] 0.1705296
[1] 0.9243697

  0   1 
  9 110 
[1] "se comparison"
[1] 0.1575523
[1] 0.2287943
[1] 120
[1] -0.2
[1] -0.1893982
[1] "AdaLSE"
[1] 0.009568938
[1] 0.1129008
[1] 0.8416667

  0   1 
 19 101 
[1] "Fitting mean A"
[1] "Fitting variance A"
[1] "DR"
[1] -0.1644295
[1] 0.1352955
[1] 0.925

  0   1 
  9 111 
[1] "se comparison"
[1] 0.1578849
[1] 0.227832
[1] 121
[1] -0.2
[1] -0.1893982
[1] "AdaLSE"
[1] 0.1468222
[1] 0.1127515
[1] 0.8347107

  0   1 
 20 101 
[1] "Fitting mean A"
[1] "Fitting variance A"
[1] "DR"
[1] 0.09082938
[1] 0.1291585
[1] 0.9173554

  0   1 
 10 111 
[1] "se comparison"
[1] 0.1600555
[1] 0.2281343
[1] 122
[1] -0.2
[1] -0.1893982
[1] "AdaLSE"
[1] -0.1874224
[1] 0.1053231
[1] 0.8360656

  0   1 
 20 102 
[1] "Fitting mean A"
[1] "Fitting variance A"
[1] "DR"
[1] 0.02751038
[1] 0.1438439
[1] 0.9180328

  0   1 
 10 112 
[1] "se comparison"
[1] 0.1593941
[1] 0.2278903
[1] 123
[1] -0.2
[1] -0.1893982
[1] "AdaLSE"
[1] -0.2506815
[1] 0.125892
[1] 0.8373984

  0   1 
 20 103 
[1] "Fitting mean A"
[1] "Fitting variance A"
[1] "DR"
[1] -0.1644674
[1] 0.1519361
[1] 0.9186992

  0   1 
 10 113 
[1] "se comparison"
[1] 0.158867
[1] 0.2269546
[1] 124
[1] -0.2
[1] -0.1893982
[1] "AdaLSE"
[1] -0.3083966
[1] 0.1204119
[1] 0.8387097

  0   1 
 20 104 
[1] "Fitting mean A"
[1] "Fitting variance A"
[1] "DR"
[1] -0.2474056
[1] 0.2004283
[1] 0.9193548

  0   1 
 10 114 
[1] "se comparison"
[1] 0.158635
[1] 0.2261424
[1] 125
[1] -0.2
[1] -0.1893982
[1] "AdaLSE"
[1] -0.2671257
[1] 0.1237027
[1] 0.84

  0   1 
 20 105 
[1] "Fitting mean A"
[1] "Fitting variance A"
[1] "DR"
[1] -0.1689524
[1] 0.1239652
[1] 0.92

  0   1 
 10 115 
[1] "se comparison"
[1] 0.1581786
[1] 0.2252287
[1] 126
[1] -0.2
[1] -0.1893982
[1] "AdaLSE"
[1] 0.02225412
[1] 0.118648
[1] 0.8412698

  0   1 
 20 106 
[1] "Fitting mean A"
[1] "Fitting variance A"
[1] "DR"
[1] 0.1792742
[1] 0.1544633
[1] 0.9126984

  0   1 
 11 115 
[1] "se comparison"
[1] 0.1585961
[1] 0.226458
[1] 127
[1] -0.2
[1] -0.1893982
[1] "AdaLSE"
[1] -0.4446737
[1] 0.1301378
[1] 0.8346457

  0   1 
 21 106 
[1] "Fitting mean A"
[1] "Fitting variance A"
[1] "DR"
[1] -0.3961384
[1] 0.1202272
[1] 0.9133858

  0   1 
 11 116 
[1] "se comparison"
[1] 0.1596917
[1] 0.2264805
[1] 128
[1] -0.2
[1] -0.1893982
[1] "AdaLSE"
[1] -0.4880798
[1] 0.1127475
[1] 0.828125

  0   1 
 22 106 
[1] "Fitting mean A"
[1] "Fitting variance A"
[1] "DR"
[1] -0.4887456
[1] 0.1315009
[1] 0.90625

  0   1 
 12 116 
[1] "se comparison"
[1] 0.1613334
[1] 0.2273642
[1] 129
[1] -0.2
[1] -0.1893982
[1] "AdaLSE"
[1] -0.05984832
[1] 0.12273
[1] 0.8294574

  0   1 
 22 107 
[1] "Fitting mean A"
[1] "Fitting variance A"
[1] "DR"
[1] -0.1351874
[1] 0.2605418
[1] 0.9069767

  0   1 
 12 117 
[1] "se comparison"
[1] 0.1610807
[1] 0.2264954
[1] 130
[1] -0.2
[1] -0.1893982
[1] "AdaLSE"
[1] -0.228498
[1] 0.1251027
[1] 0.8307692

  0   1 
 22 108 
[1] "Fitting mean A"
[1] "Fitting variance A"
[1] "DR"
[1] -0.7979028
[1] 0.3997836
[1] 0.9076923

  0   1 
 12 118 
[1] "se comparison"
[1] 0.160502
[1] 0.2322397
[1] 131
[1] -0.2
[1] -0.1893982
[1] "AdaLSE"
[1] -0.007571222
[1] 0.1216041
[1] 0.8320611

  0   1 
 22 109 
[1] "Fitting mean A"
[1] "Fitting variance A"
[1] "DR"
[1] -0.3108926
[1] 0.3040058
[1] 0.9083969

  0   1 
 12 119 
[1] "se comparison"
[1] 0.16063
[1] 0.23165
[1] 132
[1] -0.2
[1] -0.1893982
[1] "AdaLSE"
[1] 0.05950393
[1] 0.1213614
[1] 0.8257576

  0   1 
 23 109 
[1] "Fitting mean A"
[1] "Fitting variance A"
[1] "DR"
[1] 0.09549435
[1] 0.1518621
[1] 0.9090909

  0   1 
 12 120 
[1] "se comparison"
[1] 0.1614048
[1] 0.2319697
[1] 133
[1] -0.2
[1] -0.1893982
[1] "AdaLSE"
[1] -0.09844073
[1] 0.1124922
[1] 0.8270677

  0   1 
 23 110 
[1] "Fitting mean A"
[1] "Fitting variance A"
[1] "DR"
[1] -0.1343909
[1] 0.120345
[1] 0.9097744

  0   1 
 12 121 
[1] "se comparison"
[1] 0.1609532
[1] 0.2311146
[1] 134
[1] -0.2
[1] -0.1893982
[1] "AdaLSE"
[1] -0.2570504
[1] 0.1304521
[1] 0.8283582

  0   1 
 23 111 
[1] "Fitting mean A"
[1] "Fitting variance A"
[1] "DR"
[1] -0.2325583
[1] 0.1315335
[1] 0.9104478

  0   1 
 12 122 
[1] "se comparison"
[1] 0.1604822
[1] 0.2303006
[1] 135
[1] -0.2
[1] -0.1893982
[1] "AdaLSE"
[1] 0.06684812
[1] 0.1007629
[1] 0.8222222

  0   1 
 24 111 
[1] "Fitting mean A"
[1] "Fitting variance A"
[1] "DR"
[1] 0.1264617
[1] 0.1079147
[1] 0.9037037

  0   1 
 13 122 
[1] "se comparison"
[1] 0.1613031
[1] 0.2308919
[1] 136
[1] -0.2
[1] -0.1893982
[1] "AdaLSE"
[1] -0.4260184
[1] 0.1185716
[1] 0.8161765

  0   1 
 25 111 
[1] "Fitting mean A"
[1] "Fitting variance A"
[1] "DR"
[1] -0.3649746
[1] 0.2030293
[1] 0.9044118

  0   1 
 13 123 
[1] "se comparison"
[1] 0.1620886
[1] 0.2306313
[1] 137
[1] -0.2
[1] -0.1893982
[1] "AdaLSE"
[1] -0.3126237
[1] 0.1208032
[1] 0.8175182

  0   1 
 25 112 
[1] "Fitting mean A"
[1] "Fitting variance A"
[1] "DR"
[1] -0.294897
[1] 0.1222626
[1] 0.9051095

  0   1 
 13 124 
[1] "se comparison"
[1] 0.1618807
[1] 0.2300171
[1] 138
[1] -0.2
[1] -0.1893982
[1] "AdaLSE"
[1] -0.2544711
[1] 0.1189872
[1] 0.8188406

  0   1 
 25 113 
[1] "Fitting mean A"
[1] "Fitting variance A"
[1] "DR"
[1] -0.5328305
[1] 0.3622742
[1] 0.9057971

  0   1 
 13 125 
[1] "se comparison"
[1] 0.1614058
[1] 0.2312023
[1] 139
[1] -0.2
[1] -0.1893982
[1] "AdaLSE"
[1] -0.3447371
[1] 0.1259588
[1] 0.8201439

  0   1 
 25 114 
[1] "Fitting mean A"
[1] "Fitting variance A"
[1] "DR"
[1] -0.3759675
[1] 0.1464073
[1] 0.9064748

  0   1 
 13 126 
[1] "se comparison"
[1] 0.1614052
[1] 0.2309827
[1] 140
[1] -0.2
[1] -0.1893982
[1] "AdaLSE"
[1] -0.1913074
[1] 0.1222593
[1] 0.8214286

  0   1 
 25 115 
[1] "Fitting mean A"
[1] "Fitting variance A"
[1] "DR"
[1] -0.1737174
[1] 0.1327338
[1] 0.9071429

  0   1 
 13 127 
[1] "se comparison"
[1] 0.1608248
[1] 0.2301506
[1] 141
[1] -0.2
[1] -0.1893982
[1] "AdaLSE"
[1] -0.3016036
[1] 0.1186466
[1] 0.822695

  0   1 
 25 116 
[1] "Fitting mean A"
[1] "Fitting variance A"
[1] "DR"
[1] -0.230515
[1] 0.1133656
[1] 0.9078014

  0   1 
 13 128 
[1] "se comparison"
[1] 0.1605549
[1] 0.2293698
[1] 142
[1] -0.2
[1] -0.1893982
[1] "AdaLSE"
[1] -0.07652896
[1] 0.1140633
[1] 0.8239437

  0   1 
 25 117 
[1] "Fitting mean A"
[1] "Fitting variance A"
[1] "DR"
[1] -0.1657972
[1] 0.2687723
[1] 0.9084507

  0   1 
 13 129 
[1] "se comparison"
[1] 0.1602427
[1] 0.2285574
[1] 143
[1] -0.2
[1] -0.1893982
[1] "AdaLSE"
[1] -0.07914903
[1] 0.1260066
[1] 0.8251748

  0   1 
 25 118 
[1] "Fitting mean A"
[1] "Fitting variance A"
[1] "DR"
[1] 0.3990157
[1] 0.4856072
[1] 0.9090909

  0   1 
 13 130 
[1] "se comparison"
[1] 0.1599185
[1] 0.2328122
[1] 144
[1] -0.2
[1] -0.1893982
[1] "AdaLSE"
[1] -0.1860441
[1] 0.1199792
[1] 0.8263889

  0   1 
 25 119 
[1] "Fitting mean A"
[1] "Fitting variance A"
[1] "DR"
[1] -0.09624831
[1] 0.128092
[1] 0.9097222

  0   1 
 13 131 
[1] "se comparison"
[1] 0.1593586
[1] 0.2320879
[1] 145
[1] -0.2
[1] -0.1893982
[1] "AdaLSE"
[1] -0.2228084
[1] 0.1172761
[1] 0.8275862

  0   1 
 25 120 
[1] "Fitting mean A"
[1] "Fitting variance A"
[1] "DR"
[1] -0.1597165
[1] 0.1137142
[1] 0.9103448

  0   1 
 13 132 
[1] "se comparison"
[1] 0.158838
[1] 0.2312836
[1] 146
[1] -0.2
[1] -0.1893982
[1] "AdaLSE"
[1] 0.05682923
[1] 0.1169272
[1] 0.8219178

  0   1 
 26 120 
[1] "Fitting mean A"
[1] "Fitting variance A"
[1] "DR"
[1] 0.02501314
[1] 0.1320288
[1] 0.9109589

  0   1 
 13 133 
[1] "se comparison"
[1] 0.1595358
[1] 0.2310703
[1] 147
[1] -0.2
[1] -0.1893982
[1] "AdaLSE"
[1] -0.247929
[1] 0.1194186
[1] 0.8231293

  0   1 
 26 121 
[1] "Fitting mean A"
[1] "Fitting variance A"
[1] "DR"
[1] -0.5315446
[1] 0.1736018
[1] 0.9047619

  0   1 
 14 133 
[1] "se comparison"
[1] 0.1590814
[1] 0.2321762
[1] 148
[1] -0.2
[1] -0.1893982
[1] "AdaLSE"
[1] -0.01592686
[1] 0.1157939
[1] 0.8243243

  0   1 
 26 122 
[1] "Fitting mean A"
[1] "Fitting variance A"
[1] "DR"
[1] 0.003193461
[1] 0.1331423
[1] 0.9054054

  0   1 
 14 134 
[1] "se comparison"
[1] 0.1591293
[1] 0.2318469
[1] 149
[1] -0.2
[1] -0.1893982
[1] "AdaLSE"
[1] -0.4501101
[1] 0.1300796
[1] 0.8187919

  0   1 
 27 122 
[1] "Fitting mean A"
[1] "Fitting variance A"
[1] "DR"
[1] -0.329402
[1] 0.1332066
[1] 0.9060403

  0   1 
 14 135 
[1] "se comparison"
[1] 0.160112
[1] 0.2314149
[1] 150
[1] -0.2
[1] -0.1893982
[1] "AdaLSE"
[1] 0.03396631
[1] 0.1077075
[1] 0.8133333

  0   1 
 28 122 
[1] "Fitting mean A"
[1] "Fitting variance A"
[1] "DR"
[1] 0.1088774
[1] 0.1217272
[1] 0.9

  0   1 
 15 135 
[1] "se comparison"
[1] 0.1605554
[1] 0.2317953
[1] 151
[1] -0.2
[1] -0.1893982
[1] "AdaLSE"
[1] -0.02751113
[1] 0.1168967
[1] 0.8145695

  0   1 
 28 123 
[1] "Fitting mean A"
[1] "Fitting variance A"
[1] "DR"
[1] -0.02708366
[1] 0.1849875
[1] 0.9006623

  0   1 
 15 136 
[1] "se comparison"
[1] 0.1605105
[1] 0.231325
[1] 152
[1] -0.2
[1] -0.1893982
[1] "AdaLSE"
[1] -0.1561798
[1] 0.1195364
[1] 0.8157895

  0   1 
 28 124 
[1] "Fitting mean A"
[1] "Fitting variance A"
[1] "DR"
[1] 0.5897961
[1] 0.4826058
[1] 0.9013158

  0   1 
 15 137 
[1] "se comparison"
[1] 0.1599905
[1] 0.2386882
[1] 153
[1] -0.2
[1] -0.1893982
[1] "AdaLSE"
[1] -0.2018368
[1] 0.1150073
[1] 0.8169935

  0   1 
 28 125 
[1] "Fitting mean A"
[1] "Fitting variance A"
[1] "DR"
[1] -0.2764558
[1] 0.2577846
[1] 0.9019608

  0   1 
 15 138 
[1] "se comparison"
[1] 0.1594726
[1] 0.2380672
[1] 154
[1] -0.2
[1] -0.1893982
[1] "AdaLSE"
[1] -0.1851746
[1] 0.1223495
[1] 0.8181818

  0   1 
 28 126 
[1] "Fitting mean A"
[1] "Fitting variance A"
[1] "DR"
[1] -0.1654598
[1] 0.3230226
[1] 0.9025974

  0   1 
 15 139 
[1] "se comparison"
[1] 0.1589511
[1] 0.237288
[1] 155
[1] -0.2
[1] -0.1893982
[1] "AdaLSE"
[1] -0.1368391
[1] 0.1149139
[1] 0.8193548

  0   1 
 28 127 
[1] "Fitting mean A"
[1] "Fitting variance A"
[1] "DR"
[1] -0.08978636
[1] 0.1339543
[1] 0.9032258

  0   1 
 15 140 
[1] "se comparison"
[1] 0.1584733
[1] 0.2365985
[1] 156
[1] -0.2
[1] -0.1893982
[1] "AdaLSE"
[1] -0.2511228
[1] 0.1251977
[1] 0.8205128

  0   1 
 28 128 
[1] "Fitting mean A"
[1] "Fitting variance A"
[1] "DR"
[1] -0.07923159
[1] 0.1351746
[1] 0.9038462

  0   1 
 15 141 
[1] "se comparison"
[1] 0.1580627
[1] 0.2359385
[1] 157
[1] -0.2
[1] -0.1893982
[1] "AdaLSE"
[1] -0.08874556
[1] 0.1142181
[1] 0.8216561

  0   1 
 28 129 
[1] "Fitting mean A"
[1] "Fitting variance A"
[1] "DR"
[1] 0.04898716
[1] 0.1478894
[1] 0.9044586

  0   1 
 15 142 
[1] "se comparison"
[1] 0.1577267
[1] 0.2358081
[1] 158
[1] -0.2
[1] -0.1893982
[1] "AdaLSE"
[1] 0.04475259
[1] 0.1252588
[1] 0.8227848

  0   1 
 28 130 
[1] "Fitting mean A"
[1] "Fitting variance A"
[1] "DR"
[1] 0.1364924
[1] 0.1324624
[1] 0.8987342

  0   1 
 16 142 
[1] "se comparison"
[1] 0.1582394
[1] 0.2362764
[1] 159
[1] -0.2
[1] -0.1893982
[1] "AdaLSE"
[1] -0.07447302
[1] 0.1070457
[1] 0.8238994

  0   1 
 28 131 
[1] "Fitting mean A"
[1] "Fitting variance A"
[1] "DR"
[1] 0.1428856
[1] 0.1834649
[1] 0.8993711

  0   1 
 16 143 
[1] "se comparison"
[1] 0.1579549
[1] 0.2367741
[1] 160
[1] -0.2
[1] -0.1893982
[1] "AdaLSE"
[1] -0.2428777
[1] 0.1277067
[1] 0.825

  0   1 
 28 132 
[1] "Fitting mean A"
[1] "Fitting variance A"
[1] "DR"
[1] -0.2487829
[1] 0.2162074
[1] 0.9

  0   1 
 16 144 
[1] "se comparison"
[1] 0.1575404
[1] 0.23613
[1] 161
[1] -0.2
[1] -0.1893982
[1] "AdaLSE"
[1] 0.1777848
[1] 0.1152681
[1] 0.8198758

  0   1 
 29 132 
[1] "Fitting mean A"
[1] "Fitting variance A"
[1] "DR"
[1] 0.216286
[1] 0.1301099
[1] 0.8944099

  0   1 
 17 144 
[1] "se comparison"
[1] 0.159539
[1] 0.2372684
[1] 162
[1] -0.2
[1] -0.1893982
[1] "AdaLSE"
[1] -0.03037341
[1] 0.1140683
[1] 0.8209877

  0   1 
 29 133 
[1] "Fitting mean A"
[1] "Fitting variance A"
[1] "DR"
[1] -0.09727349
[1] 0.1167328
[1] 0.8950617

  0   1 
 17 145 
[1] "se comparison"
[1] 0.159456
[1] 0.2365806
[1] 163
[1] -0.2
[1] -0.1893982
[1] "AdaLSE"
[1] -0.2778327
[1] 0.1225915
[1] 0.8220859

  0   1 
 29 134 
[1] "Fitting mean A"
[1] "Fitting variance A"
[1] "DR"
[1] -0.5613977
[1] 0.5376379
[1] 0.8957055

  0   1 
 17 146 
[1] "se comparison"
[1] 0.1591651
[1] 0.2379464
[1] 164
[1] -0.2
[1] -0.1893982
[1] "AdaLSE"
[1] -0.2966675
[1] 0.1236641
[1] 0.8231707

  0   1 
 29 135 
[1] "Fitting mean A"
[1] "Fitting variance A"
[1] "DR"
[1] -0.3473709
[1] 0.2374933
[1] 0.8963415

  0   1 
 17 147 
[1] "se comparison"
[1] 0.1589551
[1] 0.2376593
[1] 165
[1] -0.2
[1] -0.1893982
[1] "AdaLSE"
[1] -0.3773679
[1] 0.1277337
[1] 0.8242424

  0   1 
 29 136 
[1] "Fitting mean A"
[1] "Fitting variance A"
[1] "DR"
[1] -0.3353278
[1] 0.1247667
[1] 0.8969697

  0   1 
 17 148 
[1] "se comparison"
[1] 0.1592369
[1] 0.237315
[1] 166
[1] -0.2
[1] -0.1893982
[1] "AdaLSE"
[1] -0.2353652
[1] 0.1185083
[1] 0.8253012

  0   1 
 29 137 
[1] "Fitting mean A"
[1] "Fitting variance A"
[1] "DR"
[1] -0.3190451
[1] 0.2538576
[1] 0.8975904

  0   1 
 17 149 
[1] "se comparison"
[1] 0.1588159
[1] 0.2369021
[1] 167
[1] -0.2
[1] -0.1893982
[1] "AdaLSE"
[1] -0.2083547
[1] 0.126113
[1] 0.8263473

  0   1 
 29 138 
[1] "Fitting mean A"
[1] "Fitting variance A"
[1] "DR"
[1] -0.07774005
[1] 0.1301242
[1] 0.8982036

  0   1 
 17 150 
[1] "se comparison"
[1] 0.1583538
[1] 0.236283
[1] 168
[1] -0.2
[1] -0.1893982
[1] "AdaLSE"
[1] -0.5346285
[1] 0.1217436
[1] 0.8214286

  0   1 
 30 138 
[1] "Fitting mean A"
[1] "Fitting variance A"
[1] "DR"
[1] -0.4020633
[1] 0.120818
[1] 0.8988095

  0   1 
 17 151 
[1] "se comparison"
[1] 0.1602509
[1] 0.2362892
[1] 169
[1] -0.2
[1] -0.1893982
[1] "AdaLSE"
[1] -0.3053105
[1] 0.1213218
[1] 0.8224852

  0   1 
 30 139 
[1] "Fitting mean A"
[1] "Fitting variance A"
[1] "DR"
[1] -0.2950542
[1] 0.1244502
[1] 0.8994083

  0   1 
 17 152 
[1] "se comparison"
[1] 0.1600605
[1] 0.2357958
[1] 170
[1] -0.2
[1] -0.1893982
[1] "AdaLSE"
[1] -0.2424038
[1] 0.1337522
[1] 0.8235294

  0   1 
 30 140 
[1] "Fitting mean A"
[1] "Fitting variance A"
[1] "DR"
[1] -0.3293763
[1] 0.1607102
[1] 0.9

  0   1 
 17 153 
[1] "se comparison"
[1] 0.1596548
[1] 0.2354299
[1] 171
[1] -0.2
[1] -0.1893982
[1] "AdaLSE"
[1] -0.2836708
[1] 0.1232032
[1] 0.8245614

  0   1 
 30 141 
[1] "Fitting mean A"
[1] "Fitting variance A"
[1] "DR"
[1] -0.2247578
[1] 0.3687001
[1] 0.9005848

  0   1 
 17 154 
[1] "se comparison"
[1] 0.159375
[1] 0.2347778
[1] 172
[1] -0.2
[1] -0.1893982
[1] "AdaLSE"
[1] -0.221918
[1] 0.1062065
[1] 0.8255814

  0   1 
 30 142 
[1] "Fitting mean A"
[1] "Fitting variance A"
[1] "DR"
[1] -0.1296295
[1] 0.1117781
[1] 0.9011628

  0   1 
 17 155 
[1] "se comparison"
[1] 0.1589369
[1] 0.2341081
[1] 173
[1] -0.2
[1] -0.1893982
[1] "AdaLSE"
[1] 0.04839295
[1] 0.1145904
[1] 0.8208092

  0   1 
 31 142 
[1] "Fitting mean A"
[1] "Fitting variance A"
[1] "DR"
[1] -0.04683707
[1] 0.1389829
[1] 0.9017341

  0   1 
 17 156 
[1] "se comparison"
[1] 0.1594445
[1] 0.2336061
[1] 174
[1] -0.2
[1] -0.1893982
[1] "AdaLSE"
[1] -0.451152
[1] 0.1161662
[1] 0.816092

  0   1 
 32 142 
[1] "Fitting mean A"
[1] "Fitting variance A"
[1] "DR"
[1] -0.1954159
[1] 0.2215042
[1] 0.9022989

  0   1 
 17 157 
[1] "se comparison"
[1] 0.160294
[1] 0.2329402
[1] 175
[1] -0.2
[1] -0.1893982
[1] "AdaLSE"
[1] 0.00804807
[1] 0.1142029
[1] 0.8171429

  0   1 
 32 143 
[1] "Fitting mean A"
[1] "Fitting variance A"
[1] "DR"
[1] -0.08628098
[1] 0.1286904
[1] 0.9028571

  0   1 
 17 158 
[1] "se comparison"
[1] 0.1604827
[1] 0.2323496
[1] 176
[1] -0.2
[1] -0.1893982
[1] "AdaLSE"
[1] 0.07903529
[1] 0.1291219
[1] 0.8125

  0   1 
 33 143 
[1] "Fitting mean A"
[1] "Fitting variance A"
[1] "DR"
[1] 0.1435889
[1] 0.1630853
[1] 0.8977273

  0   1 
 18 158 
[1] "se comparison"
[1] 0.1612263
[1] 0.2328593
[1] 177
[1] -0.2
[1] -0.1893982
[1] "AdaLSE"
[1] -0.3619071
[1] 0.1185838
[1] 0.8135593

  0   1 
 33 144 
[1] "Fitting mean A"
[1] "Fitting variance A"
[1] "DR"
[1] -0.433597
[1] 0.1236329
[1] 0.8926554

  0   1 
 19 158 
[1] "se comparison"
[1] 0.1613464
[1] 0.2330759
[1] 178
[1] -0.2
[1] -0.1893982
[1] "AdaLSE"
[1] -0.0003515192
[1] 0.115241
[1] 0.8146067

  0   1 
 33 145 
[1] "Fitting mean A"
[1] "Fitting variance A"
[1] "DR"
[1] -0.04931157
[1] 0.1260373
[1] 0.8932584

  0   1 
 19 159 
[1] "se comparison"
[1] 0.1614605
[1] 0.2325812
[1] 179
[1] -0.2
[1] -0.1893982
[1] "AdaLSE"
[1] 0.2256397
[1] 0.1176927
[1] 0.8100559

  0   1 
 34 145 
[1] "Fitting mean A"
[1] "Fitting variance A"
[1] "DR"
[1] 0.4512273
[1] 0.5282412
[1] 0.8938547

  0   1 
 19 160 
[1] "se comparison"
[1] 0.1638399
[1] 0.2364622
[1] 180
[1] -0.2
[1] -0.1893982
[1] "AdaLSE"
[1] -0.2615495
[1] 0.1175285
[1] 0.8111111

  0   1 
 34 146 
[1] "Fitting mean A"
[1] "Fitting variance A"
[1] "DR"
[1] 0.01419107
[1] 0.1542783
[1] 0.8944444

  0   1 
 19 161 
[1] "se comparison"
[1] 0.1635002
[1] 0.236166
[1] 181
[1] -0.2
[1] -0.1893982
[1] "AdaLSE"
[1] -0.3237336
[1] 0.1154035
[1] 0.8121547

  0   1 
 34 147 
[1] "Fitting mean A"
[1] "Fitting variance A"
[1] "DR"
[1] -0.2811615
[1] 0.1198817
[1] 0.8950276

  0   1 
 19 162 
[1] "se comparison"
[1] 0.1634026
[1] 0.2356784
[1] 182
[1] -0.2
[1] -0.1893982
[1] "AdaLSE"
[1] -0.2739556
[1] 0.1167128
[1] 0.8131868

  0   1 
 34 148 
[1] "Fitting mean A"
[1] "Fitting variance A"
[1] "DR"
[1] -0.2958139
[1] 0.1787916
[1] 0.8956044

  0   1 
 19 163 
[1] "se comparison"
[1] 0.1631016
[1] 0.2352368
[1] 183
[1] -0.2
[1] -0.1893982
[1] "AdaLSE"
[1] -0.274284
[1] 0.1225728
[1] 0.8142077

  0   1 
 34 149 
[1] "Fitting mean A"
[1] "Fitting variance A"
[1] "DR"
[1] -0.1534544
[1] 0.1210405
[1] 0.8961749

  0   1 
 19 164 
[1] "se comparison"
[1] 0.1628028
[1] 0.2345906
[1] 184
[1] -0.2
[1] -0.1893982
[1] "AdaLSE"
[1] -0.225254
[1] 0.1209119
[1] 0.8152174

  0   1 
 34 150 
[1] "Fitting mean A"
[1] "Fitting variance A"
[1] "DR"
[1] -0.2095401
[1] 0.3455443
[1] 0.8967391

  0   1 
 19 165 
[1] "se comparison"
[1] 0.1623912
[1] 0.2339746
[1] 185
[1] -0.2
[1] -0.1893982
[1] "AdaLSE"
[1] -0.1375134
[1] 0.1093997
[1] 0.8162162

  0   1 
 34 151 
[1] "Fitting mean A"
[1] "Fitting variance A"
[1] "DR"
[1] 0.02089398
[1] 0.2199119
[1] 0.8972973

  0   1 
 19 166 
[1] "se comparison"
[1] 0.1619803
[1] 0.2337276
[1] 186
[1] -0.2
[1] -0.1893982
[1] "AdaLSE"
[1] -0.2319731
[1] 0.1165784
[1] 0.8172043

  0   1 
 34 152 
[1] "Fitting mean A"
[1] "Fitting variance A"
[1] "DR"
[1] -0.1394796
[1] 0.1222817
[1] 0.8978495

  0   1 
 19 167 
[1] "se comparison"
[1] 0.1615863
[1] 0.2331007
[1] 187
[1] -0.2
[1] -0.1893982
[1] "AdaLSE"
[1] -0.3153936
[1] 0.1302424
[1] 0.8181818

  0   1 
 34 153 
[1] "Fitting mean A"
[1] "Fitting variance A"
[1] "DR"
[1] -0.2244166
[1] 0.1457806
[1] 0.8983957

  0   1 
 19 168 
[1] "se comparison"
[1] 0.1614525
[1] 0.2325187
[1] 188
[1] -0.2
[1] -0.1893982
[1] "AdaLSE"
[1] -0.2222796
[1] 0.1236551
[1] 0.8191489

  0   1 
 34 154 
[1] "Fitting mean A"
[1] "Fitting variance A"
[1] "DR"
[1] -0.2806237
[1] 0.1274563
[1] 0.8989362

  0   1 
 19 169 
[1] "se comparison"
[1] 0.1610479
[1] 0.232058
[1] 189
[1] -0.2
[1] -0.1893982
[1] "AdaLSE"
[1] 0.003808369
[1] 0.1344312
[1] 0.8201058

  0   1 
 34 155 
[1] "Fitting mean A"
[1] "Fitting variance A"
[1] "DR"
[1] -0.05523569
[1] 0.2924781
[1] 0.8994709

  0   1 
 19 170 
[1] "se comparison"
[1] 0.1611839
[1] 0.2315714
[1] 190
[1] -0.2
[1] -0.1893982
[1] "AdaLSE"
[1] -0.2528122
[1] 0.12129
[1] 0.8210526

  0   1 
 34 156 
[1] "Fitting mean A"
[1] "Fitting variance A"
[1] "DR"
[1] 0.5459009
[1] 0.4028488
[1] 0.9

  0   1 
 19 171 
[1] "se comparison"
[1] 0.1608423
[1] 0.2365971
[1] 191
[1] -0.2
[1] -0.1893982
[1] "AdaLSE"
[1] -0.03063413
[1] 0.1153043
[1] 0.8219895

  0   1 
 34 157 
[1] "Fitting mean A"
[1] "Fitting variance A"
[1] "DR"
[1] -0.03400143
[1] 0.1566083
[1] 0.9005236

  0   1 
 19 172 
[1] "se comparison"
[1] 0.1607867
[1] 0.2361446
[1] 192
[1] -0.2
[1] -0.1893982
[1] "AdaLSE"
[1] -0.3435926
[1] 0.1229594
[1] 0.8229167

  0   1 
 34 158 
[1] "Fitting mean A"
[1] "Fitting variance A"
[1] "DR"
[1] -0.3441231
[1] 0.1809832
[1] 0.9010417

  0   1 
 19 173 
[1] "se comparison"
[1] 0.1607985
[1] 0.2359103
[1] 193
[1] -0.2
[1] -0.1893982
[1] "AdaLSE"
[1] -0.2098736
[1] 0.1258235
[1] 0.8238342

  0   1 
 34 159 
[1] "Fitting mean A"
[1] "Fitting variance A"
[1] "DR"
[1] -0.006122133
[1] 0.285193
[1] 0.9015544

  0   1 
 19 174 
[1] "se comparison"
[1] 0.1603927
[1] 0.2355506
[1] 194
[1] -0.2
[1] -0.1893982
[1] "AdaLSE"
[1] -0.1366029
[1] 0.1227879
[1] 0.8247423

  0   1 
 34 160 
[1] "Fitting mean A"
[1] "Fitting variance A"
[1] "DR"
[1] -0.2857606
[1] 0.2002825
[1] 0.9020619

  0   1 
 19 175 
[1] "se comparison"
[1] 0.1600086
[1] 0.2351195
[1] 195
[1] -0.2
[1] -0.1893982
[1] "AdaLSE"
[1] -0.2442074
[1] 0.100361
[1] 0.825641

  0   1 
 34 161 
[1] "Fitting mean A"
[1] "Fitting variance A"
[1] "DR"
[1] -0.2725584
[1] 0.1113434
[1] 0.9025641

  0   1 
 19 176 
[1] "se comparison"
[1] 0.15966
[1] 0.2346553
[1] 196
[1] -0.2
[1] -0.1893982
[1] "AdaLSE"
[1] -0.2243305
[1] 0.1119758
[1] 0.8265306

  0   1 
 34 162 
[1] "Fitting mean A"
[1] "Fitting variance A"
[1] "DR"
[1] -0.06895567
[1] 0.1396117
[1] 0.9030612

  0   1 
 19 177 
[1] "se comparison"
[1] 0.1592798
[1] 0.2341411
[1] 197
[1] -0.2
[1] -0.1893982
[1] "AdaLSE"
[1] -0.4775448
[1] 0.1301904
[1] 0.822335

  0   1 
 35 162 
[1] "Fitting mean A"
[1] "Fitting variance A"
[1] "DR"
[1] -0.6532463
[1] 0.1770388
[1] 0.8984772

  0   1 
 20 177 
[1] "se comparison"
[1] 0.1602673
[1] 0.2361884
[1] 198
[1] -0.2
[1] -0.1893982
[1] "AdaLSE"
[1] 0.05347176
[1] 0.1126519
[1] 0.8181818

  0   1 
 36 162 
[1] "Fitting mean A"
[1] "Fitting variance A"
[1] "DR"
[1] -0.1118979
[1] 0.116427
[1] 0.8989899

  0   1 
 20 178 
[1] "se comparison"
[1] 0.1607407
[1] 0.235614
[1] 199
[1] -0.2
[1] -0.1893982
[1] "AdaLSE"
[1] -0.1418228
[1] 0.1205602
[1] 0.8190955

  0   1 
 36 163 
[1] "Fitting mean A"
[1] "Fitting variance A"
[1] "DR"
[1] 0.02301918
[1] 0.2990546
[1] 0.8994975

  0   1 
 20 179 
[1] "se comparison"
[1] 0.1603593
[1] 0.235379
[1] 200
[1] -0.2
[1] -0.1893982
[1] "AdaLSE"
[1] -0.4259765
[1] 0.1188454
[1] 0.815

  0   1 
 37 163 
[1] "Fitting mean A"
[1] "Fitting variance A"
[1] "DR"
[1] -0.4269124
[1] 0.2434782
[1] 0.9

  0   1 
 20 180 
[1] "se comparison"
[1] 0.1608867
[1] 0.2355452
[1] 201
[1] -0.2
[1] -0.1893982
[1] "AdaLSE"
[1] 0.1076804
[1] 0.1192931
[1] 0.8109453

  0   1 
 38 163 
[1] "Fitting mean A"
[1] "Fitting variance A"
[1] "DR"
[1] -0.05672212
[1] 0.1855637
[1] 0.9004975

  0   1 
 20 181 
[1] "se comparison"
[1] 0.1617866
[1] 0.2350711
[1] 202
[1] -0.2
[1] -0.1893982
[1] "AdaLSE"
[1] 0.02583268
[1] 0.1176871
[1] 0.8118812

  0   1 
 38 164 
[1] "Fitting mean A"
[1] "Fitting variance A"
[1] "DR"
[1] -0.09275562
[1] 0.1668251
[1] 0.9009901

  0   1 
 20 182 
[1] "se comparison"
[1] 0.1620406
[1] 0.2345342
[1] 203
[1] -0.2
[1] -0.1893982
[1] "AdaLSE"
[1] -0.2369603
[1] 0.1113689
[1] 0.8128079

  0   1 
 38 165 
[1] "Fitting mean A"
[1] "Fitting variance A"
[1] "DR"
[1] -0.09150442
[1] 0.3532209
[1] 0.9014778

  0   1 
 20 183 
[1] "se comparison"
[1] 0.1616879
[1] 0.2340028
[1] 204
[1] -0.2
[1] -0.1893982
[1] "AdaLSE"
[1] -0.3363784
[1] 0.108376
[1] 0.8137255

  0   1 
 38 166 
[1] "Fitting mean A"
[1] "Fitting variance A"
[1] "DR"
[1] -0.08824227
[1] 0.2907302
[1] 0.9019608

  0   1 
 20 184 
[1] "se comparison"
[1] 0.1616575
[1] 0.2334797
[1] 205
[1] -0.2
[1] -0.1893982
[1] "AdaLSE"
[1] -0.1445012
[1] 0.1189726
[1] 0.8146341

  0   1 
 38 167 
[1] "Fitting mean A"
[1] "Fitting variance A"
[1] "DR"
[1] -0.1206967
[1] 0.1309797
[1] 0.902439

  0   1 
 20 185 
[1] "se comparison"
[1] 0.1612814
[1] 0.2329226
[1] 206
[1] -0.2
[1] -0.1893982
[1] "AdaLSE"
[1] -0.2926408
[1] 0.1244947
[1] 0.815534

  0   1 
 38 168 
[1] "Fitting mean A"
[1] "Fitting variance A"
[1] "DR"
[1] -0.311757
[1] 0.1544592
[1] 0.9029126

  0   1 
 20 186 
[1] "se comparison"
[1] 0.1610748
[1] 0.2325961
[1] 207
[1] -0.2
[1] -0.1893982
[1] "AdaLSE"
[1] -0.1554801
[1] 0.122475
[1] 0.8164251

  0   1 
 38 169 
[1] "Fitting mean A"
[1] "Fitting variance A"
[1] "DR"
[1] -0.1691632
[1] 0.1207832
[1] 0.9033816

  0   1 
 20 187 
[1] "se comparison"
[1] 0.1606937
[1] 0.2320317
[1] 208
[1] -0.2
[1] -0.1893982
[1] "AdaLSE"
[1] 0.04408981
[1] 0.1212245
[1] 0.8173077

  0   1 
 38 170 
[1] "Fitting mean A"
[1] "Fitting variance A"
[1] "DR"
[1] -0.1253423
[1] 0.1753076
[1] 0.9038462

  0   1 
 20 188 
[1] "se comparison"
[1] 0.1610671
[1] 0.2314832
[1] 209
[1] -0.2
[1] -0.1893982
[1] "AdaLSE"
[1] -0.2041507
[1] 0.1165405
[1] 0.8181818

  0   1 
 38 171 
[1] "Fitting mean A"
[1] "Fitting variance A"
[1] "DR"
[1] -0.2007259
[1] 0.2451428
[1] 0.9043062

  0   1 
 20 189 
[1] "se comparison"
[1] 0.1606878
[1] 0.2309432
[1] 210
[1] -0.2
[1] -0.1893982
[1] "AdaLSE"
[1] -0.2627336
[1] 0.1329922
[1] 0.8190476

  0   1 
 38 172 
[1] "Fitting mean A"
[1] "Fitting variance A"
[1] "DR"
[1] -0.152071
[1] 0.1304863
[1] 0.9047619

  0   1 
 20 190 
[1] "se comparison"
[1] 0.160403
[1] 0.2303908
[1] 211
[1] -0.2
[1] -0.1893982
[1] "AdaLSE"
[1] -0.3320369
[1] 0.1058049
[1] 0.8199052

  0   1 
 38 173 
[1] "Fitting mean A"
[1] "Fitting variance A"
[1] "DR"
[1] -0.2795069
[1] 0.1245114
[1] 0.9052133

  0   1 
 20 191 
[1] "se comparison"
[1] 0.160358
[1] 0.2299883
[1] 212
[1] -0.2
[1] -0.1893982
[1] "AdaLSE"
[1] 0.1034529
[1] 0.1185197
[1] 0.8160377

  0   1 
 39 173 
[1] "Fitting mean A"
[1] "Fitting variance A"
[1] "DR"
[1] -0.03841276
[1] 0.7355413
[1] 0.9056604

  0   1 
 20 192 
[1] "se comparison"
[1] 0.1611722
[1] 0.2295964
[1] 213
[1] -0.2
[1] -0.1893982
[1] "AdaLSE"
[1] -0.05668792
[1] 0.123934
[1] 0.8169014

  0   1 
 39 174 
[1] "Fitting mean A"
[1] "Fitting variance A"
[1] "DR"
[1] -0.2042851
[1] 0.542051
[1] 0.9061033

  0   1 
 20 193 
[1] "se comparison"
[1] 0.1610148
[1] 0.2290742
[1] 214
[1] -0.2
[1] -0.1893982
[1] "AdaLSE"
[1] -0.2869492
[1] 0.130131
[1] 0.817757

  0   1 
 39 175 
[1] "Fitting mean A"
[1] "Fitting variance A"
[1] "DR"
[1] -0.3753706
[1] 0.1256264
[1] 0.9065421

  0   1 
 20 194 
[1] "se comparison"
[1] 0.1608033
[1] 0.2290079
[1] 215
[1] -0.2
[1] -0.1893982
[1] "AdaLSE"
[1] 0.0495145
[1] 0.1193235
[1] 0.8139535

  0   1 
 40 175 
[1] "Fitting mean A"
[1] "Fitting variance A"
[1] "DR"
[1] -0.07344138
[1] 0.1461339
[1] 0.9069767

  0   1 
 20 195 
[1] "se comparison"
[1] 0.161191
[1] 0.2285509
[1] 216
[1] -0.2
[1] -0.1893982
[1] "AdaLSE"
[1] -0.3909701
[1] 0.1152329
[1] 0.8148148

  0   1 
 40 176 
[1] "Fitting mean A"
[1] "Fitting variance A"
[1] "DR"
[1] -0.8774377
[1] 0.4042589
[1] 0.9074074

  0   1 
 20 196 
[1] "se comparison"
[1] 0.1614597
[1] 0.2331717
[1] 217
[1] -0.2
[1] -0.1893982
[1] "AdaLSE"
[1] -0.1101566
[1] 0.1293491
[1] 0.8156682

  0   1 
 40 177 
[1] "Fitting mean A"
[1] "Fitting variance A"
[1] "DR"
[1] -0.06469039
[1] 0.1995951
[1] 0.9078341

  0   1 
 20 197 
[1] "se comparison"
[1] 0.1611557
[1] 0.2327296
[1] 218
[1] -0.2
[1] -0.1893982
[1] "AdaLSE"
[1] -0.3290958
[1] 0.1149494
[1] 0.8165138

  0   1 
 40 178 
[1] "Fitting mean A"
[1] "Fitting variance A"
[1] "DR"
[1] -0.31606
[1] 0.1274121
[1] 0.9082569

  0   1 
 20 198 
[1] "se comparison"
[1] 0.1611012
[1] 0.2324215
[1] 219
[1] -0.2
[1] -0.1893982
[1] "AdaLSE"
[1] -0.4202986
[1] 0.1225847
[1] 0.8173516

  0   1 
 40 179 
[1] "Fitting mean A"
[1] "Fitting variance A"
[1] "DR"
[1] -0.5391168
[1] 0.1803769
[1] 0.9086758

  0   1 
 20 199 
[1] "se comparison"
[1] 0.1615454
[1] 0.2332652
[1] 220
[1] -0.2
[1] -0.1893982
[1] "AdaLSE"
[1] -0.2993258
[1] 0.1131534
[1] 0.8181818

  0   1 
 40 180 
[1] "Fitting mean A"
[1] "Fitting variance A"
[1] "DR"
[1] -0.3986566
[1] 0.4822882
[1] 0.9090909

  0   1 
 20 200 
[1] "se comparison"
[1] 0.1613712
[1] 0.2332589
[1] 221
[1] -0.2
[1] -0.1893982
[1] "AdaLSE"
[1] -0.3122931
[1] 0.116983
[1] 0.8190045

  0   1 
 40 181 
[1] "Fitting mean A"
[1] "Fitting variance A"
[1] "DR"
[1] -0.2543265
[1] 0.106116
[1] 0.9095023

  0   1 
 20 201 
[1] "se comparison"
[1] 0.1612417
[1] 0.2328018
[1] 222
[1] -0.2
[1] -0.1893982
[1] "AdaLSE"
[1] -0.1820685
[1] 0.1176648
[1] 0.8198198

  0   1 
 40 182 
[1] "Fitting mean A"
[1] "Fitting variance A"
[1] "DR"
[1] -0.1274256
[1] 0.1255843
[1] 0.9099099

  0   1 
 20 202 
[1] "se comparison"
[1] 0.1608765
[1] 0.2322902
[1] 223
[1] -0.2
[1] -0.1893982
[1] "AdaLSE"
[1] -0.03564594
[1] 0.1181283
[1] 0.8206278

  0   1 
 40 183 
[1] "Fitting mean A"
[1] "Fitting variance A"
[1] "DR"
[1] 0.02167428
[1] 0.124371
[1] 0.9103139

  0   1 
 20 203 
[1] "se comparison"
[1] 0.1608159
[1] 0.2321124
[1] 224
[1] -0.2
[1] -0.1893982
[1] "AdaLSE"
[1] -0.1065226
[1] 0.121537
[1] 0.8214286

  0   1 
 40 184 
[1] "Fitting mean A"
[1] "Fitting variance A"
[1] "DR"
[1] -0.6496409
[1] 0.5028571
[1] 0.9107143

  0   1 
 20 204 
[1] "se comparison"
[1] 0.1605344
[1] 0.2338289
[1] 225
[1] -0.2
[1] -0.1893982
[1] "AdaLSE"
[1] -0.003025569
[1] 0.1381137
[1] 0.8222222

  0   1 
 40 185 
[1] "Fitting mean A"
[1] "Fitting variance A"
[1] "DR"
[1] -0.1244282
[1] 0.3095088
[1] 0.9111111

  0   1 
 20 205 
[1] "se comparison"
[1] 0.1606185
[1] 0.2333251
[1] 226
[1] -0.2
[1] -0.1893982
[1] "AdaLSE"
[1] -0.5227566
[1] 0.1208414
[1] 0.8185841

  0   1 
 41 185 
[1] "Fitting mean A"
[1] "Fitting variance A"
[1] "DR"
[1] -0.5544301
[1] 0.1275213
[1] 0.9070796

  0   1 
 21 205 
[1] "se comparison"
[1] 0.1618655
[1] 0.2342163
[1] 227
[1] -0.2
[1] -0.1893982
[1] "AdaLSE"
[1] -0.09736707
[1] 0.1133472
[1] 0.8193833

  0   1 
 41 186 
[1] "Fitting mean A"
[1] "Fitting variance A"
[1] "DR"
[1] -0.1956548
[1] 0.349631
[1] 0.907489

  0   1 
 21 206 
[1] "se comparison"
[1] 0.1616058
[1] 0.2337036
[1] 228
[1] -0.2
[1] -0.1893982
[1] "AdaLSE"
[1] -0.1913499
[1] 0.1241908
[1] 0.8201754

  0   1 
 41 187 
[1] "Fitting mean A"
[1] "Fitting variance A"
[1] "DR"
[1] -0.200549
[1] 0.1318501
[1] 0.9078947

  0   1 
 21 207 
[1] "se comparison"
[1] 0.1612506
[1] 0.2331968
[1] 229
[1] -0.2
[1] -0.1893982
[1] "AdaLSE"
[1] -0.3491432
[1] 0.1180591
[1] 0.8209607

  0   1 
 41 188 
[1] "Fitting mean A"
[1] "Fitting variance A"
[1] "DR"
[1] -0.2247139
[1] 0.1436669
[1] 0.9082969

  0   1 
 21 208 
[1] "se comparison"
[1] 0.1612744
[1] 0.2327123
[1] 230
[1] -0.2
[1] -0.1893982
[1] "AdaLSE"
[1] -0.1227272
[1] 0.112922
[1] 0.8217391

  0   1 
 41 189 
[1] "Fitting mean A"
[1] "Fitting variance A"
[1] "DR"
[1] 0.1926414
[1] 0.3527846
[1] 0.9086957

  0   1 
 21 209 
[1] "se comparison"
[1] 0.1609709
[1] 0.2334371
[1] 231
[1] -0.2
[1] -0.1893982
[1] "AdaLSE"
[1] -0.1898647
[1] 0.1189729
[1] 0.8225108

  0   1 
 41 190 
[1] "Fitting mean A"
[1] "Fitting variance A"
[1] "DR"
[1] -0.4240793
[1] 0.267258
[1] 0.9090909

  0   1 
 21 210 
[1] "se comparison"
[1] 0.1606212
[1] 0.2335318
[1] 232
[1] -0.2
[1] -0.1893982
[1] "AdaLSE"
[1] -0.2816066
[1] 0.1265225
[1] 0.8232759

  0   1 
 41 191 
[1] "Fitting mean A"
[1] "Fitting variance A"
[1] "DR"
[1] -0.2334144
[1] 0.153561
[1] 0.9094828

  0   1 
 21 211 
[1] "se comparison"
[1] 0.1604047
[1] 0.2330626
[1] 233
[1] -0.2
[1] -0.1893982
[1] "AdaLSE"
[1] -0.3615987
[1] 0.1343047
[1] 0.8240343

  0   1 
 41 192 
[1] "Fitting mean A"
[1] "Fitting variance A"
[1] "DR"
[1] -0.5788673
[1] 0.3418106
[1] 0.9098712

  0   1 
 21 212 
[1] "se comparison"
[1] 0.1604852
[1] 0.2340927
[1] 234
[1] -0.2
[1] -0.1893982
[1] "AdaLSE"
[1] -0.1941429
[1] 0.1217414
[1] 0.8247863

  0   1 
 41 193 
[1] "Fitting mean A"
[1] "Fitting variance A"
[1] "DR"
[1] -0.2980147
[1] 0.1934291
[1] 0.9102564

  0   1 
 21 213 
[1] "se comparison"
[1] 0.1601419
[1] 0.2337342
[1] 235
[1] -0.2
[1] -0.1893982
[1] "AdaLSE"
[1] -0.1954783
[1] 0.1164735
[1] 0.8255319

  0   1 
 41 194 
[1] "Fitting mean A"
[1] "Fitting variance A"
[1] "DR"
[1] -0.1713805
[1] 0.1286203
[1] 0.9106383

  0   1 
 21 214 
[1] "se comparison"
[1] 0.1598011
[1] 0.2332343
[1] 236
[1] -0.2
[1] -0.1893982
[1] "AdaLSE"
[1] -0.0978211
[1] 0.1376089
[1] 0.8262712

  0   1 
 41 195 
[1] "Fitting mean A"
[1] "Fitting variance A"
[1] "DR"
[1] 0.08343347
[1] 0.1965982
[1] 0.9110169

  0   1 
 21 215 
[1] "se comparison"
[1] 0.1595593
[1] 0.2333348
[1] 237
[1] -0.2
[1] -0.1893982
[1] "AdaLSE"
[1] 0.04001873
[1] 0.1185833
[1] 0.8270042

  0   1 
 41 196 
[1] "Fitting mean A"
[1] "Fitting variance A"
[1] "DR"
[1] 0.1590527
[1] 0.1818964
[1] 0.9113924

  0   1 
 21 216 
[1] "se comparison"
[1] 0.1598821
[1] 0.2338297
[1] 238
[1] -0.2
[1] -0.1893982
[1] "AdaLSE"
[1] -0.08594648
[1] 0.1112436
[1] 0.8277311

  0   1 
 41 197 
[1] "Fitting mean A"
[1] "Fitting variance A"
[1] "DR"
[1] -0.06203896
[1] 0.1385027
[1] 0.9117647

  0   1 
 21 217 
[1] "se comparison"
[1] 0.1596676
[1] 0.2334415
[1] 239
[1] -0.2
[1] -0.1893982
[1] "AdaLSE"
[1] -0.3580586
[1] 0.135899
[1] 0.8284519

  0   1 
 41 198 
[1] "Fitting mean A"
[1] "Fitting variance A"
[1] "DR"
[1] -0.4568623
[1] 0.1559755
[1] 0.9121339

  0   1 
 21 218 
[1] "se comparison"
[1] 0.1597371
[1] 0.2336887
[1] 240
[1] -0.2
[1] -0.1893982
[1] "AdaLSE"
[1] -0.1636715
[1] 0.1069076
[1] 0.8291667

  0   1 
 41 199 
[1] "Fitting mean A"
[1] "Fitting variance A"
[1] "DR"
[1] -0.3968556
[1] 0.1992597
[1] 0.9125

  0   1 
 21 219 
[1] "se comparison"
[1] 0.1594074
[1] 0.233654
[1] 241
[1] -0.2
[1] -0.1893982
[1] "AdaLSE"
[1] -0.1719425
[1] 0.1231576
[1] 0.8298755

  0   1 
 41 200 
[1] "Fitting mean A"
[1] "Fitting variance A"
[1] "DR"
[1] -0.2177811
[1] 0.1273485
[1] 0.9128631

  0   1 
 21 220 
[1] "se comparison"
[1] 0.1590766
[1] 0.2331852
[1] 242
[1] -0.2
[1] -0.1893982
[1] "AdaLSE"
[1] 0.01872549
[1] 0.1228938
[1] 0.8305785

  0   1 
 41 201 
[1] "Fitting mean A"
[1] "Fitting variance A"
[1] "DR"
[1] 0.1268323
[1] 0.1921963
[1] 0.9132231

  0   1 
 21 221 
[1] "se comparison"
[1] 0.1592742
[1] 0.233494
[1] 243
[1] -0.2
[1] -0.1893982
[1] "AdaLSE"
[1] -0.09746893
[1] 0.1221671
[1] 0.8312757

  0   1 
 41 202 
[1] "Fitting mean A"
[1] "Fitting variance A"
[1] "DR"
[1] 0.03140801
[1] 0.146452
[1] 0.9135802

  0   1 
 21 222 
[1] "se comparison"
[1] 0.1590373
[1] 0.2333727
[1] 244
[1] -0.2
[1] -0.1893982
[1] "AdaLSE"
[1] 0.004804582
[1] 0.1054675
[1] 0.8319672

  0   1 
 41 203 
[1] "Fitting mean A"
[1] "Fitting variance A"
[1] "DR"
[1] -0.1365406
[1] 0.1400103
[1] 0.9139344

  0   1 
 21 223 
[1] "se comparison"
[1] 0.1591582
[1] 0.232902
[1] 245
[1] -0.2
[1] -0.1893982
[1] "AdaLSE"
[1] -0.2543364
[1] 0.113862
[1] 0.8326531

  0   1 
 41 204 
[1] "Fitting mean A"
[1] "Fitting variance A"
[1] "DR"
[1] -0.1674574
[1] 0.1178669
[1] 0.9142857

  0   1 
 21 224 
[1] "se comparison"
[1] 0.1589009
[1] 0.2324243
[1] 246
[1] -0.2
[1] -0.1893982
[1] "AdaLSE"
[1] -0.464482
[1] 0.1175786
[1] 0.8292683

  0   1 
 42 204 
[1] "Fitting mean A"
[1] "Fitting variance A"
[1] "DR"
[1] -0.3801542
[1] 0.152448
[1] 0.9146341

  0   1 
 21 225 
[1] "se comparison"
[1] 0.1596014
[1] 0.2323359
[1] 247
[1] -0.2
[1] -0.1893982
[1] "AdaLSE"
[1] -0.2131851
[1] 0.1102495
[1] 0.8299595

  0   1 
 42 205 
[1] "Fitting mean A"
[1] "Fitting variance A"
[1] "DR"
[1] -0.2489721
[1] 0.1073559
[1] 0.9149798

  0   1 
 21 226 
[1] "se comparison"
[1] 0.1592888
[1] 0.2319164
[1] 248
[1] -0.2
[1] -0.1893982
[1] "AdaLSE"
[1] -0.1888908
[1] 0.1183316
[1] 0.8306452

  0   1 
 42 206 
[1] "Fitting mean A"
[1] "Fitting variance A"
[1] "DR"
[1] -0.17634
[1] 0.2075978
[1] 0.9153226

  0   1 
 21 227 
[1] "se comparison"
[1] 0.1589665
[1] 0.2314467
[1] 249
[1] -0.2
[1] -0.1893982
[1] "AdaLSE"
[1] -0.06385431
[1] 0.1099284
[1] 0.8313253

  0   1 
 42 207 
[1] "Fitting mean A"
[1] "Fitting variance A"
[1] "DR"
[1] -0.1268797
[1] 0.116958
[1] 0.9156627

  0   1 
 21 228 
[1] "se comparison"
[1] 0.1588238
[1] 0.2309967
[1] 250
[1] -0.2
[1] -0.1893982
[1] "AdaLSE"
[1] 0.03304569
[1] 0.1162561
[1] 0.832

  0   1 
 42 208 
[1] "Fitting mean A"
[1] "Fitting variance A"
[1] "DR"
[1] -0.0009208347
[1] 0.1231725
[1] 0.916

  0   1 
 21 229 
[1] "se comparison"
[1] 0.1590873
[1] 0.2307835
[1] 251
[1] -0.2
[1] -0.1893982
[1] "AdaLSE"
[1] -0.0744047
[1] 0.1078717
[1] 0.8326693

  0   1 
 42 209 
[1] "Fitting mean A"
[1] "Fitting variance A"
[1] "DR"
[1] -0.01137303
[1] 0.1223053
[1] 0.9163347

  0   1 
 21 230 
[1] "se comparison"
[1] 0.1589118
[1] 0.23054
[1] 252
[1] -0.2
[1] -0.1893982
[1] "AdaLSE"
[1] 0.02199149
[1] 0.116518
[1] 0.8333333

  0   1 
 42 210 
[1] "Fitting mean A"
[1] "Fitting variance A"
[1] "DR"
[1] 0.2901027
[1] 0.3214284
[1] 0.9166667

  0   1 
 21 231 
[1] "se comparison"
[1] 0.1591083
[1] 0.2318969
[1] 253
[1] -0.2
[1] -0.1893982
[1] "AdaLSE"
[1] -0.168534
[1] 0.1097952
[1] 0.8339921

  0   1 
 42 211 
[1] "Fitting mean A"
[1] "Fitting variance A"
[1] "DR"
[1] -0.1790933
[1] 0.11073
[1] 0.916996

  0   1 
 21 232 
[1] "se comparison"
[1] 0.1587939
[1] 0.2314373
[1] 254
[1] -0.2
[1] -0.1893982
[1] "AdaLSE"
[1] -0.1916365
[1] 0.1304074
[1] 0.8346457

  0   1 
 42 212 
[1] "Fitting mean A"
[1] "Fitting variance A"
[1] "DR"
[1] -0.4162957
[1] 0.2261524
[1] 0.9173228

  0   1 
 21 233 
[1] "se comparison"
[1] 0.1584815
[1] 0.2315044
[1] 255
[1] -0.2
[1] -0.1893982
[1] "AdaLSE"
[1] -0.2671997
[1] 0.1459563
[1] 0.8352941

  0   1 
 42 213 
[1] "Fitting mean A"
[1] "Fitting variance A"
[1] "DR"
[1] -0.138516
[1] 0.1836133
[1] 0.9176471

  0   1 
 21 234 
[1] "se comparison"
[1] 0.1582636
[1] 0.2310561
[1] 256
[1] -0.2
[1] -0.1893982
[1] "AdaLSE"
[1] -0.3755385
[1] 0.1147945
[1] 0.8359375

  0   1 
 42 214 
[1] "Fitting mean A"
[1] "Fitting variance A"
[1] "DR"
[1] -0.2492416
[1] 0.116506
[1] 0.9179688

  0   1 
 21 235 
[1] "se comparison"
[1] 0.1584236
[1] 0.2306574
[1] 257
[1] -0.2
[1] -0.1893982
[1] "AdaLSE"
[1] -0.2500419
[1] 0.1159787
[1] 0.8365759

  0   1 
 42 215 
[1] "Fitting mean A"
[1] "Fitting variance A"
[1] "DR"
[1] -0.1906755
[1] 0.1125556
[1] 0.9182879

  0   1 
 21 236 
[1] "se comparison"
[1] 0.1581724
[1] 0.2302103
[1] 258
[1] -0.2
[1] -0.1893982
[1] "AdaLSE"
[1] -0.1203229
[1] 0.1133983
[1] 0.8372093

  0   1 
 42 216 
[1] "Fitting mean A"
[1] "Fitting variance A"
[1] "DR"
[1] 0.06140327
[1] 0.1723524
[1] 0.9186047

  0   1 
 21 237 
[1] "se comparison"
[1] 0.1579101
[1] 0.2302103
[1] 259
[1] -0.2
[1] -0.1893982
[1] "AdaLSE"
[1] -0.04050385
[1] 0.1323095
[1] 0.8378378

  0   1 
 42 217 
[1] "Fitting mean A"
[1] "Fitting variance A"
[1] "DR"
[1] 0.05612932
[1] 0.1496179
[1] 0.9189189

  0   1 
 21 238 
[1] "se comparison"
[1] 0.1578457
[1] 0.2301867
[1] 260
[1] -0.2
[1] -0.1893982
[1] "AdaLSE"
[1] 0.005339862
[1] 0.1129462
[1] 0.8384615

  0   1 
 42 218 
[1] "Fitting mean A"
[1] "Fitting variance A"
[1] "DR"
[1] -0.007852257
[1] 0.1979101
[1] 0.9192308

  0   1 
 21 239 
[1] "se comparison"
[1] 0.1579619
[1] 0.229955
[1] 261
[1] -0.2
[1] -0.1893982
[1] "AdaLSE"
[1] -0.1047318
[1] 0.1243439
[1] 0.8390805

  0   1 
 42 219 
[1] "Fitting mean A"
[1] "Fitting variance A"
[1] "DR"
[1] -0.0258345
[1] 0.1262369
[1] 0.9195402

  0   1 
 21 240 
[1] "se comparison"
[1] 0.1577263
[1] 0.2296783
[1] 262
[1] -0.2
[1] -0.1893982
[1] "AdaLSE"
[1] -0.2162586
[1] 0.1212409
[1] 0.8396947

  0   1 
 42 220 
[1] "Fitting mean A"
[1] "Fitting variance A"
[1] "DR"
[1] -0.1377167
[1] 0.1686916
[1] 0.9198473

  0   1 
 21 241 
[1] "se comparison"
[1] 0.1574402
[1] 0.2292447
[1] 263
[1] -0.2
[1] -0.1893982
[1] "AdaLSE"
[1] -0.1231847
[1] 0.1194448
[1] 0.8403042

  0   1 
 42 221 
[1] "Fitting mean A"
[1] "Fitting variance A"
[1] "DR"
[1] 0.06675366
[1] 0.1456437
[1] 0.9201521

  0   1 
 21 242 
[1] "se comparison"
[1] 0.1571781
[1] 0.2292573
[1] 264
[1] -0.2
[1] -0.1893982
[1] "AdaLSE"
[1] -0.3143142
[1] 0.1211474
[1] 0.8409091

  0   1 
 42 222 
[1] "Fitting mean A"
[1] "Fitting variance A"
[1] "DR"
[1] 0.05119601
[1] 0.3081498
[1] 0.9204545

  0   1 
 21 243 
[1] "se comparison"
[1] 0.1570984
[1] 0.2292088
[1] 265
[1] -0.2
[1] -0.1893982
[1] "AdaLSE"
[1] -0.1179313
[1] 0.1236413
[1] 0.8415094

  0   1 
 42 223 
[1] "Fitting mean A"
[1] "Fitting variance A"
[1] "DR"
[1] 0.1456197
[1] 0.1968963
[1] 0.9207547

  0   1 
 21 244 
[1] "se comparison"
[1] 0.1568469
[1] 0.2295661
[1] 266
[1] -0.2
[1] -0.1893982
[1] "AdaLSE"
[1] -0.04641823
[1] 0.1208775
[1] 0.8421053

  0   1 
 42 224 
[1] "Fitting mean A"
[1] "Fitting variance A"
[1] "DR"
[1] 0.06611735
[1] 0.14931
[1] 0.9210526

  0   1 
 21 245 
[1] "se comparison"
[1] 0.1567639
[1] 0.2295641
[1] 267
[1] -0.2
[1] -0.1893982
[1] "AdaLSE"
[1] 0.1681423
[1] 0.1158123
[1] 0.8389513

  0   1 
 43 224 
[1] "Fitting mean A"
[1] "Fitting variance A"
[1] "DR"
[1] 0.07357956
[1] 0.1489827
[1] 0.9213483

  0   1 
 21 246 
[1] "se comparison"
[1] 0.1579067
[1] 0.2295871
[1] 268
[1] -0.2
[1] -0.1893982
[1] "AdaLSE"
[1] -0.2126069
[1] 0.1274889
[1] 0.8395522

  0   1 
 43 225 
[1] "Fitting mean A"
[1] "Fitting variance A"
[1] "DR"
[1] 0.2478102
[1] 0.9692088
[1] 0.9216418

  0   1 
 21 247 
[1] "se comparison"
[1] 0.1576249
[1] 0.2305173
[1] 269
[1] -0.2
[1] -0.1893982
[1] "AdaLSE"
[1] 0.2910175
[1] 0.1130777
[1] 0.8364312

  0   1 
 44 225 
[1] "Fitting mean A"
[1] "Fitting variance A"
[1] "DR"
[1] 0.2319427
[1] 0.1416311
[1] 0.9182156

  0   1 
 22 247 
[1] "se comparison"
[1] 0.1599091
[1] 0.2313249
[1] 270
[1] -0.2
[1] -0.1893982
[1] "AdaLSE"
[1] -0.02609115
[1] 0.1168223
[1] 0.837037

  0   1 
 44 226 
[1] "Fitting mean A"
[1] "Fitting variance A"
[1] "DR"
[1] 0.03337758
[1] 0.134853
[1] 0.9185185

  0   1 
 22 248 
[1] "se comparison"
[1] 0.1598733
[1] 0.2311899
[1] 271
[1] -0.2
[1] -0.1893982
[1] "AdaLSE"
[1] -0.5614514
[1] 0.1280608
[1] 0.8339483

  0   1 
 45 226 
[1] "Fitting mean A"
[1] "Fitting variance A"
[1] "DR"
[1] -0.4165556
[1] 0.1286719
[1] 0.9188192

  0   1 
 22 249 
[1] "se comparison"
[1] 0.1612876
[1] 0.2312957
[1] 272
[1] -0.2
[1] -0.1893982
[1] "AdaLSE"
[1] 0.08755052
[1] 0.1078601
[1] 0.8308824

  0   1 
 46 226 
[1] "Fitting mean A"
[1] "Fitting variance A"
[1] "DR"
[1] 0.2366745
[1] 0.2935177
[1] 0.9191176

  0   1 
 22 250 
[1] "se comparison"
[1] 0.1617881
[1] 0.2321108
[1] 273
[1] -0.2
[1] -0.1893982
[1] "AdaLSE"
[1] -0.1185852
[1] 0.1176641
[1] 0.8315018

  0   1 
 46 227 
[1] "Fitting mean A"
[1] "Fitting variance A"
[1] "DR"
[1] -0.1639086
[1] 0.134063
[1] 0.9194139

  0   1 
 22 251 
[1] "se comparison"
[1] 0.1615281
[1] 0.2316841
[1] 274
[1] -0.2
[1] -0.1893982
[1] "AdaLSE"
[1] 0.02500895
[1] 0.1230826
[1] 0.8321168

  0   1 
 46 228 
[1] "Fitting mean A"
[1] "Fitting variance A"
[1] "DR"
[1] -0.002238288
[1] 0.3113973
[1] 0.919708

  0   1 
 22 252 
[1] "se comparison"
[1] 0.1616887
[1] 0.2314493
[1] 275
[1] -0.2
[1] -0.1893982
[1] "AdaLSE"
[1] 0.05385911
[1] 0.1175177
[1] 0.8290909

  0   1 
 47 228 
[1] "Fitting mean A"
[1] "Fitting variance A"
[1] "DR"
[1] 0.7218533
[1] 0.7697381
[1] 0.92

  0   1 
 22 253 
[1] "se comparison"
[1] 0.1619837
[1] 0.2370253
[1] 276
[1] -0.2
[1] -0.1893982
[1] "AdaLSE"
[1] -0.07178999
[1] 0.119574
[1] 0.8297101

  0   1 
 47 229 
[1] "Fitting mean A"
[1] "Fitting variance A"
[1] "DR"
[1] 0.1010684
[1] 0.1728107
[1] 0.9202899

  0   1 
 22 254 
[1] "se comparison"
[1] 0.161807
[1] 0.2370903
[1] 277
[1] -0.2
[1] -0.1893982
[1] "AdaLSE"
[1] -0.4763201
[1] 0.1118509
[1] 0.8267148

  0   1 
 48 229 
[1] "Fitting mean A"
[1] "Fitting variance A"
[1] "DR"
[1] -0.1864476
[1] 0.5757103
[1] 0.9205776

  0   1 
 22 255 
[1] "se comparison"
[1] 0.1625313
[1] 0.2366691
[1] 278
[1] -0.2
[1] -0.1893982
[1] "AdaLSE"
[1] -0.353295
[1] 0.1259902
[1] 0.8273381

  0   1 
 48 230 
[1] "Fitting mean A"
[1] "Fitting variance A"
[1] "DR"
[1] -0.1805797
[1] 0.1357125
[1] 0.9208633

  0   1 
 22 256 
[1] "se comparison"
[1] 0.1625891
[1] 0.2362473
[1] 279
[1] -0.2
[1] -0.1893982
[1] "AdaLSE"
[1] -0.07943482
[1] 0.1189219
[1] 0.827957

  0   1 
 48 231 
[1] "Fitting mean A"
[1] "Fitting variance A"
[1] "DR"
[1] 0.04327831
[1] 0.1253076
[1] 0.921147

  0   1 
 22 257 
[1] "se comparison"
[1] 0.1623989
[1] 0.2361145
[1] 280
[1] -0.2
[1] -0.1893982
[1] "AdaLSE"
[1] -0.2844263
[1] 0.1157028
[1] 0.8285714

  0   1 
 48 232 
[1] "Fitting mean A"
[1] "Fitting variance A"
[1] "DR"
[1] -0.3062555
[1] 0.1258801
[1] 0.9214286

  0   1 
 22 258 
[1] "se comparison"
[1] 0.1622384
[1] 0.2358706
[1] 281
[1] -0.2
[1] -0.1893982
[1] "AdaLSE"
[1] -0.1177857
[1] 0.1185887
[1] 0.8291815

  0   1 
 48 233 
[1] "Fitting mean A"
[1] "Fitting variance A"
[1] "DR"
[1] -0.08423313
[1] 0.1961797
[1] 0.9217082

  0   1 
 22 259 
[1] "se comparison"
[1] 0.1619854
[1] 0.2354845
[1] 282
[1] -0.2
[1] -0.1893982
[1] "AdaLSE"
[1] -0.2091353
[1] 0.1244362
[1] 0.8297872

  0   1 
 48 234 
[1] "Fitting mean A"
[1] "Fitting variance A"
[1] "DR"
[1] -0.3001927
[1] 0.2667509
[1] 0.9219858

  0   1 
 22 260 
[1] "se comparison"
[1] 0.1617092
[1] 0.2352295
[1] 283
[1] -0.2
[1] -0.1893982
[1] "AdaLSE"
[1] 0.06332005
[1] 0.1189987
[1] 0.8268551

  0   1 
 49 234 
[1] "Fitting mean A"
[1] "Fitting variance A"
[1] "DR"
[1] -0.01066493
[1] 0.1364198
[1] 0.9222615

  0   1 
 22 261 
[1] "se comparison"
[1] 0.1620467
[1] 0.2349646
[1] 284
[1] -0.2
[1] -0.1893982
[1] "AdaLSE"
[1] -0.4403935
[1] 0.126734
[1] 0.8239437

  0   1 
 50 234 
[1] "Fitting mean A"
[1] "Fitting variance A"
[1] "DR"
[1] -0.5866455
[1] 0.3479048
[1] 0.9225352

  0   1 
 22 262 
[1] "se comparison"
[1] 0.1625254
[1] 0.2359591
[1] 285
[1] -0.2
[1] -0.1893982
[1] "AdaLSE"
[1] -0.4475173
[1] 0.1163276
[1] 0.8210526

  0   1 
 51 234 
[1] "Fitting mean A"
[1] "Fitting variance A"
[1] "DR"
[1] -0.2810943
[1] 0.1268739
[1] 0.922807

  0   1 
 22 263 
[1] "se comparison"
[1] 0.1630351
[1] 0.2356634
[1] 286
[1] -0.2
[1] -0.1893982
[1] "AdaLSE"
[1] -0.1294405
[1] 0.1162156
[1] 0.8216783

  0   1 
 51 235 
[1] "Fitting mean A"
[1] "Fitting variance A"
[1] "DR"
[1] -0.488564
[1] 0.4037336
[1] 0.9230769

  0   1 
 22 264 
[1] "se comparison"
[1] 0.1627729
[1] 0.2360773
[1] 287
[1] -0.2
[1] -0.1893982
[1] "AdaLSE"
[1] -0.1968522
[1] 0.1213103
[1] 0.8222997

  0   1 
 51 236 
[1] "Fitting mean A"
[1] "Fitting variance A"
[1] "DR"
[1] -0.2430133
[1] 0.1430924
[1] 0.9233449

  0   1 
 22 265 
[1] "se comparison"
[1] 0.1624925
[1] 0.2357205
[1] 288
[1] -0.2
[1] -0.1893982
[1] "AdaLSE"
[1] -0.282684
[1] 0.1129874
[1] 0.8229167

  0   1 
 51 237 
[1] "Fitting mean A"
[1] "Fitting variance A"
[1] "DR"
[1] -0.3593534
[1] 0.2122399
[1] 0.9236111

  0   1 
 22 266 
[1] "se comparison"
[1] 0.1623293
[1] 0.2356143
[1] 289
[1] -0.2
[1] -0.1893982
[1] "AdaLSE"
[1] -0.1260438
[1] 0.1208596
[1] 0.8235294

  0   1 
 51 238 
[1] "Fitting mean A"
[1] "Fitting variance A"
[1] "DR"
[1] 0.08382236
[1] 0.17102
[1] 0.9238754

  0   1 
 22 267 
[1] "se comparison"
[1] 0.162075
[1] 0.2356302
[1] 290
[1] -0.2
[1] -0.1893982
[1] "AdaLSE"
[1] -0.06454363
[1] 0.1144024
[1] 0.8241379

  0   1 
 51 239 
[1] "Fitting mean A"
[1] "Fitting variance A"
[1] "DR"
[1] -0.06766035
[1] 0.134535
[1] 0.9241379

  0   1 
 22 268 
[1] "se comparison"
[1] 0.1619289
[1] 0.2352792
[1] 291
[1] -0.2
[1] -0.1893982
[1] "AdaLSE"
[1] -0.393155
[1] 0.1198166
[1] 0.8247423

  0   1 
 51 240 
[1] "Fitting mean A"
[1] "Fitting variance A"
[1] "DR"
[1] -0.2233894
[1] 0.2348464
[1] 0.9243986

  0   1 
 22 269 
[1] "se comparison"
[1] 0.1621475
[1] 0.2349068
[1] 292
[1] -0.2
[1] -0.1893982
[1] "AdaLSE"
[1] -0.2571277
[1] 0.1214923
[1] 0.8253425

  0   1 
 51 241 
[1] "Fitting mean A"
[1] "Fitting variance A"
[1] "DR"
[1] -0.1326913
[1] 0.132454
[1] 0.9246575

  0   1 
 22 270 
[1] "se comparison"
[1] 0.1619362
[1] 0.2345068
[1] 293
[1] -0.2
[1] -0.1893982
[1] "AdaLSE"
[1] -0.1801509
[1] 0.1284567
[1] 0.8259386

  0   1 
 51 242 
[1] "Fitting mean A"
[1] "Fitting variance A"
[1] "DR"
[1] -0.07109553
[1] 0.2114695
[1] 0.9249147

  0   1 
 22 271 
[1] "se comparison"
[1] 0.1616587
[1] 0.2341571
[1] 294
[1] -0.2
[1] -0.1893982
[1] "AdaLSE"
[1] -0.285536
[1] 0.1389894
[1] 0.8265306

  0   1 
 51 243 
[1] "Fitting mean A"
[1] "Fitting variance A"
[1] "DR"
[1] -0.5274778
[1] 0.2768674
[1] 0.9251701

  0   1 
 22 272 
[1] "se comparison"
[1] 0.1615055
[1] 0.2347619
[1] 295
[1] -0.2
[1] -0.1893982
[1] "AdaLSE"
[1] -0.2815317
[1] 0.1250083
[1] 0.8271186

  0   1 
 51 244 
[1] "Fitting mean A"
[1] "Fitting variance A"
[1] "DR"
[1] -0.3389702
[1] 0.12357
[1] 0.9254237

  0   1 
 22 273 
[1] "se comparison"
[1] 0.1613434
[1] 0.2346024
[1] 296
[1] -0.2
[1] -0.1893982
