LOADING R
R LOADED
[1] "/home/lvanderl/Rlibs2"                         
[2] "/app/software/R/4.2.2-foss-2021b/lib/R/library"
[1] "/home/lvanderl/sieveSims"
[1] 1
[1] 0.03779408
[1] 0.008493004
[1] "AdaLSE"
[1] -0.02848191
[1] 0.072012
[1] 1

1 
1 
[1] "Fitting mean A"
[1] "Fitting variance A"
[1] "DR"
[1] 0.09141037
[1] 0.1382989
[1] 1

1 
1 
[1] "se comparison"
[1] NA
[1] NA
[1] 2
[1] 0.03779408
[1] 0.008493004
[1] "AdaLSE"
[1] -0.003166008
[1] 0.06321272
[1] 1

1 
2 
[1] "Fitting mean A"
[1] "Fitting variance A"
[1] "DR"
[1] -0.007067945
[1] 0.05513372
[1] 1

1 
2 
[1] "se comparison"
[1] 0.01790104
[1] 0.06963469
[1] 3
[1] 0.03779408
[1] 0.008493004
[1] "AdaLSE"
[1] -0.03291455
[1] 0.06193968
[1] 1

1 
3 
[1] "Fitting mean A"
[1] "Fitting variance A"
[1] "DR"
[1] 0.02475039
[1] 0.08902085
[1] 1

1 
3 
[1] "se comparison"
[1] 0.0160495
[1] 0.05025591
[1] 4
[1] 0.03779408
[1] 0.008493004
[1] "AdaLSE"
[1] 0.01699177
[1] 0.0625325
[1] 1

1 
4 
[1] "Fitting mean A"
[1] "Fitting variance A"
[1] "DR"
[1] 0.2874163
[1] 0.1955774
[1] 1

1 
4 
[1] "se comparison"
[1] 0.02329226
[1] 0.1320627
[1] 5
[1] 0.03779408
[1] 0.008493004
[1] "AdaLSE"
[1] -0.08866371
[1] 0.06668982
[1] 1

1 
5 
[1] "Fitting mean A"
[1] "Fitting variance A"
[1] "DR"
[1] -0.147458
[1] 0.1246775
[1] 1

1 
5 
[1] "se comparison"
[1] 0.03982029
[1] 0.158875
[1] 6
[1] 0.03779408
[1] 0.008493004
[1] "AdaLSE"
[1] 0.06580529
[1] 0.06781356
[1] 1

1 
6 
[1] "Fitting mean A"
[1] "Fitting variance A"
[1] "DR"
[1] 0.4808822
[1] 0.1578766
[1] 0.8333333

0 1 
1 5 
[1] "se comparison"
[1] 0.05207343
[1] 0.2261936
[1] 7
[1] 0.03779408
[1] 0.008493004
[1] "AdaLSE"
[1] -0.07798889
[1] 0.06062597
[1] 1

1 
7 
[1] "Fitting mean A"
[1] "Fitting variance A"
[1] "DR"
[1] -0.1307677
[1] 0.05985117
[1] 0.7142857

0 1 
2 5 
[1] "se comparison"
[1] 0.05372824
[1] 0.2274616
[1] 8
[1] 0.03779408
[1] 0.008493004
[1] "AdaLSE"
[1] -0.03034881
[1] 0.06491553
[1] 1

1 
8 
[1] "Fitting mean A"
[1] "Fitting variance A"
[1] "DR"
[1] 0.1232103
[1] 0.1425298
[1] 0.75

0 1 
2 6 
[1] "se comparison"
[1] 0.04984768
[1] 0.211008
[1] 9
[1] 0.03779408
[1] 0.008493004
[1] "AdaLSE"
[1] -0.03330405
[1] 0.06285102
[1] 1

1 
9 
[1] "Fitting mean A"
[1] "Fitting variance A"
[1] "DR"
[1] 0.1574898
[1] 0.1175911
[1] 0.7777778

0 1 
2 7 
[1] "se comparison"
[1] 0.04677109
[1] 0.1986466
[1] 10
[1] 0.03779408
[1] 0.008493004
[1] "AdaLSE"
[1] -0.03100246
[1] 0.06668534
[1] 1

 1 
10 
[1] "Fitting mean A"
[1] "Fitting variance A"
[1] "DR"
[1] 0.0688082
[1] 0.07732925
[1] 0.8

0 1 
2 8 
[1] "se comparison"
[1] 0.04415891
[1] 0.1875095
[1] 11
[1] 0.03779408
[1] 0.008493004
[1] "AdaLSE"
[1] 0.02968342
[1] 0.06229454
[1] 1

 1 
11 
[1] "Fitting mean A"
[1] "Fitting variance A"
[1] "DR"
[1] 0.09162586
[1] 0.1104076
[1] 0.8181818

0 1 
2 9 
[1] "se comparison"
[1] 0.04494451
[1] 0.1778899
[1] 12
[1] 0.03779408
[1] 0.008493004
[1] "AdaLSE"
[1] 0.106313
[1] 0.06181616
[1] 1

 1 
12 
[1] "Fitting mean A"
[1] "Fitting variance A"
[1] "DR"
[1] 0.4188025
[1] 0.2753754
[1] 0.8333333

 0  1 
 2 10 
[1] "se comparison"
[1] 0.05615454
[1] 0.1937225
[1] 13
[1] 0.03779408
[1] 0.008493004
[1] "AdaLSE"
[1] 0.02316294
[1] 0.06935331
[1] 1

 1 
13 
[1] "Fitting mean A"
[1] "Fitting variance A"
[1] "DR"
[1] 0.1788333
[1] 0.1368548
[1] 0.8461538

 0  1 
 2 11 
[1] "se comparison"
[1] 0.0544954
[1] 0.1861534
[1] 14
[1] 0.03779408
[1] 0.008493004
[1] "AdaLSE"
[1] -0.1450704
[1] 0.06527681
[1] 0.9285714

 0  1 
 1 13 
[1] "Fitting mean A"
[1] "Fitting variance A"
[1] "DR"
[1] 0.112467
[1] 0.2012413
[1] 0.8571429

 0  1 
 2 12 
[1] "se comparison"
[1] 0.06413854
[1] 0.1788869
[1] 15
[1] 0.03779408
[1] 0.008493004
[1] "AdaLSE"
[1] 0.0250634
[1] 0.05831527
[1] 0.9333333

 0  1 
 1 14 
[1] "Fitting mean A"
[1] "Fitting variance A"
[1] "DR"
[1] 0.1484288
[1] 0.09580964
[1] 0.8666667

 0  1 
 2 13 
[1] "se comparison"
[1] 0.06272387
[1] 0.1724856
[1] 16
[1] 0.03779408
[1] 0.008493004
[1] "AdaLSE"
[1] -0.05363233
[1] 0.06205332
[1] 0.9375

 0  1 
 1 15 
[1] "Fitting mean A"
[1] "Fitting variance A"
[1] "DR"
[1] 0.08771833
[1] 0.1223094
[1] 0.875

 0  1 
 2 14 
[1] "se comparison"
[1] 0.06141813
[1] 0.1669201
[1] 17
[1] 0.03779408
[1] 0.008493004
[1] "AdaLSE"
[1] -0.05762752
[1] 0.07099459
[1] 0.9411765

 0  1 
 1 16 
[1] "Fitting mean A"
[1] "Fitting variance A"
[1] "DR"
[1] -0.04695636
[1] 0.0972631
[1] 0.8823529

 0  1 
 2 15 
[1] "se comparison"
[1] 0.06031486
[1] 0.1668631
[1] 18
[1] 0.03779408
[1] 0.008493004
[1] "AdaLSE"
[1] -0.03587234
[1] 0.06485128
[1] 0.9444444

 0  1 
 1 17 
[1] "Fitting mean A"
[1] "Fitting variance A"
[1] "DR"
[1] 0.4633415
[1] 0.2198395
[1] 0.8333333

 0  1 
 3 15 
[1] "se comparison"
[1] 0.05865645
[1] 0.1816089
[1] 19
[1] 0.03779408
[1] 0.008493004
[1] "AdaLSE"
[1] -0.06576889
[1] 0.06520485
[1] 0.9473684

 0  1 
 1 18 
[1] "Fitting mean A"
[1] "Fitting variance A"
[1] "DR"
[1] -0.05533314
[1] 0.06038246
[1] 0.8421053

 0  1 
 3 16 
[1] "se comparison"
[1] 0.05798358
[1] 0.1817309
[1] 20
[1] 0.03779408
[1] 0.008493004
[1] "AdaLSE"
[1] 0.1589986
[1] 0.06506125
[1] 0.9

 0  1 
 2 18 
[1] "Fitting mean A"
[1] "Fitting variance A"
[1] "DR"
[1] 0.2120797
[1] 0.08689038
[1] 0.8

 0  1 
 4 16 
[1] "se comparison"
[1] 0.06944095
[1] 0.177988
[1] 21
[1] 0.03779408
[1] 0.008493004
[1] "AdaLSE"
[1] -0.04154792
[1] 0.06485234
[1] 0.9047619

 0  1 
 2 19 
[1] "Fitting mean A"
[1] "Fitting variance A"
[1] "DR"
[1] 2.1412
[1] 1.844123
[1] 0.8095238

 0  1 
 4 17 
[1] "se comparison"
[1] 0.06797094
[1] 0.4723321
[1] 22
[1] 0.03779408
[1] 0.008493004
[1] "AdaLSE"
[1] 0.05949075
[1] 0.06669655
[1] 0.9090909

 0  1 
 2 20 
[1] "Fitting mean A"
[1] "Fitting variance A"
[1] "DR"
[1] 0.09238507
[1] 0.05794165
[1] 0.8181818

 0  1 
 4 18 
[1] "se comparison"
[1] 0.06817077
[1] 0.4618003
[1] 23
[1] 0.03779408
[1] 0.008493004
[1] "AdaLSE"
[1] -0.04760661
[1] 0.06236634
[1] 0.9130435

 0  1 
 2 21 
[1] "Fitting mean A"
[1] "Fitting variance A"
[1] "DR"
[1] 0.02984461
[1] 0.09579991
[1] 0.826087

 0  1 
 4 19 
[1] "se comparison"
[1] 0.06704166
[1] 0.4528831
[1] 24
[1] 0.03779408
[1] 0.008493004
[1] "AdaLSE"
[1] -0.06691587
[1] 0.06548615
[1] 0.9166667

 0  1 
 2 22 
[1] "Fitting mean A"
[1] "Fitting variance A"
[1] "DR"
[1] 0.07480105
[1] 0.2774345
[1] 0.8333333

 0  1 
 4 20 
[1] "se comparison"
[1] 0.06650225
[1] 0.4437835
[1] 25
[1] 0.03779408
[1] 0.008493004
[1] "AdaLSE"
[1] 0.08106872
[1] 0.05948731
[1] 0.92

 0  1 
 2 23 
[1] "Fitting mean A"
[1] "Fitting variance A"
[1] "DR"
[1] 0.1894629
[1] 0.1296259
[1] 0.84

 0  1 
 4 21 
[1] "se comparison"
[1] 0.06786497
[1] 0.4344495
[1] 26
[1] 0.03779408
[1] 0.008493004
[1] "AdaLSE"
[1] -0.01174021
[1] 0.06223208
[1] 0.9230769

 0  1 
 2 24 
[1] "Fitting mean A"
[1] "Fitting variance A"
[1] "DR"
[1] -0.2138307
[1] 0.38169
[1] 0.8461538

 0  1 
 4 22 
[1] "se comparison"
[1] 0.06649401
[1] 0.4334686
[1] 27
[1] 0.03779408
[1] 0.008493004
[1] "AdaLSE"
[1] -0.1492451
[1] 0.05753772
[1] 0.8888889

 0  1 
 3 24 
[1] "Fitting mean A"
[1] "Fitting variance A"
[1] "DR"
[1] -0.08728843
[1] 0.1340481
[1] 0.8518519

 0  1 
 4 23 
[1] "se comparison"
[1] 0.07042445
[1] 0.4283267
[1] 28
[1] 0.03779408
[1] 0.008493004
[1] "AdaLSE"
[1] 0.1225026
[1] 0.06282545
[1] 0.8928571

 0  1 
 3 25 
[1] "Fitting mean A"
[1] "Fitting variance A"
[1] "DR"
[1] 0.1257353
[1] 0.0525879
[1] 0.8214286

 0  1 
 5 23 
[1] "se comparison"
[1] 0.07390447
[1] 0.4204327
[1] 29
[1] 0.03779408
[1] 0.008493004
[1] "AdaLSE"
[1] -0.0101904
[1] 0.063736
[1] 0.8965517

 0  1 
 3 26 
[1] "Fitting mean A"
[1] "Fitting variance A"
[1] "DR"
[1] 0.06313542
[1] 0.1897773
[1] 0.8275862

 0  1 
 5 24 
[1] "se comparison"
[1] 0.07257296
[1] 0.413383
[1] 30
[1] 0.03779408
[1] 0.008493004
[1] "AdaLSE"
[1] 0.02760506
[1] 0.07181599
[1] 0.9

 0  1 
 3 27 
[1] "Fitting mean A"
[1] "Fitting variance A"
[1] "DR"
[1] 0.1294336
[1] 0.09732916
[1] 0.8333333

 0  1 
 5 25 
[1] "se comparison"
[1] 0.07166007
[1] 0.4062659
[1] 31
[1] 0.03779408
[1] 0.008493004
[1] "AdaLSE"
[1] -0.05403907
[1] 0.06403105
[1] 0.9032258

 0  1 
 3 28 
[1] "Fitting mean A"
[1] "Fitting variance A"
[1] "DR"
[1] -0.1620535
[1] 0.1949011
[1] 0.8387097

 0  1 
 5 26 
[1] "se comparison"
[1] 0.07090195
[1] 0.4038692
[1] 32
[1] 0.03779408
[1] 0.008493004
[1] "AdaLSE"
[1] -0.05796318
[1] 0.06746337
[1] 0.90625

 0  1 
 3 29 
[1] "Fitting mean A"
[1] "Fitting variance A"
[1] "DR"
[1] -0.03051051
[1] 0.2436912
[1] 0.84375

 0  1 
 5 27 
[1] "se comparison"
[1] 0.07023634
[1] 0.3987181
[1] 33
[1] 0.03779408
[1] 0.008493004
[1] "AdaLSE"
[1] 0.01557259
[1] 0.06164105
[1] 0.9090909

 0  1 
 3 30 
[1] "Fitting mean A"
[1] "Fitting variance A"
[1] "DR"
[1] 1.051479
[1] 0.6498205
[1] 0.8484848

 0  1 
 5 28 
[1] "se comparison"
[1] 0.06930516
[1] 0.4224257
[1] 34
[1] 0.03779408
[1] 0.008493004
[1] "AdaLSE"
[1] -0.08227196
[1] 0.06121659
[1] 0.9117647

 0  1 
 3 31 
[1] "Fitting mean A"
[1] "Fitting variance A"
[1] "DR"
[1] -0.09894865
[1] 0.06353232
[1] 0.8529412

 0  1 
 5 29 
[1] "se comparison"
[1] 0.06930758
[1] 0.4187319
[1] 35
[1] 0.03779408
[1] 0.008493004
[1] "AdaLSE"
[1] 0.09359675
[1] 0.06757474
[1] 0.9142857

 0  1 
 3 32 
[1] "Fitting mean A"
[1] "Fitting variance A"
[1] "DR"
[1] 0.3225069
[1] 0.2734109
[1] 0.8571429

 0  1 
 5 30 
[1] "se comparison"
[1] 0.0706577
[1] 0.4133067
[1] 36
[1] 0.03779408
[1] 0.008493004
[1] "AdaLSE"
[1] -0.09706043
[1] 0.06323802
[1] 0.9166667

 0  1 
 3 33 
[1] "Fitting mean A"
[1] "Fitting variance A"
[1] "DR"
[1] -0.02448317
[1] 0.3286509
[1] 0.8611111

 0  1 
 5 31 
[1] "se comparison"
[1] 0.07110802
[1] 0.4087382
[1] 37
[1] 0.03779408
[1] 0.008493004
[1] "AdaLSE"
[1] -0.01857803
[1] 0.05890463
[1] 0.9189189

 0  1 
 3 34 
[1] "Fitting mean A"
[1] "Fitting variance A"
[1] "DR"
[1] -0.008317111
[1] 0.05340483
[1] 0.8648649

 0  1 
 5 32 
[1] "se comparison"
[1] 0.07011895
[1] 0.4041002
[1] 38
[1] 0.03779408
[1] 0.008493004
[1] "AdaLSE"
[1] -0.03311653
[1] 0.06563547
[1] 0.9210526

 0  1 
 3 35 
[1] "Fitting mean A"
[1] "Fitting variance A"
[1] "DR"
[1] 0.06330802
[1] 0.2556497
[1] 0.8684211

 0  1 
 5 33 
[1] "se comparison"
[1] 0.06923896
[1] 0.3989522
[1] 39
[1] 0.03779408
[1] 0.008493004
[1] "AdaLSE"
[1] -0.02188545
[1] 0.05926753
[1] 0.9230769

 0  1 
 3 36 
[1] "Fitting mean A"
[1] "Fitting variance A"
[1] "DR"
[1] 0.1313612
[1] 0.3021889
[1] 0.8717949

 0  1 
 5 34 
[1] "se comparison"
[1] 0.0683338
[1] 0.3937017
[1] 40
[1] 0.03779408
[1] 0.008493004
[1] "AdaLSE"
[1] 0.003623032
[1] 0.06579067
[1] 0.925

 0  1 
 3 37 
[1] "Fitting mean A"
[1] "Fitting variance A"
[1] "DR"
[1] -0.1240062
[1] 0.3142325
[1] 0.875

 0  1 
 5 35 
[1] "se comparison"
[1] 0.06751027
[1] 0.3912582
[1] 41
[1] 0.03779408
[1] 0.008493004
[1] "AdaLSE"
[1] 0.09088028
[1] 0.06972185
[1] 0.9268293

 0  1 
 3 38 
[1] "Fitting mean A"
[1] "Fitting variance A"
[1] "DR"
[1] 0.3459588
[1] 0.1921571
[1] 0.8780488

 0  1 
 5 36 
[1] "se comparison"
[1] 0.06863136
[1] 0.3874784
[1] 42
[1] 0.03779408
[1] 0.008493004
[1] "AdaLSE"
[1] -0.08001235
[1] 0.06531311
[1] 0.9285714

 0  1 
 3 39 
[1] "Fitting mean A"
[1] "Fitting variance A"
[1] "DR"
[1] 0.1493958
[1] 0.1470155
[1] 0.8809524

 0  1 
 5 37 
[1] "se comparison"
[1] 0.06861782
[1] 0.3827276
[1] 43
[1] 0.03779408
[1] 0.008493004
[1] "AdaLSE"
[1] 0.05946809
[1] 0.06470182
[1] 0.9302326

 0  1 
 3 40 
[1] "Fitting mean A"
[1] "Fitting variance A"
[1] "DR"
[1] 0.1059518
[1] 0.07885942
[1] 0.8837209

 0  1 
 5 38 
[1] "se comparison"
[1] 0.0686848
[1] 0.3782337
[1] 44
[1] 0.03779408
[1] 0.008493004
[1] "AdaLSE"
[1] -0.02301097
[1] 0.05825878
[1] 0.9318182

 0  1 
 3 41 
[1] "Fitting mean A"
[1] "Fitting variance A"
[1] "DR"
[1] 0.1622346
[1] 0.2028525
[1] 0.8863636

 0  1 
 5 39 
[1] "se comparison"
[1] 0.06790529
[1] 0.3738101
[1] 45
[1] 0.03779408
[1] 0.008493004
[1] "AdaLSE"
[1] 0.004543558
[1] 0.06199526
[1] 0.9333333

 0  1 
 3 42 
[1] "Fitting mean A"
[1] "Fitting variance A"
[1] "DR"
[1] 0.5102306
[1] 0.2943318
[1] 0.8888889

 0  1 
 5 40 
[1] "se comparison"
[1] 0.06717098
[1] 0.3732323
[1] 46
[1] 0.03779408
[1] 0.008493004
[1] "AdaLSE"
[1] 0.01582679
[1] 0.06293053
[1] 0.9347826

 0  1 
 3 43 
[1] "Fitting mean A"
[1] "Fitting variance A"
[1] "DR"
[1] 0.1286326
[1] 0.2254028
[1] 0.8913043

 0  1 
 5 41 
[1] "se comparison"
[1] 0.06653805
[1] 0.3691045
[1] 47
[1] 0.03779408
[1] 0.008493004
[1] "AdaLSE"
[1] -0.05648334
[1] 0.06471351
[1] 0.9361702

 0  1 
 3 44 
[1] "Fitting mean A"
[1] "Fitting variance A"
[1] "DR"
[1] 0.1946259
[1] 0.35412
[1] 0.893617

 0  1 
 5 42 
[1] "se comparison"
[1] 0.0661531
[1] 0.3650946
[1] 48
[1] 0.03779408
[1] 0.008493004
[1] "AdaLSE"
[1] 0.1275986
[1] 0.05937835
[1] 0.9166667

 0  1 
 4 44 
[1] "Fitting mean A"
[1] "Fitting variance A"
[1] "DR"
[1] 0.7684552
[1] 0.2696976
[1] 0.875

 0  1 
 6 42 
[1] "se comparison"
[1] 0.06845125
[1] 0.3714955
[1] 49
[1] 0.03779408
[1] 0.008493004
[1] "AdaLSE"
[1] 0.01824868
[1] 0.05957746
[1] 0.9183673

 0  1 
 4 45 
[1] "Fitting mean A"
[1] "Fitting variance A"
[1] "DR"
[1] 0.02044514
[1] 0.1434659
[1] 0.877551

 0  1 
 6 43 
[1] "se comparison"
[1] 0.06784212
[1] 0.3683023
[1] 50
[1] 0.03779408
[1] 0.008493004
[1] "AdaLSE"
[1] -0.03126389
[1] 0.05921787
[1] 0.92

 0  1 
 4 46 
[1] "Fitting mean A"
[1] "Fitting variance A"
[1] "DR"
[1] -0.07957775
[1] 0.09456349
[1] 0.88

 0  1 
 6 44 
[1] "se comparison"
[1] 0.06722719
[1] 0.3663085
[1] 51
[1] 0.03779408
[1] 0.008493004
[1] "AdaLSE"
[1] -0.001287733
[1] 0.06669147
[1] 0.9215686

 0  1 
 4 47 
[1] "Fitting mean A"
[1] "Fitting variance A"
[1] "DR"
[1] 0.1857054
[1] 0.187938
[1] 0.8823529

 0  1 
 6 45 
[1] "se comparison"
[1] 0.06655901
[1] 0.362633
[1] 52
[1] 0.03779408
[1] 0.008493004
[1] "AdaLSE"
[1] 0.02817509
[1] 0.07831895
[1] 0.9230769

 0  1 
 4 48 
[1] "Fitting mean A"
[1] "Fitting variance A"
[1] "DR"
[1] 0.1237548
[1] 0.1344927
[1] 0.8846154

 0  1 
 6 46 
[1] "se comparison"
[1] 0.0660968
[1] 0.3591198
[1] 53
[1] 0.03779408
[1] 0.008493004
[1] "AdaLSE"
[1] 0.01188553
[1] 0.06293287
[1] 0.9245283

 0  1 
 4 49 
[1] "Fitting mean A"
[1] "Fitting variance A"
[1] "DR"
[1] 0.5588962
[1] 0.4975261
[1] 0.8867925

 0  1 
 6 47 
[1] "se comparison"
[1] 0.06551272
[1] 0.3596391
[1] 54
[1] 0.03779408
[1] 0.008493004
[1] "AdaLSE"
[1] -0.03225586
[1] 0.06667414
[1] 0.9259259

 0  1 
 4 50 
[1] "Fitting mean A"
[1] "Fitting variance A"
[1] "DR"
[1] 0.7740061
[1] 0.3025254
[1] 0.8703704

 0  1 
 7 47 
[1] "se comparison"
[1] 0.0649812
[1] 0.3653662
[1] 55
[1] 0.03779408
[1] 0.008493004
[1] "AdaLSE"
[1] -0.03232769
[1] 0.05915361
[1] 0.9272727

 0  1 
 4 51 
[1] "Fitting mean A"
[1] "Fitting variance A"
[1] "DR"
[1] 0.4753598
[1] 0.5207778
[1] 0.8727273

 0  1 
 7 48 
[1] "se comparison"
[1] 0.06446251
[1] 0.3640296
[1] 56
[1] 0.03779408
[1] 0.008493004
[1] "AdaLSE"
[1] -0.011437
[1] 0.06020782
[1] 0.9285714

 0  1 
 4 52 
[1] "Fitting mean A"
[1] "Fitting variance A"
[1] "DR"
[1] 0.1580079
[1] 0.1786169
[1] 0.875

 0  1 
 7 49 
[1] "se comparison"
[1] 0.06387534
[1] 0.3607364
[1] 57
[1] 0.03779408
[1] 0.008493004
[1] "AdaLSE"
[1] 0.0944407
[1] 0.06803649
[1] 0.9298246

 0  1 
 4 53 
[1] "Fitting mean A"
[1] "Fitting variance A"
[1] "DR"
[1] 0.4858897
[1] 0.2650294
[1] 0.877193

 0  1 
 7 50 
[1] "se comparison"
[1] 0.06474526
[1] 0.3596
[1] 58
[1] 0.03779408
[1] 0.008493004
[1] "AdaLSE"
[1] -0.07237284
[1] 0.06055925
[1] 0.9310345

 0  1 
 4 54 
[1] "Fitting mean A"
[1] "Fitting variance A"
[1] "DR"
[1] 0.3129964
[1] 0.3975129
[1] 0.8793103

 0  1 
 7 51 
[1] "se comparison"
[1] 0.06475722
[1] 0.3567507
[1] 59
[1] 0.03779408
[1] 0.008493004
[1] "AdaLSE"
[1] 0.0211099
[1] 0.0586473
[1] 0.9322034

 0  1 
 4 55 
[1] "Fitting mean A"
[1] "Fitting variance A"
[1] "DR"
[1] 0.2568949
[1] 0.1264185
[1] 0.8644068

 0  1 
 8 51 
[1] "se comparison"
[1] 0.06430462
[1] 0.3537392
[1] 60
[1] 0.03779408
[1] 0.008493004
[1] "AdaLSE"
[1] -0.159211
[1] 0.05888943
[1] 0.9166667

 0  1 
 5 55 
[1] "Fitting mean A"
[1] "Fitting variance A"
[1] "DR"
[1] -0.2981942
[1] 0.1181031
[1] 0.85

 0  1 
 9 51 
[1] "se comparison"
[1] 0.06671566
[1] 0.3566018
[1] 61
[1] 0.03779408
[1] 0.008493004
[1] "AdaLSE"
[1] -0.0248944
[1] 0.05824117
[1] 0.9180328

 0  1 
 5 56 
[1] "Fitting mean A"
[1] "Fitting variance A"
[1] "DR"
[1] 0.05549001
[1] 0.1039247
[1] 0.852459

 0  1 
 9 52 
[1] "se comparison"
[1] 0.06618647
[1] 0.3540541
[1] 62
[1] 0.03779408
[1] 0.008493004
[1] "AdaLSE"
[1] 0.07203608
[1] 0.06080688
[1] 0.9193548

 0  1 
 5 57 
[1] "Fitting mean A"
[1] "Fitting variance A"
[1] "DR"
[1] -0.03111749
[1] 0.1802493
[1] 0.8548387

 0  1 
 9 53 
[1] "se comparison"
[1] 0.06645977
[1] 0.3522661
[1] 63
[1] 0.03779408
[1] 0.008493004
[1] "AdaLSE"
[1] -0.07405797
[1] 0.06078248
[1] 0.9206349

 0  1 
 5 58 
[1] "Fitting mean A"
[1] "Fitting variance A"
[1] "DR"
[1] 0.01553567
[1] 0.1200028
[1] 0.8571429

 0  1 
 9 54 
[1] "se comparison"
[1] 0.06643707
[1] 0.3500802
[1] 64
[1] 0.03779408
[1] 0.008493004
[1] "AdaLSE"
[1] -0.0319952
[1] 0.05882561
[1] 0.921875

 0  1 
 5 59 
[1] "Fitting mean A"
[1] "Fitting variance A"
[1] "DR"
[1] 0.1168917
[1] 0.1909056
[1] 0.859375

 0  1 
 9 55 
[1] "se comparison"
[1] 0.06596744
[1] 0.3473926
[1] 65
[1] 0.03779408
[1] 0.008493004
[1] "AdaLSE"
[1] 0.02264014
[1] 0.06524154
[1] 0.9230769

 0  1 
 5 60 
[1] "Fitting mean A"
[1] "Fitting variance A"
[1] "DR"
[1] 0.1840809
[1] 0.2436289
[1] 0.8615385

 0  1 
 9 56 
[1] "se comparison"
[1] 0.06557428
[1] 0.3446679
[1] 66
[1] 0.03779408
[1] 0.008493004
[1] "AdaLSE"
[1] 0.01499137
[1] 0.05874604
[1] 0.9242424

 0  1 
 5 61 
[1] "Fitting mean A"
[1] "Fitting variance A"
[1] "DR"
[1] 0.3257199
[1] 0.1951132
[1] 0.8636364

 0  1 
 9 57 
[1] "se comparison"
[1] 0.06513708
[1] 0.3424562
[1] 67
[1] 0.03779408
[1] 0.008493004
[1] "AdaLSE"
[1] 0.1238
[1] 0.06388363
[1] 0.9253731

 0  1 
 5 62 
[1] "Fitting mean A"
[1] "Fitting variance A"
[1] "DR"
[1] 0.1134612
[1] 0.2134583
[1] 0.8656716

 0  1 
 9 58 
[1] "se comparison"
[1] 0.06664722
[1] 0.3399653
[1] 68
[1] 0.03779408
[1] 0.008493004
[1] "AdaLSE"
[1] 0.07556539
[1] 0.06506532
[1] 0.9264706

 0  1 
 5 63 
[1] "Fitting mean A"
[1] "Fitting variance A"
[1] "DR"
[1] 0.6294037
[1] 0.3781216
[1] 0.8676471

 0  1 
 9 59 
[1] "se comparison"
[1] 0.06690215
[1] 0.3417098
[1] 69
[1] 0.03779408
[1] 0.008493004
[1] "AdaLSE"
[1] -0.02958529
[1] 0.06012285
[1] 0.9275362

 0  1 
 5 64 
[1] "Fitting mean A"
[1] "Fitting variance A"
[1] "DR"
[1] -0.03557591
[1] 0.05074758
[1] 0.8695652

 0  1 
 9 60 
[1] "se comparison"
[1] 0.06646998
[1] 0.3402809
[1] 70
[1] 0.03779408
[1] 0.008493004
[1] "AdaLSE"
[1] 0.03156974
[1] 0.06168678
[1] 0.9285714

 0  1 
 5 65 
[1] "Fitting mean A"
[1] "Fitting variance A"
[1] "DR"
[1] 0.6286632
[1] 0.3305724
[1] 0.8714286

 0  1 
 9 61 
[1] "se comparison"
[1] 0.06614053
[1] 0.3418964
[1] 71
[1] 0.03779408
[1] 0.008493004
[1] "AdaLSE"
[1] -0.05568672
[1] 0.05823098
[1] 0.9295775

 0  1 
 5 66 
[1] "Fitting mean A"
[1] "Fitting variance A"
[1] "DR"
[1] 0.1047692
[1] 0.1486979
[1] 0.8732394

 0  1 
 9 62 
[1] "se comparison"
[1] 0.06593459
[1] 0.3396099
[1] 72
[1] 0.03779408
[1] 0.008493004
[1] "AdaLSE"
[1] -0.05032015
[1] 0.06182177
[1] 0.9305556

 0  1 
 5 67 
[1] "Fitting mean A"
[1] "Fitting variance A"
[1] "DR"
[1] -0.8645357
[1] 1.009328
[1] 0.875

 0  1 
 9 63 
[1] "se comparison"
[1] 0.06567353
[1] 0.3594867
[1] 73
[1] 0.03779408
[1] 0.008493004
[1] "AdaLSE"
[1] -0.04786177
[1] 0.0652675
[1] 0.9315068

 0  1 
 5 68 
[1] "Fitting mean A"
[1] "Fitting variance A"
[1] "DR"
[1] 0.1250709
[1] 0.2172002
[1] 0.8767123

 0  1 
 9 64 
[1] "se comparison"
[1] 0.06539148
[1] 0.357035
[1] 74
[1] 0.03779408
[1] 0.008493004
[1] "AdaLSE"
[1] 0.04731253
[1] 0.06906367
[1] 0.9324324

 0  1 
 5 69 
[1] "Fitting mean A"
[1] "Fitting variance A"
[1] "DR"
[1] 0.1565024
[1] 0.312042
[1] 0.8783784

 0  1 
 9 65 
[1] "se comparison"
[1] 0.06525393
[1] 0.3545893
[1] 75
[1] 0.03779408
[1] 0.008493004
[1] "AdaLSE"
[1] 0.04993581
[1] 0.06451994
[1] 0.9333333

 0  1 
 5 70 
[1] "Fitting mean A"
[1] "Fitting variance A"
[1] "DR"
[1] 0.2950298
[1] 0.2740786
[1] 0.88

 0  1 
 9 66 
[1] "se comparison"
[1] 0.06514137
[1] 0.3524494
[1] 76
[1] 0.03779408
[1] 0.008493004
[1] "AdaLSE"
[1] 0.005887667
[1] 0.06404343
[1] 0.9342105

 0  1 
 5 71 
[1] "Fitting mean A"
[1] "Fitting variance A"
[1] "DR"
[1] 0.6372413
[1] 0.5810852
[1] 0.8815789

 0  1 
 9 67 
[1] "se comparison"
[1] 0.06472003
[1] 0.3540253
[1] 77
[1] 0.03779408
[1] 0.008493004
[1] "AdaLSE"
[1] -0.01617883
[1] 0.06517516
[1] 0.9350649

 0  1 
 5 72 
[1] "Fitting mean A"
[1] "Fitting variance A"
[1] "DR"
[1] 0.667197
[1] 0.3585494
[1] 0.8831169

 0  1 
 9 68 
[1] "se comparison"
[1] 0.0643036
[1] 0.3559646
[1] 78
[1] 0.03779408
[1] 0.008493004
[1] "AdaLSE"
[1] -0.04750281
[1] 0.06167757
[1] 0.9358974

 0  1 
 5 73 
[1] "Fitting mean A"
[1] "Fitting variance A"
[1] "DR"
[1] 0.1212604
[1] 0.09504383
[1] 0.8846154

 0  1 
 9 69 
[1] "se comparison"
[1] 0.0640574
[1] 0.3537331
[1] 79
[1] 0.03779408
[1] 0.008493004
[1] "AdaLSE"
[1] 0.03905871
[1] 0.06667711
[1] 0.9367089

 0  1 
 5 74 
[1] "Fitting mean A"
[1] "Fitting variance A"
[1] "DR"
[1] -0.05105959
[1] 0.1345166
[1] 0.8860759

 0  1 
 9 70 
[1] "se comparison"
[1] 0.06385168
[1] 0.3525021
[1] 80
[1] 0.03779408
[1] 0.008493004
[1] "AdaLSE"
[1] -0.0320054
[1] 0.06275516
[1] 0.9375

 0  1 
 5 75 
[1] "Fitting mean A"
[1] "Fitting variance A"
[1] "DR"
[1] -0.00707153
[1] 0.06163883
[1] 0.8875

 0  1 
 9 71 
[1] "se comparison"
[1] 0.06351316
[1] 0.3509341
[1] 81
[1] 0.03779408
[1] 0.008493004
[1] "AdaLSE"
[1] 0.01965774
[1] 0.05946988
[1] 0.9382716

 0  1 
 5 76 
[1] "Fitting mean A"
[1] "Fitting variance A"
[1] "DR"
[1] -0.08452657
[1] 0.1600207
[1] 0.8888889

 0  1 
 9 72 
[1] "se comparison"
[1] 0.06318065
[1] 0.3500116
[1] 82
[1] 0.03779408
[1] 0.008493004
[1] "AdaLSE"
[1] -0.07676847
[1] 0.06007389
[1] 0.9390244

 0  1 
 5 77 
[1] "Fitting mean A"
[1] "Fitting variance A"
[1] "DR"
[1] -0.01935658
[1] 0.0583168
[1] 0.8902439

 0  1 
 9 73 
[1] "se comparison"
[1] 0.06327465
[1] 0.3485478
[1] 83
[1] 0.03779408
[1] 0.008493004
[1] "AdaLSE"
[1] -0.03527802
[1] 0.06586434
[1] 0.939759

 0  1 
 5 78 
[1] "Fitting mean A"
[1] "Fitting variance A"
[1] "DR"
[1] 0.07786987
[1] 0.1552574
[1] 0.8915663

 0  1 
 9 74 
[1] "se comparison"
[1] 0.06296523
[1] 0.3465925
[1] 84
[1] 0.03779408
[1] 0.008493004
[1] "AdaLSE"
[1] -0.01353466
[1] 0.05884725
[1] 0.9404762

 0  1 
 5 79 
[1] "Fitting mean A"
[1] "Fitting variance A"
[1] "DR"
[1] -0.02620547
[1] 0.1769347
[1] 0.8928571

 0  1 
 9 75 
[1] "se comparison"
[1] 0.06258865
[1] 0.3452139
[1] 85
[1] 0.03779408
[1] 0.008493004
[1] "AdaLSE"
[1] -0.0408125
[1] 0.06262754
[1] 0.9411765

 0  1 
 5 80 
[1] "Fitting mean A"
[1] "Fitting variance A"
[1] "DR"
[1] 0.09903578
[1] 0.1175181
[1] 0.8941176

 0  1 
 9 76 
[1] "se comparison"
[1] 0.06232152
[1] 0.3432518
[1] 86
[1] 0.03779408
[1] 0.008493004
[1] "AdaLSE"
[1] 0.02103878
[1] 0.0619933
[1] 0.9418605

 0  1 
 5 81 
[1] "Fitting mean A"
[1] "Fitting variance A"
[1] "DR"
[1] 0.4591423
[1] 0.334183
[1] 0.8953488

 0  1 
 9 77 
[1] "se comparison"
[1] 0.06203089
[1] 0.3426083
[1] 87
[1] 0.03779408
[1] 0.008493004
[1] "AdaLSE"
[1] -0.01797832
[1] 0.06382032
[1] 0.9425287

 0  1 
 5 82 
[1] "Fitting mean A"
[1] "Fitting variance A"
[1] "DR"
[1] 0.07691895
[1] 0.2182025
[1] 0.8965517

 0  1 
 9 78 
[1] "se comparison"
[1] 0.06167984
[1] 0.3407809
[1] 88
[1] 0.03779408
[1] 0.008493004
[1] "AdaLSE"
[1] -0.1372429
[1] 0.06196449
[1] 0.9318182

 0  1 
 6 82 
[1] "Fitting mean A"
[1] "Fitting variance A"
[1] "DR"
[1] -0.1855176
[1] 0.1658625
[1] 0.8977273

 0  1 
 9 79 
[1] "se comparison"
[1] 0.06286665
[1] 0.3410045
[1] 89
[1] 0.03779408
[1] 0.008493004
[1] "AdaLSE"
[1] -0.06788546
[1] 0.06280794
[1] 0.9325843

 0  1 
 6 83 
[1] "Fitting mean A"
[1] "Fitting variance A"
[1] "DR"
[1] 0.2258835
[1] 0.2071926
[1] 0.8988764

 0  1 
 9 80 
[1] "se comparison"
[1] 0.06282047
[1] 0.3391093
[1] 90
[1] 0.03779408
[1] 0.008493004
[1] "AdaLSE"
[1] -0.01730748
[1] 0.06204267
[1] 0.9333333

 0  1 
 6 84 
[1] "Fitting mean A"
[1] "Fitting variance A"
[1] "DR"
[1] 0.5295832
[1] 0.2459559
[1] 0.8888889

 0  1 
10 80 
[1] "se comparison"
[1] 0.0624719
[1] 0.3392901
[1] 91
[1] 0.03779408
[1] 0.008493004
[1] "AdaLSE"
[1] 0.01635349
[1] 0.06145083
[1] 0.9340659

 0  1 
 6 85 
[1] "Fitting mean A"
[1] "Fitting variance A"
[1] "DR"
[1] -0.02099538
[1] 0.1909916
[1] 0.8901099

 0  1 
10 81 
[1] "se comparison"
[1] 0.06218358
[1] 0.3380359
[1] 92
[1] 0.03779408
[1] 0.008493004
[1] "AdaLSE"
[1] 0.08913054
[1] 0.05935441
[1] 0.9347826

 0  1 
 6 86 
[1] "Fitting mean A"
[1] "Fitting variance A"
[1] "DR"
[1] 0.2710953
[1] 0.2176033
[1] 0.8913043

 0  1 
10 82 
[1] "se comparison"
[1] 0.06268754
[1] 0.3363241
[1] 93
[1] 0.03779408
[1] 0.008493004
[1] "AdaLSE"
[1] 0.09126968
[1] 0.06355725
[1] 0.9354839

 0  1 
 6 87 
[1] "Fitting mean A"
[1] "Fitting variance A"
[1] "DR"
[1] 0.242017
[1] 0.1064147
[1] 0.8817204

 0  1 
11 82 
[1] "se comparison"
[1] 0.06319477
[1] 0.3345622
[1] 94
[1] 0.03779408
[1] 0.008493004
[1] "AdaLSE"
[1] 0.08389443
[1] 0.06169639
[1] 0.9361702

 0  1 
 6 88 
[1] "Fitting mean A"
[1] "Fitting variance A"
[1] "DR"
[1] 0.08495762
[1] 0.05273587
[1] 0.8829787

 0  1 
11 83 
[1] "se comparison"
[1] 0.06355263
[1] 0.332892
[1] 95
[1] 0.03779408
[1] 0.008493004
[1] "AdaLSE"
[1] 0.07886058
[1] 0.0641296
[1] 0.9368421

 0  1 
 6 89 
[1] "Fitting mean A"
[1] "Fitting variance A"
[1] "DR"
[1] 0.3207575
[1] 0.1848678
[1] 0.8842105

 0  1 
11 84 
[1] "se comparison"
[1] 0.06381384
[1] 0.3314525
[1] 96
[1] 0.03779408
[1] 0.008493004
[1] "AdaLSE"
[1] -0.01912649
[1] 0.06888956
[1] 0.9375

 0  1 
 6 90 
[1] "Fitting mean A"
[1] "Fitting variance A"
[1] "DR"
[1] 0.1133466
[1] 0.3724153
[1] 0.8854167

 0  1 
11 85 
[1] "se comparison"
[1] 0.06349267
[1] 0.3297671
[1] 97
[1] 0.03779408
[1] 0.008493004
[1] "AdaLSE"
[1] -0.02105011
[1] 0.05713244
[1] 0.9381443

 0  1 
 6 91 
[1] "Fitting mean A"
[1] "Fitting variance A"
[1] "DR"
[1] 0.01028171
[1] 0.0544769
[1] 0.8865979

 0  1 
11 86 
[1] "se comparison"
[1] 0.06318087
[1] 0.3284774
[1] 98
[1] 0.03779408
[1] 0.008493004
[1] "AdaLSE"
[1] -0.09183643
[1] 0.06165171
[1] 0.9387755

 0  1 
 6 92 
[1] "Fitting mean A"
[1] "Fitting variance A"
[1] "DR"
[1] -0.1254706
[1] 0.06242812
[1] 0.877551

 0  1 
12 86 
[1] "se comparison"
[1] 0.06345444
[1] 0.3281816
[1] 99
[1] 0.03779408
[1] 0.008493004
[1] "AdaLSE"
[1] 0.09683817
[1] 0.06635549
[1] 0.9393939

 0  1 
 6 93 
[1] "Fitting mean A"
[1] "Fitting variance A"
[1] "DR"
[1] 0.3733118
[1] 0.2328003
[1] 0.8787879

 0  1 
12 87 
[1] "se comparison"
[1] 0.06397897
[1] 0.3271328
[1] 100
[1] 0.03779408
[1] 0.008493004
[1] "AdaLSE"
[1] -0.1383951
[1] 0.0576314
[1] 0.93

 0  1 
 7 93 
[1] "Fitting mean A"
[1] "Fitting variance A"
[1] "DR"
[1] -0.1081219
[1] 0.05505737
[1] 0.87

 0  1 
13 87 
[1] "se comparison"
[1] 0.06502777
[1] 0.3266923
[1] 101
[1] 0.03779408
[1] 0.008493004
[1] "AdaLSE"
[1] -0.009664455
[1] 0.05968189
[1] 0.9306931

 0  1 
 7 94 
[1] "Fitting mean A"
[1] "Fitting variance A"
[1] "DR"
[1] 0.2431609
[1] 0.2940851
[1] 0.8712871

 0  1 
13 88 
[1] "se comparison"
[1] 0.06470244
[1] 0.3251347
[1] 102
[1] 0.03779408
[1] 0.008493004
[1] "AdaLSE"
[1] 0.06192865
[1] 0.07341345
[1] 0.9313725

 0  1 
 7 95 
[1] "Fitting mean A"
[1] "Fitting variance A"
[1] "DR"
[1] 0.333504
[1] 0.6265824
[1] 0.872549

 0  1 
13 89 
[1] "se comparison"
[1] 0.06474043
[1] 0.3239192
[1] 103
[1] 0.03779408
[1] 0.008493004
[1] "AdaLSE"
[1] -0.08460791
[1] 0.06633494
[1] 0.9320388

 0  1 
 7 96 
[1] "Fitting mean A"
[1] "Fitting variance A"
[1] "DR"
[1] -0.2516086
[1] 0.3073403
[1] 0.8737864

 0  1 
13 90 
[1] "se comparison"
[1] 0.06488426
[1] 0.3250309
[1] 104
[1] 0.03779408
[1] 0.008493004
[1] "AdaLSE"
[1] -0.1007945
[1] 0.06345286
[1] 0.9326923

 0  1 
 7 97 
[1] "Fitting mean A"
[1] "Fitting variance A"
[1] "DR"
[1] 0.06596768
[1] 0.09875113
[1] 0.875

 0  1 
13 91 
[1] "se comparison"
[1] 0.06522124
[1] 0.3236065
[1] 105
[1] 0.03779408
[1] 0.008493004
[1] "AdaLSE"
[1] -0.00373031
[1] 0.05791997
[1] 0.9333333

 0  1 
 7 98 
[1] "Fitting mean A"
[1] "Fitting variance A"
[1] "DR"
[1] -0.08344563
[1] 0.1096181
[1] 0.8761905

 0  1 
13 92 
[1] "se comparison"
[1] 0.06490815
[1] 0.3229794
[1] 106
[1] 0.03779408
[1] 0.008493004
[1] "AdaLSE"
[1] -0.07335348
[1] 0.06554506
[1] 0.9339623

 0  1 
 7 99 
[1] "Fitting mean A"
[1] "Fitting variance A"
[1] "DR"
[1] 0.6721798
[1] 0.4232628
[1] 0.8773585

 0  1 
13 93 
[1] "se comparison"
[1] 0.06491141
[1] 0.3251838
[1] 107
[1] 0.03779408
[1] 0.008493004
[1] "AdaLSE"
[1] -0.1053827
[1] 0.06587531
[1] 0.9345794

  0   1 
  7 100 
[1] "Fitting mean A"
[1] "Fitting variance A"
[1] "DR"
[1] -0.2716765
[1] 0.3608591
[1] 0.8785047

 0  1 
13 94 
[1] "se comparison"
[1] 0.06528111
[1] 0.3264538
[1] 108
[1] 0.03779408
[1] 0.008493004
[1] "AdaLSE"
[1] 0.0008713812
[1] 0.06561814
[1] 0.9351852

  0   1 
  7 101 
[1] "Fitting mean A"
[1] "Fitting variance A"
[1] "DR"
[1] 0.02610842
[1] 0.06362162
[1] 0.8796296

 0  1 
13 95 
[1] "se comparison"
[1] 0.06498274
[1] 0.3252038
[1] 109
[1] 0.03779408
[1] 0.008493004
[1] "AdaLSE"
[1] -0.07831478
[1] 0.06178159
[1] 0.9357798

  0   1 
  7 102 
[1] "Fitting mean A"
[1] "Fitting variance A"
[1] "DR"
[1] 0.2941454
[1] 0.3690033
[1] 0.8807339

 0  1 
13 96 
[1] "se comparison"
[1] 0.06501885
[1] 0.3239317
[1] 110
[1] 0.03779408
[1] 0.008493004
[1] "AdaLSE"
[1] 0.06506531
[1] 0.06865669
[1] 0.9363636

  0   1 
  7 103 
[1] "Fitting mean A"
[1] "Fitting variance A"
[1] "DR"
[1] 0.1916595
[1] 0.1840115
[1] 0.8818182

 0  1 
13 97 
[1] "se comparison"
[1] 0.06511296
[1] 0.3224517
[1] 111
[1] 0.03779408
[1] 0.008493004
[1] "AdaLSE"
[1] -0.01412304
[1] 0.06399319
[1] 0.9369369

  0   1 
  7 104 
[1] "Fitting mean A"
[1] "Fitting variance A"
[1] "DR"
[1] -0.0145892
[1] 0.06024654
[1] 0.8828829

 0  1 
13 98 
[1] "se comparison"
[1] 0.06481802
[1] 0.3214411
[1] 112
[1] 0.03779408
[1] 0.008493004
[1] "AdaLSE"
[1] -0.008648802
[1] 0.0618717
[1] 0.9375

  0   1 
  7 105 
[1] "Fitting mean A"
[1] "Fitting variance A"
[1] "DR"
[1] 0.1348663
[1] 0.1695432
[1] 0.8839286

 0  1 
13 99 
[1] "se comparison"
[1] 0.06452541
[1] 0.3200023
[1] 113
[1] 0.03779408
[1] 0.008493004
[1] "AdaLSE"
[1] -0.06036992
[1] 0.06155089
[1] 0.9380531

  0   1 
  7 106 
[1] "Fitting mean A"
[1] "Fitting variance A"
[1] "DR"
[1] 0.1086834
[1] 0.2977753
[1] 0.8849558

  0   1 
 13 100 
[1] "se comparison"
[1] 0.0644167
[1] 0.3186135
[1] 114
[1] 0.03779408
[1] 0.008493004
[1] "AdaLSE"
[1] -0.08191047
[1] 0.06306804
[1] 0.9385965

  0   1 
  7 107 
[1] "Fitting mean A"
[1] "Fitting variance A"
[1] "DR"
[1] -1.25777
[1] 1.201311
[1] 0.8859649

  0   1 
 13 101 
[1] "se comparison"
[1] 0.06448696
[1] 0.3440119
[1] 115
[1] 0.03779408
[1] 0.008493004
[1] "AdaLSE"
[1] -0.1523777
[1] 0.06612617
[1] 0.9304348

  0   1 
  8 107 
[1] "Fitting mean A"
[1] "Fitting variance A"
[1] "DR"
[1] 0.1728407
[1] 0.2789554
[1] 0.8869565

  0   1 
 13 102 
[1] "se comparison"
[1] 0.06555619
[1] 0.3425056
[1] 116
[1] 0.03779408
[1] 0.008493004
[1] "AdaLSE"
[1] -0.05441802
[1] 0.05821302
[1] 0.9310345

  0   1 
  8 108 
[1] "Fitting mean A"
[1] "Fitting variance A"
[1] "DR"
[1] -0.01625814
[1] 0.05996954
[1] 0.887931

  0   1 
 13 103 
[1] "se comparison"
[1] 0.06539185
[1] 0.341369
[1] 117
[1] 0.03779408
[1] 0.008493004
[1] "AdaLSE"
[1] -0.09441109
[1] 0.0680566
[1] 0.9316239

  0   1 
  8 109 
[1] "Fitting mean A"
[1] "Fitting variance A"
[1] "DR"
[1] 0.1828988
[1] 0.2112595
[1] 0.8888889

  0   1 
 13 104 
[1] "se comparison"
[1] 0.06555463
[1] 0.3399079
[1] 118
[1] 0.03779408
[1] 0.008493004
[1] "AdaLSE"
[1] -0.07308419
[1] 0.06155237
[1] 0.9322034

  0   1 
  8 110 
[1] "Fitting mean A"
[1] "Fitting variance A"
[1] "DR"
[1] -0.1118648
[1] 0.3059603
[1] 0.8898305

  0   1 
 13 105 
[1] "se comparison"
[1] 0.06551083
[1] 0.3393122
[1] 119
[1] 0.03779408
[1] 0.008493004
[1] "AdaLSE"
[1] 0.04324185
[1] 0.06194655
[1] 0.9327731

  0   1 
  8 111 
[1] "Fitting mean A"
[1] "Fitting variance A"
[1] "DR"
[1] 0.06236711
[1] 0.05724302
[1] 0.8907563

  0   1 
 13 106 
[1] "se comparison"
[1] 0.06543698
[1] 0.3379629
[1] 120
[1] 0.03779408
[1] 0.008493004
[1] "AdaLSE"
[1] 0.03439499
[1] 0.06340801
[1] 0.9333333

  0   1 
  8 112 
[1] "Fitting mean A"
[1] "Fitting variance A"
[1] "DR"
[1] 0.08731615
[1] 0.1081555
[1] 0.8916667

  0   1 
 13 107 
[1] "se comparison"
[1] 0.06530284
[1] 0.3365847
[1] 121
[1] 0.03779408
[1] 0.008493004
[1] "AdaLSE"
[1] -0.07591257
[1] 0.06113796
[1] 0.9338843

  0   1 
  8 113 
[1] "Fitting mean A"
[1] "Fitting variance A"
[1] "DR"
[1] 0.2121983
[1] 0.4270271
[1] 0.892562

  0   1 
 13 108 
[1] "se comparison"
[1] 0.06528712
[1] 0.3352318
[1] 122
[1] 0.03779408
[1] 0.008493004
[1] "AdaLSE"
[1] 0.1055608
[1] 0.06365328
[1] 0.9344262

  0   1 
  8 114 
[1] "Fitting mean A"
[1] "Fitting variance A"
[1] "DR"
[1] 0.1138568
[1] 0.08382492
[1] 0.8934426

  0   1 
 13 109 
[1] "se comparison"
[1] 0.06589373
[1] 0.3338575
[1] 123
[1] 0.03779408
[1] 0.008493004
[1] "AdaLSE"
[1] -0.02564941
[1] 0.0620698
[1] 0.9349593

  0   1 
  8 115 
[1] "Fitting mean A"
[1] "Fitting variance A"
[1] "DR"
[1] 0.05981141
[1] 0.1113879
[1] 0.8943089

  0   1 
 13 110 
[1] "se comparison"
[1] 0.06563498
[1] 0.3325798
[1] 124
[1] 0.03779408
[1] 0.008493004
[1] "AdaLSE"
[1] -0.08592493
[1] 0.06199344
[1] 0.9354839

  0   1 
  8 116 
[1] "Fitting mean A"
[1] "Fitting variance A"
[1] "DR"
[1] 0.4370413
[1] 0.2945772
[1] 0.8951613

  0   1 
 13 111 
[1] "se comparison"
[1] 0.06570452
[1] 0.3322512
[1] 125
[1] 0.03779408
[1] 0.008493004
[1] "AdaLSE"
[1] -0.082087
[1] 0.0633859
[1] 0.936

  0   1 
  8 117 
[1] "Fitting mean A"
[1] "Fitting variance A"
[1] "DR"
[1] -0.0202244
[1] 0.07170145
[1] 0.896

  0   1 
 13 112 
[1] "se comparison"
[1] 0.06573416
[1] 0.3312541
[1] 126
[1] 0.03779408
[1] 0.008493004
[1] "AdaLSE"
[1] -0.03864884
[1] 0.06579173
[1] 0.9365079

  0   1 
  8 118 
[1] "Fitting mean A"
[1] "Fitting variance A"
[1] "DR"
[1] 0.2667114
[1] 0.1487422
[1] 0.8968254

  0   1 
 13 113 
[1] "se comparison"
[1] 0.0655103
[1] 0.3300973
[1] 127
[1] 0.03779408
[1] 0.008493004
[1] "AdaLSE"
[1] -0.0957637
[1] 0.06048281
[1] 0.9370079

  0   1 
  8 119 
[1] "Fitting mean A"
[1] "Fitting variance A"
[1] "DR"
[1] -0.06935873
[1] 0.1491399
[1] 0.8976378

  0   1 
 13 114 
[1] "se comparison"
[1] 0.06565901
[1] 0.3293523
[1] 128
[1] 0.03779408
[1] 0.008493004
[1] "AdaLSE"
[1] -0.1841621
[1] 0.05937998
[1] 0.9296875

  0   1 
  9 119 
[1] "Fitting mean A"
[1] "Fitting variance A"
[1] "DR"
[1] -0.184353
[1] 0.1035704
[1] 0.8984375

  0   1 
 13 115 
[1] "se comparison"
[1] 0.06710848
[1] 0.3293557
[1] 129
[1] 0.03779408
[1] 0.008493004
[1] "AdaLSE"
[1] 0.03244824
[1] 0.06581455
[1] 0.9302326

  0   1 
  9 120 
[1] "Fitting mean A"
[1] "Fitting variance A"
[1] "DR"
[1] 0.1549311
[1] 0.2328164
[1] 0.8992248

  0   1 
 13 116 
[1] "se comparison"
[1] 0.06697768
[1] 0.328068
[1] 130
[1] 0.03779408
[1] 0.008493004
[1] "AdaLSE"
[1] -0.08159133
[1] 0.06438855
[1] 0.9307692

  0   1 
  9 121 
[1] "Fitting mean A"
[1] "Fitting variance A"
[1] "DR"
[1] -0.1220419
[1] 0.06665515
[1] 0.9

  0   1 
 13 117 
[1] "se comparison"
[1] 0.06697354
[1] 0.3276273
[1] 131
[1] 0.03779408
[1] 0.008493004
[1] "AdaLSE"
[1] -0.05246478
[1] 0.06410133
[1] 0.9312977

  0   1 
  9 122 
[1] "Fitting mean A"
[1] "Fitting variance A"
[1] "DR"
[1] -0.05568463
[1] 0.06757076
[1] 0.9007634

  0   1 
 13 118 
[1] "se comparison"
[1] 0.06679397
[1] 0.3268223
[1] 132
[1] 0.03779408
[1] 0.008493004
[1] "AdaLSE"
[1] -0.1225488
[1] 0.06341017
[1] 0.9242424

  0   1 
 10 122 
[1] "Fitting mean A"
[1] "Fitting variance A"
[1] "DR"
[1] -0.1045058
[1] 0.1539665
[1] 0.9015152

  0   1 
 13 119 
[1] "se comparison"
[1] 0.06718545
[1] 0.326271
[1] 133
[1] 0.03779408
[1] 0.008493004
[1] "AdaLSE"
[1] -0.1071513
[1] 0.06267132
[1] 0.924812

  0   1 
 10 123 
[1] "Fitting mean A"
[1] "Fitting variance A"
[1] "DR"
[1] 0.1620252
[1] 0.1871756
[1] 0.9022556

  0   1 
 13 120 
[1] "se comparison"
[1] 0.06739047
[1] 0.325039
[1] 134
[1] 0.03779408
[1] 0.008493004
[1] "AdaLSE"
[1] 0.02811365
[1] 0.05974801
[1] 0.9253731

  0   1 
 10 124 
[1] "Fitting mean A"
[1] "Fitting variance A"
[1] "DR"
[1] 0.8874921
[1] 0.8042034
[1] 0.9029851

  0   1 
 13 121 
[1] "se comparison"
[1] 0.06725057
[1] 0.3302077
[1] 135
[1] 0.03779408
[1] 0.008493004
[1] "AdaLSE"
[1] 0.01657363
[1] 0.0613773
[1] 0.9259259

  0   1 
 10 125 
[1] "Fitting mean A"
[1] "Fitting variance A"
[1] "DR"
[1] 0.1709547
[1] 0.2141179
[1] 0.9037037

  0   1 
 13 122 
[1] "se comparison"
[1] 0.06706087
[1] 0.3289811
[1] 136
[1] 0.03779408
[1] 0.008493004
[1] "AdaLSE"
[1] 0.03483716
[1] 0.0596007
[1] 0.9264706

  0   1 
 10 126 
[1] "Fitting mean A"
[1] "Fitting variance A"
[1] "DR"
[1] 0.08076992
[1] 0.06406315
[1] 0.9044118

  0   1 
 13 123 
[1] "se comparison"
[1] 0.06695744
[1] 0.3278063
[1] 137
[1] 0.03779408
[1] 0.008493004
[1] "AdaLSE"
[1] 0.0864658
[1] 0.06272628
[1] 0.9270073

  0   1 
 10 127 
[1] "Fitting mean A"
[1] "Fitting variance A"
[1] "DR"
[1] 0.4235381
[1] 0.2339064
[1] 0.9051095

  0   1 
 13 124 
[1] "se comparison"
[1] 0.06728518
[1] 0.3274692
[1] 138
[1] 0.03779408
[1] 0.008493004
[1] "AdaLSE"
[1] 0.03748749
[1] 0.06299752
[1] 0.9275362

  0   1 
 10 128 
[1] "Fitting mean A"
[1] "Fitting variance A"
[1] "DR"
[1] -0.06248426
[1] 0.1476104
[1] 0.9057971

  0   1 
 13 125 
[1] "se comparison"
[1] 0.06719055
[1] 0.3267557
[1] 139
[1] 0.03779408
[1] 0.008493004
[1] "AdaLSE"
[1] -0.094848
[1] 0.06409218
[1] 0.9280576

  0   1 
 10 129 
[1] "Fitting mean A"
[1] "Fitting variance A"
[1] "DR"
[1] -0.04318269
[1] 0.1341914
[1] 0.9064748

  0   1 
 13 126 
[1] "se comparison"
[1] 0.06728765
[1] 0.3259599
[1] 140
[1] 0.03779408
[1] 0.008493004
[1] "AdaLSE"
[1] -0.03402865
[1] 0.06012549
[1] 0.9285714

  0   1 
 10 130 
[1] "Fitting mean A"
[1] "Fitting variance A"
[1] "DR"
[1] -0.0009374135
[1] 0.0502187
[1] 0.9071429

  0   1 
 13 127 
[1] "se comparison"
[1] 0.06706315
[1] 0.3250145
[1] 141
[1] 0.03779408
[1] 0.008493004
[1] "AdaLSE"
[1] -0.1181035
[1] 0.06391414
[1] 0.9219858

  0   1 
 11 130 
[1] "Fitting mean A"
[1] "Fitting variance A"
[1] "DR"
[1] -0.6205419
[1] 0.5365913
[1] 0.9078014

  0   1 
 13 128 
[1] "se comparison"
[1] 0.06737643
[1] 0.3301643
[1] 142
[1] 0.03779408
[1] 0.008493004
[1] "AdaLSE"
[1] -0.05498896
[1] 0.06142513
[1] 0.9225352

  0   1 
 11 131 
[1] "Fitting mean A"
[1] "Fitting variance A"
[1] "DR"
[1] 0.2721606
[1] 0.2332388
[1] 0.9084507

  0   1 
 13 129 
[1] "se comparison"
[1] 0.06721468
[1] 0.3291868
[1] 143
[1] 0.03779408
[1] 0.008493004
[1] "AdaLSE"
[1] 0.08297599
[1] 0.0623733
[1] 0.9230769

  0   1 
 11 132 
[1] "Fitting mean A"
[1] "Fitting variance A"
[1] "DR"
[1] 0.1285183
[1] 0.183567
[1] 0.9090909

  0   1 
 13 130 
[1] "se comparison"
[1] 0.06749514
[1] 0.3280266
[1] 144
[1] 0.03779408
[1] 0.008493004
[1] "AdaLSE"
[1] -0.01572353
[1] 0.06175828
[1] 0.9236111

  0   1 
 11 133 
[1] "Fitting mean A"
[1] "Fitting variance A"
[1] "DR"
[1] 0.1109291
[1] 0.1775401
[1] 0.9097222

  0   1 
 13 131 
[1] "se comparison"
[1] 0.06725874
[1] 0.3268854
[1] 145
[1] 0.03779408
[1] 0.008493004
[1] "AdaLSE"
[1] -0.07625642
[1] 0.06738421
[1] 0.9241379

  0   1 
 11 134 
[1] "Fitting mean A"
[1] "Fitting variance A"
[1] "DR"
[1] -0.09793641
[1] 0.1877534
[1] 0.9103448

  0   1 
 13 132 
[1] "se comparison"
[1] 0.0672108
[1] 0.3263357
[1] 146
[1] 0.03779408
[1] 0.008493004
[1] "AdaLSE"
[1] -0.1132138
[1] 0.06245666
[1] 0.9246575

  0   1 
 11 135 
[1] "Fitting mean A"
[1] "Fitting variance A"
[1] "DR"
[1] 0.1746878
[1] 0.3607228
[1] 0.9109589

  0   1 
 13 133 
[1] "se comparison"
[1] 0.06745519
[1] 0.3252242
[1] 147
[1] 0.03779408
[1] 0.008493004
[1] "AdaLSE"
[1] -0.006390427
[1] 0.06163877
[1] 0.9251701

  0   1 
 11 136 
[1] "Fitting mean A"
[1] "Fitting variance A"
[1] "DR"
[1] 0.3810578
[1] 0.1931025
[1] 0.9115646

  0   1 
 13 134 
[1] "se comparison"
[1] 0.06722966
[1] 0.3247363
[1] 148
[1] 0.03779408
[1] 0.008493004
[1] "AdaLSE"
[1] 0.007093307
[1] 0.06301287
[1] 0.9256757

  0   1 
 11 137 
[1] "Fitting mean A"
[1] "Fitting variance A"
[1] "DR"
[1] 0.03573799
[1] 0.05690537
[1] 0.9121622

  0   1 
 13 135 
[1] "se comparison"
[1] 0.06703008
[1] 0.323739
[1] 149
[1] 0.03779408
[1] 0.008493004
[1] "AdaLSE"
[1] 0.01535043
[1] 0.06542762
[1] 0.9261745

  0   1 
 11 138 
[1] "Fitting mean A"
[1] "Fitting variance A"
[1] "DR"
[1] 0.06418357
[1] 0.07723005
[1] 0.9127517

  0   1 
 13 136 
[1] "se comparison"
[1] 0.06685555
[1] 0.3226991
[1] 150
[1] 0.03779408
[1] 0.008493004
[1] "AdaLSE"
[1] 0.01086696
[1] 0.06104742
[1] 0.9266667

  0   1 
 11 139 
[1] "Fitting mean A"
[1] "Fitting variance A"
[1] "DR"
[1] -0.0125752
[1] 0.07049561
[1] 0.9133333

  0   1 
 13 137 
[1] "se comparison"
[1] 0.06666886
[1] 0.3218457
[1] 151
[1] 0.03779408
[1] 0.008493004
[1] "AdaLSE"
[1] -0.04847163
[1] 0.06286202
[1] 0.9271523

  0   1 
 11 140 
[1] "Fitting mean A"
[1] "Fitting variance A"
[1] "DR"
[1] -0.2810063
[1] 0.2411098
[1] 0.9139073

  0   1 
 13 138 
[1] "se comparison"
[1] 0.0664971
[1] 0.3225599
[1] 152
[1] 0.03779408
[1] 0.008493004
[1] "AdaLSE"
[1] 0.008441292
[1] 0.05779529
[1] 0.9276316

  0   1 
 11 141 
[1] "Fitting mean A"
[1] "Fitting variance A"
[1] "DR"
[1] 0.04047378
[1] 0.06208271
[1] 0.9144737

  0   1 
 13 139 
[1] "se comparison"
[1] 0.066308
[1] 0.3215777
[1] 153
[1] 0.03779408
[1] 0.008493004
[1] "AdaLSE"
[1] -0.02274288
[1] 0.06378789
[1] 0.9281046

  0   1 
 11 142 
[1] "Fitting mean A"
[1] "Fitting variance A"
[1] "DR"
[1] 0.01691784
[1] 0.05739872
[1] 0.9150327

  0   1 
 13 140 
[1] "se comparison"
[1] 0.0660914
[1] 0.3206543
[1] 154
[1] 0.03779408
[1] 0.008493004
[1] "AdaLSE"
[1] 0.06759351
[1] 0.06724964
[1] 0.9285714

  0   1 
 11 143 
[1] "Fitting mean A"
[1] "Fitting variance A"
[1] "DR"
[1] 0.4833819
[1] 0.222102
[1] 0.9090909

  0   1 
 14 140 
[1] "se comparison"
[1] 0.06622361
[1] 0.3208585
[1] 155
[1] 0.03779408
[1] 0.008493004
[1] "AdaLSE"
[1] -0.05748301
[1] 0.06323327
[1] 0.9290323

  0   1 
 11 144 
[1] "Fitting mean A"
[1] "Fitting variance A"
[1] "DR"
[1] -0.05969476
[1] 0.05430026
[1] 0.9096774

  0   1 
 14 141 
[1] "se comparison"
[1] 0.06609203
[1] 0.3201933
[1] 156
[1] 0.03779408
[1] 0.008493004
[1] "AdaLSE"
[1] -0.06311817
[1] 0.06068673
[1] 0.9294872

  0   1 
 11 145 
[1] "Fitting mean A"
[1] "Fitting variance A"
[1] "DR"
[1] -0.1229355
[1] 0.1150989
[1] 0.9102564

  0   1 
 14 142 
[1] "se comparison"
[1] 0.06598489
[1] 0.3198146
[1] 157
[1] 0.03779408
[1] 0.008493004
[1] "AdaLSE"
[1] -0.0311498
[1] 0.06607145
[1] 0.9299363

  0   1 
 11 146 
[1] "Fitting mean A"
[1] "Fitting variance A"
[1] "DR"
[1] 0.1111328
[1] 0.1759487
[1] 0.910828

  0   1 
 14 143 
[1] "se comparison"
[1] 0.06578327
[1] 0.3187919
[1] 158
[1] 0.03779408
[1] 0.008493004
[1] "AdaLSE"
[1] -0.004185115
[1] 0.06295792
[1] 0.9303797

  0   1 
 11 147 
[1] "Fitting mean A"
[1] "Fitting variance A"
[1] "DR"
[1] 0.1003071
[1] 0.1507353
[1] 0.9113924

  0   1 
 14 144 
[1] "se comparison"
[1] 0.06558102
[1] 0.3177844
[1] 159
[1] 0.03779408
[1] 0.008493004
[1] "AdaLSE"
[1] -0.00284877
[1] 0.06455553
[1] 0.9308176

  0   1 
 11 148 
[1] "Fitting mean A"
[1] "Fitting variance A"
[1] "DR"
[1] -0.6716271
[1] 0.8181733
[1] 0.9119497

  0   1 
 14 145 
[1] "se comparison"
[1] 0.06538231
[1] 0.3231057
[1] 160
[1] 0.03779408
[1] 0.008493004
[1] "AdaLSE"
[1] -0.03274832
[1] 0.06431589
[1] 0.93125

  0   1 
 11 149 
[1] "Fitting mean A"
[1] "Fitting variance A"
[1] "DR"
[1] 0.008748082
[1] 0.06377099
[1] 0.9125

  0   1 
 14 146 
[1] "se comparison"
[1] 0.06518895
[1] 0.3222209
[1] 161
[1] 0.03779408
[1] 0.008493004
[1] "AdaLSE"
[1] -0.04236673
[1] 0.05905222
[1] 0.931677

  0   1 
 11 150 
[1] "Fitting mean A"
[1] "Fitting variance A"
[1] "DR"
[1] -0.06418631
[1] 0.0939069
[1] 0.9130435

  0   1 
 14 147 
[1] "se comparison"
[1] 0.06501649
[1] 0.3215582
[1] 162
[1] 0.03779408
[1] 0.008493004
[1] "AdaLSE"
[1] 0.1624382
[1] 0.06009856
[1] 0.9259259

  0   1 
 12 150 
[1] "Fitting mean A"
[1] "Fitting variance A"
[1] "DR"
[1] -0.1382172
[1] 0.3028379
[1] 0.9135802

  0   1 
 14 148 
[1] "se comparison"
[1] 0.06632678
[1] 0.3212186
[1] 163
[1] 0.03779408
[1] 0.008493004
[1] "AdaLSE"
[1] 0.03868559
[1] 0.05800617
[1] 0.9263804

  0   1 
 12 151 
[1] "Fitting mean A"
[1] "Fitting variance A"
[1] "DR"
[1] 0.05472765
[1] 0.1392735
[1] 0.9141104

  0   1 
 14 149 
[1] "se comparison"
[1] 0.06625889
[1] 0.3202693
[1] 164
[1] 0.03779408
[1] 0.008493004
[1] "AdaLSE"
[1] 0.08309831
[1] 0.06317981
[1] 0.9268293

  0   1 
 12 152 
[1] "Fitting mean A"
[1] "Fitting variance A"
[1] "DR"
[1] 1.078784
[1] 0.6154052
[1] 0.9146341

  0   1 
 14 150 
[1] "se comparison"
[1] 0.06650142
[1] 0.3279135
[1] 165
[1] 0.03779408
[1] 0.008493004
[1] "AdaLSE"
[1] 0.04557642
[1] 0.07514235
[1] 0.9272727

  0   1 
 12 153 
[1] "Fitting mean A"
[1] "Fitting variance A"
[1] "DR"
[1] 0.386721
[1] 0.2425316
[1] 0.9151515

  0   1 
 14 151 
[1] "se comparison"
[1] 0.06646466
[1] 0.3275339
[1] 166
[1] 0.03779408
[1] 0.008493004
[1] "AdaLSE"
[1] 0.04650978
[1] 0.06011652
[1] 0.9277108

  0   1 
 12 154 
[1] "Fitting mean A"
[1] "Fitting variance A"
[1] "DR"
[1] 0.1549973
[1] 0.1000203
[1] 0.9156627

  0   1 
 14 152 
[1] "se comparison"
[1] 0.06643144
[1] 0.326546
[1] 167
[1] 0.03779408
[1] 0.008493004
[1] "AdaLSE"
[1] 0.09923663
[1] 0.06758527
[1] 0.9281437

  0   1 
 12 155 
[1] "Fitting mean A"
[1] "Fitting variance A"
[1] "DR"
[1] 0.1039825
[1] 0.1943711
[1] 0.9161677

  0   1 
 14 153 
[1] "se comparison"
[1] 0.06680864
[1] 0.3255668
[1] 168
[1] 0.03779408
[1] 0.008493004
[1] "AdaLSE"
[1] 0.05493381
[1] 0.06371129
[1] 0.9285714

  0   1 
 12 156 
[1] "Fitting mean A"
[1] "Fitting variance A"
[1] "DR"
[1] 0.06762015
[1] 0.173918
[1] 0.9166667

  0   1 
 14 154 
[1] "se comparison"
[1] 0.06681644
[1] 0.3246254
[1] 169
[1] 0.03779408
[1] 0.008493004
[1] "AdaLSE"
[1] 0.006908456
[1] 0.05929589
[1] 0.9289941

  0   1 
 12 157 
[1] "Fitting mean A"
[1] "Fitting variance A"
[1] "DR"
[1] 0.1154355
[1] 0.1241234
[1] 0.9171598

  0   1 
 14 155 
[1] "se comparison"
[1] 0.06663481
[1] 0.3236595
[1] 170
[1] 0.03779408
[1] 0.008493004
[1] "AdaLSE"
[1] -0.05607805
[1] 0.06153036
[1] 0.9294118

  0   1 
 12 158 
[1] "Fitting mean A"
[1] "Fitting variance A"
[1] "DR"
[1] 0.1726899
[1] 0.287182
[1] 0.9176471

  0   1 
 14 156 
[1] "se comparison"
[1] 0.06652008
[1] 0.322718
[1] 171
[1] 0.03779408
[1] 0.008493004
[1] "AdaLSE"
[1] -0.04175818
[1] 0.06171353
[1] 0.9298246

  0   1 
 12 159 
[1] "Fitting mean A"
[1] "Fitting variance A"
[1] "DR"
[1] 0.1106332
[1] 0.1499921
[1] 0.9181287

  0   1 
 14 157 
[1] "se comparison"
[1] 0.06636034
[1] 0.3217705
[1] 172
[1] 0.03779408
[1] 0.008493004
[1] "AdaLSE"
[1] 0.01631816
[1] 0.06208856
[1] 0.9302326

  0   1 
 12 160 
[1] "Fitting mean A"
[1] "Fitting variance A"
[1] "DR"
[1] 0.2783115
[1] 0.2097064
[1] 0.9186047

  0   1 
 14 158 
[1] "se comparison"
[1] 0.06620446
[1] 0.3210305
[1] 173
[1] 0.03779408
[1] 0.008493004
[1] "AdaLSE"
[1] -0.04421017
[1] 0.0620082
[1] 0.9306358

  0   1 
 12 161 
[1] "Fitting mean A"
[1] "Fitting variance A"
[1] "DR"
[1] 0.1082189
[1] 0.1487007
[1] 0.9190751

  0   1 
 14 159 
[1] "se comparison"
[1] 0.06605411
[1] 0.3201001
[1] 174
[1] 0.03779408
[1] 0.008493004
[1] "AdaLSE"
[1] -0.06959893
[1] 0.06109132
[1] 0.9310345

  0   1 
 12 162 
[1] "Fitting mean A"
[1] "Fitting variance A"
[1] "DR"
[1] 0.2530104
[1] 0.2155609
[1] 0.9195402

  0   1 
 14 160 
[1] "se comparison"
[1] 0.0660012
[1] 0.3193105
[1] 175
[1] 0.03779408
[1] 0.008493004
[1] "AdaLSE"
[1] -0.002279149
[1] 0.06691217
[1] 0.9314286

  0   1 
 12 163 
[1] "Fitting mean A"
[1] "Fitting variance A"
[1] "DR"
[1] -2.074553
[1] 2.024644
[1] 0.92

  0   1 
 14 161 
[1] "se comparison"
[1] 0.06581682
[1] 0.3593806
[1] 176
[1] 0.03779408
[1] 0.008493004
[1] "AdaLSE"
[1] 0.04996845
[1] 0.06687482
[1] 0.9318182

  0   1 
 12 164 
[1] "Fitting mean A"
[1] "Fitting variance A"
[1] "DR"
[1] 0.1999831
[1] 0.136189
[1] 0.9204545

  0   1 
 14 162 
[1] "se comparison"
[1] 0.06580283
[1] 0.3584059
[1] 177
[1] 0.03779408
[1] 0.008493004
[1] "AdaLSE"
[1] -0.1003859
[1] 0.06154039
[1] 0.9322034

  0   1 
 12 165 
[1] "Fitting mean A"
[1] "Fitting variance A"
[1] "DR"
[1] -0.07224966
[1] 0.1121783
[1] 0.920904

  0   1 
 14 163 
[1] "se comparison"
[1] 0.06594227
[1] 0.357673
[1] 178
[1] 0.03779408
[1] 0.008493004
[1] "AdaLSE"
[1] -0.004008958
[1] 0.06296876
[1] 0.9325843

  0   1 
 12 166 
[1] "Fitting mean A"
[1] "Fitting variance A"
[1] "DR"
[1] 0.07198046
[1] 0.3391489
[1] 0.9213483

  0   1 
 14 164 
[1] "se comparison"
[1] 0.06575971
[1] 0.3566772
[1] 179
[1] 0.03779408
[1] 0.008493004
[1] "AdaLSE"
[1] -0.02361502
[1] 0.06445758
[1] 0.9329609

  0   1 
 12 167 
[1] "Fitting mean A"
[1] "Fitting variance A"
[1] "DR"
[1] 0.2284187
[1] 0.3257703
[1] 0.9217877

  0   1 
 14 165 
[1] "se comparison"
[1] 0.065579
[1] 0.3557716
[1] 180
[1] 0.03779408
[1] 0.008493004
[1] "AdaLSE"
[1] -0.06763253
[1] 0.05941894
[1] 0.9333333

  0   1 
 12 168 
[1] "Fitting mean A"
[1] "Fitting variance A"
[1] "DR"
[1] -1.072533
[1] 1.131276
[1] 0.9222222

  0   1 
 14 166 
[1] "se comparison"
[1] 0.06551915
[1] 0.3656971
[1] 181
[1] 0.03779408
[1] 0.008493004
[1] "AdaLSE"
[1] -0.01468236
[1] 0.05952639
[1] 0.9337017

  0   1 
 12 169 
[1] "Fitting mean A"
[1] "Fitting variance A"
[1] "DR"
[1] 0.0249332
[1] 0.06026327
[1] 0.9226519

  0   1 
 14 167 
[1] "se comparison"
[1] 0.06533692
[1] 0.3647359
[1] 182
[1] 0.03779408
[1] 0.008493004
[1] "AdaLSE"
[1] -0.05418279
[1] 0.0614201
[1] 0.9340659

  0   1 
 12 170 
[1] "Fitting mean A"
[1] "Fitting variance A"
[1] "DR"
[1] 0.8137723
[1] 0.8115798
[1] 0.9230769

  0   1 
 14 168 
[1] "se comparison"
[1] 0.06522433
[1] 0.3674442
[1] 183
[1] 0.03779408
[1] 0.008493004
[1] "AdaLSE"
[1] 0.08895116
[1] 0.06827242
[1] 0.9344262

  0   1 
 12 171 
[1] "Fitting mean A"
[1] "Fitting variance A"
[1] "DR"
[1] 0.279838
[1] 0.2721651
[1] 0.9234973

  0   1 
 14 169 
[1] "se comparison"
[1] 0.06549024
[1] 0.3666376
[1] 184
[1] 0.03779408
[1] 0.008493004
[1] "AdaLSE"
[1] -0.002392255
[1] 0.06072017
[1] 0.9347826

  0   1 
 12 172 
[1] "Fitting mean A"
[1] "Fitting variance A"
[1] "DR"
[1] 0.0200413
[1] 0.07828753
[1] 0.923913

  0   1 
 14 170 
[1] "se comparison"
[1] 0.06531631
[1] 0.3657018
[1] 185
[1] 0.03779408
[1] 0.008493004
[1] "AdaLSE"
[1] -0.07430412
[1] 0.06170338
[1] 0.9351351

  0   1 
 12 173 
[1] "Fitting mean A"
[1] "Fitting variance A"
[1] "DR"
[1] 0.4804734
[1] 0.5292139
[1] 0.9243243

  0   1 
 14 171 
[1] "se comparison"
[1] 0.06529147
[1] 0.3656968
[1] 186
[1] 0.03779408
[1] 0.008493004
[1] "AdaLSE"
[1] -0.09403441
[1] 0.06085178
[1] 0.9354839

  0   1 
 12 174 
[1] "Fitting mean A"
[1] "Fitting variance A"
[1] "DR"
[1] 0.1374544
[1] 0.177708
[1] 0.9247312

  0   1 
 14 172 
[1] "se comparison"
[1] 0.06537937
[1] 0.3647103
[1] 187
[1] 0.03779408
[1] 0.008493004
[1] "AdaLSE"
[1] 0.0686626
[1] 0.06339468
[1] 0.9358289

  0   1 
 12 175 
[1] "Fitting mean A"
[1] "Fitting variance A"
[1] "DR"
[1] 0.1930853
[1] 0.1535361
[1] 0.9251337

  0   1 
 14 173 
[1] "se comparison"
[1] 0.06548518
[1] 0.3637713
[1] 188
[1] 0.03779408
[1] 0.008493004
[1] "AdaLSE"
[1] 0.02495903
[1] 0.06272618
[1] 0.9361702

  0   1 
 12 176 
[1] "Fitting mean A"
[1] "Fitting variance A"
[1] "DR"
[1] 1.175955
[1] 0.910693
[1] 0.9255319

  0   1 
 14 174 
[1] "se comparison"
[1] 0.06537126
[1] 0.3709239
[1] 189
[1] 0.03779408
[1] 0.008493004
[1] "AdaLSE"
[1] 0.01496174
[1] 0.06433002
[1] 0.9365079

  0   1 
 12 177 
[1] "Fitting mean A"
[1] "Fitting variance A"
[1] "DR"
[1] 0.8272955
[1] 0.5971041
[1] 0.9259259

  0   1 
 14 175 
[1] "se comparison"
[1] 0.06523043
[1] 0.3734682
[1] 190
[1] 0.03779408
[1] 0.008493004
[1] "AdaLSE"
[1] -0.05960337
[1] 0.06682337
[1] 0.9368421

  0   1 
 12 178 
[1] "Fitting mean A"
[1] "Fitting variance A"
[1] "DR"
[1] 1.090436
[1] 0.9621153
[1] 0.9263158

  0   1 
 14 176 
[1] "se comparison"
[1] 0.06514347
[1] 0.3789859
[1] 191
[1] 0.03779408
[1] 0.008493004
[1] "AdaLSE"
[1] 0.02611849
[1] 0.06574025
[1] 0.9371728

  0   1 
 12 179 
[1] "Fitting mean A"
[1] "Fitting variance A"
[1] "DR"
[1] 0.4675157
[1] 0.2187322
[1] 0.921466

  0   1 
 15 176 
[1] "se comparison"
[1] 0.06503588
[1] 0.3787678
[1] 192
[1] 0.03779408
[1] 0.008493004
[1] "AdaLSE"
[1] 0.05248989
[1] 0.05967973
[1] 0.9375

  0   1 
 12 180 
[1] "Fitting mean A"
[1] "Fitting variance A"
[1] "DR"
[1] 0.4573068
[1] 0.2044078
[1] 0.9166667

  0   1 
 16 176 
[1] "se comparison"
[1] 0.0650403
[1] 0.3784975
[1] 193
[1] 0.03779408
[1] 0.008493004
[1] "AdaLSE"
[1] -0.1143833
[1] 0.06069936
[1] 0.9326425

  0   1 
 13 180 
[1] "Fitting mean A"
[1] "Fitting variance A"
[1] "DR"
[1] 0.1064498
[1] 0.2796742
[1] 0.9170984

  0   1 
 16 177 
[1] "se comparison"
[1] 0.06527818
[1] 0.3775162
[1] 194
[1] 0.03779408
[1] 0.008493004
[1] "AdaLSE"
[1] -0.1338997
[1] 0.06122191
[1] 0.9278351

  0   1 
 14 180 
[1] "Fitting mean A"
[1] "Fitting variance A"
[1] "DR"
[1] 0.6472997
[1] 0.7476528
[1] 0.9175258

  0   1 
 16 178 
[1] "se comparison"
[1] 0.06567793
[1] 0.3783296
[1] 195
[1] 0.03779408
[1] 0.008493004
[1] "AdaLSE"
[1] -0.07938705
[1] 0.05954107
[1] 0.9282051

  0   1 
 14 181 
[1] "Fitting mean A"
[1] "Fitting variance A"
[1] "DR"
[1] 0.1164499
[1] 0.2344952
[1] 0.9179487

  0   1 
 16 179 
[1] "se comparison"
[1] 0.06567376
[1] 0.3773563
[1] 196
[1] 0.03779408
[1] 0.008493004
[1] "AdaLSE"
[1] 0.0196687
[1] 0.06147414
[1] 0.9285714

  0   1 
 14 182 
[1] "Fitting mean A"
[1] "Fitting variance A"
[1] "DR"
[1] 0.2926378
[1] 0.1652853
[1] 0.9183673

  0   1 
 16 180 
[1] "se comparison"
[1] 0.0655511
[1] 0.3765506
[1] 197
[1] 0.03779408
[1] 0.008493004
[1] "AdaLSE"
[1] -0.001191923
[1] 0.06442751
[1] 0.928934

  0   1 
 14 183 
[1] "Fitting mean A"
[1] "Fitting variance A"
[1] "DR"
[1] 0.1162448
[1] 0.154519
[1] 0.9187817

  0   1 
 16 181 
[1] "se comparison"
[1] 0.06539056
[1] 0.3755921
[1] 198
[1] 0.03779408
[1] 0.008493004
[1] "AdaLSE"
[1] 0.03287865
[1] 0.06137625
[1] 0.9292929

  0   1 
 14 184 
[1] "Fitting mean A"
[1] "Fitting variance A"
[1] "DR"
[1] 0.0850521
[1] 0.06555243
[1] 0.9191919

  0   1 
 16 182 
[1] "se comparison"
[1] 0.06531104
[1] 0.3746566
[1] 199
[1] 0.03779408
[1] 0.008493004
[1] "AdaLSE"
[1] 0.1603345
[1] 0.06260146
[1] 0.9246231

  0   1 
 15 184 
[1] "Fitting mean A"
[1] "Fitting variance A"
[1] "DR"
[1] 0.3376631
[1] 0.09280788
[1] 0.9145729

  0   1 
 17 182 
[1] "se comparison"
[1] 0.06631048
[1] 0.3739776
[1] 200
[1] 0.03779408
[1] 0.008493004
[1] "AdaLSE"
[1] -0.04495662
[1] 0.06472826
[1] 0.925

  0   1 
 15 185 
[1] "Fitting mean A"
[1] "Fitting variance A"
[1] "DR"
[1] -0.09829381
[1] 0.2619072
[1] 0.915

  0   1 
 17 183 
[1] "se comparison"
[1] 0.06618145
[1] 0.3734135
[1] 201
[1] 0.03779408
[1] 0.008493004
[1] "AdaLSE"
[1] -0.0174252
[1] 0.06526214
[1] 0.9253731

  0   1 
 15 186 
[1] "Fitting mean A"
[1] "Fitting variance A"
[1] "DR"
[1] 0.3405787
[1] 0.3748331
[1] 0.9154229

  0   1 
 17 184 
[1] "se comparison"
[1] 0.06601637
[1] 0.3727536
[1] 202
[1] 0.03779408
[1] 0.008493004
[1] "AdaLSE"
[1] -0.03561421
[1] 0.06762144
[1] 0.9257426

  0   1 
 15 187 
[1] "Fitting mean A"
[1] "Fitting variance A"
[1] "DR"
[1] 0.1563974
[1] 0.1542792
[1] 0.9158416

  0   1 
 17 185 
[1] "se comparison"
[1] 0.06587031
[1] 0.3718273
[1] 203
[1] 0.03779408
[1] 0.008493004
[1] "AdaLSE"
[1] -0.0648489
[1] 0.06483774
[1] 0.9261084

  0   1 
 15 188 
[1] "Fitting mean A"
[1] "Fitting variance A"
[1] "DR"
[1] -0.1489785
[1] 0.1046896
[1] 0.9162562

  0   1 
 17 186 
[1] "se comparison"
[1] 0.06580538
[1] 0.3714553
[1] 204
[1] 0.03779408
[1] 0.008493004
[1] "AdaLSE"
[1] -0.05901613
[1] 0.06304156
[1] 0.9264706

  0   1 
 15 189 
[1] "Fitting mean A"
[1] "Fitting variance A"
[1] "DR"
[1] 0.1388977
[1] 0.2122974
[1] 0.9166667

  0   1 
 17 187 
[1] "se comparison"
[1] 0.06571915
[1] 0.3705393
[1] 205
[1] 0.03779408
[1] 0.008493004
[1] "AdaLSE"
[1] -0.02191261
[1] 0.05873691
[1] 0.9268293

  0   1 
 15 190 
[1] "Fitting mean A"
[1] "Fitting variance A"
[1] "DR"
[1] 0.2226205
[1] 0.153482
[1] 0.9170732

  0   1 
 17 188 
[1] "se comparison"
[1] 0.06556015
[1] 0.3696779
[1] 206
[1] 0.03779408
[1] 0.008493004
[1] "AdaLSE"
[1] -0.01274737
[1] 0.06087779
[1] 0.9271845

  0   1 
 15 191 
[1] "Fitting mean A"
[1] "Fitting variance A"
[1] "DR"
[1] -0.03179169
[1] 0.0558759
[1] 0.9174757

  0   1 
 17 189 
[1] "se comparison"
[1] 0.06540012
[1] 0.3689644
[1] 207
[1] 0.03779408
[1] 0.008493004
[1] "AdaLSE"
[1] 0.1159408
[1] 0.06225197
[1] 0.9275362

  0   1 
 15 192 
[1] "Fitting mean A"
[1] "Fitting variance A"
[1] "DR"
[1] 0.08783763
[1] 0.0547002
[1] 0.9178744

  0   1 
 17 190 
[1] "se comparison"
[1] 0.06586453
[1] 0.3680836
[1] 208
[1] 0.03779408
[1] 0.008493004
[1] "AdaLSE"
[1] 0.01180731
[1] 0.06491297
[1] 0.9278846

  0   1 
 15 193 
[1] "Fitting mean A"
[1] "Fitting variance A"
[1] "DR"
[1] 0.03551217
[1] 0.1048815
[1] 0.9182692

  0   1 
 17 191 
[1] "se comparison"
[1] 0.06572866
[1] 0.3672605
[1] 209
[1] 0.03779408
[1] 0.008493004
[1] "AdaLSE"
[1] -0.05623211
[1] 0.05751134
[1] 0.9282297

  0   1 
 15 194 
[1] "Fitting mean A"
[1] "Fitting variance A"
[1] "DR"
[1] 0.05345259
[1] 0.1477236
[1] 0.9186603

  0   1 
 17 192 
[1] "se comparison"
[1] 0.06563745
[1] 0.3664214
[1] 210
[1] 0.03779408
[1] 0.008493004
[1] "AdaLSE"
[1] -0.003349114
[1] 0.0595411
[1] 0.9285714

  0   1 
 15 195 
[1] "Fitting mean A"
[1] "Fitting variance A"
[1] "DR"
[1] 0.1299487
[1] 0.2213148
[1] 0.9190476

  0   1 
 17 193 
[1] "se comparison"
[1] 0.06548404
[1] 0.3655439
[1] 211
[1] 0.03779408
[1] 0.008493004
[1] "AdaLSE"
[1] 0.05227045
[1] 0.06241488
[1] 0.92891

  0   1 
 15 196 
[1] "Fitting mean A"
[1] "Fitting variance A"
[1] "DR"
[1] 0.07743593
[1] 0.05758754
[1] 0.9194313

  0   1 
 17 194 
[1] "se comparison"
[1] 0.0654848
[1] 0.3646947
[1] 212
[1] 0.03779408
[1] 0.008493004
[1] "AdaLSE"
[1] 0.07176814
[1] 0.06344286
[1] 0.9292453

  0   1 
 15 197 
[1] "Fitting mean A"
[1] "Fitting variance A"
[1] "DR"
[1] -0.1077511
[1] 0.3118128
[1] 0.9198113

  0   1 
 17 195 
[1] "se comparison"
[1] 0.06558967
[1] 0.364213
[1] 213
[1] 0.03779408
[1] 0.008493004
[1] "AdaLSE"
[1] -0.03751475
[1] 0.06136049
[1] 0.9295775

  0   1 
 15 198 
[1] "Fitting mean A"
[1] "Fitting variance A"
[1] "DR"
[1] -0.01422945
[1] 0.1500274
[1] 0.9201878

  0   1 
 17 196 
[1] "se comparison"
[1] 0.06545667
[1] 0.3634956
[1] 214
[1] 0.03779408
[1] 0.008493004
[1] "AdaLSE"
[1] -0.01245354
[1] 0.06631244
[1] 0.9299065

  0   1 
 15 199 
[1] "Fitting mean A"
[1] "Fitting variance A"
[1] "DR"
[1] 0.06358082
[1] 0.09300306
[1] 0.9205607

  0   1 
 17 197 
[1] "se comparison"
[1] 0.06530285
[1] 0.362673
[1] 215
[1] 0.03779408
[1] 0.008493004
[1] "AdaLSE"
[1] 0.02162064
[1] 0.05800291
[1] 0.9302326

  0   1 
 15 200 
[1] "Fitting mean A"
[1] "Fitting variance A"
[1] "DR"
[1] 0.899647
[1] 0.8708992
[1] 0.9209302

  0   1 
 17 198 
[1] "se comparison"
[1] 0.06519269
[1] 0.3655792
[1] 216
[1] 0.03779408
[1] 0.008493004
[1] "AdaLSE"
[1] -0.08414559
[1] 0.06381462
[1] 0.9305556

  0   1 
 15 201 
[1] "Fitting mean A"
[1] "Fitting variance A"
[1] "DR"
[1] -0.2791937
[1] 0.2034028
[1] 0.9212963

  0   1 
 17 199 
[1] "se comparison"
[1] 0.06522197
[1] 0.3658254
[1] 217
[1] 0.03779408
[1] 0.008493004
[1] "AdaLSE"
[1] 0.06789712
[1] 0.06170686
[1] 0.9308756

  0   1 
 15 202 
[1] "Fitting mean A"
