LOADING R
R LOADED
[1] "/home/lvanderl/Rlibs2"                         
[2] "/app/software/R/4.2.2-foss-2021b/lib/R/library"
[1] "/home/lvanderl/sieveSims"
[1] 1
[1] 0.2496687
[1] 0.2642483
[1] "AdaLSE"
[1] 0.2633804
[1] 0.03385113
[1] 1

1 
1 
[1] "Fitting mean A"
[1] "Fitting variance A"
[1] "DR"
[1] 0.2612902
[1] 0.03959801
[1] 1

1 
1 
[1] "se comparison"
[1] NA
[1] NA
[1] 2
[1] 0.2496687
[1] 0.2642483
[1] "AdaLSE"
[1] 0.3212299
[1] 0.03544187
[1] 1

1 
2 
[1] "Fitting mean A"
[1] "Fitting variance A"
[1] "DR"
[1] 0.2965815
[1] 0.03393693
[1] 1

1 
2 
[1] "se comparison"
[1] 0.04090578
[1] 0.02495472
[1] 3
[1] 0.2496687
[1] 0.2642483
[1] "AdaLSE"
[1] 0.282952
[1] 0.03267029
[1] 1

1 
3 
[1] "Fitting mean A"
[1] "Fitting variance A"
[1] "DR"
[1] 0.2220783
[1] 0.05904004
[1] 1

1 
3 
[1] "se comparison"
[1] 0.02942451
[1] 0.0372688
[1] 4
[1] 0.2496687
[1] 0.2642483
[1] "AdaLSE"
[1] 0.2366249
[1] 0.03344465
[1] 1

1 
4 
[1] "Fitting mean A"
[1] "Fitting variance A"
[1] "DR"
[1] 0.2312855
[1] 0.0302437
[1] 1

1 
4 
[1] "se comparison"
[1] 0.03560767
[1] 0.03364325
[1] 5
[1] 0.2496687
[1] 0.2642483
[1] "AdaLSE"
[1] 0.3287453
[1] 0.0334957
[1] 1

1 
5 
[1] "Fitting mean A"
[1] "Fitting variance A"
[1] "DR"
[1] 0.966245
[1] 0.3848477
[1] 1

1 
5 
[1] "se comparison"
[1] 0.03881181
[1] 0.3203859
[1] 6
[1] 0.2496687
[1] 0.2642483
[1] "AdaLSE"
[1] 0.2639922
[1] 0.03345552
[1] 1

1 
6 
[1] "Fitting mean A"
[1] "Fitting variance A"
[1] "DR"
[1] 0.2707719
[1] 0.03631769
[1] 1

1 
6 
[1] "se comparison"
[1] 0.03591893
[1] 0.2910505
[1] 7
[1] 0.2496687
[1] 0.2642483
[1] "AdaLSE"
[1] 0.2885284
[1] 0.03362432
[1] 1

1 
7 
[1] "Fitting mean A"
[1] "Fitting variance A"
[1] "DR"
[1] 0.4618145
[1] 0.4864553
[1] 1

1 
7 
[1] "se comparison"
[1] 0.03286024
[1] 0.2677235
[1] 8
[1] 0.2496687
[1] 0.2642483
[1] "AdaLSE"
[1] 0.3160939
[1] 0.03443193
[1] 1

1 
8 
[1] "Fitting mean A"
[1] "Fitting variance A"
[1] "DR"
[1] 0.49677
[1] 0.6270578
[1] 1

1 
8 
[1] "se comparison"
[1] 0.03251502
[1] 0.2508754
[1] 9
[1] 0.2496687
[1] 0.2642483
[1] "AdaLSE"
[1] 0.2712892
[1] 0.03134718
[1] 1

1 
9 
[1] "Fitting mean A"
[1] "Fitting variance A"
[1] "DR"
[1] 0.7711105
[1] 0.3667869
[1] 1

1 
9 
[1] "se comparison"
[1] 0.03090264
[1] 0.2651478
[1] 10
[1] 0.2496687
[1] 0.2642483
[1] "AdaLSE"
[1] 0.2357778
[1] 0.03338167
[1] 1

 1 
10 
[1] "Fitting mean A"
[1] "Fitting variance A"
[1] "DR"
[1] 0.3259927
[1] 0.08712285
[1] 1

 1 
10 
[1] "se comparison"
[1] 0.03316315
[1] 0.2526608
[1] 11
[1] 0.2496687
[1] 0.2642483
[1] "AdaLSE"
[1] 0.2413718
[1] 0.03290548
[1] 1

 1 
11 
[1] "Fitting mean A"
[1] "Fitting variance A"
[1] "DR"
[1] 0.2029874
[1] 0.06444969
[1] 1

 1 
11 
[1] "se comparison"
[1] 0.03363899
[1] 0.249309
[1] 12
[1] 0.2496687
[1] 0.2642483
[1] "AdaLSE"
[1] 0.2209917
[1] 0.03294417
[1] 1

 1 
12 
[1] "Fitting mean A"
[1] "Fitting variance A"
[1] "DR"
[1] 0.9718665
[1] 0.467571
[1] 1

 1 
12 
[1] "se comparison"
[1] 0.0359536
[1] 0.2878168
[1] 13
[1] 0.2496687
[1] 0.2642483
[1] "AdaLSE"
[1] 0.2498709
[1] 0.03405452
[1] 1

 1 
13 
[1] "Fitting mean A"
[1] "Fitting variance A"
[1] "DR"
[1] 0.5790573
[1] 0.4403442
[1] 1

 1 
13 
[1] "se comparison"
[1] 0.03499449
[1] 0.2776499
[1] 14
[1] 0.2496687
[1] 0.2642483
[1] "AdaLSE"
[1] 0.1994237
[1] 0.03110061
[1] 0.9285714

 0  1 
 1 13 
[1] "Fitting mean A"
[1] "Fitting variance A"
[1] "DR"
[1] -0.09649952
[1] 0.3271545
[1] 1

 1 
14 
[1] "se comparison"
[1] 0.03866087
[1] 0.3062009
[1] 15
[1] 0.2496687
[1] 0.2642483
[1] "AdaLSE"
[1] 0.2879257
[1] 0.03406672
[1] 0.9333333

 0  1 
 1 14 
[1] "Fitting mean A"
[1] "Fitting variance A"
[1] "DR"
[1] -0.4041699
[1] 0.7310643
[1] 1

 1 
15 
[1] "se comparison"
[1] 0.03769262
[1] 0.3646731
[1] 16
[1] 0.2496687
[1] 0.2642483
[1] "AdaLSE"
[1] 0.2738828
[1] 0.03373407
[1] 0.9375

 0  1 
 1 15 
[1] "Fitting mean A"
[1] "Fitting variance A"
[1] "DR"
[1] 0.3031616
[1] 0.04074957
[1] 1

 1 
16 
[1] "se comparison"
[1] 0.03645269
[1] 0.3527094
[1] 17
[1] 0.2496687
[1] 0.2642483
[1] "AdaLSE"
[1] 0.2471631
[1] 0.03355261
[1] 0.9411765

 0  1 
 1 16 
[1] "Fitting mean A"
[1] "Fitting variance A"
[1] "DR"
[1] 0.2175987
[1] 0.05372326
[1] 1

 1 
17 
[1] "se comparison"
[1] 0.03564252
[1] 0.3434078
[1] 18
[1] 0.2496687
[1] 0.2642483
[1] "AdaLSE"
[1] 0.2174194
[1] 0.03225177
[1] 0.9444444

 0  1 
 1 17 
[1] "Fitting mean A"
[1] "Fitting variance A"
[1] "DR"
[1] 0.2113438
[1] 0.05363457
[1] 1

 1 
18 
[1] "se comparison"
[1] 0.03645663
[1] 0.3349315
[1] 19
[1] 0.2496687
[1] 0.2642483
[1] "AdaLSE"
[1] 0.2653359
[1] 0.03472037
[1] 0.9473684

 0  1 
 1 18 
[1] "Fitting mean A"
[1] "Fitting variance A"
[1] "DR"
[1] 0.2222312
[1] 0.03919849
[1] 1

 1 
19 
[1] "se comparison"
[1] 0.03543145
[1] 0.3267998
[1] 20
[1] 0.2496687
[1] 0.2642483
[1] "AdaLSE"
[1] 0.3159967
[1] 0.03509721
[1] 0.95

 0  1 
 1 19 
[1] "Fitting mean A"
[1] "Fitting variance A"
[1] "DR"
[1] 0.6848849
[1] 0.3777784
[1] 1

 1 
20 
[1] "se comparison"
[1] 0.03640872
[1] 0.3271564
[1] 21
[1] 0.2496687
[1] 0.2642483
[1] "AdaLSE"
[1] 0.2737609
[1] 0.03251059
[1] 0.952381

 0  1 
 1 20 
[1] "Fitting mean A"
[1] "Fitting variance A"
[1] "DR"
[1] 0.6682729
[1] 0.1897199
[1] 0.952381

 0  1 
 1 20 
[1] "se comparison"
[1] 0.03552317
[1] 0.3258993
[1] 22
[1] 0.2496687
[1] 0.2642483
[1] "AdaLSE"
[1] 0.2817334
[1] 0.03099512
[1] 0.9545455

 0  1 
 1 21 
[1] "Fitting mean A"
[1] "Fitting variance A"
[1] "DR"
[1] 0.3034429
[1] 0.2999215
[1] 0.9545455

 0  1 
 1 21 
[1] "se comparison"
[1] 0.03481393
[1] 0.3184059
[1] 23
[1] 0.2496687
[1] 0.2642483
[1] "AdaLSE"
[1] 0.2975844
[1] 0.03359535
[1] 0.9565217

 0  1 
 1 22 
[1] "Fitting mean A"
[1] "Fitting variance A"
[1] "DR"
[1] 0.2896927
[1] 0.0482495
[1] 0.9565217

 0  1 
 1 22 
[1] "se comparison"
[1] 0.03458972
[1] 0.31155
[1] 24
[1] 0.2496687
[1] 0.2642483
[1] "AdaLSE"
[1] 0.2887049
[1] 0.03208864
[1] 0.9583333

 0  1 
 1 23 
[1] "Fitting mean A"
[1] "Fitting variance A"
[1] "DR"
[1] 0.2346873
[1] 0.06206513
[1] 0.9583333

 0  1 
 1 23 
[1] "se comparison"
[1] 0.03407394
[1] 0.3059098
[1] 25
[1] 0.2496687
[1] 0.2642483
[1] "AdaLSE"
[1] 0.2267574
[1] 0.03322996
[1] 0.96

 0  1 
 1 24 
[1] "Fitting mean A"
[1] "Fitting variance A"
[1] "DR"
[1] 0.3510157
[1] 0.1091136
[1] 0.96

 0  1 
 1 24 
[1] "se comparison"
[1] 0.03443818
[1] 0.2994772
[1] 26
[1] 0.2496687
[1] 0.2642483
[1] "AdaLSE"
[1] 0.2497589
[1] 0.03136015
[1] 0.9615385

 0  1 
 1 25 
[1] "Fitting mean A"
[1] "Fitting variance A"
[1] "DR"
[1] 0.2013622
[1] 0.05434448
[1] 0.9615385

 0  1 
 1 25 
[1] "se comparison"
[1] 0.03392864
[1] 0.2951074
[1] 27
[1] 0.2496687
[1] 0.2642483
[1] "AdaLSE"
[1] 0.3139989
[1] 0.03393509
[1] 0.962963

 0  1 
 1 26 
[1] "Fitting mean A"
[1] "Fitting variance A"
[1] "DR"
[1] 0.4266894
[1] 0.3124249
[1] 0.962963

 0  1 
 1 26 
[1] "se comparison"
[1] 0.03446904
[1] 0.2897001
[1] 28
[1] 0.2496687
[1] 0.2642483
[1] "AdaLSE"
[1] 0.187193
[1] 0.03479436
[1] 0.9285714

 0  1 
 2 26 
[1] "Fitting mean A"
[1] "Fitting variance A"
[1] "DR"
[1] 0.1683934
[1] 0.03254723
[1] 0.9285714

 0  1 
 2 26 
[1] "se comparison"
[1] 0.03718251
[1] 0.2865389
[1] 29
[1] 0.2496687
[1] 0.2642483
[1] "AdaLSE"
[1] 0.2233835
[1] 0.03323285
[1] 0.9310345

 0  1 
 2 27 
[1] "Fitting mean A"
[1] "Fitting variance A"
[1] "DR"
[1] 0.4061342
[1] 0.2719394
[1] 0.9310345

 0  1 
 2 27 
[1] "se comparison"
[1] 0.03735954
[1] 0.2815589
[1] 30
[1] 0.2496687
[1] 0.2642483
[1] "AdaLSE"
[1] 0.2885843
[1] 0.03064438
[1] 0.9333333

 0  1 
 2 28 
[1] "Fitting mean A"
[1] "Fitting variance A"
[1] "DR"
[1] -0.2850147
[1] 0.5969198
[1] 0.9333333

 0  1 
 2 28 
[1] "se comparison"
[1] 0.0369719
[1] 0.3002064
[1] 31
[1] 0.2496687
[1] 0.2642483
[1] "AdaLSE"
[1] 0.2476973
[1] 0.03227301
[1] 0.9354839

 0  1 
 2 29 
[1] "Fitting mean A"
[1] "Fitting variance A"
[1] "DR"
[1] 0.1799605
[1] 0.07588435
[1] 0.9354839

 0  1 
 2 29 
[1] "se comparison"
[1] 0.03648794
[1] 0.2964216
[1] 32
[1] 0.2496687
[1] 0.2642483
[1] "AdaLSE"
[1] 0.2086748
[1] 0.03368099
[1] 0.9375

 0  1 
 2 30 
[1] "Fitting mean A"
[1] "Fitting variance A"
[1] "DR"
[1] 0.356964
[1] 0.1435546
[1] 0.9375

 0  1 
 2 30 
[1] "se comparison"
[1] 0.03723808
[1] 0.2916491
[1] 33
[1] 0.2496687
[1] 0.2642483
[1] "AdaLSE"
[1] 0.2383805
[1] 0.03429589
[1] 0.9393939

 0  1 
 2 31 
[1] "Fitting mean A"
[1] "Fitting variance A"
[1] "DR"
[1] 0.2114067
[1] 0.03817811
[1] 0.9393939

 0  1 
 2 31 
[1] "se comparison"
[1] 0.03690122
[1] 0.2877734
[1] 34
[1] 0.2496687
[1] 0.2642483
[1] "AdaLSE"
[1] 0.2083802
[1] 0.03433416
[1] 0.9411765

 0  1 
 2 32 
[1] "Fitting mean A"
[1] "Fitting variance A"
[1] "DR"
[1] 0.2329683
[1] 0.03338466
[1] 0.9411765

 0  1 
 2 32 
[1] "se comparison"
[1] 0.03749379
[1] 0.2838143
[1] 35
[1] 0.2496687
[1] 0.2642483
[1] "AdaLSE"
[1] 0.2506023
[1] 0.03195493
[1] 0.9428571

 0  1 
 2 33 
[1] "Fitting mean A"
[1] "Fitting variance A"
[1] "DR"
[1] 0.6482857
[1] 0.4405625
[1] 0.9428571

 0  1 
 2 33 
[1] "se comparison"
[1] 0.03697743
[1] 0.2850023
[1] 36
[1] 0.2496687
[1] 0.2642483
[1] "AdaLSE"
[1] 0.334271
[1] 0.03673991
[1] 0.9444444

 0  1 
 2 34 
[1] "Fitting mean A"
[1] "Fitting variance A"
[1] "DR"
[1] 0.3331328
[1] 0.03178249
[1] 0.9166667

 0  1 
 3 33 
[1] "se comparison"
[1] 0.03846998
[1] 0.2809015
[1] 37
[1] 0.2496687
[1] 0.2642483
[1] "AdaLSE"
[1] 0.2518354
[1] 0.03628793
[1] 0.9459459

 0  1 
 2 35 
[1] "Fitting mean A"
[1] "Fitting variance A"
[1] "DR"
[1] 0.2012482
[1] 0.04655146
[1] 0.9189189

 0  1 
 3 34 
[1] "se comparison"
[1] 0.03797188
[1] 0.2777955
[1] 38
[1] 0.2496687
[1] 0.2642483
[1] "AdaLSE"
[1] 0.2863639
[1] 0.03417161
[1] 0.9473684

 0  1 
 2 36 
[1] "Fitting mean A"
[1] "Fitting variance A"
[1] "DR"
[1] 0.2886821
[1] 0.499925
[1] 0.9210526

 0  1 
 3 35 
[1] "se comparison"
[1] 0.03766075
[1] 0.2740889
[1] 39
[1] 0.2496687
[1] 0.2642483
[1] "AdaLSE"
[1] 0.1678723
[1] 0.03342238
[1] 0.9230769

 0  1 
 3 36 
[1] "Fitting mean A"
[1] "Fitting variance A"
[1] "DR"
[1] 0.02948267
[1] 0.1188035
[1] 0.8974359

 0  1 
 4 35 
[1] "se comparison"
[1] 0.04014936
[1] 0.2746134
[1] 40
[1] 0.2496687
[1] 0.2642483
[1] "AdaLSE"
[1] 0.3088877
[1] 0.03474325
[1] 0.925

 0  1 
 3 37 
[1] "Fitting mean A"
[1] "Fitting variance A"
[1] "DR"
[1] 1.480029
[1] 0.5992513
[1] 0.875

 0  1 
 5 35 
[1] "se comparison"
[1] 0.04036761
[1] 0.3273763
[1] 41
[1] 0.2496687
[1] 0.2642483
[1] "AdaLSE"
[1] 0.3289436
[1] 0.03151883
[1] 0.902439

 0  1 
 4 37 
[1] "Fitting mean A"
[1] "Fitting variance A"
[1] "DR"
[1] 0.34014
[1] 0.03477521
[1] 0.8536585

 0  1 
 6 35 
[1] "se comparison"
[1] 0.04122558
[1] 0.3232606
[1] 42
[1] 0.2496687
[1] 0.2642483
[1] "AdaLSE"
[1] 0.2884016
[1] 0.0334397
[1] 0.9047619

 0  1 
 4 38 
[1] "Fitting mean A"
[1] "Fitting variance A"
[1] "DR"
[1] -0.02275478
[1] 0.3960987
[1] 0.8571429

 0  1 
 6 36 
[1] "se comparison"
[1] 0.04090493
[1] 0.3243756
[1] 43
[1] 0.2496687
[1] 0.2642483
[1] "AdaLSE"
[1] 0.3037592
[1] 0.0330331
[1] 0.9069767

 0  1 
 4 39 
[1] "Fitting mean A"
[1] "Fitting variance A"
[1] "DR"
[1] 0.1758838
[1] 0.2801569
[1] 0.8604651

 0  1 
 6 37 
[1] "se comparison"
[1] 0.04087176
[1] 0.3214554
[1] 44
[1] 0.2496687
[1] 0.2642483
[1] "AdaLSE"
[1] 0.2787463
[1] 0.03394594
[1] 0.9090909

 0  1 
 4 40 
[1] "Fitting mean A"
[1] "Fitting variance A"
[1] "DR"
[1] 1.367788
[1] 0.6655317
[1] 0.8636364

 0  1 
 6 38 
[1] "se comparison"
[1] 0.04044892
[1] 0.3537795
[1] 45
[1] 0.2496687
[1] 0.2642483
[1] "AdaLSE"
[1] 0.2620742
[1] 0.03434615
[1] 0.9111111

 0  1 
 4 41 
[1] "Fitting mean A"
[1] "Fitting variance A"
[1] "DR"
[1] 0.3835868
[1] 0.0701683
[1] 0.8666667

 0  1 
 6 39 
[1] "se comparison"
[1] 0.03998909
[1] 0.3497558
[1] 46
[1] 0.2496687
[1] 0.2642483
[1] "AdaLSE"
[1] 0.3114024
[1] 0.03484762
[1] 0.9130435

 0  1 
 4 42 
[1] "Fitting mean A"
[1] "Fitting variance A"
[1] "DR"
[1] 0.4489406
[1] 0.4891214
[1] 0.8695652

 0  1 
 6 40 
[1] "se comparison"
[1] 0.04013015
[1] 0.3461003
[1] 47
[1] 0.2496687
[1] 0.2642483
[1] "AdaLSE"
[1] 0.2427708
[1] 0.03374805
[1] 0.9148936

 0  1 
 4 43 
[1] "Fitting mean A"
[1] "Fitting variance A"
[1] "DR"
[1] -0.2659791
[1] 0.5906988
[1] 0.8723404

 0  1 
 6 41 
[1] "se comparison"
[1] 0.03983585
[1] 0.3543326
[1] 48
[1] 0.2496687
[1] 0.2642483
[1] "AdaLSE"
[1] 0.1864972
[1] 0.03270047
[1] 0.8958333

 0  1 
 5 43 
[1] "Fitting mean A"
[1] "Fitting variance A"
[1] "DR"
[1] 0.1995079
[1] 0.03278904
[1] 0.8541667

 0  1 
 7 41 
[1] "se comparison"
[1] 0.04102637
[1] 0.3511965
[1] 49
[1] 0.2496687
[1] 0.2642483
[1] "AdaLSE"
[1] 0.3278872
[1] 0.03127334
[1] 0.877551

 0  1 
 6 43 
[1] "Fitting mean A"
[1] "Fitting variance A"
[1] "DR"
[1] -0.7527714
[1] 0.8879364
[1] 0.8571429

 0  1 
 7 42 
[1] "se comparison"
[1] 0.04161459
[1] 0.3812536
[1] 50
[1] 0.2496687
[1] 0.2642483
[1] "AdaLSE"
[1] 0.2781927
[1] 0.03211994
[1] 0.88

 0  1 
 6 44 
[1] "Fitting mean A"
[1] "Fitting variance A"
[1] "DR"
[1] 0.2731795
[1] 0.07082043
[1] 0.86

 0  1 
 7 43 
[1] "se comparison"
[1] 0.04122897
[1] 0.3774074
[1] 51
[1] 0.2496687
[1] 0.2642483
[1] "AdaLSE"
[1] 0.2381146
[1] 0.03120837
[1] 0.8823529

 0  1 
 6 45 
[1] "Fitting mean A"
[1] "Fitting variance A"
[1] "DR"
[1] 0.2252289
[1] 0.03782973
[1] 0.8627451

 0  1 
 7 44 
[1] "se comparison"
[1] 0.04099333
[1] 0.373857
[1] 52
[1] 0.2496687
[1] 0.2642483
[1] "AdaLSE"
[1] 0.2044991
[1] 0.03355754
[1] 0.8846154

 0  1 
 6 46 
[1] "Fitting mean A"
[1] "Fitting variance A"
[1] "DR"
[1] 0.2192418
[1] 0.04240214
[1] 0.8653846

 0  1 
 7 45 
[1] "se comparison"
[1] 0.0414443
[1] 0.3704347
[1] 53
[1] 0.2496687
[1] 0.2642483
[1] "AdaLSE"
[1] 0.2131175
[1] 0.03260272
[1] 0.8867925

 0  1 
 6 47 
[1] "Fitting mean A"
[1] "Fitting variance A"
[1] "DR"
[1] 0.07520499
[1] 0.3160837
[1] 0.8679245

 0  1 
 7 46 
[1] "se comparison"
[1] 0.04162838
[1] 0.3683634
[1] 54
[1] 0.2496687
[1] 0.2642483
[1] "AdaLSE"
[1] 0.2387126
[1] 0.03505842
[1] 0.8888889

 0  1 
 6 48 
[1] "Fitting mean A"
[1] "Fitting variance A"
[1] "DR"
[1] 0.7832002
[1] 0.4874177
[1] 0.8703704

 0  1 
 7 47 
[1] "se comparison"
[1] 0.04136356
[1] 0.3704391
[1] 55
[1] 0.2496687
[1] 0.2642483
[1] "AdaLSE"
[1] 0.3463256
[1] 0.03649378
[1] 0.8727273

 0  1 
 7 48 
[1] "Fitting mean A"
[1] "Fitting variance A"
[1] "DR"
[1] -0.0503013
[1] 0.5404523
[1] 0.8727273

 0  1 
 7 48 
[1] "se comparison"
[1] 0.04251533
[1] 0.3704058
[1] 56
[1] 0.2496687
[1] 0.2642483
[1] "AdaLSE"
[1] 0.2595752
[1] 0.03522975
[1] 0.875

 0  1 
 7 49 
[1] "Fitting mean A"
[1] "Fitting variance A"
[1] "DR"
[1] 0.12775
[1] 0.09202832
[1] 0.875

 0  1 
 7 49 
[1] "se comparison"
[1] 0.04213093
[1] 0.3678748
[1] 57
[1] 0.2496687
[1] 0.2642483
[1] "AdaLSE"
[1] 0.2501262
[1] 0.03407258
[1] 0.877193

 0  1 
 7 50 
[1] "Fitting mean A"
[1] "Fitting variance A"
[1] "DR"
[1] 0.2604194
[1] 0.04733733
[1] 0.877193

 0  1 
 7 50 
[1] "se comparison"
[1] 0.04179219
[1] 0.3646385
[1] 58
[1] 0.2496687
[1] 0.2642483
[1] "AdaLSE"
[1] 0.2560866
[1] 0.03391039
[1] 0.8793103

 0  1 
 7 51 
[1] "Fitting mean A"
[1] "Fitting variance A"
[1] "DR"
[1] 0.2135574
[1] 0.04103915
[1] 0.8793103

 0  1 
 7 51 
[1] "se comparison"
[1] 0.04143551
[1] 0.3616509
[1] 59
[1] 0.2496687
[1] 0.2642483
[1] "AdaLSE"
[1] 0.2421788
[1] 0.03346268
[1] 0.8813559

 0  1 
 7 52 
[1] "Fitting mean A"
[1] "Fitting variance A"
[1] "DR"
[1] -0.2007743
[1] 0.6025908
[1] 0.8813559

 0  1 
 7 52 
[1] "se comparison"
[1] 0.04116963
[1] 0.3646119
[1] 60
[1] 0.2496687
[1] 0.2642483
[1] "AdaLSE"
[1] 0.2432227
[1] 0.03245935
[1] 0.8833333

 0  1 
 7 53 
[1] "Fitting mean A"
[1] "Fitting variance A"
[1] "DR"
[1] 0.2893017
[1] 0.5044635
[1] 0.8833333

 0  1 
 7 53 
[1] "se comparison"
[1] 0.04089941
[1] 0.3615116
[1] 61
[1] 0.2496687
[1] 0.2642483
[1] "AdaLSE"
[1] 0.2226485
[1] 0.03175408
[1] 0.8852459

 0  1 
 7 54 
[1] "Fitting mean A"
[1] "Fitting variance A"
[1] "DR"
[1] 0.1660394
[1] 0.06710905
[1] 0.8852459

 0  1 
 7 54 
[1] "se comparison"
[1] 0.04088034
[1] 0.3588978
[1] 62
[1] 0.2496687
[1] 0.2642483
[1] "AdaLSE"
[1] 0.2374315
[1] 0.03365866
[1] 0.8870968

 0  1 
 7 55 
[1] "Fitting mean A"
