LOADING R
R LOADED
[1] "/home/lvanderl/Rlibs2"                         
[2] "/app/software/R/4.2.2-foss-2021b/lib/R/library"
[1] "/home/lvanderl/sieveSims"
[1] -0.0111446  6.0058940
[1] 1
[1] -0.199991
[1] -0.1690726
[1] "AdaLSE"
[1] 0
[1] 0
[1] 0

0 
1 
[1] "Fitting mean A"
[1] "Fitting variance A"
[1] "DR"
[1] -0.04488774
[1] 0.06564104
[1] 1

1 
1 
[1] 2
[1] -0.199991
[1] -0.1690726
[1] "AdaLSE"
[1] 0
[1] 0
[1] 0

0 
2 
[1] "Fitting mean A"
[1] "Fitting variance A"
[1] "DR"
[1] -0.07040546
[1] 0.06532451
[1] 1

1 
2 
[1] 3
[1] -0.199991
[1] -0.1690726
[1] "AdaLSE"
[1] -0.2147788
[1] 0.05508963
[1] 0.3333333

0 1 
2 1 
[1] "Fitting mean A"
[1] "Fitting variance A"
[1] "DR"
[1] -0.1918433
[1] 0.06091815
[1] 1

1 
3 
[1] 4
[1] -0.199991
[1] -0.1690726
[1] "AdaLSE"
[1] -0.2498682
[1] 0.05221871
[1] 0.5

0 1 
2 2 
[1] "Fitting mean A"
[1] "Fitting variance A"
[1] "DR"
[1] -0.2503111
[1] 0.06496739
[1] 1

1 
4 
[1] 5
[1] -0.199991
[1] -0.1690726
[1] "AdaLSE"
[1] 0
[1] 0
[1] 0.4

0 1 
3 2 
[1] "Fitting mean A"
[1] "Fitting variance A"
[1] "DR"
[1] -0.07097576
[1] 0.06468691
[1] 1

1 
5 
[1] 6
[1] -0.199991
[1] -0.1690726
[1] "AdaLSE"
[1] -0.1032058
[1] 0.05141797
[1] 0.5

0 1 
3 3 
[1] "Fitting mean A"
[1] "Fitting variance A"
[1] "DR"
[1] -0.1618924
[1] 0.0603691
[1] 1

1 
6 
[1] 7
[1] -0.05516678  4.99254303
[1] -0.199991
[1] -0.1690726
[1] "AdaLSE"
[1] 0
[1] 0
[1] 0.4285714

0 1 
4 3 
[1] "Fitting mean A"
[1] "Fitting variance A"
[1] "DR"
[1] -0.1390303
[1] 0.06511464
[1] 1

1 
7 
[1] 8
[1] -0.199991
[1] -0.1690726
[1] "AdaLSE"
[1] 0
[1] 0
[1] 0.375

0 1 
5 3 
[1] "Fitting mean A"
[1] "Fitting variance A"
[1] "DR"
[1] -0.1555388
[1] 0.06231336
[1] 1

1 
8 
[1] 9
[1] -0.199991
[1] -0.1690726
[1] "AdaLSE"
[1] 0
[1] 0
[1] 0.3333333

0 1 
6 3 
[1] "Fitting mean A"
[1] "Fitting variance A"
[1] "DR"
[1] -0.04678051
[1] 0.06474441
[1] 1

1 
9 
[1] 10
[1] -0.199991
[1] -0.1690726
[1] "AdaLSE"
[1] -0.20082
[1] 0.05853214
[1] 0.4

0 1 
6 4 
[1] "Fitting mean A"
[1] "Fitting variance A"
[1] "DR"
[1] -0.1982448
[1] 0.06137072
[1] 1

 1 
10 
[1] 11
[1] -0.199991
[1] -0.1690726
[1] "AdaLSE"
[1] 0
[1] 0
[1] 0.3636364

0 1 
7 4 
[1] "Fitting mean A"
[1] "Fitting variance A"
[1] "DR"
[1] -0.1189794
[1] 0.06296976
[1] 1

 1 
11 
[1] 12
[1] -0.199991
[1] -0.1690726
[1] "AdaLSE"
[1] -0.2947372
[1] 0.05750208
[1] 0.3333333

0 1 
8 4 
[1] "Fitting mean A"
[1] "Fitting variance A"
[1] "DR"
[1] -0.2659821
[1] 0.06282737
[1] 1

 1 
12 
[1] 13
[1] -0.199991
[1] -0.1690726
[1] "AdaLSE"
[1] 0
[1] 0
[1] 0.3076923

0 1 
9 4 
[1] "Fitting mean A"
[1] "Fitting variance A"
[1] "DR"
[1] -0.2158859
[1] 0.06709308
[1] 1

 1 
13 
[1] 14
[1] -0.199991
[1] -0.1690726
[1] "AdaLSE"
[1] -0.2389368
[1] 0.05408266
[1] 0.3571429

0 1 
9 5 
[1] "Fitting mean A"
[1] "Fitting variance A"
[1] "DR"
[1] -0.1880823
[1] 0.06381871
[1] 1

 1 
14 
[1] 15
[1] -0.199991
[1] -0.1690726
[1] "AdaLSE"
[1] 0
[1] 0
[1] 0.3333333

 0  1 
10  5 
[1] "Fitting mean A"
[1] "Fitting variance A"
[1] "DR"
[1] -0.0316319
[1] 0.05824454
[1] 0.9333333

 0  1 
 1 14 
[1] 16
[1] -0.199991
[1] -0.1690726
[1] "AdaLSE"
[1] -0.2274354
[1] 0.05360602
[1] 0.375

 0  1 
10  6 
[1] "Fitting mean A"
[1] "Fitting variance A"
[1] "DR"
[1] -0.2497053
[1] 0.06710728
[1] 0.9375

 0  1 
 1 15 
[1] 17
[1] -0.199991
[1] -0.1690726
[1] "AdaLSE"
[1] 0
[1] 0
[1] 0.3529412

 0  1 
11  6 
[1] "Fitting mean A"
[1] "Fitting variance A"
[1] "DR"
[1] -0.07961642
[1] 0.06618952
[1] 0.9411765

 0  1 
 1 16 
[1] 18
[1] -0.199991
[1] -0.1690726
[1] "AdaLSE"
[1] 0
[1] 0
[1] 0.3333333

 0  1 
12  6 
[1] "Fitting mean A"
[1] "Fitting variance A"
[1] "DR"
[1] -0.08769356
[1] 0.06440326
[1] 0.9444444

 0  1 
 1 17 
[1] 19
[1] -0.199991
[1] -0.1690726
[1] "AdaLSE"
[1] -0.2977867
[1] 0.06345206
[1] 0.3157895

 0  1 
13  6 
[1] "Fitting mean A"
[1] "Fitting variance A"
[1] "DR"
[1] -0.2810342
[1] 0.06218853
[1] 0.9473684

 0  1 
 1 18 
[1] 20
[1] -0.199991
[1] -0.1690726
[1] "AdaLSE"
[1] 0
[1] 0
[1] 0.3

 0  1 
14  6 
[1] "Fitting mean A"
[1] "Fitting variance A"
[1] "DR"
[1] -0.1293399
[1] 0.06332077
[1] 0.95

 0  1 
 1 19 
[1] 21
[1] -0.199991
[1] -0.1690726
[1] "AdaLSE"
[1] -0.2774922
[1] 0.06374609
[1] 0.3333333

 0  1 
14  7 
[1] "Fitting mean A"
[1] "Fitting variance A"
[1] "DR"
[1] -0.2634896
[1] 0.06086351
[1] 0.952381

 0  1 
 1 20 
[1] 22
[1] -0.199991
[1] -0.1690726
[1] "AdaLSE"
[1] -0.01630247
[1] 0.05269563
[1] 0.3181818

 0  1 
15  7 
[1] "Fitting mean A"
[1] "Fitting variance A"
[1] "DR"
[1] -0.02827197
[1] 0.0604239
[1] 0.9090909

 0  1 
 2 20 
[1] 23
[1] -0.199991
[1] -0.1690726
[1] "AdaLSE"
[1] 0
[1] 0
[1] 0.3043478

 0  1 
16  7 
[1] "Fitting mean A"
[1] "Fitting variance A"
[1] "DR"
[1] -0.09563935
[1] 0.0656864
[1] 0.9130435

 0  1 
 2 21 
[1] 24
[1] -0.199991
[1] -0.1690726
[1] "AdaLSE"
[1] 0
[1] 0
[1] 0.2916667

 0  1 
17  7 
[1] "Fitting mean A"
[1] "Fitting variance A"
[1] "DR"
[1] -0.1224351
[1] 0.06873015
[1] 0.9166667

 0  1 
 2 22 
[1] 25
[1] -0.199991
[1] -0.1690726
[1] "AdaLSE"
[1] -0.1184812
[1] 0.05295896
[1] 0.32

 0  1 
17  8 
[1] "Fitting mean A"
[1] "Fitting variance A"
[1] "DR"
[1] -0.1173151
[1] 0.06403228
[1] 0.92

 0  1 
 2 23 
[1] 26
[1] -0.199991
[1] -0.1690726
[1] "AdaLSE"
[1] 0
[1] 0
[1] 0.3076923

 0  1 
18  8 
[1] "Fitting mean A"
[1] "Fitting variance A"
[1] "DR"
[1] -0.0310527
[1] 0.06354042
[1] 0.8846154

 0  1 
 3 23 
[1] 27
[1] -0.199991
[1] -0.1690726
[1] "AdaLSE"
[1] -0.04354557
[1] 0.05679212
[1] 0.2962963

 0  1 
19  8 
[1] "Fitting mean A"
[1] "Fitting variance A"
[1] "DR"
[1] -0.03942392
[1] 0.06670627
[1] 0.8888889

 0  1 
 3 24 
[1] 28
[1] -0.199991
[1] -0.1690726
[1] "AdaLSE"
[1] 0
[1] 0
[1] 0.2857143

 0  1 
20  8 
[1] "Fitting mean A"
[1] "Fitting variance A"
[1] "DR"
[1] -0.1223667
[1] 0.06354721
[1] 0.8928571

 0  1 
 3 25 
[1] 29
[1] -0.199991
[1] -0.1690726
[1] "AdaLSE"
[1] 0
[1] 0
[1] 0.2758621

 0  1 
21  8 
[1] "Fitting mean A"
[1] "Fitting variance A"
[1] "DR"
[1] -0.08046426
[1] 0.06386925
[1] 0.8965517

 0  1 
 3 26 
[1] 30
[1] -0.199991
[1] -0.1690726
[1] "AdaLSE"
[1] -0.1212988
[1] 0.05751579
[1] 0.3

 0  1 
21  9 
[1] "Fitting mean A"
[1] "Fitting variance A"
[1] "DR"
[1] -0.122772
[1] 0.06487628
[1] 0.9

 0  1 
 3 27 
[1] 31
[1] -0.199991
[1] -0.1690726
[1] "AdaLSE"
[1] 0
[1] 0
[1] 0.2903226

 0  1 
22  9 
[1] "Fitting mean A"
[1] "Fitting variance A"
[1] "DR"
[1] -0.1481206
[1] 0.06560835
[1] 0.9032258

 0  1 
 3 28 
[1] 32
[1] -0.00174089  5.58516956
[1] -0.199991
[1] -0.1690726
[1] "AdaLSE"
[1] -0.1708001
[1] 0.05293747
[1] 0.3125

 0  1 
22 10 
[1] "Fitting mean A"
[1] "Fitting variance A"
[1] "DR"
[1] -0.1891327
[1] 0.06446654
[1] 0.90625

 0  1 
 3 29 
[1] 33
[1] -0.199991
[1] -0.1690726
[1] "AdaLSE"
[1] -0.3020843
[1] 0.06556415
[1] 0.3030303

 0  1 
23 10 
[1] "Fitting mean A"
[1] "Fitting variance A"
[1] "DR"
[1] -0.2694737
[1] 0.06366752
[1] 0.9090909

 0  1 
 3 30 
[1] 34
[1] -0.199991
[1] -0.1690726
[1] "AdaLSE"
[1] -0.1941798
[1] 0.05465725
[1] 0.3235294

 0  1 
23 11 
[1] "Fitting mean A"
[1] "Fitting variance A"
[1] "DR"
[1] -0.2206197
[1] 0.05947268
[1] 0.9117647

 0  1 
 3 31 
[1] 35
[1] -0.199991
[1] -0.1690726
[1] "AdaLSE"
[1] 0
[1] 0
[1] 0.3142857

 0  1 
24 11 
[1] "Fitting mean A"
[1] "Fitting variance A"
[1] "DR"
[1] -0.1974745
[1] 0.06548396
[1] 0.9142857

 0  1 
 3 32 
[1] 36
[1] -0.199991
[1] -0.1690726
[1] "AdaLSE"
[1] 0
[1] 0
[1] 0.3055556

 0  1 
25 11 
[1] "Fitting mean A"
[1] "Fitting variance A"
[1] "DR"
[1] -0.1086756
[1] 0.0637922
[1] 0.9166667

 0  1 
 3 33 
[1] 37
[1] -0.199991
[1] -0.1690726
[1] "AdaLSE"
[1] -0.2718275
[1] 0.06224432
[1] 0.3243243

 0  1 
25 12 
[1] "Fitting mean A"
[1] "Fitting variance A"
[1] "DR"
[1] -0.2102843
[1] 0.06612443
[1] 0.9189189

 0  1 
 3 34 
[1] 38
[1] -0.199991
[1] -0.1690726
[1] "AdaLSE"
[1] -0.1773685
[1] 0.05386069
[1] 0.3421053

 0  1 
25 13 
[1] "Fitting mean A"
[1] "Fitting variance A"
[1] "DR"
[1] -0.101016
[1] 0.06157705
[1] 0.9210526

 0  1 
 3 35 
[1] 39
[1] -0.199991
[1] -0.1690726
[1] "AdaLSE"
[1] -0.1612209
[1] 0.05597505
[1] 0.3589744

 0  1 
25 14 
[1] "Fitting mean A"
[1] "Fitting variance A"
[1] "DR"
[1] -0.1609759
[1] 0.06573374
[1] 0.9230769

 0  1 
 3 36 
[1] 40
[1] -0.199991
[1] -0.1690726
[1] "AdaLSE"
[1] -0.1309304
[1] 0.05235884
[1] 0.375

 0  1 
25 15 
[1] "Fitting mean A"
[1] "Fitting variance A"
[1] "DR"
[1] -0.1276189
[1] 0.06344067
[1] 0.925

 0  1 
 3 37 
[1] 41
[1] -0.199991
[1] -0.1690726
[1] "AdaLSE"
[1] -0.1748386
[1] 0.05719731
[1] 0.3902439

 0  1 
25 16 
[1] "Fitting mean A"
[1] "Fitting variance A"
[1] "DR"
[1] -0.1627064
[1] 0.06320406
[1] 0.9268293

 0  1 
 3 38 
[1] 42
[1] -0.199991
[1] -0.1690726
[1] "AdaLSE"
[1] 0
[1] 0
[1] 0.3809524

 0  1 
26 16 
[1] "Fitting mean A"
[1] "Fitting variance A"
[1] "DR"
[1] -0.1201834
[1] 0.06466808
[1] 0.9285714

 0  1 
 3 39 
[1] 43
[1] -0.199991
[1] -0.1690726
[1] "AdaLSE"
[1] -0.2577286
[1] 0.06014439
[1] 0.3953488

 0  1 
26 17 
[1] "Fitting mean A"
[1] "Fitting variance A"
[1] "DR"
[1] -0.1885666
[1] 0.06562013
[1] 0.9302326

 0  1 
 3 40 
[1] 44
[1] -0.199991
[1] -0.1690726
[1] "AdaLSE"
[1] 0
[1] 0
[1] 0.3863636

 0  1 
27 17 
[1] "Fitting mean A"
[1] "Fitting variance A"
[1] "DR"
[1] -0.1453795
[1] 0.06310204
[1] 0.9318182

 0  1 
 3 41 
[1] 45
[1] -0.199991
[1] -0.1690726
[1] "AdaLSE"
[1] -0.1856634
[1] 0.05030547
[1] 0.4

 0  1 
27 18 
[1] "Fitting mean A"
[1] "Fitting variance A"
[1] "DR"
[1] -0.1368802
[1] 0.06216368
[1] 0.9333333

 0  1 
 3 42 
[1] 46
[1] -0.199991
[1] -0.1690726
[1] "AdaLSE"
[1] -0.11996
[1] 0.054344
[1] 0.4130435

 0  1 
27 19 
[1] "Fitting mean A"
[1] "Fitting variance A"
[1] "DR"
[1] -0.1349899
[1] 0.06152875
[1] 0.9347826

 0  1 
 3 43 
[1] 47
[1] -0.199991
[1] -0.1690726
[1] "AdaLSE"
[1] 0
[1] 0
[1] 0.4042553

 0  1 
28 19 
[1] "Fitting mean A"
[1] "Fitting variance A"
[1] "DR"
[1] -0.1171675
[1] 0.06472198
[1] 0.9361702

 0  1 
 3 44 
[1] 48
[1] -0.199991
[1] -0.1690726
[1] "AdaLSE"
[1] -0.2034496
[1] 0.05691147
[1] 0.4166667

 0  1 
28 20 
[1] "Fitting mean A"
[1] "Fitting variance A"
[1] "DR"
[1] -0.1828817
[1] 0.06512255
[1] 0.9375

 0  1 
 3 45 
[1] 49
[1] -0.199991
[1] -0.1690726
[1] "AdaLSE"
[1] 0
[1] 0
[1] 0.4081633

 0  1 
29 20 
[1] "Fitting mean A"
[1] "Fitting variance A"
[1] "DR"
[1] -0.1144971
[1] 0.06440502
[1] 0.9387755

 0  1 
 3 46 
[1] 50
[1] -0.04779414  5.61935173
[1] -0.199991
[1] -0.1690726
[1] "AdaLSE"
[1] 0
[1] 0
[1] 0.4

 0  1 
30 20 
[1] "Fitting mean A"
[1] "Fitting variance A"
[1] "DR"
[1] -0.1113565
[1] 0.06491163
[1] 0.94

 0  1 
 3 47 
[1] 51
[1] -0.199991
[1] -0.1690726
[1] "AdaLSE"
[1] 0
[1] 0
[1] 0.3921569

 0  1 
31 20 
[1] "Fitting mean A"
[1] "Fitting variance A"
[1] "DR"
[1] -0.1179176
[1] 0.06659422
[1] 0.9411765

 0  1 
 3 48 
[1] 52
[1] -0.199991
[1] -0.1690726
[1] "AdaLSE"
[1] 0
[1] 0
[1] 0.3846154

 0  1 
32 20 
[1] "Fitting mean A"
[1] "Fitting variance A"
[1] "DR"
[1] -0.05334928
[1] 0.06596535
[1] 0.9423077

 0  1 
 3 49 
[1] 53
[1] -0.199991
[1] -0.1690726
[1] "AdaLSE"
[1] 0
[1] 0
[1] 0.3773585

 0  1 
33 20 
[1] "Fitting mean A"
[1] "Fitting variance A"
[1] "DR"
[1] -0.1311388
[1] 0.06346859
[1] 0.9433962

 0  1 
 3 50 
[1] 54
[1] -0.199991
[1] -0.1690726
[1] "AdaLSE"
[1] 0
[1] 0
[1] 0.3703704

 0  1 
34 20 
[1] "Fitting mean A"
[1] "Fitting variance A"
[1] "DR"
[1] -0.09354464
[1] 0.06305506
[1] 0.9444444

 0  1 
 3 51 
[1] 55
[1] -0.199991
[1] -0.1690726
[1] "AdaLSE"
[1] -0.1522964
[1] 0.05711933
[1] 0.3818182

 0  1 
34 21 
[1] "Fitting mean A"
[1] "Fitting variance A"
[1] "DR"
[1] -0.1566996
[1] 0.06639621
[1] 0.9454545

 0  1 
 3 52 
[1] 56
[1] -0.199991
[1] -0.1690726
[1] "AdaLSE"
[1] -0.1616073
[1] 0.04916556
[1] 0.3928571

 0  1 
34 22 
[1] "Fitting mean A"
[1] "Fitting variance A"
[1] "DR"
[1] -0.2003098
[1] 0.06309791
[1] 0.9464286

 0  1 
 3 53 
[1] 57
[1] -0.199991
[1] -0.1690726
[1] "AdaLSE"
[1] 0
[1] 0
[1] 0.3859649

 0  1 
35 22 
[1] "Fitting mean A"
[1] "Fitting variance A"
[1] "DR"
[1] -0.1748422
[1] 0.06821434
[1] 0.9473684

 0  1 
 3 54 
[1] 58
[1] -0.199991
[1] -0.1690726
[1] "AdaLSE"
[1] 0
[1] 0
[1] 0.3793103

 0  1 
36 22 
[1] "Fitting mean A"
[1] "Fitting variance A"
[1] "DR"
[1] -0.1053564
[1] 0.06471119
[1] 0.9482759

 0  1 
 3 55 
[1] 59
[1] -0.199991
[1] -0.1690726
[1] "AdaLSE"
[1] 0
[1] 0
[1] 0.3728814

 0  1 
37 22 
[1] "Fitting mean A"
[1] "Fitting variance A"
[1] "DR"
[1] -0.1722769
[1] 0.06937449
[1] 0.9491525

 0  1 
 3 56 
[1] 60
[1] -0.199991
[1] -0.1690726
[1] "AdaLSE"
[1] -0.2152463
[1] 0.06112347
[1] 0.3833333

 0  1 
37 23 
[1] "Fitting mean A"
[1] "Fitting variance A"
[1] "DR"
[1] -0.2050987
[1] 0.05920254
[1] 0.95

 0  1 
 3 57 
[1] 61
[1] -0.199991
[1] -0.1690726
[1] "AdaLSE"
[1] -0.3279978
[1] 0.06381934
[1] 0.3770492

 0  1 
38 23 
[1] "Fitting mean A"
[1] "Fitting variance A"
[1] "DR"
[1] -0.306516
[1] 0.06238096
[1] 0.9344262

 0  1 
 4 57 
[1] 62
[1] -0.199991
[1] -0.1690726
[1] "AdaLSE"
[1] 0
[1] 0
[1] 0.3709677

 0  1 
39 23 
[1] "Fitting mean A"
[1] "Fitting variance A"
[1] "DR"
[1] -0.04822665
[1] 0.06336134
[1] 0.9354839

 0  1 
 4 58 
[1] 63
[1] -0.199991
[1] -0.1690726
[1] "AdaLSE"
[1] 0
[1] 0
[1] 0.3650794

 0  1 
40 23 
[1] "Fitting mean A"
[1] "Fitting variance A"
[1] "DR"
[1] -0.05531153
[1] 0.06888347
[1] 0.9365079

 0  1 
 4 59 
[1] 64
[1] -0.199991
[1] -0.1690726
[1] "AdaLSE"
[1] -0.2322012
[1] 0.06237816
[1] 0.375

 0  1 
40 24 
[1] "Fitting mean A"
[1] "Fitting variance A"
[1] "DR"
[1] -0.2170559
[1] 0.06006338
[1] 0.9375

 0  1 
 4 60 
[1] 65
[1] -0.199991
[1] -0.1690726
[1] "AdaLSE"
[1] -0.2214676
[1] 0.05568548
[1] 0.3846154

 0  1 
40 25 
[1] "Fitting mean A"
[1] "Fitting variance A"
[1] "DR"
[1] -0.2053333
[1] 0.0607632
[1] 0.9384615

 0  1 
 4 61 
[1] 66
[1] -0.199991
[1] -0.1690726
[1] "AdaLSE"
[1] -0.2980011
[1] 0.05687053
[1] 0.3787879

 0  1 
41 25 
[1] "Fitting mean A"
[1] "Fitting variance A"
[1] "DR"
[1] -0.2695845
[1] 0.06026087
[1] 0.9393939

 0  1 
 4 62 
[1] 67
[1] -0.199991
[1] -0.1690726
[1] "AdaLSE"
[1] -0.27466
[1] 0.06129418
[1] 0.3880597

 0  1 
41 26 
[1] "Fitting mean A"
[1] "Fitting variance A"
[1] "DR"
[1] -0.2085499
[1] 0.06557816
[1] 0.9402985

 0  1 
 4 63 
[1] 68
[1] -0.199991
[1] -0.1690726
[1] "AdaLSE"
[1] -0.0889942
[1] 0.06525467
[1] 0.3970588

 0  1 
41 27 
[1] "Fitting mean A"
[1] "Fitting variance A"
[1] "DR"
[1] -0.0679099
[1] 0.06371791
[1] 0.9411765

 0  1 
 4 64 
[1] 69
[1] -0.199991
[1] -0.1690726
[1] "AdaLSE"
[1] -0.175949
[1] 0.0505832
[1] 0.4057971

 0  1 
41 28 
[1] "Fitting mean A"
[1] "Fitting variance A"
[1] "DR"
[1] -0.2108761
[1] 0.06401944
[1] 0.942029

 0  1 
 4 65 
[1] 70
[1] -0.199991
[1] -0.1690726
[1] "AdaLSE"
[1] 0
[1] 0
[1] 0.4

 0  1 
42 28 
[1] "Fitting mean A"
[1] "Fitting variance A"
[1] "DR"
[1] -0.1385145
[1] 0.06356456
[1] 0.9428571

 0  1 
 4 66 
[1] 71
[1] -0.199991
[1] -0.1690726
[1] "AdaLSE"
[1] 0
[1] 0
[1] 0.3943662

 0  1 
43 28 
[1] "Fitting mean A"
[1] "Fitting variance A"
[1] "DR"
[1] -0.1944884
[1] 0.06553756
[1] 0.943662

 0  1 
 4 67 
[1] 72
[1] -0.199991
[1] -0.1690726
[1] "AdaLSE"
[1] 0
[1] 0
[1] 0.3888889

 0  1 
44 28 
[1] "Fitting mean A"
[1] "Fitting variance A"
[1] "DR"
[1] -0.1318618
[1] 0.06784403
[1] 0.9444444

 0  1 
 4 68 
[1] 73
[1] -0.199991
[1] -0.1690726
[1] "AdaLSE"
[1] 0
[1] 0
[1] 0.3835616

 0  1 
45 28 
[1] "Fitting mean A"
[1] "Fitting variance A"
[1] "DR"
[1] -0.1223693
[1] 0.06617553
[1] 0.9452055

 0  1 
 4 69 
[1] 74
[1] -0.199991
[1] -0.1690726
[1] "AdaLSE"
[1] 0
[1] 0
[1] 0.3783784

 0  1 
46 28 
[1] "Fitting mean A"
[1] "Fitting variance A"
[1] "DR"
[1] -0.131815
[1] 0.06675974
[1] 0.9459459

 0  1 
 4 70 
[1] 75
[1] -0.199991
[1] -0.1690726
[1] "AdaLSE"
[1] 0
[1] 0
[1] 0.3733333

 0  1 
47 28 
[1] "Fitting mean A"
[1] "Fitting variance A"
[1] "DR"
[1] -0.1037752
[1] 0.06547837
[1] 0.9466667

 0  1 
 4 71 
[1] 76
[1] -0.199991
[1] -0.1690726
[1] "AdaLSE"
[1] 0
[1] 0
[1] 0.3684211

 0  1 
48 28 
[1] "Fitting mean A"
[1] "Fitting variance A"
[1] "DR"
[1] -0.1075024
[1] 0.06510888
[1] 0.9473684

 0  1 
 4 72 
[1] 77
[1] -0.199991
[1] -0.1690726
[1] "AdaLSE"
[1] -0.327567
[1] 0.06138332
[1] 0.3636364

 0  1 
49 28 
[1] "Fitting mean A"
[1] "Fitting variance A"
[1] "DR"
[1] -0.2701401
[1] 0.06366265
[1] 0.9480519

 0  1 
 4 73 
[1] 78
[1] -0.199991
[1] -0.1690726
[1] "AdaLSE"
[1] 0
[1] 0
[1] 0.3589744

 0  1 
50 28 
[1] "Fitting mean A"
[1] "Fitting variance A"
[1] "DR"
[1] -0.1139192
[1] 0.063643
[1] 0.9487179

 0  1 
 4 74 
[1] 79
[1] -0.199991
[1] -0.1690726
[1] "AdaLSE"
[1] 0
[1] 0
[1] 0.3544304

 0  1 
51 28 
[1] "Fitting mean A"
[1] "Fitting variance A"
[1] "DR"
[1] -0.09441737
[1] 0.06256767
[1] 0.9493671

 0  1 
 4 75 
[1] 80
[1] -0.199991
[1] -0.1690726
[1] "AdaLSE"
[1] -0.2298932
[1] 0.05371635
[1] 0.3625

 0  1 
51 29 
[1] "Fitting mean A"
[1] "Fitting variance A"
[1] "DR"
[1] -0.1880725
[1] 0.06153902
[1] 0.95

 0  1 
 4 76 
[1] 81
[1] -0.199991
[1] -0.1690726
[1] "AdaLSE"
[1] 0
[1] 0
[1] 0.3580247

 0  1 
52 29 
[1] "Fitting mean A"
[1] "Fitting variance A"
[1] "DR"
[1] -0.100399
[1] 0.06437639
[1] 0.9506173

 0  1 
 4 77 
[1] 82
[1] -0.199991
[1] -0.1690726
[1] "AdaLSE"
[1] -0.286673
[1] 0.05382341
[1] 0.3536585

 0  1 
53 29 
[1] "Fitting mean A"
[1] "Fitting variance A"
[1] "DR"
[1] -0.2014323
[1] 0.06360713
[1] 0.9512195

 0  1 
 4 78 
[1] 83
[1] -0.02856815  5.31176410
[1] -0.199991
[1] -0.1690726
[1] "AdaLSE"
[1] -0.1250064
[1] 0.05522857
[1] 0.3614458

 0  1 
53 30 
[1] "Fitting mean A"
[1] "Fitting variance A"
[1] "DR"
[1] -0.1146899
[1] 0.06187374
[1] 0.9518072

 0  1 
 4 79 
[1] 84
[1] -0.199991
[1] -0.1690726
[1] "AdaLSE"
[1] 0
[1] 0
[1] 0.3571429

 0  1 
54 30 
[1] "Fitting mean A"
[1] "Fitting variance A"
[1] "DR"
[1] -0.1051775
[1] 0.06331477
[1] 0.952381

 0  1 
 4 80 
[1] 85
[1] -0.199991
[1] -0.1690726
[1] "AdaLSE"
[1] -0.1781471
[1] 0.0561362
[1] 0.3647059

 0  1 
54 31 
[1] "Fitting mean A"
[1] "Fitting variance A"
[1] "DR"
[1] -0.1754865
[1] 0.06654756
[1] 0.9529412

 0  1 
 4 81 
[1] 86
[1] -0.199991
[1] -0.1690726
[1] "AdaLSE"
[1] -0.211546
[1] 0.04745479
[1] 0.372093

 0  1 
54 32 
[1] "Fitting mean A"
[1] "Fitting variance A"
[1] "DR"
[1] -0.2143923
[1] 0.06490326
[1] 0.9534884

 0  1 
 4 82 
[1] 87
[1] -0.199991
[1] -0.1690726
[1] "AdaLSE"
[1] -0.2252165
[1] 0.05098161
[1] 0.3793103

 0  1 
54 33 
[1] "Fitting mean A"
[1] "Fitting variance A"
[1] "DR"
[1] -0.2242177
[1] 0.06699734
[1] 0.954023

 0  1 
 4 83 
[1] 88
[1] -0.199991
[1] -0.1690726
[1] "AdaLSE"
[1] -0.2526308
[1] 0.05445129
[1] 0.3863636

 0  1 
54 34 
[1] "Fitting mean A"
[1] "Fitting variance A"
[1] "DR"
[1] -0.2252683
[1] 0.06458662
[1] 0.9545455

 0  1 
 4 84 
[1] 89
[1] -0.199991
[1] -0.1690726
[1] "AdaLSE"
[1] 0
[1] 0
[1] 0.3820225

 0  1 
55 34 
[1] "Fitting mean A"
[1] "Fitting variance A"
[1] "DR"
[1] -0.07536473
[1] 0.06365462
[1] 0.9550562

 0  1 
 4 85 
[1] 90
[1] -0.199991
[1] -0.1690726
[1] "AdaLSE"
[1] -0.1788149
[1] 0.05997192
[1] 0.3888889

 0  1 
55 35 
[1] "Fitting mean A"
[1] "Fitting variance A"
[1] "DR"
[1] -0.1486261
[1] 0.06132637
[1] 0.9555556

 0  1 
 4 86 
[1] 91
[1] -0.199991
[1] -0.1690726
[1] "AdaLSE"
[1] 0
[1] 0
[1] 0.3846154

 0  1 
56 35 
[1] "Fitting mean A"
[1] "Fitting variance A"
[1] "DR"
[1] -0.178241
[1] 0.06576922
[1] 0.956044

 0  1 
 4 87 
[1] 92
[1] -0.199991
[1] -0.1690726
[1] "AdaLSE"
[1] 0
[1] 0
[1] 0.3804348

 0  1 
57 35 
[1] "Fitting mean A"
[1] "Fitting variance A"
[1] "DR"
[1] -0.1297684
[1] 0.06385635
[1] 0.9565217

 0  1 
 4 88 
[1] 93
[1] -0.199991
[1] -0.1690726
[1] "AdaLSE"
[1] 0
[1] 0
[1] 0.3763441

 0  1 
58 35 
[1] "Fitting mean A"
[1] "Fitting variance A"
[1] "DR"
[1] -0.09380212
[1] 0.06483231
[1] 0.9569892

 0  1 
 4 89 
[1] 94
[1] -0.199991
[1] -0.1690726
[1] "AdaLSE"
[1] -0.285822
[1] 0.05435601
[1] 0.3723404

 0  1 
59 35 
[1] "Fitting mean A"
[1] "Fitting variance A"
[1] "DR"
[1] -0.3103402
[1] 0.06253132
[1] 0.9468085

 0  1 
 5 89 
[1] 95
[1] -0.199991
[1] -0.1690726
[1] "AdaLSE"
[1] 0
[1] 0
[1] 0.3684211

 0  1 
60 35 
[1] "Fitting mean A"
[1] "Fitting variance A"
[1] "DR"
[1] -0.178341
[1] 0.0664606
[1] 0.9473684

 0  1 
 5 90 
[1] 96
[1] -0.199991
[1] -0.1690726
[1] "AdaLSE"
[1] -0.1451778
[1] 0.0571858
[1] 0.375

 0  1 
60 36 
[1] "Fitting mean A"
[1] "Fitting variance A"
[1] "DR"
[1] -0.08007892
[1] 0.06508743
[1] 0.9479167

 0  1 
 5 91 
[1] 97
[1] -0.199991
[1] -0.1690726
[1] "AdaLSE"
[1] 0
[1] 0
[1] 0.371134

 0  1 
61 36 
[1] "Fitting mean A"
[1] "Fitting variance A"
[1] "DR"
[1] -0.1356895
[1] 0.06678329
[1] 0.9484536

 0  1 
 5 92 
[1] 98
[1] -0.199991
[1] -0.1690726
[1] "AdaLSE"
[1] 0
[1] 0
[1] 0.3673469

 0  1 
62 36 
[1] "Fitting mean A"
[1] "Fitting variance A"
[1] "DR"
[1] -0.1190889
[1] 0.0676716
[1] 0.9489796

 0  1 
 5 93 
[1] 99
[1] -0.199991
[1] -0.1690726
[1] "AdaLSE"
[1] -0.1482658
[1] 0.05595583
[1] 0.3737374

 0  1 
62 37 
[1] "Fitting mean A"
[1] "Fitting variance A"
[1] "DR"
[1] -0.128452
[1] 0.06342203
[1] 0.9494949

 0  1 
 5 94 
[1] 100
[1] -0.199991
[1] -0.1690726
[1] "AdaLSE"
[1] -0.2368326
[1] 0.05531551
[1] 0.38

 0  1 
62 38 
[1] "Fitting mean A"
[1] "Fitting variance A"
[1] "DR"
[1] -0.233092
[1] 0.06560851
[1] 0.95

 0  1 
 5 95 
[1] 101
[1] -0.199991
[1] -0.1690726
[1] "AdaLSE"
[1] -0.177499
[1] 0.05428552
[1] 0.3861386

 0  1 
62 39 
[1] "Fitting mean A"
[1] "Fitting variance A"
[1] "DR"
[1] -0.2016871
[1] 0.06435023
[1] 0.950495

 0  1 
 5 96 
[1] 102
[1] -0.199991
[1] -0.1690726
[1] "AdaLSE"
[1] -0.2415506
[1] 0.05764447
[1] 0.3921569

 0  1 
62 40 
[1] "Fitting mean A"
[1] "Fitting variance A"
[1] "DR"
[1] -0.2512194
[1] 0.0579916
[1] 0.9509804

 0  1 
 5 97 
[1] 103
[1] -0.199991
[1] -0.1690726
[1] "AdaLSE"
[1] 0
[1] 0
[1] 0.3883495

 0  1 
63 40 
[1] "Fitting mean A"
[1] "Fitting variance A"
[1] "DR"
[1] -0.122511
[1] 0.06501829
[1] 0.9514563

 0  1 
 5 98 
[1] 104
[1] -0.199991
[1] -0.1690726
[1] "AdaLSE"
[1] 0
[1] 0
[1] 0.3846154

 0  1 
64 40 
[1] "Fitting mean A"
[1] "Fitting variance A"
[1] "DR"
[1] -0.0845695
[1] 0.0657932
[1] 0.9519231

 0  1 
 5 99 
[1] 105
[1] -0.199991
[1] -0.1690726
[1] "AdaLSE"
[1] -0.2247162
[1] 0.06116126
[1] 0.3904762

 0  1 
64 41 
[1] "Fitting mean A"
[1] "Fitting variance A"
[1] "DR"
[1] -0.1985537
[1] 0.06149023
[1] 0.952381

  0   1 
  5 100 
[1] 106
[1] -0.199991
[1] -0.1690726
[1] "AdaLSE"
[1] 0
[1] 0
[1] 0.3867925

 0  1 
65 41 
[1] "Fitting mean A"
[1] "Fitting variance A"
[1] "DR"
[1] -0.1352292
[1] 0.06743332
[1] 0.9528302

  0   1 
  5 101 
[1] 107
[1] -0.199991
[1] -0.1690726
[1] "AdaLSE"
[1] -0.09525134
[1] 0.04981302
[1] 0.3925234

 0  1 
65 42 
[1] "Fitting mean A"
[1] "Fitting variance A"
[1] "DR"
[1] -0.08577916
[1] 0.05633107
[1] 0.953271

  0   1 
  5 102 
[1] 108
[1] -0.199991
[1] -0.1690726
[1] "AdaLSE"
[1] 0
[1] 0
[1] 0.3888889

 0  1 
66 42 
[1] "Fitting mean A"
[1] "Fitting variance A"
[1] "DR"
[1] -0.1453791
[1] 0.06349985
[1] 0.9537037

  0   1 
  5 103 
[1] 109
[1] -0.199991
[1] -0.1690726
[1] "AdaLSE"
[1] -0.1203826
[1] 0.06600157
[1] 0.3944954

 0  1 
66 43 
[1] "Fitting mean A"
[1] "Fitting variance A"
[1] "DR"
[1] -0.1137069
[1] 0.06358423
[1] 0.9541284

  0   1 
  5 104 
[1] 110
[1] -0.199991
[1] -0.1690726
[1] "AdaLSE"
[1] -0.2024186
[1] 0.05744317
[1] 0.4

 0  1 
66 44 
[1] "Fitting mean A"
[1] "Fitting variance A"
[1] "DR"
[1] -0.1962553
[1] 0.062811
[1] 0.9545455

  0   1 
  5 105 
[1] 111
[1] -0.199991
[1] -0.1690726
[1] "AdaLSE"
[1] 0
[1] 0
[1] 0.3963964

 0  1 
67 44 
[1] "Fitting mean A"
[1] "Fitting variance A"
[1] "DR"
[1] -0.1106143
[1] 0.06620961
[1] 0.954955

  0   1 
  5 106 
[1] 112
[1] -0.199991
[1] -0.1690726
[1] "AdaLSE"
[1] -0.2459833
[1] 0.05421505
[1] 0.4017857

 0  1 
67 45 
[1] "Fitting mean A"
[1] "Fitting variance A"
[1] "DR"
[1] -0.2426647
[1] 0.06485999
[1] 0.9553571

  0   1 
  5 107 
[1] 113
[1] -0.199991
[1] -0.1690726
[1] "AdaLSE"
[1] 0
[1] 0
[1] 0.3982301

 0  1 
68 45 
[1] "Fitting mean A"
[1] "Fitting variance A"
[1] "DR"
[1] -0.1810254
[1] 0.06460202
[1] 0.9557522

  0   1 
  5 108 
[1] 114
[1] -0.199991
[1] -0.1690726
[1] "AdaLSE"
[1] 0
[1] 0
[1] 0.3947368

 0  1 
69 45 
[1] "Fitting mean A"
[1] "Fitting variance A"
[1] "DR"
[1] -0.1020132
[1] 0.06863634
[1] 0.9561404

  0   1 
  5 109 
[1] 115
[1] -0.199991
[1] -0.1690726
[1] "AdaLSE"
[1] -0.1537478
[1] 0.05338218
[1] 0.4

 0  1 
69 46 
[1] "Fitting mean A"
[1] "Fitting variance A"
[1] "DR"
[1] -0.1246028
[1] 0.05980054
[1] 0.9565217

  0   1 
  5 110 
[1] 116
[1] -0.199991
[1] -0.1690726
[1] "AdaLSE"
[1] -0.1267117
[1] 0.05731287
[1] 0.4051724

 0  1 
69 47 
[1] "Fitting mean A"
[1] "Fitting variance A"
[1] "DR"
[1] -0.1074138
[1] 0.0645827
[1] 0.9568966

  0   1 
  5 111 
[1] 117
[1] -0.199991
[1] -0.1690726
[1] "AdaLSE"
[1] 0
[1] 0
[1] 0.4017094

 0  1 
70 47 
[1] "Fitting mean A"
[1] "Fitting variance A"
[1] "DR"
[1] -0.1846987
[1] 0.06087914
[1] 0.957265

  0   1 
  5 112 
[1] 118
[1] -0.199991
[1] -0.1690726
[1] "AdaLSE"
[1] -0.1672722
[1] 0.05832938
[1] 0.4067797

 0  1 
70 48 
[1] "Fitting mean A"
[1] "Fitting variance A"
[1] "DR"
[1] -0.1932912
[1] 0.06769136
[1] 0.9576271

  0   1 
  5 113 
[1] 119
[1] -0.199991
[1] -0.1690726
[1] "AdaLSE"
[1] -0.226236
[1] 0.05257457
[1] 0.4117647

 0  1 
70 49 
[1] "Fitting mean A"
[1] "Fitting variance A"
[1] "DR"
[1] -0.1892067
[1] 0.06081984
[1] 0.9579832

  0   1 
  5 114 
[1] 120
[1] -0.199991
[1] -0.1690726
[1] "AdaLSE"
[1] 0
[1] 0
[1] 0.4083333

 0  1 
71 49 
[1] "Fitting mean A"
[1] "Fitting variance A"
[1] "DR"
[1] -0.09687553
[1] 0.06337378
[1] 0.9583333

  0   1 
  5 115 
[1] 121
[1] -0.199991
[1] -0.1690726
[1] "AdaLSE"
[1] 0
[1] 0
[1] 0.4049587

 0  1 
72 49 
[1] "Fitting mean A"
[1] "Fitting variance A"
[1] "DR"
[1] -0.01849736
[1] 0.06539263
[1] 0.9504132

  0   1 
  6 115 
[1] 122
[1] -0.199991
[1] -0.1690726
[1] "AdaLSE"
[1] 0
[1] 0
[1] 0.4016393

 0  1 
73 49 
[1] "Fitting mean A"
[1] "Fitting variance A"
[1] "DR"
[1] -0.07589712
[1] 0.06621047
[1] 0.9508197

  0   1 
  6 116 
[1] 123
[1] -0.199991
[1] -0.1690726
[1] "AdaLSE"
[1] -0.1634357
[1] 0.05443099
[1] 0.4065041

 0  1 
73 50 
[1] "Fitting mean A"
[1] "Fitting variance A"
[1] "DR"
[1] -0.1279107
[1] 0.06062509
[1] 0.9512195

  0   1 
  6 117 
[1] 124
[1] -0.199991
[1] -0.1690726
[1] "AdaLSE"
[1] 0
[1] 0
[1] 0.4032258

 0  1 
74 50 
[1] "Fitting mean A"
[1] "Fitting variance A"
[1] "DR"
[1] -0.1011596
[1] 0.0637195
[1] 0.9516129

  0   1 
  6 118 
[1] 125
[1] -0.199991
[1] -0.1690726
[1] "AdaLSE"
[1] 0
[1] 0
[1] 0.4

 0  1 
75 50 
[1] "Fitting mean A"
[1] "Fitting variance A"
[1] "DR"
[1] -0.2287985
[1] 0.06648791
[1] 0.952

  0   1 
  6 119 
[1] 126
[1] -0.199991
[1] -0.1690726
[1] "AdaLSE"
[1] -0.09359296
[1] 0.05567903
[1] 0.4047619

 0  1 
75 51 
[1] "Fitting mean A"
[1] "Fitting variance A"
[1] "DR"
[1] -0.1355269
[1] 0.06247135
[1] 0.952381

  0   1 
  6 120 
[1] 127
[1] -0.199991
[1] -0.1690726
[1] "AdaLSE"
[1] -0.1895959
[1] 0.05235735
[1] 0.4094488

 0  1 
75 52 
[1] "Fitting mean A"
[1] "Fitting variance A"
[1] "DR"
[1] -0.2288728
[1] 0.06396283
[1] 0.9527559

  0   1 
  6 121 
[1] 128
[1] -0.01564942  5.41906043
[1] -0.199991
[1] -0.1690726
[1] "AdaLSE"
[1] 0
[1] 0
[1] 0.40625

 0  1 
76 52 
[1] "Fitting mean A"
[1] "Fitting variance A"
[1] "DR"
[1] -0.1215368
[1] 0.0631315
[1] 0.953125

  0   1 
  6 122 
[1] 129
[1] -0.199991
[1] -0.1690726
[1] "AdaLSE"
[1] 0
[1] 0
[1] 0.4031008

 0  1 
77 52 
[1] "Fitting mean A"
[1] "Fitting variance A"
[1] "DR"
[1] -0.1505061
[1] 0.06584949
[1] 0.9534884

  0   1 
  6 123 
[1] 130
[1] -0.199991
[1] -0.1690726
[1] "AdaLSE"
[1] 0
[1] 0
[1] 0.4

 0  1 
78 52 
[1] "Fitting mean A"
[1] "Fitting variance A"
[1] "DR"
[1] -0.08521097
[1] 0.06309166
[1] 0.9538462

  0   1 
  6 124 
[1] 131
[1] -0.199991
[1] -0.1690726
[1] "AdaLSE"
[1] -0.2093999
[1] 0.05893385
[1] 0.4045802

 0  1 
78 53 
[1] "Fitting mean A"
[1] "Fitting variance A"
[1] "DR"
[1] -0.2159135
[1] 0.06316941
[1] 0.9541985

  0   1 
  6 125 
[1] 132
[1] -0.199991
[1] -0.1690726
[1] "AdaLSE"
[1] -0.2068947
[1] 0.0549641
[1] 0.4090909

 0  1 
78 54 
[1] "Fitting mean A"
[1] "Fitting variance A"
[1] "DR"
[1] -0.178306
[1] 0.0668661
[1] 0.9545455

  0   1 
  6 126 
[1] 133
[1] -0.199991
[1] -0.1690726
[1] "AdaLSE"
[1] -0.0955499
[1] 0.05362836
[1] 0.4135338

 0  1 
78 55 
[1] "Fitting mean A"
[1] "Fitting variance A"
[1] "DR"
[1] -0.0909264
[1] 0.05912098
[1] 0.9548872

  0   1 
  6 127 
[1] 134
[1] -0.199991
[1] -0.1690726
[1] "AdaLSE"
[1] 0
[1] 0
[1] 0.4104478

 0  1 
79 55 
[1] "Fitting mean A"
[1] "Fitting variance A"
[1] "DR"
[1] -0.1304422
[1] 0.06470404
[1] 0.9552239

  0   1 
  6 128 
[1] 135
[1] -0.199991
[1] -0.1690726
[1] "AdaLSE"
[1] 0
[1] 0
[1] 0.4074074

 0  1 
80 55 
[1] "Fitting mean A"
[1] "Fitting variance A"
[1] "DR"
[1] -0.04126878
[1] 0.06328494
[1] 0.9481481

  0   1 
  7 128 
[1] 136
[1] -0.199991
[1] -0.1690726
[1] "AdaLSE"
[1] -0.1749034
[1] 0.05435286
[1] 0.4117647

 0  1 
80 56 
[1] "Fitting mean A"
[1] "Fitting variance A"
[1] "DR"
[1] -0.1523082
[1] 0.06294287
[1] 0.9485294

  0   1 
  7 129 
[1] 137
[1] -0.199991
[1] -0.1690726
[1] "AdaLSE"
[1] -0.2163609
[1] 0.05606127
[1] 0.4160584

 0  1 
80 57 
[1] "Fitting mean A"
[1] "Fitting variance A"
[1] "DR"
[1] -0.1653524
[1] 0.06064324
[1] 0.9489051

  0   1 
  7 130 
[1] 138
[1] -0.199991
[1] -0.1690726
[1] "AdaLSE"
[1] -0.1335877
[1] 0.04570439
[1] 0.4202899

 0  1 
80 58 
[1] "Fitting mean A"
[1] "Fitting variance A"
[1] "DR"
[1] -0.128791
[1] 0.06143537
[1] 0.9492754

  0   1 
  7 131 
[1] 139
[1] -0.199991
[1] -0.1690726
[1] "AdaLSE"
[1] -0.2718782
[1] 0.05270378
[1] 0.4244604

 0  1 
80 59 
[1] "Fitting mean A"
[1] "Fitting variance A"
[1] "DR"
[1] -0.2378969
[1] 0.06399722
[1] 0.9496403

  0   1 
  7 132 
[1] 140
[1] -0.199991
[1] -0.1690726
[1] "AdaLSE"
[1] -0.1688059
[1] 0.05352946
[1] 0.4285714

 0  1 
80 60 
[1] "Fitting mean A"
[1] "Fitting variance A"
[1] "DR"
[1] -0.1258094
[1] 0.06139279
[1] 0.95

  0   1 
  7 133 
[1] 141
[1] -0.199991
[1] -0.1690726
[1] "AdaLSE"
[1] 0
[1] 0
[1] 0.4255319

 0  1 
81 60 
[1] "Fitting mean A"
[1] "Fitting variance A"
[1] "DR"
[1] -0.1177558
[1] 0.06540387
[1] 0.9503546

  0   1 
  7 134 
[1] 142
[1] -0.199991
[1] -0.1690726
[1] "AdaLSE"
[1] 0
[1] 0
[1] 0.4225352

 0  1 
82 60 
[1] "Fitting mean A"
[1] "Fitting variance A"
[1] "DR"
[1] -0.1306181
[1] 0.06415215
[1] 0.9507042

  0   1 
  7 135 
[1] 143
[1] -0.199991
[1] -0.1690726
[1] "AdaLSE"
[1] -0.2616083
[1] 0.05174032
[1] 0.4265734

 0  1 
82 61 
[1] "Fitting mean A"
[1] "Fitting variance A"
[1] "DR"
[1] -0.237312
[1] 0.06352399
[1] 0.951049

  0   1 
  7 136 
[1] 144
[1] -0.199991
[1] -0.1690726
[1] "AdaLSE"
[1] -0.2545376
[1] 0.04857334
[1] 0.4305556

 0  1 
82 62 
[1] "Fitting mean A"
[1] "Fitting variance A"
[1] "DR"
[1] -0.2699527
[1] 0.06410691
[1] 0.9513889

  0   1 
  7 137 
[1] 145
[1] -0.199991
[1] -0.1690726
[1] "AdaLSE"
[1] 0
[1] 0
[1] 0.4275862

 0  1 
83 62 
[1] "Fitting mean A"
[1] "Fitting variance A"
[1] "DR"
[1] -0.1183715
[1] 0.06734606
[1] 0.9517241

  0   1 
  7 138 
[1] 146
[1] -0.199991
[1] -0.1690726
[1] "AdaLSE"
[1] -0.2195527
[1] 0.05606991
[1] 0.4315068

 0  1 
83 63 
[1] "Fitting mean A"
[1] "Fitting variance A"
[1] "DR"
[1] -0.1724065
[1] 0.0670192
[1] 0.9520548

  0   1 
  7 139 
[1] 147
[1] -0.199991
[1] -0.1690726
[1] "AdaLSE"
[1] 0
[1] 0
[1] 0.4285714

 0  1 
84 63 
[1] "Fitting mean A"
[1] "Fitting variance A"
[1] "DR"
[1] -0.05715416
[1] 0.06180336
[1] 0.952381

  0   1 
  7 140 
[1] 148
[1] -0.199991
[1] -0.1690726
[1] "AdaLSE"
[1] -0.261228
[1] 0.06233073
[1] 0.4324324

 0  1 
84 64 
[1] "Fitting mean A"
[1] "Fitting variance A"
[1] "DR"
[1] -0.2257697
[1] 0.06843185
[1] 0.9527027

  0   1 
  7 141 
[1] 149
[1] -0.199991
[1] -0.1690726
[1] "AdaLSE"
[1] 0
[1] 0
[1] 0.4295302

 0  1 
85 64 
[1] "Fitting mean A"
[1] "Fitting variance A"
[1] "DR"
[1] -0.09504155
[1] 0.06453886
[1] 0.9530201

  0   1 
  7 142 
[1] 150
[1] -0.199991
[1] -0.1690726
[1] "AdaLSE"
[1] -0.2372524
[1] 0.0531131
[1] 0.4333333

 0  1 
85 65 
[1] "Fitting mean A"
[1] "Fitting variance A"
[1] "DR"
[1] -0.1481937
[1] 0.06553562
[1] 0.9533333

  0   1 
  7 143 
[1] 151
[1] -0.199991
[1] -0.1690726
[1] "AdaLSE"
[1] -0.4006134
[1] 0.0666552
[1] 0.4304636

 0  1 
86 65 
[1] "Fitting mean A"
[1] "Fitting variance A"
[1] "DR"
[1] -0.3800964
[1] 0.06452884
[1] 0.9470199

  0   1 
  8 143 
[1] 152
[1] -0.199991
[1] -0.1690726
[1] "AdaLSE"
[1] 0
[1] 0
[1] 0.4276316

 0  1 
87 65 
[1] "Fitting mean A"
[1] "Fitting variance A"
[1] "DR"
[1] -0.1805971
[1] 0.06673791
[1] 0.9473684

  0   1 
  8 144 
[1] 153
[1] -0.199991
[1] -0.1690726
[1] "AdaLSE"
[1] -0.1347961
[1] 0.05759579
[1] 0.4313725

 0  1 
87 66 
[1] "Fitting mean A"
[1] "Fitting variance A"
[1] "DR"
[1] -0.1242913
[1] 0.06273799
[1] 0.9477124

  0   1 
  8 145 
[1] 154
[1] -0.199991
[1] -0.1690726
[1] "AdaLSE"
[1] 0
[1] 0
[1] 0.4285714

 0  1 
88 66 
[1] "Fitting mean A"
[1] "Fitting variance A"
[1] "DR"
[1] -0.09274073
[1] 0.06556506
[1] 0.9480519

  0   1 
  8 146 
[1] 155
[1] -0.199991
[1] -0.1690726
[1] "AdaLSE"
[1] -0.1558459
[1] 0.05490875
[1] 0.4322581

 0  1 
88 67 
[1] "Fitting mean A"
[1] "Fitting variance A"
[1] "DR"
[1] -0.1339898
[1] 0.06506254
[1] 0.9483871

  0   1 
  8 147 
[1] 156
[1] -0.199991
[1] -0.1690726
[1] "AdaLSE"
[1] -0.1312825
[1] 0.053995
[1] 0.4358974

 0  1 
88 68 
[1] "Fitting mean A"
[1] "Fitting variance A"
[1] "DR"
[1] -0.1465083
[1] 0.06567601
[1] 0.9487179

  0   1 
  8 148 
[1] 157
[1] -0.199991
[1] -0.1690726
[1] "AdaLSE"
[1] 0
[1] 0
[1] 0.433121

 0  1 
89 68 
[1] "Fitting mean A"
[1] "Fitting variance A"
[1] "DR"
[1] -0.05418745
[1] 0.06220137
[1] 0.9490446

  0   1 
  8 149 
[1] 158
[1] -0.199991
[1] -0.1690726
[1] "AdaLSE"
[1] -0.1900037
[1] 0.05444256
[1] 0.4367089

 0  1 
89 69 
[1] "Fitting mean A"
[1] "Fitting variance A"
[1] "DR"
[1] -0.2108553
[1] 0.0570291
[1] 0.9493671

  0   1 
  8 150 
[1] 159
[1] -0.199991
[1] -0.1690726
[1] "AdaLSE"
[1] -0.1365871
[1] 0.06394293
[1] 0.4402516

 0  1 
89 70 
[1] "Fitting mean A"
[1] "Fitting variance A"
[1] "DR"
[1] -0.1381069
[1] 0.06035606
[1] 0.9496855

  0   1 
  8 151 
[1] 160
[1] -0.199991
[1] -0.1690726
[1] "AdaLSE"
[1] -0.2300376
[1] 0.05939545
[1] 0.44375

 0  1 
89 71 
[1] "Fitting mean A"
[1] "Fitting variance A"
[1] "DR"
[1] -0.1877727
[1] 0.05937618
[1] 0.95

  0   1 
  8 152 
[1] 161
[1] -0.199991
[1] -0.1690726
[1] "AdaLSE"
[1] 0
[1] 0
[1] 0.4409938

 0  1 
90 71 
[1] "Fitting mean A"
[1] "Fitting variance A"
[1] "DR"
[1] -0.06025263
[1] 0.0629873
[1] 0.9503106

  0   1 
  8 153 
[1] 162
[1] -0.199991
[1] -0.1690726
[1] "AdaLSE"
[1] 0.0417774
[1] 0.05605289
[1] 0.4382716

 0  1 
91 71 
[1] "Fitting mean A"
[1] "Fitting variance A"
[1] "DR"
[1] 0.03066079
[1] 0.06418606
[1] 0.9444444

  0   1 
  9 153 
[1] 163
[1] -0.199991
[1] -0.1690726
[1] "AdaLSE"
[1] -0.06677123
[1] 0.06175493
[1] 0.4417178

 0  1 
91 72 
[1] "Fitting mean A"
[1] "Fitting variance A"
[1] "DR"
[1] -0.06468125
[1] 0.05977281
[1] 0.9447853

  0   1 
  9 154 
[1] 164
[1] -0.199991
[1] -0.1690726
[1] "AdaLSE"
[1] 0
[1] 0
[1] 0.4390244

 0  1 
92 72 
[1] "Fitting mean A"
[1] "Fitting variance A"
[1] "DR"
[1] -0.1319824
[1] 0.06552381
[1] 0.945122

  0   1 
  9 155 
[1] 165
[1] -0.199991
[1] -0.1690726
[1] "AdaLSE"
[1] -0.2386484
[1] 0.05776628
[1] 0.4424242

 0  1 
92 73 
[1] "Fitting mean A"
[1] "Fitting variance A"
[1] "DR"
[1] -0.17783
[1] 0.06248978
[1] 0.9454545

  0   1 
  9 156 
[1] 166
[1] -0.199991
[1] -0.1690726
[1] "AdaLSE"
[1] 0
[1] 0
[1] 0.439759

 0  1 
93 73 
[1] "Fitting mean A"
[1] "Fitting variance A"
[1] "DR"
[1] -0.02725648
[1] 0.0656025
[1] 0.939759

  0   1 
 10 156 
[1] 167
[1] -0.199991
[1] -0.1690726
[1] "AdaLSE"
[1] -0.0586852
[1] 0.05620459
[1] 0.4371257

 0  1 
94 73 
[1] "Fitting mean A"
[1] "Fitting variance A"
[1] "DR"
[1] -0.1123183
[1] 0.06598218
[1] 0.9401198

  0   1 
 10 157 
[1] 168
[1] -0.199991
[1] -0.1690726
[1] "AdaLSE"
[1] -0.2202793
[1] 0.06079465
[1] 0.4404762

 0  1 
94 74 
[1] "Fitting mean A"
[1] "Fitting variance A"
[1] "DR"
[1] -0.1417941
[1] 0.06479644
[1] 0.9404762

  0   1 
 10 158 
[1] 169
[1] -0.199991
[1] -0.1690726
[1] "AdaLSE"
[1] -0.2947303
[1] 0.06223554
[1] 0.4378698

 0  1 
95 74 
[1] "Fitting mean A"
[1] "Fitting variance A"
[1] "DR"
[1] -0.2608723
[1] 0.06282686
[1] 0.9408284

  0   1 
 10 159 
[1] 170
[1] -0.199991
[1] -0.1690726
[1] "AdaLSE"
[1] -0.2838448
[1] 0.05600709
[1] 0.4352941

 0  1 
96 74 
[1] "Fitting mean A"
[1] "Fitting variance A"
[1] "DR"
[1] -0.3023008
[1] 0.06342216
[1] 0.9352941

  0   1 
 11 159 
[1] 171
[1] -0.199991
[1] -0.1690726
[1] "AdaLSE"
[1] 0
[1] 0
[1] 0.4327485

 0  1 
97 74 
[1] "Fitting mean A"
[1] "Fitting variance A"
[1] "DR"
[1] -0.155117
[1] 0.06601631
[1] 0.9356725

  0   1 
 11 160 
[1] 172
[1] -0.199991
[1] -0.1690726
[1] "AdaLSE"
[1] -0.2818158
[1] 0.06004609
[1] 0.4360465

 0  1 
97 75 
[1] "Fitting mean A"
[1] "Fitting variance A"
[1] "DR"
[1] -0.2763181
[1] 0.06405872
[1] 0.9360465

  0   1 
 11 161 
[1] 173
[1] -0.199991
[1] -0.1690726
[1] "AdaLSE"
[1] -0.1648351
[1] 0.05058255
[1] 0.4393064

 0  1 
97 76 
[1] "Fitting mean A"
[1] "Fitting variance A"
[1] "DR"
[1] -0.1078247
[1] 0.06344771
[1] 0.9364162

  0   1 
 11 162 
[1] 174
[1] -0.199991
[1] -0.1690726
[1] "AdaLSE"
[1] -0.2862332
[1] 0.05390082
[1] 0.4367816

 0  1 
98 76 
[1] "Fitting mean A"
[1] "Fitting variance A"
[1] "DR"
[1] -0.1885147
[1] 0.06131892
[1] 0.9367816

  0   1 
 11 163 
[1] 175
[1] -0.199991
[1] -0.1690726
[1] "AdaLSE"
[1] -0.2248264
[1] 0.05196764
[1] 0.44

 0  1 
98 77 
[1] "Fitting mean A"
[1] "Fitting variance A"
[1] "DR"
[1] -0.1631738
[1] 0.06317453
[1] 0.9371429

  0   1 
 11 164 
[1] 176
[1] -0.199991
[1] -0.1690726
[1] "AdaLSE"
[1] -0.1717828
[1] 0.05406788
[1] 0.4431818

 0  1 
98 78 
[1] "Fitting mean A"
[1] "Fitting variance A"
[1] "DR"
[1] -0.1582696
[1] 0.06185799
[1] 0.9375

  0   1 
 11 165 
[1] 177
[1] -0.199991
[1] -0.1690726
[1] "AdaLSE"
[1] 0
[1] 0
[1] 0.440678

 0  1 
99 78 
[1] "Fitting mean A"
[1] "Fitting variance A"
[1] "DR"
[1] -0.2498842
[1] 0.06534288
[1] 0.9378531

  0   1 
 11 166 
[1] 178
[1] -0.199991
[1] -0.1690726
[1] "AdaLSE"
[1] 0
[1] 0
[1] 0.4382022

  0   1 
100  78 
[1] "Fitting mean A"
[1] "Fitting variance A"
[1] "DR"
[1] -0.08842678
[1] 0.06624049
[1] 0.9382022

  0   1 
 11 167 
[1] 179
[1] -0.199991
[1] -0.1690726
[1] "AdaLSE"
[1] -0.1791253
[1] 0.0567023
[1] 0.4413408

  0   1 
100  79 
[1] "Fitting mean A"
[1] "Fitting variance A"
[1] "DR"
[1] -0.1418248
[1] 0.06246154
[1] 0.9385475

  0   1 
 11 168 
[1] 180
[1] -0.199991
[1] -0.1690726
[1] "AdaLSE"
[1] -0.1631781
[1] 0.05575095
[1] 0.4444444

  0   1 
100  80 
[1] "Fitting mean A"
[1] "Fitting variance A"
[1] "DR"
[1] -0.1481572
[1] 0.06363844
[1] 0.9388889

  0   1 
 11 169 
[1] 181
[1] -0.199991
[1] -0.1690726
[1] "AdaLSE"
[1] 0
[1] 0
[1] 0.441989

  0   1 
101  80 
[1] "Fitting mean A"
[1] "Fitting variance A"
[1] "DR"
[1] -0.1189028
[1] 0.06617266
[1] 0.9392265

  0   1 
 11 170 
[1] 182
[1] -0.199991
[1] -0.1690726
[1] "AdaLSE"
[1] -0.1781216
[1] 0.05114005
[1] 0.4450549

  0   1 
101  81 
[1] "Fitting mean A"
[1] "Fitting variance A"
[1] "DR"
[1] -0.1712962
[1] 0.06333733
[1] 0.9395604

  0   1 
 11 171 
[1] 183
[1] -0.199991
[1] -0.1690726
[1] "AdaLSE"
[1] 0
[1] 0
[1] 0.442623

  0   1 
102  81 
[1] "Fitting mean A"
[1] "Fitting variance A"
[1] "DR"
[1] -0.2029255
[1] 0.06270635
[1] 0.9398907

  0   1 
 11 172 
[1] 184
[1] -0.199991
[1] -0.1690726
[1] "AdaLSE"
[1] 0
[1] 0
[1] 0.4402174

  0   1 
103  81 
[1] "Fitting mean A"
[1] "Fitting variance A"
[1] "DR"
[1] -0.07301067
[1] 0.06286916
[1] 0.9402174

  0   1 
 11 173 
[1] 185
[1] -0.199991
[1] -0.1690726
[1] "AdaLSE"
[1] -0.1961531
[1] 0.05294654
[1] 0.4432432

  0   1 
103  82 
[1] "Fitting mean A"
[1] "Fitting variance A"
[1] "DR"
[1] -0.179796
[1] 0.06124145
[1] 0.9405405

  0   1 
 11 174 
[1] 186
[1] -0.199991
[1] -0.1690726
[1] "AdaLSE"
[1] 0
[1] 0
[1] 0.4408602

  0   1 
104  82 
[1] "Fitting mean A"
[1] "Fitting variance A"
[1] "DR"
[1] -0.1133979
[1] 0.06317495
[1] 0.9408602

  0   1 
 11 175 
[1] 187
[1] -0.199991
[1] -0.1690726
[1] "AdaLSE"
[1] -0.2959798
[1] 0.06078712
[1] 0.4385027

  0   1 
105  82 
[1] "Fitting mean A"
[1] "Fitting variance A"
[1] "DR"
[1] -0.2420752
[1] 0.06077685
[1] 0.9411765

  0   1 
 11 176 
[1] 188
[1] -0.199991
[1] -0.1690726
[1] "AdaLSE"
[1] 0
[1] 0
[1] 0.4361702

  0   1 
106  82 
[1] "Fitting mean A"
[1] "Fitting variance A"
[1] "DR"
[1] -0.09670434
[1] 0.06420734
[1] 0.9414894

  0   1 
 11 177 
[1] 189
[1] -0.199991
[1] -0.1690726
[1] "AdaLSE"
[1] -0.1890255
[1] 0.05611127
[1] 0.4391534

  0   1 
106  83 
[1] "Fitting mean A"
[1] "Fitting variance A"
[1] "DR"
[1] -0.1540328
[1] 0.06328598
[1] 0.9417989

  0   1 
 11 178 
[1] 190
[1] -0.199991
[1] -0.1690726
[1] "AdaLSE"
[1] 0
[1] 0
[1] 0.4368421

  0   1 
107  83 
[1] "Fitting mean A"
[1] "Fitting variance A"
[1] "DR"
[1] -0.1528213
[1] 0.06516887
[1] 0.9421053

  0   1 
 11 179 
[1] 191
[1] -0.199991
[1] -0.1690726
[1] "AdaLSE"
[1] 0
[1] 0
[1] 0.434555

  0   1 
108  83 
[1] "Fitting mean A"
[1] "Fitting variance A"
[1] "DR"
[1] -0.06809075
[1] 0.06312342
[1] 0.9424084

  0   1 
 11 180 
[1] 192
[1] -0.199991
[1] -0.1690726
[1] "AdaLSE"
[1] -0.2322763
[1] 0.05739936
[1] 0.4375

  0   1 
108  84 
[1] "Fitting mean A"
[1] "Fitting variance A"
[1] "DR"
[1] -0.1456919
[1] 0.06578828
[1] 0.9427083

  0   1 
 11 181 
[1] 193
[1] -0.199991
[1] -0.1690726
[1] "AdaLSE"
[1] -0.2907499
[1] 0.05990739
[1] 0.4352332

  0   1 
109  84 
[1] "Fitting mean A"
[1] "Fitting variance A"
[1] "DR"
[1] -0.2627715
[1] 0.06352973
[1] 0.9430052

  0   1 
 11 182 
[1] 194
[1] -0.199991
[1] -0.1690726
[1] "AdaLSE"
[1] 0
[1] 0
[1] 0.4329897

  0   1 
110  84 
[1] "Fitting mean A"
[1] "Fitting variance A"
[1] "DR"
[1] -0.1762486
[1] 0.06324225
[1] 0.943299

  0   1 
 11 183 
[1] 195
[1] -0.199991
[1] -0.1690726
[1] "AdaLSE"
[1] -0.1397794
[1] 0.06405513
[1] 0.4358974

  0   1 
110  85 
[1] "Fitting mean A"
[1] "Fitting variance A"
[1] "DR"
[1] -0.1245206
[1] 0.06158037
[1] 0.9435897

  0   1 
 11 184 
[1] 196
[1] -0.199991
[1] -0.1690726
[1] "AdaLSE"
[1] 0
[1] 0
[1] 0.4336735

  0   1 
111  85 
[1] "Fitting mean A"
[1] "Fitting variance A"
[1] "DR"
[1] -0.03378119
[1] 0.0623213
[1] 0.9387755

  0   1 
 12 184 
[1] 197
[1] -0.199991
[1] -0.1690726
[1] "AdaLSE"
[1] -0.1074866
[1] 0.0643317
[1] 0.4365482

  0   1 
111  86 
[1] "Fitting mean A"
[1] "Fitting variance A"
[1] "DR"
[1] -0.09167414
[1] 0.06271194
[1] 0.9390863

  0   1 
 12 185 
[1] 198
[1] -0.199991
[1] -0.1690726
[1] "AdaLSE"
[1] -0.1661865
[1] 0.04888795
[1] 0.4393939

  0   1 
111  87 
[1] "Fitting mean A"
[1] "Fitting variance A"
[1] "DR"
[1] -0.163498
[1] 0.06398576
[1] 0.9393939

  0   1 
 12 186 
[1] 199
[1] -0.199991
[1] -0.1690726
[1] "AdaLSE"
[1] 0
[1] 0
[1] 0.4371859

  0   1 
112  87 
[1] "Fitting mean A"
[1] "Fitting variance A"
[1] "DR"
[1] -0.1296355
[1] 0.06476038
[1] 0.9396985

  0   1 
 12 187 
[1] 200
[1] -0.199991
[1] -0.1690726
[1] "AdaLSE"
[1] 0
[1] 0
[1] 0.435

  0   1 
113  87 
[1] "Fitting mean A"
[1] "Fitting variance A"
[1] "DR"
[1] -0.07543771
[1] 0.06778365
[1] 0.94

  0   1 
 12 188 
[1] 201
[1] -0.199991
[1] -0.1690726
[1] "AdaLSE"
[1] -0.2183543
[1] 0.06275131
[1] 0.4378109

  0   1 
113  88 
[1] "Fitting mean A"
[1] "Fitting variance A"
[1] "DR"
[1] -0.1843892
[1] 0.06193882
[1] 0.9402985

  0   1 
 12 189 
[1] 202
[1] -0.199991
[1] -0.1690726
[1] "AdaLSE"
[1] 0
[1] 0
[1] 0.4356436

  0   1 
114  88 
[1] "Fitting mean A"
[1] "Fitting variance A"
[1] "DR"
[1] -0.1489922
[1] 0.06522843
[1] 0.9405941

  0   1 
 12 190 
[1] 203
[1] -0.199991
[1] -0.1690726
[1] "AdaLSE"
[1] 0
[1] 0
[1] 0.4334975

  0   1 
115  88 
[1] "Fitting mean A"
[1] "Fitting variance A"
[1] "DR"
[1] -0.08434459
[1] 0.06326808
[1] 0.9408867

  0   1 
 12 191 
[1] 204
[1] -0.199991
[1] -0.1690726
[1] "AdaLSE"
[1] -0.1876498
[1] 0.05221414
[1] 0.4362745

  0   1 
115  89 
[1] "Fitting mean A"
[1] "Fitting variance A"
[1] "DR"
[1] -0.1919989
[1] 0.06045928
[1] 0.9411765

  0   1 
 12 192 
[1] 205
[1] -0.199991
[1] -0.1690726
[1] "AdaLSE"
[1] 0
[1] 0
[1] 0.4341463

  0   1 
116  89 
[1] "Fitting mean A"
[1] "Fitting variance A"
[1] "DR"
[1] -0.1763359
[1] 0.06689368
[1] 0.9414634

  0   1 
 12 193 
[1] 206
[1] -0.199991
[1] -0.1690726
[1] "AdaLSE"
[1] -0.2637473
[1] 0.06362103
[1] 0.4368932

  0   1 
116  90 
[1] "Fitting mean A"
[1] "Fitting variance A"
[1] "DR"
[1] -0.2451893
[1] 0.06164261
[1] 0.9417476

  0   1 
 12 194 
[1] 207
[1] -0.199991
[1] -0.1690726
[1] "AdaLSE"
[1] 0
[1] 0
[1] 0.4347826

  0   1 
117  90 
[1] "Fitting mean A"
[1] "Fitting variance A"
[1] "DR"
[1] -0.2362603
[1] 0.06712827
[1] 0.942029

  0   1 
 12 195 
[1] 208
[1] -0.199991
[1] -0.1690726
[1] "AdaLSE"
[1] 0
[1] 0
[1] 0.4326923

  0   1 
118  90 
[1] "Fitting mean A"
[1] "Fitting variance A"
[1] "DR"
[1] -0.1722509
[1] 0.06870392
[1] 0.9423077

  0   1 
 12 196 
[1] 209
[1] -0.199991
[1] -0.1690726
[1] "AdaLSE"
[1] 0
[1] 0
[1] 0.430622

  0   1 
119  90 
[1] "Fitting mean A"
[1] "Fitting variance A"
[1] "DR"
[1] -0.1590239
[1] 0.0633336
[1] 0.9425837

  0   1 
 12 197 
[1] 210
[1] -0.199991
[1] -0.1690726
[1] "AdaLSE"
[1] -0.1515015
[1] 0.05842462
[1] 0.4333333

  0   1 
119  91 
[1] "Fitting mean A"
[1] "Fitting variance A"
[1] "DR"
[1] -0.1309511
[1] 0.06500487
[1] 0.9428571

  0   1 
 12 198 
[1] 211
[1] -0.199991
[1] -0.1690726
[1] "AdaLSE"
[1] -0.2166397
[1] 0.05864251
[1] 0.436019

  0   1 
119  92 
[1] "Fitting mean A"
[1] "Fitting variance A"
[1] "DR"
[1] -0.197244
[1] 0.06559293
[1] 0.943128

  0   1 
 12 199 
[1] 212
[1] -0.199991
[1] -0.1690726
[1] "AdaLSE"
[1] -0.02191193
[1] 0.05282015
[1] 0.4339623

  0   1 
120  92 
[1] "Fitting mean A"
[1] "Fitting variance A"
[1] "DR"
[1] -0.02244743
[1] 0.06399805
[1] 0.9386792

  0   1 
 13 199 
[1] 213
[1] -0.199991
[1] -0.1690726
[1] "AdaLSE"
[1] 0
[1] 0
[1] 0.4319249

  0   1 
121  92 
[1] "Fitting mean A"
[1] "Fitting variance A"
[1] "DR"
[1] -0.1117913
[1] 0.0666795
[1] 0.9389671

  0   1 
 13 200 
[1] 214
[1] -0.199991
[1] -0.1690726
[1] "AdaLSE"
[1] 0
[1] 0
[1] 0.4299065

  0   1 
122  92 
[1] "Fitting mean A"
[1] "Fitting variance A"
[1] "DR"
[1] -0.07864267
[1] 0.06709049
[1] 0.9392523

  0   1 
 13 201 
[1] 215
[1] -0.199991
[1] -0.1690726
[1] "AdaLSE"
[1] 0
[1] 0
[1] 0.427907

  0   1 
123  92 
[1] "Fitting mean A"
[1] "Fitting variance A"
[1] "DR"
[1] -0.07626045
[1] 0.06441592
[1] 0.9395349

  0   1 
 13 202 
[1] 216
[1] -0.199991
[1] -0.1690726
[1] "AdaLSE"
[1] -0.2821203
[1] 0.06117377
[1] 0.4305556

  0   1 
123  93 
[1] "Fitting mean A"
[1] "Fitting variance A"
[1] "DR"
[1] -0.1946376
[1] 0.06622178
[1] 0.9398148

  0   1 
 13 203 
[1] 217
[1] -0.199991
[1] -0.1690726
[1] "AdaLSE"
[1] 0
[1] 0
[1] 0.4285714

  0   1 
124  93 
[1] "Fitting mean A"
[1] "Fitting variance A"
[1] "DR"
[1] -0.0214771
[1] 0.06131068
[1] 0.9354839

  0   1 
 14 203 
[1] 218
[1] -0.199991
[1] -0.1690726
[1] "AdaLSE"
[1] 0
[1] 0
[1] 0.4266055

  0   1 
125  93 
[1] "Fitting mean A"
[1] "Fitting variance A"
[1] "DR"
[1] -0.05588489
[1] 0.06402373
[1] 0.9357798

  0   1 
 14 204 
[1] 219
[1] -0.199991
[1] -0.1690726
