LOADING R
R LOADED
[1] "/home/lvanderl/Rlibs2"                         
[2] "/app/software/R/4.2.2-foss-2021b/lib/R/library"
[1] "/home/lvanderl/sieveSims"
[1] 1
[1] -0.2
[1] -0.1938984
[1] "AdaLSE"
[1] -0.2414177
[1] 0.08541364
[1] 1

1 
1 
[1] "Fitting mean A"
[1] "Fitting variance A"
[1] "DR"
[1] -0.2030136
[1] 0.144668
[1] 1

1 
1 
[1] "se comparison"
[1] NA
[1] NA
[1] 2
[1] -0.2
[1] -0.1938984
[1] "AdaLSE"
[1] -0.2205837
[1] 0.08707679
[1] 1

1 
2 
[1] "Fitting mean A"
[1] "Fitting variance A"
[1] "DR"
[1] -0.1659898
[1] 0.09327284
[1] 1

1 
2 
[1] "se comparison"
[1] 0.01473187
[1] 0.02617979
[1] 3
[1] -0.2
[1] -0.1938984
[1] "AdaLSE"
[1] -0.1249176
[1] 0.08435747
[1] 1

1 
3 
[1] "Fitting mean A"
[1] "Fitting variance A"
[1] "DR"
[1] -0.02739234
[1] 0.09172334
[1] 1

1 
3 
[1] "se comparison"
[1] 0.06212667
[1] 0.09257686
[1] 4
[1] -0.2
[1] -0.1938984
[1] "AdaLSE"
[1] -0.2851236
[1] 0.08896439
[1] 1

1 
4 
[1] "Fitting mean A"
[1] "Fitting variance A"
[1] "DR"
[1] -0.2565859
[1] 0.09728322
[1] 1

1 
4 
[1] "se comparison"
[1] 0.06763869
[1] 0.09790734
[1] 5
[1] -0.2
[1] -0.1938984
[1] "AdaLSE"
[1] -0.3944975
[1] 0.08435855
[1] 0.8

0 1 
1 4 
[1] "Fitting mean A"
[1] "Fitting variance A"
[1] "DR"
[1] -0.1742486
[1] 0.1769024
[1] 1

1 
5 
[1] "se comparison"
[1] 0.09828919
[1] 0.08493292
[1] 6
[1] -0.2
[1] -0.1938984
[1] "AdaLSE"
[1] -0.3892942
[1] 0.08457605
[1] 0.6666667

0 1 
2 4 
[1] "Fitting mean A"
[1] "Fitting variance A"
[1] "DR"
[1] -0.3464841
[1] 0.09690817
[1] 1

1 
6 
[1] "se comparison"
[1] 0.1039743
[1] 0.1059875
[1] 7
[1] -0.2
[1] -0.1938984
[1] "AdaLSE"
[1] -0.2442097
[1] 0.08494783
[1] 0.7142857

0 1 
2 5 
[1] "Fitting mean A"
[1] "Fitting variance A"
[1] "DR"
[1] -0.1014933
[1] 0.1744448
[1] 1

1 
7 
[1] "se comparison"
[1] 0.09567132
[1] 0.1030863
[1] 8
[1] -0.2
[1] -0.1938984
[1] "AdaLSE"
[1] -0.2299824
[1] 0.08579822
[1] 0.75

0 1 
2 6 
[1] "Fitting mean A"
[1] "Fitting variance A"
[1] "DR"
[1] -0.07311257
[1] 0.1170701
[1] 1

1 
8 
[1] "se comparison"
[1] 0.08977872
[1] 0.1029341
[1] 9
[1] -0.2
[1] -0.1938984
[1] "AdaLSE"
[1] -0.1770391
[1] 0.0844882
[1] 0.7777778

0 1 
2 7 
[1] "Fitting mean A"
[1] "Fitting variance A"
[1] "DR"
[1] -0.3047227
[1] 0.1343753
[1] 1

1 
9 
[1] "se comparison"
[1] 0.08909009
[1] 0.1064502
[1] 10
[1] -0.2
[1] -0.1938984
[1] "AdaLSE"
[1] -0.3428293
[1] 0.08687495
[1] 0.8

0 1 
2 8 
[1] "Fitting mean A"
[1] "Fitting variance A"
[1] "DR"
[1] -0.2331526
[1] 0.2326141
[1] 1

 1 
10 
[1] "se comparison"
[1] 0.08833561
[1] 0.1015746
[1] 11
[1] -0.2
[1] -0.1938984
[1] "AdaLSE"
[1] -0.154452
[1] 0.08951797
[1] 0.8181818

0 1 
2 9 
[1] "Fitting mean A"
[1] "Fitting variance A"
[1] "DR"
[1] -0.1460736
[1] 0.1238772
[1] 1

 1 
11 
[1] "se comparison"
[1] 0.09018669
[1] 0.09721226
[1] 12
[1] -0.2
[1] -0.1938984
[1] "AdaLSE"
[1] -0.1901283
[1] 0.08430591
[1] 0.8333333

 0  1 
 2 10 
[1] "Fitting mean A"
[1] "Fitting variance A"
[1] "DR"
[1] -0.147359
[1] 0.08757303
[1] 1

 1 
12 
[1] "se comparison"
[1] 0.08800154
[1] 0.09331468
[1] 13
[1] -0.2
[1] -0.1938984
[1] "AdaLSE"
[1] -0.2604171
[1] 0.07734544
[1] 0.8461538

 0  1 
 2 11 
[1] "Fitting mean A"
[1] "Fitting variance A"
[1] "DR"
[1] -0.02417564
[1] 0.1403275
[1] 1

 1 
13 
[1] "se comparison"
[1] 0.08430905
[1] 0.09944445
[1] 14
[1] -0.2
[1] -0.1938984
[1] "AdaLSE"
[1] -0.2504424
[1] 0.09278008
[1] 0.8571429

 0  1 
 2 12 
[1] "Fitting mean A"
[1] "Fitting variance A"
[1] "DR"
[1] -0.1908385
[1] 0.1151873
[1] 1

 1 
14 
[1] "se comparison"
[1] 0.08100152
[1] 0.09571282
[1] 15
[1] -0.2
[1] -0.1938984
[1] "AdaLSE"
[1] -0.2661341
[1] 0.08417585
[1] 0.8666667

 0  1 
 2 13 
[1] "Fitting mean A"
[1] "Fitting variance A"
[1] "DR"
[1] -0.2534118
[1] 0.09085712
[1] 1

 1 
15 
[1] "se comparison"
[1] 0.07816092
[1] 0.09465129
[1] 16
[1] -0.2
[1] -0.1938984
[1] "AdaLSE"
[1] -0.2959719
[1] 0.08698142
[1] 0.875

 0  1 
 2 14 
[1] "Fitting mean A"
[1] "Fitting variance A"
[1] "DR"
[1] -0.2059478
[1] 0.1826088
[1] 1

 1 
16 
[1] "se comparison"
[1] 0.07632723
[1] 0.09173697
[1] 17
[1] -0.2
[1] -0.1938984
[1] "AdaLSE"
[1] -0.2279638
[1] 0.08986181
[1] 0.8823529

 0  1 
 2 15 
[1] "Fitting mean A"
[1] "Fitting variance A"
[1] "DR"
[1] -0.1882144
[1] 0.1320465
[1] 1

 1 
17 
[1] "se comparison"
[1] 0.07417727
[1] 0.08885599
[1] 18
[1] -0.2
[1] -0.1938984
[1] "AdaLSE"
[1] -0.1684068
[1] 0.08898132
[1] 0.8888889

 0  1 
 2 16 
[1] "Fitting mean A"
[1] "Fitting variance A"
[1] "DR"
[1] -0.1853426
[1] 0.09843095
[1] 1

 1 
18 
[1] "se comparison"
[1] 0.07465302
[1] 0.08621613
[1] 19
[1] -0.2
[1] -0.1938984
[1] "AdaLSE"
[1] -0.1652766
[1] 0.08779826
[1] 0.8947368

 0  1 
 2 17 
[1] "Fitting mean A"
[1] "Fitting variance A"
[1] "DR"
[1] -0.1592643
[1] 0.1048002
[1] 1

 1 
19 
[1] "se comparison"
[1] 0.07499022
[1] 0.08391311
[1] 20
[1] -0.2
[1] -0.1938984
[1] "AdaLSE"
[1] -0.1130561
[1] 0.08469803
[1] 0.9

 0  1 
 2 18 
[1] "Fitting mean A"
[1] "Fitting variance A"
[1] "DR"
[1] 0.08855983
[1] 0.2266565
[1] 1

 1 
20 
[1] "se comparison"
[1] 0.07861372
[1] 0.1011449
[1] 21
[1] -0.2
[1] -0.1938984
[1] "AdaLSE"
[1] -0.1409341
[1] 0.0884668
[1] 0.9047619

 0  1 
 2 19 
[1] "Fitting mean A"
[1] "Fitting variance A"
[1] "DR"
[1] -0.1176746
[1] 0.1052401
[1] 1

 1 
21 
[1] "se comparison"
[1] 0.07944528
[1] 0.09912131
[1] 22
[1] -0.2
[1] -0.1938984
[1] "AdaLSE"
[1] -0.262019
[1] 0.08667606
[1] 0.9090909

 0  1 
 2 20 
[1] "Fitting mean A"
[1] "Fitting variance A"
[1] "DR"
[1] -0.2441656
[1] 0.09265719
[1] 1

 1 
22 
[1] "se comparison"
[1] 0.07778519
[1] 0.09828076
[1] 23
[1] -0.2
[1] -0.1938984
[1] "AdaLSE"
[1] -0.1707295
[1] 0.08513704
[1] 0.9130435

 0  1 
 2 21 
[1] "Fitting mean A"
[1] "Fitting variance A"
[1] "DR"
[1] -0.04662303
[1] 0.09390806
[1] 1

 1 
23 
[1] "se comparison"
[1] 0.0771287
[1] 0.09921437
[1] 24
[1] -0.2
[1] -0.1938984
[1] "AdaLSE"
[1] -0.2730269
[1] 0.09290026
[1] 0.9166667

 0  1 
 2 22 
[1] "Fitting mean A"
[1] "Fitting variance A"
[1] "DR"
[1] -0.2548797
[1] 0.1638881
[1] 1

 1 
24 
[1] "se comparison"
[1] 0.07591677
[1] 0.09890132
[1] 25
[1] -0.2
[1] -0.1938984
[1] "AdaLSE"
[1] -0.2485287
[1] 0.08348624
[1] 0.92

 0  1 
 2 23 
[1] "Fitting mean A"
[1] "Fitting variance A"
[1] "DR"
[1] -0.659644
[1] 0.4270568
[1] 1

 1 
25 
[1] "se comparison"
[1] 0.07438431
[1] 0.138413
[1] 26
[1] -0.2
[1] -0.1938984
[1] "AdaLSE"
[1] -0.2331991
[1] 0.08792373
[1] 0.9230769

 0  1 
 2 24 
[1] "Fitting mean A"
[1] "Fitting variance A"
[1] "DR"
[1] -0.1448599
[1] 0.09124248
[1] 1

 1 
26 
[1] "se comparison"
[1] 0.07288146
[1] 0.1358431
[1] 27
[1] -0.2
[1] -0.1938984
[1] "AdaLSE"
[1] -0.4375035
[1] 0.08728207
[1] 0.8888889

 0  1 
 3 24 
[1] "Fitting mean A"
[1] "Fitting variance A"
[1] "DR"
[1] 0.001336115
[1] 0.2806081
[1] 1

 1 
27 
[1] "se comparison"
[1] 0.08154165
[1] 0.1378636
[1] 28
[1] -0.2
[1] -0.1938984
[1] "AdaLSE"
[1] -0.06410609
[1] 0.09106227
[1] 0.8928571

 0  1 
 3 25 
[1] "Fitting mean A"
[1] "Fitting variance A"
[1] "DR"
[1] -0.4620802
[1] 0.3258043
[1] 1

 1 
28 
[1] "se comparison"
[1] 0.08672277
[1] 0.1456561
[1] 29
[1] -0.2
[1] -0.1938984
[1] "AdaLSE"
[1] -0.3997274
[1] 0.08877697
[1] 0.862069

 0  1 
 4 25 
[1] "Fitting mean A"
[1] "Fitting variance A"
[1] "DR"
[1] -0.6018706
[1] 0.2846892
[1] 1

 1 
29 
[1] "se comparison"
[1] 0.09050471
[1] 0.1624883
[1] 30
[1] -0.2
[1] -0.1938984
[1] "AdaLSE"
[1] -0.07140127
[1] 0.08606832
[1] 0.8666667

 0  1 
 4 26 
[1] "Fitting mean A"
[1] "Fitting variance A"
[1] "DR"
[1] -0.3237334
[1] 0.2007705
[1] 1

 1 
30 
[1] "se comparison"
[1] 0.09413178
[1] 0.1612272
[1] 31
[1] -0.2
[1] -0.1938984
[1] "AdaLSE"
[1] -0.3202977
[1] 0.08962252
[1] 0.8709677

 0  1 
 4 27 
[1] "Fitting mean A"
[1] "Fitting variance A"
[1] "DR"
[1] -0.3015153
[1] 0.1625194
[1] 1

 1 
31 
[1] "se comparison"
[1] 0.09381556
[1] 0.1594607
[1] 32
[1] -0.2
[1] -0.1938984
[1] "AdaLSE"
[1] -0.09810279
[1] 0.08796694
[1] 0.875

 0  1 
 4 28 
[1] "Fitting mean A"
[1] "Fitting variance A"
[1] "DR"
[1] -0.07734054
[1] 0.1441275
[1] 1

 1 
32 
[1] "se comparison"
[1] 0.09552485
[1] 0.158564
[1] 33
[1] -0.2
[1] -0.1938984
[1] "AdaLSE"
[1] -0.2105739
[1] 0.09244948
[1] 0.8787879

 0  1 
 4 29 
[1] "Fitting mean A"
[1] "Fitting variance A"
[1] "DR"
[1] -0.1053165
[1] 0.1122504
[1] 1

 1 
33 
[1] "se comparison"
[1] 0.09410273
[1] 0.1570113
[1] 34
[1] -0.2
[1] -0.1938984
[1] "AdaLSE"
[1] -0.2319835
[1] 0.08565773
[1] 0.8823529

 0  1 
 4 30 
[1] "Fitting mean A"
[1] "Fitting variance A"
[1] "DR"
[1] -0.2084895
[1] 0.1094631
[1] 1

 1 
34 
[1] "se comparison"
[1] 0.09266601
[1] 0.1546192
[1] 35
[1] -0.2
[1] -0.1938984
[1] "AdaLSE"
[1] -0.06047539
[1] 0.08810126
[1] 0.8857143

 0  1 
 4 31 
[1] "Fitting mean A"
[1] "Fitting variance A"
[1] "DR"
[1] 0.07121232
[1] 0.1025989
[1] 0.9714286

 0  1 
 1 34 
[1] "se comparison"
[1] 0.09581086
[1] 0.159142
[1] 36
[1] -0.2
[1] -0.1938984
[1] "AdaLSE"
[1] -0.1002439
[1] 0.0853403
[1] 0.8888889

 0  1 
 4 32 
[1] "Fitting mean A"
[1] "Fitting variance A"
[1] "DR"
[1] -0.1131184
[1] 0.1041354
[1] 0.9722222

 0  1 
 1 35 
[1] "se comparison"
[1] 0.09678706
[1] 0.1574237
[1] 37
[1] -0.2
[1] -0.1938984
[1] "AdaLSE"
[1] -0.1050084
[1] 0.08736475
[1] 0.8918919

 0  1 
 4 33 
[1] "Fitting mean A"
[1] "Fitting variance A"
[1] "DR"
[1] -0.01288246
[1] 0.1782458
[1] 0.972973

 0  1 
 1 36 
[1] "se comparison"
[1] 0.09741855
[1] 0.1579691
[1] 38
[1] -0.2
[1] -0.1938984
[1] "AdaLSE"
[1] -0.1621965
[1] 0.09031793
[1] 0.8947368

 0  1 
 4 34 
[1] "Fitting mean A"
[1] "Fitting variance A"
[1] "DR"
[1] -0.1532936
[1] 0.09475552
[1] 0.9736842

 0  1 
 1 37 
[1] "se comparison"
[1] 0.09656236
[1] 0.1559128
[1] 39
[1] -0.2
[1] -0.1938984
[1] "AdaLSE"
[1] -0.1519418
[1] 0.08665712
[1] 0.8974359

 0  1 
 4 35 
[1] "Fitting mean A"
[1] "Fitting variance A"
[1] "DR"
[1] -0.06807662
[1] 0.3136055
[1] 0.974359

 0  1 
 1 38 
[1] "se comparison"
[1] 0.09589129
[1] 0.1549945
[1] 40
[1] -0.2
[1] -0.1938984
[1] "AdaLSE"
[1] -0.2119999
[1] 0.08102775
[1] 0.9

 0  1 
 4 36 
[1] "Fitting mean A"
[1] "Fitting variance A"
[1] "DR"
[1] -0.1445505
[1] 0.08886931
[1] 0.975

 0  1 
 1 39 
[1] "se comparison"
[1] 0.09465799
[1] 0.1531127
[1] 41
[1] -0.2
[1] -0.1938984
[1] "AdaLSE"
[1] -0.3073783
[1] 0.08198533
[1] 0.902439

 0  1 
 4 37 
[1] "Fitting mean A"
[1] "Fitting variance A"
[1] "DR"
[1] -0.3607294
[1] 0.1058663
[1] 0.9756098

 0  1 
 1 40 
[1] "se comparison"
[1] 0.09451763
[1] 0.1537519
[1] 42
[1] -0.2
[1] -0.1938984
[1] "AdaLSE"
[1] -0.1827985
[1] 0.09132945
[1] 0.9047619

 0  1 
 4 38 
[1] "Fitting mean A"
[1] "Fitting variance A"
[1] "DR"
[1] -0.3700841
[1] 0.1780913
[1] 0.9761905

 0  1 
 1 41 
[1] "se comparison"
[1] 0.09353039
[1] 0.1544985
[1] 43
[1] -0.2
[1] -0.1938984
[1] "AdaLSE"
[1] -0.2016702
[1] 0.09387332
[1] 0.9069767

 0  1 
 4 39 
[1] "Fitting mean A"
[1] "Fitting variance A"
[1] "DR"
[1] -0.6957305
[1] 0.2742815
[1] 0.9767442

 0  1 
 1 42 
[1] "se comparison"
[1] 0.0924468
[1] 0.1709974
[1] 44
[1] -0.2
[1] -0.1938984
[1] "AdaLSE"
[1] -0.3791478
[1] 0.08832887
[1] 0.8863636

 0  1 
 5 39 
[1] "Fitting mean A"
[1] "Fitting variance A"
[1] "DR"
[1] -0.3384532
[1] 0.08993764
[1] 0.9772727

 0  1 
 1 43 
[1] "se comparison"
[1] 0.09452763
[1] 0.1702421
[1] 45
[1] -0.2
[1] -0.1938984
[1] "AdaLSE"
[1] -0.1248492
[1] 0.08876628
[1] 0.8888889

 0  1 
 5 40 
[1] "Fitting mean A"
[1] "Fitting variance A"
[1] "DR"
[1] -0.2389144
[1] 0.1803166
[1] 0.9777778

 0  1 
 1 44 
[1] "se comparison"
[1] 0.0945624
[1] 0.1683712
[1] 46
[1] -0.2
[1] -0.1938984
[1] "AdaLSE"
[1] -0.2226727
[1] 0.08809278
[1] 0.8913043

 0  1 
 5 41 
[1] "Fitting mean A"
[1] "Fitting variance A"
[1] "DR"
[1] -0.09561675
[1] 0.176646
[1] 0.9782609

 0  1 
 1 45 
[1] "se comparison"
[1] 0.09350675
[1] 0.1672834
[1] 47
[1] -0.2
[1] -0.1938984
[1] "AdaLSE"
[1] -0.1531572
[1] 0.0871598
[1] 0.893617

 0  1 
 5 42 
[1] "Fitting mean A"
[1] "Fitting variance A"
[1] "DR"
[1] -0.1795863
[1] 0.0969821
[1] 0.9787234

 0  1 
 1 46 
[1] "se comparison"
[1] 0.09299553
[1] 0.1654922
[1] 48
[1] -0.2
[1] -0.1938984
[1] "AdaLSE"
[1] -0.1522317
[1] 0.08744653
[1] 0.8958333

 0  1 
 5 43 
[1] "Fitting mean A"
[1] "Fitting variance A"
[1] "DR"
[1] 0.08180392
[1] 0.142199
[1] 0.9791667

 0  1 
 1 47 
[1] "se comparison"
[1] 0.09249625
[1] 0.168807
[1] 49
[1] -0.2
[1] -0.1938984
[1] "AdaLSE"
[1] -0.2403879
[1] 0.08713865
[1] 0.8979592

 0  1 
 5 44 
[1] "Fitting mean A"
[1] "Fitting variance A"
[1] "DR"
[1] -0.1765635
[1] 0.1006962
[1] 0.9795918

 0  1 
 1 48 
[1] "se comparison"
[1] 0.0915882
[1] 0.1670652
[1] 50
[1] -0.2
[1] -0.1938984
[1] "AdaLSE"
[1] -0.2412636
[1] 0.08544929
[1] 0.9

 0  1 
 5 45 
[1] "Fitting mean A"
[1] "Fitting variance A"
[1] "DR"
[1] -0.115424
[1] 0.109115
[1] 0.98

 0  1 
 1 49 
[1] "se comparison"
[1] 0.09071077
[1] 0.165751
[1] 51
[1] -0.2
[1] -0.1938984
[1] "AdaLSE"
[1] -0.2451354
[1] 0.08609457
[1] 0.9019608

 0  1 
 5 46 
[1] "Fitting mean A"
[1] "Fitting variance A"
[1] "DR"
[1] -0.1835929
[1] 0.09888384
[1] 0.9803922

 0  1 
 1 50 
[1] "se comparison"
[1] 0.08987923
[1] 0.164093
[1] 52
[1] -0.2
[1] -0.1938984
[1] "AdaLSE"
[1] -0.2830108
[1] 0.09027421
[1] 0.9038462

 0  1 
 5 47 
[1] "Fitting mean A"
[1] "Fitting variance A"
[1] "DR"
[1] -0.1831229
[1] 0.112695
[1] 0.9807692

 0  1 
 1 51 
[1] "se comparison"
[1] 0.08944131
[1] 0.1624845
[1] 53
[1] -0.2
[1] -0.1938984
[1] "AdaLSE"
[1] -0.1862121
[1] 0.08725118
[1] 0.9056604

 0  1 
 5 48 
[1] "Fitting mean A"
[1] "Fitting variance A"
[1] "DR"
[1] 0.02228648
[1] 0.2931922
[1] 0.9811321

 0  1 
 1 52 
[1] "se comparison"
[1] 0.08869723
[1] 0.1636504
[1] 54
[1] -0.2
[1] -0.1938984
[1] "AdaLSE"
[1] -0.1175702
[1] 0.08829196
[1] 0.9074074

 0  1 
 5 49 
[1] "Fitting mean A"
[1] "Fitting variance A"
[1] "DR"
[1] -0.1027943
[1] 0.09166081
[1] 0.9814815

 0  1 
 1 53 
[1] "se comparison"
[1] 0.08893775
[1] 0.1625385
[1] 55
[1] -0.2
[1] -0.1938984
[1] "AdaLSE"
[1] -0.3006246
[1] 0.08726153
[1] 0.9090909

 0  1 
 5 50 
[1] "Fitting mean A"
[1] "Fitting variance A"
[1] "DR"
[1] -0.4678167
[1] 0.1853522
[1] 0.9818182

 0  1 
 1 54 
[1] "se comparison"
[1] 0.08882404
[1] 0.1653592
[1] 56
[1] -0.2
[1] -0.1938984
[1] "AdaLSE"
[1] -0.1003614
[1] 0.09227293
[1] 0.9107143

 0  1 
 5 51 
[1] "Fitting mean A"
[1] "Fitting variance A"
[1] "DR"
[1] 0.1439991
[1] 0.2206214
[1] 0.9821429

 0  1 
 1 55 
[1] "se comparison"
[1] 0.08942469
[1] 0.1699606
[1] 57
[1] -0.2
[1] -0.1938984
[1] "AdaLSE"
[1] -0.2651159
[1] 0.08969329
[1] 0.9122807

 0  1 
 5 52 
[1] "Fitting mean A"
[1] "Fitting variance A"
[1] "DR"
[1] -0.2491843
[1] 0.09838677
[1] 0.9824561

 0  1 
 1 56 
[1] "se comparison"
[1] 0.08885448
[1] 0.1686313
[1] 58
[1] -0.2
[1] -0.1938984
[1] "AdaLSE"
[1] -0.2387508
[1] 0.08580716
[1] 0.9137931

 0  1 
 5 53 
[1] "Fitting mean A"
[1] "Fitting variance A"
[1] "DR"
[1] -0.0976756
[1] 0.08993263
[1] 0.9827586

 0  1 
 1 57 
[1] "se comparison"
[1] 0.08811564
[1] 0.1675755
[1] 59
[1] -0.2
[1] -0.1938984
[1] "AdaLSE"
[1] -0.2247092
[1] 0.08501165
[1] 0.9152542

 0  1 
 5 54 
[1] "Fitting mean A"
[1] "Fitting variance A"
[1] "DR"
[1] -0.2518852
[1] 0.08758805
[1] 0.9830508

 0  1 
 1 58 
[1] "se comparison"
[1] 0.08735721
[1] 0.1663362
[1] 60
[1] -0.2
[1] -0.1938984
[1] "AdaLSE"
[1] -0.2450833
[1] 0.08486428
[1] 0.9166667

 0  1 
 5 55 
[1] "Fitting mean A"
[1] "Fitting variance A"
[1] "DR"
[1] -0.1255603
[1] 0.08494078
[1] 0.9833333

 0  1 
 1 59 
[1] "se comparison"
[1] 0.08668417
[1] 0.1651209
[1] 61
[1] -0.2
[1] -0.1938984
[1] "AdaLSE"
[1] -0.4118622
[1] 0.08640746
[1] 0.9016393

 0  1 
 6 55 
[1] "Fitting mean A"
[1] "Fitting variance A"
[1] "DR"
[1] -0.3805686
[1] 0.09656836
[1] 0.9836066

 0  1 
 1 60 
[1] "se comparison"
[1] 0.08945404
[1] 0.1655945
[1] 62
[1] -0.2
[1] -0.1938984
[1] "AdaLSE"
[1] -0.4146588
[1] 0.08839144
[1] 0.8870968

 0  1 
 7 55 
[1] "Fitting mean A"
[1] "Fitting variance A"
[1] "DR"
[1] -0.3287269
[1] 0.08809075
[1] 0.983871

 0  1 
 1 61 
[1] "se comparison"
[1] 0.09204206
[1] 0.1651647
[1] 63
[1] -0.2
[1] -0.1938984
[1] "AdaLSE"
[1] -0.2847356
[1] 0.09320153
[1] 0.8888889

 0  1 
 7 56 
[1] "Fitting mean A"
[1] "Fitting variance A"
[1] "DR"
[1] -0.3086909
[1] 0.1327416
[1] 0.984127

 0  1 
 1 62 
[1] "se comparison"
[1] 0.09160899
[1] 0.1644756
[1] 64
[1] -0.2
[1] -0.1938984
[1] "AdaLSE"
[1] -0.05535665
[1] 0.09929738
[1] 0.890625

 0  1 
 7 57 
[1] "Fitting mean A"
[1] "Fitting variance A"
[1] "DR"
[1] 0.00627166
[1] 0.1365229
[1] 0.984375

 0  1 
 1 63 
[1] "se comparison"
[1] 0.09334036
[1] 0.1650883
[1] 65
[1] -0.2
[1] -0.1938984
[1] "AdaLSE"
[1] -0.3680401
[1] 0.08930591
[1] 0.8923077

 0  1 
 7 58 
[1] "Fitting mean A"
[1] "Fitting variance A"
[1] "DR"
[1] -0.2247666
[1] 0.1377844
[1] 0.9846154

 0  1 
 1 64 
[1] "se comparison"
[1] 0.09433838
[1] 0.1638451
[1] 66
[1] -0.2
[1] -0.1938984
[1] "AdaLSE"
[1] -0.03635994
[1] 0.08139493
[1] 0.8939394

 0  1 
 7 59 
[1] "Fitting mean A"
[1] "Fitting variance A"
[1] "DR"
[1] 0.002165559
[1] 0.08707665
[1] 0.969697

 0  1 
 2 64 
[1] "se comparison"
[1] 0.09645494
[1] 0.1643291
[1] 67
[1] -0.2
[1] -0.1938984
[1] "AdaLSE"
[1] -0.2425963
[1] 0.08921912
[1] 0.8955224

 0  1 
 7 60 
[1] "Fitting mean A"
[1] "Fitting variance A"
[1] "DR"
[1] -0.2007242
[1] 0.1015417
[1] 0.9701493

 0  1 
 2 65 
[1] "se comparison"
[1] 0.09575319
[1] 0.1630856
[1] 68
[1] -0.2
[1] -0.1938984
[1] "AdaLSE"
[1] -0.1884363
[1] 0.0904636
[1] 0.8970588

 0  1 
 7 61 
[1] "Fitting mean A"
[1] "Fitting variance A"
[1] "DR"
[1] -0.196599
[1] 0.1889205
[1] 0.9705882

 0  1 
 2 66 
[1] "se comparison"
[1] 0.09512679
[1] 0.1618664
[1] 69
[1] -0.2
[1] -0.1938984
[1] "AdaLSE"
[1] -0.3315034
[1] 0.08636829
[1] 0.8985507

 0  1 
 7 62 
[1] "Fitting mean A"
[1] "Fitting variance A"
[1] "DR"
[1] -0.1746662
[1] 0.157298
[1] 0.9710145

 0  1 
 2 67 
[1] "se comparison"
[1] 0.09533701
[1] 0.1606816
[1] 70
[1] -0.2
[1] -0.1938984
[1] "AdaLSE"
[1] -0.1209256
[1] 0.07969806
[1] 0.9

 0  1 
 7 63 
[1] "Fitting mean A"
[1] "Fitting variance A"
[1] "DR"
[1] -0.260115
[1] 0.1273637
[1] 0.9714286

 0  1 
 2 68 
[1] "se comparison"
[1] 0.09543894
[1] 0.1597378
[1] 71
[1] -0.2
[1] -0.1938984
[1] "AdaLSE"
[1] -0.08084129
[1] 0.08915656
[1] 0.9014085

 0  1 
 7 64 
[1] "Fitting mean A"
[1] "Fitting variance A"
[1] "DR"
[1] 0.3130315
[1] 0.4240252
[1] 0.971831

 0  1 
 2 69 
[1] "se comparison"
[1] 0.09623101
[1] 0.1694669
[1] 72
[1] -0.2
[1] -0.1938984
[1] "AdaLSE"
[1] -0.2533683
[1] 0.08091486
[1] 0.9027778

 0  1 
 7 65 
[1] "Fitting mean A"
[1] "Fitting variance A"
[1] "DR"
[1] -0.22015
[1] 0.1672698
[1] 0.9722222

 0  1 
 2 70 
[1] "se comparison"
[1] 0.09563021
[1] 0.1683257
[1] 73
[1] -0.2
[1] -0.1938984
[1] "AdaLSE"
[1] -0.2364996
[1] 0.08777761
[1] 0.9041096

 0  1 
 7 66 
[1] "Fitting mean A"
[1] "Fitting variance A"
