LOADING R
R LOADED
[1] "/home/lvanderl/Rlibs2"                         
[2] "/app/software/R/4.2.2-foss-2021b/lib/R/library"
[1] "/home/lvanderl/sieveSims"
[1] -0.2264276  5.7711254
[1] 1
[1] -0.1999866
[1] -0.1688629
[1] "AdaLSE"
[1] 0
[1] 0
[1] 0

0 
1 
[1] "Fitting mean A"
[1] "Fitting variance A"
[1] "DR"
[1] -0.1284218
[1] 0.06755808
[1] 1

1 
1 
[1] 2
[1] -0.1999866
[1] -0.1688629
[1] "AdaLSE"
[1] -0.2925069
[1] 0.0606826
[1] 0

0 
2 
[1] "Fitting mean A"
[1] "Fitting variance A"
[1] "DR"
[1] -0.2816971
[1] 0.05930771
[1] 1

1 
2 
[1] 3
[1] -0.1999866
[1] -0.1688629
[1] "AdaLSE"
[1] -0.2705136
[1] 0.05547338
[1] 0.3333333

0 1 
2 1 
[1] "Fitting mean A"
[1] "Fitting variance A"
[1] "DR"
[1] -0.2029721
[1] 0.06610565
[1] 1

1 
3 
[1] 4
[1] -0.1999866
[1] -0.1688629
[1] "AdaLSE"
[1] -0.1504365
[1] 0.05742755
[1] 0.5

0 1 
2 2 
[1] "Fitting mean A"
[1] "Fitting variance A"
[1] "DR"
[1] -0.1748153
[1] 0.06326582
[1] 1

1 
4 
[1] 5
[1] -0.1999866
[1] -0.1688629
[1] "AdaLSE"
[1] -0.3274961
[1] 0.05501575
[1] 0.4

0 1 
3 2 
[1] "Fitting mean A"
[1] "Fitting variance A"
[1] "DR"
[1] -0.2421079
[1] 0.06395646
[1] 1

1 
5 
[1] 6
[1] -0.1999866
[1] -0.1688629
[1] "AdaLSE"
[1] -0.2475615
[1] 0.06249848
[1] 0.5

0 1 
3 3 
[1] "Fitting mean A"
[1] "Fitting variance A"
[1] "DR"
[1] -0.2394233
[1] 0.05977017
[1] 1

1 
6 
[1] 7
[1] -0.1999866
[1] -0.1688629
[1] "AdaLSE"
[1] 0
[1] 0
[1] 0.4285714

0 1 
4 3 
[1] "Fitting mean A"
[1] "Fitting variance A"
[1] "DR"
[1] -0.1332183
[1] 0.06571197
[1] 1

1 
7 
[1] 8
[1] -0.1999866
[1] -0.1688629
[1] "AdaLSE"
[1] -0.1761146
[1] 0.05728554
[1] 0.5

0 1 
4 4 
[1] "Fitting mean A"
[1] "Fitting variance A"
[1] "DR"
[1] -0.1709622
[1] 0.06203011
[1] 1

1 
8 
[1] 9
[1] -0.03051975  5.38715023
[1] -0.1999866
[1] -0.1688629
[1] "AdaLSE"
[1] -0.1921743
[1] 0.05801235
[1] 0.5555556

0 1 
4 5 
[1] "Fitting mean A"
[1] "Fitting variance A"
[1] "DR"
[1] -0.2254044
[1] 0.06868204
[1] 1

1 
9 
[1] 10
[1] -0.1999866
[1] -0.1688629
[1] "AdaLSE"
[1] 0
[1] 0
[1] 0.5

0 1 
5 5 
[1] "Fitting mean A"
[1] "Fitting variance A"
[1] "DR"
[1] -0.08869408
[1] 0.0662603
[1] 1

 1 
10 
[1] 11
[1] -0.1999866
[1] -0.1688629
[1] "AdaLSE"
[1] -0.1690802
[1] 0.05431087
[1] 0.5454545

0 1 
5 6 
[1] "Fitting mean A"
[1] "Fitting variance A"
[1] "DR"
[1] -0.1819627
[1] 0.06224292
[1] 1

 1 
11 
[1] 12
[1] -0.1999866
[1] -0.1688629
[1] "AdaLSE"
[1] -0.2173964
[1] 0.05911538
[1] 0.5833333

0 1 
5 7 
[1] "Fitting mean A"
[1] "Fitting variance A"
[1] "DR"
[1] -0.2277668
[1] 0.05674775
[1] 1

 1 
12 
[1] 13
[1] -0.1999866
[1] -0.1688629
[1] "AdaLSE"
[1] 0
[1] 0
[1] 0.5384615

0 1 
6 7 
[1] "Fitting mean A"
[1] "Fitting variance A"
[1] "DR"
[1] -0.1037036
[1] 0.06728599
[1] 1

 1 
13 
[1] 14
[1] -0.1999866
[1] -0.1688629
[1] "AdaLSE"
[1] -0.257877
[1] 0.05052787
[1] 0.5714286

0 1 
6 8 
[1] "Fitting mean A"
[1] "Fitting variance A"
[1] "DR"
[1] -0.2061506
[1] 0.0618497
[1] 1

 1 
14 
[1] 15
[1] -0.1999866
[1] -0.1688629
[1] "AdaLSE"
[1] 0
[1] 0
[1] 0.5333333

0 1 
7 8 
[1] "Fitting mean A"
[1] "Fitting variance A"
[1] "DR"
[1] -0.1311733
[1] 0.06283704
[1] 1

 1 
15 
[1] 16
[1] -0.1999866
[1] -0.1688629
[1] "AdaLSE"
[1] -0.2474295
[1] 0.05392578
[1] 0.5625

0 1 
7 9 
[1] "Fitting mean A"
[1] "Fitting variance A"
[1] "DR"
[1] -0.1594137
[1] 0.06170228
[1] 1

 1 
16 
[1] 17
[1] -0.1999866
[1] -0.1688629
[1] "AdaLSE"
[1] -0.3307723
[1] 0.05921363
[1] 0.5294118

0 1 
8 9 
[1] "Fitting mean A"
[1] "Fitting variance A"
[1] "DR"
[1] -0.3396126
[1] 0.06493104
[1] 0.9411765

 0  1 
 1 16 
[1] 18
[1] -0.1999866
[1] -0.1688629
[1] "AdaLSE"
[1] -0.1939151
[1] 0.05416005
[1] 0.5555556

 0  1 
 8 10 
[1] "Fitting mean A"
[1] "Fitting variance A"
[1] "DR"
[1] -0.1773148
[1] 0.06270466
[1] 0.9444444

 0  1 
 1 17 
[1] 19
[1] -0.1999866
[1] -0.1688629
[1] "AdaLSE"
[1] 0
[1] 0
[1] 0.5263158

 0  1 
 9 10 
[1] "Fitting mean A"
[1] "Fitting variance A"
[1] "DR"
[1] -0.0396389
[1] 0.06826915
[1] 0.9473684

 0  1 
 1 18 
[1] 20
[1] -0.1999866
[1] -0.1688629
[1] "AdaLSE"
[1] 0
[1] 0
[1] 0.5

 0  1 
10 10 
[1] "Fitting mean A"
[1] "Fitting variance A"
[1] "DR"
[1] -0.02358924
[1] 0.06304742
[1] 0.9

 0  1 
 2 18 
[1] 21
[1] -0.1999866
[1] -0.1688629
[1] "AdaLSE"
[1] -0.2377712
[1] 0.05990372
[1] 0.5238095

 0  1 
10 11 
[1] "Fitting mean A"
[1] "Fitting variance A"
[1] "DR"
[1] -0.2447189
[1] 0.06202321
[1] 0.9047619

 0  1 
 2 19 
[1] 22
[1] -0.1999866
[1] -0.1688629
[1] "AdaLSE"
[1] -0.1104109
[1] 0.05615751
[1] 0.5454545

 0  1 
10 12 
[1] "Fitting mean A"
[1] "Fitting variance A"
[1] "DR"
[1] -0.1597235
[1] 0.06473937
[1] 0.9090909

 0  1 
 2 20 
[1] 23
[1] -0.1999866
[1] -0.1688629
[1] "AdaLSE"
[1] -0.1871217
[1] 0.05524149
[1] 0.5652174

 0  1 
10 13 
[1] "Fitting mean A"
[1] "Fitting variance A"
[1] "DR"
[1] -0.1634214
[1] 0.06167907
[1] 0.9130435

 0  1 
 2 21 
[1] 24
[1] -0.06600526  5.47040081
[1] -0.1999866
[1] -0.1688629
[1] "AdaLSE"
[1] -0.194164
[1] 0.05673656
[1] 0.5833333

 0  1 
10 14 
[1] "Fitting mean A"
[1] "Fitting variance A"
[1] "DR"
[1] -0.1801113
[1] 0.05927261
[1] 0.9166667

 0  1 
 2 22 
[1] 25
[1] -0.1999866
[1] -0.1688629
[1] "AdaLSE"
[1] 0
[1] 0
[1] 0.56

 0  1 
11 14 
[1] "Fitting mean A"
[1] "Fitting variance A"
[1] "DR"
[1] -0.1494471
[1] 0.06576793
[1] 0.92

 0  1 
 2 23 
[1] 26
[1] -0.1999866
[1] -0.1688629
[1] "AdaLSE"
[1] -0.01017372
[1] 0.05569356
[1] 0.5384615

 0  1 
12 14 
[1] "Fitting mean A"
[1] "Fitting variance A"
[1] "DR"
[1] -0.003108758
[1] 0.06564819
[1] 0.8846154

 0  1 
 3 23 
[1] 27
[1] -0.1999866
[1] -0.1688629
[1] "AdaLSE"
[1] -0.2277085
[1] 0.05349584
[1] 0.5555556

 0  1 
12 15 
[1] "Fitting mean A"
[1] "Fitting variance A"
[1] "DR"
[1] -0.2017346
[1] 0.06386424
[1] 0.8888889

 0  1 
 3 24 
[1] 28
[1] -0.1999866
[1] -0.1688629
[1] "AdaLSE"
[1] -0.2120895
[1] 0.05395358
[1] 0.5714286

 0  1 
12 16 
[1] "Fitting mean A"
[1] "Fitting variance A"
[1] "DR"
[1] -0.2297189
[1] 0.06387866
[1] 0.8928571

 0  1 
 3 25 
[1] 29
[1] -0.1999866
[1] -0.1688629
[1] "AdaLSE"
[1] -0.1790194
[1] 0.04506433
[1] 0.5862069

 0  1 
12 17 
[1] "Fitting mean A"
[1] "Fitting variance A"
[1] "DR"
[1] -0.2396723
[1] 0.06229049
[1] 0.8965517

 0  1 
 3 26 
[1] 30
[1] -0.1999866
[1] -0.1688629
[1] "AdaLSE"
[1] 0
[1] 0
[1] 0.5666667

 0  1 
13 17 
[1] "Fitting mean A"
[1] "Fitting variance A"
[1] "DR"
[1] -0.08076742
[1] 0.06530489
[1] 0.9

 0  1 
 3 27 
[1] 31
[1] -0.1999866
[1] -0.1688629
[1] "AdaLSE"
[1] 0
[1] 0
[1] 0.5483871

 0  1 
14 17 
[1] "Fitting mean A"
[1] "Fitting variance A"
[1] "DR"
[1] -0.1692128
[1] 0.06458253
[1] 0.9032258

 0  1 
 3 28 
[1] 32
[1] -0.1999866
[1] -0.1688629
[1] "AdaLSE"
[1] 0
[1] 0
[1] 0.53125

 0  1 
15 17 
[1] "Fitting mean A"
[1] "Fitting variance A"
[1] "DR"
[1] -0.05049914
[1] 0.06451286
[1] 0.90625

 0  1 
 3 29 
[1] 33
[1] -0.1999866
[1] -0.1688629
[1] "AdaLSE"
[1] -0.2120706
[1] 0.05954144
[1] 0.5454545

 0  1 
15 18 
[1] "Fitting mean A"
[1] "Fitting variance A"
[1] "DR"
[1] -0.1473477
[1] 0.06349285
[1] 0.9090909

 0  1 
 3 30 
[1] 34
[1] -0.1999866
[1] -0.1688629
[1] "AdaLSE"
[1] -0.2714873
[1] 0.06347996
[1] 0.5588235

 0  1 
15 19 
[1] "Fitting mean A"
[1] "Fitting variance A"
[1] "DR"
[1] -0.264429
[1] 0.05977447
[1] 0.9117647

 0  1 
 3 31 
[1] 35
[1] -0.1999866
[1] -0.1688629
[1] "AdaLSE"
[1] 0
[1] 0
[1] 0.5428571

 0  1 
16 19 
[1] "Fitting mean A"
[1] "Fitting variance A"
[1] "DR"
[1] -0.09218225
[1] 0.0612875
[1] 0.9142857

 0  1 
 3 32 
[1] 36
[1] -0.1999866
[1] -0.1688629
[1] "AdaLSE"
[1] -0.2665771
[1] 0.05513409
[1] 0.5555556

 0  1 
16 20 
[1] "Fitting mean A"
[1] "Fitting variance A"
[1] "DR"
[1] -0.2688719
[1] 0.06174129
[1] 0.9166667

 0  1 
 3 33 
[1] 37
[1] -0.1999866
[1] -0.1688629
[1] "AdaLSE"
[1] 0
[1] 0
[1] 0.5405405

 0  1 
17 20 
[1] "Fitting mean A"
[1] "Fitting variance A"
[1] "DR"
[1] -0.07446123
[1] 0.06528134
[1] 0.9189189

 0  1 
 3 34 
[1] 38
[1] -0.1999866
[1] -0.1688629
[1] "AdaLSE"
[1] 0
[1] 0
[1] 0.5263158

 0  1 
18 20 
[1] "Fitting mean A"
[1] "Fitting variance A"
[1] "DR"
[1] -0.0472669
[1] 0.06413326
[1] 0.9210526

 0  1 
 3 35 
[1] 39
[1] -0.1999866
[1] -0.1688629
[1] "AdaLSE"
[1] 0
[1] 0
[1] 0.5128205

 0  1 
19 20 
[1] "Fitting mean A"
[1] "Fitting variance A"
[1] "DR"
[1] -0.1033297
[1] 0.0635183
[1] 0.9230769

 0  1 
 3 36 
[1] 40
[1] -0.1999866
[1] -0.1688629
[1] "AdaLSE"
[1] -0.134256
[1] 0.05211927
[1] 0.525

 0  1 
19 21 
[1] "Fitting mean A"
[1] "Fitting variance A"
[1] "DR"
[1] -0.2189356
[1] 0.066476
[1] 0.925

 0  1 
 3 37 
[1] 41
[1] -0.1999866
[1] -0.1688629
[1] "AdaLSE"
[1] -0.2435407
[1] 0.05606833
[1] 0.5365854

 0  1 
19 22 
[1] "Fitting mean A"
[1] "Fitting variance A"
[1] "DR"
[1] -0.2099492
[1] 0.0651003
[1] 0.9268293

 0  1 
 3 38 
[1] 42
[1] -0.1999866
[1] -0.1688629
[1] "AdaLSE"
[1] 0
[1] 0
[1] 0.5238095

 0  1 
20 22 
[1] "Fitting mean A"
[1] "Fitting variance A"
[1] "DR"
[1] -0.1470089
[1] 0.06712889
[1] 0.9285714

 0  1 
 3 39 
[1] 43
[1] -0.1999866
[1] -0.1688629
[1] "AdaLSE"
[1] -0.289094
[1] 0.06065905
[1] 0.5116279

 0  1 
21 22 
[1] "Fitting mean A"
[1] "Fitting variance A"
[1] "DR"
[1] -0.2649243
[1] 0.06267074
[1] 0.9302326

 0  1 
 3 40 
[1] 44
[1] -0.1999866
[1] -0.1688629
[1] "AdaLSE"
[1] 0
[1] 0
[1] 0.5

 0  1 
22 22 
[1] "Fitting mean A"
[1] "Fitting variance A"
[1] "DR"
[1] -0.1721445
[1] 0.06515295
[1] 0.9318182

 0  1 
 3 41 
[1] 45
[1] -0.1999866
[1] -0.1688629
[1] "AdaLSE"
[1] -0.0944201
[1] 0.0539226
[1] 0.5111111

 0  1 
22 23 
[1] "Fitting mean A"
[1] "Fitting variance A"
[1] "DR"
[1] -0.1389215
[1] 0.06587389
[1] 0.9333333

 0  1 
 3 42 
[1] 46
[1] -0.1999866
[1] -0.1688629
[1] "AdaLSE"
[1] 0
[1] 0
[1] 0.5

 0  1 
23 23 
[1] "Fitting mean A"
[1] "Fitting variance A"
[1] "DR"
[1] -0.140745
[1] 0.06390408
[1] 0.9347826

 0  1 
 3 43 
[1] 47
[1] -0.1999866
[1] -0.1688629
[1] "AdaLSE"
[1] -0.2242984
[1] 0.05884787
[1] 0.5106383

 0  1 
23 24 
[1] "Fitting mean A"
[1] "Fitting variance A"
[1] "DR"
[1] -0.1958852
[1] 0.06282743
[1] 0.9361702

 0  1 
 3 44 
[1] 48
[1] -0.1999866
[1] -0.1688629
[1] "AdaLSE"
[1] -0.1888935
[1] 0.05502994
[1] 0.5208333

 0  1 
23 25 
[1] "Fitting mean A"
[1] "Fitting variance A"
[1] "DR"
[1] -0.2018727
[1] 0.06412912
[1] 0.9375

 0  1 
 3 45 
[1] 49
[1] -0.1999866
[1] -0.1688629
[1] "AdaLSE"
[1] 0
[1] 0
[1] 0.5102041

 0  1 
24 25 
[1] "Fitting mean A"
[1] "Fitting variance A"
[1] "DR"
[1] -0.1829769
[1] 0.06628023
[1] 0.9387755

 0  1 
 3 46 
[1] 50
[1] -0.1999866
[1] -0.1688629
[1] "AdaLSE"
[1] -0.08444451
[1] 0.05311442
[1] 0.52

 0  1 
24 26 
[1] "Fitting mean A"
[1] "Fitting variance A"
[1] "DR"
[1] -0.05970292
[1] 0.05859265
[1] 0.94

 0  1 
 3 47 
[1] 51
[1] -0.1999866
[1] -0.1688629
[1] "AdaLSE"
[1] 0
[1] 0
[1] 0.5098039

 0  1 
25 26 
[1] "Fitting mean A"
[1] "Fitting variance A"
[1] "DR"
[1] -0.1059916
[1] 0.06348753
[1] 0.9411765

 0  1 
 3 48 
[1] 52
[1] -0.1999866
[1] -0.1688629
[1] "AdaLSE"
[1] -0.2124703
[1] 0.05386621
[1] 0.5192308

 0  1 
25 27 
[1] "Fitting mean A"
[1] "Fitting variance A"
[1] "DR"
[1] -0.1856615
[1] 0.06470771
[1] 0.9423077

 0  1 
 3 49 
[1] 53
[1] -0.1999866
[1] -0.1688629
[1] "AdaLSE"
[1] 0
[1] 0
[1] 0.509434

 0  1 
26 27 
[1] "Fitting mean A"
[1] "Fitting variance A"
[1] "DR"
[1] -0.1058939
[1] 0.06817112
[1] 0.9433962

 0  1 
 3 50 
[1] 54
[1] -0.1999866
[1] -0.1688629
[1] "AdaLSE"
[1] -0.315787
[1] 0.05297184
[1] 0.5

 0  1 
27 27 
[1] "Fitting mean A"
[1] "Fitting variance A"
[1] "DR"
[1] -0.2799397
[1] 0.05964096
[1] 0.9444444

 0  1 
 3 51 
[1] 55
[1] -0.1999866
[1] -0.1688629
[1] "AdaLSE"
[1] -0.2355586
[1] 0.05793904
[1] 0.5090909

 0  1 
27 28 
[1] "Fitting mean A"
[1] "Fitting variance A"
[1] "DR"
[1] -0.2594761
[1] 0.06247695
[1] 0.9454545

 0  1 
 3 52 
[1] 56
[1] -0.1999866
[1] -0.1688629
[1] "AdaLSE"
[1] -0.2577255
[1] 0.05805581
[1] 0.5178571

 0  1 
27 29 
[1] "Fitting mean A"
[1] "Fitting variance A"
[1] "DR"
[1] -0.220689
[1] 0.06408442
[1] 0.9464286

 0  1 
 3 53 
[1] 57
[1] -0.1999866
[1] -0.1688629
[1] "AdaLSE"
[1] 0
[1] 0
[1] 0.5087719

 0  1 
28 29 
[1] "Fitting mean A"
[1] "Fitting variance A"
[1] "DR"
[1] -0.06499456
[1] 0.06318129
[1] 0.9473684

 0  1 
 3 54 
[1] 58
[1] -0.1999866
[1] -0.1688629
[1] "AdaLSE"
[1] 0
[1] 0
[1] 0.5

 0  1 
29 29 
[1] "Fitting mean A"
[1] "Fitting variance A"
[1] "DR"
[1] -0.1288783
[1] 0.06387762
[1] 0.9482759

 0  1 
 3 55 
[1] 59
[1] -0.1999866
[1] -0.1688629
[1] "AdaLSE"
[1] -0.2275617
[1] 0.05852478
[1] 0.5084746

 0  1 
29 30 
[1] "Fitting mean A"
[1] "Fitting variance A"
[1] "DR"
[1] -0.1921642
[1] 0.0647783
[1] 0.9491525

 0  1 
 3 56 
[1] 60
[1] -0.1999866
[1] -0.1688629
[1] "AdaLSE"
[1] 0
[1] 0
[1] 0.5

 0  1 
30 30 
[1] "Fitting mean A"
[1] "Fitting variance A"
[1] "DR"
[1] -0.1320841
[1] 0.06304194
[1] 0.95

 0  1 
 3 57 
[1] 61
[1] -0.1999866
[1] -0.1688629
[1] "AdaLSE"
[1] -0.319121
[1] 0.05911485
[1] 0.4918033

 0  1 
31 30 
[1] "Fitting mean A"
[1] "Fitting variance A"
[1] "DR"
[1] -0.2786217
[1] 0.0642199
[1] 0.9508197

 0  1 
 3 58 
[1] 62
[1] -0.1999866
[1] -0.1688629
[1] "AdaLSE"
[1] -0.2209862
[1] 0.06002583
[1] 0.5

 0  1 
31 31 
[1] "Fitting mean A"
[1] "Fitting variance A"
[1] "DR"
[1] -0.2127152
[1] 0.06171704
[1] 0.9516129

 0  1 
 3 59 
[1] 63
[1] -0.1999866
[1] -0.1688629
[1] "AdaLSE"
[1] -0.03108211
[1] 0.05307601
[1] 0.4920635

 0  1 
32 31 
[1] "Fitting mean A"
[1] "Fitting variance A"
[1] "DR"
[1] -0.02373597
[1] 0.06224349
[1] 0.9365079

 0  1 
 4 59 
[1] 64
[1] -0.1999866
[1] -0.1688629
[1] "AdaLSE"
[1] 0
[1] 0
[1] 0.484375

 0  1 
33 31 
[1] "Fitting mean A"
[1] "Fitting variance A"
[1] "DR"
[1] -0.06801359
[1] 0.06421056
[1] 0.9375

 0  1 
 4 60 
[1] 65
[1] -0.1999866
[1] -0.1688629
[1] "AdaLSE"
[1] -0.1663302
[1] 0.05285127
[1] 0.4923077

 0  1 
33 32 
[1] "Fitting mean A"
[1] "Fitting variance A"
[1] "DR"
[1] -0.2335395
[1] 0.06340043
[1] 0.9384615

 0  1 
 4 61 
[1] 66
[1] -0.1999866
[1] -0.1688629
[1] "AdaLSE"
[1] 0
[1] 0
[1] 0.4848485

 0  1 
34 32 
[1] "Fitting mean A"
[1] "Fitting variance A"
[1] "DR"
[1] -0.1138524
[1] 0.06701364
[1] 0.9393939

 0  1 
 4 62 
[1] 67
[1] -0.1999866
[1] -0.1688629
[1] "AdaLSE"
[1] -0.1624961
[1] 0.05529563
[1] 0.4925373

 0  1 
34 33 
[1] "Fitting mean A"
[1] "Fitting variance A"
[1] "DR"
[1] -0.1106229
[1] 0.06336295
[1] 0.9402985

 0  1 
 4 63 
[1] 68
[1] -0.1999866
[1] -0.1688629
[1] "AdaLSE"
[1] -0.1723953
[1] 0.05363982
[1] 0.5

 0  1 
34 34 
[1] "Fitting mean A"
[1] "Fitting variance A"
[1] "DR"
[1] -0.167756
[1] 0.06206916
[1] 0.9411765

 0  1 
 4 64 
[1] 69
[1] -0.1999866
[1] -0.1688629
[1] "AdaLSE"
[1] -0.2503111
[1] 0.05578318
[1] 0.5072464

 0  1 
34 35 
[1] "Fitting mean A"
[1] "Fitting variance A"
[1] "DR"
[1] -0.2345421
[1] 0.05840353
[1] 0.942029

 0  1 
 4 65 
[1] 70
[1] -0.1999866
[1] -0.1688629
[1] "AdaLSE"
[1] -0.1664913
[1] 0.05517665
[1] 0.5142857

 0  1 
34 36 
[1] "Fitting mean A"
[1] "Fitting variance A"
[1] "DR"
[1] -0.1747988
[1] 0.06942731
[1] 0.9428571

 0  1 
 4 66 
[1] 71
[1] -0.1999866
[1] -0.1688629
[1] "AdaLSE"
[1] 0
[1] 0
[1] 0.5070423

 0  1 
35 36 
[1] "Fitting mean A"
[1] "Fitting variance A"
[1] "DR"
[1] -0.02303698
[1] 0.06709048
[1] 0.9295775

 0  1 
 5 66 
[1] 72
[1] -0.1999866
[1] -0.1688629
[1] "AdaLSE"
[1] -0.2863788
[1] 0.0565104
[1] 0.5

 0  1 
36 36 
[1] "Fitting mean A"
[1] "Fitting variance A"
[1] "DR"
[1] -0.2190949
[1] 0.06065573
[1] 0.9305556

 0  1 
 5 67 
[1] 73
[1] -0.1999866
[1] -0.1688629
[1] "AdaLSE"
[1] 0
[1] 0
[1] 0.4931507

 0  1 
37 36 
[1] "Fitting mean A"
[1] "Fitting variance A"
[1] "DR"
[1] -0.1135189
[1] 0.06555734
[1] 0.9315068

 0  1 
 5 68 
[1] 74
[1] -0.1999866
[1] -0.1688629
[1] "AdaLSE"
[1] -0.2432437
[1] 0.05327804
[1] 0.5

 0  1 
37 37 
[1] "Fitting mean A"
[1] "Fitting variance A"
[1] "DR"
[1] -0.1859294
[1] 0.06258088
[1] 0.9324324

 0  1 
 5 69 
[1] 75
[1] -0.1999866
[1] -0.1688629
[1] "AdaLSE"
[1] 0
[1] 0
[1] 0.4933333

 0  1 
38 37 
[1] "Fitting mean A"
[1] "Fitting variance A"
[1] "DR"
[1] -0.09352991
[1] 0.06421243
[1] 0.9333333

 0  1 
 5 70 
[1] 76
[1] -0.1999866
[1] -0.1688629
[1] "AdaLSE"
[1] 0
[1] 0
[1] 0.4868421

 0  1 
39 37 
[1] "Fitting mean A"
[1] "Fitting variance A"
[1] "DR"
[1] -0.1186544
[1] 0.06588222
[1] 0.9342105

 0  1 
 5 71 
[1] 77
[1] -0.1999866
[1] -0.1688629
[1] "AdaLSE"
[1] -0.07715029
[1] 0.05325642
[1] 0.4935065

 0  1 
39 38 
[1] "Fitting mean A"
[1] "Fitting variance A"
[1] "DR"
[1] -0.1612952
[1] 0.06270698
[1] 0.9350649

 0  1 
 5 72 
[1] 78
[1] -0.1999866
[1] -0.1688629
[1] "AdaLSE"
[1] 0
[1] 0
[1] 0.4871795

 0  1 
40 38 
[1] "Fitting mean A"
[1] "Fitting variance A"
[1] "DR"
[1] -0.144294
[1] 0.06291041
[1] 0.9358974

 0  1 
 5 73 
[1] 79
[1] -0.1999866
[1] -0.1688629
[1] "AdaLSE"
[1] 0
[1] 0
[1] 0.4810127

 0  1 
41 38 
[1] "Fitting mean A"
[1] "Fitting variance A"
[1] "DR"
[1] -0.05193155
[1] 0.06333887
[1] 0.9367089

 0  1 
 5 74 
[1] 80
[1] -0.1999866
[1] -0.1688629
[1] "AdaLSE"
[1] -0.2313732
[1] 0.05192481
[1] 0.4875

 0  1 
41 39 
[1] "Fitting mean A"
[1] "Fitting variance A"
[1] "DR"
[1] -0.1807398
[1] 0.06527652
[1] 0.9375

 0  1 
 5 75 
[1] 81
[1] -0.1999866
[1] -0.1688629
[1] "AdaLSE"
[1] -0.23505
[1] 0.06073063
[1] 0.4938272

 0  1 
41 40 
[1] "Fitting mean A"
[1] "Fitting variance A"
[1] "DR"
[1] -0.1788322
[1] 0.06301809
[1] 0.9382716

 0  1 
 5 76 
[1] 82
[1] -0.1999866
[1] -0.1688629
[1] "AdaLSE"
[1] -0.1491115
[1] 0.05759098
[1] 0.5

 0  1 
41 41 
[1] "Fitting mean A"
[1] "Fitting variance A"
[1] "DR"
[1] -0.1355419
[1] 0.06308847
[1] 0.9390244

 0  1 
 5 77 
[1] 83
[1] -0.1999866
[1] -0.1688629
[1] "AdaLSE"
[1] -0.2472124
[1] 0.06000936
[1] 0.5060241

 0  1 
41 42 
[1] "Fitting mean A"
[1] "Fitting variance A"
[1] "DR"
[1] -0.1673705
[1] 0.06289921
[1] 0.939759

 0  1 
 5 78 
[1] 84
[1] -0.1999866
[1] -0.1688629
[1] "AdaLSE"
[1] 0
[1] 0
[1] 0.5

 0  1 
42 42 
[1] "Fitting mean A"
[1] "Fitting variance A"
[1] "DR"
[1] -0.05669904
[1] 0.06894749
[1] 0.9404762

 0  1 
 5 79 
[1] 85
[1] -0.1999866
[1] -0.1688629
[1] "AdaLSE"
[1] 0
[1] 0
[1] 0.4941176

 0  1 
43 42 
[1] "Fitting mean A"
[1] "Fitting variance A"
[1] "DR"
[1] -0.1641865
[1] 0.06676054
[1] 0.9411765

 0  1 
 5 80 
[1] 86
[1] -0.1999866
[1] -0.1688629
[1] "AdaLSE"
[1] 0
[1] 0
[1] 0.4883721

 0  1 
44 42 
[1] "Fitting mean A"
[1] "Fitting variance A"
[1] "DR"
[1] -0.1104696
[1] 0.06535781
[1] 0.9418605

 0  1 
 5 81 
[1] 87
[1] -0.1999866
[1] -0.1688629
[1] "AdaLSE"
[1] -0.2609026
[1] 0.05464631
[1] 0.4942529

 0  1 
44 43 
[1] "Fitting mean A"
[1] "Fitting variance A"
[1] "DR"
[1] -0.2058591
[1] 0.06371508
[1] 0.9425287

 0  1 
 5 82 
[1] 88
[1] -0.1999866
[1] -0.1688629
[1] "AdaLSE"
[1] -0.1548115
[1] 0.05204619
[1] 0.5

 0  1 
44 44 
[1] "Fitting mean A"
[1] "Fitting variance A"
[1] "DR"
[1] -0.1692994
[1] 0.06473329
[1] 0.9431818

 0  1 
 5 83 
[1] 89
[1] -0.1999866
[1] -0.1688629
[1] "AdaLSE"
[1] -0.001052813
[1] 0.0554859
[1] 0.494382

 0  1 
45 44 
[1] "Fitting mean A"
[1] "Fitting variance A"
[1] "DR"
[1] -0.02655684
[1] 0.06550077
[1] 0.9325843

 0  1 
 6 83 
[1] 90
[1] -0.1999866
[1] -0.1688629
[1] "AdaLSE"
[1] 0
[1] 0
[1] 0.4888889

 0  1 
46 44 
[1] "Fitting mean A"
[1] "Fitting variance A"
[1] "DR"
[1] -0.2140868
[1] 0.06326538
[1] 0.9333333

 0  1 
 6 84 
[1] 91
[1] -0.1999866
[1] -0.1688629
[1] "AdaLSE"
[1] 0
[1] 0
[1] 0.4835165

 0  1 
47 44 
[1] "Fitting mean A"
[1] "Fitting variance A"
[1] "DR"
[1] -0.08112809
[1] 0.06146455
[1] 0.9340659

 0  1 
 6 85 
[1] 92
[1] -0.1999866
[1] -0.1688629
[1] "AdaLSE"
[1] -0.1084959
[1] 0.05284854
[1] 0.4891304

 0  1 
47 45 
[1] "Fitting mean A"
[1] "Fitting variance A"
[1] "DR"
[1] -0.167122
[1] 0.06419555
[1] 0.9347826

 0  1 
 6 86 
[1] 93
[1] -0.1999866
[1] -0.1688629
[1] "AdaLSE"
[1] -0.2522835
[1] 0.05481136
[1] 0.4946237

 0  1 
47 46 
[1] "Fitting mean A"
[1] "Fitting variance A"
[1] "DR"
[1] -0.1878796
[1] 0.06290339
[1] 0.9354839

 0  1 
 6 87 
[1] 94
[1] -0.001770563  5.649648039
[1] -0.1999866
[1] -0.1688629
[1] "AdaLSE"
[1] 0
[1] 0
[1] 0.4893617

 0  1 
48 46 
[1] "Fitting mean A"
[1] "Fitting variance A"
[1] "DR"
[1] -0.0978014
[1] 0.06709343
[1] 0.9361702

 0  1 
 6 88 
[1] 95
[1] -0.1999866
[1] -0.1688629
[1] "AdaLSE"
[1] 0
[1] 0
[1] 0.4842105

 0  1 
49 46 
[1] "Fitting mean A"
[1] "Fitting variance A"
[1] "DR"
[1] -0.1313573
[1] 0.06419292
[1] 0.9368421

 0  1 
 6 89 
[1] 96
[1] -0.1999866
[1] -0.1688629
[1] "AdaLSE"
[1] 0
[1] 0
[1] 0.4791667

 0  1 
50 46 
[1] "Fitting mean A"
[1] "Fitting variance A"
[1] "DR"
[1] -0.1328399
[1] 0.06372154
[1] 0.9375

 0  1 
 6 90 
[1] 97
[1] -0.1999866
[1] -0.1688629
[1] "AdaLSE"
[1] -0.2791188
[1] 0.05907457
[1] 0.4845361

 0  1 
50 47 
[1] "Fitting mean A"
[1] "Fitting variance A"
[1] "DR"
[1] -0.2768821
[1] 0.06418261
[1] 0.9381443

 0  1 
 6 91 
[1] 98
[1] -0.1999866
[1] -0.1688629
[1] "AdaLSE"
[1] -0.2601427
[1] 0.05771583
[1] 0.4897959

 0  1 
50 48 
[1] "Fitting mean A"
[1] "Fitting variance A"
[1] "DR"
[1] -0.2303353
[1] 0.06421602
[1] 0.9387755

 0  1 
 6 92 
[1] 99
[1] -0.1999866
[1] -0.1688629
[1] "AdaLSE"
[1] -0.2150193
[1] 0.05519798
[1] 0.4949495

 0  1 
50 49 
[1] "Fitting mean A"
[1] "Fitting variance A"
[1] "DR"
[1] -0.224179
[1] 0.05839229
[1] 0.9393939

 0  1 
 6 93 
[1] 100
[1] -0.1999866
[1] -0.1688629
[1] "AdaLSE"
[1] 0
[1] 0
[1] 0.49

 0  1 
51 49 
[1] "Fitting mean A"
[1] "Fitting variance A"
[1] "DR"
[1] -0.1218355
[1] 0.06418975
[1] 0.94

 0  1 
 6 94 
[1] 101
[1] -0.1999866
[1] -0.1688629
[1] "AdaLSE"
[1] -0.001480368
[1] 0.05386518
[1] 0.4851485

 0  1 
52 49 
[1] "Fitting mean A"
[1] "Fitting variance A"
[1] "DR"
[1] 0.0137782
[1] 0.06391837
[1] 0.9306931

 0  1 
 7 94 
[1] 102
[1] -0.1999866
[1] -0.1688629
[1] "AdaLSE"
[1] 0
[1] 0
[1] 0.4803922

 0  1 
53 49 
[1] "Fitting mean A"
[1] "Fitting variance A"
[1] "DR"
[1] -0.1418578
[1] 0.06823656
[1] 0.9313725

 0  1 
 7 95 
[1] 103
[1] -0.1999866
[1] -0.1688629
[1] "AdaLSE"
[1] 0
[1] 0
[1] 0.4757282

 0  1 
54 49 
[1] "Fitting mean A"
[1] "Fitting variance A"
[1] "DR"
[1] -0.101493
[1] 0.06321593
[1] 0.9320388

 0  1 
 7 96 
[1] 104
[1] -0.1999866
[1] -0.1688629
[1] "AdaLSE"
[1] 0
[1] 0
[1] 0.4711538

 0  1 
55 49 
[1] "Fitting mean A"
[1] "Fitting variance A"
[1] "DR"
[1] -0.05221065
[1] 0.06553395
[1] 0.9326923

 0  1 
 7 97 
[1] 105
[1] -0.1999866
[1] -0.1688629
[1] "AdaLSE"
[1] -0.3058299
[1] 0.05798725
[1] 0.4666667

 0  1 
56 49 
[1] "Fitting mean A"
[1] "Fitting variance A"
[1] "DR"
[1] -0.2393083
[1] 0.06267194
[1] 0.9333333

 0  1 
 7 98 
[1] 106
[1] -0.1999866
[1] -0.1688629
[1] "AdaLSE"
[1] -0.1680368
[1] 0.05265231
[1] 0.4716981

 0  1 
56 50 
[1] "Fitting mean A"
[1] "Fitting variance A"
[1] "DR"
[1] -0.1823122
[1] 0.05799329
[1] 0.9339623

 0  1 
 7 99 
[1] 107
[1] -0.1999866
[1] -0.1688629
[1] "AdaLSE"
[1] 0
[1] 0
[1] 0.4672897

 0  1 
57 50 
[1] "Fitting mean A"
[1] "Fitting variance A"
[1] "DR"
[1] -0.1445738
[1] 0.0671896
[1] 0.9345794

  0   1 
  7 100 
[1] 108
[1] -0.1999866
[1] -0.1688629
[1] "AdaLSE"
[1] -0.1866479
[1] 0.05651841
[1] 0.4722222

 0  1 
57 51 
[1] "Fitting mean A"
[1] "Fitting variance A"
[1] "DR"
[1] -0.1390065
[1] 0.06114282
[1] 0.9351852

  0   1 
  7 101 
[1] 109
[1] -0.1999866
[1] -0.1688629
[1] "AdaLSE"
[1] -0.2754064
[1] 0.0575733
[1] 0.4770642

 0  1 
57 52 
[1] "Fitting mean A"
[1] "Fitting variance A"
[1] "DR"
[1] -0.2083205
[1] 0.06571827
[1] 0.9357798

  0   1 
  7 102 
[1] 110
[1] -0.1999866
[1] -0.1688629
[1] "AdaLSE"
[1] 0
[1] 0
[1] 0.4727273

 0  1 
58 52 
[1] "Fitting mean A"
[1] "Fitting variance A"
[1] "DR"
[1] -0.1131706
[1] 0.06538035
[1] 0.9363636

  0   1 
  7 103 
[1] 111
[1] -0.1999866
[1] -0.1688629
[1] "AdaLSE"
[1] -0.2095992
[1] 0.05788852
[1] 0.4774775

 0  1 
58 53 
[1] "Fitting mean A"
[1] "Fitting variance A"
[1] "DR"
[1] -0.2181578
[1] 0.06424487
[1] 0.9369369

  0   1 
  7 104 
[1] 112
[1] -0.1999866
[1] -0.1688629
[1] "AdaLSE"
[1] -0.2201767
[1] 0.05161745
[1] 0.4821429

 0  1 
58 54 
[1] "Fitting mean A"
[1] "Fitting variance A"
[1] "DR"
[1] -0.2002877
[1] 0.06104744
[1] 0.9375

  0   1 
  7 105 
[1] 113
[1] -0.1999866
[1] -0.1688629
[1] "AdaLSE"
[1] -0.08884677
[1] 0.0550813
[1] 0.4867257

 0  1 
58 55 
[1] "Fitting mean A"
[1] "Fitting variance A"
[1] "DR"
[1] -0.06257237
[1] 0.06496711
[1] 0.9380531

  0   1 
  7 106 
[1] 114
[1] -0.1999866
[1] -0.1688629
[1] "AdaLSE"
[1] -0.2296395
[1] 0.0555426
[1] 0.4912281

 0  1 
58 56 
[1] "Fitting mean A"
[1] "Fitting variance A"
[1] "DR"
[1] -0.180702
[1] 0.06329711
[1] 0.9385965

  0   1 
  7 107 
[1] 115
[1] -0.1999866
[1] -0.1688629
[1] "AdaLSE"
[1] -0.1603716
[1] 0.05471543
[1] 0.4956522

 0  1 
58 57 
[1] "Fitting mean A"
[1] "Fitting variance A"
[1] "DR"
[1] -0.1335074
[1] 0.06725719
[1] 0.9391304

  0   1 
  7 108 
[1] 116
[1] -0.1999866
[1] -0.1688629
[1] "AdaLSE"
[1] -0.1790587
[1] 0.05357668
[1] 0.5

 0  1 
58 58 
[1] "Fitting mean A"
[1] "Fitting variance A"
[1] "DR"
[1] -0.1602953
[1] 0.06423616
[1] 0.9396552

  0   1 
  7 109 
[1] 117
[1] -0.1999866
[1] -0.1688629
[1] "AdaLSE"
[1] 0
[1] 0
[1] 0.4957265

 0  1 
59 58 
[1] "Fitting mean A"
[1] "Fitting variance A"
[1] "DR"
[1] -0.06009783
[1] 0.06581133
[1] 0.9401709

  0   1 
  7 110 
[1] 118
[1] -0.1999866
[1] -0.1688629
[1] "AdaLSE"
[1] 0
[1] 0
[1] 0.4915254

 0  1 
60 58 
[1] "Fitting mean A"
[1] "Fitting variance A"
[1] "DR"
[1] -0.09330286
[1] 0.06500895
[1] 0.940678

  0   1 
  7 111 
[1] 119
[1] -0.1999866
[1] -0.1688629
[1] "AdaLSE"
[1] -0.2379598
[1] 0.06109054
[1] 0.4957983

 0  1 
60 59 
[1] "Fitting mean A"
[1] "Fitting variance A"
[1] "DR"
[1] -0.187544
[1] 0.06350217
[1] 0.9411765

  0   1 
  7 112 
[1] 120
[1] -0.1999866
[1] -0.1688629
[1] "AdaLSE"
[1] 0
[1] 0
[1] 0.4916667

 0  1 
61 59 
[1] "Fitting mean A"
[1] "Fitting variance A"
[1] "DR"
[1] -0.12348
[1] 0.06681006
[1] 0.9416667

  0   1 
  7 113 
[1] 121
[1] -0.1999866
[1] -0.1688629
[1] "AdaLSE"
[1] 0
[1] 0
[1] 0.4876033

 0  1 
62 59 
[1] "Fitting mean A"
[1] "Fitting variance A"
[1] "DR"
[1] -0.1032397
[1] 0.06834333
[1] 0.9421488

  0   1 
  7 114 
[1] 122
[1] -0.1999866
[1] -0.1688629
[1] "AdaLSE"
[1] -0.1265664
[1] 0.05075923
[1] 0.4918033

 0  1 
62 60 
[1] "Fitting mean A"
[1] "Fitting variance A"
[1] "DR"
[1] -0.1237831
[1] 0.06080661
[1] 0.942623

  0   1 
  7 115 
[1] 123
[1] -0.1999866
[1] -0.1688629
[1] "AdaLSE"
[1] -0.09470738
[1] 0.05517819
[1] 0.495935

 0  1 
62 61 
[1] "Fitting mean A"
[1] "Fitting variance A"
[1] "DR"
[1] -0.1147295
[1] 0.06459147
[1] 0.9430894

  0   1 
  7 116 
[1] 124
[1] -0.1999866
[1] -0.1688629
[1] "AdaLSE"
[1] 0
[1] 0
[1] 0.4919355

 0  1 
63 61 
[1] "Fitting mean A"
[1] "Fitting variance A"
[1] "DR"
[1] -0.1427758
[1] 0.0661595
[1] 0.9435484

  0   1 
  7 117 
[1] 125
[1] -0.1999866
[1] -0.1688629
[1] "AdaLSE"
[1] -0.1620926
[1] 0.05734524
[1] 0.496

 0  1 
63 62 
[1] "Fitting mean A"
[1] "Fitting variance A"
[1] "DR"
[1] -0.1579907
[1] 0.06428365
[1] 0.944

  0   1 
  7 118 
[1] 126
[1] -0.1999866
[1] -0.1688629
[1] "AdaLSE"
[1] -0.1280953
[1] 0.05120491
[1] 0.5

 0  1 
63 63 
[1] "Fitting mean A"
[1] "Fitting variance A"
[1] "DR"
[1] -0.1565682
[1] 0.05727378
[1] 0.9444444

  0   1 
  7 119 
[1] 127
[1] -0.1999866
[1] -0.1688629
[1] "AdaLSE"
[1] -0.1511731
[1] 0.0522613
[1] 0.503937

 0  1 
63 64 
[1] "Fitting mean A"
[1] "Fitting variance A"
[1] "DR"
[1] -0.1691191
[1] 0.06576543
[1] 0.9448819

  0   1 
  7 120 
[1] 128
[1] -0.1999866
[1] -0.1688629
[1] "AdaLSE"
[1] 0
[1] 0
[1] 0.5

 0  1 
64 64 
[1] "Fitting mean A"
[1] "Fitting variance A"
[1] "DR"
[1] -0.1549409
[1] 0.06644373
[1] 0.9453125

  0   1 
  7 121 
[1] 129
[1] -0.1999866
[1] -0.1688629
[1] "AdaLSE"
[1] 0
[1] 0
[1] 0.496124

 0  1 
65 64 
[1] "Fitting mean A"
[1] "Fitting variance A"
[1] "DR"
[1] -0.1837658
[1] 0.0635598
[1] 0.9457364

  0   1 
  7 122 
[1] 130
[1] -0.1999866
[1] -0.1688629
[1] "AdaLSE"
[1] -0.1070657
[1] 0.06378451
[1] 0.5

 0  1 
65 65 
[1] "Fitting mean A"
[1] "Fitting variance A"
[1] "DR"
[1] -0.09847126
[1] 0.06265405
[1] 0.9461538

  0   1 
  7 123 
[1] 131
[1] -0.1999866
[1] -0.1688629
[1] "AdaLSE"
[1] -0.2346105
[1] 0.06513
[1] 0.5038168

 0  1 
65 66 
[1] "Fitting mean A"
[1] "Fitting variance A"
[1] "DR"
[1] -0.2267503
[1] 0.06353182
[1] 0.9465649

  0   1 
  7 124 
[1] 132
[1] -0.1999866
[1] -0.1688629
[1] "AdaLSE"
[1] -0.1403755
[1] 0.05612918
[1] 0.5075758

 0  1 
65 67 
[1] "Fitting mean A"
[1] "Fitting variance A"
[1] "DR"
[1] -0.1247241
[1] 0.05779245
[1] 0.9469697

  0   1 
  7 125 
[1] 133
[1] -0.1999866
[1] -0.1688629
[1] "AdaLSE"
[1] -0.1046564
[1] 0.06469154
[1] 0.5112782

 0  1 
65 68 
[1] "Fitting mean A"
[1] "Fitting variance A"
[1] "DR"
[1] -0.09621204
[1] 0.06235907
[1] 0.9473684

  0   1 
  7 126 
[1] 134
[1] -0.1999866
[1] -0.1688629
[1] "AdaLSE"
[1] -0.2635414
[1] 0.05898595
[1] 0.5149254

 0  1 
65 69 
[1] "Fitting mean A"
[1] "Fitting variance A"
[1] "DR"
[1] -0.1763357
[1] 0.06447029
[1] 0.9477612

  0   1 
  7 127 
[1] 135
[1] -0.1999866
[1] -0.1688629
[1] "AdaLSE"
[1] -0.2243268
[1] 0.05422724
[1] 0.5185185

 0  1 
65 70 
[1] "Fitting mean A"
[1] "Fitting variance A"
[1] "DR"
[1] -0.2048065
[1] 0.06024776
[1] 0.9481481

  0   1 
  7 128 
[1] 136
[1] -0.1999866
[1] -0.1688629
[1] "AdaLSE"
[1] -0.2459012
[1] 0.05336615
[1] 0.5220588

 0  1 
65 71 
[1] "Fitting mean A"
[1] "Fitting variance A"
[1] "DR"
[1] -0.215218
[1] 0.06680546
[1] 0.9485294

  0   1 
  7 129 
[1] 137
[1] -0.1999866
[1] -0.1688629
[1] "AdaLSE"
[1] 0
[1] 0
[1] 0.5182482

 0  1 
66 71 
[1] "Fitting mean A"
[1] "Fitting variance A"
[1] "DR"
[1] -0.1265359
[1] 0.06353618
[1] 0.9489051

  0   1 
  7 130 
[1] 138
[1] -0.1999866
[1] -0.1688629
[1] "AdaLSE"
[1] -0.2110476
[1] 0.05960682
[1] 0.5217391

 0  1 
66 72 
[1] "Fitting mean A"
[1] "Fitting variance A"
[1] "DR"
[1] -0.1904472
[1] 0.06611076
[1] 0.9492754

  0   1 
  7 131 
[1] 139
[1] -0.1999866
[1] -0.1688629
[1] "AdaLSE"
[1] -0.1562392
[1] 0.05387547
[1] 0.5251799

 0  1 
66 73 
[1] "Fitting mean A"
[1] "Fitting variance A"
[1] "DR"
[1] -0.1753233
[1] 0.06122732
[1] 0.9496403

  0   1 
  7 132 
[1] 140
[1] -0.1999866
[1] -0.1688629
[1] "AdaLSE"
[1] 0
[1] 0
[1] 0.5214286

 0  1 
67 73 
[1] "Fitting mean A"
[1] "Fitting variance A"
[1] "DR"
[1] -0.07824316
[1] 0.06382133
[1] 0.95

  0   1 
  7 133 
[1] 141
[1] -0.1999866
[1] -0.1688629
[1] "AdaLSE"
[1] 0
[1] 0
[1] 0.5177305

 0  1 
68 73 
[1] "Fitting mean A"
[1] "Fitting variance A"
[1] "DR"
[1] -0.2027153
[1] 0.06623224
[1] 0.9503546

  0   1 
  7 134 
[1] 142
[1] -0.1999866
[1] -0.1688629
[1] "AdaLSE"
[1] -0.2210812
[1] 0.05974927
[1] 0.5211268

 0  1 
68 74 
[1] "Fitting mean A"
[1] "Fitting variance A"
[1] "DR"
[1] -0.2156623
[1] 0.06281308
[1] 0.9507042

  0   1 
  7 135 
[1] 143
[1] -0.1999866
[1] -0.1688629
[1] "AdaLSE"
[1] 0
[1] 0
[1] 0.5174825

 0  1 
69 74 
[1] "Fitting mean A"
[1] "Fitting variance A"
[1] "DR"
[1] -0.05860826
[1] 0.06536179
[1] 0.951049

  0   1 
  7 136 
[1] 144
[1] -0.1999866
[1] -0.1688629
[1] "AdaLSE"
[1] -0.09716963
[1] 0.06433239
[1] 0.5208333

 0  1 
69 75 
[1] "Fitting mean A"
[1] "Fitting variance A"
[1] "DR"
[1] -0.09249952
[1] 0.06376423
[1] 0.9513889

  0   1 
  7 137 
[1] 145
[1] -0.1999866
[1] -0.1688629
[1] "AdaLSE"
[1] 0
[1] 0
[1] 0.5172414

 0  1 
70 75 
[1] "Fitting mean A"
[1] "Fitting variance A"
[1] "DR"
[1] -0.1019426
[1] 0.0630327
[1] 0.9517241

  0   1 
  7 138 
[1] 146
[1] -0.1999866
[1] -0.1688629
[1] "AdaLSE"
[1] -0.01968579
[1] 0.06056001
[1] 0.5136986

 0  1 
71 75 
[1] "Fitting mean A"
[1] "Fitting variance A"
[1] "DR"
[1] 0.03372917
[1] 0.06549216
[1] 0.9452055

  0   1 
  8 138 
[1] 147
[1] -0.1999866
[1] -0.1688629
[1] "AdaLSE"
[1] -0.2688946
[1] 0.05659536
[1] 0.5170068

 0  1 
71 76 
[1] "Fitting mean A"
[1] "Fitting variance A"
[1] "DR"
[1] -0.2063262
[1] 0.06161393
[1] 0.9455782

  0   1 
  8 139 
[1] 148
[1] -0.1999866
[1] -0.1688629
[1] "AdaLSE"
[1] 0
[1] 0
[1] 0.5135135

 0  1 
72 76 
[1] "Fitting mean A"
[1] "Fitting variance A"
[1] "DR"
[1] -0.1842796
[1] 0.06445585
[1] 0.9459459

  0   1 
  8 140 
[1] 149
[1] -0.1999866
[1] -0.1688629
[1] "AdaLSE"
[1] 0
[1] 0
[1] 0.5100671

 0  1 
73 76 
[1] "Fitting mean A"
[1] "Fitting variance A"
[1] "DR"
[1] -0.1596461
[1] 0.06536489
[1] 0.9463087

  0   1 
  8 141 
[1] 150
[1] -0.1999866
[1] -0.1688629
[1] "AdaLSE"
[1] 0
[1] 0
[1] 0.5066667

 0  1 
74 76 
[1] "Fitting mean A"
[1] "Fitting variance A"
[1] "DR"
[1] -0.1419467
[1] 0.06400342
[1] 0.9466667

  0   1 
  8 142 
[1] 151
[1] -0.1999866
[1] -0.1688629
[1] "AdaLSE"
[1] -0.1257721
[1] 0.05705207
[1] 0.5099338

 0  1 
74 77 
[1] "Fitting mean A"
[1] "Fitting variance A"
[1] "DR"
[1] -0.1282295
[1] 0.06656803
[1] 0.9470199

  0   1 
  8 143 
[1] 152
[1] -0.1999866
[1] -0.1688629
[1] "AdaLSE"
[1] -0.2665366
[1] 0.05545719
[1] 0.5131579

 0  1 
74 78 
[1] "Fitting mean A"
[1] "Fitting variance A"
[1] "DR"
[1] -0.2354062
[1] 0.06545047
[1] 0.9473684

  0   1 
  8 144 
[1] 153
[1] -0.1999866
[1] -0.1688629
[1] "AdaLSE"
[1] -0.2390593
[1] 0.05789282
[1] 0.5163399

 0  1 
74 79 
[1] "Fitting mean A"
[1] "Fitting variance A"
[1] "DR"
[1] -0.2383347
[1] 0.05866208
[1] 0.9477124

  0   1 
  8 145 
[1] 154
[1] -0.1999866
[1] -0.1688629
[1] "AdaLSE"
[1] -0.007263524
[1] 0.05592296
[1] 0.512987

 0  1 
75 79 
[1] "Fitting mean A"
[1] "Fitting variance A"
[1] "DR"
[1] -0.02117078
[1] 0.06457876
[1] 0.9415584

  0   1 
  9 145 
[1] 155
[1] -0.1999866
[1] -0.1688629
[1] "AdaLSE"
[1] 0
[1] 0
[1] 0.5096774

 0  1 
76 79 
[1] "Fitting mean A"
[1] "Fitting variance A"
[1] "DR"
[1] -0.09153086
[1] 0.06393107
[1] 0.9419355

  0   1 
  9 146 
[1] 156
[1] -0.1999866
[1] -0.1688629
[1] "AdaLSE"
[1] 0
[1] 0
[1] 0.5064103

 0  1 
77 79 
[1] "Fitting mean A"
[1] "Fitting variance A"
[1] "DR"
[1] -0.1067626
[1] 0.06826855
[1] 0.9423077

  0   1 
  9 147 
[1] 157
[1] -0.1999866
[1] -0.1688629
[1] "AdaLSE"
[1] 0
[1] 0
[1] 0.5031847

 0  1 
78 79 
[1] "Fitting mean A"
[1] "Fitting variance A"
[1] "DR"
[1] -0.1043137
[1] 0.06724931
[1] 0.9426752

  0   1 
  9 148 
[1] 158
[1] -0.1999866
[1] -0.1688629
[1] "AdaLSE"
[1] -0.2159927
[1] 0.05909151
[1] 0.5063291

 0  1 
78 80 
[1] "Fitting mean A"
[1] "Fitting variance A"
[1] "DR"
[1] -0.1924322
[1] 0.06068782
[1] 0.943038

  0   1 
  9 149 
[1] 159
[1] -0.1999866
[1] -0.1688629
[1] "AdaLSE"
[1] -0.187699
[1] 0.06040044
[1] 0.509434

 0  1 
78 81 
[1] "Fitting mean A"
[1] "Fitting variance A"
[1] "DR"
[1] -0.1881464
[1] 0.06543509
[1] 0.9433962

  0   1 
  9 150 
[1] 160
[1] -0.1999866
[1] -0.1688629
[1] "AdaLSE"
[1] 0
[1] 0
[1] 0.50625

 0  1 
79 81 
[1] "Fitting mean A"
[1] "Fitting variance A"
[1] "DR"
[1] -0.1318493
[1] 0.06264878
[1] 0.94375

  0   1 
  9 151 
[1] 161
[1] -0.1999866
[1] -0.1688629
[1] "AdaLSE"
[1] 0.02862791
[1] 0.05811567
[1] 0.5031056

 0  1 
80 81 
[1] "Fitting mean A"
