LOADING R
R LOADED
[1] "/home/lvanderl/Rlibs2"                         
[2] "/app/software/R/4.2.2-foss-2021b/lib/R/library"
[1] "/home/lvanderl/sieveSims"
[1] -0.0866854  5.8001717
[1] 1
[1] -0.199994
[1] -0.1688187
[1] "AdaLSE"
[1] 0
[1] 0
[1] 0

0 
1 
[1] "Fitting mean A"
[1] "Fitting variance A"
[1] "DR"
[1] -0.06664663
[1] 0.07347907
[1] 1

1 
1 
[1] 2
[1] -0.199994
[1] -0.1688187
[1] "AdaLSE"
[1] -0.2171256
[1] 0.06995325
[1] 0.5

0 1 
1 1 
[1] "Fitting mean A"
[1] "Fitting variance A"
[1] "DR"
[1] -0.1790335
[1] 0.06939054
[1] 1

1 
2 
[1] 3
[1] -0.199994
[1] -0.1688187
[1] "AdaLSE"
[1] -0.2991457
[1] 0.06785914
[1] 0.6666667

0 1 
1 2 
[1] "Fitting mean A"
[1] "Fitting variance A"
[1] "DR"
[1] -0.2358968
[1] 0.07292322
[1] 1

1 
3 
[1] 4
[1] -0.199994
[1] -0.1688187
[1] "AdaLSE"
[1] 0
[1] 0
[1] 0.5

0 1 
2 2 
[1] "Fitting mean A"
[1] "Fitting variance A"
[1] "DR"
[1] -0.06816805
[1] 0.07424158
[1] 1

1 
4 
[1] 5
[1] -0.199994
[1] -0.1688187
[1] "AdaLSE"
[1] 0
[1] 0
[1] 0.4

0 1 
3 2 
[1] "Fitting mean A"
[1] "Fitting variance A"
[1] "DR"
[1] -0.09030828
[1] 0.07367393
[1] 1

1 
5 
[1] 6
[1] -0.199994
[1] -0.1688187
[1] "AdaLSE"
[1] 0
[1] 0
[1] 0.3333333

0 1 
4 2 
[1] "Fitting mean A"
[1] "Fitting variance A"
[1] "DR"
[1] -0.1493585
[1] 0.07308628
[1] 1

1 
6 
[1] 7
[1] -0.199994
[1] -0.1688187
[1] "AdaLSE"
[1] 0
[1] 0
[1] 0.2857143

0 1 
5 2 
[1] "Fitting mean A"
[1] "Fitting variance A"
[1] "DR"
[1] -0.1835666
[1] 0.07860198
[1] 1

1 
7 
[1] 8
[1] -0.199994
[1] -0.1688187
[1] "AdaLSE"
[1] -0.2449065
[1] 0.06029137
[1] 0.375

0 1 
5 3 
[1] "Fitting mean A"
[1] "Fitting variance A"
[1] "DR"
[1] -0.22101
[1] 0.07049206
[1] 1

1 
8 
[1] 9
[1] -0.199994
[1] -0.1688187
[1] "AdaLSE"
[1] 0
[1] 0
[1] 0.3333333

0 1 
6 3 
[1] "Fitting mean A"
[1] "Fitting variance A"
[1] "DR"
[1] -0.09507292
[1] 0.07868924
[1] 1

1 
9 
[1] 10
[1] -0.199994
[1] -0.1688187
[1] "AdaLSE"
[1] 0.00631883
[1] 0.06201919
[1] 0.3

0 1 
7 3 
[1] "Fitting mean A"
[1] "Fitting variance A"
[1] "DR"
[1] 0.02069854
[1] 0.07253683
[1] 0.9

0 1 
1 9 
[1] 11
[1] -0.199994
[1] -0.1688187
[1] "AdaLSE"
[1] 0
[1] 0
[1] 0.2727273

0 1 
8 3 
[1] "Fitting mean A"
[1] "Fitting variance A"
[1] "DR"
[1] -0.2036834
[1] 0.07200195
[1] 0.9090909

 0  1 
 1 10 
[1] 12
[1] -0.199994
[1] -0.1688187
[1] "AdaLSE"
[1] 0
[1] 0
[1] 0.25

0 1 
9 3 
[1] "Fitting mean A"
[1] "Fitting variance A"
[1] "DR"
[1] -0.041248
[1] 0.07335284
[1] 0.9166667

 0  1 
 1 11 
[1] 13
[1] -0.199994
[1] -0.1688187
[1] "AdaLSE"
[1] -0.2040626
[1] 0.06326826
[1] 0.3076923

0 1 
9 4 
[1] "Fitting mean A"
[1] "Fitting variance A"
[1] "DR"
[1] -0.1702819
[1] 0.07074166
[1] 0.9230769

 0  1 
 1 12 
[1] 14
[1] -0.199994
[1] -0.1688187
[1] "AdaLSE"
[1] 0
[1] 0
[1] 0.2857143

 0  1 
10  4 
[1] "Fitting mean A"
[1] "Fitting variance A"
[1] "DR"
[1] -0.04602967
[1] 0.07589095
[1] 0.9285714

 0  1 
 1 13 
[1] 15
[1] -0.199994
[1] -0.1688187
[1] "AdaLSE"
[1] -0.2316811
[1] 0.06990563
[1] 0.3333333

 0  1 
10  5 
[1] "Fitting mean A"
[1] "Fitting variance A"
[1] "DR"
[1] -0.2570204
[1] 0.07650044
[1] 0.9333333

 0  1 
 1 14 
[1] 16
[1] -0.199994
[1] -0.1688187
[1] "AdaLSE"
[1] -0.2597394
[1] 0.06305314
[1] 0.375

 0  1 
10  6 
[1] "Fitting mean A"
[1] "Fitting variance A"
[1] "DR"
[1] -0.2622437
[1] 0.07083294
[1] 0.9375

 0  1 
 1 15 
[1] 17
[1] -0.199994
[1] -0.1688187
[1] "AdaLSE"
[1] -0.284602
[1] 0.06681874
[1] 0.4117647

 0  1 
10  7 
[1] "Fitting mean A"
[1] "Fitting variance A"
[1] "DR"
[1] -0.2161746
[1] 0.07572212
[1] 0.9411765

 0  1 
 1 16 
[1] 18
[1] -0.199994
[1] -0.1688187
[1] "AdaLSE"
[1] 0
[1] 0
[1] 0.3888889

 0  1 
11  7 
[1] "Fitting mean A"
[1] "Fitting variance A"
[1] "DR"
[1] -0.02443631
[1] 0.06967733
[1] 0.8888889

 0  1 
 2 16 
[1] 19
[1] -0.199994
[1] -0.1688187
[1] "AdaLSE"
[1] 0
[1] 0
[1] 0.3684211

 0  1 
12  7 
[1] "Fitting mean A"
[1] "Fitting variance A"
[1] "DR"
[1] -0.03014562
[1] 0.07742072
[1] 0.8947368

 0  1 
 2 17 
[1] 20
[1] -0.199994
[1] -0.1688187
[1] "AdaLSE"
[1] 0
[1] 0
[1] 0.35

 0  1 
13  7 
[1] "Fitting mean A"
[1] "Fitting variance A"
[1] "DR"
[1] -0.08259506
[1] 0.07837925
[1] 0.9

 0  1 
 2 18 
[1] 21
[1] -0.199994
[1] -0.1688187
[1] "AdaLSE"
[1] -0.2286184
[1] 0.06457357
[1] 0.3809524

 0  1 
13  8 
[1] "Fitting mean A"
[1] "Fitting variance A"
[1] "DR"
[1] -0.2661864
[1] 0.0763029
[1] 0.9047619

 0  1 
 2 19 
[1] 22
[1] -0.199994
[1] -0.1688187
[1] "AdaLSE"
[1] -0.2314551
[1] 0.06917439
[1] 0.4090909

 0  1 
13  9 
[1] "Fitting mean A"
[1] "Fitting variance A"
[1] "DR"
[1] -0.1727784
[1] 0.06976938
[1] 0.9090909

 0  1 
 2 20 
[1] 23
[1] -0.199994
[1] -0.1688187
[1] "AdaLSE"
[1] 0.02475593
[1] 0.06708577
[1] 0.3913043

 0  1 
14  9 
[1] "Fitting mean A"
[1] "Fitting variance A"
[1] "DR"
[1] 0.04287595
[1] 0.07693786
[1] 0.8695652

 0  1 
 3 20 
[1] 24
[1] -0.199994
[1] -0.1688187
[1] "AdaLSE"
[1] -0.281143
[1] 0.06910157
[1] 0.4166667

 0  1 
14 10 
[1] "Fitting mean A"
[1] "Fitting variance A"
[1] "DR"
[1] -0.2202608
[1] 0.07601752
[1] 0.875

 0  1 
 3 21 
[1] 25
[1] -0.199994
[1] -0.1688187
[1] "AdaLSE"
[1] -0.1772808
[1] 0.05965025
[1] 0.44

 0  1 
14 11 
[1] "Fitting mean A"
[1] "Fitting variance A"
[1] "DR"
[1] -0.1835743
[1] 0.0723889
[1] 0.88

 0  1 
 3 22 
[1] 26
[1] -0.199994
[1] -0.1688187
[1] "AdaLSE"
[1] 0
[1] 0
[1] 0.4230769

 0  1 
15 11 
[1] "Fitting mean A"
[1] "Fitting variance A"
[1] "DR"
[1] -0.1268192
[1] 0.0722373
[1] 0.8846154

 0  1 
 3 23 
[1] 27
[1] -0.199994
[1] -0.1688187
[1] "AdaLSE"
[1] 0
[1] 0
[1] 0.4074074

 0  1 
16 11 
[1] "Fitting mean A"
[1] "Fitting variance A"
[1] "DR"
[1] -0.1317381
[1] 0.07424135
[1] 0.8888889

 0  1 
 3 24 
[1] 28
[1] -0.199994
[1] -0.1688187
[1] "AdaLSE"
[1] 0
[1] 0
[1] 0.3928571

 0  1 
17 11 
[1] "Fitting mean A"
[1] "Fitting variance A"
[1] "DR"
[1] -0.09622779
[1] 0.0781373
[1] 0.8928571

 0  1 
 3 25 
[1] 29
[1] -0.199994
[1] -0.1688187
[1] "AdaLSE"
[1] -0.3917135
[1] 0.06298589
[1] 0.3793103

 0  1 
18 11 
[1] "Fitting mean A"
[1] "Fitting variance A"
[1] "DR"
[1] -0.3585723
[1] 0.06916855
[1] 0.862069

 0  1 
 4 25 
[1] 30
[1] -0.199994
[1] -0.1688187
[1] "AdaLSE"
[1] -0.2700337
[1] 0.06721931
[1] 0.4

 0  1 
18 12 
[1] "Fitting mean A"
[1] "Fitting variance A"
[1] "DR"
[1] -0.175475
[1] 0.07296659
[1] 0.8666667

 0  1 
 4 26 
[1] 31
[1] -0.199994
[1] -0.1688187
[1] "AdaLSE"
[1] 0
[1] 0
[1] 0.3870968

 0  1 
19 12 
[1] "Fitting mean A"
[1] "Fitting variance A"
[1] "DR"
[1] -0.1459414
[1] 0.0737149
[1] 0.8709677

 0  1 
 4 27 
[1] 32
[1] -0.199994
[1] -0.1688187
[1] "AdaLSE"
[1] 0
[1] 0
[1] 0.375

 0  1 
20 12 
[1] "Fitting mean A"
[1] "Fitting variance A"
[1] "DR"
[1] -0.08683628
[1] 0.07417989
[1] 0.875

 0  1 
 4 28 
[1] 33
[1] -0.199994
[1] -0.1688187
[1] "AdaLSE"
[1] -0.2584202
[1] 0.06618909
[1] 0.3939394

 0  1 
20 13 
[1] "Fitting mean A"
[1] "Fitting variance A"
[1] "DR"
[1] -0.2384452
[1] 0.06954382
[1] 0.8787879

 0  1 
 4 29 
[1] 34
[1] -0.199994
[1] -0.1688187
[1] "AdaLSE"
[1] -0.05573941
[1] 0.06500931
[1] 0.4117647

 0  1 
20 14 
[1] "Fitting mean A"
[1] "Fitting variance A"
[1] "DR"
[1] -0.0416005
[1] 0.07349075
[1] 0.8823529

 0  1 
 4 30 
[1] 35
[1] -0.199994
[1] -0.1688187
[1] "AdaLSE"
[1] -0.2434803
[1] 0.0680785
[1] 0.4285714

 0  1 
20 15 
[1] "Fitting mean A"
[1] "Fitting variance A"
[1] "DR"
[1] -0.1344565
[1] 0.07350094
[1] 0.8857143

 0  1 
 4 31 
[1] 36
[1] -0.199994
[1] -0.1688187
[1] "AdaLSE"
[1] 0
[1] 0
[1] 0.4166667

 0  1 
21 15 
[1] "Fitting mean A"
[1] "Fitting variance A"
[1] "DR"
[1] -0.1192492
[1] 0.07767281
[1] 0.8888889

 0  1 
 4 32 
[1] 37
[1] -0.199994
[1] -0.1688187
[1] "AdaLSE"
[1] 0
[1] 0
[1] 0.4054054

 0  1 
22 15 
[1] "Fitting mean A"
[1] "Fitting variance A"
[1] "DR"
[1] -0.1326023
[1] 0.07335127
[1] 0.8918919

 0  1 
 4 33 
[1] 38
[1] -0.199994
[1] -0.1688187
[1] "AdaLSE"
[1] 0
[1] 0
[1] 0.3947368

 0  1 
23 15 
[1] "Fitting mean A"
[1] "Fitting variance A"
[1] "DR"
[1] -0.1229722
[1] 0.07465993
[1] 0.8947368

 0  1 
 4 34 
[1] 39
[1] -0.199994
[1] -0.1688187
[1] "AdaLSE"
[1] -0.2112898
[1] 0.05944241
[1] 0.4102564

 0  1 
23 16 
[1] "Fitting mean A"
[1] "Fitting variance A"
[1] "DR"
[1] -0.229618
[1] 0.07068196
[1] 0.8974359

 0  1 
 4 35 
[1] 40
[1] -0.199994
[1] -0.1688187
[1] "AdaLSE"
[1] -0.2777974
[1] 0.06256569
[1] 0.425

 0  1 
23 17 
[1] "Fitting mean A"
[1] "Fitting variance A"
[1] "DR"
[1] -0.2663402
[1] 0.0699317
[1] 0.9

 0  1 
 4 36 
[1] 41
[1] -0.199994
[1] -0.1688187
[1] "AdaLSE"
[1] -0.201193
[1] 0.0619434
[1] 0.4390244

 0  1 
23 18 
[1] "Fitting mean A"
[1] "Fitting variance A"
[1] "DR"
[1] -0.1895171
[1] 0.07632503
[1] 0.902439

 0  1 
 4 37 
[1] 42
[1] -0.199994
[1] -0.1688187
[1] "AdaLSE"
[1] -0.2401206
[1] 0.06462364
[1] 0.452381

 0  1 
23 19 
[1] "Fitting mean A"
[1] "Fitting variance A"
[1] "DR"
[1] -0.2644387
[1] 0.07395506
[1] 0.9047619

 0  1 
 4 38 
[1] 43
[1] -0.199994
[1] -0.1688187
[1] "AdaLSE"
[1] 0
[1] 0
[1] 0.4418605

 0  1 
24 19 
[1] "Fitting mean A"
[1] "Fitting variance A"
[1] "DR"
[1] -0.07314431
[1] 0.07512077
[1] 0.9069767

 0  1 
 4 39 
[1] 44
[1] -0.199994
[1] -0.1688187
[1] "AdaLSE"
[1] -0.2488865
[1] 0.06697234
[1] 0.4545455

 0  1 
24 20 
[1] "Fitting mean A"
[1] "Fitting variance A"
[1] "DR"
[1] -0.3040097
[1] 0.08057114
[1] 0.9090909

 0  1 
 4 40 
[1] 45
[1] -0.199994
[1] -0.1688187
[1] "AdaLSE"
[1] -0.270188
[1] 0.06785476
[1] 0.4666667

 0  1 
24 21 
[1] "Fitting mean A"
[1] "Fitting variance A"
[1] "DR"
[1] -0.2242443
[1] 0.0703457
[1] 0.9111111

 0  1 
 4 41 
[1] 46
[1] -0.199994
[1] -0.1688187
[1] "AdaLSE"
[1] -0.2626354
[1] 0.07005967
[1] 0.4782609

 0  1 
24 22 
[1] "Fitting mean A"
[1] "Fitting variance A"
[1] "DR"
[1] -0.247693
[1] 0.07127064
[1] 0.9130435

 0  1 
 4 42 
[1] 47
[1] -0.199994
[1] -0.1688187
[1] "AdaLSE"
[1] 0
[1] 0
[1] 0.4680851

 0  1 
25 22 
[1] "Fitting mean A"
[1] "Fitting variance A"
[1] "DR"
[1] -0.1886545
[1] 0.07314368
[1] 0.9148936

 0  1 
 4 43 
[1] 48
[1] -0.199994
[1] -0.1688187
[1] "AdaLSE"
[1] -0.190624
[1] 0.06276919
[1] 0.4791667

 0  1 
25 23 
[1] "Fitting mean A"
[1] "Fitting variance A"
[1] "DR"
[1] -0.1292938
[1] 0.07046398
[1] 0.9166667

 0  1 
 4 44 
[1] 49
[1] -0.199994
[1] -0.1688187
[1] "AdaLSE"
[1] 0
[1] 0
[1] 0.4693878

 0  1 
26 23 
[1] "Fitting mean A"
[1] "Fitting variance A"
[1] "DR"
[1] -0.1145539
[1] 0.07406324
[1] 0.9183673

 0  1 
 4 45 
[1] 50
[1] -0.199994
[1] -0.1688187
[1] "AdaLSE"
[1] -0.2494927
[1] 0.06393623
[1] 0.48

 0  1 
26 24 
[1] "Fitting mean A"
[1] "Fitting variance A"
[1] "DR"
[1] -0.1834056
[1] 0.07435371
[1] 0.92

 0  1 
 4 46 
[1] 51
[1] -0.199994
[1] -0.1688187
[1] "AdaLSE"
[1] -0.2580967
[1] 0.06187077
[1] 0.4901961

 0  1 
26 25 
[1] "Fitting mean A"
[1] "Fitting variance A"
[1] "DR"
[1] -0.2673306
[1] 0.07112882
[1] 0.9215686

 0  1 
 4 47 
[1] 52
[1] -0.199994
[1] -0.1688187
[1] "AdaLSE"
[1] -0.2473316
[1] 0.05852293
[1] 0.5

 0  1 
26 26 
[1] "Fitting mean A"
[1] "Fitting variance A"
[1] "DR"
[1] -0.2704163
[1] 0.07388324
[1] 0.9230769

 0  1 
 4 48 
[1] 53
[1] -0.199994
[1] -0.1688187
[1] "AdaLSE"
[1] -0.3162235
[1] 0.0669321
[1] 0.490566

 0  1 
27 26 
[1] "Fitting mean A"
[1] "Fitting variance A"
[1] "DR"
[1] -0.3403145
[1] 0.07493598
[1] 0.9056604

 0  1 
 5 48 
[1] 54
[1] -0.199994
[1] -0.1688187
[1] "AdaLSE"
[1] 0
[1] 0
[1] 0.4814815

 0  1 
28 26 
[1] "Fitting mean A"
[1] "Fitting variance A"
[1] "DR"
[1] -0.08023851
[1] 0.07245996
[1] 0.9074074

 0  1 
 5 49 
[1] 55
[1] -0.199994
[1] -0.1688187
[1] "AdaLSE"
[1] 0
[1] 0
[1] 0.4727273

 0  1 
29 26 
[1] "Fitting mean A"
[1] "Fitting variance A"
[1] "DR"
[1] -0.0987628
[1] 0.07761302
[1] 0.9090909

 0  1 
 5 50 
[1] 56
[1] -0.199994
[1] -0.1688187
[1] "AdaLSE"
[1] 0
[1] 0
[1] 0.4642857

 0  1 
30 26 
[1] "Fitting mean A"
[1] "Fitting variance A"
[1] "DR"
[1] -0.1191293
[1] 0.07637502
[1] 0.9107143

 0  1 
 5 51 
[1] 57
[1] -0.199994
[1] -0.1688187
[1] "AdaLSE"
[1] 0
[1] 0
[1] 0.4561404

 0  1 
31 26 
[1] "Fitting mean A"
[1] "Fitting variance A"
[1] "DR"
[1] -0.1907183
[1] 0.07874789
[1] 0.9122807

 0  1 
 5 52 
[1] 58
[1] -0.199994
[1] -0.1688187
[1] "AdaLSE"
[1] -0.2377558
[1] 0.07601081
[1] 0.4655172

 0  1 
31 27 
[1] "Fitting mean A"
[1] "Fitting variance A"
[1] "DR"
[1] -0.2200809
[1] 0.07280355
[1] 0.9137931

 0  1 
 5 53 
[1] 59
[1] -0.199994
[1] -0.1688187
[1] "AdaLSE"
[1] -0.07055987
[1] 0.0659326
[1] 0.4745763

 0  1 
31 28 
[1] "Fitting mean A"
[1] "Fitting variance A"
[1] "DR"
[1] -0.02042234
[1] 0.07540785
[1] 0.8983051

 0  1 
 6 53 
[1] 60
[1] -0.199994
[1] -0.1688187
[1] "AdaLSE"
[1] -0.268496
[1] 0.06330993
[1] 0.4833333

 0  1 
31 29 
[1] "Fitting mean A"
[1] "Fitting variance A"
[1] "DR"
[1] -0.352816
[1] 0.0749551
[1] 0.8833333

 0  1 
 7 53 
[1] 61
[1] -0.199994
[1] -0.1688187
[1] "AdaLSE"
[1] 0
[1] 0
[1] 0.4754098

 0  1 
32 29 
[1] "Fitting mean A"
[1] "Fitting variance A"
[1] "DR"
[1] -0.1117154
[1] 0.07872375
[1] 0.8852459

 0  1 
 7 54 
[1] 62
[1] -0.199994
[1] -0.1688187
[1] "AdaLSE"
[1] 0
[1] 0
[1] 0.4677419

 0  1 
33 29 
[1] "Fitting mean A"
[1] "Fitting variance A"
[1] "DR"
[1] -0.2199757
[1] 0.07921092
[1] 0.8870968

 0  1 
 7 55 
[1] 63
[1] -0.199994
[1] -0.1688187
[1] "AdaLSE"
[1] -0.07565123
[1] 0.0718731
[1] 0.4761905

 0  1 
33 30 
[1] "Fitting mean A"
[1] "Fitting variance A"
[1] "DR"
[1] -0.04641792
[1] 0.08169792
[1] 0.8888889

 0  1 
 7 56 
[1] 64
[1] -0.199994
[1] -0.1688187
[1] "AdaLSE"
[1] 0
[1] 0
[1] 0.46875

 0  1 
34 30 
[1] "Fitting mean A"
[1] "Fitting variance A"
[1] "DR"
[1] -0.07993629
[1] 0.07593974
[1] 0.890625

 0  1 
 7 57 
[1] 65
[1] -0.199994
[1] -0.1688187
[1] "AdaLSE"
[1] -0.06726209
[1] 0.06202451
[1] 0.4769231

 0  1 
34 31 
[1] "Fitting mean A"
[1] "Fitting variance A"
[1] "DR"
[1] -0.0365701
[1] 0.07600959
[1] 0.8923077

 0  1 
 7 58 
[1] 66
[1] -0.199994
[1] -0.1688187
[1] "AdaLSE"
[1] 0
[1] 0
[1] 0.469697

 0  1 
35 31 
[1] "Fitting mean A"
[1] "Fitting variance A"
[1] "DR"
[1] -0.03295445
[1] 0.07403595
[1] 0.8939394

 0  1 
 7 59 
[1] 67
[1] -0.199994
[1] -0.1688187
[1] "AdaLSE"
[1] 0
[1] 0
[1] 0.4626866

 0  1 
36 31 
[1] "Fitting mean A"
[1] "Fitting variance A"
[1] "DR"
[1] -0.1748839
[1] 0.07856783
[1] 0.8955224

 0  1 
 7 60 
[1] 68
[1] -0.199994
[1] -0.1688187
[1] "AdaLSE"
[1] 0
[1] 0
[1] 0.4558824

 0  1 
37 31 
[1] "Fitting mean A"
[1] "Fitting variance A"
[1] "DR"
[1] -0.1062041
[1] 0.07428738
[1] 0.8970588

 0  1 
 7 61 
[1] 69
[1] -0.199994
[1] -0.1688187
[1] "AdaLSE"
[1] -0.04504516
[1] 0.06527407
[1] 0.4637681

 0  1 
37 32 
[1] "Fitting mean A"
[1] "Fitting variance A"
[1] "DR"
[1] 0.01370383
[1] 0.07879761
[1] 0.884058

 0  1 
 8 61 
[1] 70
[1] -0.199994
[1] -0.1688187
[1] "AdaLSE"
[1] 0
[1] 0
[1] 0.4571429

 0  1 
38 32 
[1] "Fitting mean A"
[1] "Fitting variance A"
[1] "DR"
[1] -0.05053779
[1] 0.0736085
[1] 0.8857143

 0  1 
 8 62 
[1] 71
[1] -0.199994
[1] -0.1688187
[1] "AdaLSE"
[1] -0.2109199
[1] 0.05948101
[1] 0.4647887

 0  1 
38 33 
[1] "Fitting mean A"
[1] "Fitting variance A"
[1] "DR"
[1] -0.1539674
[1] 0.07020309
[1] 0.8873239

 0  1 
 8 63 
[1] 72
[1] -0.199994
[1] -0.1688187
[1] "AdaLSE"
[1] -0.2219175
[1] 0.07974199
[1] 0.4722222

 0  1 
38 34 
[1] "Fitting mean A"
[1] "Fitting variance A"
[1] "DR"
[1] -0.1961256
[1] 0.07891017
[1] 0.8888889

 0  1 
 8 64 
[1] 73
[1] -0.199994
[1] -0.1688187
[1] "AdaLSE"
[1] 0
[1] 0
[1] 0.4657534

 0  1 
39 34 
[1] "Fitting mean A"
[1] "Fitting variance A"
[1] "DR"
[1] -0.1197371
[1] 0.07411403
[1] 0.890411

 0  1 
 8 65 
[1] 74
[1] -0.199994
[1] -0.1688187
[1] "AdaLSE"
[1] 0
[1] 0
[1] 0.4594595

 0  1 
40 34 
[1] "Fitting mean A"
[1] "Fitting variance A"
[1] "DR"
[1] -0.1160254
[1] 0.0781686
[1] 0.8918919

 0  1 
 8 66 
[1] 75
[1] -0.199994
[1] -0.1688187
[1] "AdaLSE"
[1] 0.01018167
[1] 0.06759983
[1] 0.4533333

 0  1 
41 34 
[1] "Fitting mean A"
[1] "Fitting variance A"
[1] "DR"
[1] 0.05475794
[1] 0.076431
[1] 0.88

 0  1 
 9 66 
[1] 76
[1] -0.199994
[1] -0.1688187
[1] "AdaLSE"
[1] -0.1153054
[1] 0.07444613
[1] 0.4605263

 0  1 
41 35 
[1] "Fitting mean A"
[1] "Fitting variance A"
[1] "DR"
[1] -0.1194893
[1] 0.07132641
[1] 0.8815789

 0  1 
 9 67 
[1] 77
[1] -0.199994
[1] -0.1688187
[1] "AdaLSE"
[1] -0.2739481
[1] 0.06816879
[1] 0.4675325

 0  1 
41 36 
[1] "Fitting mean A"
[1] "Fitting variance A"
[1] "DR"
[1] -0.2353427
[1] 0.07617669
[1] 0.8831169

 0  1 
 9 68 
[1] 78
[1] -0.199994
[1] -0.1688187
[1] "AdaLSE"
[1] -0.1200147
[1] 0.06275537
[1] 0.474359

 0  1 
41 37 
[1] "Fitting mean A"
[1] "Fitting variance A"
[1] "DR"
[1] -0.1712908
[1] 0.07610015
[1] 0.8846154

 0  1 
 9 69 
[1] 79
[1] -0.199994
[1] -0.1688187
[1] "AdaLSE"
[1] -0.3195554
[1] 0.06736812
[1] 0.4683544

 0  1 
42 37 
[1] "Fitting mean A"
[1] "Fitting variance A"
[1] "DR"
[1] -0.2485231
[1] 0.07488552
[1] 0.8860759

 0  1 
 9 70 
[1] 80
[1] -0.199994
[1] -0.1688187
[1] "AdaLSE"
[1] 0
[1] 0
[1] 0.4625

 0  1 
43 37 
[1] "Fitting mean A"
[1] "Fitting variance A"
[1] "DR"
[1] -0.06985334
[1] 0.07478634
[1] 0.8875

 0  1 
 9 71 
[1] 81
[1] -0.199994
[1] -0.1688187
[1] "AdaLSE"
[1] 0
[1] 0
[1] 0.4567901

 0  1 
44 37 
[1] "Fitting mean A"
[1] "Fitting variance A"
[1] "DR"
[1] -0.09801972
[1] 0.0770365
[1] 0.8888889

 0  1 
 9 72 
[1] 82
[1] -0.199994
[1] -0.1688187
[1] "AdaLSE"
[1] 0
[1] 0
[1] 0.4512195

 0  1 
45 37 
[1] "Fitting mean A"
[1] "Fitting variance A"
[1] "DR"
[1] -0.04884158
[1] 0.07424652
[1] 0.8902439

 0  1 
 9 73 
[1] 83
[1] -0.199994
[1] -0.1688187
[1] "AdaLSE"
[1] -0.04175224
[1] 0.06874099
[1] 0.4578313

 0  1 
45 38 
[1] "Fitting mean A"
[1] "Fitting variance A"
[1] "DR"
[1] -0.01458873
[1] 0.07834862
[1] 0.8795181

 0  1 
10 73 
[1] 84
[1] -0.199994
[1] -0.1688187
[1] "AdaLSE"
[1] 0
[1] 0
[1] 0.452381

 0  1 
46 38 
[1] "Fitting mean A"
[1] "Fitting variance A"
[1] "DR"
[1] -0.1102748
[1] 0.08054807
[1] 0.8809524

 0  1 
10 74 
[1] 85
[1] -0.199994
[1] -0.1688187
[1] "AdaLSE"
[1] -0.2496319
[1] 0.06036644
[1] 0.4588235

 0  1 
46 39 
[1] "Fitting mean A"
[1] "Fitting variance A"
[1] "DR"
[1] -0.2882439
[1] 0.07156167
[1] 0.8823529

 0  1 
10 75 
[1] 86
[1] -0.199994
[1] -0.1688187
[1] "AdaLSE"
[1] -0.3094084
[1] 0.06094213
[1] 0.4534884

 0  1 
47 39 
[1] "Fitting mean A"
[1] "Fitting variance A"
[1] "DR"
[1] -0.2592416
[1] 0.07262425
[1] 0.8837209

 0  1 
10 76 
[1] 87
[1] -0.199994
[1] -0.1688187
[1] "AdaLSE"
[1] -0.1653978
[1] 0.05851251
[1] 0.4597701

 0  1 
47 40 
[1] "Fitting mean A"
[1] "Fitting variance A"
[1] "DR"
[1] -0.1432974
[1] 0.06884502
[1] 0.8850575

 0  1 
10 77 
[1] 88
[1] -0.199994
[1] -0.1688187
[1] "AdaLSE"
[1] -0.209629
[1] 0.06375154
[1] 0.4659091

 0  1 
47 41 
[1] "Fitting mean A"
[1] "Fitting variance A"
[1] "DR"
[1] -0.236322
[1] 0.07646231
[1] 0.8863636

 0  1 
10 78 
[1] 89
[1] -0.199994
[1] -0.1688187
[1] "AdaLSE"
[1] 0
[1] 0
[1] 0.4606742

 0  1 
48 41 
[1] "Fitting mean A"
[1] "Fitting variance A"
[1] "DR"
[1] -0.1153876
[1] 0.07322365
[1] 0.8876404

 0  1 
10 79 
[1] 90
[1] -0.199994
[1] -0.1688187
[1] "AdaLSE"
[1] -0.2704621
[1] 0.06398232
[1] 0.4666667

 0  1 
48 42 
[1] "Fitting mean A"
[1] "Fitting variance A"
[1] "DR"
[1] -0.281211
[1] 0.07095257
[1] 0.8888889

 0  1 
10 80 
[1] 91
[1] -0.199994
[1] -0.1688187
[1] "AdaLSE"
[1] 0
[1] 0
[1] 0.4615385

 0  1 
49 42 
[1] "Fitting mean A"
[1] "Fitting variance A"
[1] "DR"
[1] -0.04730685
[1] 0.07444121
[1] 0.8901099

 0  1 
10 81 
[1] 92
[1] -0.199994
[1] -0.1688187
[1] "AdaLSE"
[1] -0.1312921
[1] 0.07381443
[1] 0.4673913

 0  1 
49 43 
[1] "Fitting mean A"
[1] "Fitting variance A"
[1] "DR"
[1] -0.1054381
[1] 0.0736036
[1] 0.8913043

 0  1 
10 82 
[1] 93
[1] -0.199994
[1] -0.1688187
[1] "AdaLSE"
[1] 0
[1] 0
[1] 0.4623656

 0  1 
50 43 
[1] "Fitting mean A"
[1] "Fitting variance A"
[1] "DR"
[1] -0.1090218
[1] 0.07275285
[1] 0.8924731

 0  1 
10 83 
[1] 94
[1] -0.199994
[1] -0.1688187
[1] "AdaLSE"
[1] 0
[1] 0
[1] 0.4574468

 0  1 
51 43 
[1] "Fitting mean A"
[1] "Fitting variance A"
[1] "DR"
[1] -0.1359829
[1] 0.0733549
[1] 0.893617

 0  1 
10 84 
[1] 95
[1] -0.199994
[1] -0.1688187
[1] "AdaLSE"
[1] 0
[1] 0
[1] 0.4526316

 0  1 
52 43 
[1] "Fitting mean A"
[1] "Fitting variance A"
[1] "DR"
[1] -0.165785
[1] 0.07743706
[1] 0.8947368

 0  1 
10 85 
[1] 96
[1] -0.199994
[1] -0.1688187
[1] "AdaLSE"
[1] -0.1934238
[1] 0.06536435
[1] 0.4583333

 0  1 
52 44 
[1] "Fitting mean A"
[1] "Fitting variance A"
[1] "DR"
[1] -0.1996271
[1] 0.07657564
[1] 0.8958333

 0  1 
10 86 
[1] 97
[1] -0.199994
[1] -0.1688187
[1] "AdaLSE"
[1] 0
[1] 0
[1] 0.4536082

 0  1 
53 44 
[1] "Fitting mean A"
[1] "Fitting variance A"
[1] "DR"
[1] -0.09698849
[1] 0.07507643
[1] 0.8969072

 0  1 
10 87 
[1] 98
[1] -0.199994
[1] -0.1688187
[1] "AdaLSE"
[1] -0.2072571
[1] 0.05622602
[1] 0.4591837

 0  1 
53 45 
[1] "Fitting mean A"
[1] "Fitting variance A"
[1] "DR"
[1] -0.2357225
[1] 0.07620404
[1] 0.8979592

 0  1 
10 88 
[1] 99
[1] -0.199994
[1] -0.1688187
[1] "AdaLSE"
[1] -0.1989377
[1] 0.06541238
[1] 0.4646465

 0  1 
53 46 
[1] "Fitting mean A"
[1] "Fitting variance A"
[1] "DR"
[1] -0.184483
[1] 0.0718141
[1] 0.8989899

 0  1 
10 89 
[1] 100
[1] -0.199994
[1] -0.1688187
[1] "AdaLSE"
[1] -0.2002736
[1] 0.06108474
[1] 0.47

 0  1 
53 47 
[1] "Fitting mean A"
[1] "Fitting variance A"
[1] "DR"
[1] -0.2259859
[1] 0.07348206
[1] 0.9

 0  1 
10 90 
[1] 101
[1] -0.199994
[1] -0.1688187
[1] "AdaLSE"
[1] -0.1919542
[1] 0.05385322
[1] 0.4752475

 0  1 
53 48 
[1] "Fitting mean A"
[1] "Fitting variance A"
[1] "DR"
[1] -0.1650286
[1] 0.0751979
[1] 0.9009901

 0  1 
10 91 
[1] 102
[1] -0.199994
[1] -0.1688187
[1] "AdaLSE"
[1] 0
[1] 0
[1] 0.4705882

 0  1 
54 48 
[1] "Fitting mean A"
[1] "Fitting variance A"
[1] "DR"
[1] -0.06302733
[1] 0.07783598
[1] 0.9019608

 0  1 
10 92 
[1] 103
[1] -0.199994
[1] -0.1688187
[1] "AdaLSE"
[1] -0.2120484
[1] 0.07214303
[1] 0.4757282

 0  1 
54 49 
[1] "Fitting mean A"
[1] "Fitting variance A"
[1] "DR"
[1] -0.1812359
[1] 0.07179957
[1] 0.9029126

 0  1 
10 93 
[1] 104
[1] -0.199994
[1] -0.1688187
[1] "AdaLSE"
[1] -0.3478046
[1] 0.06389645
[1] 0.4711538

 0  1 
55 49 
[1] "Fitting mean A"
[1] "Fitting variance A"
[1] "DR"
[1] -0.3235614
[1] 0.07146759
[1] 0.8942308

 0  1 
11 93 
[1] 105
[1] -0.199994
[1] -0.1688187
[1] "AdaLSE"
[1] 0
[1] 0
[1] 0.4666667

 0  1 
56 49 
[1] "Fitting mean A"
[1] "Fitting variance A"
[1] "DR"
[1] -0.137473
[1] 0.07905935
[1] 0.8952381

 0  1 
11 94 
[1] 106
[1] -0.199994
[1] -0.1688187
[1] "AdaLSE"
[1] 0
[1] 0
[1] 0.4622642

 0  1 
57 49 
[1] "Fitting mean A"
[1] "Fitting variance A"
[1] "DR"
[1] -0.05755671
[1] 0.07348744
[1] 0.8962264

 0  1 
11 95 
[1] 107
[1] -0.199994
[1] -0.1688187
[1] "AdaLSE"
[1] 0
[1] 0
[1] 0.4579439

 0  1 
58 49 
[1] "Fitting mean A"
[1] "Fitting variance A"
[1] "DR"
[1] -0.04152173
[1] 0.07447545
[1] 0.8971963

 0  1 
11 96 
[1] 108
[1] -0.199994
[1] -0.1688187
[1] "AdaLSE"
[1] -0.2759985
[1] 0.06400973
[1] 0.462963

 0  1 
58 50 
[1] "Fitting mean A"
[1] "Fitting variance A"
[1] "DR"
[1] -0.2303652
[1] 0.06866275
[1] 0.8981481

 0  1 
11 97 
[1] 109
[1] -0.199994
[1] -0.1688187
[1] "AdaLSE"
[1] 0
[1] 0
[1] 0.4587156

 0  1 
59 50 
[1] "Fitting mean A"
[1] "Fitting variance A"
[1] "DR"
[1] -0.208983
[1] 0.07662176
[1] 0.8990826

 0  1 
11 98 
[1] 110
[1] -0.199994
[1] -0.1688187
[1] "AdaLSE"
[1] -0.3229225
[1] 0.07383043
[1] 0.4545455

 0  1 
60 50 
[1] "Fitting mean A"
[1] "Fitting variance A"
[1] "DR"
[1] -0.3064079
[1] 0.07248098
[1] 0.9

 0  1 
11 99 
[1] 111
[1] -0.199994
[1] -0.1688187
[1] "AdaLSE"
[1] -0.3823237
[1] 0.06827239
[1] 0.4504505

 0  1 
61 50 
[1] "Fitting mean A"
[1] "Fitting variance A"
[1] "DR"
[1] -0.2882216
[1] 0.0754231
[1] 0.9009009

  0   1 
 11 100 
[1] 112
[1] -0.199994
[1] -0.1688187
[1] "AdaLSE"
[1] -0.1778015
[1] 0.06530796
[1] 0.4553571

 0  1 
61 51 
[1] "Fitting mean A"
[1] "Fitting variance A"
[1] "DR"
[1] -0.1652615
[1] 0.07074154
[1] 0.9017857

  0   1 
 11 101 
[1] 113
[1] -0.199994
[1] -0.1688187
[1] "AdaLSE"
[1] 0
[1] 0
[1] 0.4513274

 0  1 
62 51 
[1] "Fitting mean A"
[1] "Fitting variance A"
[1] "DR"
[1] -0.08415256
[1] 0.07785745
[1] 0.9026549

  0   1 
 11 102 
[1] 114
[1] -0.199994
[1] -0.1688187
[1] "AdaLSE"
[1] 0
[1] 0
[1] 0.4473684

 0  1 
63 51 
[1] "Fitting mean A"
[1] "Fitting variance A"
[1] "DR"
[1] -0.15883
[1] 0.08037104
[1] 0.9035088

  0   1 
 11 103 
[1] 115
[1] -0.199994
[1] -0.1688187
[1] "AdaLSE"
[1] 0
[1] 0
[1] 0.4434783

 0  1 
64 51 
[1] "Fitting mean A"
[1] "Fitting variance A"
[1] "DR"
[1] -0.162252
[1] 0.07225772
[1] 0.9043478

  0   1 
 11 104 
[1] 116
[1] -0.199994
[1] -0.1688187
[1] "AdaLSE"
[1] -0.2571903
[1] 0.06818564
[1] 0.4482759

 0  1 
64 52 
[1] "Fitting mean A"
[1] "Fitting variance A"
[1] "DR"
[1] -0.2822049
[1] 0.07392859
[1] 0.9051724

  0   1 
 11 105 
[1] 117
[1] -0.199994
[1] -0.1688187
[1] "AdaLSE"
[1] 0
[1] 0
[1] 0.4444444

 0  1 
65 52 
[1] "Fitting mean A"
[1] "Fitting variance A"
[1] "DR"
[1] -0.1398251
[1] 0.07582425
[1] 0.9059829

  0   1 
 11 106 
[1] 118
[1] -0.199994
[1] -0.1688187
[1] "AdaLSE"
[1] 0
[1] 0
[1] 0.440678

 0  1 
66 52 
[1] "Fitting mean A"
[1] "Fitting variance A"
[1] "DR"
[1] -0.1251636
[1] 0.0763808
[1] 0.9067797

  0   1 
 11 107 
[1] 119
[1] -0.199994
[1] -0.1688187
[1] "AdaLSE"
[1] -0.1792933
[1] 0.06360718
[1] 0.4453782

 0  1 
66 53 
[1] "Fitting mean A"
[1] "Fitting variance A"
[1] "DR"
[1] -0.194998
[1] 0.07253283
[1] 0.907563

  0   1 
 11 108 
[1] 120
[1] -0.199994
[1] -0.1688187
[1] "AdaLSE"
[1] -0.2633037
[1] 0.07192399
[1] 0.45

 0  1 
66 54 
[1] "Fitting mean A"
[1] "Fitting variance A"
[1] "DR"
[1] -0.2130874
[1] 0.07440245
[1] 0.9083333

  0   1 
 11 109 
[1] 121
[1] -0.199994
[1] -0.1688187
[1] "AdaLSE"
[1] -0.1453809
[1] 0.06259124
[1] 0.4545455

 0  1 
66 55 
[1] "Fitting mean A"
[1] "Fitting variance A"
[1] "DR"
[1] -0.1101478
[1] 0.0703412
[1] 0.9090909

  0   1 
 11 110 
[1] 122
[1] -0.199994
[1] -0.1688187
[1] "AdaLSE"
[1] 0.007028334
[1] 0.06696064
[1] 0.4508197

 0  1 
67 55 
[1] "Fitting mean A"
[1] "Fitting variance A"
[1] "DR"
[1] -0.01896622
[1] 0.07638793
[1] 0.9016393

  0   1 
 12 110 
[1] 123
[1] -0.199994
[1] -0.1688187
[1] "AdaLSE"
[1] -0.06368286
[1] 0.06038508
[1] 0.4552846

 0  1 
67 56 
[1] "Fitting mean A"
[1] "Fitting variance A"
[1] "DR"
[1] -0.1090355
[1] 0.07100603
[1] 0.902439

  0   1 
 12 111 
[1] 124
[1] -0.199994
[1] -0.1688187
[1] "AdaLSE"
[1] 0
[1] 0
[1] 0.4516129

 0  1 
68 56 
[1] "Fitting mean A"
[1] "Fitting variance A"
[1] "DR"
[1] -0.09322954
[1] 0.07346642
[1] 0.9032258

  0   1 
 12 112 
[1] 125
[1] -0.199994
[1] -0.1688187
[1] "AdaLSE"
[1] -0.2580413
[1] 0.0690938
[1] 0.456

 0  1 
68 57 
[1] "Fitting mean A"
[1] "Fitting variance A"
[1] "DR"
[1] -0.1897307
[1] 0.06993247
[1] 0.904

  0   1 
 12 113 
[1] 126
[1] -0.199994
[1] -0.1688187
[1] "AdaLSE"
[1] -0.339415
[1] 0.07297134
[1] 0.452381

 0  1 
69 57 
[1] "Fitting mean A"
[1] "Fitting variance A"
[1] "DR"
[1] -0.2996446
[1] 0.07466213
[1] 0.9047619

  0   1 
 12 114 
[1] 127
[1] -0.199994
[1] -0.1688187
[1] "AdaLSE"
[1] -0.2970873
[1] 0.06740041
[1] 0.4566929

 0  1 
69 58 
[1] "Fitting mean A"
[1] "Fitting variance A"
[1] "DR"
[1] -0.2870904
[1] 0.07351113
[1] 0.9055118

  0   1 
 12 115 
[1] 128
[1] -0.199994
[1] -0.1688187
[1] "AdaLSE"
[1] -0.1110288
[1] 0.06179838
[1] 0.4609375

 0  1 
69 59 
[1] "Fitting mean A"
[1] "Fitting variance A"
[1] "DR"
[1] -0.1305827
[1] 0.07327126
[1] 0.90625

  0   1 
 12 116 
[1] 129
[1] -0.199994
[1] -0.1688187
[1] "AdaLSE"
[1] 0
[1] 0
[1] 0.4573643

 0  1 
70 59 
[1] "Fitting mean A"
[1] "Fitting variance A"
[1] "DR"
[1] -0.2551298
[1] 0.07819258
[1] 0.9069767

  0   1 
 12 117 
[1] 130
[1] -0.199994
[1] -0.1688187
[1] "AdaLSE"
[1] 0
[1] 0
[1] 0.4538462

 0  1 
71 59 
[1] "Fitting mean A"
[1] "Fitting variance A"
[1] "DR"
[1] -0.1223876
[1] 0.07497076
[1] 0.9076923

  0   1 
 12 118 
[1] 131
[1] -0.199994
[1] -0.1688187
[1] "AdaLSE"
[1] -0.2430808
[1] 0.06112789
[1] 0.4580153

 0  1 
71 60 
[1] "Fitting mean A"
[1] "Fitting variance A"
[1] "DR"
[1] -0.2014793
[1] 0.07662192
[1] 0.9083969

  0   1 
 12 119 
[1] 132
[1] -0.199994
[1] -0.1688187
[1] "AdaLSE"
[1] 0
[1] 0
[1] 0.4545455

 0  1 
72 60 
[1] "Fitting mean A"
[1] "Fitting variance A"
[1] "DR"
[1] -0.06028496
[1] 0.07430378
[1] 0.9090909

  0   1 
 12 120 
[1] 133
[1] -0.199994
[1] -0.1688187
[1] "AdaLSE"
[1] -0.1978487
[1] 0.05403937
[1] 0.4586466

 0  1 
72 61 
[1] "Fitting mean A"
[1] "Fitting variance A"
[1] "DR"
[1] -0.1707395
[1] 0.07620279
[1] 0.9097744

  0   1 
 12 121 
[1] 134
[1] -0.199994
[1] -0.1688187
[1] "AdaLSE"
[1] -0.1399241
[1] 0.07653325
[1] 0.4626866

 0  1 
72 62 
[1] "Fitting mean A"
[1] "Fitting variance A"
[1] "DR"
[1] -0.1209527
[1] 0.07536093
[1] 0.9104478

  0   1 
 12 122 
[1] 135
[1] -0.199994
[1] -0.1688187
[1] "AdaLSE"
[1] 0.07653288
[1] 0.05895944
[1] 0.4592593

 0  1 
73 62 
[1] "Fitting mean A"
[1] "Fitting variance A"
[1] "DR"
[1] 0.01996531
[1] 0.06996821
[1] 0.9037037

  0   1 
 13 122 
[1] 136
[1] -0.199994
[1] -0.1688187
[1] "AdaLSE"
[1] -0.2775568
[1] 0.0583453
[1] 0.4632353

 0  1 
73 63 
[1] "Fitting mean A"
[1] "Fitting variance A"
[1] "DR"
[1] -0.2353941
[1] 0.07348472
[1] 0.9044118

  0   1 
 13 123 
[1] 137
[1] -0.199994
[1] -0.1688187
[1] "AdaLSE"
[1] 0
[1] 0
[1] 0.459854

 0  1 
74 63 
[1] "Fitting mean A"
[1] "Fitting variance A"
[1] "DR"
[1] -0.1717985
[1] 0.0732896
[1] 0.9051095

  0   1 
 13 124 
[1] 138
[1] -0.199994
[1] -0.1688187
[1] "AdaLSE"
[1] 0
[1] 0
[1] 0.4565217

 0  1 
75 63 
[1] "Fitting mean A"
[1] "Fitting variance A"
[1] "DR"
[1] -0.1366284
[1] 0.07470256
[1] 0.9057971

  0   1 
 13 125 
[1] 139
[1] -0.199994
[1] -0.1688187
[1] "AdaLSE"
[1] 0
[1] 0
[1] 0.4532374

 0  1 
76 63 
[1] "Fitting mean A"
[1] "Fitting variance A"
[1] "DR"
[1] -0.03298163
[1] 0.07292116
[1] 0.9064748

  0   1 
 13 126 
[1] 140
[1] -0.199994
[1] -0.1688187
[1] "AdaLSE"
[1] 0
[1] 0
[1] 0.45

 0  1 
77 63 
[1] "Fitting mean A"
[1] "Fitting variance A"
[1] "DR"
[1] -0.07223997
[1] 0.07150424
[1] 0.9071429

  0   1 
 13 127 
[1] 141
[1] -0.199994
[1] -0.1688187
[1] "AdaLSE"
[1] 0
[1] 0
[1] 0.4468085

 0  1 
78 63 
[1] "Fitting mean A"
[1] "Fitting variance A"
[1] "DR"
[1] -0.1668619
[1] 0.07716566
[1] 0.9078014

  0   1 
 13 128 
[1] 142
[1] -0.199994
[1] -0.1688187
[1] "AdaLSE"
[1] -0.2623314
[1] 0.06790745
[1] 0.4507042

 0  1 
78 64 
[1] "Fitting mean A"
[1] "Fitting variance A"
[1] "DR"
[1] -0.2320324
[1] 0.07134107
[1] 0.9084507

  0   1 
 13 129 
[1] 143
[1] -0.199994
[1] -0.1688187
[1] "AdaLSE"
[1] -0.2999927
[1] 0.0686834
[1] 0.4545455

 0  1 
78 65 
[1] "Fitting mean A"
[1] "Fitting variance A"
[1] "DR"
[1] -0.2915971
[1] 0.07262122
[1] 0.9090909

  0   1 
 13 130 
[1] 144
[1] -0.199994
[1] -0.1688187
[1] "AdaLSE"
[1] 0
[1] 0
[1] 0.4513889

 0  1 
79 65 
[1] "Fitting mean A"
[1] "Fitting variance A"
[1] "DR"
[1] -0.1208163
[1] 0.07121378
[1] 0.9097222

  0   1 
 13 131 
[1] 145
[1] -0.199994
[1] -0.1688187
[1] "AdaLSE"
[1] 0
[1] 0
[1] 0.4482759

 0  1 
80 65 
[1] "Fitting mean A"
[1] "Fitting variance A"
[1] "DR"
[1] -0.1394998
[1] 0.08195708
[1] 0.9103448

  0   1 
 13 132 
[1] 146
[1] -0.199994
[1] -0.1688187
[1] "AdaLSE"
[1] -0.1580996
[1] 0.05901341
[1] 0.4520548

 0  1 
80 66 
[1] "Fitting mean A"
[1] "Fitting variance A"
[1] "DR"
[1] -0.1847488
[1] 0.06903691
[1] 0.9109589

  0   1 
 13 133 
[1] 147
[1] -0.199994
[1] -0.1688187
[1] "AdaLSE"
[1] 0
[1] 0
[1] 0.4489796

 0  1 
81 66 
[1] "Fitting mean A"
[1] "Fitting variance A"
[1] "DR"
[1] -0.1290877
[1] 0.07290979
[1] 0.9115646

  0   1 
 13 134 
[1] 148
[1] -0.1184497  5.1233719
[1] -0.199994
[1] -0.1688187
[1] "AdaLSE"
[1] 0
[1] 0
[1] 0.4459459

 0  1 
82 66 
[1] "Fitting mean A"
[1] "Fitting variance A"
[1] "DR"
[1] -0.09513267
[1] 0.07347072
[1] 0.9121622

  0   1 
 13 135 
[1] 149
[1] -0.199994
[1] -0.1688187
[1] "AdaLSE"
[1] 0
[1] 0
[1] 0.442953

 0  1 
83 66 
[1] "Fitting mean A"
[1] "Fitting variance A"
[1] "DR"
[1] -0.07255231
[1] 0.0725958
[1] 0.9127517

  0   1 
 13 136 
[1] 150
[1] -0.199994
[1] -0.1688187
[1] "AdaLSE"
[1] 0
[1] 0
[1] 0.44

 0  1 
84 66 
[1] "Fitting mean A"
[1] "Fitting variance A"
[1] "DR"
[1] -0.08398114
[1] 0.0709587
[1] 0.9133333

  0   1 
 13 137 
[1] 151
[1] -0.199994
[1] -0.1688187
[1] "AdaLSE"
[1] 0
[1] 0
[1] 0.4370861

 0  1 
85 66 
[1] "Fitting mean A"
[1] "Fitting variance A"
[1] "DR"
[1] -0.2395281
[1] 0.0730912
[1] 0.9139073

  0   1 
 13 138 
[1] 152
[1] -0.199994
[1] -0.1688187
[1] "AdaLSE"
[1] -0.1915931
[1] 0.06030594
[1] 0.4407895

 0  1 
85 67 
[1] "Fitting mean A"
[1] "Fitting variance A"
[1] "DR"
[1] -0.2063177
[1] 0.07141417
[1] 0.9144737

  0   1 
 13 139 
[1] 153
[1] -0.199994
[1] -0.1688187
[1] "AdaLSE"
[1] 0
[1] 0
[1] 0.4379085

 0  1 
86 67 
[1] "Fitting mean A"
[1] "Fitting variance A"
[1] "DR"
[1] -0.08008844
[1] 0.07607211
[1] 0.9150327

  0   1 
 13 140 
[1] 154
[1] -0.199994
[1] -0.1688187
[1] "AdaLSE"
[1] 0
[1] 0
[1] 0.4350649

 0  1 
87 67 
[1] "Fitting mean A"
[1] "Fitting variance A"
[1] "DR"
[1] -0.1143174
[1] 0.07595787
[1] 0.9155844

  0   1 
 13 141 
[1] 155
[1] -0.199994
[1] -0.1688187
[1] "AdaLSE"
[1] 0
[1] 0
[1] 0.4322581

 0  1 
88 67 
[1] "Fitting mean A"
[1] "Fitting variance A"
[1] "DR"
[1] -0.1010572
[1] 0.07333751
[1] 0.916129

  0   1 
 13 142 
[1] 156
[1] -0.199994
[1] -0.1688187
[1] "AdaLSE"
[1] -0.2782815
[1] 0.06611295
[1] 0.4358974

 0  1 
88 68 
[1] "Fitting mean A"
[1] "Fitting variance A"
[1] "DR"
[1] -0.2953752
[1] 0.06985052
[1] 0.9166667

  0   1 
 13 143 
[1] 157
[1] -0.199994
[1] -0.1688187
[1] "AdaLSE"
[1] -0.2888386
[1] 0.06700461
[1] 0.4394904

 0  1 
88 69 
[1] "Fitting mean A"
[1] "Fitting variance A"
[1] "DR"
[1] -0.2949838
[1] 0.07333572
[1] 0.9171975

  0   1 
 13 144 
[1] 158
[1] -0.199994
[1] -0.1688187
[1] "AdaLSE"
[1] 0
[1] 0
[1] 0.4367089

 0  1 
89 69 
[1] "Fitting mean A"
[1] "Fitting variance A"
[1] "DR"
[1] -0.1576057
[1] 0.07832536
[1] 0.9177215

  0   1 
 13 145 
[1] 159
[1] -0.199994
[1] -0.1688187
[1] "AdaLSE"
[1] -0.2094392
[1] 0.06441889
[1] 0.4402516

 0  1 
89 70 
[1] "Fitting mean A"
[1] "Fitting variance A"
[1] "DR"
[1] -0.1410762
[1] 0.07239545
[1] 0.918239

  0   1 
 13 146 
[1] 160
[1] -0.199994
[1] -0.1688187
[1] "AdaLSE"
[1] 0
[1] 0
[1] 0.4375

 0  1 
90 70 
[1] "Fitting mean A"
[1] "Fitting variance A"
[1] "DR"
[1] -0.03434309
[1] 0.07429716
[1] 0.91875

  0   1 
 13 147 
[1] 161
[1] -0.199994
[1] -0.1688187
[1] "AdaLSE"
[1] 0
[1] 0
[1] 0.4347826

 0  1 
91 70 
[1] "Fitting mean A"
[1] "Fitting variance A"
[1] "DR"
[1] -0.002170556
[1] 0.07426757
[1] 0.9130435

  0   1 
 14 147 
[1] 162
[1] -0.199994
[1] -0.1688187
[1] "AdaLSE"
[1] 0
[1] 0
[1] 0.4320988

 0  1 
92 70 
[1] "Fitting mean A"
[1] "Fitting variance A"
[1] "DR"
[1] 0.004953833
[1] 0.07681882
[1] 0.9074074

  0   1 
 15 147 
[1] 163
[1] -0.199994
[1] -0.1688187
[1] "AdaLSE"
[1] -0.2641711
[1] 0.06707437
[1] 0.4355828

 0  1 
92 71 
[1] "Fitting mean A"
[1] "Fitting variance A"
[1] "DR"
[1] -0.2365945
[1] 0.06717114
[1] 0.9079755

  0   1 
 15 148 
[1] 164
[1] -0.199994
[1] -0.1688187
[1] "AdaLSE"
[1] 0
[1] 0
[1] 0.4329268

 0  1 
93 71 
[1] "Fitting mean A"
[1] "Fitting variance A"
[1] "DR"
[1] -0.1388083
[1] 0.07459115
[1] 0.9085366

  0   1 
 15 149 
[1] 165
[1] -0.199994
[1] -0.1688187
[1] "AdaLSE"
[1] 0.008617936
[1] 0.06385761
[1] 0.430303

 0  1 
94 71 
[1] "Fitting mean A"
[1] "Fitting variance A"
[1] "DR"
[1] 0.01739051
[1] 0.07458747
[1] 0.9030303

  0   1 
 16 149 
[1] 166
[1] -0.199994
[1] -0.1688187
[1] "AdaLSE"
[1] -0.3257134
[1] 0.07580669
[1] 0.4277108

 0  1 
95 71 
[1] "Fitting mean A"
[1] "Fitting variance A"
[1] "DR"
[1] -0.3146683
[1] 0.0760492
[1] 0.9036145

  0   1 
 16 150 
[1] 167
[1] -0.199994
[1] -0.1688187
[1] "AdaLSE"
[1] 0
[1] 0
[1] 0.4251497

 0  1 
96 71 
[1] "Fitting mean A"
[1] "Fitting variance A"
[1] "DR"
[1] -0.1856373
[1] 0.0775598
[1] 0.9041916

  0   1 
 16 151 
[1] 168
[1] -0.199994
[1] -0.1688187
[1] "AdaLSE"
[1] -0.2979282
[1] 0.05669283
[1] 0.422619

 0  1 
97 71 
[1] "Fitting mean A"
[1] "Fitting variance A"
[1] "DR"
[1] -0.2382389
[1] 0.07068294
[1] 0.9047619

  0   1 
 16 152 
[1] 169
[1] -0.199994
[1] -0.1688187
[1] "AdaLSE"
[1] -0.1632843
[1] 0.06577062
[1] 0.4260355

 0  1 
97 72 
[1] "Fitting mean A"
[1] "Fitting variance A"
[1] "DR"
[1] -0.1794478
[1] 0.07626591
[1] 0.9053254

  0   1 
 16 153 
[1] 170
[1] -0.199994
[1] -0.1688187
[1] "AdaLSE"
[1] 0
[1] 0
[1] 0.4235294

 0  1 
98 72 
[1] "Fitting mean A"
[1] "Fitting variance A"
[1] "DR"
[1] -0.06558669
[1] 0.07358496
[1] 0.9058824

  0   1 
 16 154 
[1] 171
[1] -0.199994
[1] -0.1688187
[1] "AdaLSE"
[1] 0
[1] 0
[1] 0.4210526

 0  1 
99 72 
[1] "Fitting mean A"
[1] "Fitting variance A"
[1] "DR"
[1] -0.09483386
[1] 0.07405027
[1] 0.9064327

  0   1 
 16 155 
[1] 172
[1] -0.199994
[1] -0.1688187
[1] "AdaLSE"
[1] 0
[1] 0
[1] 0.4186047

  0   1 
100  72 
[1] "Fitting mean A"
[1] "Fitting variance A"
[1] "DR"
[1] -0.1115286
[1] 0.07215308
[1] 0.9069767

  0   1 
 16 156 
[1] 173
[1] -0.199994
[1] -0.1688187
[1] "AdaLSE"
[1] -0.1417702
[1] 0.06279576
[1] 0.4219653

  0   1 
100  73 
[1] "Fitting mean A"
[1] "Fitting variance A"
[1] "DR"
[1] -0.07288564
[1] 0.07021728
[1] 0.9075145

  0   1 
 16 157 
[1] 174
[1] -0.199994
[1] -0.1688187
[1] "AdaLSE"
[1] -0.1518702
[1] 0.06197124
[1] 0.4252874

  0   1 
100  74 
[1] "Fitting mean A"
[1] "Fitting variance A"
[1] "DR"
[1] -0.1441905
[1] 0.07354997
[1] 0.908046

  0   1 
 16 158 
[1] 175
[1] -0.199994
[1] -0.1688187
[1] "AdaLSE"
[1] -0.20864
[1] 0.0633983
[1] 0.4285714

  0   1 
100  75 
[1] "Fitting mean A"
[1] "Fitting variance A"
[1] "DR"
[1] -0.1521695
[1] 0.07009654
[1] 0.9085714

  0   1 
 16 159 
[1] 176
[1] -0.199994
[1] -0.1688187
[1] "AdaLSE"
[1] 0
[1] 0
[1] 0.4261364

  0   1 
101  75 
[1] "Fitting mean A"
[1] "Fitting variance A"
[1] "DR"
[1] -0.1094969
[1] 0.07566219
[1] 0.9090909

  0   1 
 16 160 
[1] 177
[1] -0.199994
[1] -0.1688187
[1] "AdaLSE"
[1] -0.3111478
[1] 0.06486994
[1] 0.4237288

  0   1 
102  75 
[1] "Fitting mean A"
[1] "Fitting variance A"
[1] "DR"
[1] -0.256747
[1] 0.07277369
[1] 0.9096045

  0   1 
 16 161 
[1] 178
[1] -0.199994
[1] -0.1688187
[1] "AdaLSE"
[1] -0.242001
[1] 0.0659933
[1] 0.4269663

  0   1 
102  76 
[1] "Fitting mean A"
[1] "Fitting variance A"
[1] "DR"
[1] -0.2469807
[1] 0.06641691
[1] 0.9101124

  0   1 
 16 162 
[1] 179
[1] -0.199994
[1] -0.1688187
[1] "AdaLSE"
[1] 0
[1] 0
[1] 0.424581

  0   1 
103  76 
[1] "Fitting mean A"
[1] "Fitting variance A"
[1] "DR"
[1] -0.1666375
[1] 0.07517055
[1] 0.9106145

  0   1 
 16 163 
[1] 180
[1] -0.199994
[1] -0.1688187
[1] "AdaLSE"
[1] 0
[1] 0
[1] 0.4222222

  0   1 
104  76 
[1] "Fitting mean A"
[1] "Fitting variance A"
[1] "DR"
[1] -0.1319819
[1] 0.07356235
[1] 0.9111111

  0   1 
 16 164 
[1] 181
[1] -0.199994
[1] -0.1688187
[1] "AdaLSE"
[1] 0
[1] 0
[1] 0.4198895

  0   1 
105  76 
[1] "Fitting mean A"
[1] "Fitting variance A"
[1] "DR"
[1] -0.09864303
[1] 0.0761807
[1] 0.9116022

  0   1 
 16 165 
[1] 182
[1] -0.199994
[1] -0.1688187
[1] "AdaLSE"
[1] 0
[1] 0
[1] 0.4175824

  0   1 
106  76 
[1] "Fitting mean A"
[1] "Fitting variance A"
[1] "DR"
[1] -0.0892063
[1] 0.07644908
[1] 0.9120879

  0   1 
 16 166 
[1] 183
[1] -0.199994
[1] -0.1688187
[1] "AdaLSE"
[1] -0.02806041
[1] 0.06654555
[1] 0.4153005

  0   1 
107  76 
[1] "Fitting mean A"
[1] "Fitting variance A"
[1] "DR"
[1] 0.007046218
[1] 0.07507161
[1] 0.9071038

  0   1 
 17 166 
[1] 184
[1] -0.199994
[1] -0.1688187
[1] "AdaLSE"
[1] 0
[1] 0
[1] 0.4130435

  0   1 
108  76 
[1] "Fitting mean A"
[1] "Fitting variance A"
[1] "DR"
[1] -0.1338824
[1] 0.07606676
[1] 0.9076087

  0   1 
 17 167 
[1] 185
[1] -0.199994
[1] -0.1688187
[1] "AdaLSE"
[1] 0
[1] 0
[1] 0.4108108

  0   1 
109  76 
[1] "Fitting mean A"
[1] "Fitting variance A"
[1] "DR"
[1] -0.1377885
[1] 0.07864272
[1] 0.9081081

  0   1 
 17 168 
[1] 186
[1] -0.199994
[1] -0.1688187
[1] "AdaLSE"
[1] 0
[1] 0
[1] 0.4086022

  0   1 
110  76 
[1] "Fitting mean A"
[1] "Fitting variance A"
[1] "DR"
[1] -0.0917134
[1] 0.07356123
[1] 0.9086022

  0   1 
 17 169 
[1] 187
[1] -0.199994
[1] -0.1688187
[1] "AdaLSE"
[1] -0.1968748
[1] 0.07275853
[1] 0.4117647

  0   1 
110  77 
[1] "Fitting mean A"
[1] "Fitting variance A"
[1] "DR"
[1] -0.1967191
[1] 0.06936005
[1] 0.9090909

  0   1 
 17 170 
[1] 188
[1] -0.199994
[1] -0.1688187
[1] "AdaLSE"
[1] -0.1352256
[1] 0.06014861
[1] 0.4148936

  0   1 
110  78 
[1] "Fitting mean A"
[1] "Fitting variance A"
[1] "DR"
[1] -0.1324455
[1] 0.06857677
[1] 0.9095745

  0   1 
 17 171 
[1] 189
[1] -0.199994
[1] -0.1688187
[1] "AdaLSE"
[1] -0.19959
[1] 0.06121008
[1] 0.4179894

  0   1 
110  79 
[1] "Fitting mean A"
[1] "Fitting variance A"
[1] "DR"
[1] -0.1938849
[1] 0.06717388
[1] 0.9100529

  0   1 
 17 172 
[1] 190
[1] -0.199994
[1] -0.1688187
[1] "AdaLSE"
[1] 0
[1] 0
[1] 0.4157895

  0   1 
111  79 
[1] "Fitting mean A"
[1] "Fitting variance A"
[1] "DR"
[1] -0.05595136
[1] 0.07968897
[1] 0.9105263

  0   1 
 17 173 
[1] 191
[1] -0.199994
[1] -0.1688187
[1] "AdaLSE"
[1] -0.1260473
[1] 0.06639201
[1] 0.4188482

  0   1 
111  80 
[1] "Fitting mean A"
[1] "Fitting variance A"
[1] "DR"
[1] -0.0967952
[1] 0.07409338
[1] 0.9109948

  0   1 
 17 174 
[1] 192
[1] -0.199994
[1] -0.1688187
[1] "AdaLSE"
[1] -0.2706156
[1] 0.06071157
[1] 0.421875

  0   1 
111  81 
[1] "Fitting mean A"
[1] "Fitting variance A"
[1] "DR"
[1] -0.3102821
[1] 0.07549643
[1] 0.9114583

  0   1 
 17 175 
[1] 193
[1] -0.199994
[1] -0.1688187
[1] "AdaLSE"
[1] -0.1777225
[1] 0.06648367
[1] 0.4248705

  0   1 
111  82 
[1] "Fitting mean A"
[1] "Fitting variance A"
[1] "DR"
[1] -0.1283008
[1] 0.06919108
[1] 0.9119171

  0   1 
 17 176 
[1] 194
[1] -0.199994
[1] -0.1688187
[1] "AdaLSE"
[1] 0
[1] 0
[1] 0.4226804

  0   1 
112  82 
[1] "Fitting mean A"
[1] "Fitting variance A"
[1] "DR"
[1] -0.05894904
[1] 0.07168134
[1] 0.9123711

  0   1 
 17 177 
[1] 195
[1] -0.199994
[1] -0.1688187
[1] "AdaLSE"
[1] 0
[1] 0
[1] 0.4205128

  0   1 
113  82 
[1] "Fitting mean A"
[1] "Fitting variance A"
[1] "DR"
[1] -0.1179521
[1] 0.07609464
[1] 0.9128205

  0   1 
 17 178 
[1] 196
[1] -0.199994
[1] -0.1688187
[1] "AdaLSE"
[1] -0.2799745
[1] 0.05819561
[1] 0.4234694

  0   1 
113  83 
[1] "Fitting mean A"
[1] "Fitting variance A"
[1] "DR"
[1] -0.2142899
[1] 0.07536412
[1] 0.9132653

  0   1 
 17 179 
[1] 197
[1] -0.199994
[1] -0.1688187
[1] "AdaLSE"
[1] 0
[1] 0
[1] 0.4213198

  0   1 
114  83 
[1] "Fitting mean A"
[1] "Fitting variance A"
[1] "DR"
[1] -0.03379783
[1] 0.07695038
[1] 0.9137056

  0   1 
 17 180 
[1] 198
[1] -0.199994
[1] -0.1688187
[1] "AdaLSE"
[1] -0.1547825
[1] 0.06233779
[1] 0.4242424

  0   1 
114  84 
[1] "Fitting mean A"
[1] "Fitting variance A"
[1] "DR"
[1] -0.1573979
[1] 0.07445001
[1] 0.9141414

  0   1 
 17 181 
[1] 199
[1] -0.199994
[1] -0.1688187
[1] "AdaLSE"
[1] 0
[1] 0
[1] 0.4221106

  0   1 
115  84 
[1] "Fitting mean A"
[1] "Fitting variance A"
[1] "DR"
[1] -0.209935
[1] 0.07451305
[1] 0.9145729

  0   1 
 17 182 
[1] 200
[1] -0.199994
[1] -0.1688187
[1] "AdaLSE"
[1] -0.3926354
[1] 0.06749331
[1] 0.42

  0   1 
116  84 
[1] "Fitting mean A"
[1] "Fitting variance A"
[1] "DR"
[1] -0.311777
[1] 0.07190219
[1] 0.91

  0   1 
 18 182 
[1] 201
[1] -0.199994
[1] -0.1688187
[1] "AdaLSE"
[1] 0
[1] 0
[1] 0.4179104

  0   1 
117  84 
[1] "Fitting mean A"
[1] "Fitting variance A"
[1] "DR"
[1] -0.06006508
[1] 0.07634151
[1] 0.9104478

  0   1 
 18 183 
[1] 202
[1] -0.199994
[1] -0.1688187
[1] "AdaLSE"
[1] 0
[1] 0
[1] 0.4158416

  0   1 
118  84 
[1] "Fitting mean A"
[1] "Fitting variance A"
[1] "DR"
[1] -0.09705692
[1] 0.07754358
[1] 0.9108911

  0   1 
 18 184 
[1] 203
[1] -0.199994
[1] -0.1688187
[1] "AdaLSE"
[1] -0.1387164
[1] 0.05900077
[1] 0.4187192

  0   1 
118  85 
[1] "Fitting mean A"
[1] "Fitting variance A"
[1] "DR"
[1] -0.228591
[1] 0.07946813
[1] 0.91133

  0   1 
 18 185 
[1] 204
[1] -0.199994
[1] -0.1688187
[1] "AdaLSE"
[1] 0
[1] 0
[1] 0.4166667

  0   1 
119  85 
[1] "Fitting mean A"
[1] "Fitting variance A"
[1] "DR"
[1] -0.1281009
[1] 0.07591195
[1] 0.9117647

  0   1 
 18 186 
[1] 205
[1] -0.199994
[1] -0.1688187
[1] "AdaLSE"
[1] -0.1901527
[1] 0.06373931
[1] 0.4195122

  0   1 
119  86 
[1] "Fitting mean A"
[1] "Fitting variance A"
[1] "DR"
[1] -0.2403829
[1] 0.07627188
[1] 0.9121951

  0   1 
 18 187 
[1] 206
[1] -0.199994
[1] -0.1688187
[1] "AdaLSE"
[1] 0
[1] 0
[1] 0.4174757

  0   1 
120  86 
[1] "Fitting mean A"
[1] "Fitting variance A"
[1] "DR"
[1] -0.04923096
[1] 0.0714311
[1] 0.9126214

  0   1 
 18 188 
[1] 207
[1] -0.199994
[1] -0.1688187
[1] "AdaLSE"
[1] 0
[1] 0
[1] 0.4154589

  0   1 
121  86 
[1] "Fitting mean A"
[1] "Fitting variance A"
[1] "DR"
[1] -0.05258804
[1] 0.07600749
[1] 0.9130435

  0   1 
 18 189 
[1] 208
[1] -0.199994
[1] -0.1688187
[1] "AdaLSE"
[1] -0.1355618
[1] 0.06063666
[1] 0.4182692

  0   1 
121  87 
[1] "Fitting mean A"
[1] "Fitting variance A"
[1] "DR"
[1] -0.2156422
[1] 0.07422381
[1] 0.9134615

  0   1 
 18 190 
[1] 209
[1] -0.199994
[1] -0.1688187
[1] "AdaLSE"
[1] 0
[1] 0
[1] 0.4162679

  0   1 
122  87 
[1] "Fitting mean A"
[1] "Fitting variance A"
[1] "DR"
[1] -0.06355033
[1] 0.07060213
[1] 0.9138756

  0   1 
 18 191 
[1] 210
[1] -0.199994
[1] -0.1688187
[1] "AdaLSE"
[1] 0.01183666
[1] 0.06050363
[1] 0.4142857

  0   1 
123  87 
[1] "Fitting mean A"
[1] "Fitting variance A"
[1] "DR"
[1] 0.001075963
[1] 0.07072861
[1] 0.9095238

  0   1 
 19 191 
[1] 211
[1] -0.199994
[1] -0.1688187
[1] "AdaLSE"
[1] -0.1652987
[1] 0.06156287
[1] 0.4170616

  0   1 
123  88 
[1] "Fitting mean A"
[1] "Fitting variance A"
[1] "DR"
[1] -0.1704715
[1] 0.06866552
[1] 0.9099526

  0   1 
 19 192 
[1] 212
[1] -0.199994
[1] -0.1688187
[1] "AdaLSE"
[1] -0.03172693
[1] 0.06445756
[1] 0.4150943

  0   1 
124  88 
[1] "Fitting mean A"
[1] "Fitting variance A"
[1] "DR"
[1] -0.08352642
[1] 0.07414004
[1] 0.9103774

  0   1 
 19 193 
[1] 213
[1] -0.199994
[1] -0.1688187
[1] "AdaLSE"
[1] 0
[1] 0
[1] 0.4131455

  0   1 
125  88 
[1] "Fitting mean A"
[1] "Fitting variance A"
[1] "DR"
[1] -0.09524042
[1] 0.0709718
[1] 0.9107981

  0   1 
 19 194 
[1] 214
[1] -0.199994
[1] -0.1688187
[1] "AdaLSE"
[1] 0
[1] 0
[1] 0.411215

  0   1 
126  88 
[1] "Fitting mean A"
[1] "Fitting variance A"
[1] "DR"
[1] -0.06584167
[1] 0.07784348
[1] 0.911215

  0   1 
 19 195 
[1] 215
[1] -0.199994
[1] -0.1688187
[1] "AdaLSE"
[1] 0
[1] 0
[1] 0.4093023

  0   1 
127  88 
[1] "Fitting mean A"
[1] "Fitting variance A"
[1] "DR"
[1] -0.1724097
[1] 0.07717468
[1] 0.9116279

  0   1 
 19 196 
[1] 216
[1] -0.199994
[1] -0.1688187
[1] "AdaLSE"
[1] 0
[1] 0
[1] 0.4074074

  0   1 
128  88 
[1] "Fitting mean A"
[1] "Fitting variance A"
[1] "DR"
[1] -0.1364635
[1] 0.07532929
[1] 0.912037

  0   1 
 19 197 
[1] 217
[1] -0.199994
[1] -0.1688187
[1] "AdaLSE"
[1] -0.2637595
[1] 0.06440556
[1] 0.4101382

  0   1 
128  89 
[1] "Fitting mean A"
[1] "Fitting variance A"
[1] "DR"
[1] -0.1865268
[1] 0.07534202
[1] 0.9124424

  0   1 
 19 198 
[1] 218
[1] -0.199994
[1] -0.1688187
[1] "AdaLSE"
[1] -0.4073959
[1] 0.06699757
[1] 0.4082569

  0   1 
129  89 
[1] "Fitting mean A"
[1] "Fitting variance A"
[1] "DR"
[1] -0.3835171
[1] 0.07307658
[1] 0.9082569

  0   1 
 20 198 
[1] 219
[1] -0.199994
[1] -0.1688187
[1] "AdaLSE"
[1] -0.01897954
[1] 0.07255243
[1] 0.4063927

  0   1 
130  89 
[1] "Fitting mean A"
[1] "Fitting variance A"
[1] "DR"
[1] 0.0276732
[1] 0.07713437
[1] 0.9041096

  0   1 
 21 198 
[1] 220
[1] -0.199994
[1] -0.1688187
[1] "AdaLSE"
[1] 0
[1] 0
[1] 0.4045455

  0   1 
131  89 
[1] "Fitting mean A"
[1] "Fitting variance A"
[1] "DR"
[1] -0.1936704
[1] 0.07516327
[1] 0.9045455

  0   1 
 21 199 
[1] 221
[1] -0.199994
[1] -0.1688187
[1] "AdaLSE"
[1] 0
[1] 0
[1] 0.4027149

  0   1 
132  89 
[1] "Fitting mean A"
[1] "Fitting variance A"
[1] "DR"
[1] -0.08996192
[1] 0.07855742
[1] 0.9049774

  0   1 
 21 200 
[1] 222
[1] -0.199994
[1] -0.1688187
[1] "AdaLSE"
[1] 0
[1] 0
[1] 0.4009009

  0   1 
133  89 
[1] "Fitting mean A"
[1] "Fitting variance A"
[1] "DR"
[1] -0.1675756
[1] 0.07639609
[1] 0.9054054

  0   1 
 21 201 
[1] 223
[1] -0.199994
[1] -0.1688187
[1] "AdaLSE"
[1] 0
[1] 0
[1] 0.3991031

  0   1 
134  89 
[1] "Fitting mean A"
[1] "Fitting variance A"
[1] "DR"
[1] -0.163111
[1] 0.07224004
[1] 0.9058296

  0   1 
 21 202 
[1] 224
[1] -0.199994
[1] -0.1688187
[1] "AdaLSE"
[1] 0
[1] 0
[1] 0.3973214

  0   1 
135  89 
[1] "Fitting mean A"
[1] "Fitting variance A"
[1] "DR"
[1] -0.1176374
[1] 0.07284881
[1] 0.90625

  0   1 
 21 203 
[1] 225
[1] -0.199994
[1] -0.1688187
[1] "AdaLSE"
[1] 0
[1] 0
[1] 0.3955556

  0   1 
136  89 
[1] "Fitting mean A"
[1] "Fitting variance A"
[1] "DR"
[1] -0.03382176
[1] 0.07135632
[1] 0.9066667

  0   1 
 21 204 
[1] 226
[1] -0.199994
[1] -0.1688187
[1] "AdaLSE"
[1] 0
[1] 0
[1] 0.3938053

  0   1 
137  89 
[1] "Fitting mean A"
[1] "Fitting variance A"
[1] "DR"
[1] -0.1765926
[1] 0.07736011
[1] 0.9070796

  0   1 
 21 205 
[1] 227
[1] -0.199994
[1] -0.1688187
[1] "AdaLSE"
[1] -0.1776418
[1] 0.06392919
[1] 0.3964758

  0   1 
137  90 
[1] "Fitting mean A"
[1] "Fitting variance A"
[1] "DR"
[1] -0.1425177
[1] 0.07700104
[1] 0.907489

  0   1 
 21 206 
[1] 228
[1] -0.199994
[1] -0.1688187
[1] "AdaLSE"
[1] 0
[1] 0
[1] 0.3947368

  0   1 
138  90 
[1] "Fitting mean A"
[1] "Fitting variance A"
[1] "DR"
[1] -0.07210243
[1] 0.06908918
[1] 0.9078947

  0   1 
 21 207 
[1] 229
[1] -0.06384063  5.70182228
[1] -0.199994
[1] -0.1688187
[1] "AdaLSE"
[1] -0.1788537
[1] 0.06346693
[1] 0.3973799

  0   1 
138  91 
[1] "Fitting mean A"
[1] "Fitting variance A"
[1] "DR"
[1] -0.1298009
[1] 0.06955838
[1] 0.9082969

  0   1 
 21 208 
[1] 230
[1] -0.199994
[1] -0.1688187
[1] "AdaLSE"
[1] 0
[1] 0
[1] 0.3956522

  0   1 
139  91 
[1] "Fitting mean A"
[1] "Fitting variance A"
[1] "DR"
[1] -0.1089068
[1] 0.07952924
[1] 0.9086957

  0   1 
 21 209 
[1] 231
[1] -0.199994
[1] -0.1688187
[1] "AdaLSE"
[1] 0
[1] 0
[1] 0.3939394

  0   1 
140  91 
[1] "Fitting mean A"
[1] "Fitting variance A"
[1] "DR"
[1] -0.2038032
[1] 0.07035522
[1] 0.9090909

  0   1 
 21 210 
[1] 232
[1] -0.199994
[1] -0.1688187
[1] "AdaLSE"
[1] -0.2729154
[1] 0.06767829
[1] 0.3965517

  0   1 
140  92 
[1] "Fitting mean A"
[1] "Fitting variance A"
[1] "DR"
[1] -0.3011681
[1] 0.06913234
[1] 0.9094828

  0   1 
 21 211 
[1] 233
[1] -0.199994
[1] -0.1688187
[1] "AdaLSE"
[1] 0
[1] 0
[1] 0.3948498

  0   1 
141  92 
[1] "Fitting mean A"
[1] "Fitting variance A"
[1] "DR"
[1] -0.1303552
[1] 0.07716909
[1] 0.9098712

  0   1 
 21 212 
[1] 234
[1] -0.199994
[1] -0.1688187
[1] "AdaLSE"
[1] 0
[1] 0
[1] 0.3931624

  0   1 
142  92 
[1] "Fitting mean A"
[1] "Fitting variance A"
[1] "DR"
[1] -0.2060042
[1] 0.07682129
[1] 0.9102564

  0   1 
 21 213 
[1] 235
[1] -0.199994
[1] -0.1688187
[1] "AdaLSE"
[1] -0.2781385
[1] 0.06284878
[1] 0.3957447

  0   1 
142  93 
[1] "Fitting mean A"
[1] "Fitting variance A"
[1] "DR"
[1] -0.2728669
[1] 0.0661609
[1] 0.9106383

  0   1 
 21 214 
[1] 236
[1] -0.199994
[1] -0.1688187
[1] "AdaLSE"
[1] -0.04131455
[1] 0.06321951
[1] 0.3940678

  0   1 
143  93 
[1] "Fitting mean A"
[1] "Fitting variance A"
[1] "DR"
[1] -0.03773644
[1] 0.07493829
[1] 0.9110169

  0   1 
 21 215 
[1] 237
[1] -0.199994
[1] -0.1688187
[1] "AdaLSE"
[1] 0
[1] 0
[1] 0.3924051

  0   1 
144  93 
[1] "Fitting mean A"
[1] "Fitting variance A"
[1] "DR"
[1] -0.1504493
[1] 0.07009483
[1] 0.9113924

  0   1 
 21 216 
[1] 238
[1] -0.199994
[1] -0.1688187
[1] "AdaLSE"
[1] 0
[1] 0
[1] 0.3907563

  0   1 
145  93 
[1] "Fitting mean A"
[1] "Fitting variance A"
[1] "DR"
[1] -0.1095383
[1] 0.07465329
[1] 0.9117647

  0   1 
 21 217 
[1] 239
[1] -0.199994
[1] -0.1688187
[1] "AdaLSE"
[1] 0
[1] 0
[1] 0.3891213

  0   1 
146  93 
[1] "Fitting mean A"
[1] "Fitting variance A"
[1] "DR"
[1] -0.1087917
[1] 0.07435173
[1] 0.9121339

  0   1 
 21 218 
[1] 240
[1] -0.199994
[1] -0.1688187
[1] "AdaLSE"
[1] -0.2780394
[1] 0.06552528
[1] 0.3916667

  0   1 
146  94 
[1] "Fitting mean A"
[1] "Fitting variance A"
[1] "DR"
[1] -0.1846256
[1] 0.06894247
[1] 0.9125

  0   1 
 21 219 
[1] 241
[1] -0.199994
[1] -0.1688187
[1] "AdaLSE"
[1] -0.09659716
[1] 0.06021732
[1] 0.3941909

  0   1 
146  95 
[1] "Fitting mean A"
[1] "Fitting variance A"
[1] "DR"
[1] -0.1391413
[1] 0.07122124
[1] 0.9128631

  0   1 
 21 220 
[1] 242
[1] -0.199994
[1] -0.1688187
[1] "AdaLSE"
[1] -0.04890803
[1] 0.06498514
[1] 0.3966942

  0   1 
146  96 
[1] "Fitting mean A"
[1] "Fitting variance A"
[1] "DR"
[1] -0.00136777
[1] 0.07367629
[1] 0.9090909

  0   1 
 22 220 
[1] 243
[1] -0.199994
[1] -0.1688187
[1] "AdaLSE"
[1] 0
[1] 0
[1] 0.3950617

  0   1 
147  96 
[1] "Fitting mean A"
[1] "Fitting variance A"
[1] "DR"
[1] -0.1526734
[1] 0.07475074
[1] 0.909465

  0   1 
 22 221 
[1] 244
[1] -0.199994
[1] -0.1688187
[1] "AdaLSE"
[1] 0
[1] 0
[1] 0.3934426

  0   1 
148  96 
[1] "Fitting mean A"
[1] "Fitting variance A"
[1] "DR"
[1] -0.1214369
[1] 0.07644504
[1] 0.9098361

  0   1 
 22 222 
[1] 245
[1] -0.199994
[1] -0.1688187
[1] "AdaLSE"
[1] 0
[1] 0
[1] 0.3918367

  0   1 
149  96 
[1] "Fitting mean A"
[1] "Fitting variance A"
[1] "DR"
[1] -0.1037828
[1] 0.07665791
[1] 0.9102041

  0   1 
 22 223 
[1] 246
[1] -0.199994
[1] -0.1688187
[1] "AdaLSE"
[1] -0.2027958
[1] 0.05948809
[1] 0.3943089

  0   1 
149  97 
[1] "Fitting mean A"
[1] "Fitting variance A"
[1] "DR"
[1] -0.2068353
[1] 0.07630488
[1] 0.9105691

  0   1 
 22 224 
[1] 247
[1] -0.199994
[1] -0.1688187
[1] "AdaLSE"
[1] 0
[1] 0
[1] 0.3927126

  0   1 
150  97 
[1] "Fitting mean A"
[1] "Fitting variance A"
[1] "DR"
[1] -0.1045342
[1] 0.07891042
[1] 0.9109312

  0   1 
 22 225 
[1] 248
[1] -0.199994
[1] -0.1688187
[1] "AdaLSE"
[1] -0.3185584
[1] 0.06676722
[1] 0.391129

  0   1 
151  97 
[1] "Fitting mean A"
[1] "Fitting variance A"
[1] "DR"
[1] -0.2910866
[1] 0.07774653
[1] 0.9112903

  0   1 
 22 226 
[1] 249
[1] -0.199994
[1] -0.1688187
[1] "AdaLSE"
[1] -0.1540468
[1] 0.05787162
[1] 0.3935743

  0   1 
151  98 
[1] "Fitting mean A"
[1] "Fitting variance A"
[1] "DR"
[1] -0.14249
[1] 0.06438732
[1] 0.9116466

  0   1 
 22 227 
[1] 250
[1] -0.199994
[1] -0.1688187
[1] "AdaLSE"
[1] 0
[1] 0
[1] 0.392

  0   1 
152  98 
[1] "Fitting mean A"
[1] "Fitting variance A"
[1] "DR"
[1] -0.1371718
[1] 0.07697615
[1] 0.912

  0   1 
 22 228 
[1] 251
[1] -0.199994
[1] -0.1688187
[1] "AdaLSE"
[1] -0.2749937
[1] 0.06606238
[1] 0.3944223

  0   1 
152  99 
[1] "Fitting mean A"
[1] "Fitting variance A"
[1] "DR"
[1] -0.2572085
[1] 0.06735097
[1] 0.9123506

  0   1 
 22 229 
[1] 252
[1] -0.199994
[1] -0.1688187
[1] "AdaLSE"
[1] 0
[1] 0
[1] 0.3928571

  0   1 
153  99 
[1] "Fitting mean A"
[1] "Fitting variance A"
[1] "DR"
[1] -0.0913356
[1] 0.07359536
[1] 0.9126984

  0   1 
 22 230 
[1] 253
[1] -0.199994
[1] -0.1688187
[1] "AdaLSE"
[1] -0.2435627
[1] 0.0634044
[1] 0.3952569

  0   1 
153 100 
[1] "Fitting mean A"
[1] "Fitting variance A"
[1] "DR"
[1] -0.2602618
[1] 0.07766408
[1] 0.9130435

  0   1 
 22 231 
[1] 254
[1] -0.199994
[1] -0.1688187
[1] "AdaLSE"
[1] 0
[1] 0
[1] 0.3937008

  0   1 
154 100 
[1] "Fitting mean A"
[1] "Fitting variance A"
[1] "DR"
[1] -0.1770983
[1] 0.07480756
[1] 0.9133858

  0   1 
 22 232 
[1] 255
[1] -0.199994
[1] -0.1688187
[1] "AdaLSE"
[1] 0
[1] 0
[1] 0.3921569

  0   1 
155 100 
[1] "Fitting mean A"
[1] "Fitting variance A"
[1] "DR"
[1] -0.2109653
[1] 0.07584233
[1] 0.9137255

  0   1 
 22 233 
[1] 256
[1] -0.199994
[1] -0.1688187
[1] "AdaLSE"
[1] -0.127743
[1] 0.06437776
[1] 0.3945312

  0   1 
155 101 
[1] "Fitting mean A"
[1] "Fitting variance A"
[1] "DR"
[1] -0.08572835
[1] 0.07579713
[1] 0.9140625

  0   1 
 22 234 
[1] 257
[1] -0.199994
[1] -0.1688187
[1] "AdaLSE"
[1] -0.3088696
[1] 0.07159608
[1] 0.3968872

  0   1 
155 102 
[1] "Fitting mean A"
[1] "Fitting variance A"
[1] "DR"
[1] -0.3107919
[1] 0.07546535
[1] 0.9143969

  0   1 
 22 235 
[1] 258
[1] -0.199994
[1] -0.1688187
[1] "AdaLSE"
[1] 0
[1] 0
[1] 0.3953488

  0   1 
156 102 
[1] "Fitting mean A"
[1] "Fitting variance A"
[1] "DR"
[1] -0.1739939
[1] 0.07458584
[1] 0.9147287

  0   1 
 22 236 
[1] 259
[1] -0.199994
[1] -0.1688187
[1] "AdaLSE"
[1] 0
[1] 0
[1] 0.3938224

  0   1 
157 102 
[1] "Fitting mean A"
[1] "Fitting variance A"
[1] "DR"
[1] -0.126766
[1] 0.06451951
[1] 0.9150579

  0   1 
 22 237 
[1] 260
[1] -0.199994
[1] -0.1688187
[1] "AdaLSE"
[1] 0
[1] 0
[1] 0.3923077

  0   1 
158 102 
[1] "Fitting mean A"
[1] "Fitting variance A"
[1] "DR"
[1] -0.1489199
[1] 0.07621458
[1] 0.9153846

  0   1 
 22 238 
[1] 261
[1] -0.199994
[1] -0.1688187
[1] "AdaLSE"
[1] -0.09054249
[1] 0.06692773
[1] 0.394636

  0   1 
158 103 
[1] "Fitting mean A"
[1] "Fitting variance A"
[1] "DR"
[1] -0.1190059
[1] 0.07307042
[1] 0.9157088

  0   1 
 22 239 
[1] 262
[1] -0.199994
[1] -0.1688187
[1] "AdaLSE"
[1] 0
[1] 0
[1] 0.3931298

  0   1 
159 103 
[1] "Fitting mean A"
[1] "Fitting variance A"
[1] "DR"
[1] -0.06224452
[1] 0.07698016
[1] 0.9160305

  0   1 
 22 240 
[1] 263
[1] -0.199994
[1] -0.1688187
[1] "AdaLSE"
[1] -0.2096038
[1] 0.06205112
[1] 0.3954373

  0   1 
159 104 
[1] "Fitting mean A"
[1] "Fitting variance A"
[1] "DR"
[1] -0.1678228
[1] 0.07699246
[1] 0.9163498

  0   1 
 22 241 
[1] 264
[1] -0.199994
[1] -0.1688187
[1] "AdaLSE"
[1] 0
[1] 0
[1] 0.3939394

  0   1 
160 104 
[1] "Fitting mean A"
[1] "Fitting variance A"
[1] "DR"
[1] -0.16604
[1] 0.07720561
[1] 0.9166667

  0   1 
 22 242 
[1] 265
[1] -0.199994
[1] -0.1688187
[1] "AdaLSE"
[1] -0.3095959
[1] 0.06810504
[1] 0.3924528

  0   1 
161 104 
[1] "Fitting mean A"
[1] "Fitting variance A"
[1] "DR"
[1] -0.2889687
[1] 0.0723486
[1] 0.9169811

  0   1 
 22 243 
[1] 266
[1] -0.199994
[1] -0.1688187
[1] "AdaLSE"
[1] 0
[1] 0
[1] 0.3909774

  0   1 
162 104 
[1] "Fitting mean A"
[1] "Fitting variance A"
[1] "DR"
[1] -0.05496183
[1] 0.07059571
[1] 0.9172932

  0   1 
 22 244 
[1] 267
[1] -0.199994
[1] -0.1688187
[1] "AdaLSE"
[1] -0.03574573
[1] 0.06185647
[1] 0.3895131

  0   1 
163 104 
[1] "Fitting mean A"
[1] "Fitting variance A"
[1] "DR"
[1] -0.06081406
[1] 0.0717928
[1] 0.917603

  0   1 
 22 245 
[1] 268
[1] -0.199994
[1] -0.1688187
[1] "AdaLSE"
[1] 0
[1] 0
[1] 0.3880597

  0   1 
164 104 
[1] "Fitting mean A"
[1] "Fitting variance A"
[1] "DR"
[1] -0.1034269
[1] 0.07696419
[1] 0.9179104

  0   1 
 22 246 
[1] 269
[1] -0.199994
[1] -0.1688187
[1] "AdaLSE"
[1] 0
[1] 0
[1] 0.3866171

  0   1 
165 104 
[1] "Fitting mean A"
[1] "Fitting variance A"
[1] "DR"
[1] -0.231704
[1] 0.07440332
[1] 0.9182156

  0   1 
 22 247 
[1] 270
[1] -0.199994
[1] -0.1688187
[1] "AdaLSE"
[1] 0.02252696
[1] 0.06972461
[1] 0.3851852

  0   1 
166 104 
[1] "Fitting mean A"
[1] "Fitting variance A"
[1] "DR"
[1] -0.0004082484
[1] 0.07888375
[1] 0.9148148

  0   1 
 23 247 
[1] 271
[1] -0.199994
[1] -0.1688187
[1] "AdaLSE"
[1] -0.07531712
[1] 0.06844794
[1] 0.3874539

  0   1 
166 105 
[1] "Fitting mean A"
[1] "Fitting variance A"
[1] "DR"
[1] -0.06973271
[1] 0.06986381
[1] 0.9151292

  0   1 
 23 248 
[1] 272
[1] -0.199994
[1] -0.1688187
[1] "AdaLSE"
[1] 0
[1] 0
[1] 0.3860294

  0   1 
167 105 
[1] "Fitting mean A"
[1] "Fitting variance A"
[1] "DR"
[1] -0.06085118
[1] 0.07154362
[1] 0.9154412

  0   1 
 23 249 
[1] 273
[1] -0.199994
[1] -0.1688187
[1] "AdaLSE"
[1] -0.1838253
[1] 0.06136746
[1] 0.3882784

  0   1 
167 106 
[1] "Fitting mean A"
[1] "Fitting variance A"
[1] "DR"
[1] -0.2248056
[1] 0.07406798
[1] 0.9157509

  0   1 
 23 250 
[1] 274
[1] -0.199994
[1] -0.1688187
[1] "AdaLSE"
[1] -0.2215425
[1] 0.06136322
[1] 0.3905109

  0   1 
167 107 
[1] "Fitting mean A"
[1] "Fitting variance A"
[1] "DR"
[1] -0.204325
[1] 0.06891433
[1] 0.9160584

  0   1 
 23 251 
[1] 275
[1] -0.199994
[1] -0.1688187
[1] "AdaLSE"
[1] 0
[1] 0
[1] 0.3890909

  0   1 
168 107 
[1] "Fitting mean A"
[1] "Fitting variance A"
[1] "DR"
[1] -0.1069632
[1] 0.07462547
[1] 0.9163636

  0   1 
 23 252 
[1] 276
[1] -0.199994
[1] -0.1688187
[1] "AdaLSE"
[1] -0.168012
[1] 0.05071654
[1] 0.3913043

  0   1 
168 108 
[1] "Fitting mean A"
[1] "Fitting variance A"
[1] "DR"
[1] -0.2287626
[1] 0.07265141
[1] 0.9166667

  0   1 
 23 253 
[1] 277
[1] -0.199994
[1] -0.1688187
[1] "AdaLSE"
[1] -0.09886662
[1] 0.07886566
[1] 0.3935018

  0   1 
168 109 
[1] "Fitting mean A"
[1] "Fitting variance A"
[1] "DR"
[1] -0.09040722
[1] 0.07423427
[1] 0.9169675

  0   1 
 23 254 
[1] 278
[1] -0.199994
[1] -0.1688187
[1] "AdaLSE"
[1] -0.1555414
[1] 0.06168714
[1] 0.3956835

  0   1 
168 110 
[1] "Fitting mean A"
[1] "Fitting variance A"
[1] "DR"
[1] -0.2082249
[1] 0.07962822
[1] 0.9172662

  0   1 
 23 255 
[1] 279
[1] -0.199994
[1] -0.1688187
[1] "AdaLSE"
[1] 0
[1] 0
[1] 0.3942652

  0   1 
169 110 
[1] "Fitting mean A"
[1] "Fitting variance A"
[1] "DR"
[1] -0.1673196
[1] 0.07415115
[1] 0.9175627

  0   1 
 23 256 
[1] 280
[1] -0.199994
[1] -0.1688187
[1] "AdaLSE"
[1] 0
[1] 0
[1] 0.3928571

  0   1 
170 110 
[1] "Fitting mean A"
[1] "Fitting variance A"
[1] "DR"
[1] -0.04273361
[1] 0.07196663
[1] 0.9178571

  0   1 
 23 257 
[1] 281
[1] -0.199994
[1] -0.1688187
[1] "AdaLSE"
[1] -0.1635467
[1] 0.05720765
[1] 0.3950178

  0   1 
170 111 
[1] "Fitting mean A"
[1] "Fitting variance A"
[1] "DR"
[1] -0.2538174
[1] 0.07162465
[1] 0.9181495

  0   1 
 23 258 
[1] 282
[1] -0.199994
[1] -0.1688187
[1] "AdaLSE"
[1] -0.2129068
[1] 0.07496369
[1] 0.3971631

  0   1 
170 112 
[1] "Fitting mean A"
[1] "Fitting variance A"
[1] "DR"
[1] -0.2012715
[1] 0.07282053
[1] 0.9184397

  0   1 
 23 259 
[1] 283
[1] -0.199994
[1] -0.1688187
[1] "AdaLSE"
[1] -0.04378441
[1] 0.06549655
[1] 0.3992933

  0   1 
170 113 
[1] "Fitting mean A"
[1] "Fitting variance A"
[1] "DR"
[1] -0.03758733
[1] 0.07407496
[1] 0.9187279

  0   1 
 23 260 
[1] 284
[1] -0.199994
[1] -0.1688187
[1] "AdaLSE"
[1] -0.2520755
[1] 0.06161708
[1] 0.4014085

  0   1 
170 114 
[1] "Fitting mean A"
[1] "Fitting variance A"
[1] "DR"
[1] -0.2379842
[1] 0.07283508
[1] 0.9190141

  0   1 
 23 261 
[1] 285
[1] -0.199994
[1] -0.1688187
[1] "AdaLSE"
[1] -0.2533524
[1] 0.06232553
[1] 0.4035088

  0   1 
170 115 
[1] "Fitting mean A"
[1] "Fitting variance A"
[1] "DR"
[1] -0.1747606
[1] 0.07761903
[1] 0.9192982

  0   1 
 23 262 
[1] 286
[1] -0.199994
[1] -0.1688187
[1] "AdaLSE"
[1] 0
[1] 0
[1] 0.4020979

  0   1 
171 115 
[1] "Fitting mean A"
[1] "Fitting variance A"
[1] "DR"
[1] -0.09761014
[1] 0.07656039
[1] 0.9195804

  0   1 
 23 263 
[1] 287
[1] -0.199994
[1] -0.1688187
[1] "AdaLSE"
[1] 0
[1] 0
[1] 0.4006969

  0   1 
172 115 
[1] "Fitting mean A"
[1] "Fitting variance A"
[1] "DR"
[1] -0.13788
[1] 0.07396743
[1] 0.9198606

  0   1 
 23 264 
[1] 288
[1] -0.199994
[1] -0.1688187
[1] "AdaLSE"
[1] 0
[1] 0
[1] 0.3993056

  0   1 
173 115 
[1] "Fitting mean A"
[1] "Fitting variance A"
[1] "DR"
[1] -0.04848787
[1] 0.07062885
[1] 0.9201389

  0   1 
 23 265 
[1] 289
[1] -0.199994
[1] -0.1688187
[1] "AdaLSE"
[1] 0
[1] 0
[1] 0.3979239

  0   1 
174 115 
[1] "Fitting mean A"
[1] "Fitting variance A"
[1] "DR"
[1] -0.06585838
[1] 0.07142023
[1] 0.9204152

  0   1 
 23 266 
[1] 290
[1] -0.199994
[1] -0.1688187
[1] "AdaLSE"
[1] 0
[1] 0
[1] 0.3965517

  0   1 
175 115 
[1] "Fitting mean A"
[1] "Fitting variance A"
[1] "DR"
[1] -0.08698229
[1] 0.07992621
[1] 0.9206897

  0   1 
 23 267 
[1] 291
[1] -0.199994
[1] -0.1688187
[1] "AdaLSE"
[1] -0.279604
[1] 0.07019613
[1] 0.3986254

  0   1 
175 116 
[1] "Fitting mean A"
[1] "Fitting variance A"
[1] "DR"
[1] -0.2720539
[1] 0.06430191
[1] 0.9209622

  0   1 
 23 268 
[1] 292
[1] -0.199994
[1] -0.1688187
[1] "AdaLSE"
[1] -0.1803403
[1] 0.05996663
[1] 0.4006849

  0   1 
175 117 
[1] "Fitting mean A"
[1] "Fitting variance A"
[1] "DR"
[1] -0.1473315
[1] 0.0728629
[1] 0.9212329

  0   1 
 23 269 
[1] 293
[1] -0.199994
[1] -0.1688187
[1] "AdaLSE"
[1] 0
[1] 0
[1] 0.3993174

  0   1 
176 117 
[1] "Fitting mean A"
[1] "Fitting variance A"
[1] "DR"
[1] -0.145116
[1] 0.07231353
[1] 0.9215017

  0   1 
 23 270 
[1] 294
[1] -0.199994
[1] -0.1688187
[1] "AdaLSE"
[1] -0.1618573
[1] 0.06605268
[1] 0.4013605

  0   1 
176 118 
[1] "Fitting mean A"
[1] "Fitting variance A"
[1] "DR"
[1] -0.1400519
[1] 0.07010685
[1] 0.9217687

  0   1 
 23 271 
[1] 295
[1] -0.199994
[1] -0.1688187
[1] "AdaLSE"
[1] 0
[1] 0
[1] 0.4

  0   1 
177 118 
[1] "Fitting mean A"
[1] "Fitting variance A"
[1] "DR"
[1] -0.09569247
[1] 0.07525646
[1] 0.9220339

  0   1 
 23 272 
[1] 296
[1] -0.199994
[1] -0.1688187
[1] "AdaLSE"
[1] -0.2548564
[1] 0.0777719
[1] 0.402027

  0   1 
177 119 
[1] "Fitting mean A"
[1] "Fitting variance A"
[1] "DR"
[1] -0.2403079
[1] 0.07648099
[1] 0.9222973

  0   1 
 23 273 
[1] 297
[1] -0.199994
[1] -0.1688187
[1] "AdaLSE"
[1] -0.02823112
[1] 0.06484561
[1] 0.4006734

  0   1 
178 119 
[1] "Fitting mean A"
[1] "Fitting variance A"
[1] "DR"
[1] -0.03727808
[1] 0.0747767
[1] 0.9225589

  0   1 
 23 274 
[1] 298
[1] -0.199994
[1] -0.1688187
[1] "AdaLSE"
[1] 0
[1] 0
[1] 0.3993289

  0   1 
179 119 
[1] "Fitting mean A"
[1] "Fitting variance A"
[1] "DR"
[1] -0.1073518
[1] 0.07840631
[1] 0.9228188

  0   1 
 23 275 
[1] 299
[1] -0.199994
[1] -0.1688187
[1] "AdaLSE"
[1] -0.2474238
[1] 0.06039137
[1] 0.4013378

  0   1 
179 120 
[1] "Fitting mean A"
[1] "Fitting variance A"
[1] "DR"
[1] -0.2705453
[1] 0.06808593
[1] 0.9230769

  0   1 
 23 276 
[1] 300
[1] -0.199994
[1] -0.1688187
[1] "AdaLSE"
[1] -0.3057383
[1] 0.06008362
[1] 0.4

  0   1 
180 120 
[1] "Fitting mean A"
[1] "Fitting variance A"
[1] "DR"
[1] -0.2935406
[1] 0.07026785
[1] 0.9233333

  0   1 
 23 277 
[1] 301
[1] -0.199994
[1] -0.1688187
[1] "AdaLSE"
[1] -0.2059202
[1] 0.06174754
[1] 0.4019934

  0   1 
180 121 
[1] "Fitting mean A"
[1] "Fitting variance A"
[1] "DR"
[1] -0.1841627
[1] 0.07489127
[1] 0.923588

  0   1 
 23 278 
[1] 302
[1] -0.199994
[1] -0.1688187
[1] "AdaLSE"
[1] -0.2436299
[1] 0.06314147
[1] 0.4039735

  0   1 
180 122 
[1] "Fitting mean A"
[1] "Fitting variance A"
[1] "DR"
[1] -0.2532178
[1] 0.0727333
[1] 0.9238411

  0   1 
 23 279 
[1] 303
[1] -0.199994
[1] -0.1688187
[1] "AdaLSE"
[1] 0
[1] 0
[1] 0.4026403

  0   1 
181 122 
[1] "Fitting mean A"
[1] "Fitting variance A"
[1] "DR"
[1] -0.06497869
[1] 0.07717614
[1] 0.9240924

  0   1 
 23 280 
[1] 304
[1] -0.199994
[1] -0.1688187
[1] "AdaLSE"
[1] -0.03562057
[1] 0.06011197
[1] 0.4013158

  0   1 
182 122 
[1] "Fitting mean A"
[1] "Fitting variance A"
[1] "DR"
[1] -0.0031578
[1] 0.07265219
[1] 0.9210526

  0   1 
 24 280 
[1] 305
[1] -0.199994
[1] -0.1688187
[1] "AdaLSE"
[1] -0.2623372
[1] 0.06473301
[1] 0.4032787

  0   1 
182 123 
[1] "Fitting mean A"
[1] "Fitting variance A"
[1] "DR"
[1] -0.2509526
[1] 0.07055399
[1] 0.9213115

  0   1 
 24 281 
[1] 306
[1] -0.199994
[1] -0.1688187
[1] "AdaLSE"
[1] -0.2718295
[1] 0.06093127
[1] 0.4052288

  0   1 
182 124 
[1] "Fitting mean A"
[1] "Fitting variance A"
[1] "DR"
[1] -0.2164057
[1] 0.07636074
[1] 0.9215686

  0   1 
 24 282 
[1] 307
[1] -0.199994
[1] -0.1688187
[1] "AdaLSE"
[1] -0.1454098
[1] 0.05839572
[1] 0.4071661

  0   1 
182 125 
[1] "Fitting mean A"
[1] "Fitting variance A"
[1] "DR"
[1] -0.1675782
[1] 0.07502661
[1] 0.9218241

  0   1 
 24 283 
[1] 308
[1] -0.199994
[1] -0.1688187
[1] "AdaLSE"
[1] -0.1641203
[1] 0.05632894
[1] 0.4090909

  0   1 
182 126 
[1] "Fitting mean A"
[1] "Fitting variance A"
[1] "DR"
[1] -0.1614046
[1] 0.07189966
[1] 0.9220779

  0   1 
 24 284 
[1] 309
[1] -0.199994
[1] -0.1688187
[1] "AdaLSE"
[1] -0.3526792
[1] 0.06269482
[1] 0.407767

  0   1 
183 126 
[1] "Fitting mean A"
[1] "Fitting variance A"
[1] "DR"
[1] -0.3540283
[1] 0.0720845
[1] 0.9190939

  0   1 
 25 284 
[1] 310
[1] -0.199994
[1] -0.1688187
[1] "AdaLSE"
[1] -0.251667
[1] 0.06783606
[1] 0.4096774

  0   1 
183 127 
[1] "Fitting mean A"
[1] "Fitting variance A"
[1] "DR"
[1] -0.2401835
[1] 0.0681763
[1] 0.9193548

  0   1 
 25 285 
[1] 311
[1] -0.199994
[1] -0.1688187
[1] "AdaLSE"
[1] -0.1804741
[1] 0.06482521
[1] 0.4115756

  0   1 
183 128 
[1] "Fitting mean A"
[1] "Fitting variance A"
[1] "DR"
[1] -0.1613648
[1] 0.07577068
[1] 0.9196141

  0   1 
 25 286 
[1] 312
[1] -0.199994
[1] -0.1688187
[1] "AdaLSE"
[1] -0.2957106
[1] 0.06733027
[1] 0.4134615

  0   1 
183 129 
[1] "Fitting mean A"
[1] "Fitting variance A"
[1] "DR"
[1] -0.2554265
[1] 0.06817362
[1] 0.9198718

  0   1 
 25 287 
[1] 313
[1] -0.199994
[1] -0.1688187
[1] "AdaLSE"
[1] -0.2098075
[1] 0.06448415
[1] 0.4153355

  0   1 
183 130 
[1] "Fitting mean A"
[1] "Fitting variance A"
[1] "DR"
[1] -0.2286461
[1] 0.07298567
[1] 0.9201278

  0   1 
 25 288 
[1] 314
[1] -0.199994
[1] -0.1688187
[1] "AdaLSE"
[1] -0.1712179
[1] 0.0650612
[1] 0.4171975

  0   1 
183 131 
[1] "Fitting mean A"
[1] "Fitting variance A"
[1] "DR"
[1] -0.2045073
[1] 0.07104016
[1] 0.9203822

  0   1 
 25 289 
[1] 315
[1] -0.199994
[1] -0.1688187
[1] "AdaLSE"
[1] 0
[1] 0
[1] 0.415873

  0   1 
184 131 
[1] "Fitting mean A"
[1] "Fitting variance A"
[1] "DR"
[1] -0.1601827
[1] 0.07703743
[1] 0.9206349

  0   1 
 25 290 
[1] 316
[1] -0.199994
[1] -0.1688187
[1] "AdaLSE"
[1] 0
[1] 0
[1] 0.414557

  0   1 
185 131 
[1] "Fitting mean A"
[1] "Fitting variance A"
[1] "DR"
[1] -0.05469609
[1] 0.08081406
[1] 0.9208861

  0   1 
 25 291 
[1] 317
[1] -0.199994
[1] -0.1688187
[1] "AdaLSE"
[1] 0.01946837
[1] 0.06802171
[1] 0.4132492

  0   1 
186 131 
[1] "Fitting mean A"
[1] "Fitting variance A"
[1] "DR"
[1] 0.03065858
[1] 0.06262384
[1] 0.9179811

  0   1 
 26 291 
[1] 318
[1] -0.199994
[1] -0.1688187
[1] "AdaLSE"
[1] -0.1782284
[1] 0.06511803
[1] 0.4150943

  0   1 
186 132 
[1] "Fitting mean A"
[1] "Fitting variance A"
[1] "DR"
[1] -0.1324289
[1] 0.0707209
[1] 0.918239

  0   1 
 26 292 
[1] 319
[1] -0.199994
[1] -0.1688187
[1] "AdaLSE"
[1] -0.1467464
[1] 0.06878763
[1] 0.4169279

  0   1 
186 133 
[1] "Fitting mean A"
[1] "Fitting variance A"
[1] "DR"
[1] -0.1315671
[1] 0.07045897
[1] 0.9184953

  0   1 
 26 293 
[1] 320
[1] -0.199994
[1] -0.1688187
[1] "AdaLSE"
[1] -0.03416225
[1] 0.06265532
[1] 0.415625

  0   1 
187 133 
[1] "Fitting mean A"
[1] "Fitting variance A"
[1] "DR"
[1] -0.04083189
[1] 0.07197511
[1] 0.91875

  0   1 
 26 294 
[1] 321
[1] -0.199994
[1] -0.1688187
[1] "AdaLSE"
[1] -0.2316253
[1] 0.06734626
[1] 0.4174455

  0   1 
187 134 
[1] "Fitting mean A"
[1] "Fitting variance A"
[1] "DR"
[1] -0.2643504
[1] 0.07352287
[1] 0.9190031

  0   1 
 26 295 
[1] 322
[1] -0.199994
[1] -0.1688187
[1] "AdaLSE"
[1] 0
[1] 0
[1] 0.4161491

  0   1 
188 134 
[1] "Fitting mean A"
[1] "Fitting variance A"
[1] "DR"
[1] -0.05191822
[1] 0.07168115
[1] 0.9192547

  0   1 
 26 296 
[1] 323
[1] -0.199994
[1] -0.1688187
[1] "AdaLSE"
[1] -0.1347798
[1] 0.05353102
[1] 0.4179567

  0   1 
188 135 
[1] "Fitting mean A"
[1] "Fitting variance A"
[1] "DR"
[1] -0.219221
[1] 0.07170885
[1] 0.9195046

  0   1 
 26 297 
[1] 324
[1] -0.199994
[1] -0.1688187
[1] "AdaLSE"
[1] -0.01039718
[1] 0.06474902
[1] 0.4166667

  0   1 
189 135 
[1] "Fitting mean A"
[1] "Fitting variance A"
[1] "DR"
[1] 0.0238158
[1] 0.07487402
[1] 0.9166667

  0   1 
 27 297 
[1] 325
[1] -0.199994
[1] -0.1688187
[1] "AdaLSE"
[1] 0
[1] 0
[1] 0.4153846

  0   1 
190 135 
[1] "Fitting mean A"
[1] "Fitting variance A"
[1] "DR"
[1] -0.136723
[1] 0.07529248
[1] 0.9169231

  0   1 
 27 298 
[1] 326
[1] -0.199994
[1] -0.1688187
[1] "AdaLSE"
[1] -0.08565303
[1] 0.06004244
[1] 0.4171779

  0   1 
190 136 
[1] "Fitting mean A"
[1] "Fitting variance A"
[1] "DR"
[1] -0.1307669
[1] 0.07059976
[1] 0.9171779

  0   1 
 27 299 
[1] 327
[1] -0.199994
[1] -0.1688187
[1] "AdaLSE"
[1] 0
[1] 0
[1] 0.4159021

  0   1 
191 136 
[1] "Fitting mean A"
[1] "Fitting variance A"
[1] "DR"
[1] -0.1413675
[1] 0.07478073
[1] 0.9174312

  0   1 
 27 300 
[1] 328
[1] -0.199994
[1] -0.1688187
[1] "AdaLSE"
[1] 0
[1] 0
[1] 0.4146341

  0   1 
192 136 
[1] "Fitting mean A"
[1] "Fitting variance A"
[1] "DR"
[1] -0.1106721
[1] 0.07665977
[1] 0.9176829

  0   1 
 27 301 
[1] 329
[1] -0.199994
[1] -0.1688187
[1] "AdaLSE"
[1] 0
[1] 0
[1] 0.4133739

  0   1 
193 136 
[1] "Fitting mean A"
[1] "Fitting variance A"
[1] "DR"
[1] -0.07018396
[1] 0.07653709
[1] 0.9179331

  0   1 
 27 302 
[1] 330
[1] -0.199994
[1] -0.1688187
[1] "AdaLSE"
[1] 0
[1] 0
[1] 0.4121212

  0   1 
194 136 
[1] "Fitting mean A"
[1] "Fitting variance A"
[1] "DR"
[1] -0.06581064
[1] 0.06711213
[1] 0.9181818

  0   1 
 27 303 
[1] 331
[1] -0.199994
[1] -0.1688187
[1] "AdaLSE"
[1] 0
[1] 0
[1] 0.4108761

  0   1 
195 136 
[1] "Fitting mean A"
[1] "Fitting variance A"
[1] "DR"
[1] -0.1613692
[1] 0.07696401
[1] 0.918429

  0   1 
 27 304 
[1] 332
[1] -0.199994
[1] -0.1688187
[1] "AdaLSE"
[1] -0.158569
[1] 0.06142633
[1] 0.4126506

  0   1 
195 137 
[1] "Fitting mean A"
[1] "Fitting variance A"
[1] "DR"
[1] -0.129435
[1] 0.07274997
[1] 0.9186747

  0   1 
 27 305 
[1] 333
[1] -0.199994
[1] -0.1688187
[1] "AdaLSE"
[1] 0
[1] 0
[1] 0.4114114

  0   1 
196 137 
[1] "Fitting mean A"
[1] "Fitting variance A"
[1] "DR"
[1] -0.1616449
[1] 0.07521898
[1] 0.9189189

  0   1 
 27 306 
[1] 334
[1] -0.199994
[1] -0.1688187
[1] "AdaLSE"
[1] 0
[1] 0
[1] 0.4101796

  0   1 
197 137 
[1] "Fitting mean A"
[1] "Fitting variance A"
[1] "DR"
[1] -0.1950947
[1] 0.0794612
[1] 0.9191617

  0   1 
 27 307 
[1] 335
[1] -0.199994
[1] -0.1688187
[1] "AdaLSE"
[1] -0.2744462
[1] 0.06775982
[1] 0.4119403

  0   1 
197 138 
[1] "Fitting mean A"
[1] "Fitting variance A"
[1] "DR"
[1] -0.251723
[1] 0.07174519
[1] 0.919403

  0   1 
 27 308 
[1] 336
[1] -0.199994
[1] -0.1688187
[1] "AdaLSE"
[1] -0.1260054
[1] 0.05601555
[1] 0.4136905

  0   1 
197 139 
[1] "Fitting mean A"
[1] "Fitting variance A"
[1] "DR"
[1] -0.1530877
[1] 0.0641342
[1] 0.9196429

  0   1 
 27 309 
[1] 337
[1] -0.199994
[1] -0.1688187
[1] "AdaLSE"
[1] 0
[1] 0
[1] 0.4124629

  0   1 
198 139 
[1] "Fitting mean A"
[1] "Fitting variance A"
[1] "DR"
[1] -0.08127513
[1] 0.07611634
[1] 0.9198813

  0   1 
 27 310 
[1] 338
[1] -0.02772634  5.26295059
[1] -0.199994
[1] -0.1688187
[1] "AdaLSE"
[1] -0.2017931
[1] 0.06573744
[1] 0.4142012

  0   1 
198 140 
[1] "Fitting mean A"
[1] "Fitting variance A"
[1] "DR"
[1] -0.1413417
[1] 0.06677053
[1] 0.9201183

  0   1 
 27 311 
[1] 339
[1] -0.199994
[1] -0.1688187
[1] "AdaLSE"
[1] -0.2208277
[1] 0.06246809
[1] 0.4159292

  0   1 
198 141 
[1] "Fitting mean A"
[1] "Fitting variance A"
[1] "DR"
[1] -0.1742754
[1] 0.07657059
[1] 0.920354

  0   1 
 27 312 
[1] 340
[1] -0.199994
[1] -0.1688187
[1] "AdaLSE"
[1] -0.3329662
[1] 0.07056805
[1] 0.4147059

  0   1 
199 141 
[1] "Fitting mean A"
[1] "Fitting variance A"
[1] "DR"
[1] -0.3139825
[1] 0.07384263
[1] 0.9176471

  0   1 
 28 312 
[1] 341
[1] -0.199994
[1] -0.1688187
[1] "AdaLSE"
[1] 0
[1] 0
[1] 0.4134897

  0   1 
200 141 
[1] "Fitting mean A"
[1] "Fitting variance A"
[1] "DR"
[1] -0.1267136
[1] 0.07405112
[1] 0.9178886

  0   1 
 28 313 
[1] 342
[1] -0.199994
[1] -0.1688187
[1] "AdaLSE"
[1] 0
[1] 0
[1] 0.4122807

  0   1 
201 141 
[1] "Fitting mean A"
[1] "Fitting variance A"
[1] "DR"
[1] -0.1335562
[1] 0.07492883
[1] 0.9181287

  0   1 
 28 314 
[1] 343
[1] -0.199994
[1] -0.1688187
[1] "AdaLSE"
[1] 0
[1] 0
[1] 0.4110787

  0   1 
202 141 
[1] "Fitting mean A"
[1] "Fitting variance A"
[1] "DR"
[1] -0.1468408
[1] 0.07317771
[1] 0.9183673

  0   1 
 28 315 
[1] 344
[1] -0.199994
[1] -0.1688187
[1] "AdaLSE"
[1] 0
[1] 0
[1] 0.4098837

  0   1 
203 141 
[1] "Fitting mean A"
[1] "Fitting variance A"
[1] "DR"
[1] -0.1502001
[1] 0.07677362
[1] 0.9186047

  0   1 
 28 316 
[1] 345
[1] -0.199994
[1] -0.1688187
[1] "AdaLSE"
[1] 0
[1] 0
[1] 0.4086957

  0   1 
204 141 
[1] "Fitting mean A"
[1] "Fitting variance A"
[1] "DR"
[1] -0.1668642
[1] 0.07744438
[1] 0.9188406

  0   1 
 28 317 
[1] 346
[1] -0.199994
[1] -0.1688187
[1] "AdaLSE"
[1] -0.1575459
[1] 0.0735866
[1] 0.4104046

  0   1 
204 142 
[1] "Fitting mean A"
[1] "Fitting variance A"
[1] "DR"
[1] -0.1449424
[1] 0.07161019
[1] 0.9190751

  0   1 
 28 318 
[1] 347
[1] -0.199994
[1] -0.1688187
[1] "AdaLSE"
[1] 0
[1] 0
[1] 0.4092219

  0   1 
205 142 
[1] "Fitting mean A"
[1] "Fitting variance A"
[1] "DR"
[1] -0.1620729
[1] 0.07502469
[1] 0.9193084

  0   1 
 28 319 
[1] 348
[1] -0.199994
[1] -0.1688187
[1] "AdaLSE"
[1] -0.2187269
[1] 0.07145856
[1] 0.4109195

  0   1 
205 143 
[1] "Fitting mean A"
[1] "Fitting variance A"
[1] "DR"
[1] -0.2137333
[1] 0.06628604
[1] 0.9195402

  0   1 
 28 320 
[1] 349
[1] -0.199994
[1] -0.1688187
[1] "AdaLSE"
[1] 0.04027415
[1] 0.06204348
[1] 0.4097421

  0   1 
206 143 
[1] "Fitting mean A"
[1] "Fitting variance A"
[1] "DR"
[1] 0.04828684
[1] 0.07394365
[1] 0.9169054

  0   1 
 29 320 
[1] 350
[1] -0.199994
[1] -0.1688187
[1] "AdaLSE"
[1] 0
[1] 0
[1] 0.4085714

  0   1 
207 143 
[1] "Fitting mean A"
[1] "Fitting variance A"
[1] "DR"
[1] -0.136489
[1] 0.080478
[1] 0.9171429

  0   1 
 29 321 
[1] 351
[1] -0.199994
[1] -0.1688187
[1] "AdaLSE"
[1] -0.1623256
[1] 0.0653908
[1] 0.4102564

  0   1 
207 144 
[1] "Fitting mean A"
[1] "Fitting variance A"
[1] "DR"
[1] -0.1344814
[1] 0.07305446
[1] 0.9173789

  0   1 
 29 322 
[1] 352
[1] -0.199994
[1] -0.1688187
[1] "AdaLSE"
[1] -0.1123807
[1] 0.05413198
[1] 0.4119318

  0   1 
207 145 
[1] "Fitting mean A"
[1] "Fitting variance A"
[1] "DR"
[1] -0.2173452
[1] 0.06911574
[1] 0.9176136

  0   1 
 29 323 
[1] 353
[1] -0.199994
[1] -0.1688187
[1] "AdaLSE"
[1] -0.1797786
[1] 0.05883372
[1] 0.4135977

  0   1 
207 146 
[1] "Fitting mean A"
[1] "Fitting variance A"
[1] "DR"
[1] -0.193321
[1] 0.07173916
[1] 0.917847

  0   1 
 29 324 
[1] 354
[1] -0.199994
[1] -0.1688187
[1] "AdaLSE"
[1] 0.004402125
[1] 0.05933671
[1] 0.4124294

  0   1 
208 146 
[1] "Fitting mean A"
[1] "Fitting variance A"
[1] "DR"
[1] 0.03678092
[1] 0.07024543
[1] 0.9152542

  0   1 
 30 324 
[1] 355
[1] -0.199994
[1] -0.1688187
[1] "AdaLSE"
[1] 0
[1] 0
[1] 0.4112676

  0   1 
209 146 
[1] "Fitting mean A"
[1] "Fitting variance A"
[1] "DR"
[1] -0.1511498
[1] 0.07386738
[1] 0.915493

  0   1 
 30 325 
[1] 356
[1] -0.199994
[1] -0.1688187
[1] "AdaLSE"
[1] -0.01947691
[1] 0.06684929
[1] 0.4101124

  0   1 
210 146 
[1] "Fitting mean A"
[1] "Fitting variance A"
[1] "DR"
[1] -0.04821142
[1] 0.07817516
[1] 0.9157303

  0   1 
 30 326 
[1] 357
[1] -0.199994
[1] -0.1688187
[1] "AdaLSE"
[1] -0.04250586
[1] 0.06461066
[1] 0.4117647

  0   1 
210 147 
[1] "Fitting mean A"
[1] "Fitting variance A"
[1] "DR"
[1] -0.004599155
[1] 0.07285725
[1] 0.9131653

  0   1 
 31 326 
[1] 358
[1] -0.199994
[1] -0.1688187
[1] "AdaLSE"
[1] 0
[1] 0
[1] 0.4106145

  0   1 
211 147 
[1] "Fitting mean A"
[1] "Fitting variance A"
[1] "DR"
[1] -0.1557162
[1] 0.07827404
[1] 0.9134078

  0   1 
 31 327 
[1] 359
[1] -0.199994
[1] -0.1688187
[1] "AdaLSE"
[1] -0.2328044
[1] 0.06100312
[1] 0.4122563

  0   1 
211 148 
[1] "Fitting mean A"
[1] "Fitting variance A"
[1] "DR"
[1] -0.2141141
[1] 0.0642451
[1] 0.913649

  0   1 
 31 328 
[1] 360
[1] -0.199994
[1] -0.1688187
[1] "AdaLSE"
[1] 0
[1] 0
[1] 0.4111111

  0   1 
212 148 
[1] "Fitting mean A"
[1] "Fitting variance A"
[1] "DR"
[1] -0.03567966
[1] 0.07971437
[1] 0.9138889

  0   1 
 31 329 
[1] 361
[1] -0.199994
[1] -0.1688187
[1] "AdaLSE"
[1] -0.1495913
[1] 0.06620236
[1] 0.4127424

  0   1 
212 149 
[1] "Fitting mean A"
[1] "Fitting variance A"
[1] "DR"
[1] -0.1611259
[1] 0.06994814
[1] 0.9141274

  0   1 
 31 330 
[1] 362
[1] -0.199994
[1] -0.1688187
[1] "AdaLSE"
[1] 0
[1] 0
[1] 0.4116022

  0   1 
213 149 
[1] "Fitting mean A"
[1] "Fitting variance A"
[1] "DR"
[1] -0.03297519
[1] 0.07462546
[1] 0.9143646

  0   1 
 31 331 
[1] 363
[1] -0.199994
[1] -0.1688187
[1] "AdaLSE"
[1] -0.2395652
[1] 0.05927223
[1] 0.4132231

  0   1 
213 150 
[1] "Fitting mean A"
[1] "Fitting variance A"
[1] "DR"
[1] -0.1815152
[1] 0.0735634
[1] 0.9146006

  0   1 
 31 332 
[1] 364
[1] -0.199994
[1] -0.1688187
[1] "AdaLSE"
[1] 0
[1] 0
[1] 0.4120879

  0   1 
214 150 
[1] "Fitting mean A"
[1] "Fitting variance A"
[1] "DR"
[1] -0.07202896
[1] 0.07428137
[1] 0.9148352

  0   1 
 31 333 
[1] 365
[1] -0.199994
[1] -0.1688187
[1] "AdaLSE"
[1] 0
[1] 0
[1] 0.4109589

  0   1 
215 150 
[1] "Fitting mean A"
[1] "Fitting variance A"
[1] "DR"
[1] -0.2769152
[1] 0.07549125
[1] 0.9150685

  0   1 
 31 334 
[1] 366
[1] -0.199994
[1] -0.1688187
[1] "AdaLSE"
[1] -0.07911268
[1] 0.06128605
[1] 0.4125683

  0   1 
215 151 
[1] "Fitting mean A"
[1] "Fitting variance A"
[1] "DR"
[1] -0.1503316
[1] 0.07477603
[1] 0.9153005

  0   1 
 31 335 
[1] 367
[1] -0.199994
[1] -0.1688187
[1] "AdaLSE"
[1] 0
[1] 0
[1] 0.4114441

  0   1 
216 151 
[1] "Fitting mean A"
[1] "Fitting variance A"
[1] "DR"
[1] -0.1421409
[1] 0.07864506
[1] 0.9155313

  0   1 
 31 336 
[1] 368
[1] -0.199994
[1] -0.1688187
[1] "AdaLSE"
[1] 0
[1] 0
[1] 0.4103261

  0   1 
217 151 
[1] "Fitting mean A"
[1] "Fitting variance A"
[1] "DR"
[1] -0.1919881
[1] 0.07867104
[1] 0.9157609

  0   1 
 31 337 
[1] 369
[1] -0.199994
[1] -0.1688187
[1] "AdaLSE"
[1] -0.255868
[1] 0.0676967
[1] 0.4119241

  0   1 
217 152 
[1] "Fitting mean A"
[1] "Fitting variance A"
[1] "DR"
[1] -0.2676888
[1] 0.07165213
[1] 0.9159892

  0   1 
 31 338 
[1] 370
[1] -0.199994
[1] -0.1688187
[1] "AdaLSE"
[1] -0.1806078
[1] 0.05960506
[1] 0.4135135

  0   1 
217 153 
[1] "Fitting mean A"
[1] "Fitting variance A"
[1] "DR"
[1] -0.1528701
[1] 0.07291518
[1] 0.9162162

  0   1 
 31 339 
[1] 371
[1] -0.199994
[1] -0.1688187
[1] "AdaLSE"
[1] -0.1249286
[1] 0.06382449
[1] 0.4150943

  0   1 
217 154 
[1] "Fitting mean A"
[1] "Fitting variance A"
[1] "DR"
[1] -0.112756
[1] 0.07326143
[1] 0.916442

  0   1 
 31 340 
[1] 372
[1] -0.199994
[1] -0.1688187
[1] "AdaLSE"
[1] 0
[1] 0
[1] 0.4139785

  0   1 
218 154 
[1] "Fitting mean A"
[1] "Fitting variance A"
[1] "DR"
[1] -0.0567529
[1] 0.0723387
[1] 0.9166667

  0   1 
 31 341 
[1] 373
[1] -0.199994
[1] -0.1688187
[1] "AdaLSE"
[1] 0
[1] 0
[1] 0.4128686

  0   1 
219 154 
[1] "Fitting mean A"
[1] "Fitting variance A"
[1] "DR"
[1] -0.0799707
[1] 0.07261153
[1] 0.9168901

  0   1 
 31 342 
[1] 374
[1] -0.199994
[1] -0.1688187
[1] "AdaLSE"
[1] 0
[1] 0
[1] 0.4117647

  0   1 
220 154 
[1] "Fitting mean A"
[1] "Fitting variance A"
[1] "DR"
[1] -0.07144564
[1] 0.07463206
[1] 0.9171123

  0   1 
 31 343 
[1] 375
[1] -0.199994
[1] -0.1688187
[1] "AdaLSE"
[1] -0.1504529
[1] 0.06006532
[1] 0.4133333

  0   1 
220 155 
[1] "Fitting mean A"
[1] "Fitting variance A"
[1] "DR"
[1] -0.1339143
[1] 0.06976528
[1] 0.9173333

  0   1 
 31 344 
[1] 376
[1] -0.199994
[1] -0.1688187
[1] "AdaLSE"
[1] 0
[1] 0
[1] 0.412234

  0   1 
221 155 
[1] "Fitting mean A"
[1] "Fitting variance A"
[1] "DR"
[1] -0.09865365
[1] 0.07137366
[1] 0.9175532

  0   1 
 31 345 
[1] 377
[1] -0.199994
[1] -0.1688187
[1] "AdaLSE"
[1] 0
[1] 0
[1] 0.4111406

  0   1 
222 155 
[1] "Fitting mean A"
[1] "Fitting variance A"
[1] "DR"
[1] -0.1310035
[1] 0.07403634
[1] 0.9177719

  0   1 
 31 346 
[1] 378
[1] -0.199994
[1] -0.1688187
[1] "AdaLSE"
[1] 0
[1] 0
[1] 0.4100529

  0   1 
223 155 
[1] "Fitting mean A"
[1] "Fitting variance A"
[1] "DR"
[1] -0.09522536
[1] 0.07446013
[1] 0.9179894

  0   1 
 31 347 
[1] 379
[1] -0.199994
[1] -0.1688187
[1] "AdaLSE"
[1] -0.04900969
[1] 0.06491406
[1] 0.4116095

  0   1 
223 156 
[1] "Fitting mean A"
[1] "Fitting variance A"
[1] "DR"
[1] 0.007440232
[1] 0.07564006
[1] 0.9155673

  0   1 
 32 347 
[1] 380
[1] -0.199994
[1] -0.1688187
[1] "AdaLSE"
[1] 0
[1] 0
[1] 0.4105263

  0   1 
224 156 
[1] "Fitting mean A"
[1] "Fitting variance A"
[1] "DR"
[1] -0.05778963
[1] 0.07786858
[1] 0.9157895

  0   1 
 32 348 
[1] 381
[1] -0.199994
[1] -0.1688187
