LOADING R
R LOADED
[1] "/home/lvanderl/Rlibs2"                         
[2] "/app/software/R/4.2.2-foss-2021b/lib/R/library"
[1] "/home/lvanderl/sieveSims"
[1] 1
[1] -0.0009948289
[1] -0.0178409
[1] "AdaLSE"
[1] 0.01457001
[1] 0.03297404
[1] 1

1 
1 
[1] "Fitting mean A"
[1] "Fitting variance A"
[1] "DR"
[1] 0.006823791
[1] 0.03220124
[1] 1

1 
1 
[1] 2
[1] -0.0009948289
[1] -0.0178409
[1] "AdaLSE"
[1] -0.02759207
[1] 0.03284528
[1] 1

1 
2 
[1] "Fitting mean A"
[1] "Fitting variance A"
[1] "DR"
[1] -0.03179395
[1] 0.03020133
[1] 1

1 
2 
[1] 3
[1] -0.0009948289
[1] -0.0178409
[1] "AdaLSE"
[1] -0.03083007
[1] 0.03081401
[1] 1

1 
3 
[1] "Fitting mean A"
[1] "Fitting variance A"
[1] "DR"
[1] -0.03909648
[1] 0.02956845
[1] 1

1 
3 
[1] 4
[1] -0.0009948289
[1] -0.0178409
[1] "AdaLSE"
[1] 0.04884041
[1] 0.03260029
[1] 0.75

0 1 
1 3 
[1] "Fitting mean A"
[1] "Fitting variance A"
[1] "DR"
[1] 0.04152884
[1] 0.03006134
[1] 0.75

0 1 
1 3 
[1] 5
[1] -0.0009948289
[1] -0.0178409
[1] "AdaLSE"
[1] -0.0229556
[1] 0.03469543
[1] 0.8

0 1 
1 4 
[1] "Fitting mean A"
[1] "Fitting variance A"
[1] "DR"
[1] -0.02521068
[1] 0.03233917
[1] 0.8

0 1 
1 4 
[1] 6
[1] -0.0009948289
[1] -0.0178409
[1] "AdaLSE"
[1] 0.02295246
[1] 0.0320795
[1] 0.8333333

0 1 
1 5 
[1] "Fitting mean A"
[1] "Fitting variance A"
[1] "DR"
[1] 0.02490638
[1] 0.02992483
[1] 0.8333333

0 1 
1 5 
[1] 7
[1] -0.0009948289
[1] -0.0178409
[1] "AdaLSE"
[1] 0.03299713
[1] 0.0320105
[1] 0.8571429

0 1 
1 6 
[1] "Fitting mean A"
[1] "Fitting variance A"
[1] "DR"
[1] 0.02545964
[1] 0.02953435
[1] 0.8571429

0 1 
1 6 
[1] 8
[1] -0.0009948289
[1] -0.0178409
[1] "AdaLSE"
[1] 0.01399117
[1] 0.03192256
[1] 0.875

0 1 
1 7 
[1] "Fitting mean A"
[1] "Fitting variance A"
[1] "DR"
[1] 0.0106411
[1] 0.03001782
[1] 0.875

0 1 
1 7 
[1] 9
[1] -0.0009948289
[1] -0.0178409
[1] "AdaLSE"
[1] 0.01430397
[1] 0.03239259
[1] 0.8888889

0 1 
1 8 
[1] "Fitting mean A"
[1] "Fitting variance A"
[1] "DR"
[1] 0.002370239
[1] 0.03123015
[1] 0.8888889

0 1 
1 8 
[1] 10
[1] -0.0009948289
[1] -0.0178409
[1] "AdaLSE"
[1] 0.04067132
[1] 0.0322111
[1] 0.9

0 1 
1 9 
[1] "Fitting mean A"
[1] "Fitting variance A"
[1] "DR"
[1] 0.03461704
[1] 0.03153457
[1] 0.9

0 1 
1 9 
[1] 11
[1] -0.0009948289
[1] -0.0178409
[1] "AdaLSE"
[1] -0.07924801
[1] 0.03135734
[1] 0.9090909

 0  1 
 1 10 
[1] "Fitting mean A"
[1] "Fitting variance A"
[1] "DR"
[1] -0.08344286
[1] 0.02834775
[1] 0.8181818

0 1 
2 9 
[1] 12
[1] -0.0009948289
[1] -0.0178409
[1] "AdaLSE"
[1] 0.02072098
[1] 0.03326927
[1] 0.9166667

 0  1 
 1 11 
[1] "Fitting mean A"
[1] "Fitting variance A"
[1] "DR"
[1] 0.01145384
[1] 0.03110883
[1] 0.8333333

 0  1 
 2 10 
[1] 13
[1] -0.0009948289
[1] -0.0178409
[1] "AdaLSE"
[1] 0.01878658
[1] 0.03352259
[1] 0.9230769

 0  1 
 1 12 
[1] "Fitting mean A"
[1] "Fitting variance A"
[1] "DR"
[1] 0.006881414
[1] 0.03187442
[1] 0.8461538

 0  1 
 2 11 
[1] 14
[1] -0.0009948289
[1] -0.0178409
[1] "AdaLSE"
[1] 0.01731055
[1] 0.03345312
[1] 0.9285714

 0  1 
 1 13 
[1] "Fitting mean A"
[1] "Fitting variance A"
[1] "DR"
[1] -0.001673363
[1] 0.03206749
[1] 0.8571429

 0  1 
 2 12 
[1] 15
[1] -0.0009948289
[1] -0.0178409
[1] "AdaLSE"
[1] -0.00376925
[1] 0.0322573
[1] 0.9333333

 0  1 
 1 14 
[1] "Fitting mean A"
[1] "Fitting variance A"
[1] "DR"
[1] -0.003277716
[1] 0.02976845
[1] 0.8666667

 0  1 
 2 13 
[1] 16
[1] -0.0009948289
[1] -0.0178409
[1] "AdaLSE"
[1] -0.003802914
[1] 0.03333012
[1] 0.9375

 0  1 
 1 15 
[1] "Fitting mean A"
[1] "Fitting variance A"
[1] "DR"
[1] -0.01425988
[1] 0.03073821
[1] 0.875

 0  1 
 2 14 
[1] 17
[1] -0.0009948289
[1] -0.0178409
[1] "AdaLSE"
[1] 0.01803104
[1] 0.0322855
[1] 0.9411765

 0  1 
 1 16 
[1] "Fitting mean A"
[1] "Fitting variance A"
[1] "DR"
[1] 0.01493278
[1] 0.02972416
[1] 0.8823529

 0  1 
 2 15 
[1] 18
[1] -0.0009948289
[1] -0.0178409
[1] "AdaLSE"
[1] 0.04174011
[1] 0.03098488
[1] 0.9444444

 0  1 
 1 17 
[1] "Fitting mean A"
[1] "Fitting variance A"
[1] "DR"
[1] 0.04586768
[1] 0.0293201
[1] 0.8333333

 0  1 
 3 15 
[1] 19
[1] -0.0009948289
[1] -0.0178409
[1] "AdaLSE"
[1] -0.06298939
[1] 0.03269792
[1] 0.9473684

 0  1 
 1 18 
[1] "Fitting mean A"
[1] "Fitting variance A"
[1] "DR"
[1] -0.06559008
[1] 0.03101485
[1] 0.8421053

 0  1 
 3 16 
[1] 20
[1] -0.0009948289
[1] -0.0178409
[1] "AdaLSE"
[1] 0.006038519
[1] 0.0342189
[1] 0.95

 0  1 
 1 19 
[1] "Fitting mean A"
[1] "Fitting variance A"
[1] "DR"
[1] 0.003282385
[1] 0.03237184
[1] 0.85

 0  1 
 3 17 
[1] 21
[1] -0.0009948289
[1] -0.0178409
[1] "AdaLSE"
[1] 0.00863662
[1] 0.0342105
[1] 0.952381

 0  1 
 1 20 
[1] "Fitting mean A"
[1] "Fitting variance A"
[1] "DR"
[1] 0.007772456
[1] 0.03205991
[1] 0.8571429

 0  1 
 3 18 
[1] 22
[1] -0.0009948289
[1] -0.0178409
[1] "AdaLSE"
[1] 0.05679227
[1] 0.03313875
[1] 0.9090909

 0  1 
 2 20 
[1] "Fitting mean A"
[1] "Fitting variance A"
[1] "DR"
[1] 0.05725348
[1] 0.03109812
[1] 0.8181818

 0  1 
 4 18 
[1] 23
[1] -0.0009948289
[1] -0.0178409
[1] "AdaLSE"
[1] 0.0308902
[1] 0.03169099
[1] 0.9130435

 0  1 
 2 21 
[1] "Fitting mean A"
[1] "Fitting variance A"
[1] "DR"
[1] 0.03419418
[1] 0.02962843
[1] 0.826087

 0  1 
 4 19 
[1] 24
[1] -0.0009948289
[1] -0.0178409
[1] "AdaLSE"
[1] 0.0134153
[1] 0.03187529
[1] 0.9166667

 0  1 
 2 22 
[1] "Fitting mean A"
[1] "Fitting variance A"
[1] "DR"
[1] -0.001108976
[1] 0.02988312
[1] 0.8333333

 0  1 
 4 20 
[1] 25
[1] -0.0009948289
[1] -0.0178409
[1] "AdaLSE"
[1] -0.03138087
[1] 0.03189513
[1] 0.92

 0  1 
 2 23 
[1] "Fitting mean A"
[1] "Fitting variance A"
[1] "DR"
[1] -0.02463254
[1] 0.02921463
[1] 0.84

 0  1 
 4 21 
[1] 26
[1] -0.0009948289
[1] -0.0178409
[1] "AdaLSE"
[1] 0.06088711
[1] 0.03207099
[1] 0.8846154

 0  1 
 3 23 
[1] "Fitting mean A"
[1] "Fitting variance A"
[1] "DR"
[1] 0.05880311
[1] 0.02912905
[1] 0.8076923

 0  1 
 5 21 
[1] 27
[1] -0.0009948289
[1] -0.0178409
[1] "AdaLSE"
[1] -0.05130225
[1] 0.03083752
[1] 0.8888889

 0  1 
 3 24 
[1] "Fitting mean A"
[1] "Fitting variance A"
[1] "DR"
[1] -0.05115265
[1] 0.02951026
[1] 0.8148148

 0  1 
 5 22 
[1] 28
[1] -0.0009948289
[1] -0.0178409
[1] "AdaLSE"
[1] -0.01457652
[1] 0.03580308
[1] 0.8928571

 0  1 
 3 25 
[1] "Fitting mean A"
[1] "Fitting variance A"
[1] "DR"
[1] -0.01495684
[1] 0.03300608
[1] 0.8214286

 0  1 
 5 23 
[1] 29
[1] -0.0009948289
[1] -0.0178409
[1] "AdaLSE"
[1] -0.03302306
[1] 0.03295045
[1] 0.8965517

 0  1 
 3 26 
[1] "Fitting mean A"
[1] "Fitting variance A"
[1] "DR"
[1] -0.03500441
[1] 0.03024395
[1] 0.8275862

 0  1 
 5 24 
[1] 30
[1] -0.0009948289
[1] -0.0178409
[1] "AdaLSE"
[1] 0.07399011
[1] 0.03417431
[1] 0.8666667

 0  1 
 4 26 
[1] "Fitting mean A"
[1] "Fitting variance A"
[1] "DR"
[1] 0.07227344
[1] 0.03265157
[1] 0.8

 0  1 
 6 24 
[1] 31
[1] -0.0009948289
[1] -0.0178409
[1] "AdaLSE"
[1] 0.02002726
[1] 0.03304509
[1] 0.8709677

 0  1 
 4 27 
[1] "Fitting mean A"
[1] "Fitting variance A"
[1] "DR"
[1] 0.02262404
[1] 0.03021618
[1] 0.8064516

 0  1 
 6 25 
[1] 32
[1] -0.0009948289
[1] -0.0178409
[1] "AdaLSE"
[1] 0.05900949
[1] 0.03334661
[1] 0.84375

 0  1 
 5 27 
[1] "Fitting mean A"
[1] "Fitting variance A"
[1] "DR"
[1] 0.05966974
[1] 0.03091991
[1] 0.78125

 0  1 
 7 25 
[1] 33
[1] -0.0009948289
[1] -0.0178409
[1] "AdaLSE"
[1] -0.004784785
[1] 0.03284737
[1] 0.8484848

 0  1 
 5 28 
[1] "Fitting mean A"
[1] "Fitting variance A"
[1] "DR"
[1] -0.003660004
[1] 0.03307547
[1] 0.7878788

 0  1 
 7 26 
[1] 34
[1] -0.0009948289
[1] -0.0178409
[1] "AdaLSE"
[1] 0.01342971
[1] 0.0330833
[1] 0.8529412

 0  1 
 5 29 
[1] "Fitting mean A"
[1] "Fitting variance A"
[1] "DR"
[1] 0.01274667
[1] 0.03048161
[1] 0.7941176

 0  1 
 7 27 
[1] 35
[1] -0.0009948289
[1] -0.0178409
[1] "AdaLSE"
[1] -0.07108127
[1] 0.02876931
[1] 0.8571429

 0  1 
 5 30 
[1] "Fitting mean A"
[1] "Fitting variance A"
[1] "DR"
[1] -0.06829363
[1] 0.02747846
[1] 0.8

 0  1 
 7 28 
[1] 36
[1] -0.0009948289
[1] -0.0178409
[1] "AdaLSE"
[1] 0.07193573
[1] 0.03182021
[1] 0.8333333

 0  1 
 6 30 
[1] "Fitting mean A"
[1] "Fitting variance A"
[1] "DR"
[1] 0.06974013
[1] 0.03054159
[1] 0.7777778

 0  1 
 8 28 
[1] 37
[1] -0.0009948289
[1] -0.0178409
[1] "AdaLSE"
[1] -0.07675742
[1] 0.03247861
[1] 0.8378378

 0  1 
 6 31 
[1] "Fitting mean A"
[1] "Fitting variance A"
[1] "DR"
[1] -0.07941968
[1] 0.03047363
[1] 0.7567568

 0  1 
 9 28 
[1] 38
[1] -0.0009948289
[1] -0.0178409
[1] "AdaLSE"
[1] 0.01621257
[1] 0.03687051
[1] 0.8421053

 0  1 
 6 32 
[1] "Fitting mean A"
[1] "Fitting variance A"
[1] "DR"
[1] -0.009246144
[1] 0.03479687
[1] 0.7631579

 0  1 
 9 29 
[1] 39
[1] -0.0009948289
[1] -0.0178409
[1] "AdaLSE"
[1] -0.001917362
[1] 0.03157146
[1] 0.8461538

 0  1 
 6 33 
[1] "Fitting mean A"
[1] "Fitting variance A"
[1] "DR"
[1] -0.005418935
[1] 0.02854485
[1] 0.7692308

 0  1 
 9 30 
[1] 40
[1] -0.0009948289
[1] -0.0178409
[1] "AdaLSE"
[1] 0.00694886
[1] 0.03668702
[1] 0.85

 0  1 
 6 34 
[1] "Fitting mean A"
[1] "Fitting variance A"
[1] "DR"
[1] -0.004946956
[1] 0.03466778
[1] 0.775

 0  1 
 9 31 
[1] 41
[1] -0.0009948289
[1] -0.0178409
[1] "AdaLSE"
[1] -0.01062014
[1] 0.02972742
[1] 0.8536585

 0  1 
 6 35 
[1] "Fitting mean A"
[1] "Fitting variance A"
[1] "DR"
[1] -0.008679627
[1] 0.02782729
[1] 0.7804878

 0  1 
 9 32 
[1] 42
[1] -0.0009948289
[1] -0.0178409
[1] "AdaLSE"
[1] -0.008518034
[1] 0.03222963
[1] 0.8571429

 0  1 
 6 36 
[1] "Fitting mean A"
[1] "Fitting variance A"
[1] "DR"
[1] -0.006482726
[1] 0.03054568
[1] 0.7857143

 0  1 
 9 33 
[1] 43
[1] -0.0009948289
[1] -0.0178409
[1] "AdaLSE"
[1] -0.02275828
[1] 0.02982599
[1] 0.8604651

 0  1 
 6 37 
[1] "Fitting mean A"
[1] "Fitting variance A"
[1] "DR"
[1] -0.02229216
[1] 0.02648191
[1] 0.7906977

 0  1 
 9 34 
[1] 44
[1] -0.0009948289
[1] -0.0178409
[1] "AdaLSE"
[1] -0.01906994
[1] 0.0328291
[1] 0.8636364

 0  1 
 6 38 
[1] "Fitting mean A"
[1] "Fitting variance A"
[1] "DR"
[1] -0.0141194
[1] 0.03082767
[1] 0.7954545

 0  1 
 9 35 
[1] 45
[1] -0.0009948289
[1] -0.0178409
[1] "AdaLSE"
[1] -0.03373037
[1] 0.03224747
[1] 0.8666667

 0  1 
 6 39 
[1] "Fitting mean A"
[1] "Fitting variance A"
[1] "DR"
[1] -0.04091204
[1] 0.03143275
[1] 0.8

 0  1 
 9 36 
[1] 46
[1] -0.0009948289
[1] -0.0178409
[1] "AdaLSE"
[1] 0.04266339
[1] 0.04064599
[1] 0.8695652

 0  1 
 6 40 
[1] "Fitting mean A"
[1] "Fitting variance A"
[1] "DR"
[1] 0.0176465
[1] 0.03750338
[1] 0.8043478

 0  1 
 9 37 
[1] 47
[1] -0.0009948289
[1] -0.0178409
[1] "AdaLSE"
[1] 0.02037548
[1] 0.0335326
[1] 0.8723404

 0  1 
 6 41 
[1] "Fitting mean A"
[1] "Fitting variance A"
[1] "DR"
[1] 0.0249057
[1] 0.03093777
[1] 0.8085106

 0  1 
 9 38 
[1] 48
[1] -0.0009948289
[1] -0.0178409
[1] "AdaLSE"
[1] 0.04367794
[1] 0.03846824
[1] 0.875

 0  1 
 6 42 
[1] "Fitting mean A"
[1] "Fitting variance A"
[1] "DR"
[1] 0.03022742
[1] 0.03500738
[1] 0.8125

 0  1 
 9 39 
[1] 49
[1] -0.0009948289
[1] -0.0178409
[1] "AdaLSE"
[1] -0.03537263
[1] 0.03213376
[1] 0.877551

 0  1 
 6 43 
[1] "Fitting mean A"
[1] "Fitting variance A"
[1] "DR"
[1] -0.03302952
[1] 0.03065884
[1] 0.8163265

 0  1 
 9 40 
[1] 50
[1] -0.0009948289
[1] -0.0178409
[1] "AdaLSE"
[1] -0.01143871
[1] 0.03363254
[1] 0.88

 0  1 
 6 44 
[1] "Fitting mean A"
[1] "Fitting variance A"
[1] "DR"
[1] -0.009327624
[1] 0.0312817
[1] 0.82

 0  1 
 9 41 
[1] 51
[1] -0.0009948289
[1] -0.0178409
[1] "AdaLSE"
[1] -0.0009317387
[1] 0.03360863
[1] 0.8823529

 0  1 
 6 45 
[1] "Fitting mean A"
[1] "Fitting variance A"
[1] "DR"
[1] 0.0001318601
[1] 0.03195963
[1] 0.8235294

 0  1 
 9 42 
[1] 52
[1] -0.0009948289
[1] -0.0178409
[1] "AdaLSE"
[1] 0.03627384
[1] 0.03034272
[1] 0.8846154

 0  1 
 6 46 
[1] "Fitting mean A"
[1] "Fitting variance A"
[1] "DR"
[1] 0.03738744
[1] 0.02864538
[1] 0.8269231

 0  1 
 9 43 
[1] 53
[1] -0.0009948289
[1] -0.0178409
[1] "AdaLSE"
[1] -0.06596216
[1] 0.03015996
[1] 0.8867925

 0  1 
 6 47 
[1] "Fitting mean A"
[1] "Fitting variance A"
[1] "DR"
[1] -0.06325464
[1] 0.02750074
[1] 0.8301887

 0  1 
 9 44 
[1] 54
[1] -0.0009948289
[1] -0.0178409
[1] "AdaLSE"
[1] 0.04608645
[1] 0.03890934
[1] 0.8888889

 0  1 
 6 48 
[1] "Fitting mean A"
[1] "Fitting variance A"
[1] "DR"
[1] 0.02624351
[1] 0.03713313
[1] 0.8333333

 0  1 
 9 45 
[1] 55
[1] -0.0009948289
[1] -0.0178409
[1] "AdaLSE"
[1] -0.01252868
[1] 0.03796252
[1] 0.8909091

 0  1 
 6 49 
[1] "Fitting mean A"
[1] "Fitting variance A"
[1] "DR"
[1] -0.03965804
[1] 0.03555259
[1] 0.8363636

 0  1 
 9 46 
[1] 56
[1] -0.0009948289
[1] -0.0178409
[1] "AdaLSE"
[1] 0.04242322
[1] 0.03355253
[1] 0.8928571

 0  1 
 6 50 
[1] "Fitting mean A"
[1] "Fitting variance A"
[1] "DR"
[1] 0.03641497
[1] 0.03127769
[1] 0.8392857

 0  1 
 9 47 
[1] 57
[1] -0.0009948289
[1] -0.0178409
[1] "AdaLSE"
[1] 0.02184153
[1] 0.0339949
[1] 0.8947368

 0  1 
 6 51 
[1] "Fitting mean A"
[1] "Fitting variance A"
[1] "DR"
[1] 0.004493127
[1] 0.03300802
[1] 0.8421053

 0  1 
 9 48 
[1] 58
[1] -0.0009948289
[1] -0.0178409
[1] "AdaLSE"
[1] -0.09541978
[1] 0.03193698
[1] 0.8793103

 0  1 
 7 51 
[1] "Fitting mean A"
[1] "Fitting variance A"
[1] "DR"
[1] -0.1056424
[1] 0.02981627
[1] 0.8275862

 0  1 
10 48 
[1] 59
[1] -0.0009948289
[1] -0.0178409
[1] "AdaLSE"
[1] 0.03421805
[1] 0.0324751
[1] 0.8813559

 0  1 
 7 52 
[1] "Fitting mean A"
[1] "Fitting variance A"
[1] "DR"
[1] 0.03397814
[1] 0.02953625
[1] 0.8305085

 0  1 
10 49 
[1] 60
[1] -0.0009948289
[1] -0.0178409
[1] "AdaLSE"
[1] 0.04826661
[1] 0.03202178
[1] 0.8666667

 0  1 
 8 52 
[1] "Fitting mean A"
[1] "Fitting variance A"
[1] "DR"
[1] 0.04567423
[1] 0.02993829
[1] 0.8166667

 0  1 
11 49 
[1] 61
[1] -0.0009948289
[1] -0.0178409
[1] "AdaLSE"
[1] 0.04042382
[1] 0.03844564
[1] 0.8688525

 0  1 
 8 53 
[1] "Fitting mean A"
[1] "Fitting variance A"
[1] "DR"
[1] 0.05066328
[1] 0.0363464
[1] 0.8196721

 0  1 
11 50 
[1] 62
[1] -0.0009948289
[1] -0.0178409
[1] "AdaLSE"
[1] -0.02313052
[1] 0.03207663
[1] 0.8709677

 0  1 
 8 54 
[1] "Fitting mean A"
[1] "Fitting variance A"
[1] "DR"
[1] -0.02879003
[1] 0.02925421
[1] 0.8225806

 0  1 
11 51 
[1] 63
[1] -0.0009948289
[1] -0.0178409
[1] "AdaLSE"
[1] 0.0181119
[1] 0.03271233
[1] 0.8730159

 0  1 
 8 55 
[1] "Fitting mean A"
[1] "Fitting variance A"
[1] "DR"
[1] 0.02382012
[1] 0.03112642
[1] 0.8253968

 0  1 
11 52 
[1] 64
[1] -0.0009948289
[1] -0.0178409
[1] "AdaLSE"
[1] -0.002938463
[1] 0.0318663
[1] 0.875

 0  1 
 8 56 
[1] "Fitting mean A"
[1] "Fitting variance A"
[1] "DR"
[1] -0.00173568
[1] 0.03051617
[1] 0.828125

 0  1 
11 53 
[1] 65
[1] -0.0009948289
[1] -0.0178409
[1] "AdaLSE"
[1] 0.1065087
[1] 0.03305305
[1] 0.8615385

 0  1 
 9 56 
[1] "Fitting mean A"
[1] "Fitting variance A"
[1] "DR"
[1] 0.08985031
[1] 0.03012717
[1] 0.8153846

 0  1 
12 53 
[1] 66
[1] -0.0009948289
[1] -0.0178409
[1] "AdaLSE"
[1] 0.07959788
[1] 0.03087741
[1] 0.8484848

 0  1 
10 56 
[1] "Fitting mean A"
[1] "Fitting variance A"
[1] "DR"
[1] 0.0774557
[1] 0.02902467
[1] 0.8030303

 0  1 
13 53 
[1] 67
[1] -0.0009948289
[1] -0.0178409
[1] "AdaLSE"
[1] 0.06509721
[1] 0.03171727
[1] 0.8358209

 0  1 
11 56 
[1] "Fitting mean A"
[1] "Fitting variance A"
[1] "DR"
[1] 0.0684606
[1] 0.03011352
[1] 0.7910448

 0  1 
14 53 
[1] 68
[1] -0.0009948289
[1] -0.0178409
[1] "AdaLSE"
[1] 0.01847124
[1] 0.03030622
[1] 0.8382353

 0  1 
11 57 
[1] "Fitting mean A"
[1] "Fitting variance A"
[1] "DR"
[1] 0.0184161
[1] 0.02585877
[1] 0.7941176

 0  1 
14 54 
[1] 69
[1] -0.0009948289
[1] -0.0178409
[1] "AdaLSE"
[1] -0.06261553
[1] 0.0371853
[1] 0.8405797

 0  1 
11 58 
[1] "Fitting mean A"
[1] "Fitting variance A"
[1] "DR"
[1] -0.07384261
[1] 0.03619134
[1] 0.7971014

 0  1 
14 55 
[1] 70
[1] -0.0009948289
[1] -0.0178409
[1] "AdaLSE"
[1] 0.07919179
[1] 0.03335439
[1] 0.8285714

 0  1 
12 58 
[1] "Fitting mean A"
[1] "Fitting variance A"
[1] "DR"
[1] 0.07252502
[1] 0.03129139
[1] 0.7857143

 0  1 
15 55 
[1] 71
[1] -0.0009948289
[1] -0.0178409
[1] "AdaLSE"
[1] 0.0404362
[1] 0.03390068
[1] 0.8309859

 0  1 
12 59 
[1] "Fitting mean A"
[1] "Fitting variance A"
[1] "DR"
[1] 0.03519274
[1] 0.0306981
[1] 0.7887324

 0  1 
15 56 
[1] 72
[1] -0.0009948289
[1] -0.0178409
[1] "AdaLSE"
[1] 0.02340158
[1] 0.03152302
[1] 0.8333333

 0  1 
12 60 
[1] "Fitting mean A"
[1] "Fitting variance A"
[1] "DR"
[1] 0.02038372
[1] 0.02954104
[1] 0.7916667

 0  1 
15 57 
[1] 73
[1] -0.0009948289
[1] -0.0178409
[1] "AdaLSE"
[1] 0.01575038
[1] 0.03506616
[1] 0.8356164

 0  1 
12 61 
[1] "Fitting mean A"
[1] "Fitting variance A"
[1] "DR"
[1] -0.001734656
[1] 0.03296727
[1] 0.7945205

 0  1 
15 58 
[1] 74
[1] -0.0009948289
[1] -0.0178409
[1] "AdaLSE"
[1] -0.0271992
[1] 0.03001242
[1] 0.8378378

 0  1 
12 62 
[1] "Fitting mean A"
[1] "Fitting variance A"
[1] "DR"
[1] -0.02448523
[1] 0.02955439
[1] 0.7972973

 0  1 
15 59 
[1] 75
[1] -0.0009948289
[1] -0.0178409
[1] "AdaLSE"
[1] 0.03897274
[1] 0.03321713
[1] 0.84

 0  1 
12 63 
[1] "Fitting mean A"
[1] "Fitting variance A"
[1] "DR"
[1] 0.02385981
[1] 0.03116763
[1] 0.8

 0  1 
15 60 
[1] 76
[1] -0.0009948289
[1] -0.0178409
[1] "AdaLSE"
[1] 0.0152883
[1] 0.03215295
[1] 0.8421053

 0  1 
12 64 
[1] "Fitting mean A"
[1] "Fitting variance A"
[1] "DR"
[1] 0.002421911
[1] 0.03166494
[1] 0.8026316

 0  1 
15 61 
[1] 77
[1] -0.0009948289
[1] -0.0178409
[1] "AdaLSE"
[1] -0.01334238
[1] 0.03107836
[1] 0.8441558

 0  1 
12 65 
[1] "Fitting mean A"
[1] "Fitting variance A"
[1] "DR"
[1] -0.01998154
[1] 0.02926809
[1] 0.8051948

 0  1 
15 62 
[1] 78
[1] -0.0009948289
[1] -0.0178409
[1] "AdaLSE"
[1] -0.003445103
[1] 0.03263678
[1] 0.8461538

 0  1 
12 66 
[1] "Fitting mean A"
[1] "Fitting variance A"
[1] "DR"
[1] -0.01141012
[1] 0.03158434
[1] 0.8076923

 0  1 
15 63 
[1] 79
[1] -0.0009948289
[1] -0.0178409
[1] "AdaLSE"
[1] 0.04630332
[1] 0.03326488
[1] 0.8481013

 0  1 
12 67 
[1] "Fitting mean A"
[1] "Fitting variance A"
[1] "DR"
[1] 0.0473037
[1] 0.02991876
[1] 0.7974684

 0  1 
16 63 
[1] 80
[1] -0.0009948289
[1] -0.0178409
[1] "AdaLSE"
[1] -0.01952874
[1] 0.03163262
[1] 0.85

 0  1 
12 68 
[1] "Fitting mean A"
[1] "Fitting variance A"
[1] "DR"
[1] -0.01552829
[1] 0.02911997
[1] 0.8

 0  1 
16 64 
[1] 81
[1] -0.0009948289
[1] -0.0178409
[1] "AdaLSE"
[1] -0.02360718
[1] 0.03299261
[1] 0.8518519

 0  1 
12 69 
[1] "Fitting mean A"
[1] "Fitting variance A"
[1] "DR"
[1] -0.06891017
[1] 0.03476274
[1] 0.8024691

 0  1 
16 65 
[1] 82
[1] -0.0009948289
[1] -0.0178409
[1] "AdaLSE"
[1] 0.06556665
[1] 0.03224965
[1] 0.8414634

 0  1 
13 69 
[1] "Fitting mean A"
[1] "Fitting variance A"
[1] "DR"
[1] 0.06273999
[1] 0.02961916
[1] 0.7926829

 0  1 
17 65 
[1] 83
[1] -0.0009948289
[1] -0.0178409
[1] "AdaLSE"
[1] -0.04237802
[1] 0.03226117
[1] 0.8433735

 0  1 
13 70 
[1] "Fitting mean A"
[1] "Fitting variance A"
[1] "DR"
[1] -0.04479268
[1] 0.03026783
[1] 0.7951807

 0  1 
17 66 
[1] 84
[1] -0.0009948289
[1] -0.0178409
[1] "AdaLSE"
[1] -0.0006324641
[1] 0.03191878
[1] 0.8452381

 0  1 
13 71 
[1] "Fitting mean A"
[1] "Fitting variance A"
[1] "DR"
[1] -0.001566484
[1] 0.02923921
[1] 0.797619

 0  1 
17 67 
[1] 85
[1] -0.0009948289
[1] -0.0178409
[1] "AdaLSE"
[1] 0.06248176
[1] 0.03062085
[1] 0.8352941

 0  1 
14 71 
[1] "Fitting mean A"
[1] "Fitting variance A"
[1] "DR"
[1] 0.06402408
[1] 0.02834813
[1] 0.7882353

 0  1 
18 67 
[1] 86
[1] -0.0009948289
[1] -0.0178409
[1] "AdaLSE"
[1] 0.04874365
[1] 0.03226944
[1] 0.8255814

 0  1 
15 71 
[1] "Fitting mean A"
[1] "Fitting variance A"
[1] "DR"
[1] 0.03453452
[1] 0.03080399
[1] 0.7906977

 0  1 
18 68 
[1] 87
[1] -0.0009948289
[1] -0.0178409
[1] "AdaLSE"
[1] 0.0900845
[1] 0.03761783
[1] 0.816092

 0  1 
16 71 
[1] "Fitting mean A"
[1] "Fitting variance A"
[1] "DR"
[1] 0.05373621
[1] 0.03516376
[1] 0.7816092

 0  1 
19 68 
[1] 88
[1] -0.0009948289
[1] -0.0178409
[1] "AdaLSE"
[1] -0.01091025
[1] 0.03138663
[1] 0.8181818

 0  1 
16 72 
[1] "Fitting mean A"
[1] "Fitting variance A"
[1] "DR"
[1] -0.01205026
[1] 0.02919385
[1] 0.7840909

 0  1 
19 69 
[1] 89
[1] -0.0009948289
[1] -0.0178409
[1] "AdaLSE"
[1] 0.05566911
[1] 0.03460916
[1] 0.8089888

 0  1 
17 72 
[1] "Fitting mean A"
[1] "Fitting variance A"
[1] "DR"
[1] 0.04009421
[1] 0.03265707
[1] 0.7865169

 0  1 
19 70 
[1] 90
[1] -0.0009948289
[1] -0.0178409
[1] "AdaLSE"
[1] 0.01438894
[1] 0.03219641
[1] 0.8111111

 0  1 
17 73 
[1] "Fitting mean A"
[1] "Fitting variance A"
[1] "DR"
[1] 0.0138976
[1] 0.0308208
[1] 0.7888889

 0  1 
19 71 
[1] 91
[1] -0.0009948289
[1] -0.0178409
[1] "AdaLSE"
[1] -0.03443586
[1] 0.03243438
[1] 0.8131868

 0  1 
17 74 
[1] "Fitting mean A"
[1] "Fitting variance A"
[1] "DR"
[1] -0.03588724
[1] 0.02984812
[1] 0.7912088

 0  1 
19 72 
[1] 92
[1] -0.0009948289
[1] -0.0178409
[1] "AdaLSE"
[1] 0.0144874
[1] 0.03325067
[1] 0.8152174

 0  1 
17 75 
[1] "Fitting mean A"
[1] "Fitting variance A"
[1] "DR"
[1] 0.01162168
[1] 0.03122178
[1] 0.7934783

 0  1 
19 73 
[1] 93
[1] -0.0009948289
[1] -0.0178409
[1] "AdaLSE"
[1] 0.03434005
[1] 0.03209357
[1] 0.8172043

 0  1 
17 76 
[1] "Fitting mean A"
[1] "Fitting variance A"
[1] "DR"
[1] 0.03375743
[1] 0.0285956
[1] 0.7956989

 0  1 
19 74 
[1] 94
[1] -0.0009948289
[1] -0.0178409
[1] "AdaLSE"
[1] 0.01900356
[1] 0.03230424
[1] 0.8191489

 0  1 
17 77 
[1] "Fitting mean A"
[1] "Fitting variance A"
[1] "DR"
[1] 0.02445617
[1] 0.02968385
[1] 0.7978723

 0  1 
19 75 
[1] 95
[1] -0.0009948289
[1] -0.0178409
[1] "AdaLSE"
[1] 0.03752123
[1] 0.03205325
[1] 0.8210526

 0  1 
17 78 
[1] "Fitting mean A"
[1] "Fitting variance A"
[1] "DR"
[1] 0.02363625
[1] 0.03043089
[1] 0.8

 0  1 
19 76 
[1] 96
[1] -0.0009948289
[1] -0.0178409
[1] "AdaLSE"
[1] 0.05548068
[1] 0.03382395
[1] 0.8125

 0  1 
18 78 
[1] "Fitting mean A"
[1] "Fitting variance A"
[1] "DR"
[1] 0.04697442
[1] 0.03107382
[1] 0.7916667

 0  1 
20 76 
[1] 97
[1] -0.0009948289
[1] -0.0178409
[1] "AdaLSE"
[1] 0.01826316
[1] 0.03288231
[1] 0.814433

 0  1 
18 79 
[1] "Fitting mean A"
[1] "Fitting variance A"
[1] "DR"
[1] 0.01091054
[1] 0.0300939
[1] 0.7938144

 0  1 
20 77 
[1] 98
[1] -0.0009948289
[1] -0.0178409
[1] "AdaLSE"
[1] 0.06117783
[1] 0.03128462
[1] 0.8061224

 0  1 
19 79 
[1] "Fitting mean A"
[1] "Fitting variance A"
[1] "DR"
[1] 0.06125424
[1] 0.02885636
[1] 0.7857143

 0  1 
21 77 
[1] 99
[1] -0.0009948289
[1] -0.0178409
[1] "AdaLSE"
[1] 0.06568235
[1] 0.0361905
[1] 0.7979798

 0  1 
20 79 
[1] "Fitting mean A"
[1] "Fitting variance A"
[1] "DR"
[1] 0.05190315
[1] 0.03522944
[1] 0.7777778

 0  1 
22 77 
[1] 100
[1] -0.0009948289
[1] -0.0178409
[1] "AdaLSE"
[1] -0.05655673
[1] 0.03150873
[1] 0.8

 0  1 
20 80 
[1] "Fitting mean A"
[1] "Fitting variance A"
[1] "DR"
[1] -0.08315059
[1] 0.03028052
[1] 0.77

 0  1 
23 77 
[1] 101
[1] -0.0009948289
[1] -0.0178409
[1] "AdaLSE"
[1] 0.09549879
[1] 0.03517552
[1] 0.7920792

 0  1 
21 80 
[1] "Fitting mean A"
[1] "Fitting variance A"
[1] "DR"
[1] 0.0670993
[1] 0.03433163
[1] 0.7623762

 0  1 
24 77 
[1] 102
[1] -0.0009948289
[1] -0.0178409
[1] "AdaLSE"
[1] 0.008895089
[1] 0.03143887
[1] 0.7941176

 0  1 
21 81 
[1] "Fitting mean A"
[1] "Fitting variance A"
[1] "DR"
[1] 0.007984105
[1] 0.0280149
[1] 0.7647059

 0  1 
24 78 
[1] 103
[1] -0.0009948289
[1] -0.0178409
[1] "AdaLSE"
[1] 0.03455996
[1] 0.03271371
[1] 0.7961165

 0  1 
21 82 
[1] "Fitting mean A"
[1] "Fitting variance A"
[1] "DR"
[1] 0.03595778
[1] 0.03058941
[1] 0.7669903

 0  1 
24 79 
[1] 104
[1] -0.0009948289
[1] -0.0178409
[1] "AdaLSE"
[1] -0.01230682
[1] 0.03403903
[1] 0.7980769

 0  1 
21 83 
[1] "Fitting mean A"
[1] "Fitting variance A"
[1] "DR"
[1] -0.02215554
[1] 0.03252493
[1] 0.7692308

 0  1 
24 80 
[1] 105
[1] -0.0009948289
[1] -0.0178409
[1] "AdaLSE"
[1] 0.0006777231
[1] 0.0302437
[1] 0.8

 0  1 
21 84 
[1] "Fitting mean A"
[1] "Fitting variance A"
[1] "DR"
[1] -0.01550951
[1] 0.02960952
[1] 0.7714286

 0  1 
24 81 
[1] 106
[1] -0.0009948289
[1] -0.0178409
[1] "AdaLSE"
[1] -0.009946752
[1] 0.0320166
[1] 0.8018868

 0  1 
21 85 
[1] "Fitting mean A"
[1] "Fitting variance A"
[1] "DR"
[1] -0.00617824
[1] 0.03066906
[1] 0.7735849

 0  1 
24 82 
[1] 107
[1] -0.0009948289
[1] -0.0178409
[1] "AdaLSE"
[1] 0.01287932
[1] 0.03581239
[1] 0.8037383

 0  1 
21 86 
[1] "Fitting mean A"
[1] "Fitting variance A"
[1] "DR"
[1] -0.003342835
[1] 0.0337955
[1] 0.7757009

 0  1 
24 83 
[1] 108
[1] -0.0009948289
[1] -0.0178409
[1] "AdaLSE"
[1] 0.04349026
[1] 0.03321394
[1] 0.8055556

 0  1 
21 87 
[1] "Fitting mean A"
[1] "Fitting variance A"
[1] "DR"
[1] 0.03360233
[1] 0.03216724
[1] 0.7777778

 0  1 
24 84 
[1] 109
[1] -0.0009948289
[1] -0.0178409
[1] "AdaLSE"
[1] 0.02594989
[1] 0.03174417
[1] 0.8073394

 0  1 
21 88 
[1] "Fitting mean A"
[1] "Fitting variance A"
[1] "DR"
[1] 0.01630761
[1] 0.0303609
[1] 0.7798165

 0  1 
24 85 
[1] 110
[1] -0.0009948289
[1] -0.0178409
[1] "AdaLSE"
[1] -0.03015548
[1] 0.03394366
[1] 0.8090909

 0  1 
21 89 
[1] "Fitting mean A"
[1] "Fitting variance A"
[1] "DR"
[1] -0.02990958
[1] 0.03150478
[1] 0.7818182

 0  1 
24 86 
[1] 111
[1] -0.0009948289
[1] -0.0178409
[1] "AdaLSE"
[1] 0.04498746
[1] 0.03320509
[1] 0.8108108

 0  1 
21 90 
[1] "Fitting mean A"
[1] "Fitting variance A"
[1] "DR"
[1] 0.05325441
[1] 0.03229166
[1] 0.7747748

 0  1 
25 86 
[1] 112
[1] -0.0009948289
[1] -0.0178409
[1] "AdaLSE"
[1] 0.07957292
[1] 0.03642984
[1] 0.8035714

 0  1 
22 90 
[1] "Fitting mean A"
[1] "Fitting variance A"
[1] "DR"
[1] 0.04797212
[1] 0.03489699
[1] 0.7767857

 0  1 
25 87 
[1] 113
[1] -0.0009948289
[1] -0.0178409
[1] "AdaLSE"
[1] 0.02671728
[1] 0.03077641
[1] 0.8053097

 0  1 
22 91 
[1] "Fitting mean A"
[1] "Fitting variance A"
[1] "DR"
[1] 0.0179754
[1] 0.03013353
[1] 0.7787611

 0  1 
25 88 
[1] 114
[1] -0.0009948289
[1] -0.0178409
[1] "AdaLSE"
[1] 0.03943501
[1] 0.0377534
[1] 0.8070175

 0  1 
22 92 
[1] "Fitting mean A"
[1] "Fitting variance A"
[1] "DR"
[1] 0.01059091
[1] 0.03602718
[1] 0.7807018

 0  1 
25 89 
[1] 115
[1] -0.0009948289
[1] -0.0178409
[1] "AdaLSE"
[1] 0.009803018
[1] 0.03271096
[1] 0.8086957

 0  1 
22 93 
[1] "Fitting mean A"
[1] "Fitting variance A"
[1] "DR"
[1] 0.01741882
[1] 0.03103735
[1] 0.7826087

 0  1 
25 90 
[1] 116
[1] -0.0009948289
[1] -0.0178409
[1] "AdaLSE"
[1] 0.1139306
[1] 0.03266334
[1] 0.8017241

 0  1 
23 93 
[1] "Fitting mean A"
[1] "Fitting variance A"
[1] "DR"
[1] 0.09760598
[1] 0.03112292
[1] 0.7758621

 0  1 
26 90 
[1] 117
[1] -0.0009948289
[1] -0.0178409
[1] "AdaLSE"
[1] 0.01940931
[1] 0.03421229
[1] 0.8034188

 0  1 
23 94 
[1] "Fitting mean A"
[1] "Fitting variance A"
[1] "DR"
[1] 0.02067954
[1] 0.03126401
[1] 0.7777778

 0  1 
26 91 
[1] 118
[1] -0.0009948289
[1] -0.0178409
[1] "AdaLSE"
[1] 0.02547752
[1] 0.03239805
[1] 0.8050847

 0  1 
23 95 
[1] "Fitting mean A"
[1] "Fitting variance A"
[1] "DR"
[1] 0.01503899
[1] 0.02982545
[1] 0.779661

 0  1 
26 92 
[1] 119
[1] -0.0009948289
[1] -0.0178409
[1] "AdaLSE"
[1] 0.03888304
[1] 0.03277604
[1] 0.8067227

 0  1 
23 96 
[1] "Fitting mean A"
[1] "Fitting variance A"
[1] "DR"
[1] 0.0367947
[1] 0.02939463
[1] 0.7815126

 0  1 
26 93 
[1] 120
[1] -0.0009948289
[1] -0.0178409
[1] "AdaLSE"
[1] 0.01612338
[1] 0.0325746
[1] 0.8083333

 0  1 
23 97 
[1] "Fitting mean A"
[1] "Fitting variance A"
[1] "DR"
[1] 0.0008387025
[1] 0.03108295
[1] 0.7833333

 0  1 
26 94 
[1] 121
[1] -0.0009948289
[1] -0.0178409
[1] "AdaLSE"
[1] -0.0282429
[1] 0.0330246
[1] 0.8099174

 0  1 
23 98 
[1] "Fitting mean A"
[1] "Fitting variance A"
[1] "DR"
[1] -0.0229262
[1] 0.03068919
[1] 0.785124

 0  1 
26 95 
[1] 122
[1] -0.0009948289
[1] -0.0178409
[1] "AdaLSE"
[1] -0.01096623
[1] 0.03290154
[1] 0.8114754

 0  1 
23 99 
[1] "Fitting mean A"
[1] "Fitting variance A"
[1] "DR"
[1] -0.007357128
[1] 0.03072684
[1] 0.7868852

 0  1 
26 96 
[1] 123
[1] -0.0009948289
[1] -0.0178409
[1] "AdaLSE"
[1] 0.1050745
[1] 0.0328212
[1] 0.804878

 0  1 
24 99 
[1] "Fitting mean A"
[1] "Fitting variance A"
[1] "DR"
[1] 0.1003668
[1] 0.03087946
[1] 0.7804878

 0  1 
27 96 
[1] 124
[1] -0.0009948289
[1] -0.0178409
[1] "AdaLSE"
[1] 0.02272979
[1] 0.03259167
[1] 0.8064516

  0   1 
 24 100 
[1] "Fitting mean A"
[1] "Fitting variance A"
[1] "DR"
[1] 0.008569709
[1] 0.03096108
[1] 0.7822581

 0  1 
27 97 
[1] 125
[1] -0.0009948289
[1] -0.0178409
[1] "AdaLSE"
[1] 0.06923524
[1] 0.03227407
[1] 0.8

  0   1 
 25 100 
[1] "Fitting mean A"
[1] "Fitting variance A"
[1] "DR"
[1] 0.05424599
[1] 0.03205615
[1] 0.776

 0  1 
28 97 
[1] 126
[1] -0.0009948289
[1] -0.0178409
[1] "AdaLSE"
[1] -0.02366012
[1] 0.03348272
[1] 0.8015873

  0   1 
 25 101 
[1] "Fitting mean A"
[1] "Fitting variance A"
[1] "DR"
[1] -0.01838235
[1] 0.03179939
[1] 0.7777778

 0  1 
28 98 
[1] 127
[1] -0.0009948289
[1] -0.0178409
[1] "AdaLSE"
[1] -0.01544291
[1] 0.03366498
[1] 0.8031496

  0   1 
 25 102 
[1] "Fitting mean A"
[1] "Fitting variance A"
[1] "DR"
[1] -0.03671487
[1] 0.03182381
[1] 0.7795276

 0  1 
28 99 
[1] 128
[1] -0.0009948289
[1] -0.0178409
[1] "AdaLSE"
[1] 0.01488295
[1] 0.03253039
[1] 0.8046875

  0   1 
 25 103 
[1] "Fitting mean A"
[1] "Fitting variance A"
[1] "DR"
[1] 0.006126125
[1] 0.02993047
[1] 0.78125

  0   1 
 28 100 
[1] 129
[1] -0.0009948289
[1] -0.0178409
[1] "AdaLSE"
[1] 0.03204424
[1] 0.03307852
[1] 0.8062016

  0   1 
 25 104 
[1] "Fitting mean A"
[1] "Fitting variance A"
[1] "DR"
[1] 0.01214295
[1] 0.0311102
[1] 0.7829457

  0   1 
 28 101 
[1] 130
[1] -0.0009948289
[1] -0.0178409
[1] "AdaLSE"
[1] -0.05042739
[1] 0.03221822
[1] 0.8076923

  0   1 
 25 105 
[1] "Fitting mean A"
[1] "Fitting variance A"
[1] "DR"
[1] -0.0521809
[1] 0.03046234
[1] 0.7846154

  0   1 
 28 102 
[1] 131
[1] -0.0009948289
[1] -0.0178409
[1] "AdaLSE"
[1] 0.04338382
[1] 0.03061104
[1] 0.8015267

  0   1 
 26 105 
[1] "Fitting mean A"
[1] "Fitting variance A"
[1] "DR"
[1] 0.04433767
[1] 0.02804229
[1] 0.778626

  0   1 
 29 102 
[1] 132
[1] -0.0009948289
[1] -0.0178409
[1] "AdaLSE"
[1] -0.006725694
[1] 0.03388099
[1] 0.8030303

  0   1 
 26 106 
[1] "Fitting mean A"
[1] "Fitting variance A"
[1] "DR"
[1] -0.01095268
[1] 0.03192672
[1] 0.780303

  0   1 
 29 103 
[1] 133
[1] -0.0009948289
[1] -0.0178409
[1] "AdaLSE"
[1] -0.003096914
[1] 0.03449817
[1] 0.8045113

  0   1 
 26 107 
[1] "Fitting mean A"
[1] "Fitting variance A"
[1] "DR"
[1] -0.004434914
[1] 0.03198791
[1] 0.7819549

  0   1 
 29 104 
[1] 134
[1] -0.0009948289
[1] -0.0178409
[1] "AdaLSE"
[1] 0.04295299
[1] 0.0332582
[1] 0.8059701

  0   1 
 26 108 
[1] "Fitting mean A"
[1] "Fitting variance A"
[1] "DR"
[1] 0.04855592
[1] 0.03170978
[1] 0.7761194

  0   1 
 30 104 
[1] 135
[1] -0.0009948289
[1] -0.0178409
[1] "AdaLSE"
[1] -0.02159857
[1] 0.03880915
[1] 0.8074074

  0   1 
 26 109 
[1] "Fitting mean A"
[1] "Fitting variance A"
[1] "DR"
[1] -0.04865057
[1] 0.03628602
[1] 0.7777778

  0   1 
 30 105 
[1] 136
[1] -0.0009948289
[1] -0.0178409
[1] "AdaLSE"
[1] -0.01913396
[1] 0.03361406
[1] 0.8088235

  0   1 
 26 110 
[1] "Fitting mean A"
[1] "Fitting variance A"
[1] "DR"
[1] -0.02465657
[1] 0.03169473
[1] 0.7794118

  0   1 
 30 106 
[1] 137
[1] -0.0009948289
[1] -0.0178409
[1] "AdaLSE"
[1] -0.06530231
[1] 0.03130303
[1] 0.810219

  0   1 
 26 111 
[1] "Fitting mean A"
[1] "Fitting variance A"
[1] "DR"
[1] -0.06383058
[1] 0.02889612
[1] 0.7810219

  0   1 
 30 107 
[1] 138
[1] -0.0009948289
[1] -0.0178409
[1] "AdaLSE"
[1] -0.02040248
[1] 0.04097221
[1] 0.8115942

  0   1 
 26 112 
[1] "Fitting mean A"
[1] "Fitting variance A"
[1] "DR"
[1] -0.03034166
[1] 0.03798555
[1] 0.7826087

  0   1 
 30 108 
[1] 139
[1] -0.0009948289
[1] -0.0178409
[1] "AdaLSE"
[1] -0.01567588
[1] 0.03063754
[1] 0.8129496

  0   1 
 26 113 
[1] "Fitting mean A"
[1] "Fitting variance A"
[1] "DR"
[1] -0.01967432
[1] 0.02839005
[1] 0.7841727

  0   1 
 30 109 
[1] 140
[1] -0.0009948289
[1] -0.0178409
[1] "AdaLSE"
[1] -0.0130347
[1] 0.03147818
[1] 0.8142857

  0   1 
 26 114 
[1] "Fitting mean A"
[1] "Fitting variance A"
[1] "DR"
[1] -0.01180552
[1] 0.02848009
[1] 0.7857143

  0   1 
 30 110 
[1] 141
[1] -0.0009948289
[1] -0.0178409
[1] "AdaLSE"
[1] 0.05122722
[1] 0.0335454
[1] 0.8085106

  0   1 
 27 114 
[1] "Fitting mean A"
[1] "Fitting variance A"
[1] "DR"
[1] 0.04881596
[1] 0.03121446
[1] 0.7801418

  0   1 
 31 110 
[1] 142
[1] -0.0009948289
[1] -0.0178409
[1] "AdaLSE"
[1] 0.03420416
[1] 0.03411074
[1] 0.8098592

  0   1 
 27 115 
[1] "Fitting mean A"
[1] "Fitting variance A"
[1] "DR"
[1] 0.03819339
[1] 0.03181706
[1] 0.7816901

  0   1 
 31 111 
[1] 143
[1] -0.0009948289
[1] -0.0178409
[1] "AdaLSE"
[1] -0.001929261
[1] 0.03105303
[1] 0.8111888

  0   1 
 27 116 
[1] "Fitting mean A"
[1] "Fitting variance A"
[1] "DR"
[1] -0.001857691
[1] 0.02730833
[1] 0.7832168

  0   1 
 31 112 
[1] 144
[1] -0.0009948289
[1] -0.0178409
[1] "AdaLSE"
[1] -0.01668768
[1] 0.03289564
[1] 0.8125

  0   1 
 27 117 
[1] "Fitting mean A"
[1] "Fitting variance A"
[1] "DR"
[1] -0.01448594
[1] 0.0289562
[1] 0.7847222

  0   1 
 31 113 
[1] 145
[1] -0.0009948289
[1] -0.0178409
[1] "AdaLSE"
[1] 0.01151976
[1] 0.03271297
[1] 0.8137931

  0   1 
 27 118 
[1] "Fitting mean A"
[1] "Fitting variance A"
[1] "DR"
[1] 0.004356725
[1] 0.02979468
[1] 0.7862069

  0   1 
 31 114 
[1] 146
[1] -0.0009948289
[1] -0.0178409
[1] "AdaLSE"
[1] -0.007498783
[1] 0.03239709
[1] 0.8150685

  0   1 
 27 119 
[1] "Fitting mean A"
[1] "Fitting variance A"
[1] "DR"
[1] -0.02096524
[1] 0.02973817
[1] 0.7876712

  0   1 
 31 115 
[1] 147
[1] -0.0009948289
[1] -0.0178409
[1] "AdaLSE"
[1] -0.1046003
[1] 0.03312065
[1] 0.8095238

  0   1 
 28 119 
[1] "Fitting mean A"
[1] "Fitting variance A"
[1] "DR"
[1] -0.1088821
[1] 0.03068893
[1] 0.7823129

  0   1 
 32 115 
[1] 148
[1] -0.0009948289
[1] -0.0178409
[1] "AdaLSE"
[1] 0.09377692
[1] 0.03221681
[1] 0.8040541

  0   1 
 29 119 
[1] "Fitting mean A"
[1] "Fitting variance A"
[1] "DR"
[1] 0.08460758
[1] 0.02882008
[1] 0.777027

  0   1 
 33 115 
[1] 149
[1] -0.0009948289
[1] -0.0178409
[1] "AdaLSE"
[1] 0.0265332
[1] 0.03259096
[1] 0.8053691

  0   1 
 29 120 
[1] "Fitting mean A"
[1] "Fitting variance A"
[1] "DR"
[1] 0.03054583
[1] 0.03239524
[1] 0.7785235

  0   1 
 33 116 
[1] 150
[1] -0.0009948289
[1] -0.0178409
[1] "AdaLSE"
[1] 0.006493066
[1] 0.034031
[1] 0.8066667

  0   1 
 29 121 
[1] "Fitting mean A"
[1] "Fitting variance A"
[1] "DR"
[1] -0.0002863396
[1] 0.03052367
[1] 0.78

  0   1 
 33 117 
[1] 151
[1] -0.0009948289
[1] -0.0178409
[1] "AdaLSE"
[1] 0.003995479
[1] 0.03353691
[1] 0.807947

  0   1 
 29 122 
[1] "Fitting mean A"
[1] "Fitting variance A"
[1] "DR"
[1] -0.002250864
[1] 0.03163174
[1] 0.781457

  0   1 
 33 118 
[1] 152
[1] -0.0009948289
[1] -0.0178409
[1] "AdaLSE"
[1] -0.005622928
[1] 0.03000445
[1] 0.8092105

  0   1 
 29 123 
[1] "Fitting mean A"
[1] "Fitting variance A"
[1] "DR"
[1] -0.01944924
[1] 0.02941231
[1] 0.7828947

  0   1 
 33 119 
[1] 153
[1] -0.0009948289
[1] -0.0178409
[1] "AdaLSE"
[1] 0.03013823
[1] 0.03280713
[1] 0.8104575

  0   1 
 29 124 
[1] "Fitting mean A"
[1] "Fitting variance A"
[1] "DR"
[1] 0.0271113
[1] 0.03255268
[1] 0.7843137

  0   1 
 33 120 
[1] 154
[1] -0.0009948289
[1] -0.0178409
[1] "AdaLSE"
[1] -0.006915309
[1] 0.03087104
[1] 0.8116883

  0   1 
 29 125 
[1] "Fitting mean A"
[1] "Fitting variance A"
[1] "DR"
[1] -0.01110625
[1] 0.02837426
[1] 0.7857143

  0   1 
 33 121 
[1] 155
[1] -0.0009948289
[1] -0.0178409
[1] "AdaLSE"
[1] -0.07800829
[1] 0.03380275
[1] 0.8129032

  0   1 
 29 126 
[1] "Fitting mean A"
[1] "Fitting variance A"
[1] "DR"
[1] -0.07514391
[1] 0.03202626
[1] 0.7870968

  0   1 
 33 122 
[1] 156
[1] -0.0009948289
[1] -0.0178409
[1] "AdaLSE"
[1] 0.008772346
[1] 0.03446867
[1] 0.8141026

  0   1 
 29 127 
[1] "Fitting mean A"
[1] "Fitting variance A"
[1] "DR"
[1] 0.002135524
[1] 0.03234349
[1] 0.7884615

  0   1 
 33 123 
[1] 157
[1] -0.0009948289
[1] -0.0178409
[1] "AdaLSE"
[1] 0.01840467
[1] 0.03315185
[1] 0.8152866

  0   1 
 29 128 
[1] "Fitting mean A"
[1] "Fitting variance A"
[1] "DR"
[1] 0.002455263
[1] 0.03241634
[1] 0.7898089

  0   1 
 33 124 
[1] 158
[1] -0.0009948289
[1] -0.0178409
[1] "AdaLSE"
[1] 0.1078689
[1] 0.03340202
[1] 0.8101266

  0   1 
 30 128 
[1] "Fitting mean A"
[1] "Fitting variance A"
[1] "DR"
[1] 0.09196358
[1] 0.03110072
[1] 0.7848101

  0   1 
 34 124 
[1] 159
[1] -0.0009948289
[1] -0.0178409
[1] "AdaLSE"
[1] 0.002564956
[1] 0.03257013
[1] 0.8113208

  0   1 
 30 129 
[1] "Fitting mean A"
[1] "Fitting variance A"
[1] "DR"
[1] 0.001177205
[1] 0.03082776
[1] 0.7861635

  0   1 
 34 125 
[1] 160
[1] -0.0009948289
[1] -0.0178409
[1] "AdaLSE"
[1] 0.02439979
[1] 0.03279722
[1] 0.8125

  0   1 
 30 130 
[1] "Fitting mean A"
[1] "Fitting variance A"
[1] "DR"
[1] 0.01919033
[1] 0.02931496
[1] 0.7875

  0   1 
 34 126 
[1] 161
[1] -0.0009948289
[1] -0.0178409
[1] "AdaLSE"
[1] 0.11607
[1] 0.03273037
[1] 0.8074534

  0   1 
 31 130 
[1] "Fitting mean A"
[1] "Fitting variance A"
[1] "DR"
[1] 0.1071597
[1] 0.03106968
[1] 0.7826087

  0   1 
 35 126 
[1] 162
[1] -0.0009948289
[1] -0.0178409
[1] "AdaLSE"
[1] -0.03853499
[1] 0.03048439
[1] 0.808642

  0   1 
 31 131 
[1] "Fitting mean A"
[1] "Fitting variance A"
[1] "DR"
[1] -0.03387188
[1] 0.02851844
[1] 0.7839506

  0   1 
 35 127 
[1] 163
[1] -0.0009948289
[1] -0.0178409
[1] "AdaLSE"
[1] -0.07849221
[1] 0.03288286
[1] 0.809816

  0   1 
 31 132 
[1] "Fitting mean A"
[1] "Fitting variance A"
[1] "DR"
[1] -0.07718821
[1] 0.03127944
[1] 0.7852761

  0   1 
 35 128 
[1] 164
[1] -0.0009948289
[1] -0.0178409
[1] "AdaLSE"
[1] 0.05800269
[1] 0.03178296
[1] 0.804878

  0   1 
 32 132 
[1] "Fitting mean A"
[1] "Fitting variance A"
[1] "DR"
[1] 0.04696203
[1] 0.03121808
[1] 0.7804878

  0   1 
 36 128 
[1] 165
[1] -0.0009948289
[1] -0.0178409
[1] "AdaLSE"
[1] 0.03145149
[1] 0.03094016
[1] 0.8060606

  0   1 
 32 133 
[1] "Fitting mean A"
[1] "Fitting variance A"
[1] "DR"
[1] 0.03961479
[1] 0.02972662
[1] 0.7818182

  0   1 
 36 129 
[1] 166
[1] -0.0009948289
[1] -0.0178409
[1] "AdaLSE"
[1] 0.04111831
[1] 0.03275831
[1] 0.8072289

  0   1 
 32 134 
[1] "Fitting mean A"
[1] "Fitting variance A"
[1] "DR"
[1] 0.04101196
[1] 0.03144851
[1] 0.7831325

  0   1 
 36 130 
[1] 167
[1] -0.0009948289
[1] -0.0178409
[1] "AdaLSE"
[1] -0.007747576
[1] 0.03137461
[1] 0.8083832

  0   1 
 32 135 
[1] "Fitting mean A"
[1] "Fitting variance A"
[1] "DR"
[1] -0.005705034
[1] 0.03020448
[1] 0.7844311

  0   1 
 36 131 
[1] 168
[1] -0.0009948289
[1] -0.0178409
[1] "AdaLSE"
[1] 0.004681613
[1] 0.03389804
[1] 0.8095238

  0   1 
 32 136 
[1] "Fitting mean A"
[1] "Fitting variance A"
[1] "DR"
[1] 0.001762656
[1] 0.03063964
[1] 0.7857143

  0   1 
 36 132 
[1] 169
[1] -0.0009948289
[1] -0.0178409
[1] "AdaLSE"
[1] -0.04193542
[1] 0.03248521
[1] 0.8106509

  0   1 
 32 137 
[1] "Fitting mean A"
[1] "Fitting variance A"
[1] "DR"
[1] -0.04068985
[1] 0.02927322
[1] 0.7869822

  0   1 
 36 133 
[1] 170
[1] -0.0009948289
[1] -0.0178409
[1] "AdaLSE"
[1] 0.04040738
[1] 0.03098933
[1] 0.8117647

  0   1 
 32 138 
[1] "Fitting mean A"
[1] "Fitting variance A"
[1] "DR"
[1] 0.04030811
[1] 0.02864194
[1] 0.7823529

  0   1 
 37 133 
[1] 171
[1] -0.0009948289
[1] -0.0178409
[1] "AdaLSE"
[1] 0.02392973
[1] 0.03374165
[1] 0.8128655

  0   1 
 32 139 
[1] "Fitting mean A"
[1] "Fitting variance A"
[1] "DR"
[1] 0.02407703
[1] 0.03105286
[1] 0.7836257

  0   1 
 37 134 
[1] 172
[1] -0.0009948289
[1] -0.0178409
[1] "AdaLSE"
[1] -0.03813634
[1] 0.03235138
[1] 0.8139535

  0   1 
 32 140 
[1] "Fitting mean A"
[1] "Fitting variance A"
[1] "DR"
[1] -0.03985113
[1] 0.03035026
[1] 0.7848837

  0   1 
 37 135 
[1] 173
[1] -0.0009948289
[1] -0.0178409
[1] "AdaLSE"
[1] -0.04824147
[1] 0.03357717
[1] 0.8150289

  0   1 
 32 141 
[1] "Fitting mean A"
[1] "Fitting variance A"
[1] "DR"
[1] -0.03817721
[1] 0.03287213
[1] 0.7861272

  0   1 
 37 136 
[1] 174
[1] -0.0009948289
[1] -0.0178409
[1] "AdaLSE"
[1] -0.02039903
[1] 0.03270926
[1] 0.816092

  0   1 
 32 142 
[1] "Fitting mean A"
[1] "Fitting variance A"
[1] "DR"
[1] -0.02557511
[1] 0.03118924
[1] 0.7873563

  0   1 
 37 137 
[1] 175
[1] -0.0009948289
[1] -0.0178409
[1] "AdaLSE"
[1] -0.03877944
[1] 0.03099597
[1] 0.8171429

  0   1 
 32 143 
[1] "Fitting mean A"
[1] "Fitting variance A"
[1] "DR"
[1] -0.03884334
[1] 0.02939216
[1] 0.7885714

  0   1 
 37 138 
[1] 176
[1] -0.0009948289
[1] -0.0178409
[1] "AdaLSE"
[1] -0.07574891
[1] 0.0310309
[1] 0.8181818

  0   1 
 32 144 
[1] "Fitting mean A"
[1] "Fitting variance A"
[1] "DR"
[1] -0.07335469
[1] 0.02869068
[1] 0.7897727

  0   1 
 37 139 
[1] 177
[1] -0.0009948289
[1] -0.0178409
[1] "AdaLSE"
[1] -0.04953619
[1] 0.03345764
[1] 0.819209

  0   1 
 32 145 
[1] "Fitting mean A"
[1] "Fitting variance A"
[1] "DR"
[1] -0.05189519
[1] 0.03149964
[1] 0.7909605

  0   1 
 37 140 
[1] 178
[1] -0.0009948289
[1] -0.0178409
[1] "AdaLSE"
[1] -0.06847586
[1] 0.03153532
[1] 0.8202247

  0   1 
 32 146 
[1] "Fitting mean A"
[1] "Fitting variance A"
[1] "DR"
[1] -0.0773754
[1] 0.02919666
[1] 0.7865169

  0   1 
 38 140 
[1] 179
[1] -0.0009948289
[1] -0.0178409
[1] "AdaLSE"
[1] 0.01651107
[1] 0.0316986
[1] 0.8212291

  0   1 
 32 147 
[1] "Fitting mean A"
[1] "Fitting variance A"
[1] "DR"
[1] 0.01691308
[1] 0.02974536
[1] 0.7877095

  0   1 
 38 141 
[1] 180
[1] -0.0009948289
[1] -0.0178409
[1] "AdaLSE"
[1] -0.02486554
[1] 0.03156148
[1] 0.8222222

  0   1 
 32 148 
[1] "Fitting mean A"
[1] "Fitting variance A"
[1] "DR"
[1] -0.0326929
[1] 0.02990446
[1] 0.7888889

  0   1 
 38 142 
[1] 181
[1] -0.0009948289
[1] -0.0178409
[1] "AdaLSE"
[1] -0.07883177
[1] 0.03149984
[1] 0.8232044

  0   1 
 32 149 
[1] "Fitting mean A"
[1] "Fitting variance A"
[1] "DR"
[1] -0.07255778
[1] 0.02973415
[1] 0.7900552

  0   1 
 38 143 
[1] 182
[1] -0.0009948289
[1] -0.0178409
[1] "AdaLSE"
[1] 0.03157499
[1] 0.0314207
[1] 0.8241758

  0   1 
 32 150 
[1] "Fitting mean A"
[1] "Fitting variance A"
[1] "DR"
[1] 0.01610249
[1] 0.0300507
[1] 0.7912088

  0   1 
 38 144 
[1] 183
[1] -0.0009948289
[1] -0.0178409
[1] "AdaLSE"
[1] 0.005793164
[1] 0.03407528
[1] 0.8251366

  0   1 
 32 151 
[1] "Fitting mean A"
[1] "Fitting variance A"
[1] "DR"
[1] 0.004363458
[1] 0.03203178
[1] 0.7923497

  0   1 
 38 145 
[1] 184
[1] -0.0009948289
[1] -0.0178409
[1] "AdaLSE"
[1] -0.05583895
[1] 0.02976201
[1] 0.826087

  0   1 
 32 152 
[1] "Fitting mean A"
[1] "Fitting variance A"
[1] "DR"
[1] -0.05277926
[1] 0.02781677
[1] 0.7934783

  0   1 
 38 146 
[1] 185
[1] -0.0009948289
[1] -0.0178409
[1] "AdaLSE"
[1] 0.02858749
[1] 0.03273447
[1] 0.827027

  0   1 
 32 153 
[1] "Fitting mean A"
[1] "Fitting variance A"
[1] "DR"
[1] 0.02678152
[1] 0.03109937
[1] 0.7945946

  0   1 
 38 147 
[1] 186
[1] -0.0009948289
[1] -0.0178409
[1] "AdaLSE"
[1] -0.0310167
[1] 0.03420611
[1] 0.827957

  0   1 
 32 154 
[1] "Fitting mean A"
[1] "Fitting variance A"
[1] "DR"
[1] -0.02545027
[1] 0.03293646
[1] 0.7956989

  0   1 
 38 148 
[1] 187
[1] -0.0009948289
[1] -0.0178409
[1] "AdaLSE"
[1] -0.002916866
[1] 0.03119028
[1] 0.828877

  0   1 
 32 155 
[1] "Fitting mean A"
[1] "Fitting variance A"
[1] "DR"
[1] -0.003005346
[1] 0.0292695
[1] 0.7967914

  0   1 
 38 149 
[1] 188
[1] -0.0009948289
[1] -0.0178409
[1] "AdaLSE"
[1] 0.03949327
[1] 0.03304177
[1] 0.8297872

  0   1 
 32 156 
[1] "Fitting mean A"
[1] "Fitting variance A"
[1] "DR"
[1] 0.03867633
[1] 0.03034111
[1] 0.7978723

  0   1 
 38 150 
[1] 189
[1] -0.0009948289
[1] -0.0178409
[1] "AdaLSE"
[1] -0.009669505
[1] 0.03186747
[1] 0.8306878

  0   1 
 32 157 
[1] "Fitting mean A"
[1] "Fitting variance A"
[1] "DR"
[1] -0.008671955
[1] 0.02946181
[1] 0.7989418

  0   1 
 38 151 
[1] 190
[1] -0.0009948289
[1] -0.0178409
[1] "AdaLSE"
[1] 0.05140696
[1] 0.03163142
[1] 0.8263158

  0   1 
 33 157 
[1] "Fitting mean A"
[1] "Fitting variance A"
[1] "DR"
[1] 0.04943832
[1] 0.02895403
[1] 0.7947368

  0   1 
 39 151 
[1] 191
[1] -0.0009948289
[1] -0.0178409
[1] "AdaLSE"
[1] -0.01147695
[1] 0.03353179
[1] 0.8272251

  0   1 
 33 158 
[1] "Fitting mean A"
[1] "Fitting variance A"
[1] "DR"
[1] -0.01361453
[1] 0.03178107
[1] 0.7958115

  0   1 
 39 152 
[1] 192
[1] -0.0009948289
[1] -0.0178409
[1] "AdaLSE"
[1] -0.02578127
[1] 0.03020745
[1] 0.828125

  0   1 
 33 159 
[1] "Fitting mean A"
[1] "Fitting variance A"
[1] "DR"
[1] -0.02523143
[1] 0.02717987
[1] 0.796875

  0   1 
 39 153 
[1] 193
[1] -0.0009948289
[1] -0.0178409
[1] "AdaLSE"
[1] 0.03581428
[1] 0.03242923
[1] 0.8290155

  0   1 
 33 160 
[1] "Fitting mean A"
[1] "Fitting variance A"
[1] "DR"
[1] 0.03559834
[1] 0.0300797
[1] 0.7979275

  0   1 
 39 154 
[1] 194
[1] -0.0009948289
[1] -0.0178409
[1] "AdaLSE"
[1] -0.05526126
[1] 0.03124586
[1] 0.8298969

  0   1 
 33 161 
[1] "Fitting mean A"
[1] "Fitting variance A"
[1] "DR"
[1] -0.06649058
[1] 0.03063708
[1] 0.7989691

  0   1 
 39 155 
[1] 195
[1] -0.0009948289
[1] -0.0178409
[1] "AdaLSE"
[1] -0.04888324
[1] 0.03203061
[1] 0.8307692

  0   1 
 33 162 
[1] "Fitting mean A"
[1] "Fitting variance A"
[1] "DR"
[1] -0.03688304
[1] 0.03067591
[1] 0.8

  0   1 
 39 156 
[1] 196
[1] -0.0009948289
[1] -0.0178409
[1] "AdaLSE"
[1] -0.003071846
[1] 0.03638808
[1] 0.8316327

  0   1 
 33 163 
[1] "Fitting mean A"
[1] "Fitting variance A"
[1] "DR"
[1] -0.02783569
[1] 0.03454791
[1] 0.8010204

  0   1 
 39 157 
[1] 197
[1] -0.0009948289
[1] -0.0178409
[1] "AdaLSE"
[1] 0.009137911
[1] 0.03805296
[1] 0.8324873

  0   1 
 33 164 
[1] "Fitting mean A"
[1] "Fitting variance A"
[1] "DR"
[1] -0.01163501
[1] 0.03448527
[1] 0.8020305

  0   1 
 39 158 
[1] 198
[1] -0.0009948289
[1] -0.0178409
[1] "AdaLSE"
[1] -0.043974
[1] 0.03290884
[1] 0.8333333

  0   1 
 33 165 
[1] "Fitting mean A"
[1] "Fitting variance A"
[1] "DR"
[1] -0.04214137
[1] 0.02907369
[1] 0.8030303

  0   1 
 39 159 
[1] 199
[1] -0.0009948289
[1] -0.0178409
[1] "AdaLSE"
[1] 0.0164392
[1] 0.03535434
[1] 0.8341709

  0   1 
 33 166 
[1] "Fitting mean A"
[1] "Fitting variance A"
[1] "DR"
[1] 0.001895957
[1] 0.03330302
[1] 0.8040201

  0   1 
 39 160 
[1] 200
[1] -0.0009948289
[1] -0.0178409
[1] "AdaLSE"
[1] 0.04983809
[1] 0.03266015
[1] 0.83

  0   1 
 34 166 
[1] "Fitting mean A"
[1] "Fitting variance A"
[1] "DR"
[1] 0.05665272
[1] 0.03093902
[1] 0.8

  0   1 
 40 160 
[1] 201
[1] -0.0009948289
[1] -0.0178409
[1] "AdaLSE"
[1] 0.01655322
[1] 0.03390146
[1] 0.8308458

  0   1 
 34 167 
[1] "Fitting mean A"
[1] "Fitting variance A"
[1] "DR"
[1] 0.0189665
[1] 0.03063413
[1] 0.800995

  0   1 
 40 161 
[1] 202
[1] -0.0009948289
[1] -0.0178409
[1] "AdaLSE"
[1] -0.005899453
[1] 0.03303287
[1] 0.8316832

  0   1 
 34 168 
[1] "Fitting mean A"
[1] "Fitting variance A"
[1] "DR"
[1] 0.0006500588
[1] 0.03009006
[1] 0.8019802

  0   1 
 40 162 
[1] 203
[1] -0.0009948289
[1] -0.0178409
[1] "AdaLSE"
[1] -0.04403639
[1] 0.03138663
[1] 0.8325123

  0   1 
 34 169 
[1] "Fitting mean A"
[1] "Fitting variance A"
[1] "DR"
[1] -0.04079618
[1] 0.03017447
[1] 0.8029557

  0   1 
 40 163 
[1] 204
[1] -0.0009948289
[1] -0.0178409
[1] "AdaLSE"
[1] 0.04324275
[1] 0.03284974
[1] 0.8333333

  0   1 
 34 170 
[1] "Fitting mean A"
[1] "Fitting variance A"
[1] "DR"
[1] 0.04138061
[1] 0.03103971
[1] 0.8039216

  0   1 
 40 164 
[1] 205
[1] -0.0009948289
[1] -0.0178409
[1] "AdaLSE"
[1] -0.03090663
[1] 0.02982959
[1] 0.8341463

  0   1 
 34 171 
[1] "Fitting mean A"
[1] "Fitting variance A"
[1] "DR"
[1] -0.02977504
[1] 0.02919493
[1] 0.804878

  0   1 
 40 165 
[1] 206
[1] -0.0009948289
[1] -0.0178409
[1] "AdaLSE"
[1] -0.0142016
[1] 0.03379221
[1] 0.8349515

  0   1 
 34 172 
[1] "Fitting mean A"
[1] "Fitting variance A"
[1] "DR"
[1] -0.02052131
[1] 0.0322476
[1] 0.8058252

  0   1 
 40 166 
[1] 207
[1] -0.0009948289
[1] -0.0178409
[1] "AdaLSE"
[1] 0.03883573
[1] 0.03286081
[1] 0.8357488

  0   1 
 34 173 
[1] "Fitting mean A"
[1] "Fitting variance A"
[1] "DR"
[1] 0.03551908
[1] 0.03103029
[1] 0.8067633

  0   1 
 40 167 
[1] 208
[1] -0.0009948289
[1] -0.0178409
[1] "AdaLSE"
[1] -0.02637421
[1] 0.03269849
[1] 0.8365385

  0   1 
 34 174 
[1] "Fitting mean A"
[1] "Fitting variance A"
[1] "DR"
[1] -0.03555091
[1] 0.03080628
[1] 0.8076923

  0   1 
 40 168 
[1] 209
[1] -0.0009948289
[1] -0.0178409
[1] "AdaLSE"
[1] -0.05570567
[1] 0.03264896
[1] 0.8373206

  0   1 
 34 175 
[1] "Fitting mean A"
[1] "Fitting variance A"
[1] "DR"
[1] -0.04811421
[1] 0.03027759
[1] 0.8086124

  0   1 
 40 169 
[1] 210
[1] -0.0009948289
[1] -0.0178409
[1] "AdaLSE"
[1] 0.06002955
[1] 0.03196502
[1] 0.8333333

  0   1 
 35 175 
[1] "Fitting mean A"
[1] "Fitting variance A"
[1] "DR"
[1] 0.04445208
[1] 0.03072567
[1] 0.8047619

  0   1 
 41 169 
[1] 211
[1] -0.0009948289
[1] -0.0178409
[1] "AdaLSE"
[1] 0.004434733
[1] 0.03233915
[1] 0.8341232

  0   1 
 35 176 
[1] "Fitting mean A"
[1] "Fitting variance A"
[1] "DR"
[1] 0.004814567
[1] 0.03058602
[1] 0.8056872

  0   1 
 41 170 
[1] 212
[1] -0.0009948289
[1] -0.0178409
[1] "AdaLSE"
[1] -0.03465507
[1] 0.03300646
[1] 0.8349057

  0   1 
 35 177 
[1] "Fitting mean A"
[1] "Fitting variance A"
[1] "DR"
[1] -0.03534737
[1] 0.03185244
[1] 0.8066038

  0   1 
 41 171 
[1] 213
[1] -0.0009948289
[1] -0.0178409
[1] "AdaLSE"
[1] 0.02119356
[1] 0.03093344
[1] 0.8356808

  0   1 
 35 178 
[1] "Fitting mean A"
[1] "Fitting variance A"
[1] "DR"
[1] 0.01986771
[1] 0.0285971
[1] 0.8075117

  0   1 
 41 172 
[1] 214
[1] -0.0009948289
[1] -0.0178409
[1] "AdaLSE"
[1] 0.0520395
[1] 0.03531149
[1] 0.8317757

  0   1 
 36 178 
[1] "Fitting mean A"
[1] "Fitting variance A"
[1] "DR"
[1] 0.02561842
[1] 0.03346519
[1] 0.8084112

  0   1 
 41 173 
[1] 215
[1] -0.0009948289
[1] -0.0178409
[1] "AdaLSE"
[1] 0.0695832
[1] 0.0322285
[1] 0.827907

  0   1 
 37 178 
[1] "Fitting mean A"
[1] "Fitting variance A"
[1] "DR"
[1] 0.07030672
[1] 0.02968939
[1] 0.8046512

  0   1 
 42 173 
[1] 216
[1] -0.0009948289
[1] -0.0178409
[1] "AdaLSE"
[1] 0.0465824
[1] 0.03420361
[1] 0.8287037

  0   1 
 37 179 
[1] "Fitting mean A"
[1] "Fitting variance A"
[1] "DR"
[1] 0.04644136
[1] 0.0315962
[1] 0.8009259

  0   1 
 43 173 
[1] 217
[1] -0.0009948289
[1] -0.0178409
[1] "AdaLSE"
[1] 0.01145385
[1] 0.02899364
[1] 0.8294931

  0   1 
 37 180 
[1] "Fitting mean A"
[1] "Fitting variance A"
[1] "DR"
[1] 0.0009681191
[1] 0.02829123
[1] 0.8018433

  0   1 
 43 174 
[1] 218
[1] -0.0009948289
[1] -0.0178409
[1] "AdaLSE"
[1] -0.02535181
[1] 0.03373409
[1] 0.8302752

  0   1 
 37 181 
[1] "Fitting mean A"
[1] "Fitting variance A"
[1] "DR"
[1] -0.02392212
[1] 0.03018044
[1] 0.8027523

  0   1 
 43 175 
[1] 219
[1] -0.0009948289
[1] -0.0178409
[1] "AdaLSE"
[1] 0.07125132
[1] 0.03136573
[1] 0.826484

  0   1 
 38 181 
[1] "Fitting mean A"
[1] "Fitting variance A"
[1] "DR"
[1] 0.06990606
[1] 0.02954181
[1] 0.7990868

  0   1 
 44 175 
[1] 220
[1] -0.0009948289
[1] -0.0178409
[1] "AdaLSE"
[1] -0.02245042
[1] 0.03178557
[1] 0.8272727

  0   1 
 38 182 
[1] "Fitting mean A"
[1] "Fitting variance A"
[1] "DR"
[1] -0.01940286
[1] 0.02942839
[1] 0.8

  0   1 
 44 176 
[1] 221
[1] -0.0009948289
[1] -0.0178409
[1] "AdaLSE"
[1] 0.07385034
[1] 0.03577547
[1] 0.8235294

  0   1 
 39 182 
[1] "Fitting mean A"
[1] "Fitting variance A"
[1] "DR"
[1] 0.04945921
[1] 0.03431736
[1] 0.7963801

  0   1 
 45 176 
[1] 222
[1] -0.0009948289
[1] -0.0178409
[1] "AdaLSE"
[1] 0.01317874
[1] 0.0314871
[1] 0.8243243

  0   1 
 39 183 
[1] "Fitting mean A"
[1] "Fitting variance A"
[1] "DR"
[1] 0.01427544
[1] 0.02945603
[1] 0.7972973

  0   1 
 45 177 
[1] 223
[1] -0.0009948289
[1] -0.0178409
[1] "AdaLSE"
[1] 0.06054694
[1] 0.03473162
[1] 0.8206278

  0   1 
 40 183 
[1] "Fitting mean A"
[1] "Fitting variance A"
[1] "DR"
[1] 0.04449221
[1] 0.03196239
[1] 0.7982063

  0   1 
 45 178 
[1] 224
[1] -0.0009948289
[1] -0.0178409
[1] "AdaLSE"
[1] 0.02945002
[1] 0.03041414
[1] 0.8214286

  0   1 
 40 184 
[1] "Fitting mean A"
[1] "Fitting variance A"
[1] "DR"
[1] 0.03121544
[1] 0.03022265
[1] 0.7991071

  0   1 
 45 179 
[1] 225
[1] -0.0009948289
[1] -0.0178409
[1] "AdaLSE"
[1] 0.07540065
[1] 0.02924741
[1] 0.8177778

  0   1 
 41 184 
[1] "Fitting mean A"
[1] "Fitting variance A"
[1] "DR"
[1] 0.06688327
[1] 0.02833424
[1] 0.7955556

  0   1 
 46 179 
[1] 226
[1] -0.0009948289
[1] -0.0178409
[1] "AdaLSE"
[1] 0.07224791
[1] 0.03402187
[1] 0.8141593

  0   1 
 42 184 
[1] "Fitting mean A"
[1] "Fitting variance A"
[1] "DR"
[1] 0.06930411
[1] 0.03116774
[1] 0.7920354

  0   1 
 47 179 
[1] 227
[1] -0.0009948289
[1] -0.0178409
[1] "AdaLSE"
[1] 0.03551072
[1] 0.03184645
[1] 0.814978

  0   1 
 42 185 
[1] "Fitting mean A"
[1] "Fitting variance A"
[1] "DR"
[1] 0.02841556
[1] 0.03032076
[1] 0.7929515

  0   1 
 47 180 
[1] 228
[1] -0.0009948289
[1] -0.0178409
[1] "AdaLSE"
[1] 0.03445034
[1] 0.0365724
[1] 0.8157895

  0   1 
 42 186 
[1] "Fitting mean A"
[1] "Fitting variance A"
[1] "DR"
[1] 0.005013719
[1] 0.03461673
[1] 0.7938596

  0   1 
 47 181 
[1] 229
[1] -0.0009948289
[1] -0.0178409
[1] "AdaLSE"
[1] 0.08717007
[1] 0.03415912
[1] 0.8122271

  0   1 
 43 186 
[1] "Fitting mean A"
[1] "Fitting variance A"
[1] "DR"
[1] 0.07099843
[1] 0.03204934
[1] 0.790393

  0   1 
 48 181 
[1] 230
[1] -0.0009948289
[1] -0.0178409
[1] "AdaLSE"
[1] -0.03823793
[1] 0.03455327
[1] 0.8130435

  0   1 
 43 187 
[1] "Fitting mean A"
[1] "Fitting variance A"
[1] "DR"
[1] -0.03470629
[1] 0.03189435
[1] 0.7913043

  0   1 
 48 182 
[1] 231
[1] -0.0009948289
[1] -0.0178409
[1] "AdaLSE"
[1] -0.03771512
[1] 0.03264259
[1] 0.8138528

  0   1 
 43 188 
[1] "Fitting mean A"
[1] "Fitting variance A"
[1] "DR"
[1] -0.04395481
[1] 0.03019943
[1] 0.7922078

  0   1 
 48 183 
[1] 232
[1] -0.0009948289
[1] -0.0178409
[1] "AdaLSE"
[1] 0.005665716
[1] 0.03262549
[1] 0.8146552

  0   1 
 43 189 
[1] "Fitting mean A"
[1] "Fitting variance A"
[1] "DR"
[1] 0.01349624
[1] 0.03107525
[1] 0.7931034

  0   1 
 48 184 
[1] 233
[1] -0.0009948289
[1] -0.0178409
[1] "AdaLSE"
[1] -0.072148
[1] 0.03051539
[1] 0.8154506

  0   1 
 43 190 
[1] "Fitting mean A"
[1] "Fitting variance A"
[1] "DR"
[1] -0.06903426
[1] 0.02914665
[1] 0.7939914

  0   1 
 48 185 
[1] 234
[1] -0.0009948289
[1] -0.0178409
[1] "AdaLSE"
[1] 0.0126262
[1] 0.03225919
[1] 0.8162393

  0   1 
 43 191 
[1] "Fitting mean A"
[1] "Fitting variance A"
[1] "DR"
[1] 0.01501227
[1] 0.03074677
[1] 0.7948718

  0   1 
 48 186 
[1] 235
[1] -0.0009948289
[1] -0.0178409
[1] "AdaLSE"
[1] -0.05570989
[1] 0.0351475
[1] 0.8170213

  0   1 
 43 192 
[1] "Fitting mean A"
[1] "Fitting variance A"
[1] "DR"
[1] -0.05035438
[1] 0.0336055
[1] 0.7957447

  0   1 
 48 187 
[1] 236
[1] -0.0009948289
[1] -0.0178409
[1] "AdaLSE"
[1] 0.01029805
[1] 0.03486257
[1] 0.8177966

  0   1 
 43 193 
[1] "Fitting mean A"
[1] "Fitting variance A"
[1] "DR"
[1] -0.01041807
[1] 0.03249296
[1] 0.7966102

  0   1 
 48 188 
[1] 237
[1] -0.0009948289
[1] -0.0178409
[1] "AdaLSE"
[1] 0.006327767
[1] 0.03113745
[1] 0.8185654

  0   1 
 43 194 
[1] "Fitting mean A"
[1] "Fitting variance A"
[1] "DR"
[1] 0.006657167
[1] 0.02962439
[1] 0.7974684

  0   1 
 48 189 
[1] 238
[1] -0.0009948289
[1] -0.0178409
[1] "AdaLSE"
[1] 0.002369904
[1] 0.03381858
[1] 0.8193277

  0   1 
 43 195 
[1] "Fitting mean A"
[1] "Fitting variance A"
[1] "DR"
[1] -0.004041249
[1] 0.03098226
[1] 0.7983193

  0   1 
 48 190 
[1] 239
[1] -0.0009948289
[1] -0.0178409
[1] "AdaLSE"
[1] 0.006730318
[1] 0.03172717
[1] 0.8200837

  0   1 
 43 196 
[1] "Fitting mean A"
[1] "Fitting variance A"
[1] "DR"
[1] 0.0033232
[1] 0.03021578
[1] 0.7991632

  0   1 
 48 191 
[1] 240
[1] -0.0009948289
[1] -0.0178409
[1] "AdaLSE"
[1] 0.07080258
[1] 0.03265221
[1] 0.8166667

  0   1 
 44 196 
[1] "Fitting mean A"
[1] "Fitting variance A"
[1] "DR"
[1] 0.07001158
[1] 0.03002943
[1] 0.7958333

  0   1 
 49 191 
[1] 241
[1] -0.0009948289
[1] -0.0178409
[1] "AdaLSE"
[1] -0.01895416
[1] 0.03038104
[1] 0.8174274

  0   1 
 44 197 
[1] "Fitting mean A"
[1] "Fitting variance A"
[1] "DR"
[1] -0.01777641
[1] 0.02785133
[1] 0.7966805

  0   1 
 49 192 
[1] 242
[1] -0.0009948289
[1] -0.0178409
[1] "AdaLSE"
[1] -0.03503557
[1] 0.0322794
[1] 0.8181818

  0   1 
 44 198 
[1] "Fitting mean A"
[1] "Fitting variance A"
[1] "DR"
[1] -0.04042434
[1] 0.02937608
[1] 0.7975207

  0   1 
 49 193 
[1] 243
[1] -0.0009948289
[1] -0.0178409
[1] "AdaLSE"
[1] 0.07032926
[1] 0.03484565
[1] 0.8148148

  0   1 
 45 198 
[1] "Fitting mean A"
[1] "Fitting variance A"
[1] "DR"
[1] 0.06443218
[1] 0.03262505
[1] 0.7942387

  0   1 
 50 193 
[1] 244
[1] -0.0009948289
[1] -0.0178409
[1] "AdaLSE"
[1] 0.02919969
[1] 0.03083184
[1] 0.8155738

  0   1 
 45 199 
[1] "Fitting mean A"
[1] "Fitting variance A"
[1] "DR"
[1] 0.0244764
[1] 0.02880871
[1] 0.795082

  0   1 
 50 194 
[1] 245
[1] -0.0009948289
[1] -0.0178409
[1] "AdaLSE"
[1] -0.008381899
[1] 0.03226976
[1] 0.8163265

  0   1 
 45 200 
[1] "Fitting mean A"
[1] "Fitting variance A"
[1] "DR"
[1] -0.004531343
[1] 0.02839027
[1] 0.7959184

  0   1 
 50 195 
[1] 246
[1] -0.0009948289
[1] -0.0178409
[1] "AdaLSE"
[1] -0.1021044
[1] 0.03153544
[1] 0.8130081

  0   1 
 46 200 
[1] "Fitting mean A"
[1] "Fitting variance A"
[1] "DR"
[1] -0.1027294
[1] 0.0280548
[1] 0.7926829

  0   1 
 51 195 
[1] 247
[1] -0.0009948289
[1] -0.0178409
[1] "AdaLSE"
[1] 0.003987364
[1] 0.03176622
[1] 0.8137652

  0   1 
 46 201 
[1] "Fitting mean A"
[1] "Fitting variance A"
[1] "DR"
[1] -0.01350336
[1] 0.030206
[1] 0.7935223

  0   1 
 51 196 
[1] 248
[1] -0.0009948289
[1] -0.0178409
[1] "AdaLSE"
[1] 0.001104068
[1] 0.03017553
[1] 0.8145161

  0   1 
 46 202 
[1] "Fitting mean A"
[1] "Fitting variance A"
[1] "DR"
[1] -0.0003530869
[1] 0.02989806
[1] 0.7943548

  0   1 
 51 197 
[1] 249
[1] -0.0009948289
[1] -0.0178409
[1] "AdaLSE"
[1] 0.01271285
[1] 0.03107115
[1] 0.815261

  0   1 
 46 203 
[1] "Fitting mean A"
[1] "Fitting variance A"
[1] "DR"
[1] 0.01009571
[1] 0.02886715
[1] 0.7951807

  0   1 
 51 198 
[1] 250
[1] -0.0009948289
[1] -0.0178409
[1] "AdaLSE"
[1] -0.02545214
[1] 0.0330515
[1] 0.816

  0   1 
 46 204 
[1] "Fitting mean A"
[1] "Fitting variance A"
[1] "DR"
[1] -0.02920419
[1] 0.02947223
[1] 0.796

  0   1 
 51 199 
[1] 251
[1] -0.0009948289
[1] -0.0178409
[1] "AdaLSE"
[1] -0.07099208
[1] 0.03227333
[1] 0.8167331

  0   1 
 46 205 
[1] "Fitting mean A"
[1] "Fitting variance A"
[1] "DR"
[1] -0.0778574
[1] 0.03093314
[1] 0.7968127

  0   1 
 51 200 
[1] 252
[1] -0.0009948289
[1] -0.0178409
[1] "AdaLSE"
[1] -0.0112313
[1] 0.0328517
[1] 0.8174603

  0   1 
 46 206 
[1] "Fitting mean A"
[1] "Fitting variance A"
[1] "DR"
[1] -0.01671197
[1] 0.03210288
[1] 0.797619

  0   1 
 51 201 
[1] 253
[1] -0.0009948289
[1] -0.0178409
[1] "AdaLSE"
[1] -0.006460262
[1] 0.0325342
[1] 0.8181818

  0   1 
 46 207 
[1] "Fitting mean A"
[1] "Fitting variance A"
[1] "DR"
[1] -0.02281417
[1] 0.0316475
[1] 0.798419

  0   1 
 51 202 
[1] 254
[1] -0.0009948289
[1] -0.0178409
[1] "AdaLSE"
[1] -0.003144765
[1] 0.03051112
[1] 0.8188976

  0   1 
 46 208 
[1] "Fitting mean A"
[1] "Fitting variance A"
[1] "DR"
[1] -0.01201511
[1] 0.02827661
[1] 0.7992126

  0   1 
 51 203 
[1] 255
[1] -0.0009948289
[1] -0.0178409
[1] "AdaLSE"
[1] -0.04198319
[1] 0.03178506
[1] 0.8196078

  0   1 
 46 209 
[1] "Fitting mean A"
[1] "Fitting variance A"
[1] "DR"
[1] -0.04159019
[1] 0.02942399
[1] 0.8

  0   1 
 51 204 
[1] 256
[1] -0.0009948289
[1] -0.0178409
[1] "AdaLSE"
[1] -0.001444913
[1] 0.02923003
[1] 0.8203125

  0   1 
 46 210 
[1] "Fitting mean A"
[1] "Fitting variance A"
[1] "DR"
[1] -0.00678158
[1] 0.02948051
[1] 0.8007812

  0   1 
 51 205 
[1] 257
[1] -0.0009948289
[1] -0.0178409
[1] "AdaLSE"
[1] 0.09303203
[1] 0.03237222
[1] 0.8171206

  0   1 
 47 210 
[1] "Fitting mean A"
[1] "Fitting variance A"
[1] "DR"
[1] 0.09148468
[1] 0.02975332
[1] 0.7976654

  0   1 
 52 205 
[1] 258
[1] -0.0009948289
[1] -0.0178409
[1] "AdaLSE"
[1] -0.00928597
[1] 0.03053101
[1] 0.8178295

  0   1 
 47 211 
[1] "Fitting mean A"
[1] "Fitting variance A"
[1] "DR"
[1] -0.01265367
[1] 0.02890388
[1] 0.7984496

  0   1 
 52 206 
[1] 259
[1] -0.0009948289
[1] -0.0178409
[1] "AdaLSE"
[1] 0.0550084
[1] 0.032837
[1] 0.8146718

  0   1 
 48 211 
[1] "Fitting mean A"
[1] "Fitting variance A"
[1] "DR"
[1] 0.05236066
[1] 0.03052742
[1] 0.7953668

  0   1 
 53 206 
[1] 260
[1] -0.0009948289
[1] -0.0178409
[1] "AdaLSE"
[1] -0.01996197
[1] 0.03287557
[1] 0.8153846

  0   1 
 48 212 
[1] "Fitting mean A"
[1] "Fitting variance A"
[1] "DR"
[1] -0.02933276
[1] 0.03011181
[1] 0.7961538

  0   1 
 53 207 
[1] 261
[1] -0.0009948289
[1] -0.0178409
[1] "AdaLSE"
[1] -0.01598289
[1] 0.03187712
[1] 0.816092

  0   1 
 48 213 
[1] "Fitting mean A"
[1] "Fitting variance A"
[1] "DR"
[1] -0.01893322
[1] 0.02988336
[1] 0.7969349

  0   1 
 53 208 
[1] 262
[1] -0.0009948289
[1] -0.0178409
[1] "AdaLSE"
[1] 0.04405754
[1] 0.03259483
[1] 0.8167939

  0   1 
 48 214 
[1] "Fitting mean A"
[1] "Fitting variance A"
[1] "DR"
[1] 0.02979464
[1] 0.03194245
[1] 0.7977099

  0   1 
 53 209 
[1] 263
[1] -0.0009948289
[1] -0.0178409
[1] "AdaLSE"
[1] 0.01077536
[1] 0.03116782
[1] 0.8174905

  0   1 
 48 215 
[1] "Fitting mean A"
[1] "Fitting variance A"
[1] "DR"
[1] 0.001620265
[1] 0.03042311
[1] 0.7984791

  0   1 
 53 210 
[1] 264
[1] -0.0009948289
[1] -0.0178409
[1] "AdaLSE"
[1] -0.03167998
[1] 0.03311128
[1] 0.8181818

  0   1 
 48 216 
[1] "Fitting mean A"
[1] "Fitting variance A"
[1] "DR"
[1] -0.03686051
[1] 0.03056748
[1] 0.7992424

  0   1 
 53 211 
[1] 265
[1] -0.0009948289
[1] -0.0178409
[1] "AdaLSE"
[1] -0.02026292
[1] 0.03332193
[1] 0.8188679

  0   1 
 48 217 
[1] "Fitting mean A"
[1] "Fitting variance A"
[1] "DR"
[1] -0.01618319
[1] 0.03207325
[1] 0.8

  0   1 
 53 212 
[1] 266
[1] -0.0009948289
[1] -0.0178409
[1] "AdaLSE"
[1] 0.03653035
[1] 0.03254707
[1] 0.8195489

  0   1 
 48 218 
[1] "Fitting mean A"
[1] "Fitting variance A"
[1] "DR"
[1] 0.02049405
[1] 0.03052521
[1] 0.8007519

  0   1 
 53 213 
[1] 267
[1] -0.0009948289
[1] -0.0178409
[1] "AdaLSE"
[1] -0.02235717
[1] 0.03203459
[1] 0.8202247

  0   1 
 48 219 
[1] "Fitting mean A"
[1] "Fitting variance A"
[1] "DR"
[1] -0.03290014
[1] 0.02896381
[1] 0.8014981

  0   1 
 53 214 
[1] 268
[1] -0.0009948289
[1] -0.0178409
[1] "AdaLSE"
[1] -0.009939154
[1] 0.0338203
[1] 0.8208955

  0   1 
 48 220 
[1] "Fitting mean A"
[1] "Fitting variance A"
[1] "DR"
[1] -0.01678664
[1] 0.03209537
[1] 0.8022388

  0   1 
 53 215 
[1] 269
[1] -0.0009948289
[1] -0.0178409
[1] "AdaLSE"
[1] 0.07996667
[1] 0.03954046
[1] 0.8178439

  0   1 
 49 220 
[1] "Fitting mean A"
[1] "Fitting variance A"
[1] "DR"
[1] 0.05174701
[1] 0.03643374
[1] 0.802974

  0   1 
 53 216 
[1] 270
[1] -0.0009948289
[1] -0.0178409
[1] "AdaLSE"
[1] -0.05187583
[1] 0.04198961
[1] 0.8185185

  0   1 
 49 221 
[1] "Fitting mean A"
[1] "Fitting variance A"
[1] "DR"
[1] -0.04924978
[1] 0.03835198
[1] 0.8037037

  0   1 
 53 217 
[1] 271
[1] -0.0009948289
[1] -0.0178409
[1] "AdaLSE"
[1] 0.04623409
[1] 0.03926653
[1] 0.8191882

  0   1 
 49 222 
[1] "Fitting mean A"
[1] "Fitting variance A"
[1] "DR"
[1] 0.04033661
[1] 0.03704536
[1] 0.804428

  0   1 
 53 218 
[1] 272
[1] -0.0009948289
[1] -0.0178409
[1] "AdaLSE"
[1] -0.05538311
[1] 0.03168699
[1] 0.8198529

  0   1 
 49 223 
[1] "Fitting mean A"
[1] "Fitting variance A"
[1] "DR"
[1] -0.06096856
[1] 0.02874558
[1] 0.8051471

  0   1 
 53 219 
[1] 273
[1] -0.0009948289
[1] -0.0178409
[1] "AdaLSE"
[1] -0.01098738
[1] 0.03205958
[1] 0.8205128

  0   1 
 49 224 
[1] "Fitting mean A"
[1] "Fitting variance A"
[1] "DR"
[1] -0.01088202
[1] 0.0300329
[1] 0.8058608

  0   1 
 53 220 
[1] 274
[1] -0.0009948289
[1] -0.0178409
[1] "AdaLSE"
[1] 0.03929261
[1] 0.03203811
[1] 0.8211679

  0   1 
 49 225 
[1] "Fitting mean A"
[1] "Fitting variance A"
[1] "DR"
[1] 0.02625361
[1] 0.03017428
[1] 0.8065693

  0   1 
 53 221 
[1] 275
[1] -0.0009948289
[1] -0.0178409
[1] "AdaLSE"
[1] -0.08051441
[1] 0.03430864
[1] 0.8218182

  0   1 
 49 226 
[1] "Fitting mean A"
[1] "Fitting variance A"
[1] "DR"
[1] -0.08991805
[1] 0.03183742
[1] 0.8036364

  0   1 
 54 221 
[1] 276
[1] -0.0009948289
[1] -0.0178409
[1] "AdaLSE"
[1] 0.03600431
[1] 0.03447546
[1] 0.8224638

  0   1 
 49 227 
[1] "Fitting mean A"
[1] "Fitting variance A"
[1] "DR"
[1] 0.02102297
[1] 0.03220638
[1] 0.8043478

  0   1 
 54 222 
[1] 277
[1] -0.0009948289
[1] -0.0178409
[1] "AdaLSE"
[1] -0.01093562
[1] 0.03294539
[1] 0.8231047

  0   1 
 49 228 
[1] "Fitting mean A"
[1] "Fitting variance A"
[1] "DR"
[1] -0.01207846
[1] 0.03074652
[1] 0.8050542

  0   1 
 54 223 
[1] 278
[1] -0.0009948289
[1] -0.0178409
[1] "AdaLSE"
[1] 0.06448447
[1] 0.03253046
[1] 0.8201439

  0   1 
 50 228 
[1] "Fitting mean A"
[1] "Fitting variance A"
[1] "DR"
[1] 0.0630082
[1] 0.0293026
[1] 0.8021583

  0   1 
 55 223 
[1] 279
[1] -0.0009948289
[1] -0.0178409
[1] "AdaLSE"
[1] -0.02704998
[1] 0.03045109
[1] 0.8207885

  0   1 
 50 229 
[1] "Fitting mean A"
[1] "Fitting variance A"
[1] "DR"
[1] -0.04694403
[1] 0.0296536
[1] 0.8028674

  0   1 
 55 224 
[1] 280
[1] -0.0009948289
[1] -0.0178409
[1] "AdaLSE"
[1] 0.004488446
[1] 0.0346726
[1] 0.8214286

  0   1 
 50 230 
[1] "Fitting mean A"
[1] "Fitting variance A"
[1] "DR"
[1] 0.007963237
[1] 0.03333966
[1] 0.8035714

  0   1 
 55 225 
[1] 281
[1] -0.0009948289
[1] -0.0178409
[1] "AdaLSE"
[1] -0.04869543
[1] 0.03100289
[1] 0.8220641

  0   1 
 50 231 
[1] "Fitting mean A"
[1] "Fitting variance A"
[1] "DR"
[1] -0.04712244
[1] 0.02750264
[1] 0.8042705

  0   1 
 55 226 
[1] 282
[1] -0.0009948289
[1] -0.0178409
[1] "AdaLSE"
[1] -0.02106575
[1] 0.03317494
[1] 0.822695

  0   1 
 50 232 
[1] "Fitting mean A"
[1] "Fitting variance A"
[1] "DR"
[1] -0.02594957
[1] 0.03173796
[1] 0.8049645

  0   1 
 55 227 
[1] 283
[1] -0.0009948289
[1] -0.0178409
[1] "AdaLSE"
[1] 0.00943571
[1] 0.03221634
[1] 0.8233216

  0   1 
 50 233 
[1] "Fitting mean A"
[1] "Fitting variance A"
[1] "DR"
[1] -0.003656134
[1] 0.03058688
[1] 0.8056537

  0   1 
 55 228 
[1] 284
[1] -0.0009948289
[1] -0.0178409
[1] "AdaLSE"
[1] 0.03273131
[1] 0.03197344
[1] 0.8239437

  0   1 
 50 234 
[1] "Fitting mean A"
[1] "Fitting variance A"
[1] "DR"
[1] 0.009941102
[1] 0.03162171
[1] 0.806338

  0   1 
 55 229 
[1] 285
[1] -0.0009948289
[1] -0.0178409
[1] "AdaLSE"
[1] -0.02028458
[1] 0.03217203
[1] 0.8245614

  0   1 
 50 235 
[1] "Fitting mean A"
[1] "Fitting variance A"
[1] "DR"
[1] -0.003258169
[1] 0.03056024
[1] 0.8070175

  0   1 
 55 230 
[1] 286
[1] -0.0009948289
[1] -0.0178409
[1] "AdaLSE"
[1] -0.002690041
[1] 0.03474576
[1] 0.8251748

  0   1 
 50 236 
[1] "Fitting mean A"
[1] "Fitting variance A"
[1] "DR"
[1] -0.006847064
[1] 0.03202586
[1] 0.8076923

  0   1 
 55 231 
[1] 287
[1] -0.0009948289
[1] -0.0178409
[1] "AdaLSE"
[1] -0.02616001
[1] 0.03258402
[1] 0.825784

  0   1 
 50 237 
[1] "Fitting mean A"
[1] "Fitting variance A"
[1] "DR"
[1] -0.03859696
[1] 0.03064118
[1] 0.8083624

  0   1 
 55 232 
[1] 288
[1] -0.0009948289
[1] -0.0178409
[1] "AdaLSE"
[1] -0.07940472
[1] 0.03511828
[1] 0.8263889

  0   1 
 50 238 
[1] "Fitting mean A"
[1] "Fitting variance A"
[1] "DR"
[1] -0.08217234
[1] 0.03072297
[1] 0.8055556

  0   1 
 56 232 
[1] 289
[1] -0.0009948289
[1] -0.0178409
[1] "AdaLSE"
[1] 0.01124229
[1] 0.03282851
[1] 0.8269896

  0   1 
 50 239 
[1] "Fitting mean A"
[1] "Fitting variance A"
[1] "DR"
[1] 0.01044714
[1] 0.03101107
[1] 0.8062284

  0   1 
 56 233 
[1] 290
[1] -0.0009948289
[1] -0.0178409
[1] "AdaLSE"
[1] -0.0236699
[1] 0.03343798
[1] 0.8275862

  0   1 
 50 240 
[1] "Fitting mean A"
[1] "Fitting variance A"
[1] "DR"
[1] -0.02763595
[1] 0.03100048
[1] 0.8068966

  0   1 
 56 234 
[1] 291
[1] -0.0009948289
[1] -0.0178409
[1] "AdaLSE"
[1] 0.02096669
[1] 0.02977006
[1] 0.8281787

  0   1 
 50 241 
[1] "Fitting mean A"
[1] "Fitting variance A"
[1] "DR"
[1] 0.02034051
[1] 0.02790425
[1] 0.8075601

  0   1 
 56 235 
[1] 292
[1] -0.0009948289
[1] -0.0178409
[1] "AdaLSE"
[1] -0.08017616
[1] 0.03361378
[1] 0.8287671

  0   1 
 50 242 
[1] "Fitting mean A"
[1] "Fitting variance A"
[1] "DR"
[1] -0.08665743
[1] 0.03174396
[1] 0.8047945

  0   1 
 57 235 
[1] 293
[1] -0.0009948289
[1] -0.0178409
[1] "AdaLSE"
[1] -0.01454801
[1] 0.03191906
[1] 0.8293515

  0   1 
 50 243 
[1] "Fitting mean A"
[1] "Fitting variance A"
[1] "DR"
[1] -0.02765556
[1] 0.03127114
[1] 0.8054608

  0   1 
 57 236 
[1] 294
[1] -0.0009948289
[1] -0.0178409
[1] "AdaLSE"
[1] -0.002973882
[1] 0.03352937
[1] 0.829932

  0   1 
 50 244 
[1] "Fitting mean A"
[1] "Fitting variance A"
[1] "DR"
[1] 0.003881185
[1] 0.03073943
[1] 0.8061224

  0   1 
 57 237 
[1] 295
[1] -0.0009948289
[1] -0.0178409
[1] "AdaLSE"
[1] 0.008390316
[1] 0.03166439
[1] 0.8305085

  0   1 
 50 245 
[1] "Fitting mean A"
[1] "Fitting variance A"
[1] "DR"
[1] 0.009891362
[1] 0.02962069
[1] 0.8067797

  0   1 
 57 238 
[1] 296
[1] -0.0009948289
[1] -0.0178409
[1] "AdaLSE"
[1] 0.04871195
[1] 0.03079785
[1] 0.8277027

  0   1 
 51 245 
[1] "Fitting mean A"
[1] "Fitting variance A"
[1] "DR"
[1] 0.04915131
[1] 0.02893622
[1] 0.8040541

  0   1 
 58 238 
[1] 297
[1] -0.0009948289
[1] -0.0178409
[1] "AdaLSE"
[1] -0.02173466
[1] 0.03283318
[1] 0.8282828

  0   1 
 51 246 
[1] "Fitting mean A"
[1] "Fitting variance A"
[1] "DR"
[1] -0.0200183
[1] 0.03017697
[1] 0.8047138

  0   1 
 58 239 
[1] 298
[1] -0.0009948289
[1] -0.0178409
[1] "AdaLSE"
[1] -0.01724657
[1] 0.03170893
[1] 0.8288591

  0   1 
 51 247 
[1] "Fitting mean A"
[1] "Fitting variance A"
[1] "DR"
[1] -0.01889719
[1] 0.02917579
[1] 0.8053691

  0   1 
 58 240 
[1] 299
[1] -0.0009948289
[1] -0.0178409
