LOADING R
R LOADED
[1] "/home/lvanderl/Rlibs2"                         
[2] "/app/software/R/4.2.2-foss-2021b/lib/R/library"
[1] "/home/lvanderl/sieveSims"
[1] 1
[1] 0.2498875
[1] 0.2612326
[1] "AdaLSE"
[1] 0.2453675
[1] 0.03918869
[1] 1

1 
1 
[1] "Fitting mean A"
[1] "Fitting variance A"
[1] "DR"
[1] -0.8065388
[1] 0.5477334
[1] 1

1 
1 
[1] "se comparison"
[1] NA
[1] NA
[1] 2
[1] 0.2498875
[1] 0.2612326
[1] "AdaLSE"
[1] 0.3029083
[1] 0.03940693
[1] 1

1 
2 
[1] "Fitting mean A"
[1] "Fitting variance A"
[1] "DR"
[1] 0.2992705
[1] 0.03846619
[1] 1

1 
2 
[1] "se comparison"
[1] 0.04068747
[1] 0.7819253
[1] 3
[1] 0.2498875
[1] 0.2612326
[1] "AdaLSE"
[1] 0.3093989
[1] 0.03974758
[1] 1

1 
3 
[1] "Fitting mean A"
[1] "Fitting variance A"
[1] "DR"
[1] 0.3549847
[1] 0.04888681
[1] 1

1 
3 
[1] "se comparison"
[1] 0.03524457
[1] 0.6551152
[1] 4
[1] 0.2498875
[1] 0.2612326
[1] "AdaLSE"
[1] 0.3611651
[1] 0.04015787
[1] 0.75

0 1 
1 3 
[1] "Fitting mean A"
[1] "Fitting variance A"
[1] "DR"
[1] -0.594581
[1] 0.4882753
[1] 1

1 
4 
[1] "se comparison"
[1] 0.04737771
[1] 0.6000435
[1] 5
[1] 0.2498875
[1] 0.2612326
[1] "AdaLSE"
[1] 0.2529905
[1] 0.03756893
[1] 0.8

0 1 
1 4 
[1] "Fitting mean A"
[1] "Fitting variance A"
[1] "DR"
[1] -0.313597
[1] 0.3575761
[1] 1

1 
5 
[1] "se comparison"
[1] 0.0471006
[1] 0.5227418
[1] 6
[1] 0.2498875
[1] 0.2612326
[1] "AdaLSE"
[1] 0.3034383
[1] 0.04000929
[1] 0.8333333

0 1 
1 5 
[1] "Fitting mean A"
[1] "Fitting variance A"
[1] "DR"
[1] -0.5359463
[1] 0.4000409
[1] 0.8333333

0 1 
1 5 
[1] "se comparison"
[1] 0.04229055
[1] 0.4858882
[1] 7
[1] 0.2498875
[1] 0.2612326
[1] "AdaLSE"
[1] 0.200668
[1] 0.04057908
[1] 0.8571429

0 1 
1 6 
[1] "Fitting mean A"
[1] "Fitting variance A"
[1] "DR"
[1] 0.1905626
[1] 0.04340693
[1] 0.8571429

0 1 
1 6 
[1] "se comparison"
[1] 0.05277693
[1] 0.4759484
[1] 8
[1] 0.2498875
[1] 0.2612326
[1] "AdaLSE"
[1] 0.2054645
[1] 0.03989805
[1] 0.875

0 1 
1 7 
[1] "Fitting mean A"
[1] "Fitting variance A"
[1] "DR"
[1] 0.20184
[1] 0.04391238
[1] 0.875

0 1 
1 7 
[1] "se comparison"
[1] 0.05590173
[1] 0.4630705
[1] 9
[1] 0.2498875
[1] 0.2612326
[1] "AdaLSE"
[1] 1.086583
[1] 0.02120071
[1] 0.7777778

0 1 
2 7 
[1] "Fitting mean A"
[1] "Fitting variance A"
[1] "DR"
[1] 0.498639
[1] 0.05618704
[1] 0.7777778

0 1 
2 7 
[1] "se comparison"
[1] 0.2762962
[1] 0.4842006
[1] 10
[1] 0.2498875
[1] 0.2612326
[1] "AdaLSE"
[1] 0.2829346
[1] 0.03880252
[1] 0.8

0 1 
2 8 
[1] "Fitting mean A"
[1] "Fitting variance A"
[1] "DR"
[1] 0.66918
[1] 0.4877309
[1] 0.8

0 1 
2 8 
[1] "se comparison"
[1] 0.2617254
[1] 0.5140855
[1] 11
[1] 0.2498875
[1] 0.2612326
[1] "AdaLSE"
[1] 0.2448433
[1] 0.0388412
[1] 0.8181818

0 1 
2 9 
[1] "Fitting mean A"
[1] "Fitting variance A"
[1] "DR"
[1] 0.3057015
[1] 0.04541943
[1] 0.8181818

0 1 
2 9 
[1] "se comparison"
[1] 0.2505098
[1] 0.4965416
[1] 12
[1] 0.2498875
[1] 0.2612326
[1] "AdaLSE"
[1] 0.3173573
[1] 0.03966736
[1] 0.8333333

 0  1 
 2 10 
[1] "Fitting mean A"
[1] "Fitting variance A"
[1] "DR"
[1] 0.2717049
[1] 0.04858009
[1] 0.8333333

 0  1 
 2 10 
[1] "se comparison"
[1] 0.2389856
[1] 0.4787819
[1] 13
[1] 0.2498875
[1] 0.2612326
[1] "AdaLSE"
[1] 0.288906
[1] 0.03911347
[1] 0.8461538

 0  1 
 2 11 
[1] "Fitting mean A"
[1] "Fitting variance A"
[1] "DR"
[1] -0.06292821
[1] 0.833614
[1] 0.8461538

 0  1 
 2 11 
[1] "se comparison"
[1] 0.2292983
[1] 0.4593769
[1] 14
[1] 0.2498875
[1] 0.2612326
[1] "AdaLSE"
[1] 0.2696962
[1] 0.04175584
[1] 0.8571429

 0  1 
 2 12 
[1] "Fitting mean A"
[1] "Fitting variance A"
[1] "DR"
[1] 0.2920845
[1] 0.04217315
[1] 0.8571429

 0  1 
 2 12 
[1] "se comparison"
[1] 0.2210714
[1] 0.4465978
[1] 15
[1] 0.2498875
[1] 0.2612326
[1] "AdaLSE"
[1] 0.2681878
[1] 0.03816201
[1] 0.8666667

 0  1 
 2 13 
[1] "Fitting mean A"
[1] "Fitting variance A"
[1] "DR"
[1] -0.04924475
[1] 0.3278858
[1] 0.8666667

 0  1 
 2 13 
[1] "se comparison"
[1] 0.2137001
[1] 0.4311938
[1] 16
[1] 0.2498875
[1] 0.2612326
[1] "AdaLSE"
[1] 0.2813887
[1] 0.03984632
[1] 0.875

 0  1 
 2 14 
[1] "Fitting mean A"
[1] "Fitting variance A"
[1] "DR"
[1] 0.2761174
[1] 0.03696682
[1] 0.875

 0  1 
 2 14 
[1] "se comparison"
[1] 0.2068015
[1] 0.4204558
[1] 17
[1] 0.2498875
[1] 0.2612326
[1] "AdaLSE"
[1] 0.2329549
[1] 0.04043486
[1] 0.8823529

 0  1 
 2 15 
[1] "Fitting mean A"
[1] "Fitting variance A"
[1] "DR"
[1] 0.2495623
[1] 0.04104419
[1] 0.8823529

 0  1 
 2 15 
[1] "se comparison"
[1] 0.2015114
[1] 0.4096294
[1] 18
[1] 0.2498875
[1] 0.2612326
[1] "AdaLSE"
[1] 0.2216733
[1] 0.04071472
[1] 0.8888889

 0  1 
 2 16 
[1] "Fitting mean A"
[1] "Fitting variance A"
[1] "DR"
[1] 0.21138
[1] 0.03777587
[1] 0.8888889

 0  1 
 2 16 
[1] "se comparison"
[1] 0.196887
[1] 0.3987286
[1] 19
[1] 0.2498875
[1] 0.2612326
[1] "AdaLSE"
[1] 0.2684033
[1] 0.04235158
[1] 0.8947368

 0  1 
 2 17 
[1] "Fitting mean A"
[1] "Fitting variance A"
[1] "DR"
[1] 0.2590246
[1] 0.05569621
[1] 0.8947368

 0  1 
 2 17 
[1] "se comparison"
[1] 0.1916424
[1] 0.3896407
[1] 20
[1] 0.2498875
[1] 0.2612326
[1] "AdaLSE"
[1] 0.2571743
[1] 0.03906243
[1] 0.9

 0  1 
 2 18 
[1] "Fitting mean A"
[1] "Fitting variance A"
[1] "DR"
[1] 1.768405
[1] 0.8679403
[1] 0.9

 0  1 
 2 18 
[1] "se comparison"
[1] 0.1869462
[1] 0.5334958
[1] 21
[1] 0.2498875
[1] 0.2612326
[1] "AdaLSE"
[1] 0.2250706
[1] 0.04532784
[1] 0.9047619

 0  1 
 2 19 
[1] "Fitting mean A"
[1] "Fitting variance A"
[1] "DR"
[1] 0.2445194
[1] 0.04939451
[1] 0.9047619

 0  1 
 2 19 
[1] "se comparison"
[1] 0.1831543
[1] 0.5202132
[1] 22
[1] 0.2498875
[1] 0.2612326
[1] "AdaLSE"
[1] 0.2541245
[1] 0.03986946
[1] 0.9090909

 0  1 
 2 20 
[1] "Fitting mean A"
[1] "Fitting variance A"
[1] "DR"
[1] 0.7006832
[1] 0.4612273
[1] 0.9090909

 0  1 
 2 20 
[1] "se comparison"
[1] 0.1790826
[1] 0.5197797
[1] 23
[1] 0.2498875
[1] 0.2612326
[1] "AdaLSE"
[1] 0.2577156
[1] 0.03985929
[1] 0.9130435

 0  1 
 2 21 
[1] "Fitting mean A"
[1] "Fitting variance A"
[1] "DR"
[1] 0.266777
[1] 0.03696231
[1] 0.9130435

 0  1 
 2 21 
[1] "se comparison"
[1] 0.1752273
[1] 0.5080121
[1] 24
[1] 0.2498875
[1] 0.2612326
[1] "AdaLSE"
[1] 0.2376475
[1] 0.04186012
[1] 0.9166667

 0  1 
 2 22 
[1] "Fitting mean A"
[1] "Fitting variance A"
[1] "DR"
[1] 0.2314775
[1] 0.07891854
[1] 0.9166667

 0  1 
 2 22 
[1] "se comparison"
[1] 0.1718733
[1] 0.4968767
[1] 25
[1] 0.2498875
[1] 0.2612326
[1] "AdaLSE"
[1] 1.019301
[1] 0.02340056
[1] 0.88

 0  1 
 3 22 
[1] "Fitting mean A"
[1] "Fitting variance A"
[1] "DR"
[1] -0.6160223
[1] 0.7251075
[1] 0.92

 0  1 
 2 23 
[1] "se comparison"
[1] 0.2215011
[1] 0.5134077
[1] 26
[1] 0.2498875
[1] 0.2612326
[1] "AdaLSE"
[1] 1.000298
[1] 0.02321154
[1] 0.8461538

 0  1 
 4 22 
[1] "Fitting mean A"
[1] "Fitting variance A"
[1] "DR"
[1] 0.3751472
[1] 0.05431014
[1] 0.8846154

 0  1 
 3 23 
[1] "se comparison"
[1] 0.2539564
[1] 0.5046019
[1] 27
[1] 0.2498875
[1] 0.2612326
[1] "AdaLSE"
[1] 0.2752548
[1] 0.0381914
[1] 0.8518519

 0  1 
 4 23 
[1] "Fitting mean A"
[1] "Fitting variance A"
[1] "DR"
[1] 0.2280316
[1] 0.2776786
[1] 0.8888889

 0  1 
 3 24 
[1] "se comparison"
[1] 0.2494817
[1] 0.4948881
[1] 28
[1] 0.2498875
[1] 0.2612326
[1] "AdaLSE"
[1] 0.2359469
[1] 0.04355806
[1] 0.8571429

 0  1 
 4 24 
[1] "Fitting mean A"
[1] "Fitting variance A"
[1] "DR"
[1] 0.2316747
[1] 0.04279654
[1] 0.8928571

 0  1 
 3 25 
[1] "se comparison"
[1] 0.2457779
[1] 0.4857275
[1] 29
[1] 0.2498875
[1] 0.2612326
[1] "AdaLSE"
[1] 0.1970518
[1] 0.04205773
[1] 0.862069

 0  1 
 4 25 
[1] "Fitting mean A"
[1] "Fitting variance A"
[1] "DR"
[1] 0.2056195
[1] 0.05907047
[1] 0.8965517

 0  1 
 3 26 
[1] "se comparison"
[1] 0.2429431
[1] 0.476992
[1] 30
[1] 0.2498875
[1] 0.2612326
[1] "AdaLSE"
[1] 0.2041402
[1] 0.04132741
[1] 0.8666667

 0  1 
 4 26 
[1] "Fitting mean A"
[1] "Fitting variance A"
[1] "DR"
[1] 0.2190883
[1] 0.041796
[1] 0.9

 0  1 
 3 27 
[1] "se comparison"
[1] 0.2400316
[1] 0.4687382
[1] 31
[1] 0.2498875
[1] 0.2612326
[1] "AdaLSE"
[1] 0.2811441
[1] 0.04055147
[1] 0.8709677

 0  1 
 4 27 
[1] "Fitting mean A"
[1] "Fitting variance A"
[1] "DR"
[1] 0.2669068
[1] 0.03727926
[1] 0.9032258

 0  1 
 3 28 
[1] "se comparison"
[1] 0.2362098
[1] 0.4610901
[1] 32
[1] 0.2498875
[1] 0.2612326
[1] "AdaLSE"
[1] 0.1926759
[1] 0.0386288
[1] 0.875

 0  1 
 4 28 
[1] "Fitting mean A"
[1] "Fitting variance A"
[1] "DR"
[1] -0.5562189
[1] 0.7843611
[1] 0.90625

 0  1 
 3 29 
[1] "se comparison"
[1] 0.2337295
[1] 0.4723043
[1] 33
[1] 0.2498875
[1] 0.2612326
[1] "AdaLSE"
[1] 0.2659899
[1] 0.0388679
[1] 0.8787879

 0  1 
 4 29 
[1] "Fitting mean A"
[1] "Fitting variance A"
[1] "DR"
[1] 0.280275
[1] 0.04070971
[1] 0.9090909

 0  1 
 3 30 
[1] "se comparison"
[1] 0.2303239
[1] 0.4652981
[1] 34
[1] 0.2498875
[1] 0.2612326
[1] "AdaLSE"
[1] 0.2442926
[1] 0.04032028
[1] 0.8823529

 0  1 
 4 30 
[1] "Fitting mean A"
[1] "Fitting variance A"
[1] "DR"
[1] 0.2531305
[1] 0.03720991
[1] 0.9117647

 0  1 
 3 31 
[1] "se comparison"
[1] 0.2272691
[1] 0.4584232
[1] 35
[1] 0.2498875
[1] 0.2612326
[1] "AdaLSE"
[1] 0.2499985
[1] 0.04074718
[1] 0.8857143

 0  1 
 4 31 
[1] "Fitting mean A"
[1] "Fitting variance A"
[1] "DR"
[1] 0.2410863
[1] 0.04176858
[1] 0.9142857

 0  1 
 3 32 
[1] "se comparison"
[1] 0.2242725
[1] 0.4517864
[1] 36
[1] 0.2498875
[1] 0.2612326
[1] "AdaLSE"
[1] 0.2332771
[1] 0.04348549
[1] 0.8888889

 0  1 
 4 32 
[1] "Fitting mean A"
[1] "Fitting variance A"
[1] "DR"
[1] 0.2291627
[1] 0.03899335
[1] 0.9166667

 0  1 
 3 33 
[1] "se comparison"
[1] 0.2215626
[1] 0.4453836
[1] 37
[1] 0.2498875
[1] 0.2612326
[1] "AdaLSE"
[1] 0.2607039
[1] 0.03947666
[1] 0.8918919

 0  1 
 4 33 
[1] "Fitting mean A"
[1] "Fitting variance A"
[1] "DR"
[1] 0.2818189
[1] 0.0426137
[1] 0.9189189

 0  1 
 3 34 
[1] "se comparison"
[1] 0.2186925
[1] 0.4395075
[1] 38
[1] 0.2498875
[1] 0.2612326
[1] "AdaLSE"
[1] 0.2218618
[1] 0.03903086
[1] 0.8947368

 0  1 
 4 34 
[1] "Fitting mean A"
[1] "Fitting variance A"
[1] "DR"
[1] 0.225268
[1] 0.0397084
[1] 0.9210526

 0  1 
 3 35 
[1] "se comparison"
[1] 0.2163024
[1] 0.4335967
[1] 39
[1] 0.2498875
[1] 0.2612326
[1] "AdaLSE"
[1] 0.2598734
[1] 0.04037705
[1] 0.8974359

 0  1 
 4 35 
[1] "Fitting mean A"
[1] "Fitting variance A"
[1] "DR"
[1] 0.3492029
[1] 0.4003181
[1] 0.9230769

 0  1 
 3 36 
[1] "se comparison"
[1] 0.2136354
[1] 0.4287227
[1] 40
[1] 0.2498875
[1] 0.2612326
[1] "AdaLSE"
[1] 0.2656151
[1] 0.04286756
[1] 0.9

 0  1 
 4 36 
[1] "Fitting mean A"
[1] "Fitting variance A"
[1] "DR"
[1] 0.2729676
[1] 0.04110159
[1] 0.925

 0  1 
 3 37 
[1] "se comparison"
[1] 0.2110282
[1] 0.4234288
[1] 41
[1] 0.2498875
[1] 0.2612326
[1] "AdaLSE"
[1] 0.2413901
[1] 0.04260497
[1] 0.902439

 0  1 
 4 37 
[1] "Fitting mean A"
[1] "Fitting variance A"
[1] "DR"
[1] 0.26206
[1] 0.04669016
[1] 0.9268293

 0  1 
 3 38 
[1] "se comparison"
[1] 0.208687
[1] 0.4182737
[1] 42
[1] 0.2498875
[1] 0.2612326
[1] "AdaLSE"
[1] 0.2147368
[1] 0.04254948
[1] 0.9047619

 0  1 
 4 38 
[1] "Fitting mean A"
[1] "Fitting variance A"
[1] "DR"
[1] 0.2793117
[1] 0.07635532
[1] 0.9285714

 0  1 
 3 39 
[1] "se comparison"
[1] 0.206681
[1] 0.4133854
[1] 43
[1] 0.2498875
[1] 0.2612326
[1] "AdaLSE"
[1] 0.2516551
[1] 0.03900167
[1] 0.9069767

 0  1 
 4 39 
[1] "Fitting mean A"
[1] "Fitting variance A"
[1] "DR"
[1] 0.2574082
[1] 0.03757012
[1] 0.9302326

 0  1 
 3 40 
[1] "se comparison"
[1] 0.2044025
[1] 0.4085659
[1] 44
[1] 0.2498875
[1] 0.2612326
[1] "AdaLSE"
[1] 0.2860005
[1] 0.03732321
[1] 0.9090909

 0  1 
 4 40 
[1] "Fitting mean A"
[1] "Fitting variance A"
[1] "DR"
[1] 0.2759974
[1] 0.03765236
[1] 0.9318182

 0  1 
 3 41 
[1] "se comparison"
[1] 0.2020418
[1] 0.4039902
[1] 45
[1] 0.2498875
[1] 0.2612326
[1] "AdaLSE"
[1] 0.3261251
[1] 0.04040571
[1] 0.9111111

 0  1 
 4 41 
[1] "Fitting mean A"
[1] "Fitting variance A"
[1] "DR"
[1] 0.2583945
[1] 0.06931506
[1] 0.9333333

 0  1 
 3 42 
[1] "se comparison"
[1] 0.1997498
[1] 0.3994921
[1] 46
[1] 0.2498875
[1] 0.2612326
[1] "AdaLSE"
[1] 0.3145685
[1] 0.03784517
[1] 0.9130435

 0  1 
 4 42 
[1] "Fitting mean A"
[1] "Fitting variance A"
[1] "DR"
[1] 0.3065154
[1] 0.0368909
[1] 0.9347826

 0  1 
 3 43 
[1] "se comparison"
[1] 0.1975196
[1] 0.3953738
[1] 47
[1] 0.2498875
[1] 0.2612326
[1] "AdaLSE"
[1] 0.2596901
[1] 0.03977814
[1] 0.9148936

 0  1 
 4 43 
[1] "Fitting mean A"
[1] "Fitting variance A"
[1] "DR"
[1] 0.08913111
[1] 0.9092844
[1] 0.9361702

 0  1 
 3 44 
[1] "se comparison"
[1] 0.1954937
[1] 0.3913683
[1] 48
[1] 0.2498875
[1] 0.2612326
[1] "AdaLSE"
[1] 0.294144
[1] 0.03956011
[1] 0.9166667

 0  1 
 4 44 
[1] "Fitting mean A"
[1] "Fitting variance A"
[1] "DR"
[1] 0.003298335
[1] 0.644585
[1] 0.9375

 0  1 
 3 45 
[1] "se comparison"
[1] 0.1934132
[1] 0.3881655
[1] 49
[1] 0.2498875
[1] 0.2612326
[1] "AdaLSE"
[1] 0.2380531
[1] 0.04280932
[1] 0.9183673

 0  1 
 4 45 
[1] "Fitting mean A"
[1] "Fitting variance A"
[1] "DR"
[1] 0.2381408
[1] 0.03902231
[1] 0.9387755

 0  1 
 3 46 
[1] "se comparison"
[1] 0.1916467
[1] 0.3841609
[1] 50
[1] 0.2498875
[1] 0.2612326
[1] "AdaLSE"
[1] 1.034556
[1] 0.02298535
[1] 0.9

 0  1 
 5 45 
[1] "Fitting mean A"
[1] "Fitting variance A"
[1] "DR"
[1] 0.4189034
[1] 0.05916517
[1] 0.92

 0  1 
 4 46 
[1] "se comparison"
[1] 0.2158364
[1] 0.3815776
[1] 51
[1] 0.2498875
[1] 0.2612326
[1] "AdaLSE"
[1] 0.2131112
[1] 0.04292796
[1] 0.9019608

 0  1 
 5 46 
[1] "Fitting mean A"
[1] "Fitting variance A"
[1] "DR"
[1] 0.2169924
[1] 0.04066595
[1] 0.9215686

 0  1 
 4 47 
[1] "se comparison"
[1] 0.2141994
[1] 0.3777539
[1] 52
[1] 0.2498875
[1] 0.2612326
[1] "AdaLSE"
[1] 0.2349288
[1] 0.04034771
[1] 0.9038462

 0  1 
 5 47 
[1] "Fitting mean A"
[1] "Fitting variance A"
[1] "DR"
[1] 0.2332087
[1] 0.0367265
[1] 0.9230769

 0  1 
 4 48 
[1] "se comparison"
[1] 0.2124075
[1] 0.3740667
[1] 53
[1] 0.2498875
[1] 0.2612326
[1] "AdaLSE"
[1] 0.2608098
[1] 0.04120553
[1] 0.9056604

 0  1 
 5 48 
[1] "Fitting mean A"
[1] "Fitting variance A"
[1] "DR"
[1] 0.256915
[1] 0.0428267
[1] 0.9245283

 0  1 
 4 49 
[1] "se comparison"
[1] 0.2104976
[1] 0.3705432
[1] 54
[1] 0.2498875
[1] 0.2612326
[1] "AdaLSE"
[1] 0.270376
[1] 0.04082001
[1] 0.9074074

 0  1 
 5 49 
[1] "Fitting mean A"
[1] "Fitting variance A"
[1] "DR"
[1] 0.8362
[1] 0.7735927
[1] 0.9259259

 0  1 
 4 50 
[1] "se comparison"
[1] 0.2085951
[1] 0.3771551
[1] 55
[1] 0.2498875
[1] 0.2612326
[1] "AdaLSE"
[1] 0.2688045
[1] 0.0425468
[1] 0.9090909

 0  1 
 5 50 
[1] "Fitting mean A"
[1] "Fitting variance A"
[1] "DR"
[1] -0.8836918
[1] 0.7029801
[1] 0.9272727

 0  1 
 4 51 
[1] "se comparison"
[1] 0.2067496
[1] 0.4017046
[1] 56
[1] 0.2498875
[1] 0.2612326
[1] "AdaLSE"
[1] 0.2264421
[1] 0.04072334
[1] 0.9107143

 0  1 
 5 51 
[1] "Fitting mean A"
[1] "Fitting variance A"
[1] "DR"
[1] 0.06769775
[1] 0.2319084
[1] 0.9285714

 0  1 
 4 52 
[1] "se comparison"
[1] 0.2051984
[1] 0.3983729
[1] 57
[1] 0.2498875
[1] 0.2612326
[1] "AdaLSE"
[1] 0.2249816
[1] 0.03997076
[1] 0.9122807

 0  1 
 5 52 
[1] "Fitting mean A"
[1] "Fitting variance A"
[1] "DR"
[1] 0.1596109
[1] 1.371292
[1] 0.9298246

 0  1 
 4 53 
[1] "se comparison"
[1] 0.2036907
[1] 0.3948179
[1] 58
[1] 0.2498875
[1] 0.2612326
[1] "AdaLSE"
[1] 0.1965315
[1] 0.04009539
[1] 0.9137931

 0  1 
 5 53 
[1] "Fitting mean A"
[1] "Fitting variance A"
[1] "DR"
[1] 0.2150501
[1] 0.2838345
[1] 0.9310345

 0  1 
 4 54 
[1] "se comparison"
[1] 0.2024576
[1] 0.3913559
[1] 59
[1] 0.2498875
[1] 0.2612326
[1] "AdaLSE"
[1] 0.2928991
[1] 0.0435446
[1] 0.9152542

 0  1 
 5 54 
[1] "Fitting mean A"
[1] "Fitting variance A"
[1] "DR"
[1] 0.2348617
[1] 0.2633259
[1] 0.9322034

 0  1 
 4 55 
[1] "se comparison"
[1] 0.2007161
[1] 0.3880153
[1] 60
[1] 0.2498875
[1] 0.2612326
[1] "AdaLSE"
[1] 0.2487874
[1] 0.04121078
[1] 0.9166667

 0  1 
 5 55 
[1] "Fitting mean A"
[1] "Fitting variance A"
[1] "DR"
[1] 0.2645053
[1] 0.08694998
[1] 0.9333333

 0  1 
 4 56 
[1] "se comparison"
[1] 0.1991598
[1] 0.384837
[1] 61
[1] 0.2498875
[1] 0.2612326
[1] "AdaLSE"
[1] 0.3005635
[1] 0.04174947
[1] 0.9180328

 0  1 
 5 56 
[1] "Fitting mean A"
[1] "Fitting variance A"
[1] "DR"
[1] 0.1517873
[1] 0.1005293
[1] 0.9344262

 0  1 
 4 57 
[1] "se comparison"
[1] 0.1974954
[1] 0.3816481
[1] 62
[1] 0.2498875
[1] 0.2612326
[1] "AdaLSE"
[1] 0.2119481
[1] 0.04156988
[1] 0.9193548

 0  1 
 5 57 
[1] "Fitting mean A"
[1] "Fitting variance A"
[1] "DR"
[1] 0.2366392
[1] 0.03989546
[1] 0.9354839

 0  1 
 4 58 
[1] "se comparison"
[1] 0.1962487
[1] 0.3785543
[1] 63
[1] 0.2498875
[1] 0.2612326
[1] "AdaLSE"
[1] 0.2707368
[1] 0.03953396
[1] 0.9206349

 0  1 
 5 58 
[1] "Fitting mean A"
[1] "Fitting variance A"
[1] "DR"
[1] 0.2667282
[1] 0.04079787
[1] 0.9365079

 0  1 
 4 59 
[1] "se comparison"
[1] 0.1947114
[1] 0.3756126
[1] 64
[1] 0.2498875
[1] 0.2612326
[1] "AdaLSE"
[1] 0.2588332
[1] 0.04173804
[1] 0.921875

 0  1 
 5 59 
[1] "Fitting mean A"
[1] "Fitting variance A"
[1] "DR"
[1] 0.07547463
[1] 0.1566253
[1] 0.9375

 0  1 
 4 60 
[1] "se comparison"
[1] 0.1932491
[1] 0.3729016
[1] 65
[1] 0.2498875
[1] 0.2612326
[1] "AdaLSE"
[1] 0.3016523
[1] 0.03847163
[1] 0.9230769

 0  1 
 5 60 
[1] "Fitting mean A"
[1] "Fitting variance A"
[1] "DR"
[1] 0.3169794
[1] 0.03743376
[1] 0.9384615

 0  1 
 4 61 
[1] "se comparison"
[1] 0.1917338
[1] 0.3703138
[1] 66
[1] 0.2498875
[1] 0.2612326
[1] "AdaLSE"
[1] 0.3283135
[1] 0.04138567
[1] 0.9242424

 0  1 
 5 61 
[1] "Fitting mean A"
[1] "Fitting variance A"
[1] "DR"
[1] 0.3066727
[1] 0.094368
[1] 0.9393939

 0  1 
 4 62 
[1] "se comparison"
[1] 0.1902749
[1] 0.367727
[1] 67
[1] 0.2498875
[1] 0.2612326
[1] "AdaLSE"
[1] 0.2682235
[1] 0.03656813
[1] 0.9253731

 0  1 
 5 62 
[1] "Fitting mean A"
[1] "Fitting variance A"
[1] "DR"
[1] 0.2830909
[1] 0.038426
[1] 0.9402985

 0  1 
 4 63 
[1] "se comparison"
[1] 0.1888824
[1] 0.3650953
[1] 68
[1] 0.2498875
[1] 0.2612326
[1] "AdaLSE"
[1] 0.2392924
[1] 0.0367598
[1] 0.9264706

 0  1 
 5 63 
[1] "Fitting mean A"
[1] "Fitting variance A"
[1] "DR"
[1] 0.6320499
[1] 0.4834034
[1] 0.9411765

 0  1 
 4 64 
[1] "se comparison"
[1] 0.1876358
[1] 0.3662214
[1] 69
[1] 0.2498875
[1] 0.2612326
[1] "AdaLSE"
[1] 0.2329924
[1] 0.04173988
[1] 0.9275362

 0  1 
 5 64 
[1] "Fitting mean A"
[1] "Fitting variance A"
[1] "DR"
[1] 0.2570633
[1] 0.03535335
[1] 0.942029

 0  1 
 4 65 
[1] "se comparison"
[1] 0.1864463
[1] 0.363581
[1] 70
[1] 0.2498875
[1] 0.2612326
[1] "AdaLSE"
[1] 0.2577629
[1] 0.03948725
[1] 0.9285714

 0  1 
 5 65 
[1] "Fitting mean A"
[1] "Fitting variance A"
[1] "DR"
[1] 0.1004636
[1] 0.08798102
[1] 0.9428571

 0  1 
 4 66 
[1] "se comparison"
[1] 0.1851686
[1] 0.3611404
[1] 71
[1] 0.2498875
[1] 0.2612326
[1] "AdaLSE"
[1] 0.2640991
[1] 0.0415339
[1] 0.9295775

 0  1 
 5 66 
[1] "Fitting mean A"
[1] "Fitting variance A"
[1] "DR"
[1] 1.674898
[1] 0.796907
[1] 0.943662

 0  1 
 4 67 
[1] "se comparison"
[1] 0.1838968
[1] 0.3989707
[1] 72
[1] 0.2498875
[1] 0.2612326
[1] "AdaLSE"
[1] 0.2318352
[1] 0.04551209
[1] 0.9305556

 0  1 
 5 67 
[1] "Fitting mean A"
[1] "Fitting variance A"
[1] "DR"
[1] 0.2342478
[1] 0.04170799
[1] 0.9444444

 0  1 
 4 68 
[1] "se comparison"
[1] 0.1827823
[1] 0.396154
[1] 73
[1] 0.2498875
[1] 0.2612326
[1] "AdaLSE"
[1] 0.2434945
[1] 0.04217017
[1] 0.9315068

 0  1 
 5 68 
[1] "Fitting mean A"
[1] "Fitting variance A"
[1] "DR"
[1] 0.2417025
[1] 0.0381824
[1] 0.9452055

 0  1 
 4 69 
[1] "se comparison"
[1] 0.1816319
[1] 0.3934005
[1] 74
[1] 0.2498875
[1] 0.2612326
[1] "AdaLSE"
[1] 0.3017417
[1] 0.04073583
[1] 0.9324324

 0  1 
 5 69 
[1] "Fitting mean A"
[1] "Fitting variance A"
[1] "DR"
[1] 0.1064844
[1] 0.3428601
[1] 0.9459459

 0  1 
 4 70 
[1] "se comparison"
[1] 0.1803837
[1] 0.3909262
[1] 75
[1] 0.2498875
[1] 0.2612326
[1] "AdaLSE"
[1] 0.169418
[1] 0.04490272
[1] 0.92

 0  1 
 6 69 
[1] "Fitting mean A"
[1] "Fitting variance A"
[1] "DR"
[1] 0.9612207
[1] 0.9769624
[1] 0.9466667

 0  1 
 4 71 
[1] "se comparison"
[1] 0.1797933
[1] 0.3975936
[1] 76
[1] 0.2498875
[1] 0.2612326
[1] "AdaLSE"
[1] 0.2493869
[1] 0.038834
[1] 0.9210526

 0  1 
 6 70 
[1] "Fitting mean A"
[1] "Fitting variance A"
[1] "DR"
[1] -0.00098751
[1] 0.7700196
[1] 0.9473684

 0  1 
 4 72 
[1] "se comparison"
[1] 0.1786783
[1] 0.3958221
[1] 77
[1] 0.2498875
[1] 0.2612326
[1] "AdaLSE"
[1] 0.2934556
[1] 0.04175809
[1] 0.9220779

 0  1 
 6 71 
[1] "Fitting mean A"
[1] "Fitting variance A"
[1] "DR"
[1] 0.2926187
[1] 0.03643421
[1] 0.9480519

 0  1 
 4 73 
[1] "se comparison"
[1] 0.1774995
[1] 0.3932805
[1] 78
[1] 0.2498875
[1] 0.2612326
[1] "AdaLSE"
[1] 0.2315484
[1] 0.03884348
[1] 0.9230769

 0  1 
 6 72 
[1] "Fitting mean A"
[1] "Fitting variance A"
[1] "DR"
[1] 0.2288478
[1] 0.03463788
[1] 0.9487179

 0  1 
 4 74 
[1] "se comparison"
[1] 0.1765011
[1] 0.3907184
[1] 79
[1] 0.2498875
[1] 0.2612326
[1] "AdaLSE"
[1] 0.2532051
[1] 0.04173111
[1] 0.9240506

 0  1 
 6 73 
[1] "Fitting mean A"
[1] "Fitting variance A"
[1] "DR"
[1] 0.2466542
[1] 0.04965975
[1] 0.9493671

 0  1 
 4 75 
[1] "se comparison"
[1] 0.1754341
[1] 0.3882115
[1] 80
[1] 0.2498875
[1] 0.2612326
[1] "AdaLSE"
[1] 0.2357137
[1] 0.03708913
[1] 0.925

 0  1 
 6 74 
[1] "Fitting mean A"
[1] "Fitting variance A"
[1] "DR"
[1] 0.2347036
[1] 0.04911752
[1] 0.95

 0  1 
 4 76 
[1] "se comparison"
[1] 0.1744508
[1] 0.3857473
[1] 81
[1] 0.2498875
[1] 0.2612326
[1] "AdaLSE"
[1] 0.2262974
[1] 0.04000189
[1] 0.9259259

 0  1 
 6 75 
[1] "Fitting mean A"
[1] "Fitting variance A"
[1] "DR"
[1] 0.2420745
[1] 0.05586259
[1] 0.9506173

 0  1 
 4 77 
[1] "se comparison"
[1] 0.1735266
[1] 0.3833319
[1] 82
[1] 0.2498875
[1] 0.2612326
[1] "AdaLSE"
[1] 0.2557557
[1] 0.04037184
[1] 0.9268293

 0  1 
 6 76 
[1] "Fitting mean A"
[1] "Fitting variance A"
[1] "DR"
[1] 0.2692551
[1] 0.04873719
[1] 0.9512195

 0  1 
 4 78 
[1] "se comparison"
[1] 0.1725052
[1] 0.3809851
[1] 83
[1] 0.2498875
[1] 0.2612326
[1] "AdaLSE"
[1] 0.2412985
[1] 0.03824338
[1] 0.9277108

 0  1 
 6 77 
[1] "Fitting mean A"
[1] "Fitting variance A"
[1] "DR"
[1] 0.7218487
[1] 0.4148856
[1] 0.9518072

 0  1 
 4 79 
[1] "se comparison"
[1] 0.1715477
[1] 0.3825021
[1] 84
[1] 0.2498875
[1] 0.2612326
[1] "AdaLSE"
[1] 0.2917438
[1] 0.04152013
[1] 0.9285714

 0  1 
 6 78 
[1] "Fitting mean A"
[1] "Fitting variance A"
[1] "DR"
[1] 0.2870044
[1] 0.04144534
[1] 0.952381

 0  1 
 4 80 
[1] "se comparison"
[1] 0.1705112
[1] 0.3802336
[1] 85
[1] 0.2498875
[1] 0.2612326
[1] "AdaLSE"
[1] 0.27659
[1] 0.0388251
[1] 0.9294118

 0  1 
 6 79 
[1] "Fitting mean A"
[1] "Fitting variance A"
[1] "DR"
[1] 0.4118916
[1] 1.012026
[1] 0.9529412

 0  1 
 4 81 
[1] "se comparison"
[1] 0.169503
[1] 0.3784479
[1] 86
[1] 0.2498875
[1] 0.2612326
[1] "AdaLSE"
[1] 0.26978
[1] 0.03973082
[1] 0.9302326

 0  1 
 6 80 
[1] "Fitting mean A"
[1] "Fitting variance A"
[1] "DR"
[1] 0.2515422
[1] 0.0413017
[1] 0.9534884

 0  1 
 4 82 
[1] "se comparison"
[1] 0.1685218
[1] 0.3762182
[1] 87
[1] 0.2498875
[1] 0.2612326
[1] "AdaLSE"
[1] 0.2758881
[1] 0.03773817
[1] 0.9310345

 0  1 
 6 81 
[1] "Fitting mean A"
[1] "Fitting variance A"
[1] "DR"
[1] 0.2480202
[1] 0.08016311
[1] 0.954023

 0  1 
 4 83 
[1] "se comparison"
[1] 0.167549
[1] 0.3740262
[1] 88
[1] 0.2498875
[1] 0.2612326
[1] "AdaLSE"
[1] 0.2800089
[1] 0.04082802
[1] 0.9318182

 0  1 
 6 82 
[1] "Fitting mean A"
[1] "Fitting variance A"
[1] "DR"
[1] -0.6949337
[1] 0.4409711
[1] 0.9431818

 0  1 
 5 83 
[1] "se comparison"
[1] 0.1665888
[1] 0.3849327
[1] 89
[1] 0.2498875
[1] 0.2612326
[1] "AdaLSE"
[1] 0.2488831
[1] 0.04268137
[1] 0.9325843

 0  1 
 6 83 
[1] "Fitting mean A"
[1] "Fitting variance A"
[1] "DR"
[1] 0.1806418
[1] 0.3212899
[1] 0.9438202

 0  1 
 5 84 
[1] "se comparison"
[1] 0.1657042
[1] 0.3827711
[1] 90
[1] 0.2498875
[1] 0.2612326
[1] "AdaLSE"
[1] 0.2099128
[1] 0.03919304
[1] 0.9333333

 0  1 
 6 84 
[1] "Fitting mean A"
[1] "Fitting variance A"
[1] "DR"
[1] 0.2273932
[1] 0.3060627
[1] 0.9444444

 0  1 
 5 85 
[1] "se comparison"
[1] 0.164998
[1] 0.3806146
[1] 91
[1] 0.2498875
[1] 0.2612326
[1] "AdaLSE"
[1] 0.2701156
[1] 0.03955722
[1] 0.9340659

 0  1 
 6 85 
[1] "Fitting mean A"
[1] "Fitting variance A"
[1] "DR"
[1] 0.2467026
[1] 0.04208661
[1] 0.9450549

 0  1 
 5 86 
[1] "se comparison"
[1] 0.1640936
[1] 0.3785
[1] 92
[1] 0.2498875
[1] 0.2612326
[1] "AdaLSE"
[1] 0.1652876
[1] 0.04114779
[1] 0.923913

 0  1 
 7 85 
[1] "Fitting mean A"
[1] "Fitting variance A"
[1] "DR"
[1] -1.083554
[1] 0.8108842
[1] 0.9456522

 0  1 
 5 87 
[1] "se comparison"
[1] 0.1637142
[1] 0.4004415
[1] 93
[1] 0.2498875
[1] 0.2612326
[1] "AdaLSE"
[1] 0.1738771
[1] 0.04420412
[1] 0.9139785

 0  1 
 8 85 
[1] "Fitting mean A"
[1] "Fitting variance A"
[1] "DR"
[1] 0.1821099
[1] 0.05608917
[1] 0.9462366

 0  1 
 5 88 
[1] "se comparison"
[1] 0.1632631
[1] 0.3982718
[1] 94
[1] 0.2498875
[1] 0.2612326
[1] "AdaLSE"
[1] 0.2788082
[1] 0.04038629
[1] 0.9148936

 0  1 
 8 86 
[1] "Fitting mean A"
[1] "Fitting variance A"
[1] "DR"
[1] 0.2434629
[1] 0.05043934
[1] 0.9468085

 0  1 
 5 89 
[1] "se comparison"
[1] 0.162386
[1] 0.3961378
[1] 95
[1] 0.2498875
[1] 0.2612326
[1] "AdaLSE"
[1] 0.245731
[1] 0.0402019
[1] 0.9157895

 0  1 
 8 87 
[1] "Fitting mean A"
[1] "Fitting variance A"
[1] "DR"
[1] 0.235662
[1] 0.03524138
[1] 0.9473684

 0  1 
 5 90 
[1] "se comparison"
[1] 0.1615786
[1] 0.3940322
[1] 96
[1] 0.2498875
[1] 0.2612326
[1] "AdaLSE"
[1] 0.3051923
[1] 0.03859408
[1] 0.9166667

 0  1 
 8 88 
[1] "Fitting mean A"
[1] "Fitting variance A"
[1] "DR"
[1] 0.3593568
[1] 0.04269413
[1] 0.9375

 0  1 
 6 90 
[1] "se comparison"
[1] 0.1607358
[1] 0.3922378
[1] 97
[1] 0.2498875
[1] 0.2612326
[1] "AdaLSE"
[1] 0.248686
[1] 0.04201147
[1] 0.9175258

 0  1 
 8 89 
[1] "Fitting mean A"
[1] "Fitting variance A"
[1] "DR"
[1] 0.2404182
[1] 0.04062102
[1] 0.9381443

 0  1 
 6 91 
[1] "se comparison"
[1] 0.1599461
[1] 0.3901985
[1] 98
[1] 0.2498875
[1] 0.2612326
[1] "AdaLSE"
[1] 0.3358355
[1] 0.0392412
[1] 0.9183673

 0  1 
 8 90 
[1] "Fitting mean A"
[1] "Fitting variance A"
[1] "DR"
[1] 0.9431844
[1] 0.3902329
[1] 0.9387755

 0  1 
 6 92 
[1] "se comparison"
[1] 0.1591943
[1] 0.3950961
[1] 99
[1] 0.2498875
[1] 0.2612326
[1] "AdaLSE"
[1] 0.2439761
[1] 0.04010668
[1] 0.9191919

 0  1 
 8 91 
[1] "Fitting mean A"
[1] "Fitting variance A"
[1] "DR"
[1] 0.265557
[1] 0.0401448
[1] 0.9393939

 0  1 
 6 93 
[1] "se comparison"
[1] 0.1584419
[1] 0.3930994
[1] 100
[1] 0.2498875
[1] 0.2612326
[1] "AdaLSE"
[1] 0.2796376
[1] 0.04126142
[1] 0.92

 0  1 
 8 92 
[1] "Fitting mean A"
[1] "Fitting variance A"
[1] "DR"
[1] 0.2044207
[1] 0.05835579
[1] 0.94

 0  1 
 6 94 
[1] "se comparison"
[1] 0.1576416
[1] 0.3911132
[1] 101
[1] 0.2498875
[1] 0.2612326
[1] "AdaLSE"
[1] 0.2127722
[1] 0.03807072
[1] 0.9207921

 0  1 
 8 93 
[1] "Fitting mean A"
[1] "Fitting variance A"
[1] "DR"
[1] -0.5923369
[1] 0.9569313
[1] 0.9405941

 0  1 
 6 95 
[1] "se comparison"
[1] 0.1570276
[1] 0.3975065
[1] 102
[1] 0.2498875
[1] 0.2612326
[1] "AdaLSE"
[1] 0.2156614
[1] 0.0421434
[1] 0.9215686

 0  1 
 8 94 
[1] "Fitting mean A"
[1] "Fitting variance A"
[1] "DR"
[1] 0.2136238
[1] 0.0452066
[1] 0.9411765

 0  1 
 6 96 
[1] "se comparison"
[1] 0.1564068
[1] 0.3955338
[1] 103
[1] 0.2498875
[1] 0.2612326
[1] "AdaLSE"
[1] 0.2557839
[1] 0.03963649
[1] 0.9223301

 0  1 
 8 95 
[1] "Fitting mean A"
[1] "Fitting variance A"
[1] "DR"
[1] 0.325666
[1] 0.4088354
[1] 0.9417476

 0  1 
 6 97 
[1] "se comparison"
[1] 0.1556668
[1] 0.3937431
[1] 104
[1] 0.2498875
[1] 0.2612326
[1] "AdaLSE"
[1] 0.19988
[1] 0.0423579
[1] 0.9230769

 0  1 
 8 96 
[1] "Fitting mean A"
[1] "Fitting variance A"
[1] "DR"
[1] 0.1825006
[1] 0.04833102
[1] 0.9423077

 0  1 
 6 98 
[1] "se comparison"
[1] 0.155138
[1] 0.3918403
[1] 105
[1] 0.2498875
[1] 0.2612326
[1] "AdaLSE"
[1] 0.2780411
[1] 0.03907599
[1] 0.9238095

 0  1 
 8 97 
[1] "Fitting mean A"
[1] "Fitting variance A"
[1] "DR"
[1] 0.8134274
[1] 0.5989193
[1] 0.9428571

 0  1 
 6 99 
[1] "se comparison"
[1] 0.1543918
[1] 0.3943
[1] 106
[1] 0.2498875
[1] 0.2612326
[1] "AdaLSE"
[1] 0.297777
[1] 0.03910976
[1] 0.9245283

 0  1 
 8 98 
[1] "Fitting mean A"
[1] "Fitting variance A"
[1] "DR"
[1] 0.2613938
[1] 0.06451123
[1] 0.9433962

  0   1 
  6 100 
[1] "se comparison"
[1] 0.15366
[1] 0.3924377
[1] 107
[1] 0.2498875
[1] 0.2612326
[1] "AdaLSE"
[1] 0.1721842
[1] 0.0382031
[1] 0.9158879

 0  1 
 9 98 
[1] "Fitting mean A"
[1] "Fitting variance A"
[1] "DR"
[1] 0.1679966
[1] 0.03503095
[1] 0.9345794

  0   1 
  7 100 
[1] "se comparison"
[1] 0.1533218
[1] 0.390616
[1] 108
[1] 0.2498875
[1] 0.2612326
[1] "AdaLSE"
[1] 0.3085619
[1] 0.0414698
[1] 0.9166667

 0  1 
 9 99 
[1] "Fitting mean A"
[1] "Fitting variance A"
[1] "DR"
[1] 0.2948442
[1] 0.04249108
[1] 0.9351852

  0   1 
  7 101 
[1] "se comparison"
[1] 0.1526221
[1] 0.388852
[1] 109
[1] 0.2498875
[1] 0.2612326
[1] "AdaLSE"
[1] 0.2654228
[1] 0.03704721
[1] 0.9174312

  0   1 
  9 100 
[1] "Fitting mean A"
[1] "Fitting variance A"
[1] "DR"
[1] 0.2705603
[1] 0.03761317
[1] 0.9357798

  0   1 
  7 102 
[1] "se comparison"
[1] 0.1519245
[1] 0.3870763
[1] 110
[1] 0.2498875
[1] 0.2612326
[1] "AdaLSE"
[1] 0.1727151
[1] 0.03851532
[1] 0.9090909

  0   1 
 10 100 
[1] "Fitting mean A"
[1] "Fitting variance A"
[1] "DR"
[1] 0.1665195
[1] 0.03587719
[1] 0.9272727

  0   1 
  8 102 
[1] "se comparison"
[1] 0.1515977
[1] 0.3853326
[1] 111
[1] 0.2498875
[1] 0.2612326
[1] "AdaLSE"
[1] 0.1931487
[1] 0.03824865
[1] 0.9099099

  0   1 
 10 101 
[1] "Fitting mean A"
[1] "Fitting variance A"
[1] "DR"
[1] -0.8939104
[1] 0.7702575
[1] 0.9279279

  0   1 
  8 103 
[1] "se comparison"
[1] 0.1511478
[1] 0.3979138
[1] 112
[1] 0.2498875
[1] 0.2612326
[1] "AdaLSE"
[1] 0.2789542
[1] 0.03764517
[1] 0.9107143

  0   1 
 10 102 
[1] "Fitting mean A"
[1] "Fitting variance A"
[1] "DR"
[1] 1.10727
[1] 0.8612956
[1] 0.9285714

  0   1 
  8 104 
[1] "se comparison"
[1] 0.1504657
[1] 0.4050649
[1] 113
[1] 0.2498875
[1] 0.2612326
[1] "AdaLSE"
[1] 0.2606658
[1] 0.04141639
[1] 0.9115044

  0   1 
 10 103 
[1] "Fitting mean A"
[1] "Fitting variance A"
[1] "DR"
[1] 0.2880687
[1] 0.04104286
[1] 0.9292035

  0   1 
  8 105 
[1] "se comparison"
[1] 0.1498061
[1] 0.4033045
[1] 114
[1] 0.2498875
[1] 0.2612326
[1] "AdaLSE"
[1] 0.2865852
[1] 0.0408195
[1] 0.9122807

  0   1 
 10 104 
[1] "Fitting mean A"
[1] "Fitting variance A"
[1] "DR"
[1] 0.2904805
[1] 0.0405104
[1] 0.9298246

  0   1 
  8 106 
[1] "se comparison"
[1] 0.1491424
[1] 0.4015705
[1] 115
[1] 0.2498875
[1] 0.2612326
[1] "AdaLSE"
[1] 0.220517
[1] 0.04045666
[1] 0.9130435

  0   1 
 10 105 
[1] "Fitting mean A"
[1] "Fitting variance A"
