LOADING R
R LOADED
[1] "/home/lvanderl/Rlibs2"                         
[2] "/app/software/R/4.2.2-foss-2021b/lib/R/library"
[1] "/home/lvanderl/sieveSims"
[1] 1
[1] 0.8270689
[1] 0.8158088
[1] "AdaLSE"
[1] 0.8349384
[1] 0.02405098
[1] 1

1 
1 
[1] "Fitting mean A"
[1] "Fitting variance A"
[1] "DR"
[1] 0.8293844
[1] 0.02236824
[1] 1

1 
1 
[1] 2
[1] 0.8270689
[1] 0.8158088
[1] "AdaLSE"
[1] 0.8440092
[1] 0.02453755
[1] 1

1 
2 
[1] "Fitting mean A"
[1] "Fitting variance A"
[1] "DR"
[1] 0.8360241
[1] 0.02296136
[1] 1

1 
2 
[1] 3
[1] 0.8270689
[1] 0.8158088
[1] "AdaLSE"
[1] 0.8260254
[1] 0.0251496
[1] 1

1 
3 
[1] "Fitting mean A"
[1] "Fitting variance A"
[1] "DR"
[1] 0.8059769
[1] 0.02431827
[1] 1

1 
3 
[1] 4
[1] 0.8270689
[1] 0.8158088
[1] "AdaLSE"
[1] 0.8551662
[1] 0.0250243
[1] 1

1 
4 
[1] "Fitting mean A"
[1] "Fitting variance A"
[1] "DR"
[1] 0.8489194
[1] 0.02363847
[1] 1

1 
4 
[1] 5
[1] 0.8270689
[1] 0.8158088
[1] "AdaLSE"
[1] 0.8116774
[1] 0.02561043
[1] 1

1 
5 
[1] "Fitting mean A"
[1] "Fitting variance A"
[1] "DR"
[1] 0.8086932
[1] 0.02451911
[1] 1

1 
5 
[1] 6
[1] 0.8270689
[1] 0.8158088
[1] "AdaLSE"
[1] 0.8565017
[1] 0.02526467
[1] 1

1 
6 
[1] "Fitting mean A"
[1] "Fitting variance A"
[1] "DR"
[1] 0.842615
[1] 0.02361467
[1] 1

1 
6 
[1] 7
[1] 0.8270689
[1] 0.8158088
[1] "AdaLSE"
[1] 0.8229982
[1] 0.02468309
[1] 1

1 
7 
[1] "Fitting mean A"
[1] "Fitting variance A"
[1] "DR"
[1] 0.82093
[1] 0.02328687
[1] 1

1 
7 
[1] 8
[1] 0.8270689
[1] 0.8158088
[1] "AdaLSE"
[1] 0.8742484
[1] 0.02394163
[1] 0.875

0 1 
1 7 
[1] "Fitting mean A"
[1] "Fitting variance A"
[1] "DR"
[1] 0.8667941
[1] 0.02262995
[1] 0.875

0 1 
1 7 
[1] 9
[1] 0.8270689
[1] 0.8158088
[1] "AdaLSE"
[1] 0.8418045
[1] 0.02295834
[1] 0.8888889

0 1 
1 8 
[1] "Fitting mean A"
[1] "Fitting variance A"
[1] "DR"
[1] 0.8390283
[1] 0.02205134
[1] 0.8888889

0 1 
1 8 
[1] 10
[1] 0.8270689
[1] 0.8158088
[1] "AdaLSE"
[1] 0.8525984
[1] 0.02288163
[1] 0.9

0 1 
1 9 
[1] "Fitting mean A"
[1] "Fitting variance A"
[1] "DR"
[1] 0.8370424
[1] 0.02205639
[1] 0.9

0 1 
1 9 
[1] 11
[1] 0.8270689
[1] 0.8158088
[1] "AdaLSE"
[1] 0.8474394
[1] 0.02395089
[1] 0.9090909

 0  1 
 1 10 
[1] "Fitting mean A"
[1] "Fitting variance A"
[1] "DR"
[1] 0.8296779
[1] 0.02281238
[1] 0.9090909

 0  1 
 1 10 
[1] 12
[1] 0.8270689
[1] 0.8158088
[1] "AdaLSE"
[1] 0.8182274
[1] 0.0238961
[1] 0.9166667

 0  1 
 1 11 
[1] "Fitting mean A"
[1] "Fitting variance A"
[1] "DR"
[1] 0.8144319
[1] 0.02292813
[1] 0.9166667

 0  1 
 1 11 
[1] 13
[1] 0.8270689
[1] 0.8158088
[1] "AdaLSE"
[1] 0.7934111
[1] 0.02294141
[1] 0.9230769

 0  1 
 1 12 
[1] "Fitting mean A"
[1] "Fitting variance A"
[1] "DR"
[1] 0.7919914
[1] 0.0216819
[1] 0.9230769

 0  1 
 1 12 
[1] 14
[1] 0.8270689
[1] 0.8158088
[1] "AdaLSE"
[1] 0.8512104
[1] 0.02411738
[1] 0.9285714

 0  1 
 1 13 
[1] "Fitting mean A"
[1] "Fitting variance A"
[1] "DR"
[1] 0.8515407
[1] 0.02336565
[1] 0.9285714

 0  1 
 1 13 
[1] 15
[1] 0.8270689
[1] 0.8158088
[1] "AdaLSE"
[1] 0.807523
[1] 0.02461114
[1] 0.9333333

 0  1 
 1 14 
[1] "Fitting mean A"
[1] "Fitting variance A"
[1] "DR"
[1] 0.7893717
[1] 0.02344454
[1] 0.9333333

 0  1 
 1 14 
[1] 16
[1] 0.8270689
[1] 0.8158088
[1] "AdaLSE"
[1] 0.8571823
[1] 0.02582124
[1] 0.9375

 0  1 
 1 15 
[1] "Fitting mean A"
[1] "Fitting variance A"
[1] "DR"
[1] 0.8492541
[1] 0.02453212
[1] 0.9375

 0  1 
 1 15 
[1] 17
[1] 0.8270689
[1] 0.8158088
[1] "AdaLSE"
[1] 0.8779093
[1] 0.02473339
[1] 0.8823529

 0  1 
 2 15 
[1] "Fitting mean A"
[1] "Fitting variance A"
[1] "DR"
[1] 0.8710788
[1] 0.02380452
[1] 0.8823529

 0  1 
 2 15 
[1] 18
[1] 0.8270689
[1] 0.8158088
[1] "AdaLSE"
[1] 0.8322178
[1] 0.02409523
[1] 0.8888889

 0  1 
 2 16 
[1] "Fitting mean A"
[1] "Fitting variance A"
[1] "DR"
[1] 0.8274351
[1] 0.02250647
[1] 0.8888889

 0  1 
 2 16 
[1] 19
[1] 0.8270689
[1] 0.8158088
[1] "AdaLSE"
[1] 0.832481
[1] 0.02379939
[1] 0.8947368

 0  1 
 2 17 
[1] "Fitting mean A"
[1] "Fitting variance A"
[1] "DR"
[1] 0.8227729
[1] 0.02237213
[1] 0.8947368

 0  1 
 2 17 
[1] 20
[1] 0.8270689
[1] 0.8158088
[1] "AdaLSE"
[1] 0.8331195
[1] 0.02460978
[1] 0.9

 0  1 
 2 18 
[1] "Fitting mean A"
[1] "Fitting variance A"
[1] "DR"
[1] 0.8275118
[1] 0.02343234
[1] 0.9

 0  1 
 2 18 
[1] 21
[1] 0.8270689
[1] 0.8158088
[1] "AdaLSE"
[1] 0.7925228
[1] 0.02382798
[1] 0.9047619

 0  1 
 2 19 
[1] "Fitting mean A"
[1] "Fitting variance A"
[1] "DR"
[1] 0.7944143
[1] 0.02225158
[1] 0.9047619

 0  1 
 2 19 
[1] 22
[1] 0.8270689
[1] 0.8158088
[1] "AdaLSE"
[1] 0.8521902
[1] 0.0233274
[1] 0.9090909

 0  1 
 2 20 
[1] "Fitting mean A"
[1] "Fitting variance A"
[1] "DR"
[1] 0.8503155
[1] 0.02186758
[1] 0.9090909

 0  1 
 2 20 
[1] 23
[1] 0.8270689
[1] 0.8158088
[1] "AdaLSE"
[1] 0.8585314
[1] 0.02440469
[1] 0.9130435

 0  1 
 2 21 
[1] "Fitting mean A"
[1] "Fitting variance A"
[1] "DR"
[1] 0.856986
[1] 0.02275056
[1] 0.9130435

 0  1 
 2 21 
[1] 24
[1] 0.8270689
[1] 0.8158088
[1] "AdaLSE"
[1] 0.8433047
[1] 0.0266643
[1] 0.9166667

 0  1 
 2 22 
[1] "Fitting mean A"
[1] "Fitting variance A"
[1] "DR"
[1] 0.8430055
[1] 0.02471925
[1] 0.9166667

 0  1 
 2 22 
[1] 25
[1] 0.8270689
[1] 0.8158088
[1] "AdaLSE"
[1] 0.8313714
[1] 0.02388434
[1] 0.92

 0  1 
 2 23 
[1] "Fitting mean A"
[1] "Fitting variance A"
[1] "DR"
[1] 0.8281392
[1] 0.0230025
[1] 0.92

 0  1 
 2 23 
[1] 26
[1] 0.8270689
[1] 0.8158088
[1] "AdaLSE"
[1] 0.8612861
[1] 0.02357074
[1] 0.9230769

 0  1 
 2 24 
[1] "Fitting mean A"
[1] "Fitting variance A"
[1] "DR"
[1] 0.8497967
[1] 0.02188954
[1] 0.9230769

 0  1 
 2 24 
[1] 27
[1] 0.8270689
[1] 0.8158088
[1] "AdaLSE"
[1] 0.8452637
[1] 0.02382969
[1] 0.9259259

 0  1 
 2 25 
[1] "Fitting mean A"
[1] "Fitting variance A"
[1] "DR"
[1] 0.8348461
[1] 0.02220426
[1] 0.9259259

 0  1 
 2 25 
[1] 28
[1] 0.8270689
[1] 0.8158088
[1] "AdaLSE"
[1] 0.818758
[1] 0.02652724
[1] 0.9285714

 0  1 
 2 26 
[1] "Fitting mean A"
[1] "Fitting variance A"
[1] "DR"
[1] 0.8147183
[1] 0.02466162
[1] 0.9285714

 0  1 
 2 26 
[1] 29
[1] 0.8270689
[1] 0.8158088
[1] "AdaLSE"
[1] 0.8607277
[1] 0.02217147
[1] 0.8965517

 0  1 
 3 26 
[1] "Fitting mean A"
[1] "Fitting variance A"
[1] "DR"
[1] 0.859442
[1] 0.02041642
[1] 0.8965517

 0  1 
 3 26 
[1] 30
[1] 0.8270689
[1] 0.8158088
[1] "AdaLSE"
[1] 0.880837
[1] 0.02475536
[1] 0.8666667

 0  1 
 4 26 
[1] "Fitting mean A"
[1] "Fitting variance A"
[1] "DR"
[1] 0.8782245
[1] 0.02289011
[1] 0.8666667

 0  1 
 4 26 
[1] 31
[1] 0.8270689
[1] 0.8158088
[1] "AdaLSE"
[1] 0.8173883
[1] 0.0238095
[1] 0.8709677

 0  1 
 4 27 
[1] "Fitting mean A"
[1] "Fitting variance A"
[1] "DR"
[1] 0.8110164
[1] 0.02303061
[1] 0.8709677

 0  1 
 4 27 
[1] 32
[1] 0.8270689
[1] 0.8158088
[1] "AdaLSE"
[1] 0.8520864
[1] 0.02413179
[1] 0.875

 0  1 
 4 28 
[1] "Fitting mean A"
[1] "Fitting variance A"
[1] "DR"
[1] 0.8380803
[1] 0.02278143
[1] 0.875

 0  1 
 4 28 
[1] 33
[1] 0.8270689
[1] 0.8158088
[1] "AdaLSE"
[1] 0.8604557
[1] 0.02465251
[1] 0.8787879

 0  1 
 4 29 
[1] "Fitting mean A"
[1] "Fitting variance A"
[1] "DR"
[1] 0.8452976
[1] 0.02296212
[1] 0.8787879

 0  1 
 4 29 
[1] 34
[1] 0.8270689
[1] 0.8158088
[1] "AdaLSE"
[1] 0.8352266
[1] 0.02290169
[1] 0.8823529

 0  1 
 4 30 
[1] "Fitting mean A"
[1] "Fitting variance A"
[1] "DR"
[1] 0.8340332
[1] 0.02160689
[1] 0.8823529

 0  1 
 4 30 
[1] 35
[1] 0.8270689
[1] 0.8158088
[1] "AdaLSE"
[1] 0.8427715
[1] 0.02390828
[1] 0.8857143

 0  1 
 4 31 
[1] "Fitting mean A"
[1] "Fitting variance A"
[1] "DR"
[1] 0.8363935
[1] 0.02308406
[1] 0.8857143

 0  1 
 4 31 
[1] 36
[1] 0.8270689
[1] 0.8158088
[1] "AdaLSE"
[1] 0.9176311
[1] 0.02234606
[1] 0.8611111

 0  1 
 5 31 
[1] "Fitting mean A"
[1] "Fitting variance A"
[1] "DR"
[1] 0.9031177
[1] 0.02206362
[1] 0.8611111

 0  1 
 5 31 
[1] 37
[1] 0.8270689
[1] 0.8158088
[1] "AdaLSE"
[1] 0.8525649
[1] 0.0233478
[1] 0.8648649

 0  1 
 5 32 
[1] "Fitting mean A"
[1] "Fitting variance A"
[1] "DR"
[1] 0.855162
[1] 0.0222756
[1] 0.8648649

 0  1 
 5 32 
[1] 38
[1] 0.8270689
[1] 0.8158088
[1] "AdaLSE"
[1] 0.849345
[1] 0.02535449
[1] 0.8684211

 0  1 
 5 33 
[1] "Fitting mean A"
[1] "Fitting variance A"
[1] "DR"
[1] 0.8429686
[1] 0.02402676
[1] 0.8684211

 0  1 
 5 33 
[1] 39
[1] 0.8270689
[1] 0.8158088
[1] "AdaLSE"
[1] 0.8244521
[1] 0.02431371
[1] 0.8717949

 0  1 
 5 34 
[1] "Fitting mean A"
[1] "Fitting variance A"
[1] "DR"
[1] 0.8223043
[1] 0.02299067
[1] 0.8717949

 0  1 
 5 34 
[1] 40
[1] 0.8270689
[1] 0.8158088
[1] "AdaLSE"
[1] 0.8159804
[1] 0.02401714
[1] 0.875

 0  1 
 5 35 
[1] "Fitting mean A"
[1] "Fitting variance A"
[1] "DR"
[1] 0.8077668
[1] 0.02293907
[1] 0.875

 0  1 
 5 35 
[1] 41
[1] 0.8270689
[1] 0.8158088
[1] "AdaLSE"
[1] 0.849222
[1] 0.02333873
[1] 0.8780488

 0  1 
 5 36 
[1] "Fitting mean A"
[1] "Fitting variance A"
[1] "DR"
[1] 0.8396712
[1] 0.02188374
[1] 0.8780488

 0  1 
 5 36 
[1] 42
[1] 0.8270689
[1] 0.8158088
[1] "AdaLSE"
[1] 0.801232
[1] 0.02454057
[1] 0.8809524

 0  1 
 5 37 
[1] "Fitting mean A"
[1] "Fitting variance A"
[1] "DR"
[1] 0.7910565
[1] 0.02321455
[1] 0.8809524

 0  1 
 5 37 
[1] 43
[1] 0.8270689
[1] 0.8158088
[1] "AdaLSE"
[1] 0.8576933
[1] 0.02306306
[1] 0.8837209

 0  1 
 5 38 
[1] "Fitting mean A"
[1] "Fitting variance A"
[1] "DR"
[1] 0.8571638
[1] 0.02163977
[1] 0.8837209

 0  1 
 5 38 
[1] 44
[1] 0.8270689
[1] 0.8158088
[1] "AdaLSE"
[1] 0.8541159
[1] 0.02428491
[1] 0.8863636

 0  1 
 5 39 
[1] "Fitting mean A"
[1] "Fitting variance A"
[1] "DR"
[1] 0.8432488
[1] 0.02305407
[1] 0.8863636

 0  1 
 5 39 
[1] 45
[1] 0.8270689
[1] 0.8158088
[1] "AdaLSE"
[1] 0.8714219
[1] 0.02423845
[1] 0.8666667

 0  1 
 6 39 
[1] "Fitting mean A"
[1] "Fitting variance A"
[1] "DR"
[1] 0.8677955
[1] 0.02259426
[1] 0.8666667

 0  1 
 6 39 
[1] 46
[1] 0.8270689
[1] 0.8158088
[1] "AdaLSE"
[1] 0.8363244
[1] 0.02345742
[1] 0.8695652

 0  1 
 6 40 
[1] "Fitting mean A"
[1] "Fitting variance A"
[1] "DR"
[1] 0.8349107
[1] 0.02202458
[1] 0.8695652

 0  1 
 6 40 
[1] 47
[1] 0.8270689
[1] 0.8158088
[1] "AdaLSE"
[1] 0.7961941
[1] 0.026598
[1] 0.8723404

 0  1 
 6 41 
[1] "Fitting mean A"
[1] "Fitting variance A"
[1] "DR"
[1] 0.793502
[1] 0.025731
[1] 0.8723404

 0  1 
 6 41 
[1] 48
[1] 0.8270689
[1] 0.8158088
[1] "AdaLSE"
[1] 0.8000351
[1] 0.02325452
[1] 0.875

 0  1 
 6 42 
[1] "Fitting mean A"
[1] "Fitting variance A"
[1] "DR"
[1] 0.791885
[1] 0.02212517
[1] 0.875

 0  1 
 6 42 
[1] 49
[1] 0.8270689
[1] 0.8158088
[1] "AdaLSE"
[1] 0.856636
[1] 0.02592391
[1] 0.877551

 0  1 
 6 43 
[1] "Fitting mean A"
[1] "Fitting variance A"
[1] "DR"
[1] 0.8507674
[1] 0.02442511
[1] 0.877551

 0  1 
 6 43 
[1] 50
[1] 0.8270689
[1] 0.8158088
[1] "AdaLSE"
[1] 0.8214311
[1] 0.02446305
[1] 0.88

 0  1 
 6 44 
[1] "Fitting mean A"
[1] "Fitting variance A"
[1] "DR"
[1] 0.8207944
[1] 0.02314062
[1] 0.88

 0  1 
 6 44 
[1] 51
[1] 0.8270689
[1] 0.8158088
[1] "AdaLSE"
[1] 0.8113071
[1] 0.02414942
[1] 0.8823529

 0  1 
 6 45 
[1] "Fitting mean A"
[1] "Fitting variance A"
[1] "DR"
[1] 0.8061562
[1] 0.02348945
[1] 0.8823529

 0  1 
 6 45 
[1] 52
[1] 0.8270689
[1] 0.8158088
[1] "AdaLSE"
[1] 0.8816743
[1] 0.02521203
[1] 0.8653846

 0  1 
 7 45 
[1] "Fitting mean A"
[1] "Fitting variance A"
[1] "DR"
[1] 0.8694355
[1] 0.02405827
[1] 0.8653846

 0  1 
 7 45 
[1] 53
[1] 0.8270689
[1] 0.8158088
[1] "AdaLSE"
[1] 0.8624563
[1] 0.02382538
[1] 0.8679245

 0  1 
 7 46 
[1] "Fitting mean A"
[1] "Fitting variance A"
[1] "DR"
[1] 0.8597282
[1] 0.02258594
[1] 0.8679245

 0  1 
 7 46 
[1] 54
[1] 0.8270689
[1] 0.8158088
[1] "AdaLSE"
[1] 0.8614443
[1] 0.0250995
[1] 0.8703704

 0  1 
 7 47 
[1] "Fitting mean A"
[1] "Fitting variance A"
[1] "DR"
[1] 0.8492029
[1] 0.02326949
[1] 0.8703704

 0  1 
 7 47 
[1] 55
[1] 0.8270689
[1] 0.8158088
[1] "AdaLSE"
[1] 0.8218971
[1] 0.02357994
[1] 0.8727273

 0  1 
 7 48 
[1] "Fitting mean A"
[1] "Fitting variance A"
[1] "DR"
[1] 0.8203424
[1] 0.02193659
[1] 0.8727273

 0  1 
 7 48 
[1] 56
[1] 0.8270689
[1] 0.8158088
[1] "AdaLSE"
[1] 0.8632242
[1] 0.02423925
[1] 0.875

 0  1 
 7 49 
[1] "Fitting mean A"
[1] "Fitting variance A"
[1] "DR"
[1] 0.8553834
[1] 0.02295212
[1] 0.875

 0  1 
 7 49 
[1] 57
[1] 0.8270689
[1] 0.8158088
[1] "AdaLSE"
[1] 0.8079155
[1] 0.0227097
[1] 0.877193

 0  1 
 7 50 
[1] "Fitting mean A"
[1] "Fitting variance A"
[1] "DR"
[1] 0.7948699
[1] 0.02222684
[1] 0.877193

 0  1 
 7 50 
[1] 58
[1] 0.8270689
[1] 0.8158088
[1] "AdaLSE"
[1] 0.8722016
[1] 0.0253543
[1] 0.862069

 0  1 
 8 50 
[1] "Fitting mean A"
[1] "Fitting variance A"
[1] "DR"
[1] 0.8695465
[1] 0.02377479
[1] 0.862069

 0  1 
 8 50 
[1] 59
[1] 0.8270689
[1] 0.8158088
[1] "AdaLSE"
[1] 0.8462654
[1] 0.02284714
[1] 0.8644068

 0  1 
 8 51 
[1] "Fitting mean A"
[1] "Fitting variance A"
[1] "DR"
[1] 0.8411062
[1] 0.02156613
[1] 0.8644068

 0  1 
 8 51 
[1] 60
[1] 0.8270689
[1] 0.8158088
[1] "AdaLSE"
[1] 0.8083745
[1] 0.02439121
[1] 0.8666667

 0  1 
 8 52 
[1] "Fitting mean A"
[1] "Fitting variance A"
[1] "DR"
[1] 0.8041425
[1] 0.02260715
[1] 0.8666667

 0  1 
 8 52 
[1] 61
[1] 0.8270689
[1] 0.8158088
[1] "AdaLSE"
[1] 0.8165321
[1] 0.02470845
[1] 0.8688525

 0  1 
 8 53 
[1] "Fitting mean A"
[1] "Fitting variance A"
[1] "DR"
[1] 0.8138387
[1] 0.02387628
[1] 0.8688525

 0  1 
 8 53 
[1] 62
[1] 0.8270689
[1] 0.8158088
[1] "AdaLSE"
[1] 0.8605783
[1] 0.02351982
[1] 0.8709677

 0  1 
 8 54 
[1] "Fitting mean A"
[1] "Fitting variance A"
[1] "DR"
[1] 0.8461607
[1] 0.02283185
[1] 0.8709677

 0  1 
 8 54 
[1] 63
[1] 0.8270689
[1] 0.8158088
[1] "AdaLSE"
[1] 0.8621813
[1] 0.02314394
[1] 0.8571429

 0  1 
 9 54 
[1] "Fitting mean A"
[1] "Fitting variance A"
[1] "DR"
[1] 0.8575852
[1] 0.02181185
[1] 0.8730159

 0  1 
 8 55 
[1] 64
[1] 0.8270689
[1] 0.8158088
[1] "AdaLSE"
[1] 0.8587695
[1] 0.02413191
[1] 0.859375

 0  1 
 9 55 
[1] "Fitting mean A"
[1] "Fitting variance A"
[1] "DR"
[1] 0.855341
[1] 0.02273369
[1] 0.875

 0  1 
 8 56 
[1] 65
[1] 0.8270689
[1] 0.8158088
[1] "AdaLSE"
[1] 0.8555369
[1] 0.02366335
[1] 0.8615385

 0  1 
 9 56 
[1] "Fitting mean A"
[1] "Fitting variance A"
[1] "DR"
[1] 0.8436918
[1] 0.02273846
[1] 0.8769231

 0  1 
 8 57 
[1] 66
[1] 0.8270689
[1] 0.8158088
[1] "AdaLSE"
[1] 0.8284211
[1] 0.02404118
[1] 0.8636364

 0  1 
 9 57 
[1] "Fitting mean A"
[1] "Fitting variance A"
[1] "DR"
[1] 0.8177
[1] 0.02318299
[1] 0.8787879

 0  1 
 8 58 
[1] 67
[1] 0.8270689
[1] 0.8158088
[1] "AdaLSE"
[1] 0.8322409
[1] 0.02307324
[1] 0.8656716

 0  1 
 9 58 
[1] "Fitting mean A"
[1] "Fitting variance A"
[1] "DR"
[1] 0.8322641
[1] 0.02173353
[1] 0.880597

 0  1 
 8 59 
[1] 68
[1] 0.8270689
[1] 0.8158088
[1] "AdaLSE"
[1] 0.8215646
[1] 0.02366036
[1] 0.8676471

 0  1 
 9 59 
[1] "Fitting mean A"
[1] "Fitting variance A"
[1] "DR"
[1] 0.8156144
[1] 0.02259895
[1] 0.8823529

 0  1 
 8 60 
[1] 69
[1] 0.8270689
[1] 0.8158088
[1] "AdaLSE"
[1] 0.7806094
[1] 0.02343151
[1] 0.8695652

 0  1 
 9 60 
[1] "Fitting mean A"
[1] "Fitting variance A"
[1] "DR"
[1] 0.774847
[1] 0.02225806
[1] 0.884058

 0  1 
 8 61 
[1] 70
[1] 0.8270689
[1] 0.8158088
[1] "AdaLSE"
[1] 0.8199395
[1] 0.02358893
[1] 0.8714286

 0  1 
 9 61 
[1] "Fitting mean A"
[1] "Fitting variance A"
[1] "DR"
[1] 0.8152943
[1] 0.02249271
[1] 0.8857143

 0  1 
 8 62 
[1] 71
[1] 0.8270689
[1] 0.8158088
[1] "AdaLSE"
[1] 0.8552704
[1] 0.02380243
[1] 0.8732394

 0  1 
 9 62 
[1] "Fitting mean A"
[1] "Fitting variance A"
[1] "DR"
[1] 0.8515848
[1] 0.02293231
[1] 0.8873239

 0  1 
 8 63 
[1] 72
[1] 0.8270689
[1] 0.8158088
[1] "AdaLSE"
[1] 0.8526456
[1] 0.02263986
[1] 0.875

 0  1 
 9 63 
[1] "Fitting mean A"
[1] "Fitting variance A"
[1] "DR"
[1] 0.848985
[1] 0.02090446
[1] 0.8888889

 0  1 
 8 64 
[1] 73
[1] 0.8270689
[1] 0.8158088
[1] "AdaLSE"
[1] 0.7968775
[1] 0.02384796
[1] 0.8767123

 0  1 
 9 64 
[1] "Fitting mean A"
[1] "Fitting variance A"
[1] "DR"
[1] 0.7937377
[1] 0.02212497
[1] 0.890411

 0  1 
 8 65 
[1] 74
[1] 0.8270689
[1] 0.8158088
[1] "AdaLSE"
[1] 0.8546654
[1] 0.02447991
[1] 0.8783784

 0  1 
 9 65 
[1] "Fitting mean A"
[1] "Fitting variance A"
[1] "DR"
[1] 0.8386327
[1] 0.02352394
[1] 0.8918919

 0  1 
 8 66 
[1] 75
[1] 0.8270689
[1] 0.8158088
[1] "AdaLSE"
[1] 0.8756559
[1] 0.02364719
[1] 0.8666667

 0  1 
10 65 
[1] "Fitting mean A"
[1] "Fitting variance A"
[1] "DR"
[1] 0.8749863
[1] 0.02221715
[1] 0.88

 0  1 
 9 66 
[1] 76
[1] 0.8270689
[1] 0.8158088
[1] "AdaLSE"
[1] 0.8212166
[1] 0.02446925
[1] 0.8684211

 0  1 
10 66 
[1] "Fitting mean A"
[1] "Fitting variance A"
[1] "DR"
[1] 0.8126798
[1] 0.02375506
[1] 0.8815789

 0  1 
 9 67 
[1] 77
[1] 0.8270689
[1] 0.8158088
[1] "AdaLSE"
[1] 0.8267174
[1] 0.02405399
[1] 0.8701299

 0  1 
10 67 
[1] "Fitting mean A"
[1] "Fitting variance A"
[1] "DR"
[1] 0.827069
[1] 0.0228743
[1] 0.8831169

 0  1 
 9 68 
[1] 78
[1] 0.8270689
[1] 0.8158088
[1] "AdaLSE"
[1] 0.8928942
[1] 0.02492587
[1] 0.8589744

 0  1 
11 67 
[1] "Fitting mean A"
[1] "Fitting variance A"
[1] "DR"
[1] 0.8908943
[1] 0.02355671
[1] 0.8717949

 0  1 
10 68 
[1] 79
[1] 0.8270689
[1] 0.8158088
[1] "AdaLSE"
[1] 0.8036605
[1] 0.02344287
[1] 0.8607595

 0  1 
11 68 
[1] "Fitting mean A"
[1] "Fitting variance A"
[1] "DR"
[1] 0.7986888
[1] 0.02274978
[1] 0.8734177

 0  1 
10 69 
[1] 80
[1] 0.8270689
[1] 0.8158088
[1] "AdaLSE"
[1] 0.8449556
[1] 0.02438033
[1] 0.8625

 0  1 
11 69 
[1] "Fitting mean A"
[1] "Fitting variance A"
[1] "DR"
[1] 0.8406899
[1] 0.02295478
[1] 0.875

 0  1 
10 70 
[1] 81
[1] 0.8270689
[1] 0.8158088
[1] "AdaLSE"
[1] 0.8189166
[1] 0.02528114
[1] 0.8641975

 0  1 
11 70 
[1] "Fitting mean A"
[1] "Fitting variance A"
[1] "DR"
[1] 0.8171708
[1] 0.02397267
[1] 0.8765432

 0  1 
10 71 
[1] 82
[1] 0.8270689
[1] 0.8158088
[1] "AdaLSE"
[1] 0.8209357
[1] 0.0243007
[1] 0.8658537

 0  1 
11 71 
[1] "Fitting mean A"
[1] "Fitting variance A"
[1] "DR"
[1] 0.8107559
[1] 0.02266883
[1] 0.8780488

 0  1 
10 72 
[1] 83
[1] 0.8270689
[1] 0.8158088
[1] "AdaLSE"
[1] 0.8571329
[1] 0.02320571
[1] 0.8674699

 0  1 
11 72 
[1] "Fitting mean A"
[1] "Fitting variance A"
[1] "DR"
[1] 0.8415579
[1] 0.02216953
[1] 0.8795181

 0  1 
10 73 
[1] 84
[1] 0.8270689
[1] 0.8158088
[1] "AdaLSE"
[1] 0.8196579
[1] 0.02466897
[1] 0.8690476

 0  1 
11 73 
[1] "Fitting mean A"
[1] "Fitting variance A"
[1] "DR"
[1] 0.8171514
[1] 0.0236461
[1] 0.8809524

 0  1 
10 74 
[1] 85
[1] 0.8270689
[1] 0.8158088
[1] "AdaLSE"
[1] 0.8974368
[1] 0.02251169
[1] 0.8588235

 0  1 
12 73 
[1] "Fitting mean A"
[1] "Fitting variance A"
[1] "DR"
[1] 0.8941194
[1] 0.02117978
[1] 0.8705882

 0  1 
11 74 
[1] 86
[1] 0.8270689
[1] 0.8158088
[1] "AdaLSE"
[1] 0.8432925
[1] 0.02501909
[1] 0.8604651

 0  1 
12 74 
[1] "Fitting mean A"
[1] "Fitting variance A"
[1] "DR"
[1] 0.8285897
[1] 0.02380722
[1] 0.872093

 0  1 
11 75 
[1] 87
[1] 0.8270689
[1] 0.8158088
[1] "AdaLSE"
[1] 0.8074204
[1] 0.02349585
[1] 0.862069

 0  1 
12 75 
[1] "Fitting mean A"
[1] "Fitting variance A"
[1] "DR"
[1] 0.8058349
[1] 0.02228884
[1] 0.8735632

 0  1 
11 76 
[1] 88
[1] 0.8270689
[1] 0.8158088
[1] "AdaLSE"
[1] 0.8478499
[1] 0.02410985
[1] 0.8636364

 0  1 
12 76 
[1] "Fitting mean A"
[1] "Fitting variance A"
[1] "DR"
[1] 0.8398564
[1] 0.02289181
[1] 0.875

 0  1 
11 77 
[1] 89
[1] 0.8270689
[1] 0.8158088
[1] "AdaLSE"
[1] 0.8734174
[1] 0.02318729
[1] 0.8539326

 0  1 
13 76 
[1] "Fitting mean A"
[1] "Fitting variance A"
[1] "DR"
[1] 0.8706615
[1] 0.02172432
[1] 0.8651685

 0  1 
12 77 
[1] 90
[1] 0.8270689
[1] 0.8158088
[1] "AdaLSE"
[1] 0.8469321
[1] 0.02432792
[1] 0.8555556

 0  1 
13 77 
[1] "Fitting mean A"
[1] "Fitting variance A"
[1] "DR"
[1] 0.8478736
[1] 0.02239448
[1] 0.8666667

 0  1 
12 78 
[1] 91
[1] 0.8270689
[1] 0.8158088
[1] "AdaLSE"
[1] 0.8268819
[1] 0.02481418
[1] 0.8571429

 0  1 
13 78 
[1] "Fitting mean A"
[1] "Fitting variance A"
[1] "DR"
[1] 0.8182984
[1] 0.02342996
[1] 0.8681319

 0  1 
12 79 
[1] 92
[1] 0.8270689
[1] 0.8158088
[1] "AdaLSE"
[1] 0.811523
[1] 0.02475186
[1] 0.8586957

 0  1 
13 79 
[1] "Fitting mean A"
[1] "Fitting variance A"
[1] "DR"
[1] 0.8053873
[1] 0.02377827
[1] 0.8695652

 0  1 
12 80 
[1] 93
[1] 0.8270689
[1] 0.8158088
[1] "AdaLSE"
[1] 0.8811744
[1] 0.02327366
[1] 0.8494624

 0  1 
14 79 
[1] "Fitting mean A"
[1] "Fitting variance A"
[1] "DR"
[1] 0.8679017
[1] 0.02269126
[1] 0.8602151

 0  1 
13 80 
[1] 94
[1] 0.8270689
[1] 0.8158088
[1] "AdaLSE"
[1] 0.8679709
[1] 0.02428293
[1] 0.8404255

 0  1 
15 79 
[1] "Fitting mean A"
[1] "Fitting variance A"
[1] "DR"
[1] 0.8538435
[1] 0.0232042
[1] 0.8617021

 0  1 
13 81 
[1] 95
[1] 0.8270689
[1] 0.8158088
[1] "AdaLSE"
[1] 0.8696635
[1] 0.02567836
[1] 0.8315789

 0  1 
16 79 
[1] "Fitting mean A"
[1] "Fitting variance A"
[1] "DR"
[1] 0.8637278
[1] 0.02466495
[1] 0.8631579

 0  1 
13 82 
[1] 96
[1] 0.8270689
[1] 0.8158088
[1] "AdaLSE"
[1] 0.8421565
[1] 0.02467687
[1] 0.8333333

 0  1 
16 80 
[1] "Fitting mean A"
[1] "Fitting variance A"
[1] "DR"
[1] 0.8334792
[1] 0.02338842
[1] 0.8645833

 0  1 
13 83 
[1] 97
[1] 0.8270689
[1] 0.8158088
[1] "AdaLSE"
[1] 0.8333231
[1] 0.02367501
[1] 0.8350515

 0  1 
16 81 
[1] "Fitting mean A"
[1] "Fitting variance A"
[1] "DR"
[1] 0.8292456
[1] 0.02217056
[1] 0.8659794

 0  1 
13 84 
[1] 98
[1] 0.8270689
[1] 0.8158088
[1] "AdaLSE"
[1] 0.8121852
[1] 0.02346701
[1] 0.8367347

 0  1 
16 82 
[1] "Fitting mean A"
[1] "Fitting variance A"
[1] "DR"
[1] 0.8080638
[1] 0.02207178
[1] 0.8673469

 0  1 
13 85 
[1] 99
[1] 0.8270689
[1] 0.8158088
[1] "AdaLSE"
[1] 0.8518078
[1] 0.02419631
[1] 0.8383838

 0  1 
16 83 
[1] "Fitting mean A"
[1] "Fitting variance A"
[1] "DR"
[1] 0.8437421
[1] 0.02318586
[1] 0.8686869

 0  1 
13 86 
[1] 100
[1] 0.8270689
[1] 0.8158088
[1] "AdaLSE"
[1] 0.8496447
[1] 0.02354875
[1] 0.84

 0  1 
16 84 
[1] "Fitting mean A"
[1] "Fitting variance A"
[1] "DR"
[1] 0.8475993
[1] 0.0228615
[1] 0.87

 0  1 
13 87 
[1] 101
[1] 0.8270689
[1] 0.8158088
[1] "AdaLSE"
[1] 0.8045961
[1] 0.02656864
[1] 0.8415842

 0  1 
16 85 
[1] "Fitting mean A"
[1] "Fitting variance A"
[1] "DR"
[1] 0.7916932
[1] 0.02503038
[1] 0.8712871

 0  1 
13 88 
[1] 102
[1] 0.8270689
[1] 0.8158088
[1] "AdaLSE"
[1] 0.8515366
[1] 0.02424946
[1] 0.8431373

 0  1 
16 86 
[1] "Fitting mean A"
[1] "Fitting variance A"
[1] "DR"
[1] 0.8423598
[1] 0.02278265
[1] 0.872549

 0  1 
13 89 
[1] 103
[1] 0.8270689
[1] 0.8158088
[1] "AdaLSE"
[1] 0.8706548
[1] 0.02505089
[1] 0.8349515

 0  1 
17 86 
[1] "Fitting mean A"
[1] "Fitting variance A"
[1] "DR"
[1] 0.8674979
[1] 0.02336088
[1] 0.8640777

 0  1 
14 89 
[1] 104
[1] 0.8270689
[1] 0.8158088
[1] "AdaLSE"
[1] 0.8572959
[1] 0.02266961
[1] 0.8365385

 0  1 
17 87 
[1] "Fitting mean A"
[1] "Fitting variance A"
[1] "DR"
[1] 0.8535077
[1] 0.02142423
[1] 0.8653846

 0  1 
14 90 
[1] 105
[1] 0.8270689
[1] 0.8158088
[1] "AdaLSE"
[1] 0.825265
[1] 0.02459474
[1] 0.8380952

 0  1 
17 88 
[1] "Fitting mean A"
[1] "Fitting variance A"
[1] "DR"
[1] 0.8216743
[1] 0.02415642
[1] 0.8666667

 0  1 
14 91 
[1] 106
[1] 0.8270689
[1] 0.8158088
[1] "AdaLSE"
[1] 0.8380294
[1] 0.02535267
[1] 0.8396226

 0  1 
17 89 
[1] "Fitting mean A"
[1] "Fitting variance A"
[1] "DR"
[1] 0.8346139
[1] 0.02378057
[1] 0.8679245

 0  1 
14 92 
[1] 107
[1] 0.8270689
[1] 0.8158088
[1] "AdaLSE"
[1] 0.8047821
[1] 0.0236749
[1] 0.8411215

 0  1 
17 90 
[1] "Fitting mean A"
[1] "Fitting variance A"
[1] "DR"
[1] 0.796965
[1] 0.02157461
[1] 0.8691589

 0  1 
14 93 
[1] 108
[1] 0.8270689
[1] 0.8158088
[1] "AdaLSE"
[1] 0.8467872
[1] 0.02402975
[1] 0.8425926

 0  1 
17 91 
[1] "Fitting mean A"
[1] "Fitting variance A"
[1] "DR"
[1] 0.8361221
[1] 0.02211638
[1] 0.8703704

 0  1 
14 94 
[1] 109
[1] 0.8270689
[1] 0.8158088
[1] "AdaLSE"
[1] 0.8406554
[1] 0.02500152
[1] 0.8440367

 0  1 
17 92 
[1] "Fitting mean A"
[1] "Fitting variance A"
[1] "DR"
[1] 0.8375249
[1] 0.02323845
[1] 0.8715596

 0  1 
14 95 
[1] 110
[1] 0.8270689
[1] 0.8158088
[1] "AdaLSE"
[1] 0.8319675
[1] 0.02332115
[1] 0.8454545

 0  1 
17 93 
[1] "Fitting mean A"
[1] "Fitting variance A"
[1] "DR"
[1] 0.8327312
[1] 0.02050381
[1] 0.8727273

 0  1 
14 96 
[1] 111
[1] 0.8270689
[1] 0.8158088
[1] "AdaLSE"
[1] 0.8333832
[1] 0.02324438
[1] 0.8468468

 0  1 
17 94 
[1] "Fitting mean A"
[1] "Fitting variance A"
[1] "DR"
[1] 0.8310539
[1] 0.02166664
[1] 0.8738739

 0  1 
14 97 
[1] 112
[1] 0.8270689
[1] 0.8158088
[1] "AdaLSE"
[1] 0.82391
[1] 0.02476777
[1] 0.8482143

 0  1 
17 95 
[1] "Fitting mean A"
[1] "Fitting variance A"
[1] "DR"
[1] 0.8123175
[1] 0.02262371
[1] 0.875

 0  1 
14 98 
[1] 113
[1] 0.8270689
[1] 0.8158088
[1] "AdaLSE"
[1] 0.8472992
[1] 0.0228913
[1] 0.8495575

 0  1 
17 96 
[1] "Fitting mean A"
[1] "Fitting variance A"
[1] "DR"
[1] 0.8424171
[1] 0.02236418
[1] 0.8761062

 0  1 
14 99 
[1] 114
[1] 0.8270689
[1] 0.8158088
[1] "AdaLSE"
[1] 0.8333464
[1] 0.02346586
[1] 0.8508772

 0  1 
17 97 
[1] "Fitting mean A"
[1] "Fitting variance A"
[1] "DR"
[1] 0.8301984
[1] 0.02213844
[1] 0.877193

  0   1 
 14 100 
[1] 115
[1] 0.8270689
[1] 0.8158088
[1] "AdaLSE"
[1] 0.888006
[1] 0.02462009
[1] 0.8434783

 0  1 
18 97 
[1] "Fitting mean A"
[1] "Fitting variance A"
[1] "DR"
[1] 0.8860551
[1] 0.02157098
[1] 0.8695652

  0   1 
 15 100 
[1] 116
[1] 0.8270689
[1] 0.8158088
[1] "AdaLSE"
[1] 0.8801732
[1] 0.02473079
[1] 0.8362069

 0  1 
19 97 
[1] "Fitting mean A"
[1] "Fitting variance A"
[1] "DR"
[1] 0.8725151
[1] 0.02317432
[1] 0.862069

  0   1 
 16 100 
[1] 117
[1] 0.8270689
[1] 0.8158088
[1] "AdaLSE"
[1] 0.8558455
[1] 0.02441533
[1] 0.8376068

 0  1 
19 98 
[1] "Fitting mean A"
[1] "Fitting variance A"
[1] "DR"
[1] 0.848393
[1] 0.02290408
[1] 0.8632479

  0   1 
 16 101 
[1] 118
[1] 0.8270689
[1] 0.8158088
[1] "AdaLSE"
[1] 0.8045631
[1] 0.02432404
[1] 0.8389831

 0  1 
19 99 
[1] "Fitting mean A"
[1] "Fitting variance A"
[1] "DR"
[1] 0.7999089
[1] 0.02273516
[1] 0.8644068

  0   1 
 16 102 
[1] 119
[1] 0.8270689
[1] 0.8158088
[1] "AdaLSE"
[1] 0.7902196
[1] 0.02422441
[1] 0.8403361

  0   1 
 19 100 
[1] "Fitting mean A"
[1] "Fitting variance A"
[1] "DR"
[1] 0.7870641
[1] 0.0227131
[1] 0.8655462

  0   1 
 16 103 
[1] 120
[1] 0.8270689
[1] 0.8158088
[1] "AdaLSE"
[1] 0.8355039
[1] 0.0245778
[1] 0.8416667

  0   1 
 19 101 
[1] "Fitting mean A"
[1] "Fitting variance A"
[1] "DR"
[1] 0.8304231
[1] 0.02263557
[1] 0.8666667

  0   1 
 16 104 
[1] 121
[1] 0.8270689
[1] 0.8158088
[1] "AdaLSE"
[1] 0.8617534
[1] 0.02355062
[1] 0.8429752

  0   1 
 19 102 
[1] "Fitting mean A"
[1] "Fitting variance A"
[1] "DR"
[1] 0.8578431
[1] 0.02221992
[1] 0.8677686

  0   1 
 16 105 
[1] 122
[1] 0.8270689
[1] 0.8158088
[1] "AdaLSE"
[1] 0.8125795
[1] 0.02513697
[1] 0.8442623

  0   1 
 19 103 
[1] "Fitting mean A"
[1] "Fitting variance A"
[1] "DR"
[1] 0.7986374
[1] 0.02331088
[1] 0.8688525

  0   1 
 16 106 
[1] 123
[1] 0.8270689
[1] 0.8158088
[1] "AdaLSE"
[1] 0.8150685
[1] 0.02496606
[1] 0.8455285

  0   1 
 19 104 
[1] "Fitting mean A"
[1] "Fitting variance A"
[1] "DR"
[1] 0.8023548
[1] 0.02270325
[1] 0.8699187

  0   1 
 16 107 
[1] 124
[1] 0.8270689
[1] 0.8158088
[1] "AdaLSE"
[1] 0.8351746
[1] 0.02463342
[1] 0.8467742

  0   1 
 19 105 
[1] "Fitting mean A"
[1] "Fitting variance A"
[1] "DR"
[1] 0.8207256
[1] 0.02356425
[1] 0.8709677

  0   1 
 16 108 
[1] 125
[1] 0.8270689
[1] 0.8158088
[1] "AdaLSE"
[1] 0.8532589
[1] 0.02546437
[1] 0.848

  0   1 
 19 106 
[1] "Fitting mean A"
[1] "Fitting variance A"
[1] "DR"
[1] 0.8510851
[1] 0.02420546
[1] 0.872

  0   1 
 16 109 
[1] 126
[1] 0.8270689
[1] 0.8158088
[1] "AdaLSE"
[1] 0.8393134
[1] 0.02393824
[1] 0.8492063

  0   1 
 19 107 
[1] "Fitting mean A"
[1] "Fitting variance A"
[1] "DR"
[1] 0.8389242
[1] 0.02288781
[1] 0.8730159

  0   1 
 16 110 
[1] 127
[1] 0.8270689
[1] 0.8158088
[1] "AdaLSE"
[1] 0.8350948
[1] 0.02524678
[1] 0.8503937

  0   1 
 19 108 
[1] "Fitting mean A"
[1] "Fitting variance A"
[1] "DR"
[1] 0.8269376
[1] 0.02378417
[1] 0.8740157

  0   1 
 16 111 
[1] 128
[1] 0.8270689
[1] 0.8158088
[1] "AdaLSE"
[1] 0.8365999
[1] 0.02252949
[1] 0.8515625

  0   1 
 19 109 
[1] "Fitting mean A"
[1] "Fitting variance A"
[1] "DR"
[1] 0.826463
[1] 0.02142395
[1] 0.875

  0   1 
 16 112 
[1] 129
[1] 0.8270689
[1] 0.8158088
[1] "AdaLSE"
[1] 0.8178973
[1] 0.02353889
[1] 0.8527132

  0   1 
 19 110 
[1] "Fitting mean A"
[1] "Fitting variance A"
[1] "DR"
[1] 0.8128616
[1] 0.02215289
[1] 0.875969

  0   1 
 16 113 
[1] 130
[1] 0.8270689
[1] 0.8158088
[1] "AdaLSE"
[1] 0.8624773
[1] 0.02495386
[1] 0.8538462

  0   1 
 19 111 
[1] "Fitting mean A"
[1] "Fitting variance A"
[1] "DR"
[1] 0.8478666
[1] 0.02362042
[1] 0.8769231

  0   1 
 16 114 
[1] 131
[1] 0.8270689
[1] 0.8158088
[1] "AdaLSE"
[1] 0.8698844
[1] 0.02390434
[1] 0.8473282

  0   1 
 20 111 
[1] "Fitting mean A"
[1] "Fitting variance A"
[1] "DR"
[1] 0.8683731
[1] 0.02225259
[1] 0.870229

  0   1 
 17 114 
[1] 132
[1] 0.8270689
[1] 0.8158088
[1] "AdaLSE"
[1] 0.8368396
[1] 0.02313834
[1] 0.8484848

  0   1 
 20 112 
[1] "Fitting mean A"
[1] "Fitting variance A"
[1] "DR"
[1] 0.8335476
[1] 0.0220946
[1] 0.8712121

  0   1 
 17 115 
[1] 133
[1] 0.8270689
[1] 0.8158088
[1] "AdaLSE"
[1] 0.8735868
[1] 0.02500098
[1] 0.8421053

  0   1 
 21 112 
[1] "Fitting mean A"
[1] "Fitting variance A"
[1] "DR"
[1] 0.8607952
[1] 0.02358898
[1] 0.8721805

  0   1 
 17 116 
[1] 134
[1] 0.8270689
[1] 0.8158088
[1] "AdaLSE"
[1] 0.8664035
[1] 0.02566338
[1] 0.8358209

  0   1 
 22 112 
[1] "Fitting mean A"
[1] "Fitting variance A"
[1] "DR"
[1] 0.8498802
[1] 0.02432823
[1] 0.8731343

  0   1 
 17 117 
[1] 135
[1] 0.8270689
[1] 0.8158088
[1] "AdaLSE"
[1] 0.9130349
[1] 0.02359002
[1] 0.8296296

  0   1 
 23 112 
[1] "Fitting mean A"
[1] "Fitting variance A"
[1] "DR"
[1] 0.9034861
[1] 0.02217394
[1] 0.8666667

  0   1 
 18 117 
[1] 136
[1] 0.8270689
[1] 0.8158088
[1] "AdaLSE"
[1] 0.8289889
[1] 0.02543882
[1] 0.8308824

  0   1 
 23 113 
[1] "Fitting mean A"
[1] "Fitting variance A"
[1] "DR"
[1] 0.8244501
[1] 0.02456854
[1] 0.8676471

  0   1 
 18 118 
[1] 137
[1] 0.8270689
[1] 0.8158088
[1] "AdaLSE"
[1] 0.8792741
[1] 0.02425853
[1] 0.8248175

  0   1 
 24 113 
[1] "Fitting mean A"
[1] "Fitting variance A"
[1] "DR"
[1] 0.8766861
[1] 0.0229552
[1] 0.8613139

  0   1 
 19 118 
[1] 138
[1] 0.8270689
[1] 0.8158088
[1] "AdaLSE"
[1] 0.8394173
[1] 0.024331
[1] 0.826087

  0   1 
 24 114 
[1] "Fitting mean A"
[1] "Fitting variance A"
[1] "DR"
[1] 0.8388611
[1] 0.02324335
[1] 0.8623188

  0   1 
 19 119 
[1] 139
[1] 0.8270689
[1] 0.8158088
[1] "AdaLSE"
[1] 0.8529335
[1] 0.02480925
[1] 0.8273381

  0   1 
 24 115 
[1] "Fitting mean A"
[1] "Fitting variance A"
[1] "DR"
[1] 0.8427601
[1] 0.02377978
[1] 0.8633094

  0   1 
 19 120 
[1] 140
[1] 0.8270689
[1] 0.8158088
[1] "AdaLSE"
[1] 0.8461268
[1] 0.02447911
[1] 0.8285714

  0   1 
 24 116 
[1] "Fitting mean A"
[1] "Fitting variance A"
[1] "DR"
[1] 0.8350398
[1] 0.02365121
[1] 0.8642857

  0   1 
 19 121 
[1] 141
[1] 0.8270689
[1] 0.8158088
[1] "AdaLSE"
[1] 0.8723641
[1] 0.02381658
[1] 0.822695

  0   1 
 25 116 
[1] "Fitting mean A"
[1] "Fitting variance A"
[1] "DR"
[1] 0.870642
[1] 0.02251968
[1] 0.858156

  0   1 
 20 121 
[1] 142
[1] 0.8270689
[1] 0.8158088
[1] "AdaLSE"
[1] 0.8432772
[1] 0.02355653
[1] 0.8239437

  0   1 
 25 117 
[1] "Fitting mean A"
[1] "Fitting variance A"
[1] "DR"
[1] 0.842472
[1] 0.02241114
[1] 0.8591549

  0   1 
 20 122 
[1] 143
[1] 0.8270689
[1] 0.8158088
[1] "AdaLSE"
[1] 0.8195966
[1] 0.02226683
[1] 0.8251748

  0   1 
 25 118 
[1] "Fitting mean A"
[1] "Fitting variance A"
[1] "DR"
[1] 0.8199114
[1] 0.02153239
[1] 0.8601399

  0   1 
 20 123 
[1] 144
[1] 0.8270689
[1] 0.8158088
[1] "AdaLSE"
[1] 0.8885185
[1] 0.02448152
[1] 0.8194444

  0   1 
 26 118 
[1] "Fitting mean A"
[1] "Fitting variance A"
[1] "DR"
[1] 0.8849778
[1] 0.02329977
[1] 0.8541667

  0   1 
 21 123 
[1] 145
[1] 0.8270689
[1] 0.8158088
[1] "AdaLSE"
[1] 0.8486508
[1] 0.02512329
[1] 0.8206897

  0   1 
 26 119 
[1] "Fitting mean A"
[1] "Fitting variance A"
[1] "DR"
[1] 0.846251
[1] 0.02357096
[1] 0.8551724

  0   1 
 21 124 
[1] 146
[1] 0.8270689
[1] 0.8158088
[1] "AdaLSE"
[1] 0.8374609
[1] 0.02636321
[1] 0.8219178

  0   1 
 26 120 
[1] "Fitting mean A"
[1] "Fitting variance A"
[1] "DR"
[1] 0.8310843
[1] 0.02464718
[1] 0.8561644

  0   1 
 21 125 
[1] 147
[1] 0.8270689
[1] 0.8158088
[1] "AdaLSE"
[1] 0.8643473
[1] 0.02403394
[1] 0.8163265

  0   1 
 27 120 
[1] "Fitting mean A"
[1] "Fitting variance A"
[1] "DR"
[1] 0.8573976
[1] 0.0226592
[1] 0.8571429

  0   1 
 21 126 
[1] 148
[1] 0.8270689
[1] 0.8158088
[1] "AdaLSE"
[1] 0.8665441
[1] 0.02467562
[1] 0.8108108

  0   1 
 28 120 
[1] "Fitting mean A"
[1] "Fitting variance A"
[1] "DR"
[1] 0.8642496
[1] 0.02377743
[1] 0.8513514

  0   1 
 22 126 
[1] 149
[1] 0.8270689
[1] 0.8158088
[1] "AdaLSE"
[1] 0.8329883
[1] 0.02441864
[1] 0.8120805

  0   1 
 28 121 
[1] "Fitting mean A"
[1] "Fitting variance A"
[1] "DR"
[1] 0.824469
[1] 0.02352717
[1] 0.852349

  0   1 
 22 127 
[1] 150
[1] 0.8270689
[1] 0.8158088
[1] "AdaLSE"
[1] 0.8087425
[1] 0.02292431
[1] 0.8133333

  0   1 
 28 122 
[1] "Fitting mean A"
[1] "Fitting variance A"
[1] "DR"
[1] 0.8040238
[1] 0.02175441
[1] 0.8533333

  0   1 
 22 128 
[1] 151
[1] 0.8270689
[1] 0.8158088
[1] "AdaLSE"
[1] 0.8709893
[1] 0.02374918
[1] 0.807947

  0   1 
 29 122 
[1] "Fitting mean A"
[1] "Fitting variance A"
[1] "DR"
[1] 0.8602273
[1] 0.02291455
[1] 0.8543046

  0   1 
 22 129 
[1] 152
[1] 0.8270689
[1] 0.8158088
[1] "AdaLSE"
[1] 0.8187496
[1] 0.02403626
[1] 0.8092105

  0   1 
 29 123 
[1] "Fitting mean A"
[1] "Fitting variance A"
[1] "DR"
[1] 0.8048349
[1] 0.02271937
[1] 0.8552632

  0   1 
 22 130 
[1] 153
[1] 0.8270689
[1] 0.8158088
[1] "AdaLSE"
[1] 0.8365451
[1] 0.02657739
[1] 0.8104575

  0   1 
 29 124 
[1] "Fitting mean A"
[1] "Fitting variance A"
[1] "DR"
[1] 0.8338046
[1] 0.02612663
[1] 0.8562092

  0   1 
 22 131 
[1] 154
[1] 0.8270689
[1] 0.8158088
[1] "AdaLSE"
[1] 0.8584957
[1] 0.02496816
[1] 0.8116883

  0   1 
 29 125 
[1] "Fitting mean A"
[1] "Fitting variance A"
[1] "DR"
[1] 0.8561406
[1] 0.02427861
[1] 0.8571429

  0   1 
 22 132 
[1] 155
[1] 0.8270689
[1] 0.8158088
[1] "AdaLSE"
[1] 0.8308566
[1] 0.02333101
[1] 0.8129032

  0   1 
 29 126 
[1] "Fitting mean A"
[1] "Fitting variance A"
[1] "DR"
[1] 0.8298494
[1] 0.02149393
[1] 0.8580645

  0   1 
 22 133 
[1] 156
[1] 0.8270689
[1] 0.8158088
[1] "AdaLSE"
[1] 0.8464482
[1] 0.02536567
[1] 0.8141026

  0   1 
 29 127 
[1] "Fitting mean A"
[1] "Fitting variance A"
[1] "DR"
[1] 0.8408235
[1] 0.02486441
[1] 0.8589744

  0   1 
 22 134 
[1] 157
[1] 0.8270689
[1] 0.8158088
[1] "AdaLSE"
[1] 0.7884311
[1] 0.02358782
[1] 0.8152866

  0   1 
 29 128 
[1] "Fitting mean A"
[1] "Fitting variance A"
[1] "DR"
[1] 0.7850761
[1] 0.02204852
[1] 0.8598726

  0   1 
 22 135 
[1] 158
[1] 0.8270689
[1] 0.8158088
[1] "AdaLSE"
[1] 0.8705843
[1] 0.02210004
[1] 0.8101266

  0   1 
 30 128 
[1] "Fitting mean A"
[1] "Fitting variance A"
[1] "DR"
[1] 0.8642548
[1] 0.02140228
[1] 0.8544304

  0   1 
 23 135 
[1] 159
[1] 0.8270689
[1] 0.8158088
[1] "AdaLSE"
[1] 0.8711137
[1] 0.02499895
[1] 0.8050314

  0   1 
 31 128 
[1] "Fitting mean A"
[1] "Fitting variance A"
[1] "DR"
[1] 0.8585781
[1] 0.02356102
[1] 0.8553459

  0   1 
 23 136 
[1] 160
[1] 0.8270689
[1] 0.8158088
[1] "AdaLSE"
[1] 0.8561147
[1] 0.02352608
[1] 0.80625

  0   1 
 31 129 
[1] "Fitting mean A"
[1] "Fitting variance A"
[1] "DR"
[1] 0.8541715
[1] 0.02221318
[1] 0.85625

  0   1 
 23 137 
[1] 161
[1] 0.8270689
[1] 0.8158088
[1] "AdaLSE"
[1] 0.8064835
[1] 0.02550781
[1] 0.8074534

  0   1 
 31 130 
[1] "Fitting mean A"
[1] "Fitting variance A"
[1] "DR"
[1] 0.802053
[1] 0.02410256
[1] 0.8571429

  0   1 
 23 138 
[1] 162
[1] 0.8270689
[1] 0.8158088
[1] "AdaLSE"
[1] 0.8520723
[1] 0.02337856
[1] 0.808642

  0   1 
 31 131 
[1] "Fitting mean A"
[1] "Fitting variance A"
[1] "DR"
[1] 0.8429429
[1] 0.02192411
[1] 0.8580247

  0   1 
 23 139 
[1] 163
[1] 0.8270689
[1] 0.8158088
[1] "AdaLSE"
[1] 0.8413223
[1] 0.02381071
[1] 0.809816

  0   1 
 31 132 
[1] "Fitting mean A"
[1] "Fitting variance A"
[1] "DR"
[1] 0.839626
[1] 0.0221338
[1] 0.8588957

  0   1 
 23 140 
[1] 164
[1] 0.8270689
[1] 0.8158088
[1] "AdaLSE"
[1] 0.8084602
[1] 0.02537883
[1] 0.8109756

  0   1 
 31 133 
[1] "Fitting mean A"
[1] "Fitting variance A"
[1] "DR"
[1] 0.8048556
[1] 0.02400217
[1] 0.8597561

  0   1 
 23 141 
[1] 165
[1] 0.8270689
[1] 0.8158088
[1] "AdaLSE"
[1] 0.852379
[1] 0.02392537
[1] 0.8121212

  0   1 
 31 134 
[1] "Fitting mean A"
[1] "Fitting variance A"
[1] "DR"
[1] 0.8481071
[1] 0.02153341
[1] 0.8606061

  0   1 
 23 142 
[1] 166
[1] 0.8270689
[1] 0.8158088
[1] "AdaLSE"
[1] 0.7988445
[1] 0.02306684
[1] 0.813253

  0   1 
 31 135 
[1] "Fitting mean A"
[1] "Fitting variance A"
[1] "DR"
[1] 0.7966125
[1] 0.02189525
[1] 0.8614458

  0   1 
 23 143 
[1] 167
[1] 0.8270689
[1] 0.8158088
[1] "AdaLSE"
[1] 0.8402744
[1] 0.02556756
[1] 0.8143713

  0   1 
 31 136 
[1] "Fitting mean A"
[1] "Fitting variance A"
[1] "DR"
[1] 0.82195
[1] 0.02415965
[1] 0.8622754

  0   1 
 23 144 
[1] 168
[1] 0.8270689
[1] 0.8158088
[1] "AdaLSE"
[1] 0.8123766
[1] 0.02279981
[1] 0.8154762

  0   1 
 31 137 
[1] "Fitting mean A"
[1] "Fitting variance A"
[1] "DR"
[1] 0.8117033
[1] 0.0216668
[1] 0.8630952

  0   1 
 23 145 
[1] 169
[1] 0.8270689
[1] 0.8158088
[1] "AdaLSE"
[1] 0.8446938
[1] 0.0235655
[1] 0.816568

  0   1 
 31 138 
[1] "Fitting mean A"
[1] "Fitting variance A"
[1] "DR"
[1] 0.8408513
[1] 0.02294707
[1] 0.8639053

  0   1 
 23 146 
[1] 170
[1] 0.8270689
[1] 0.8158088
[1] "AdaLSE"
[1] 0.8766779
[1] 0.02368397
[1] 0.8117647

  0   1 
 32 138 
[1] "Fitting mean A"
[1] "Fitting variance A"
[1] "DR"
[1] 0.8721285
[1] 0.02214724
[1] 0.8588235

  0   1 
 24 146 
[1] 171
[1] 0.8270689
[1] 0.8158088
[1] "AdaLSE"
[1] 0.8581385
[1] 0.02419112
[1] 0.8128655

  0   1 
 32 139 
[1] "Fitting mean A"
[1] "Fitting variance A"
[1] "DR"
[1] 0.8560525
[1] 0.02284056
[1] 0.8596491

  0   1 
 24 147 
[1] 172
[1] 0.8270689
[1] 0.8158088
[1] "AdaLSE"
[1] 0.8389512
[1] 0.02387288
[1] 0.8139535

  0   1 
 32 140 
[1] "Fitting mean A"
[1] "Fitting variance A"
[1] "DR"
[1] 0.8376811
[1] 0.0227449
[1] 0.8604651

  0   1 
 24 148 
[1] 173
[1] 0.8270689
[1] 0.8158088
[1] "AdaLSE"
[1] 0.8257703
[1] 0.02310159
[1] 0.8150289

  0   1 
 32 141 
[1] "Fitting mean A"
[1] "Fitting variance A"
[1] "DR"
[1] 0.8170357
[1] 0.02205122
[1] 0.8612717

  0   1 
 24 149 
[1] 174
[1] 0.8270689
[1] 0.8158088
[1] "AdaLSE"
[1] 0.7996036
[1] 0.02401562
[1] 0.816092

  0   1 
 32 142 
[1] "Fitting mean A"
[1] "Fitting variance A"
[1] "DR"
[1] 0.7888791
[1] 0.02269108
[1] 0.862069

  0   1 
 24 150 
[1] 175
[1] 0.8270689
[1] 0.8158088
[1] "AdaLSE"
[1] 0.8142047
[1] 0.02471524
[1] 0.8171429

  0   1 
 32 143 
[1] "Fitting mean A"
[1] "Fitting variance A"
[1] "DR"
[1] 0.8127173
[1] 0.02351724
[1] 0.8628571

  0   1 
 24 151 
[1] 176
[1] 0.8270689
[1] 0.8158088
[1] "AdaLSE"
[1] 0.8356179
[1] 0.02594935
[1] 0.8181818

  0   1 
 32 144 
[1] "Fitting mean A"
[1] "Fitting variance A"
[1] "DR"
[1] 0.8352301
[1] 0.02425195
[1] 0.8636364

  0   1 
 24 152 
[1] 177
[1] 0.8270689
[1] 0.8158088
[1] "AdaLSE"
[1] 0.8106677
[1] 0.02288213
[1] 0.819209

  0   1 
 32 145 
[1] "Fitting mean A"
[1] "Fitting variance A"
[1] "DR"
[1] 0.8075579
[1] 0.02086401
[1] 0.8644068

  0   1 
 24 153 
[1] 178
[1] 0.8270689
[1] 0.8158088
[1] "AdaLSE"
[1] 0.8310531
[1] 0.025552
[1] 0.8202247

  0   1 
 32 146 
[1] "Fitting mean A"
[1] "Fitting variance A"
[1] "DR"
[1] 0.8218167
[1] 0.0239997
[1] 0.8651685

  0   1 
 24 154 
[1] 179
[1] 0.8270689
[1] 0.8158088
[1] "AdaLSE"
[1] 0.7959461
[1] 0.02278887
[1] 0.8212291

  0   1 
 32 147 
[1] "Fitting mean A"
[1] "Fitting variance A"
[1] "DR"
[1] 0.786451
[1] 0.02184895
[1] 0.8659218

  0   1 
 24 155 
[1] 180
[1] 0.8270689
[1] 0.8158088
[1] "AdaLSE"
[1] 0.7997071
[1] 0.02425136
[1] 0.8222222

  0   1 
 32 148 
[1] "Fitting mean A"
[1] "Fitting variance A"
[1] "DR"
[1] 0.7863017
[1] 0.02285649
[1] 0.8666667

  0   1 
 24 156 
[1] 181
[1] 0.8270689
[1] 0.8158088
[1] "AdaLSE"
[1] 0.8424476
[1] 0.0237123
[1] 0.8232044

  0   1 
 32 149 
[1] "Fitting mean A"
[1] "Fitting variance A"
[1] "DR"
[1] 0.8384729
[1] 0.02217625
[1] 0.8674033

  0   1 
 24 157 
[1] 182
[1] 0.8270689
[1] 0.8158088
[1] "AdaLSE"
[1] 0.8016546
[1] 0.02222733
[1] 0.8241758

  0   1 
 32 150 
[1] "Fitting mean A"
[1] "Fitting variance A"
[1] "DR"
[1] 0.8034205
[1] 0.02132908
[1] 0.8681319

  0   1 
 24 158 
[1] 183
[1] 0.8270689
[1] 0.8158088
[1] "AdaLSE"
[1] 0.803619
[1] 0.02434041
[1] 0.8251366

  0   1 
 32 151 
[1] "Fitting mean A"
[1] "Fitting variance A"
[1] "DR"
[1] 0.7993031
[1] 0.0220544
[1] 0.8688525

  0   1 
 24 159 
[1] 184
[1] 0.8270689
[1] 0.8158088
[1] "AdaLSE"
[1] 0.8366288
[1] 0.0240958
[1] 0.826087

  0   1 
 32 152 
[1] "Fitting mean A"
[1] "Fitting variance A"
[1] "DR"
[1] 0.8301853
[1] 0.02273055
[1] 0.8695652

  0   1 
 24 160 
[1] 185
[1] 0.8270689
[1] 0.8158088
[1] "AdaLSE"
[1] 0.8782042
[1] 0.02418542
[1] 0.8216216

  0   1 
 33 152 
[1] "Fitting mean A"
[1] "Fitting variance A"
[1] "DR"
[1] 0.8731911
[1] 0.02352022
[1] 0.8648649

  0   1 
 25 160 
[1] 186
[1] 0.8270689
[1] 0.8158088
[1] "AdaLSE"
[1] 0.8207679
[1] 0.02347017
[1] 0.8225806

  0   1 
 33 153 
[1] "Fitting mean A"
[1] "Fitting variance A"
[1] "DR"
[1] 0.8184266
[1] 0.02257056
[1] 0.8655914

  0   1 
 25 161 
[1] 187
[1] 0.8270689
[1] 0.8158088
[1] "AdaLSE"
[1] 0.8483814
[1] 0.02372808
[1] 0.8235294

  0   1 
 33 154 
[1] "Fitting mean A"
[1] "Fitting variance A"
[1] "DR"
[1] 0.8446289
[1] 0.02273923
[1] 0.8663102

  0   1 
 25 162 
[1] 188
[1] 0.8270689
[1] 0.8158088
[1] "AdaLSE"
[1] 0.8537905
[1] 0.02466563
[1] 0.8244681

  0   1 
 33 155 
[1] "Fitting mean A"
[1] "Fitting variance A"
[1] "DR"
[1] 0.8502629
[1] 0.02326545
[1] 0.8670213

  0   1 
 25 163 
[1] 189
[1] 0.8270689
[1] 0.8158088
[1] "AdaLSE"
[1] 0.8623088
[1] 0.02422515
[1] 0.8253968

  0   1 
 33 156 
[1] "Fitting mean A"
[1] "Fitting variance A"
[1] "DR"
[1] 0.8604074
[1] 0.02244316
[1] 0.8624339

  0   1 
 26 163 
[1] 190
[1] 0.8270689
[1] 0.8158088
[1] "AdaLSE"
[1] 0.8605683
[1] 0.02388265
[1] 0.8263158

  0   1 
 33 157 
[1] "Fitting mean A"
[1] "Fitting variance A"
[1] "DR"
[1] 0.8581285
[1] 0.02206671
[1] 0.8631579

  0   1 
 26 164 
[1] 191
[1] 0.8270689
[1] 0.8158088
[1] "AdaLSE"
[1] 0.8164497
[1] 0.02368808
[1] 0.8272251

  0   1 
 33 158 
[1] "Fitting mean A"
[1] "Fitting variance A"
[1] "DR"
[1] 0.8129505
[1] 0.02295231
[1] 0.8638743

  0   1 
 26 165 
[1] 192
[1] 0.8270689
[1] 0.8158088
[1] "AdaLSE"
[1] 0.7879902
[1] 0.02416636
[1] 0.828125

  0   1 
 33 159 
[1] "Fitting mean A"
[1] "Fitting variance A"
[1] "DR"
[1] 0.7838919
[1] 0.02215712
[1] 0.8645833

  0   1 
 26 166 
[1] 193
[1] 0.8270689
[1] 0.8158088
[1] "AdaLSE"
[1] 0.8669668
[1] 0.02421711
[1] 0.8238342

  0   1 
 34 159 
[1] "Fitting mean A"
[1] "Fitting variance A"
[1] "DR"
[1] 0.8537397
[1] 0.02304456
[1] 0.865285

  0   1 
 26 167 
[1] 194
[1] 0.8270689
[1] 0.8158088
[1] "AdaLSE"
[1] 0.8884487
[1] 0.02292793
[1] 0.8195876

  0   1 
 35 159 
[1] "Fitting mean A"
[1] "Fitting variance A"
[1] "DR"
[1] 0.8873074
[1] 0.02165138
[1] 0.8608247

  0   1 
 27 167 
[1] 195
[1] 0.8270689
[1] 0.8158088
[1] "AdaLSE"
[1] 0.8218528
[1] 0.02311835
[1] 0.8205128

  0   1 
 35 160 
[1] "Fitting mean A"
[1] "Fitting variance A"
[1] "DR"
[1] 0.8126803
[1] 0.02188756
[1] 0.8615385

  0   1 
 27 168 
[1] 196
[1] 0.8270689
[1] 0.8158088
[1] "AdaLSE"
[1] 0.8064806
[1] 0.02404956
[1] 0.8214286

  0   1 
 35 161 
[1] "Fitting mean A"
[1] "Fitting variance A"
[1] "DR"
[1] 0.7943505
[1] 0.02271849
[1] 0.8622449

  0   1 
 27 169 
[1] 197
[1] 0.8270689
[1] 0.8158088
[1] "AdaLSE"
[1] 0.8719956
[1] 0.02364581
[1] 0.8172589

  0   1 
 36 161 
[1] "Fitting mean A"
[1] "Fitting variance A"
[1] "DR"
[1] 0.8640629
[1] 0.02289558
[1] 0.857868

  0   1 
 28 169 
[1] 198
[1] 0.8270689
[1] 0.8158088
[1] "AdaLSE"
[1] 0.8160736
[1] 0.02352268
[1] 0.8181818

  0   1 
 36 162 
[1] "Fitting mean A"
[1] "Fitting variance A"
[1] "DR"
[1] 0.8133401
[1] 0.02236662
[1] 0.8585859

  0   1 
 28 170 
[1] 199
[1] 0.8270689
[1] 0.8158088
[1] "AdaLSE"
[1] 0.8506149
[1] 0.02375179
[1] 0.8190955

  0   1 
 36 163 
[1] "Fitting mean A"
[1] "Fitting variance A"
[1] "DR"
[1] 0.8465757
[1] 0.02297841
[1] 0.8592965

  0   1 
 28 171 
[1] 200
[1] 0.8270689
[1] 0.8158088
[1] "AdaLSE"
[1] 0.8025104
[1] 0.02499273
[1] 0.82

  0   1 
 36 164 
[1] "Fitting mean A"
[1] "Fitting variance A"
[1] "DR"
[1] 0.7989732
[1] 0.0228655
[1] 0.86

  0   1 
 28 172 
[1] 201
[1] 0.8270689
[1] 0.8158088
[1] "AdaLSE"
[1] 0.8530076
[1] 0.02508828
[1] 0.8208955

  0   1 
 36 165 
[1] "Fitting mean A"
[1] "Fitting variance A"
[1] "DR"
[1] 0.8445351
[1] 0.02362943
[1] 0.8606965

  0   1 
 28 173 
[1] 202
[1] 0.8270689
[1] 0.8158088
[1] "AdaLSE"
[1] 0.8527243
[1] 0.02419288
[1] 0.8217822

  0   1 
 36 166 
[1] "Fitting mean A"
[1] "Fitting variance A"
[1] "DR"
[1] 0.8403728
[1] 0.02349596
[1] 0.8613861

  0   1 
 28 174 
[1] 203
[1] 0.8270689
[1] 0.8158088
[1] "AdaLSE"
[1] 0.8727329
[1] 0.02305284
[1] 0.817734

  0   1 
 37 166 
[1] "Fitting mean A"
[1] "Fitting variance A"
[1] "DR"
[1] 0.863371
[1] 0.0216068
[1] 0.8571429

  0   1 
 29 174 
[1] 204
[1] 0.8270689
[1] 0.8158088
[1] "AdaLSE"
[1] 0.8259858
[1] 0.02196929
[1] 0.8186275

  0   1 
 37 167 
[1] "Fitting mean A"
[1] "Fitting variance A"
[1] "DR"
[1] 0.8187484
[1] 0.02061684
[1] 0.8578431

  0   1 
 29 175 
[1] 205
[1] 0.8270689
[1] 0.8158088
[1] "AdaLSE"
[1] 0.831538
[1] 0.02367745
[1] 0.8195122

  0   1 
 37 168 
[1] "Fitting mean A"
[1] "Fitting variance A"
[1] "DR"
[1] 0.8318435
[1] 0.02243444
[1] 0.8585366

  0   1 
 29 176 
[1] 206
[1] 0.8270689
[1] 0.8158088
[1] "AdaLSE"
[1] 0.8226622
[1] 0.02495831
[1] 0.8203883

  0   1 
 37 169 
[1] "Fitting mean A"
[1] "Fitting variance A"
[1] "DR"
[1] 0.8087609
[1] 0.02346912
[1] 0.8592233

  0   1 
 29 177 
[1] 207
[1] 0.8270689
[1] 0.8158088
[1] "AdaLSE"
[1] 0.8344734
[1] 0.02427538
[1] 0.821256

  0   1 
 37 170 
[1] "Fitting mean A"
[1] "Fitting variance A"
[1] "DR"
[1] 0.8315584
[1] 0.02276728
[1] 0.8599034

  0   1 
 29 178 
[1] 208
[1] 0.8270689
[1] 0.8158088
[1] "AdaLSE"
[1] 0.8754521
[1] 0.02421261
[1] 0.8173077

  0   1 
 38 170 
[1] "Fitting mean A"
[1] "Fitting variance A"
[1] "DR"
[1] 0.872347
[1] 0.02203793
[1] 0.8557692

  0   1 
 30 178 
[1] 209
[1] 0.8270689
[1] 0.8158088
[1] "AdaLSE"
[1] 0.8561368
[1] 0.02364579
[1] 0.8181818

  0   1 
 38 171 
[1] "Fitting mean A"
[1] "Fitting variance A"
[1] "DR"
[1] 0.8450478
[1] 0.02210553
[1] 0.8564593

  0   1 
 30 179 
[1] 210
[1] 0.8270689
[1] 0.8158088
[1] "AdaLSE"
[1] 0.8516383
[1] 0.0248029
[1] 0.8190476

  0   1 
 38 172 
[1] "Fitting mean A"
[1] "Fitting variance A"
[1] "DR"
[1] 0.8459167
[1] 0.02322015
[1] 0.8571429

  0   1 
 30 180 
[1] 211
[1] 0.8270689
[1] 0.8158088
[1] "AdaLSE"
[1] 0.8966478
[1] 0.02408101
[1] 0.8151659

  0   1 
 39 172 
[1] "Fitting mean A"
[1] "Fitting variance A"
[1] "DR"
[1] 0.8923784
[1] 0.02195063
[1] 0.8530806

  0   1 
 31 180 
[1] 212
[1] 0.8270689
[1] 0.8158088
[1] "AdaLSE"
[1] 0.8321798
[1] 0.02402629
[1] 0.8160377

  0   1 
 39 173 
[1] "Fitting mean A"
[1] "Fitting variance A"
[1] "DR"
[1] 0.8308875
[1] 0.02274305
[1] 0.8537736

  0   1 
 31 181 
[1] 213
[1] 0.8270689
[1] 0.8158088
[1] "AdaLSE"
[1] 0.8504001
[1] 0.02324424
[1] 0.8169014

  0   1 
 39 174 
[1] "Fitting mean A"
[1] "Fitting variance A"
[1] "DR"
[1] 0.8384966
[1] 0.02240841
[1] 0.8544601

  0   1 
 31 182 
[1] 214
[1] 0.8270689
[1] 0.8158088
[1] "AdaLSE"
[1] 0.7958966
[1] 0.02486984
[1] 0.817757

  0   1 
 39 175 
[1] "Fitting mean A"
[1] "Fitting variance A"
[1] "DR"
[1] 0.7947629
[1] 0.02385203
[1] 0.8551402

  0   1 
 31 183 
[1] 215
[1] 0.8270689
[1] 0.8158088
[1] "AdaLSE"
[1] 0.846209
[1] 0.02295828
[1] 0.8186047

  0   1 
 39 176 
[1] "Fitting mean A"
[1] "Fitting variance A"
[1] "DR"
[1] 0.8382346
[1] 0.02238575
[1] 0.855814

  0   1 
 31 184 
[1] 216
[1] 0.8270689
[1] 0.8158088
[1] "AdaLSE"
[1] 0.8259388
[1] 0.02420903
[1] 0.8194444

  0   1 
 39 177 
[1] "Fitting mean A"
[1] "Fitting variance A"
[1] "DR"
[1] 0.8200746
[1] 0.02312871
[1] 0.8564815

  0   1 
 31 185 
[1] 217
[1] 0.8270689
[1] 0.8158088
[1] "AdaLSE"
[1] 0.8200488
[1] 0.02419536
[1] 0.8202765

  0   1 
 39 178 
[1] "Fitting mean A"
[1] "Fitting variance A"
[1] "DR"
[1] 0.8147356
[1] 0.02304436
[1] 0.8571429

  0   1 
 31 186 
[1] 218
[1] 0.8270689
[1] 0.8158088
[1] "AdaLSE"
[1] 0.8362317
[1] 0.02429852
[1] 0.8211009

  0   1 
 39 179 
[1] "Fitting mean A"
[1] "Fitting variance A"
[1] "DR"
[1] 0.8350245
[1] 0.02149422
[1] 0.8577982

  0   1 
 31 187 
[1] 219
[1] 0.8270689
[1] 0.8158088
[1] "AdaLSE"
[1] 0.8543546
[1] 0.02214073
[1] 0.8219178

  0   1 
 39 180 
[1] "Fitting mean A"
[1] "Fitting variance A"
[1] "DR"
[1] 0.8555537
[1] 0.02061582
[1] 0.8584475

  0   1 
 31 188 
[1] 220
[1] 0.8270689
[1] 0.8158088
[1] "AdaLSE"
[1] 0.874027
[1] 0.024386
[1] 0.8181818

  0   1 
 40 180 
[1] "Fitting mean A"
[1] "Fitting variance A"
[1] "DR"
[1] 0.8585215
[1] 0.02367892
[1] 0.8590909

  0   1 
 31 189 
[1] 221
[1] 0.8270689
[1] 0.8158088
[1] "AdaLSE"
[1] 0.8545458
[1] 0.02596156
[1] 0.8190045

  0   1 
 40 181 
[1] "Fitting mean A"
[1] "Fitting variance A"
[1] "DR"
[1] 0.8445496
[1] 0.02401509
[1] 0.8597285

  0   1 
 31 190 
[1] 222
[1] 0.8270689
[1] 0.8158088
[1] "AdaLSE"
[1] 0.8245945
[1] 0.02424788
[1] 0.8198198

  0   1 
 40 182 
[1] "Fitting mean A"
[1] "Fitting variance A"
[1] "DR"
[1] 0.8144913
[1] 0.02328658
[1] 0.8603604

  0   1 
 31 191 
[1] 223
[1] 0.8270689
[1] 0.8158088
[1] "AdaLSE"
[1] 0.8386872
[1] 0.02338807
[1] 0.8206278

  0   1 
 40 183 
[1] "Fitting mean A"
[1] "Fitting variance A"
[1] "DR"
[1] 0.8241263
[1] 0.02214528
[1] 0.8609865

  0   1 
 31 192 
[1] 224
[1] 0.8270689
[1] 0.8158088
[1] "AdaLSE"
[1] 0.8174277
[1] 0.02434994
[1] 0.8214286

  0   1 
 40 184 
[1] "Fitting mean A"
[1] "Fitting variance A"
[1] "DR"
[1] 0.816513
[1] 0.0235138
[1] 0.8616071

  0   1 
 31 193 
[1] 225
[1] 0.8270689
[1] 0.8158088
[1] "AdaLSE"
[1] 0.8053033
[1] 0.02278565
[1] 0.8222222

  0   1 
 40 185 
[1] "Fitting mean A"
[1] "Fitting variance A"
[1] "DR"
[1] 0.7992853
[1] 0.02186257
[1] 0.8622222

  0   1 
 31 194 
[1] 226
[1] 0.8270689
[1] 0.8158088
[1] "AdaLSE"
[1] 0.8472347
[1] 0.02517741
[1] 0.8230088

  0   1 
 40 186 
[1] "Fitting mean A"
[1] "Fitting variance A"
[1] "DR"
[1] 0.8439741
[1] 0.02389824
[1] 0.8628319

  0   1 
 31 195 
[1] 227
[1] 0.8270689
[1] 0.8158088
[1] "AdaLSE"
[1] 0.8414984
[1] 0.02524915
[1] 0.8237885

  0   1 
 40 187 
[1] "Fitting mean A"
[1] "Fitting variance A"
[1] "DR"
[1] 0.8383297
[1] 0.02368893
[1] 0.8634361

  0   1 
 31 196 
[1] 228
[1] 0.8270689
[1] 0.8158088
[1] "AdaLSE"
[1] 0.8458017
[1] 0.02302468
[1] 0.8245614

  0   1 
 40 188 
[1] "Fitting mean A"
[1] "Fitting variance A"
[1] "DR"
[1] 0.8433882
[1] 0.02198937
[1] 0.8640351

  0   1 
 31 197 
[1] 229
[1] 0.8270689
[1] 0.8158088
[1] "AdaLSE"
[1] 0.8930473
[1] 0.02387895
[1] 0.8209607

  0   1 
 41 188 
[1] "Fitting mean A"
[1] "Fitting variance A"
[1] "DR"
[1] 0.8935481
[1] 0.02165206
[1] 0.860262

  0   1 
 32 197 
[1] 230
[1] 0.8270689
[1] 0.8158088
[1] "AdaLSE"
[1] 0.8717742
[1] 0.02272701
[1] 0.8173913

  0   1 
 42 188 
[1] "Fitting mean A"
[1] "Fitting variance A"
[1] "DR"
[1] 0.8709522
[1] 0.02149257
[1] 0.8565217

  0   1 
 33 197 
[1] 231
[1] 0.8270689
[1] 0.8158088
[1] "AdaLSE"
[1] 0.8155321
[1] 0.02434218
[1] 0.8181818

  0   1 
 42 189 
[1] "Fitting mean A"
[1] "Fitting variance A"
[1] "DR"
[1] 0.8135676
[1] 0.02236978
[1] 0.8571429

  0   1 
 33 198 
[1] 232
[1] 0.8270689
[1] 0.8158088
[1] "AdaLSE"
[1] 0.8439367
[1] 0.02380944
[1] 0.8189655

  0   1 
 42 190 
[1] "Fitting mean A"
[1] "Fitting variance A"
[1] "DR"
[1] 0.8369912
[1] 0.02234333
[1] 0.8577586

  0   1 
 33 199 
[1] 233
[1] 0.8270689
[1] 0.8158088
[1] "AdaLSE"
[1] 0.8381518
[1] 0.02594359
[1] 0.8197425

  0   1 
 42 191 
[1] "Fitting mean A"
[1] "Fitting variance A"
[1] "DR"
[1] 0.837598
[1] 0.02489884
[1] 0.8583691

  0   1 
 33 200 
[1] 234
[1] 0.8270689
[1] 0.8158088
[1] "AdaLSE"
[1] 0.8758761
[1] 0.02438833
[1] 0.8162393

  0   1 
 43 191 
[1] "Fitting mean A"
[1] "Fitting variance A"
[1] "DR"
[1] 0.8695244
[1] 0.02243875
[1] 0.8547009

  0   1 
 34 200 
[1] 235
[1] 0.8270689
[1] 0.8158088
[1] "AdaLSE"
[1] 0.8468101
[1] 0.02408087
[1] 0.8170213

  0   1 
 43 192 
[1] "Fitting mean A"
[1] "Fitting variance A"
[1] "DR"
[1] 0.8420642
[1] 0.02254629
[1] 0.8553191

  0   1 
 34 201 
[1] 236
[1] 0.8270689
[1] 0.8158088
[1] "AdaLSE"
[1] 0.8617326
[1] 0.02388992
[1] 0.8177966

  0   1 
 43 193 
[1] "Fitting mean A"
[1] "Fitting variance A"
[1] "DR"
[1] 0.8471812
[1] 0.02260416
[1] 0.8559322

  0   1 
 34 202 
[1] 237
[1] 0.8270689
[1] 0.8158088
[1] "AdaLSE"
[1] 0.8335145
[1] 0.02253932
[1] 0.8185654

  0   1 
 43 194 
[1] "Fitting mean A"
[1] "Fitting variance A"
[1] "DR"
[1] 0.8299548
[1] 0.02150884
[1] 0.8565401

  0   1 
 34 203 
[1] 238
[1] 0.8270689
[1] 0.8158088
[1] "AdaLSE"
[1] 0.8716281
[1] 0.02396159
[1] 0.8151261

  0   1 
 44 194 
[1] "Fitting mean A"
[1] "Fitting variance A"
[1] "DR"
[1] 0.8558213
[1] 0.02332522
[1] 0.8571429

  0   1 
 34 204 
[1] 239
[1] 0.8270689
[1] 0.8158088
[1] "AdaLSE"
[1] 0.8389341
[1] 0.02409863
[1] 0.8158996

  0   1 
 44 195 
[1] "Fitting mean A"
[1] "Fitting variance A"
[1] "DR"
[1] 0.8294707
[1] 0.02305678
[1] 0.8577406

  0   1 
 34 205 
[1] 240
[1] 0.8270689
[1] 0.8158088
[1] "AdaLSE"
[1] 0.8565342
[1] 0.02357797
[1] 0.8166667

  0   1 
 44 196 
[1] "Fitting mean A"
[1] "Fitting variance A"
[1] "DR"
[1] 0.8464432
[1] 0.022518
[1] 0.8583333

  0   1 
 34 206 
[1] 241
[1] 0.8270689
[1] 0.8158088
[1] "AdaLSE"
[1] 0.8436294
[1] 0.02325952
[1] 0.8174274

  0   1 
 44 197 
[1] "Fitting mean A"
[1] "Fitting variance A"
[1] "DR"
[1] 0.8320232
[1] 0.02248783
[1] 0.8589212

  0   1 
 34 207 
[1] 242
[1] 0.8270689
[1] 0.8158088
[1] "AdaLSE"
[1] 0.837708
[1] 0.02418773
[1] 0.8181818

  0   1 
 44 198 
[1] "Fitting mean A"
[1] "Fitting variance A"
[1] "DR"
[1] 0.823247
[1] 0.02335793
[1] 0.8595041

  0   1 
 34 208 
[1] 243
[1] 0.8270689
[1] 0.8158088
[1] "AdaLSE"
[1] 0.8672976
[1] 0.02475456
[1] 0.8148148

  0   1 
 45 198 
[1] "Fitting mean A"
[1] "Fitting variance A"
[1] "DR"
[1] 0.8638538
[1] 0.02349841
[1] 0.8559671

  0   1 
 35 208 
[1] 244
[1] 0.8270689
[1] 0.8158088
[1] "AdaLSE"
[1] 0.8487529
[1] 0.02497849
[1] 0.8155738

  0   1 
 45 199 
[1] "Fitting mean A"
[1] "Fitting variance A"
[1] "DR"
[1] 0.8442714
[1] 0.02345597
[1] 0.8565574

  0   1 
 35 209 
[1] 245
[1] 0.8270689
[1] 0.8158088
[1] "AdaLSE"
[1] 0.8209288
[1] 0.02483215
[1] 0.8163265

  0   1 
 45 200 
[1] "Fitting mean A"
[1] "Fitting variance A"
[1] "DR"
[1] 0.8158605
[1] 0.02356059
[1] 0.8571429

  0   1 
 35 210 
[1] 246
[1] 0.8270689
[1] 0.8158088
[1] "AdaLSE"
[1] 0.8836798
[1] 0.02318538
[1] 0.8130081

  0   1 
 46 200 
[1] "Fitting mean A"
[1] "Fitting variance A"
[1] "DR"
[1] 0.8802257
[1] 0.0220015
[1] 0.8536585

  0   1 
 36 210 
[1] 247
[1] 0.8270689
[1] 0.8158088
[1] "AdaLSE"
[1] 0.8635954
[1] 0.02511056
[1] 0.8137652

  0   1 
 46 201 
[1] "Fitting mean A"
[1] "Fitting variance A"
[1] "DR"
[1] 0.8570768
[1] 0.02339085
[1] 0.854251

  0   1 
 36 211 
[1] 248
[1] 0.8270689
[1] 0.8158088
[1] "AdaLSE"
[1] 0.8189828
[1] 0.02267198
[1] 0.8145161

  0   1 
 46 202 
[1] "Fitting mean A"
[1] "Fitting variance A"
[1] "DR"
[1] 0.8147746
[1] 0.02165558
[1] 0.8548387

  0   1 
 36 212 
[1] 249
[1] 0.8270689
[1] 0.8158088
