LOADING R
R LOADED
[1] "/home/lvanderl/Rlibs2"                         
[2] "/app/software/R/4.2.2-foss-2021b/lib/R/library"
[1] "/home/lvanderl/sieveSims"
[1] -0.04102351  5.84839014
[1] 1
[1] -0.1999888
[1] -0.1679553
[1] "AdaLSE"
[1] -0.3573892
[1] 0.07302231
[1] 0

0 
1 
[1] "Fitting mean A"
[1] "Fitting variance A"
[1] "DR"
[1] -0.3462542
[1] 0.06906225
[1] 0

0 
1 
[1] 2
[1] -0.1999888
[1] -0.1679553
[1] "AdaLSE"
[1] -0.2247936
[1] 0.06576562
[1] 0.5

0 1 
1 1 
[1] "Fitting mean A"
[1] "Fitting variance A"
[1] "DR"
[1] -0.1675414
[1] 0.07329974
[1] 0.5

0 1 
1 1 
[1] 3
[1] -0.1999888
[1] -0.1679553
[1] "AdaLSE"
[1] 0
[1] 0
[1] 0.3333333

0 1 
2 1 
[1] "Fitting mean A"
[1] "Fitting variance A"
[1] "DR"
[1] -0.07337054
[1] 0.07267488
[1] 0.6666667

0 1 
1 2 
[1] 4
[1] -0.1999888
[1] -0.1679553
[1] "AdaLSE"
[1] -0.1367169
[1] 0.06333788
[1] 0.5

0 1 
2 2 
[1] "Fitting mean A"
[1] "Fitting variance A"
[1] "DR"
[1] -0.0813634
[1] 0.06378936
[1] 0.75

0 1 
1 3 
[1] 5
[1] -0.1999888
[1] -0.1679553
[1] "AdaLSE"
[1] -0.03488473
[1] 0.06222426
[1] 0.4

0 1 
3 2 
[1] "Fitting mean A"
[1] "Fitting variance A"
[1] "DR"
[1] -0.07830529
[1] 0.07301663
[1] 0.8

0 1 
1 4 
[1] 6
[1] -0.1999888
[1] -0.1679553
[1] "AdaLSE"
[1] 0
[1] 0
[1] 0.3333333

0 1 
4 2 
[1] "Fitting mean A"
[1] "Fitting variance A"
[1] "DR"
[1] -0.1228519
[1] 0.0760859
[1] 0.8333333

0 1 
1 5 
[1] 7
[1] -0.1999888
[1] -0.1679553
[1] "AdaLSE"
[1] -0.055796
[1] 0.064982
[1] 0.4285714

0 1 
4 3 
[1] "Fitting mean A"
[1] "Fitting variance A"
[1] "DR"
[1] -0.00458604
[1] 0.07333595
[1] 0.7142857

0 1 
2 5 
[1] 8
[1] -0.1999888
[1] -0.1679553
[1] "AdaLSE"
[1] 0
[1] 0
[1] 0.375

0 1 
5 3 
[1] "Fitting mean A"
[1] "Fitting variance A"
[1] "DR"
[1] -0.1512997
[1] 0.06976294
[1] 0.75

0 1 
2 6 
[1] 9
[1] -0.1999888
[1] -0.1679553
[1] "AdaLSE"
[1] 0
[1] 0
[1] 0.3333333

0 1 
6 3 
[1] "Fitting mean A"
[1] "Fitting variance A"
[1] "DR"
[1] -0.03611768
[1] 0.07248798
[1] 0.7777778

0 1 
2 7 
[1] 10
[1] -0.1999888
[1] -0.1679553
[1] "AdaLSE"
[1] -0.274839
[1] 0.07644622
[1] 0.4

0 1 
6 4 
[1] "Fitting mean A"
[1] "Fitting variance A"
[1] "DR"
[1] -0.2573031
[1] 0.07364493
[1] 0.8

0 1 
2 8 
[1] 11
[1] -0.1999888
[1] -0.1679553
[1] "AdaLSE"
[1] 0
[1] 0
[1] 0.3636364

0 1 
7 4 
[1] "Fitting mean A"
[1] "Fitting variance A"
[1] "DR"
[1] -0.0946108
[1] 0.07635864
[1] 0.8181818

0 1 
2 9 
[1] 12
[1] -0.1999888
[1] -0.1679553
[1] "AdaLSE"
[1] -0.2591548
[1] 0.06556509
[1] 0.4166667

0 1 
7 5 
[1] "Fitting mean A"
[1] "Fitting variance A"
[1] "DR"
[1] -0.2720622
[1] 0.0718989
[1] 0.8333333

 0  1 
 2 10 
[1] 13
[1] -0.1999888
[1] -0.1679553
[1] "AdaLSE"
[1] 0
[1] 0
[1] 0.3846154

0 1 
8 5 
[1] "Fitting mean A"
[1] "Fitting variance A"
[1] "DR"
[1] -0.0290107
[1] 0.07316524
[1] 0.8461538

 0  1 
 2 11 
[1] 14
[1] -0.1999888
[1] -0.1679553
[1] "AdaLSE"
[1] 0
[1] 0
[1] 0.3571429

0 1 
9 5 
[1] "Fitting mean A"
[1] "Fitting variance A"
[1] "DR"
[1] 0.04149426
[1] 0.07408443
[1] 0.7857143

 0  1 
 3 11 
[1] 15
[1] -0.1999888
[1] -0.1679553
[1] "AdaLSE"
[1] -0.2311346
[1] 0.05713819
[1] 0.4

0 1 
9 6 
[1] "Fitting mean A"
[1] "Fitting variance A"
[1] "DR"
[1] -0.1931582
[1] 0.06731011
[1] 0.8

 0  1 
 3 12 
[1] 16
[1] -0.1999888
[1] -0.1679553
[1] "AdaLSE"
[1] -0.1904736
[1] 0.06243266
[1] 0.4375

0 1 
9 7 
[1] "Fitting mean A"
[1] "Fitting variance A"
[1] "DR"
[1] -0.1099106
[1] 0.07137901
[1] 0.8125

 0  1 
 3 13 
[1] 17
[1] -0.1999888
[1] -0.1679553
[1] "AdaLSE"
[1] -0.02554509
[1] 0.06149623
[1] 0.4117647

 0  1 
10  7 
[1] "Fitting mean A"
[1] "Fitting variance A"
[1] "DR"
[1] -0.06561842
[1] 0.07092788
[1] 0.8235294

 0  1 
 3 14 
[1] 18
[1] -0.1999888
[1] -0.1679553
[1] "AdaLSE"
[1] 0
[1] 0
[1] 0.3888889

 0  1 
11  7 
[1] "Fitting mean A"
[1] "Fitting variance A"
[1] "DR"
[1] -0.1851518
[1] 0.0800006
[1] 0.8333333

 0  1 
 3 15 
[1] 19
[1] -0.1999888
[1] -0.1679553
[1] "AdaLSE"
[1] -0.136089
[1] 0.0568318
[1] 0.4210526

 0  1 
11  8 
[1] "Fitting mean A"
[1] "Fitting variance A"
[1] "DR"
[1] -0.2113987
[1] 0.07392657
[1] 0.8421053

 0  1 
 3 16 
[1] 20
[1] -0.1999888
[1] -0.1679553
[1] "AdaLSE"
[1] 0
[1] 0
[1] 0.4

 0  1 
12  8 
[1] "Fitting mean A"
[1] "Fitting variance A"
[1] "DR"
[1] -0.09245418
[1] 0.07449968
[1] 0.85

 0  1 
 3 17 
[1] 21
[1] -0.1999888
[1] -0.1679553
[1] "AdaLSE"
[1] 0
[1] 0
[1] 0.3809524

 0  1 
13  8 
[1] "Fitting mean A"
[1] "Fitting variance A"
[1] "DR"
[1] -0.09557129
[1] 0.07809351
[1] 0.8571429

 0  1 
 3 18 
[1] 22
[1] -0.1999888
[1] -0.1679553
[1] "AdaLSE"
[1] 0
[1] 0
[1] 0.3636364

 0  1 
14  8 
[1] "Fitting mean A"
[1] "Fitting variance A"
[1] "DR"
[1] -0.1015382
[1] 0.07423737
[1] 0.8636364

 0  1 
 3 19 
[1] 23
[1] -0.1999888
[1] -0.1679553
[1] "AdaLSE"
[1] 0
[1] 0
[1] 0.3478261

 0  1 
15  8 
[1] "Fitting mean A"
[1] "Fitting variance A"
[1] "DR"
[1] -0.06735543
[1] 0.07249433
[1] 0.8695652

 0  1 
 3 20 
[1] 24
[1] -0.1999888
[1] -0.1679553
[1] "AdaLSE"
[1] 0
[1] 0
[1] 0.3333333

 0  1 
16  8 
[1] "Fitting mean A"
[1] "Fitting variance A"
[1] "DR"
[1] -0.08630544
[1] 0.07564225
[1] 0.875

 0  1 
 3 21 
[1] 25
[1] -0.1999888
[1] -0.1679553
[1] "AdaLSE"
[1] 0
[1] 0
[1] 0.32

 0  1 
17  8 
[1] "Fitting mean A"
[1] "Fitting variance A"
[1] "DR"
[1] 0.0118429
[1] 0.07467904
[1] 0.84

 0  1 
 4 21 
[1] 26
[1] -0.1999888
[1] -0.1679553
[1] "AdaLSE"
[1] -0.2331442
[1] 0.05943809
[1] 0.3461538

 0  1 
17  9 
[1] "Fitting mean A"
[1] "Fitting variance A"
[1] "DR"
[1] -0.2594024
[1] 0.07900744
[1] 0.8461538

 0  1 
 4 22 
[1] 27
[1] -0.1999888
[1] -0.1679553
[1] "AdaLSE"
[1] -0.2454907
[1] 0.06089432
[1] 0.3703704

 0  1 
17 10 
[1] "Fitting mean A"
[1] "Fitting variance A"
[1] "DR"
[1] -0.2330849
[1] 0.06875613
[1] 0.8518519

 0  1 
 4 23 
[1] 28
[1] -0.1999888
[1] -0.1679553
[1] "AdaLSE"
[1] 0
[1] 0
[1] 0.3571429

 0  1 
18 10 
[1] "Fitting mean A"
[1] "Fitting variance A"
[1] "DR"
[1] -0.06941031
[1] 0.07406223
[1] 0.8571429

 0  1 
 4 24 
[1] 29
[1] -0.1999888
[1] -0.1679553
[1] "AdaLSE"
[1] 0
[1] 0
[1] 0.3448276

 0  1 
19 10 
[1] "Fitting mean A"
[1] "Fitting variance A"
[1] "DR"
[1] -0.2241468
[1] 0.07628299
[1] 0.862069

 0  1 
 4 25 
[1] 30
[1] -0.1999888
[1] -0.1679553
[1] "AdaLSE"
[1] -0.2303051
[1] 0.07406174
[1] 0.3666667

 0  1 
19 11 
[1] "Fitting mean A"
[1] "Fitting variance A"
[1] "DR"
[1] -0.2063515
[1] 0.07310054
[1] 0.8666667

 0  1 
 4 26 
[1] 31
[1] -0.1999888
[1] -0.1679553
[1] "AdaLSE"
[1] 0
[1] 0
[1] 0.3548387

 0  1 
20 11 
[1] "Fitting mean A"
[1] "Fitting variance A"
[1] "DR"
[1] -0.06004649
[1] 0.0720674
[1] 0.8709677

 0  1 
 4 27 
[1] 32
[1] -0.1999888
[1] -0.1679553
[1] "AdaLSE"
[1] 0
[1] 0
[1] 0.34375

 0  1 
21 11 
[1] "Fitting mean A"
[1] "Fitting variance A"
[1] "DR"
[1] -0.01734183
[1] 0.07427039
[1] 0.84375

 0  1 
 5 27 
[1] 33
[1] -0.03526548  5.12840778
[1] -0.1999888
[1] -0.1679553
[1] "AdaLSE"
[1] 0
[1] 0
[1] 0.3333333

 0  1 
22 11 
[1] "Fitting mean A"
[1] "Fitting variance A"
[1] "DR"
[1] -0.0295297
[1] 0.07315144
[1] 0.8484848

 0  1 
 5 28 
[1] 34
[1] -0.1999888
[1] -0.1679553
[1] "AdaLSE"
[1] 0
[1] 0
[1] 0.3235294

 0  1 
23 11 
[1] "Fitting mean A"
[1] "Fitting variance A"
[1] "DR"
[1] -0.1694016
[1] 0.07182562
[1] 0.8529412

 0  1 
 5 29 
[1] 35
[1] -0.1999888
[1] -0.1679553
[1] "AdaLSE"
[1] 0
[1] 0
[1] 0.3142857

 0  1 
24 11 
[1] "Fitting mean A"
[1] "Fitting variance A"
[1] "DR"
[1] -0.1149252
[1] 0.07349156
[1] 0.8571429

 0  1 
 5 30 
[1] 36
[1] -0.1999888
[1] -0.1679553
[1] "AdaLSE"
[1] 0
[1] 0
[1] 0.3055556

 0  1 
25 11 
[1] "Fitting mean A"
[1] "Fitting variance A"
[1] "DR"
[1] -0.07787777
[1] 0.06907969
[1] 0.8611111

 0  1 
 5 31 
[1] 37
[1] -0.1999888
[1] -0.1679553
[1] "AdaLSE"
[1] -0.2462996
[1] 0.06528764
[1] 0.3243243

 0  1 
25 12 
[1] "Fitting mean A"
[1] "Fitting variance A"
[1] "DR"
[1] -0.1792535
[1] 0.06702657
[1] 0.8648649

 0  1 
 5 32 
[1] 38
[1] -0.1999888
[1] -0.1679553
[1] "AdaLSE"
[1] 0
[1] 0
[1] 0.3157895

 0  1 
26 12 
[1] "Fitting mean A"
[1] "Fitting variance A"
[1] "DR"
[1] -0.08964168
[1] 0.07930519
[1] 0.8684211

 0  1 
 5 33 
[1] 39
[1] -0.1999888
[1] -0.1679553
[1] "AdaLSE"
[1] 0
[1] 0
[1] 0.3076923

 0  1 
27 12 
[1] "Fitting mean A"
[1] "Fitting variance A"
[1] "DR"
[1] -0.1254634
[1] 0.07516404
[1] 0.8717949

 0  1 
 5 34 
[1] 40
[1] -0.1999888
[1] -0.1679553
[1] "AdaLSE"
[1] -0.1794104
[1] 0.06635099
[1] 0.325

 0  1 
27 13 
[1] "Fitting mean A"
[1] "Fitting variance A"
[1] "DR"
[1] -0.1329787
[1] 0.07147249
[1] 0.875

 0  1 
 5 35 
[1] 41
[1] -0.1999888
[1] -0.1679553
[1] "AdaLSE"
[1] -0.2381946
[1] 0.05906804
[1] 0.3414634

 0  1 
27 14 
[1] "Fitting mean A"
[1] "Fitting variance A"
[1] "DR"
[1] -0.2460498
[1] 0.07220523
[1] 0.8780488

 0  1 
 5 36 
[1] 42
[1] -0.1999888
[1] -0.1679553
[1] "AdaLSE"
[1] 0
[1] 0
[1] 0.3333333

 0  1 
28 14 
[1] "Fitting mean A"
[1] "Fitting variance A"
[1] "DR"
[1] -0.1169534
[1] 0.08005245
[1] 0.8809524

 0  1 
 5 37 
[1] 43
[1] -0.1999888
[1] -0.1679553
[1] "AdaLSE"
[1] 0
[1] 0
[1] 0.3255814

 0  1 
29 14 
[1] "Fitting mean A"
[1] "Fitting variance A"
[1] "DR"
[1] -0.113586
[1] 0.07367263
[1] 0.8837209

 0  1 
 5 38 
[1] 44
[1] -0.1999888
[1] -0.1679553
[1] "AdaLSE"
[1] 0
[1] 0
[1] 0.3181818

 0  1 
30 14 
[1] "Fitting mean A"
[1] "Fitting variance A"
[1] "DR"
[1] -0.1106737
[1] 0.06949238
[1] 0.8863636

 0  1 
 5 39 
[1] 45
[1] -0.1999888
[1] -0.1679553
[1] "AdaLSE"
[1] -0.2961105
[1] 0.07607924
[1] 0.3333333

 0  1 
30 15 
[1] "Fitting mean A"
[1] "Fitting variance A"
[1] "DR"
[1] -0.2881053
[1] 0.07402646
[1] 0.8888889

 0  1 
 5 40 
[1] 46
[1] -0.1999888
[1] -0.1679553
[1] "AdaLSE"
[1] 0
[1] 0
[1] 0.326087

 0  1 
31 15 
[1] "Fitting mean A"
[1] "Fitting variance A"
[1] "DR"
[1] -0.05000638
[1] 0.06854412
[1] 0.8913043

 0  1 
 5 41 
[1] 47
[1] -0.1999888
[1] -0.1679553
[1] "AdaLSE"
[1] 0
[1] 0
[1] 0.3191489

 0  1 
32 15 
[1] "Fitting mean A"
[1] "Fitting variance A"
[1] "DR"
[1] -0.1704828
[1] 0.07910334
[1] 0.893617

 0  1 
 5 42 
[1] 48
[1] -0.1999888
[1] -0.1679553
[1] "AdaLSE"
[1] 0
[1] 0
[1] 0.3125

 0  1 
33 15 
[1] "Fitting mean A"
[1] "Fitting variance A"
[1] "DR"
[1] -0.09481495
[1] 0.0765857
[1] 0.8958333

 0  1 
 5 43 
[1] 49
[1] -0.1999888
[1] -0.1679553
[1] "AdaLSE"
[1] 0
[1] 0
[1] 0.3061224

 0  1 
34 15 
[1] "Fitting mean A"
[1] "Fitting variance A"
[1] "DR"
[1] -0.09679995
[1] 0.07276769
[1] 0.8979592

 0  1 
 5 44 
[1] 50
[1] -0.1999888
[1] -0.1679553
[1] "AdaLSE"
[1] -0.2572188
[1] 0.06063076
[1] 0.32

 0  1 
34 16 
[1] "Fitting mean A"
[1] "Fitting variance A"
[1] "DR"
[1] -0.1983667
[1] 0.07328613
[1] 0.9

 0  1 
 5 45 
[1] 51
[1] -0.1999888
[1] -0.1679553
[1] "AdaLSE"
[1] 0
[1] 0
[1] 0.3137255

 0  1 
35 16 
[1] "Fitting mean A"
[1] "Fitting variance A"
[1] "DR"
[1] -0.09848519
[1] 0.07261316
[1] 0.9019608

 0  1 
 5 46 
[1] 52
[1] -0.1999888
[1] -0.1679553
[1] "AdaLSE"
[1] 0
[1] 0
[1] 0.3076923

 0  1 
36 16 
[1] "Fitting mean A"
[1] "Fitting variance A"
[1] "DR"
[1] -0.1757413
[1] 0.06912373
[1] 0.9038462

 0  1 
 5 47 
[1] 53
[1] -0.1999888
[1] -0.1679553
[1] "AdaLSE"
[1] 0
[1] 0
[1] 0.3018868

 0  1 
37 16 
[1] "Fitting mean A"
[1] "Fitting variance A"
[1] "DR"
[1] -0.2520744
[1] 0.07498126
[1] 0.9056604

 0  1 
 5 48 
[1] 54
[1] -0.1999888
[1] -0.1679553
[1] "AdaLSE"
[1] 0
[1] 0
[1] 0.2962963

 0  1 
38 16 
[1] "Fitting mean A"
[1] "Fitting variance A"
[1] "DR"
[1] -0.1040791
[1] 0.06800861
[1] 0.9074074

 0  1 
 5 49 
[1] 55
[1] -0.1999888
[1] -0.1679553
[1] "AdaLSE"
[1] 0
[1] 0
[1] 0.2909091

 0  1 
39 16 
[1] "Fitting mean A"
[1] "Fitting variance A"
[1] "DR"
[1] -0.08207661
[1] 0.0735049
[1] 0.9090909

 0  1 
 5 50 
[1] 56
[1] -0.1999888
[1] -0.1679553
[1] "AdaLSE"
[1] -0.2530675
[1] 0.07246101
[1] 0.3035714

 0  1 
39 17 
[1] "Fitting mean A"
[1] "Fitting variance A"
[1] "DR"
[1] -0.2328403
[1] 0.07067686
[1] 0.9107143

 0  1 
 5 51 
[1] 57
[1] -0.1999888
[1] -0.1679553
[1] "AdaLSE"
[1] 0
[1] 0
[1] 0.2982456

 0  1 
40 17 
[1] "Fitting mean A"
[1] "Fitting variance A"
[1] "DR"
[1] -0.08724069
[1] 0.07628585
[1] 0.9122807

 0  1 
 5 52 
[1] 58
[1] -0.1999888
[1] -0.1679553
[1] "AdaLSE"
[1] 0
[1] 0
[1] 0.2931034

 0  1 
41 17 
[1] "Fitting mean A"
[1] "Fitting variance A"
[1] "DR"
[1] -0.01580201
[1] 0.07378478
[1] 0.8965517

 0  1 
 6 52 
[1] 59
[1] -0.1999888
[1] -0.1679553
[1] "AdaLSE"
[1] -0.06619484
[1] 0.06484919
[1] 0.3050847

 0  1 
41 18 
[1] "Fitting mean A"
[1] "Fitting variance A"
[1] "DR"
[1] -0.0573408
[1] 0.07717737
[1] 0.8983051

 0  1 
 6 53 
[1] 60
[1] -0.1999888
[1] -0.1679553
[1] "AdaLSE"
[1] 0
[1] 0
[1] 0.3

 0  1 
42 18 
[1] "Fitting mean A"
[1] "Fitting variance A"
[1] "DR"
[1] -0.05744413
[1] 0.07720082
[1] 0.9

 0  1 
 6 54 
[1] 61
[1] -0.1999888
[1] -0.1679553
[1] "AdaLSE"
[1] 0
[1] 0
[1] 0.295082

 0  1 
43 18 
[1] "Fitting mean A"
[1] "Fitting variance A"
[1] "DR"
[1] -0.06656656
[1] 0.06991849
[1] 0.9016393

 0  1 
 6 55 
[1] 62
[1] -0.1999888
[1] -0.1679553
[1] "AdaLSE"
[1] -0.2432445
[1] 0.06701482
[1] 0.3064516

 0  1 
43 19 
[1] "Fitting mean A"
[1] "Fitting variance A"
[1] "DR"
[1] -0.1824626
[1] 0.07364046
[1] 0.9032258

 0  1 
 6 56 
[1] 63
[1] -0.1999888
[1] -0.1679553
[1] "AdaLSE"
[1] 0
[1] 0
[1] 0.3015873

 0  1 
44 19 
[1] "Fitting mean A"
[1] "Fitting variance A"
[1] "DR"
[1] -0.2170401
[1] 0.07283449
[1] 0.9047619

 0  1 
 6 57 
[1] 64
[1] -0.1999888
[1] -0.1679553
[1] "AdaLSE"
[1] 0
[1] 0
[1] 0.296875

 0  1 
45 19 
[1] "Fitting mean A"
[1] "Fitting variance A"
[1] "DR"
[1] -0.1331061
[1] 0.07374713
[1] 0.90625

 0  1 
 6 58 
[1] 65
[1] -0.1999888
[1] -0.1679553
[1] "AdaLSE"
[1] 0
[1] 0
[1] 0.2923077

 0  1 
46 19 
[1] "Fitting mean A"
[1] "Fitting variance A"
[1] "DR"
[1] -0.06853854
[1] 0.07037127
[1] 0.9076923

 0  1 
 6 59 
[1] 66
[1] -0.1999888
[1] -0.1679553
[1] "AdaLSE"
[1] -0.2710758
[1] 0.07404797
[1] 0.3030303

 0  1 
46 20 
[1] "Fitting mean A"
[1] "Fitting variance A"
[1] "DR"
[1] -0.2408247
[1] 0.07051471
[1] 0.9090909

 0  1 
 6 60 
[1] 67
[1] -0.1999888
[1] -0.1679553
[1] "AdaLSE"
[1] 0
[1] 0
[1] 0.2985075

 0  1 
47 20 
[1] "Fitting mean A"
[1] "Fitting variance A"
[1] "DR"
[1] -0.1284742
[1] 0.0764571
[1] 0.9104478

 0  1 
 6 61 
[1] 68
[1] -0.1999888
[1] -0.1679553
[1] "AdaLSE"
[1] 0
[1] 0
[1] 0.2941176

 0  1 
48 20 
[1] "Fitting mean A"
[1] "Fitting variance A"
[1] "DR"
[1] -0.1163045
[1] 0.07376342
[1] 0.9117647

 0  1 
 6 62 
[1] 69
[1] -0.1999888
[1] -0.1679553
[1] "AdaLSE"
[1] 0
[1] 0
[1] 0.2898551

 0  1 
49 20 
[1] "Fitting mean A"
[1] "Fitting variance A"
[1] "DR"
[1] -0.1640872
[1] 0.07617396
[1] 0.9130435

 0  1 
 6 63 
[1] 70
[1] -0.1999888
[1] -0.1679553
[1] "AdaLSE"
[1] -0.06564319
[1] 0.07174429
[1] 0.3

 0  1 
49 21 
[1] "Fitting mean A"
[1] "Fitting variance A"
[1] "DR"
[1] -0.06203389
[1] 0.06707669
[1] 0.9142857

 0  1 
 6 64 
[1] 71
[1] -0.1999888
[1] -0.1679553
[1] "AdaLSE"
[1] -0.1510663
[1] 0.0551713
[1] 0.3098592

 0  1 
49 22 
[1] "Fitting mean A"
[1] "Fitting variance A"
[1] "DR"
[1] -0.1656661
[1] 0.06381717
[1] 0.915493

 0  1 
 6 65 
[1] 72
[1] -0.1999888
[1] -0.1679553
[1] "AdaLSE"
[1] -0.2154758
[1] 0.06558104
[1] 0.3194444

 0  1 
49 23 
[1] "Fitting mean A"
[1] "Fitting variance A"
[1] "DR"
[1] -0.1417337
[1] 0.07287524
[1] 0.9166667

 0  1 
 6 66 
[1] 73
[1] -0.1999888
[1] -0.1679553
[1] "AdaLSE"
[1] -0.05469414
[1] 0.07422418
[1] 0.3287671

 0  1 
49 24 
[1] "Fitting mean A"
[1] "Fitting variance A"
[1] "DR"
[1] -0.04139867
[1] 0.07160158
[1] 0.9178082

 0  1 
 6 67 
[1] 74
[1] -0.1999888
[1] -0.1679553
[1] "AdaLSE"
[1] -0.2494268
[1] 0.07036533
[1] 0.3378378

 0  1 
49 25 
[1] "Fitting mean A"
[1] "Fitting variance A"
[1] "DR"
[1] -0.228851
[1] 0.07276356
[1] 0.9189189

 0  1 
 6 68 
[1] 75
[1] -0.1999888
[1] -0.1679553
[1] "AdaLSE"
[1] -0.1046249
[1] 0.06224873
[1] 0.3466667

 0  1 
49 26 
[1] "Fitting mean A"
[1] "Fitting variance A"
[1] "DR"
[1] -0.115146
[1] 0.06673988
[1] 0.92

 0  1 
 6 69 
[1] 76
[1] -0.1999888
[1] -0.1679553
[1] "AdaLSE"
[1] 0
[1] 0
[1] 0.3421053

 0  1 
50 26 
[1] "Fitting mean A"
[1] "Fitting variance A"
[1] "DR"
[1] -0.1225149
[1] 0.0772905
[1] 0.9210526

 0  1 
 6 70 
[1] 77
[1] -0.1999888
[1] -0.1679553
[1] "AdaLSE"
[1] -0.01730434
[1] 0.07092796
[1] 0.3376623

 0  1 
51 26 
[1] "Fitting mean A"
[1] "Fitting variance A"
[1] "DR"
[1] 0.05753406
[1] 0.07557048
[1] 0.9090909

 0  1 
 7 70 
[1] 78
[1] -0.1999888
[1] -0.1679553
[1] "AdaLSE"
[1] 0
[1] 0
[1] 0.3333333

 0  1 
52 26 
[1] "Fitting mean A"
[1] "Fitting variance A"
[1] "DR"
[1] -0.02186644
[1] 0.07357973
[1] 0.8974359

 0  1 
 8 70 
[1] 79
[1] -0.1999888
[1] -0.1679553
[1] "AdaLSE"
[1] 0
[1] 0
[1] 0.3291139

 0  1 
53 26 
[1] "Fitting mean A"
[1] "Fitting variance A"
[1] "DR"
[1] -0.11454
[1] 0.07325793
[1] 0.8987342

 0  1 
 8 71 
[1] 80
[1] -0.1999888
[1] -0.1679553
[1] "AdaLSE"
[1] 0
[1] 0
[1] 0.325

 0  1 
54 26 
[1] "Fitting mean A"
[1] "Fitting variance A"
[1] "DR"
[1] -0.1941762
[1] 0.07744131
[1] 0.9

 0  1 
 8 72 
[1] 81
[1] -0.1999888
[1] -0.1679553
[1] "AdaLSE"
[1] -0.33544
[1] 0.06873775
[1] 0.3209877

 0  1 
55 26 
[1] "Fitting mean A"
[1] "Fitting variance A"
[1] "DR"
[1] -0.2786036
[1] 0.07334471
[1] 0.9012346

 0  1 
 8 73 
[1] 82
[1] -0.1999888
[1] -0.1679553
[1] "AdaLSE"
[1] -0.2717535
[1] 0.06743127
[1] 0.3292683

 0  1 
55 27 
[1] "Fitting mean A"
[1] "Fitting variance A"
[1] "DR"
[1] -0.1905601
[1] 0.07463186
[1] 0.902439

 0  1 
 8 74 
[1] 83
[1] -0.1999888
[1] -0.1679553
[1] "AdaLSE"
[1] 0
[1] 0
[1] 0.3253012

 0  1 
56 27 
[1] "Fitting mean A"
[1] "Fitting variance A"
[1] "DR"
[1] -0.110654
[1] 0.07349532
[1] 0.9036145

 0  1 
 8 75 
[1] 84
[1] -0.1999888
[1] -0.1679553
[1] "AdaLSE"
[1] 0
[1] 0
[1] 0.3214286

 0  1 
57 27 
[1] "Fitting mean A"
[1] "Fitting variance A"
[1] "DR"
[1] -0.06766667
[1] 0.07502465
[1] 0.9047619

 0  1 
 8 76 
[1] 85
[1] -0.1999888
[1] -0.1679553
[1] "AdaLSE"
[1] 0
[1] 0
[1] 0.3176471

 0  1 
58 27 
[1] "Fitting mean A"
[1] "Fitting variance A"
[1] "DR"
[1] -0.09495259
[1] 0.07495178
[1] 0.9058824

 0  1 
 8 77 
[1] 86
[1] -0.1999888
[1] -0.1679553
[1] "AdaLSE"
[1] -0.1955946
[1] 0.06163315
[1] 0.3255814

 0  1 
58 28 
[1] "Fitting mean A"
[1] "Fitting variance A"
[1] "DR"
[1] -0.1356343
[1] 0.07121354
[1] 0.9069767

 0  1 
 8 78 
[1] 87
[1] -0.1999888
[1] -0.1679553
[1] "AdaLSE"
[1] -0.267109
[1] 0.06606674
[1] 0.3333333

 0  1 
58 29 
[1] "Fitting mean A"
[1] "Fitting variance A"
[1] "DR"
[1] -0.2216402
[1] 0.07318805
[1] 0.908046

 0  1 
 8 79 
[1] 88
[1] -0.1999888
[1] -0.1679553
[1] "AdaLSE"
[1] 0
[1] 0
[1] 0.3295455

 0  1 
59 29 
[1] "Fitting mean A"
[1] "Fitting variance A"
[1] "DR"
[1] -0.1405564
[1] 0.07678623
[1] 0.9090909

 0  1 
 8 80 
[1] 89
[1] -0.1999888
[1] -0.1679553
[1] "AdaLSE"
[1] 0
[1] 0
[1] 0.3258427

 0  1 
60 29 
[1] "Fitting mean A"
[1] "Fitting variance A"
[1] "DR"
[1] -0.1782046
[1] 0.0714685
[1] 0.9101124

 0  1 
 8 81 
[1] 90
[1] -0.06321702  5.28716520
[1] -0.1999888
[1] -0.1679553
[1] "AdaLSE"
[1] -0.3393114
[1] 0.0748558
[1] 0.3222222

 0  1 
61 29 
[1] "Fitting mean A"
[1] "Fitting variance A"
[1] "DR"
[1] -0.3106189
[1] 0.07332324
[1] 0.9111111

 0  1 
 8 82 
[1] 91
[1] -0.1999888
[1] -0.1679553
[1] "AdaLSE"
[1] -0.214888
[1] 0.05421841
[1] 0.3296703

 0  1 
61 30 
[1] "Fitting mean A"
[1] "Fitting variance A"
[1] "DR"
[1] -0.1090922
[1] 0.07419504
[1] 0.9120879

 0  1 
 8 83 
[1] 92
[1] -0.1999888
[1] -0.1679553
[1] "AdaLSE"
[1] 0
[1] 0
[1] 0.326087

 0  1 
62 30 
[1] "Fitting mean A"
[1] "Fitting variance A"
[1] "DR"
[1] -0.05094042
[1] 0.07565886
[1] 0.9130435

 0  1 
 8 84 
[1] 93
[1] -0.1999888
[1] -0.1679553
[1] "AdaLSE"
[1] -0.2433388
[1] 0.0616316
[1] 0.3333333

 0  1 
62 31 
[1] "Fitting mean A"
[1] "Fitting variance A"
[1] "DR"
[1] -0.2286321
[1] 0.07335462
[1] 0.9139785

 0  1 
 8 85 
[1] 94
[1] -0.1999888
[1] -0.1679553
[1] "AdaLSE"
[1] -0.3064812
[1] 0.06313508
[1] 0.3297872

 0  1 
63 31 
[1] "Fitting mean A"
[1] "Fitting variance A"
[1] "DR"
[1] -0.3676695
[1] 0.07023682
[1] 0.9042553

 0  1 
 9 85 
[1] 95
[1] -0.1999888
[1] -0.1679553
[1] "AdaLSE"
[1] -0.2674663
[1] 0.05787714
[1] 0.3368421

 0  1 
63 32 
[1] "Fitting mean A"
[1] "Fitting variance A"
[1] "DR"
[1] -0.1981589
[1] 0.07134152
[1] 0.9052632

 0  1 
 9 86 
[1] 96
[1] -0.1999888
[1] -0.1679553
[1] "AdaLSE"
[1] 0
[1] 0
[1] 0.3333333

 0  1 
64 32 
[1] "Fitting mean A"
[1] "Fitting variance A"
[1] "DR"
[1] -0.1269393
[1] 0.07392364
[1] 0.90625

 0  1 
 9 87 
[1] 97
[1] -0.1999888
[1] -0.1679553
[1] "AdaLSE"
[1] 0
[1] 0
[1] 0.3298969

 0  1 
65 32 
[1] "Fitting mean A"
[1] "Fitting variance A"
[1] "DR"
[1] -0.1567774
[1] 0.07669256
[1] 0.9072165

 0  1 
 9 88 
[1] 98
[1] -0.1999888
[1] -0.1679553
[1] "AdaLSE"
[1] 0
[1] 0
[1] 0.3265306

 0  1 
66 32 
[1] "Fitting mean A"
[1] "Fitting variance A"
[1] "DR"
[1] -0.09156937
[1] 0.07720282
[1] 0.9081633

 0  1 
 9 89 
[1] 99
[1] -0.1999888
[1] -0.1679553
[1] "AdaLSE"
[1] 0
[1] 0
[1] 0.3232323

 0  1 
67 32 
[1] "Fitting mean A"
[1] "Fitting variance A"
[1] "DR"
[1] -0.03877721
[1] 0.07439142
[1] 0.9090909

 0  1 
 9 90 
[1] 100
[1] -0.1999888
[1] -0.1679553
[1] "AdaLSE"
[1] -0.1744009
[1] 0.06615185
[1] 0.33

 0  1 
67 33 
[1] "Fitting mean A"
[1] "Fitting variance A"
[1] "DR"
[1] -0.1823642
[1] 0.07272937
[1] 0.91

 0  1 
 9 91 
[1] 101
[1] -0.1999888
[1] -0.1679553
[1] "AdaLSE"
[1] -0.2285079
[1] 0.06713805
[1] 0.3366337

 0  1 
67 34 
[1] "Fitting mean A"
[1] "Fitting variance A"
[1] "DR"
[1] -0.2309813
[1] 0.07639882
[1] 0.9108911

 0  1 
 9 92 
[1] 102
[1] -0.1999888
[1] -0.1679553
[1] "AdaLSE"
[1] -0.02760187
[1] 0.06524677
[1] 0.3333333

 0  1 
68 34 
[1] "Fitting mean A"
[1] "Fitting variance A"
[1] "DR"
[1] -0.04735607
[1] 0.0770642
[1] 0.9117647

 0  1 
 9 93 
[1] 103
[1] -0.1999888
[1] -0.1679553
[1] "AdaLSE"
[1] 0
[1] 0
[1] 0.3300971

 0  1 
69 34 
[1] "Fitting mean A"
[1] "Fitting variance A"
[1] "DR"
[1] -0.1860545
[1] 0.07752854
[1] 0.9126214

 0  1 
 9 94 
[1] 104
[1] -0.1999888
[1] -0.1679553
[1] "AdaLSE"
[1] 0
[1] 0
[1] 0.3269231

 0  1 
70 34 
[1] "Fitting mean A"
[1] "Fitting variance A"
[1] "DR"
[1] -0.1480885
[1] 0.07270653
[1] 0.9134615

 0  1 
 9 95 
[1] 105
[1] -0.1999888
[1] -0.1679553
[1] "AdaLSE"
[1] 0
[1] 0
[1] 0.3238095

 0  1 
71 34 
[1] "Fitting mean A"
[1] "Fitting variance A"
[1] "DR"
[1] -0.003803998
[1] 0.07278827
[1] 0.9047619

 0  1 
10 95 
[1] 106
[1] -0.1999888
[1] -0.1679553
[1] "AdaLSE"
[1] 0
[1] 0
[1] 0.3207547

 0  1 
72 34 
[1] "Fitting mean A"
[1] "Fitting variance A"
[1] "DR"
[1] -0.1492114
[1] 0.07045162
[1] 0.9056604

 0  1 
10 96 
[1] 107
[1] -0.1999888
[1] -0.1679553
[1] "AdaLSE"
[1] 0
[1] 0
[1] 0.317757

 0  1 
73 34 
[1] "Fitting mean A"
[1] "Fitting variance A"
[1] "DR"
[1] -0.1754839
[1] 0.07890022
[1] 0.9065421

 0  1 
10 97 
[1] 108
[1] -0.1999888
[1] -0.1679553
[1] "AdaLSE"
[1] 0
[1] 0
[1] 0.3148148

 0  1 
74 34 
[1] "Fitting mean A"
[1] "Fitting variance A"
[1] "DR"
[1] -0.06540467
[1] 0.07459477
[1] 0.9074074

 0  1 
10 98 
[1] 109
[1] -0.1999888
[1] -0.1679553
[1] "AdaLSE"
[1] -0.2052593
[1] 0.06633581
[1] 0.3211009

 0  1 
74 35 
[1] "Fitting mean A"
[1] "Fitting variance A"
[1] "DR"
[1] -0.2353774
[1] 0.06982936
[1] 0.9082569

 0  1 
10 99 
[1] 110
[1] -0.1999888
[1] -0.1679553
[1] "AdaLSE"
[1] -0.1921361
[1] 0.06167433
[1] 0.3272727

 0  1 
74 36 
[1] "Fitting mean A"
[1] "Fitting variance A"
[1] "DR"
[1] -0.1030157
[1] 0.07301261
[1] 0.9090909

  0   1 
 10 100 
[1] 111
[1] -0.1999888
[1] -0.1679553
[1] "AdaLSE"
[1] -0.1648389
[1] 0.06060651
[1] 0.3333333

 0  1 
74 37 
[1] "Fitting mean A"
[1] "Fitting variance A"
[1] "DR"
[1] -0.1744188
[1] 0.07336203
[1] 0.9099099

  0   1 
 10 101 
[1] 112
[1] -0.1999888
[1] -0.1679553
[1] "AdaLSE"
[1] -0.187128
[1] 0.05991585
[1] 0.3392857

 0  1 
74 38 
[1] "Fitting mean A"
[1] "Fitting variance A"
[1] "DR"
[1] -0.1411958
[1] 0.06967607
[1] 0.9107143

  0   1 
 10 102 
[1] 113
[1] -0.1999888
[1] -0.1679553
[1] "AdaLSE"
[1] -0.2284882
[1] 0.06319905
[1] 0.3451327

 0  1 
74 39 
[1] "Fitting mean A"
[1] "Fitting variance A"
[1] "DR"
[1] -0.2037874
[1] 0.06816505
[1] 0.9115044

  0   1 
 10 103 
[1] 114
[1] -0.1999888
[1] -0.1679553
[1] "AdaLSE"
[1] -0.2542488
[1] 0.06640878
[1] 0.3508772

 0  1 
74 40 
[1] "Fitting mean A"
[1] "Fitting variance A"
[1] "DR"
[1] -0.1983468
[1] 0.07461415
[1] 0.9122807

  0   1 
 10 104 
[1] 115
[1] -0.1999888
[1] -0.1679553
[1] "AdaLSE"
[1] -0.2304775
[1] 0.06570143
[1] 0.3565217

 0  1 
74 41 
[1] "Fitting mean A"
[1] "Fitting variance A"
[1] "DR"
[1] -0.207564
[1] 0.06996046
[1] 0.9130435

  0   1 
 10 105 
[1] 116
[1] -0.1999888
[1] -0.1679553
[1] "AdaLSE"
[1] -0.2777351
[1] 0.06426966
[1] 0.362069

 0  1 
74 42 
[1] "Fitting mean A"
[1] "Fitting variance A"
[1] "DR"
[1] -0.3122218
[1] 0.0768183
[1] 0.9137931

  0   1 
 10 106 
[1] 117
[1] -0.1999888
[1] -0.1679553
[1] "AdaLSE"
[1] -0.03087285
[1] 0.0601493
[1] 0.3589744

 0  1 
75 42 
[1] "Fitting mean A"
[1] "Fitting variance A"
[1] "DR"
[1] 0.006785679
[1] 0.07576723
[1] 0.9059829

  0   1 
 11 106 
[1] 118
[1] -0.1999888
[1] -0.1679553
[1] "AdaLSE"
[1] -0.01546557
[1] 0.0614462
[1] 0.3559322

 0  1 
76 42 
[1] "Fitting mean A"
[1] "Fitting variance A"
[1] "DR"
[1] 0.01040239
[1] 0.07439406
[1] 0.8983051

  0   1 
 12 106 
[1] 119
[1] -0.1999888
[1] -0.1679553
[1] "AdaLSE"
[1] -0.01745035
[1] 0.07103356
[1] 0.3529412

 0  1 
77 42 
[1] "Fitting mean A"
[1] "Fitting variance A"
[1] "DR"
[1] 0.03530125
[1] 0.08181242
[1] 0.8907563

  0   1 
 13 106 
[1] 120
[1] -0.1999888
[1] -0.1679553
[1] "AdaLSE"
[1] 0
[1] 0
[1] 0.35

 0  1 
78 42 
[1] "Fitting mean A"
[1] "Fitting variance A"
[1] "DR"
[1] -0.1550849
[1] 0.07178725
[1] 0.8916667

  0   1 
 13 107 
[1] 121
[1] -0.1999888
[1] -0.1679553
[1] "AdaLSE"
[1] 0
[1] 0
[1] 0.3471074

 0  1 
79 42 
[1] "Fitting mean A"
[1] "Fitting variance A"
[1] "DR"
[1] -0.1360115
[1] 0.07560487
[1] 0.892562

  0   1 
 13 108 
[1] 122
[1] -0.1999888
[1] -0.1679553
[1] "AdaLSE"
[1] -0.03825463
[1] 0.06605206
[1] 0.3442623

 0  1 
80 42 
[1] "Fitting mean A"
[1] "Fitting variance A"
[1] "DR"
[1] 0.01248567
[1] 0.07441101
[1] 0.8852459

  0   1 
 14 108 
[1] 123
[1] -0.1999888
[1] -0.1679553
[1] "AdaLSE"
[1] 0
[1] 0
[1] 0.3414634

 0  1 
81 42 
[1] "Fitting mean A"
[1] "Fitting variance A"
[1] "DR"
[1] -0.2110947
[1] 0.07621263
[1] 0.8861789

  0   1 
 14 109 
[1] 124
[1] -0.1999888
[1] -0.1679553
[1] "AdaLSE"
[1] -0.3811885
[1] 0.06893227
[1] 0.3387097

 0  1 
82 42 
[1] "Fitting mean A"
[1] "Fitting variance A"
[1] "DR"
[1] -0.3110462
[1] 0.07646991
[1] 0.8870968

  0   1 
 14 110 
[1] 125
[1] -0.1999888
[1] -0.1679553
[1] "AdaLSE"
[1] 0
[1] 0
[1] 0.336

 0  1 
83 42 
[1] "Fitting mean A"
[1] "Fitting variance A"
[1] "DR"
[1] -0.2537367
[1] 0.07634587
[1] 0.888

  0   1 
 14 111 
[1] 126
[1] -0.1999888
[1] -0.1679553
[1] "AdaLSE"
[1] 0
[1] 0
[1] 0.3333333

 0  1 
84 42 
[1] "Fitting mean A"
[1] "Fitting variance A"
[1] "DR"
[1] -0.124865
[1] 0.07479802
[1] 0.8888889

  0   1 
 14 112 
[1] 127
[1] -0.1999888
[1] -0.1679553
[1] "AdaLSE"
[1] -0.2051558
[1] 0.06148973
[1] 0.3385827

 0  1 
84 43 
[1] "Fitting mean A"
[1] "Fitting variance A"
[1] "DR"
[1] -0.1578724
[1] 0.07413866
[1] 0.8897638

  0   1 
 14 113 
[1] 128
[1] -0.1999888
[1] -0.1679553
[1] "AdaLSE"
[1] -0.332822
[1] 0.06734354
[1] 0.3359375

 0  1 
85 43 
[1] "Fitting mean A"
[1] "Fitting variance A"
[1] "DR"
[1] -0.3015347
[1] 0.0705651
[1] 0.890625

  0   1 
 14 114 
[1] 129
[1] -0.02545424  5.76217288
[1] -0.1999888
[1] -0.1679553
[1] "AdaLSE"
[1] -0.2012362
[1] 0.05535904
[1] 0.3410853

 0  1 
85 44 
[1] "Fitting mean A"
[1] "Fitting variance A"
[1] "DR"
[1] -0.1683928
[1] 0.07202459
[1] 0.8914729

  0   1 
 14 115 
[1] 130
[1] -0.1999888
[1] -0.1679553
[1] "AdaLSE"
[1] -0.3604775
[1] 0.06294119
[1] 0.3384615

 0  1 
86 44 
[1] "Fitting mean A"
[1] "Fitting variance A"
[1] "DR"
[1] -0.3175251
[1] 0.07293061
[1] 0.8846154

  0   1 
 15 115 
[1] 131
[1] -0.1999888
[1] -0.1679553
[1] "AdaLSE"
[1] 0
[1] 0
[1] 0.3358779

 0  1 
87 44 
[1] "Fitting mean A"
[1] "Fitting variance A"
[1] "DR"
[1] -0.08574373
[1] 0.07462317
[1] 0.8854962

  0   1 
 15 116 
[1] 132
[1] -0.1999888
[1] -0.1679553
[1] "AdaLSE"
[1] -0.02508472
[1] 0.06065998
[1] 0.3333333

 0  1 
88 44 
[1] "Fitting mean A"
[1] "Fitting variance A"
[1] "DR"
[1] -0.03640884
[1] 0.07120987
[1] 0.8863636

  0   1 
 15 117 
[1] 133
[1] -0.1999888
[1] -0.1679553
[1] "AdaLSE"
[1] 0
[1] 0
[1] 0.3308271

 0  1 
89 44 
[1] "Fitting mean A"
[1] "Fitting variance A"
[1] "DR"
[1] -0.1081368
[1] 0.07531966
[1] 0.887218

  0   1 
 15 118 
[1] 134
[1] -0.1999888
[1] -0.1679553
[1] "AdaLSE"
[1] -0.1800873
[1] 0.06548757
[1] 0.3358209

 0  1 
89 45 
[1] "Fitting mean A"
[1] "Fitting variance A"
[1] "DR"
[1] -0.1858562
[1] 0.0693578
[1] 0.8880597

  0   1 
 15 119 
[1] 135
[1] -0.1999888
[1] -0.1679553
[1] "AdaLSE"
[1] -0.003042689
[1] 0.07106314
[1] 0.3333333

 0  1 
90 45 
[1] "Fitting mean A"
[1] "Fitting variance A"
[1] "DR"
[1] 0.01732565
[1] 0.07569168
[1] 0.8814815

  0   1 
 16 119 
[1] 136
[1] -0.1999888
[1] -0.1679553
[1] "AdaLSE"
[1] 0
[1] 0
[1] 0.3308824

 0  1 
91 45 
[1] "Fitting mean A"
[1] "Fitting variance A"
[1] "DR"
[1] -0.1684562
[1] 0.07518933
[1] 0.8823529

  0   1 
 16 120 
[1] 137
[1] -0.1999888
[1] -0.1679553
[1] "AdaLSE"
[1] 0
[1] 0
[1] 0.3284672

 0  1 
92 45 
[1] "Fitting mean A"
[1] "Fitting variance A"
[1] "DR"
[1] -0.1097825
[1] 0.079395
[1] 0.8832117

  0   1 
 16 121 
[1] 138
[1] -0.1999888
[1] -0.1679553
[1] "AdaLSE"
[1] 0
[1] 0
[1] 0.326087

 0  1 
93 45 
[1] "Fitting mean A"
[1] "Fitting variance A"
[1] "DR"
[1] -0.03604359
[1] 0.07423152
[1] 0.884058

  0   1 
 16 122 
[1] 139
[1] -0.1999888
[1] -0.1679553
[1] "AdaLSE"
[1] 0
[1] 0
[1] 0.323741

 0  1 
94 45 
[1] "Fitting mean A"
[1] "Fitting variance A"
[1] "DR"
[1] -0.1489538
[1] 0.07451904
[1] 0.8848921

  0   1 
 16 123 
[1] 140
[1] -0.1999888
[1] -0.1679553
[1] "AdaLSE"
[1] 0
[1] 0
[1] 0.3214286

 0  1 
95 45 
[1] "Fitting mean A"
[1] "Fitting variance A"
[1] "DR"
[1] -0.05664519
[1] 0.07126609
[1] 0.8857143

  0   1 
 16 124 
[1] 141
[1] -0.1999888
[1] -0.1679553
[1] "AdaLSE"
[1] 0
[1] 0
[1] 0.3191489

 0  1 
96 45 
[1] "Fitting mean A"
[1] "Fitting variance A"
[1] "DR"
[1] -0.116821
[1] 0.07350937
[1] 0.8865248

  0   1 
 16 125 
[1] 142
[1] -0.1999888
[1] -0.1679553
[1] "AdaLSE"
[1] -0.129266
[1] 0.05996744
[1] 0.3239437

 0  1 
96 46 
[1] "Fitting mean A"
[1] "Fitting variance A"
[1] "DR"
[1] -0.1540479
[1] 0.06847994
[1] 0.8873239

  0   1 
 16 126 
[1] 143
[1] -0.1999888
[1] -0.1679553
[1] "AdaLSE"
[1] -0.1656565
[1] 0.05960304
[1] 0.3286713

 0  1 
96 47 
[1] "Fitting mean A"
[1] "Fitting variance A"
[1] "DR"
[1] -0.1814663
[1] 0.07541241
[1] 0.8881119

  0   1 
 16 127 
[1] 144
[1] -0.1999888
[1] -0.1679553
[1] "AdaLSE"
[1] -0.1329897
[1] 0.06405479
[1] 0.3333333

 0  1 
96 48 
[1] "Fitting mean A"
[1] "Fitting variance A"
[1] "DR"
[1] -0.124001
[1] 0.0694779
[1] 0.8888889

  0   1 
 16 128 
[1] 145
[1] -0.1999888
[1] -0.1679553
[1] "AdaLSE"
[1] 0
[1] 0
[1] 0.3310345

 0  1 
97 48 
[1] "Fitting mean A"
[1] "Fitting variance A"
[1] "DR"
[1] -0.1071573
[1] 0.07035198
[1] 0.8896552

  0   1 
 16 129 
[1] 146
[1] -0.1999888
[1] -0.1679553
[1] "AdaLSE"
[1] -0.0877406
[1] 0.07013616
[1] 0.3356164

 0  1 
97 49 
[1] "Fitting mean A"
[1] "Fitting variance A"
[1] "DR"
[1] -0.04480943
[1] 0.07314718
[1] 0.890411

  0   1 
 16 130 
[1] 147
[1] -0.1999888
[1] -0.1679553
[1] "AdaLSE"
[1] -0.2819176
[1] 0.07386245
[1] 0.3401361

 0  1 
97 50 
[1] "Fitting mean A"
[1] "Fitting variance A"
[1] "DR"
[1] -0.2707532
[1] 0.07079483
[1] 0.8911565

  0   1 
 16 131 
[1] 148
[1] -0.1999888
[1] -0.1679553
[1] "AdaLSE"
[1] -0.2649662
[1] 0.06060571
[1] 0.3445946

 0  1 
97 51 
[1] "Fitting mean A"
[1] "Fitting variance A"
[1] "DR"
[1] -0.1706989
[1] 0.07152709
[1] 0.8918919

  0   1 
 16 132 
[1] 149
[1] -0.1999888
[1] -0.1679553
[1] "AdaLSE"
[1] -0.08387626
[1] 0.05950791
[1] 0.3489933

 0  1 
97 52 
[1] "Fitting mean A"
[1] "Fitting variance A"
[1] "DR"
[1] -0.156727
[1] 0.07346996
[1] 0.8926174

  0   1 
 16 133 
[1] 150
[1] -0.1999888
[1] -0.1679553
[1] "AdaLSE"
[1] -0.1567542
[1] 0.05871425
[1] 0.3533333

 0  1 
97 53 
[1] "Fitting mean A"
[1] "Fitting variance A"
[1] "DR"
[1] -0.1724931
[1] 0.07465284
[1] 0.8933333

  0   1 
 16 134 
[1] 151
[1] -0.1999888
[1] -0.1679553
[1] "AdaLSE"
[1] 0
[1] 0
[1] 0.3509934

 0  1 
98 53 
[1] "Fitting mean A"
[1] "Fitting variance A"
[1] "DR"
[1] -0.09254565
[1] 0.07311139
[1] 0.8940397

  0   1 
 16 135 
[1] 152
[1] -0.1999888
[1] -0.1679553
[1] "AdaLSE"
[1] 0
[1] 0
[1] 0.3486842

 0  1 
99 53 
[1] "Fitting mean A"
[1] "Fitting variance A"
[1] "DR"
[1] -0.1920724
[1] 0.08107521
[1] 0.8947368

  0   1 
 16 136 
[1] 153
[1] -0.1999888
[1] -0.1679553
[1] "AdaLSE"
[1] 0
[1] 0
[1] 0.3464052

  0   1 
100  53 
[1] "Fitting mean A"
[1] "Fitting variance A"
[1] "DR"
[1] -0.08532727
[1] 0.07595729
[1] 0.8954248

  0   1 
 16 137 
[1] 154
[1] -0.1999888
[1] -0.1679553
[1] "AdaLSE"
[1] 0
[1] 0
[1] 0.3441558

  0   1 
101  53 
[1] "Fitting mean A"
[1] "Fitting variance A"
[1] "DR"
[1] -0.05162617
[1] 0.07767149
[1] 0.8961039

  0   1 
 16 138 
[1] 155
[1] -0.1999888
[1] -0.1679553
[1] "AdaLSE"
[1] -0.2258018
[1] 0.06267246
[1] 0.3483871

  0   1 
101  54 
[1] "Fitting mean A"
[1] "Fitting variance A"
[1] "DR"
[1] -0.2177325
[1] 0.0686252
[1] 0.8967742

  0   1 
 16 139 
[1] 156
[1] -0.1999888
[1] -0.1679553
[1] "AdaLSE"
[1] 0
[1] 0
[1] 0.3461538

  0   1 
102  54 
[1] "Fitting mean A"
[1] "Fitting variance A"
[1] "DR"
[1] -0.1052635
[1] 0.0703694
[1] 0.8974359

  0   1 
 16 140 
[1] 157
[1] -0.1999888
[1] -0.1679553
[1] "AdaLSE"
[1] -0.03504455
[1] 0.06180948
[1] 0.343949

  0   1 
103  54 
[1] "Fitting mean A"
[1] "Fitting variance A"
[1] "DR"
[1] -0.03630458
[1] 0.0746066
[1] 0.8980892

  0   1 
 16 141 
[1] 158
[1] -0.1999888
[1] -0.1679553
[1] "AdaLSE"
[1] 0
[1] 0
[1] 0.3417722

  0   1 
104  54 
[1] "Fitting mean A"
[1] "Fitting variance A"
[1] "DR"
[1] -0.08142429
[1] 0.0737273
[1] 0.8987342

  0   1 
 16 142 
[1] 159
[1] -0.1999888
[1] -0.1679553
[1] "AdaLSE"
[1] 0
[1] 0
[1] 0.3396226

  0   1 
105  54 
[1] "Fitting mean A"
[1] "Fitting variance A"
[1] "DR"
[1] -0.1784975
[1] 0.07258881
[1] 0.8993711

  0   1 
 16 143 
[1] 160
[1] -0.1999888
[1] -0.1679553
[1] "AdaLSE"
[1] 0
[1] 0
[1] 0.3375

  0   1 
106  54 
[1] "Fitting mean A"
[1] "Fitting variance A"
[1] "DR"
[1] -0.1521713
[1] 0.07056202
[1] 0.9

  0   1 
 16 144 
[1] 161
[1] -0.1999888
[1] -0.1679553
[1] "AdaLSE"
[1] 0
[1] 0
[1] 0.3354037

  0   1 
107  54 
[1] "Fitting mean A"
[1] "Fitting variance A"
[1] "DR"
[1] -0.05813567
[1] 0.07120126
[1] 0.9006211

  0   1 
 16 145 
[1] 162
[1] -0.1999888
[1] -0.1679553
[1] "AdaLSE"
[1] 0
[1] 0
[1] 0.3333333

  0   1 
108  54 
[1] "Fitting mean A"
[1] "Fitting variance A"
[1] "DR"
[1] -0.09723357
[1] 0.07560316
[1] 0.9012346

  0   1 
 16 146 
[1] 163
[1] -0.1999888
[1] -0.1679553
[1] "AdaLSE"
[1] 0
[1] 0
[1] 0.3312883

  0   1 
109  54 
[1] "Fitting mean A"
[1] "Fitting variance A"
[1] "DR"
[1] -0.03320535
[1] 0.0765306
[1] 0.9018405

  0   1 
 16 147 
[1] 164
[1] -0.1999888
[1] -0.1679553
[1] "AdaLSE"
[1] 0
[1] 0
[1] 0.3292683

  0   1 
110  54 
[1] "Fitting mean A"
[1] "Fitting variance A"
[1] "DR"
[1] -0.06814619
[1] 0.06956992
[1] 0.902439

  0   1 
 16 148 
[1] 165
[1] -0.1999888
[1] -0.1679553
[1] "AdaLSE"
[1] -0.2454524
[1] 0.065685
[1] 0.3333333

  0   1 
110  55 
[1] "Fitting mean A"
[1] "Fitting variance A"
[1] "DR"
[1] -0.2515685
[1] 0.06838998
[1] 0.9030303

  0   1 
 16 149 
[1] 166
[1] -0.1999888
[1] -0.1679553
[1] "AdaLSE"
[1] -0.2663213
[1] 0.06763569
[1] 0.3373494

  0   1 
110  56 
[1] "Fitting mean A"
[1] "Fitting variance A"
[1] "DR"
[1] -0.2093418
[1] 0.07578838
[1] 0.9036145

  0   1 
 16 150 
[1] 167
[1] -0.1999888
[1] -0.1679553
[1] "AdaLSE"
[1] 0
[1] 0
[1] 0.3353293

  0   1 
111  56 
[1] "Fitting mean A"
[1] "Fitting variance A"
[1] "DR"
[1] -0.1347242
[1] 0.0741871
[1] 0.9041916

  0   1 
 16 151 
[1] 168
[1] -0.1999888
[1] -0.1679553
[1] "AdaLSE"
[1] 0
[1] 0
[1] 0.3333333

  0   1 
112  56 
[1] "Fitting mean A"
[1] "Fitting variance A"
[1] "DR"
[1] -0.01268824
[1] 0.07134033
[1] 0.8988095

  0   1 
 17 151 
[1] 169
[1] -0.1999888
[1] -0.1679553
[1] "AdaLSE"
[1] -0.2487687
[1] 0.06634659
[1] 0.3372781

  0   1 
112  57 
[1] "Fitting mean A"
[1] "Fitting variance A"
[1] "DR"
[1] -0.2241957
[1] 0.07294374
[1] 0.8994083

  0   1 
 17 152 
[1] 170
[1] -0.1999888
[1] -0.1679553
[1] "AdaLSE"
[1] 0
[1] 0
[1] 0.3352941

  0   1 
113  57 
[1] "Fitting mean A"
[1] "Fitting variance A"
[1] "DR"
[1] -0.005109537
[1] 0.06651239
[1] 0.8941176

  0   1 
 18 152 
[1] 171
[1] -0.1999888
[1] -0.1679553
[1] "AdaLSE"
[1] -0.3901819
[1] 0.07026443
[1] 0.3333333

  0   1 
114  57 
[1] "Fitting mean A"
[1] "Fitting variance A"
[1] "DR"
[1] -0.3922072
[1] 0.06870748
[1] 0.8888889

  0   1 
 19 152 
[1] 172
[1] -0.1999888
[1] -0.1679553
[1] "AdaLSE"
[1] 0
[1] 0
[1] 0.3313953

  0   1 
115  57 
[1] "Fitting mean A"
[1] "Fitting variance A"
[1] "DR"
[1] -0.09398365
[1] 0.07410655
[1] 0.8895349

  0   1 
 19 153 
[1] 173
[1] -0.1999888
[1] -0.1679553
[1] "AdaLSE"
[1] 0
[1] 0
[1] 0.3294798

  0   1 
116  57 
[1] "Fitting mean A"
[1] "Fitting variance A"
[1] "DR"
[1] -0.03589099
[1] 0.07583158
[1] 0.8901734

  0   1 
 19 154 
[1] 174
[1] -0.1999888
[1] -0.1679553
[1] "AdaLSE"
[1] -0.1710972
[1] 0.06327371
[1] 0.3333333

  0   1 
116  58 
[1] "Fitting mean A"
[1] "Fitting variance A"
[1] "DR"
[1] -0.1787222
[1] 0.07534581
[1] 0.8908046

  0   1 
 19 155 
[1] 175
[1] -0.1999888
[1] -0.1679553
[1] "AdaLSE"
[1] -0.002058741
[1] 0.06527084
[1] 0.3314286

  0   1 
117  58 
[1] "Fitting mean A"
[1] "Fitting variance A"
[1] "DR"
[1] 0.01191957
[1] 0.07477851
[1] 0.8857143

  0   1 
 20 155 
[1] 176
[1] -0.1999888
[1] -0.1679553
[1] "AdaLSE"
[1] 0
[1] 0
[1] 0.3295455

  0   1 
118  58 
[1] "Fitting mean A"
[1] "Fitting variance A"
[1] "DR"
[1] -0.1015695
[1] 0.07851571
[1] 0.8863636

  0   1 
 20 156 
[1] 177
[1] -0.1999888
[1] -0.1679553
[1] "AdaLSE"
[1] 0
[1] 0
[1] 0.3276836

  0   1 
119  58 
[1] "Fitting mean A"
[1] "Fitting variance A"
[1] "DR"
[1] -0.2032379
[1] 0.07488774
[1] 0.8870056

  0   1 
 20 157 
[1] 178
[1] -0.1999888
[1] -0.1679553
[1] "AdaLSE"
[1] 0
[1] 0
[1] 0.3258427

  0   1 
120  58 
[1] "Fitting mean A"
[1] "Fitting variance A"
[1] "DR"
[1] -0.02358458
[1] 0.07637861
[1] 0.8876404

  0   1 
 20 158 
[1] 179
[1] -0.1999888
[1] -0.1679553
[1] "AdaLSE"
[1] -0.2168166
[1] 0.060994
[1] 0.3296089

  0   1 
120  59 
[1] "Fitting mean A"
[1] "Fitting variance A"
[1] "DR"
[1] -0.2455491
[1] 0.07416773
[1] 0.8882682

  0   1 
 20 159 
[1] 180
[1] -0.1999888
[1] -0.1679553
[1] "AdaLSE"
[1] -0.1856247
[1] 0.06510544
[1] 0.3333333

  0   1 
120  60 
[1] "Fitting mean A"
[1] "Fitting variance A"
[1] "DR"
[1] -0.1769454
[1] 0.07732894
[1] 0.8888889

  0   1 
 20 160 
[1] 181
[1] -0.1999888
[1] -0.1679553
[1] "AdaLSE"
[1] -0.3211768
[1] 0.07216598
[1] 0.3314917

  0   1 
121  60 
[1] "Fitting mean A"
[1] "Fitting variance A"
[1] "DR"
[1] -0.3093885
[1] 0.0702329
[1] 0.8839779

  0   1 
 21 160 
[1] 182
[1] -0.1999888
[1] -0.1679553
[1] "AdaLSE"
[1] -0.1469433
[1] 0.06613782
[1] 0.3351648

  0   1 
121  61 
[1] "Fitting mean A"
[1] "Fitting variance A"
[1] "DR"
[1] -0.1420265
[1] 0.07028382
[1] 0.8846154

  0   1 
 21 161 
[1] 183
[1] -0.1999888
[1] -0.1679553
[1] "AdaLSE"
[1] 0
[1] 0
[1] 0.3333333

  0   1 
122  61 
[1] "Fitting mean A"
[1] "Fitting variance A"
[1] "DR"
[1] -0.08908933
[1] 0.07158041
[1] 0.8852459

  0   1 
 21 162 
[1] 184
[1] -0.1999888
[1] -0.1679553
[1] "AdaLSE"
[1] 0
[1] 0
[1] 0.3315217

  0   1 
123  61 
[1] "Fitting mean A"
[1] "Fitting variance A"
[1] "DR"
[1] -0.005168442
[1] 0.07173517
[1] 0.8804348

  0   1 
 22 162 
[1] 185
[1] -0.1999888
[1] -0.1679553
[1] "AdaLSE"
[1] 0
[1] 0
[1] 0.3297297

  0   1 
124  61 
[1] "Fitting mean A"
[1] "Fitting variance A"
[1] "DR"
[1] -0.1970601
[1] 0.0795349
[1] 0.8810811

  0   1 
 22 163 
[1] 186
[1] -0.1999888
[1] -0.1679553
[1] "AdaLSE"
[1] -0.3178623
[1] 0.05797844
[1] 0.327957

  0   1 
125  61 
[1] "Fitting mean A"
[1] "Fitting variance A"
[1] "DR"
[1] -0.2616672
[1] 0.07580718
[1] 0.8817204

  0   1 
 22 164 
[1] 187
[1] -0.1999888
[1] -0.1679553
[1] "AdaLSE"
[1] 0
[1] 0
[1] 0.3262032

  0   1 
126  61 
[1] "Fitting mean A"
[1] "Fitting variance A"
[1] "DR"
[1] -0.03691319
[1] 0.07598233
[1] 0.8823529

  0   1 
 22 165 
[1] 188
[1] -0.1999888
[1] -0.1679553
[1] "AdaLSE"
[1] 0
[1] 0
[1] 0.3244681

  0   1 
127  61 
[1] "Fitting mean A"
[1] "Fitting variance A"
[1] "DR"
[1] -0.1357662
[1] 0.07609439
[1] 0.8829787

  0   1 
 22 166 
[1] 189
[1] -0.1999888
[1] -0.1679553
[1] "AdaLSE"
[1] 0
[1] 0
[1] 0.3227513

  0   1 
128  61 
[1] "Fitting mean A"
[1] "Fitting variance A"
[1] "DR"
[1] -0.08837624
[1] 0.07534732
[1] 0.8835979

  0   1 
 22 167 
[1] 190
[1] -0.1603722  5.2446738
[1] -0.1999888
[1] -0.1679553
[1] "AdaLSE"
[1] -0.1555141
[1] 0.06195427
[1] 0.3263158

  0   1 
128  62 
[1] "Fitting mean A"
[1] "Fitting variance A"
[1] "DR"
[1] -0.1976676
[1] 0.0740971
[1] 0.8842105

  0   1 
 22 168 
[1] 191
[1] -0.1999888
[1] -0.1679553
[1] "AdaLSE"
[1] 0
[1] 0
[1] 0.3246073

  0   1 
129  62 
[1] "Fitting mean A"
[1] "Fitting variance A"
[1] "DR"
[1] -0.2354007
[1] 0.07479965
[1] 0.8848168

  0   1 
 22 169 
[1] 192
[1] -0.1999888
[1] -0.1679553
[1] "AdaLSE"
[1] 0
[1] 0
[1] 0.3229167

  0   1 
130  62 
[1] "Fitting mean A"
[1] "Fitting variance A"
[1] "DR"
[1] -0.1642283
[1] 0.07080398
[1] 0.8854167

  0   1 
 22 170 
[1] 193
[1] -0.1999888
[1] -0.1679553
[1] "AdaLSE"
[1] 0
[1] 0
[1] 0.3212435

  0   1 
131  62 
[1] "Fitting mean A"
[1] "Fitting variance A"
[1] "DR"
[1] -0.09249176
[1] 0.07122737
[1] 0.8860104

  0   1 
 22 171 
[1] 194
[1] -0.1999888
[1] -0.1679553
[1] "AdaLSE"
[1] -0.1190769
[1] 0.06011038
[1] 0.3247423

  0   1 
131  63 
[1] "Fitting mean A"
[1] "Fitting variance A"
[1] "DR"
[1] -0.2413188
[1] 0.0791455
[1] 0.8865979

  0   1 
 22 172 
[1] 195
[1] -0.1999888
[1] -0.1679553
[1] "AdaLSE"
[1] 0
[1] 0
[1] 0.3230769

  0   1 
132  63 
[1] "Fitting mean A"
[1] "Fitting variance A"
[1] "DR"
[1] -0.01401255
[1] 0.07834039
[1] 0.8820513

  0   1 
 23 172 
[1] 196
[1] -0.1999888
[1] -0.1679553
[1] "AdaLSE"
[1] 0
[1] 0
[1] 0.3214286

  0   1 
133  63 
[1] "Fitting mean A"
[1] "Fitting variance A"
[1] "DR"
[1] -0.1163203
[1] 0.07497268
[1] 0.8826531

  0   1 
 23 173 
[1] 197
[1] -0.1999888
[1] -0.1679553
[1] "AdaLSE"
[1] -0.1447333
[1] 0.05887508
[1] 0.3248731

  0   1 
133  64 
[1] "Fitting mean A"
[1] "Fitting variance A"
[1] "DR"
[1] -0.08155965
[1] 0.06651293
[1] 0.8832487

  0   1 
 23 174 
[1] 198
[1] -0.1999888
[1] -0.1679553
[1] "AdaLSE"
[1] 0
[1] 0
[1] 0.3232323

  0   1 
134  64 
[1] "Fitting mean A"
[1] "Fitting variance A"
[1] "DR"
[1] -0.1211134
[1] 0.07370133
[1] 0.8838384

  0   1 
 23 175 
[1] 199
[1] -0.1999888
[1] -0.1679553
[1] "AdaLSE"
[1] 0
[1] 0
[1] 0.321608

  0   1 
135  64 
[1] "Fitting mean A"
[1] "Fitting variance A"
[1] "DR"
[1] -0.1858088
[1] 0.07173104
[1] 0.8844221

  0   1 
 23 176 
[1] 200
[1] -0.1999888
[1] -0.1679553
[1] "AdaLSE"
[1] 0
[1] 0
[1] 0.32

  0   1 
136  64 
[1] "Fitting mean A"
[1] "Fitting variance A"
[1] "DR"
[1] -0.1673724
[1] 0.07498063
[1] 0.885

  0   1 
 23 177 
[1] 201
[1] -0.1999888
[1] -0.1679553
[1] "AdaLSE"
[1] 0
[1] 0
[1] 0.318408

  0   1 
137  64 
[1] "Fitting mean A"
[1] "Fitting variance A"
[1] "DR"
[1] -0.156099
[1] 0.07286148
[1] 0.8855721

  0   1 
 23 178 
[1] 202
[1] -0.1999888
[1] -0.1679553
[1] "AdaLSE"
[1] -0.2432787
[1] 0.06434625
[1] 0.3217822

  0   1 
137  65 
[1] "Fitting mean A"
[1] "Fitting variance A"
[1] "DR"
[1] -0.1990035
[1] 0.07239861
[1] 0.8861386

  0   1 
 23 179 
[1] 203
[1] -0.1999888
[1] -0.1679553
[1] "AdaLSE"
[1] -0.04932507
[1] 0.06795545
[1] 0.3251232

  0   1 
137  66 
[1] "Fitting mean A"
[1] "Fitting variance A"
[1] "DR"
[1] -0.08314581
[1] 0.07557361
[1] 0.8866995

  0   1 
 23 180 
[1] 204
[1] -0.1999888
[1] -0.1679553
[1] "AdaLSE"
[1] -0.2180364
[1] 0.05843809
[1] 0.3284314

  0   1 
137  67 
[1] "Fitting mean A"
[1] "Fitting variance A"
[1] "DR"
[1] -0.2445177
[1] 0.07688597
[1] 0.8872549

  0   1 
 23 181 
[1] 205
[1] -0.1999888
[1] -0.1679553
[1] "AdaLSE"
[1] -0.2950609
[1] 0.06437949
[1] 0.3268293

  0   1 
138  67 
[1] "Fitting mean A"
[1] "Fitting variance A"
[1] "DR"
[1] -0.271
[1] 0.07560198
[1] 0.8878049

  0   1 
 23 182 
[1] 206
[1] -0.1999888
[1] -0.1679553
[1] "AdaLSE"
[1] 0
[1] 0
[1] 0.3252427

  0   1 
139  67 
[1] "Fitting mean A"
[1] "Fitting variance A"
[1] "DR"
[1] -0.04699284
[1] 0.07381226
[1] 0.8883495

  0   1 
 23 183 
[1] 207
[1] -0.1999888
[1] -0.1679553
[1] "AdaLSE"
[1] 0
[1] 0
[1] 0.3236715

  0   1 
140  67 
[1] "Fitting mean A"
[1] "Fitting variance A"
[1] "DR"
[1] -0.1779767
[1] 0.07951178
[1] 0.8888889

  0   1 
 23 184 
[1] 208
[1] -0.1999888
[1] -0.1679553
[1] "AdaLSE"
[1] -0.1839374
[1] 0.06986171
[1] 0.3269231

  0   1 
140  68 
[1] "Fitting mean A"
[1] "Fitting variance A"
[1] "DR"
[1] -0.1778371
[1] 0.07581089
[1] 0.8894231

  0   1 
 23 185 
[1] 209
[1] -0.1999888
[1] -0.1679553
[1] "AdaLSE"
[1] -0.1572721
[1] 0.06368435
[1] 0.3301435

  0   1 
140  69 
[1] "Fitting mean A"
[1] "Fitting variance A"
[1] "DR"
[1] -0.09653042
[1] 0.07159991
[1] 0.8899522

  0   1 
 23 186 
[1] 210
[1] -0.1999888
[1] -0.1679553
[1] "AdaLSE"
[1] 0
[1] 0
[1] 0.3285714

  0   1 
141  69 
[1] "Fitting mean A"
[1] "Fitting variance A"
[1] "DR"
[1] -0.117723
[1] 0.07481739
[1] 0.8904762

  0   1 
 23 187 
[1] 211
[1] -0.1999888
[1] -0.1679553
[1] "AdaLSE"
[1] 0
[1] 0
[1] 0.3270142

  0   1 
142  69 
[1] "Fitting mean A"
[1] "Fitting variance A"
[1] "DR"
[1] -0.1175717
[1] 0.07643021
[1] 0.8909953

  0   1 
 23 188 
[1] 212
[1] -0.1999888
[1] -0.1679553
[1] "AdaLSE"
[1] -0.2151561
[1] 0.06425734
[1] 0.3301887

  0   1 
142  70 
[1] "Fitting mean A"
[1] "Fitting variance A"
[1] "DR"
[1] -0.1950574
[1] 0.06594669
[1] 0.8915094

  0   1 
 23 189 
[1] 213
[1] -0.1999888
[1] -0.1679553
[1] "AdaLSE"
[1] 0
[1] 0
[1] 0.3286385

  0   1 
143  70 
[1] "Fitting mean A"
[1] "Fitting variance A"
[1] "DR"
[1] -0.2157404
[1] 0.07630468
[1] 0.8920188

  0   1 
 23 190 
[1] 214
[1] -0.1999888
[1] -0.1679553
[1] "AdaLSE"
[1] -0.03261079
[1] 0.05837856
[1] 0.3271028

  0   1 
144  70 
[1] "Fitting mean A"
[1] "Fitting variance A"
[1] "DR"
[1] -0.03275807
[1] 0.0713581
[1] 0.8925234

  0   1 
 23 191 
[1] 215
[1] -0.1999888
[1] -0.1679553
[1] "AdaLSE"
[1] -0.231177
[1] 0.06012147
[1] 0.3302326

  0   1 
144  71 
[1] "Fitting mean A"
[1] "Fitting variance A"
[1] "DR"
[1] -0.1890916
[1] 0.07231875
[1] 0.8930233

  0   1 
 23 192 
[1] 216
[1] -0.1999888
[1] -0.1679553
[1] "AdaLSE"
[1] -0.2583682
[1] 0.06010757
[1] 0.3333333

  0   1 
144  72 
[1] "Fitting mean A"
[1] "Fitting variance A"
[1] "DR"
[1] -0.2182043
[1] 0.07558659
[1] 0.8935185

  0   1 
 23 193 
[1] 217
[1] -0.1999888
[1] -0.1679553
[1] "AdaLSE"
[1] 0
[1] 0
[1] 0.3317972

  0   1 
145  72 
[1] "Fitting mean A"
[1] "Fitting variance A"
[1] "DR"
[1] -0.1548688
[1] 0.07623845
[1] 0.8940092

  0   1 
 23 194 
[1] 218
[1] -0.1999888
[1] -0.1679553
[1] "AdaLSE"
[1] 0
[1] 0
[1] 0.3302752

  0   1 
146  72 
[1] "Fitting mean A"
[1] "Fitting variance A"
[1] "DR"
[1] -0.1271831
[1] 0.07451324
[1] 0.8944954

  0   1 
 23 195 
[1] 219
[1] -0.1999888
[1] -0.1679553
[1] "AdaLSE"
[1] 0
[1] 0
[1] 0.3287671

  0   1 
147  72 
[1] "Fitting mean A"
[1] "Fitting variance A"
[1] "DR"
[1] -0.145763
[1] 0.0812447
[1] 0.8949772

  0   1 
 23 196 
[1] 220
[1] -0.1999888
[1] -0.1679553
[1] "AdaLSE"
[1] -0.1325487
[1] 0.0594226
[1] 0.3318182

  0   1 
147  73 
[1] "Fitting mean A"
[1] "Fitting variance A"
[1] "DR"
[1] -0.1309036
[1] 0.07193794
[1] 0.8954545

  0   1 
 23 197 
[1] 221
[1] -0.1999888
[1] -0.1679553
[1] "AdaLSE"
[1] 0
[1] 0
[1] 0.3303167

  0   1 
148  73 
[1] "Fitting mean A"
[1] "Fitting variance A"
[1] "DR"
[1] -0.07831704
[1] 0.07289909
[1] 0.8959276

  0   1 
 23 198 
[1] 222
[1] -0.1999888
[1] -0.1679553
[1] "AdaLSE"
[1] -0.2172147
[1] 0.06344976
[1] 0.3333333

  0   1 
148  74 
[1] "Fitting mean A"
[1] "Fitting variance A"
[1] "DR"
[1] -0.2135406
[1] 0.07681847
[1] 0.8963964

  0   1 
 23 199 
[1] 223
[1] -0.1999888
[1] -0.1679553
[1] "AdaLSE"
[1] -0.2541284
[1] 0.0616382
[1] 0.3363229

  0   1 
148  75 
[1] "Fitting mean A"
[1] "Fitting variance A"
[1] "DR"
[1] -0.2234276
[1] 0.06754182
[1] 0.896861

  0   1 
 23 200 
[1] 224
[1] -0.1999888
[1] -0.1679553
[1] "AdaLSE"
[1] 0
[1] 0
[1] 0.3348214

  0   1 
149  75 
[1] "Fitting mean A"
[1] "Fitting variance A"
[1] "DR"
[1] -0.1051794
[1] 0.08041107
[1] 0.8973214

  0   1 
 23 201 
[1] 225
[1] -0.1999888
[1] -0.1679553
[1] "AdaLSE"
[1] -0.2307728
[1] 0.05994405
[1] 0.3377778

  0   1 
149  76 
[1] "Fitting mean A"
[1] "Fitting variance A"
[1] "DR"
[1] -0.1583819
[1] 0.0695792
[1] 0.8977778

  0   1 
 23 202 
[1] 226
[1] -0.1999888
[1] -0.1679553
[1] "AdaLSE"
[1] -0.02055315
[1] 0.06316087
[1] 0.3362832

  0   1 
150  76 
[1] "Fitting mean A"
[1] "Fitting variance A"
[1] "DR"
[1] 0.004734176
[1] 0.07504088
[1] 0.8938053

  0   1 
 24 202 
[1] 227
[1] -0.1999888
[1] -0.1679553
[1] "AdaLSE"
[1] -0.06536178
[1] 0.05651138
[1] 0.339207

  0   1 
150  77 
[1] "Fitting mean A"
[1] "Fitting variance A"
[1] "DR"
[1] -0.1182076
[1] 0.07611437
[1] 0.8942731

  0   1 
 24 203 
[1] 228
[1] -0.1999888
[1] -0.1679553
[1] "AdaLSE"
[1] 0
[1] 0
[1] 0.3377193

  0   1 
151  77 
[1] "Fitting mean A"
[1] "Fitting variance A"
[1] "DR"
[1] -0.1070111
[1] 0.07851831
[1] 0.8947368

  0   1 
 24 204 
[1] 229
[1] -0.1999888
[1] -0.1679553
[1] "AdaLSE"
[1] 0
[1] 0
[1] 0.3362445

  0   1 
152  77 
[1] "Fitting mean A"
[1] "Fitting variance A"
[1] "DR"
[1] -0.04952499
[1] 0.07854091
[1] 0.8951965

  0   1 
 24 205 
[1] 230
[1] -0.1999888
[1] -0.1679553
[1] "AdaLSE"
[1] 0
[1] 0
[1] 0.3347826

  0   1 
153  77 
[1] "Fitting mean A"
[1] "Fitting variance A"
[1] "DR"
[1] -0.207225
[1] 0.078521
[1] 0.8956522

  0   1 
 24 206 
[1] 231
[1] -0.1999888
[1] -0.1679553
[1] "AdaLSE"
[1] 0
[1] 0
[1] 0.3333333

  0   1 
154  77 
[1] "Fitting mean A"
[1] "Fitting variance A"
[1] "DR"
[1] -0.1128799
[1] 0.07286102
[1] 0.8961039

  0   1 
 24 207 
[1] 232
[1] -0.1999888
[1] -0.1679553
[1] "AdaLSE"
[1] -0.1606155
[1] 0.05386368
[1] 0.3362069

  0   1 
154  78 
[1] "Fitting mean A"
[1] "Fitting variance A"
[1] "DR"
[1] -0.2057193
[1] 0.07275643
[1] 0.8965517

  0   1 
 24 208 
[1] 233
[1] -0.1999888
[1] -0.1679553
[1] "AdaLSE"
[1] -0.1835907
[1] 0.07635086
[1] 0.3390558

  0   1 
154  79 
[1] "Fitting mean A"
[1] "Fitting variance A"
[1] "DR"
[1] -0.1881306
[1] 0.07221816
[1] 0.8969957

  0   1 
 24 209 
[1] 234
[1] -0.1999888
[1] -0.1679553
[1] "AdaLSE"
[1] 0
[1] 0
[1] 0.3376068

  0   1 
155  79 
[1] "Fitting mean A"
[1] "Fitting variance A"
[1] "DR"
[1] -0.1067653
[1] 0.07397997
[1] 0.8974359

  0   1 
 24 210 
[1] 235
[1] -0.1999888
[1] -0.1679553
[1] "AdaLSE"
[1] 0
[1] 0
[1] 0.3361702

  0   1 
156  79 
[1] "Fitting mean A"
[1] "Fitting variance A"
[1] "DR"
[1] -0.1890073
[1] 0.07956054
[1] 0.8978723

  0   1 
 24 211 
[1] 236
[1] -0.1999888
[1] -0.1679553
[1] "AdaLSE"
[1] 0
[1] 0
[1] 0.3347458

  0   1 
157  79 
[1] "Fitting mean A"
[1] "Fitting variance A"
[1] "DR"
[1] -0.1555731
[1] 0.07436225
[1] 0.8983051

  0   1 
 24 212 
[1] 237
[1] -0.1999888
[1] -0.1679553
[1] "AdaLSE"
[1] 0
[1] 0
[1] 0.3333333

  0   1 
158  79 
[1] "Fitting mean A"
[1] "Fitting variance A"
[1] "DR"
[1] -0.1460665
[1] 0.0748977
[1] 0.8987342

  0   1 
 24 213 
[1] 238
[1] -0.1999888
[1] -0.1679553
[1] "AdaLSE"
[1] -0.2457243
[1] 0.05461132
[1] 0.3361345

  0   1 
158  80 
[1] "Fitting mean A"
[1] "Fitting variance A"
[1] "DR"
[1] -0.263529
[1] 0.07467296
[1] 0.8991597

  0   1 
 24 214 
[1] 239
[1] -0.1999888
[1] -0.1679553
[1] "AdaLSE"
[1] 0
[1] 0
[1] 0.334728

  0   1 
159  80 
[1] "Fitting mean A"
[1] "Fitting variance A"
[1] "DR"
[1] -0.05757324
[1] 0.07293187
[1] 0.8995816

  0   1 
 24 215 
[1] 240
[1] -0.1999888
[1] -0.1679553
[1] "AdaLSE"
[1] -0.1169253
[1] 0.06404534
[1] 0.3375

  0   1 
159  81 
[1] "Fitting mean A"
[1] "Fitting variance A"
[1] "DR"
[1] -0.08818261
[1] 0.07350442
[1] 0.9

  0   1 
 24 216 
[1] 241
[1] -0.1999888
[1] -0.1679553
[1] "AdaLSE"
[1] 0
[1] 0
[1] 0.3360996

  0   1 
160  81 
[1] "Fitting mean A"
[1] "Fitting variance A"
[1] "DR"
[1] -0.0935636
[1] 0.07123765
[1] 0.9004149

  0   1 
 24 217 
[1] 242
[1] -0.1999888
[1] -0.1679553
[1] "AdaLSE"
[1] 0
[1] 0
[1] 0.3347107

  0   1 
161  81 
[1] "Fitting mean A"
[1] "Fitting variance A"
[1] "DR"
[1] -0.2165673
[1] 0.07559789
[1] 0.9008264

  0   1 
 24 218 
[1] 243
[1] -0.1999888
[1] -0.1679553
[1] "AdaLSE"
[1] -0.1867254
[1] 0.05873001
[1] 0.3374486

  0   1 
161  82 
[1] "Fitting mean A"
[1] "Fitting variance A"
[1] "DR"
[1] -0.1947336
[1] 0.06634999
[1] 0.9012346

  0   1 
 24 219 
[1] 244
[1] -0.1999888
[1] -0.1679553
[1] "AdaLSE"
[1] -0.1219672
[1] 0.06037021
[1] 0.3401639

  0   1 
161  83 
[1] "Fitting mean A"
[1] "Fitting variance A"
[1] "DR"
[1] -0.214899
[1] 0.0726949
[1] 0.9016393

  0   1 
 24 220 
[1] 245
[1] -0.1999888
[1] -0.1679553
[1] "AdaLSE"
[1] 0
[1] 0
[1] 0.3387755

  0   1 
162  83 
[1] "Fitting mean A"
[1] "Fitting variance A"
[1] "DR"
[1] -0.06044971
[1] 0.07792542
[1] 0.9020408

  0   1 
 24 221 
[1] 246
[1] -0.1999888
[1] -0.1679553
[1] "AdaLSE"
[1] -0.3202891
[1] 0.06774438
[1] 0.3373984

  0   1 
163  83 
[1] "Fitting mean A"
[1] "Fitting variance A"
[1] "DR"
[1] -0.235389
[1] 0.07292972
[1] 0.902439

  0   1 
 24 222 
[1] 247
[1] -0.1999888
[1] -0.1679553
[1] "AdaLSE"
[1] -0.350164
[1] 0.06227758
[1] 0.3360324

  0   1 
164  83 
[1] "Fitting mean A"
[1] "Fitting variance A"
[1] "DR"
[1] -0.2755293
[1] 0.07737881
[1] 0.902834

  0   1 
 24 223 
[1] 248
[1] -0.1999888
[1] -0.1679553
[1] "AdaLSE"
[1] -0.2439028
[1] 0.06462366
[1] 0.3387097

  0   1 
164  84 
[1] "Fitting mean A"
[1] "Fitting variance A"
[1] "DR"
[1] -0.2119356
[1] 0.07683151
[1] 0.9032258

  0   1 
 24 224 
[1] 249
[1] -0.1999888
[1] -0.1679553
[1] "AdaLSE"
[1] -0.3037761
[1] 0.06947726
[1] 0.3413655

  0   1 
164  85 
[1] "Fitting mean A"
[1] "Fitting variance A"
[1] "DR"
[1] -0.2706295
[1] 0.06978722
[1] 0.9036145

  0   1 
 24 225 
[1] 250
[1] -0.1999888
[1] -0.1679553
[1] "AdaLSE"
[1] 0
[1] 0
[1] 0.34

  0   1 
165  85 
[1] "Fitting mean A"
[1] "Fitting variance A"
[1] "DR"
[1] -0.1187726
[1] 0.07693303
[1] 0.904

  0   1 
 24 226 
[1] 251
[1] -0.1999888
[1] -0.1679553
[1] "AdaLSE"
[1] 0
[1] 0
[1] 0.3386454

  0   1 
166  85 
[1] "Fitting mean A"
[1] "Fitting variance A"
[1] "DR"
[1] -0.1225074
[1] 0.07497523
[1] 0.9043825

  0   1 
 24 227 
[1] 252
[1] -0.1999888
[1] -0.1679553
[1] "AdaLSE"
[1] -0.1924747
[1] 0.0651919
[1] 0.3412698

  0   1 
166  86 
[1] "Fitting mean A"
[1] "Fitting variance A"
[1] "DR"
[1] -0.1340211
[1] 0.07489426
[1] 0.9047619

  0   1 
 24 228 
[1] 253
[1] -0.1999888
[1] -0.1679553
[1] "AdaLSE"
[1] 0
[1] 0
[1] 0.3399209

  0   1 
167  86 
[1] "Fitting mean A"
[1] "Fitting variance A"
[1] "DR"
[1] -0.1177244
[1] 0.07294609
[1] 0.9051383

  0   1 
 24 229 
[1] 254
[1] -0.1999888
[1] -0.1679553
[1] "AdaLSE"
[1] 0
[1] 0
[1] 0.3385827

  0   1 
168  86 
[1] "Fitting mean A"
[1] "Fitting variance A"
[1] "DR"
[1] -0.1199847
[1] 0.07481659
[1] 0.9055118

  0   1 
 24 230 
[1] 255
[1] -0.1999888
[1] -0.1679553
[1] "AdaLSE"
[1] 0
[1] 0
[1] 0.3372549

  0   1 
169  86 
[1] "Fitting mean A"
[1] "Fitting variance A"
[1] "DR"
[1] -0.09340713
[1] 0.07656846
[1] 0.9058824

  0   1 
 24 231 
[1] 256
[1] -0.1999888
[1] -0.1679553
[1] "AdaLSE"
[1] 0
[1] 0
[1] 0.3359375

  0   1 
170  86 
[1] "Fitting mean A"
[1] "Fitting variance A"
[1] "DR"
[1] -0.1448178
[1] 0.07160901
[1] 0.90625

  0   1 
 24 232 
[1] 257
[1] -0.1999888
[1] -0.1679553
[1] "AdaLSE"
[1] 0
[1] 0
[1] 0.3346304

  0   1 
171  86 
[1] "Fitting mean A"
[1] "Fitting variance A"
[1] "DR"
[1] -0.1172375
[1] 0.07488237
[1] 0.9066148

  0   1 
 24 233 
[1] 258
[1] -0.1999888
[1] -0.1679553
[1] "AdaLSE"
[1] 0
[1] 0
[1] 0.3333333

  0   1 
172  86 
[1] "Fitting mean A"
[1] "Fitting variance A"
[1] "DR"
[1] -0.05120567
[1] 0.07410222
[1] 0.9069767

  0   1 
 24 234 
[1] 259
[1] -0.1999888
[1] -0.1679553
[1] "AdaLSE"
[1] 0
[1] 0
[1] 0.3320463

  0   1 
173  86 
[1] "Fitting mean A"
[1] "Fitting variance A"
[1] "DR"
[1] -0.157549
[1] 0.07801363
[1] 0.9073359

  0   1 
 24 235 
[1] 260
[1] -0.1999888
[1] -0.1679553
[1] "AdaLSE"
[1] -0.1933757
[1] 0.06232806
[1] 0.3346154

  0   1 
173  87 
[1] "Fitting mean A"
[1] "Fitting variance A"
[1] "DR"
[1] -0.1870948
[1] 0.0747777
[1] 0.9076923

  0   1 
 24 236 
[1] 261
[1] -0.1999888
[1] -0.1679553
[1] "AdaLSE"
[1] -0.05543747
[1] 0.0663319
[1] 0.3371648

  0   1 
173  88 
[1] "Fitting mean A"
[1] "Fitting variance A"
[1] "DR"
[1] -0.03281697
[1] 0.07408418
[1] 0.908046

  0   1 
 24 237 
[1] 262
[1] -0.1999888
[1] -0.1679553
[1] "AdaLSE"
[1] 0
[1] 0
[1] 0.3358779

  0   1 
174  88 
[1] "Fitting mean A"
[1] "Fitting variance A"
[1] "DR"
[1] -0.05919612
[1] 0.07469119
[1] 0.9083969

  0   1 
 24 238 
[1] 263
[1] -0.1999888
[1] -0.1679553
[1] "AdaLSE"
[1] 0
[1] 0
[1] 0.3346008

  0   1 
175  88 
[1] "Fitting mean A"
[1] "Fitting variance A"
[1] "DR"
[1] -0.0590542
[1] 0.0764888
[1] 0.9087452

  0   1 
 24 239 
[1] 264
[1] -0.1999888
[1] -0.1679553
[1] "AdaLSE"
[1] 0
[1] 0
[1] 0.3333333

  0   1 
176  88 
[1] "Fitting mean A"
[1] "Fitting variance A"
[1] "DR"
[1] -0.08931812
[1] 0.07673878
[1] 0.9090909

  0   1 
 24 240 
[1] 265
[1] -0.1999888
[1] -0.1679553
[1] "AdaLSE"
[1] -0.2202953
[1] 0.06075546
[1] 0.3358491

  0   1 
176  89 
[1] "Fitting mean A"
[1] "Fitting variance A"
[1] "DR"
[1] -0.2371187
[1] 0.07817945
[1] 0.909434

  0   1 
 24 241 
[1] 266
[1] -0.1999888
[1] -0.1679553
[1] "AdaLSE"
[1] 0
[1] 0
[1] 0.3345865

  0   1 
177  89 
[1] "Fitting mean A"
[1] "Fitting variance A"
[1] "DR"
[1] -0.05514014
[1] 0.07381079
[1] 0.9097744

  0   1 
 24 242 
[1] 267
[1] -0.1999888
[1] -0.1679553
[1] "AdaLSE"
[1] -0.2972123
[1] 0.06803936
[1] 0.3370787

  0   1 
177  90 
[1] "Fitting mean A"
[1] "Fitting variance A"
[1] "DR"
[1] -0.2534107
[1] 0.06999597
[1] 0.9101124

  0   1 
 24 243 
[1] 268
[1] -0.1999888
[1] -0.1679553
[1] "AdaLSE"
[1] 0
[1] 0
[1] 0.3358209

  0   1 
178  90 
[1] "Fitting mean A"
[1] "Fitting variance A"
[1] "DR"
[1] -0.1176247
[1] 0.07634527
[1] 0.9104478

  0   1 
 24 244 
[1] 269
[1] -0.1999888
[1] -0.1679553
[1] "AdaLSE"
[1] -0.1412998
[1] 0.06406619
[1] 0.33829

  0   1 
178  91 
[1] "Fitting mean A"
[1] "Fitting variance A"
[1] "DR"
[1] -0.1134428
[1] 0.06819563
[1] 0.9107807

  0   1 
 24 245 
[1] 270
[1] -0.1999888
[1] -0.1679553
[1] "AdaLSE"
[1] 0
[1] 0
[1] 0.337037

  0   1 
179  91 
[1] "Fitting mean A"
[1] "Fitting variance A"
[1] "DR"
[1] -0.06776907
[1] 0.06823261
[1] 0.9111111

  0   1 
 24 246 
[1] 271
[1] -0.1999888
[1] -0.1679553
[1] "AdaLSE"
[1] 0
[1] 0
[1] 0.3357934

  0   1 
180  91 
[1] "Fitting mean A"
[1] "Fitting variance A"
[1] "DR"
[1] -0.1560452
[1] 0.07498559
[1] 0.9114391

  0   1 
 24 247 
[1] 272
[1] -0.1999888
[1] -0.1679553
[1] "AdaLSE"
[1] 0
[1] 0
[1] 0.3345588

  0   1 
181  91 
[1] "Fitting mean A"
[1] "Fitting variance A"
[1] "DR"
[1] -0.1479684
[1] 0.07387287
[1] 0.9117647

  0   1 
 24 248 
[1] 273
[1] -0.1999888
[1] -0.1679553
[1] "AdaLSE"
[1] 0
[1] 0
[1] 0.3333333

  0   1 
182  91 
[1] "Fitting mean A"
[1] "Fitting variance A"
[1] "DR"
[1] -0.0833302
[1] 0.07533941
[1] 0.9120879

  0   1 
 24 249 
[1] 274
[1] -0.1999888
[1] -0.1679553
[1] "AdaLSE"
[1] -0.2209078
[1] 0.06584197
[1] 0.3357664

  0   1 
182  92 
[1] "Fitting mean A"
[1] "Fitting variance A"
[1] "DR"
[1] -0.1922216
[1] 0.07441636
[1] 0.9124088

  0   1 
 24 250 
[1] 275
[1] -0.1999888
[1] -0.1679553
[1] "AdaLSE"
[1] 0
[1] 0
[1] 0.3345455

  0   1 
183  92 
[1] "Fitting mean A"
[1] "Fitting variance A"
[1] "DR"
[1] -0.1748252
[1] 0.07714493
[1] 0.9127273

  0   1 
 24 251 
[1] 276
[1] -0.1999888
[1] -0.1679553
[1] "AdaLSE"
[1] -0.3326813
[1] 0.07777195
[1] 0.3333333

  0   1 
184  92 
[1] "Fitting mean A"
[1] "Fitting variance A"
[1] "DR"
[1] -0.2998863
[1] 0.07525143
[1] 0.9130435

  0   1 
 24 252 
[1] 277
[1] -0.1999888
[1] -0.1679553
[1] "AdaLSE"
[1] -0.1715085
[1] 0.0572963
[1] 0.3357401

  0   1 
184  93 
[1] "Fitting mean A"
[1] "Fitting variance A"
[1] "DR"
[1] -0.2420957
[1] 0.07050913
[1] 0.9133574

  0   1 
 24 253 
[1] 278
[1] -0.1999888
[1] -0.1679553
[1] "AdaLSE"
[1] 0
[1] 0
[1] 0.3345324

  0   1 
185  93 
[1] "Fitting mean A"
[1] "Fitting variance A"
[1] "DR"
[1] -0.1196909
[1] 0.07640822
[1] 0.9136691

  0   1 
 24 254 
[1] 279
[1] -0.1999888
[1] -0.1679553
[1] "AdaLSE"
[1] 0
[1] 0
[1] 0.3333333

  0   1 
186  93 
[1] "Fitting mean A"
[1] "Fitting variance A"
[1] "DR"
[1] -0.1637071
[1] 0.07199326
[1] 0.9139785

  0   1 
 24 255 
[1] 280
[1] -0.1999888
[1] -0.1679553
[1] "AdaLSE"
[1] 0
[1] 0
[1] 0.3321429

  0   1 
187  93 
[1] "Fitting mean A"
[1] "Fitting variance A"
[1] "DR"
[1] -0.1494921
[1] 0.07569875
[1] 0.9142857

  0   1 
 24 256 
[1] 281
[1] -0.1999888
[1] -0.1679553
[1] "AdaLSE"
[1] -0.05524326
[1] 0.05995689
[1] 0.3345196

  0   1 
187  94 
[1] "Fitting mean A"
[1] "Fitting variance A"
[1] "DR"
[1] -0.07815194
[1] 0.07132616
[1] 0.9145907

  0   1 
 24 257 
[1] 282
[1] -0.1999888
[1] -0.1679553
[1] "AdaLSE"
[1] 0
[1] 0
[1] 0.3333333

  0   1 
188  94 
[1] "Fitting mean A"
[1] "Fitting variance A"
[1] "DR"
[1] -0.03169942
[1] 0.07619393
[1] 0.9148936

  0   1 
 24 258 
[1] 283
[1] -0.1999888
[1] -0.1679553
[1] "AdaLSE"
[1] 0
[1] 0
[1] 0.3321555

  0   1 
189  94 
[1] "Fitting mean A"
[1] "Fitting variance A"
[1] "DR"
[1] -0.1728493
[1] 0.07682956
[1] 0.9151943

  0   1 
 24 259 
[1] 284
[1] -0.1999888
[1] -0.1679553
[1] "AdaLSE"
[1] 0
[1] 0
[1] 0.3309859

  0   1 
190  94 
[1] "Fitting mean A"
[1] "Fitting variance A"
[1] "DR"
[1] -0.05709958
[1] 0.07457077
[1] 0.915493

  0   1 
 24 260 
[1] 285
[1] -0.1999888
[1] -0.1679553
[1] "AdaLSE"
[1] 0
[1] 0
[1] 0.3298246

  0   1 
191  94 
[1] "Fitting mean A"
[1] "Fitting variance A"
[1] "DR"
[1] -0.1860705
[1] 0.07206642
[1] 0.9157895

  0   1 
 24 261 
[1] 286
[1] -0.1999888
[1] -0.1679553
[1] "AdaLSE"
[1] 0
[1] 0
[1] 0.3286713

  0   1 
192  94 
[1] "Fitting mean A"
[1] "Fitting variance A"
[1] "DR"
[1] -0.2431078
[1] 0.07531114
[1] 0.9160839

  0   1 
 24 262 
[1] 287
[1] -0.1999888
[1] -0.1679553
[1] "AdaLSE"
[1] 0
[1] 0
[1] 0.3275261

  0   1 
193  94 
[1] "Fitting mean A"
[1] "Fitting variance A"
[1] "DR"
[1] -0.08164978
[1] 0.07573919
[1] 0.9163763

  0   1 
 24 263 
[1] 288
[1] -0.1999888
[1] -0.1679553
[1] "AdaLSE"
[1] -0.4177574
[1] 0.06529927
[1] 0.3263889

  0   1 
194  94 
[1] "Fitting mean A"
[1] "Fitting variance A"
[1] "DR"
[1] -0.3853003
[1] 0.06382712
[1] 0.9131944

  0   1 
 25 263 
[1] 289
[1] -0.1999888
[1] -0.1679553
[1] "AdaLSE"
[1] 0
[1] 0
[1] 0.3252595

  0   1 
195  94 
[1] "Fitting mean A"
[1] "Fitting variance A"
[1] "DR"
[1] -0.09791211
[1] 0.07476044
[1] 0.9134948

  0   1 
 25 264 
[1] 290
[1] -0.1999888
[1] -0.1679553
[1] "AdaLSE"
[1] -0.3156904
[1] 0.06890439
[1] 0.3241379

  0   1 
196  94 
[1] "Fitting mean A"
[1] "Fitting variance A"
[1] "DR"
[1] -0.2509913
[1] 0.07118839
[1] 0.9137931

  0   1 
 25 265 
[1] 291
[1] -0.1999888
[1] -0.1679553
[1] "AdaLSE"
[1] 0
[1] 0
[1] 0.3230241

  0   1 
197  94 
[1] "Fitting mean A"
[1] "Fitting variance A"
[1] "DR"
[1] -0.06759538
[1] 0.07794781
[1] 0.9140893

  0   1 
 25 266 
[1] 292
[1] -0.1999888
[1] -0.1679553
[1] "AdaLSE"
[1] 0
[1] 0
[1] 0.3219178

  0   1 
198  94 
[1] "Fitting mean A"
[1] "Fitting variance A"
[1] "DR"
[1] -0.0984582
[1] 0.0702182
[1] 0.9143836

  0   1 
 25 267 
[1] 293
[1] -0.1999888
[1] -0.1679553
[1] "AdaLSE"
[1] -0.2987385
[1] 0.0699981
[1] 0.3242321

  0   1 
198  95 
[1] "Fitting mean A"
[1] "Fitting variance A"
[1] "DR"
[1] -0.2132489
[1] 0.07381976
[1] 0.9146758

  0   1 
 25 268 
[1] 294
[1] -0.1999888
[1] -0.1679553
[1] "AdaLSE"
[1] -0.1532152
[1] 0.06241824
[1] 0.3265306

  0   1 
198  96 
[1] "Fitting mean A"
[1] "Fitting variance A"
[1] "DR"
[1] -0.1420584
[1] 0.07436627
[1] 0.914966

  0   1 
 25 269 
[1] 295
[1] -0.1999888
[1] -0.1679553
[1] "AdaLSE"
[1] -0.07605581
[1] 0.05910283
[1] 0.3288136

  0   1 
198  97 
[1] "Fitting mean A"
[1] "Fitting variance A"
[1] "DR"
[1] -0.06307216
[1] 0.06449908
[1] 0.9152542

  0   1 
 25 270 
[1] 296
[1] -0.1999888
[1] -0.1679553
[1] "AdaLSE"
[1] 0
[1] 0
[1] 0.3277027

  0   1 
199  97 
[1] "Fitting mean A"
[1] "Fitting variance A"
[1] "DR"
[1] -0.1020203
[1] 0.07604334
[1] 0.9155405

  0   1 
 25 271 
[1] 297
[1] -0.1999888
[1] -0.1679553
[1] "AdaLSE"
[1] -0.2202545
[1] 0.05694401
[1] 0.3299663

  0   1 
199  98 
[1] "Fitting mean A"
[1] "Fitting variance A"
[1] "DR"
[1] -0.2272238
[1] 0.07302285
[1] 0.9158249

  0   1 
 25 272 
[1] 298
[1] -0.1999888
[1] -0.1679553
[1] "AdaLSE"
[1] -0.3178387
[1] 0.06705285
[1] 0.3288591

  0   1 
200  98 
[1] "Fitting mean A"
[1] "Fitting variance A"
[1] "DR"
[1] -0.2411758
[1] 0.07456407
[1] 0.9161074

  0   1 
 25 273 
[1] 299
[1] -0.1999888
[1] -0.1679553
[1] "AdaLSE"
[1] -0.002929903
[1] 0.0670213
[1] 0.3277592

  0   1 
201  98 
[1] "Fitting mean A"
[1] "Fitting variance A"
[1] "DR"
[1] -0.005190486
[1] 0.07360745
[1] 0.9130435

  0   1 
 26 273 
[1] 300
[1] -0.1999888
[1] -0.1679553
[1] "AdaLSE"
[1] 0
[1] 0
[1] 0.3266667

  0   1 
202  98 
[1] "Fitting mean A"
[1] "Fitting variance A"
[1] "DR"
[1] -0.1098447
[1] 0.07375004
[1] 0.9133333

  0   1 
 26 274 
[1] 301
[1] -0.1999888
[1] -0.1679553
[1] "AdaLSE"
[1] -0.1884103
[1] 0.0599352
[1] 0.3289037

  0   1 
202  99 
[1] "Fitting mean A"
[1] "Fitting variance A"
[1] "DR"
[1] -0.2039844
[1] 0.07353651
[1] 0.9136213

  0   1 
 26 275 
[1] 302
[1] -0.1999888
[1] -0.1679553
[1] "AdaLSE"
[1] 0
[1] 0
[1] 0.3278146

  0   1 
203  99 
[1] "Fitting mean A"
[1] "Fitting variance A"
[1] "DR"
[1] -0.05596432
[1] 0.07496369
[1] 0.9139073

  0   1 
 26 276 
[1] 303
[1] -0.1999888
[1] -0.1679553
[1] "AdaLSE"
[1] -0.1349776
[1] 0.05972275
[1] 0.330033

  0   1 
203 100 
[1] "Fitting mean A"
[1] "Fitting variance A"
[1] "DR"
[1] -0.1200558
[1] 0.07448058
[1] 0.9141914

  0   1 
 26 277 
[1] 304
[1] -0.1999888
[1] -0.1679553
[1] "AdaLSE"
[1] -0.2258912
[1] 0.0638843
[1] 0.3322368

  0   1 
203 101 
[1] "Fitting mean A"
[1] "Fitting variance A"
[1] "DR"
[1] -0.1807957
[1] 0.07699635
[1] 0.9144737

  0   1 
 26 278 
[1] 305
[1] -0.1999888
[1] -0.1679553
[1] "AdaLSE"
[1] 0
[1] 0
[1] 0.3311475

  0   1 
204 101 
[1] "Fitting mean A"
[1] "Fitting variance A"
[1] "DR"
[1] -0.1020194
[1] 0.07543513
[1] 0.9147541

  0   1 
 26 279 
[1] 306
[1] -0.1999888
[1] -0.1679553
[1] "AdaLSE"
[1] -0.08810844
[1] 0.07297227
[1] 0.3333333

  0   1 
204 102 
[1] "Fitting mean A"
[1] "Fitting variance A"
[1] "DR"
[1] -0.07786066
[1] 0.06876765
[1] 0.9150327

  0   1 
 26 280 
[1] 307
[1] -0.1999888
[1] -0.1679553
[1] "AdaLSE"
[1] -0.3255727
[1] 0.06723557
[1] 0.3322476

  0   1 
205 102 
[1] "Fitting mean A"
[1] "Fitting variance A"
[1] "DR"
[1] -0.2830953
[1] 0.07175818
[1] 0.9153094

  0   1 
 26 281 
[1] 308
[1] -0.1999888
[1] -0.1679553
[1] "AdaLSE"
[1] 0
[1] 0
[1] 0.3311688

  0   1 
206 102 
[1] "Fitting mean A"
[1] "Fitting variance A"
[1] "DR"
[1] -0.07095242
[1] 0.0729679
[1] 0.9155844

  0   1 
 26 282 
[1] 309
[1] -0.1999888
[1] -0.1679553
[1] "AdaLSE"
[1] -0.2931335
[1] 0.06250306
[1] 0.3300971

  0   1 
207 102 
[1] "Fitting mean A"
[1] "Fitting variance A"
[1] "DR"
[1] -0.2754392
[1] 0.07662681
[1] 0.9158576

  0   1 
 26 283 
[1] 310
[1] -0.1999888
[1] -0.1679553
[1] "AdaLSE"
[1] 0
[1] 0
[1] 0.3290323

  0   1 
208 102 
[1] "Fitting mean A"
[1] "Fitting variance A"
[1] "DR"
[1] -0.0687722
[1] 0.07790975
[1] 0.916129

  0   1 
 26 284 
[1] 311
[1] -0.1999888
[1] -0.1679553
[1] "AdaLSE"
[1] 0
[1] 0
[1] 0.3279743

  0   1 
209 102 
[1] "Fitting mean A"
[1] "Fitting variance A"
[1] "DR"
[1] -0.05409146
[1] 0.06818831
[1] 0.9163987

  0   1 
 26 285 
[1] 312
[1] -0.1999888
[1] -0.1679553
[1] "AdaLSE"
[1] -0.120957
[1] 0.05582724
[1] 0.3301282

  0   1 
209 103 
[1] "Fitting mean A"
[1] "Fitting variance A"
[1] "DR"
[1] -0.2065424
[1] 0.07350376
[1] 0.9166667

  0   1 
 26 286 
[1] 313
[1] -0.1999888
[1] -0.1679553
[1] "AdaLSE"
[1] 0
[1] 0
[1] 0.3290735

  0   1 
210 103 
[1] "Fitting mean A"
[1] "Fitting variance A"
[1] "DR"
[1] 0.001700562
[1] 0.07611835
[1] 0.913738

  0   1 
 27 286 
[1] 314
[1] -0.0152622  5.2702604
[1] -0.1999888
[1] -0.1679553
[1] "AdaLSE"
[1] 0
[1] 0
[1] 0.3280255

  0   1 
211 103 
[1] "Fitting mean A"
[1] "Fitting variance A"
[1] "DR"
[1] -0.0565787
[1] 0.07267512
[1] 0.9140127

  0   1 
 27 287 
[1] 315
[1] -0.1999888
[1] -0.1679553
[1] "AdaLSE"
[1] 0.07389243
[1] 0.06407063
[1] 0.3269841

  0   1 
212 103 
[1] "Fitting mean A"
[1] "Fitting variance A"
[1] "DR"
[1] 0.06501873
[1] 0.07173428
[1] 0.9111111

  0   1 
 28 287 
[1] 316
[1] -0.1999888
[1] -0.1679553
[1] "AdaLSE"
[1] 0
[1] 0
[1] 0.3259494

  0   1 
213 103 
[1] "Fitting mean A"
[1] "Fitting variance A"
[1] "DR"
[1] -0.1328707
[1] 0.07614151
[1] 0.9113924

  0   1 
 28 288 
[1] 317
[1] -0.1999888
[1] -0.1679553
[1] "AdaLSE"
[1] 0
[1] 0
[1] 0.3249211

  0   1 
214 103 
[1] "Fitting mean A"
[1] "Fitting variance A"
[1] "DR"
[1] -0.05820303
[1] 0.06915898
[1] 0.9116719

  0   1 
 28 289 
[1] 318
[1] -0.1999888
[1] -0.1679553
[1] "AdaLSE"
[1] 0
[1] 0
[1] 0.3238994

  0   1 
215 103 
[1] "Fitting mean A"
[1] "Fitting variance A"
[1] "DR"
[1] -0.059263
[1] 0.07238616
[1] 0.9119497

  0   1 
 28 290 
[1] 319
[1] -0.1999888
[1] -0.1679553
[1] "AdaLSE"
[1] 0
[1] 0
[1] 0.322884

  0   1 
216 103 
[1] "Fitting mean A"
[1] "Fitting variance A"
[1] "DR"
[1] -0.07044029
[1] 0.07132969
[1] 0.9122257

  0   1 
 28 291 
[1] 320
[1] -0.1999888
[1] -0.1679553
[1] "AdaLSE"
[1] -0.01742264
[1] 0.06781058
[1] 0.321875

  0   1 
217 103 
[1] "Fitting mean A"
[1] "Fitting variance A"
[1] "DR"
[1] -0.06926462
[1] 0.07470348
[1] 0.9125

  0   1 
 28 292 
[1] 321
[1] -0.1999888
[1] -0.1679553
[1] "AdaLSE"
[1] -0.04802436
[1] 0.0672325
[1] 0.3239875

  0   1 
217 104 
[1] "Fitting mean A"
[1] "Fitting variance A"
[1] "DR"
[1] 0.02598451
[1] 0.0765168
[1] 0.9096573

  0   1 
 29 292 
[1] 322
[1] -0.1999888
[1] -0.1679553
[1] "AdaLSE"
[1] 0.02105607
[1] 0.07110912
[1] 0.3229814

  0   1 
218 104 
[1] "Fitting mean A"
[1] "Fitting variance A"
[1] "DR"
[1] 0.02143755
[1] 0.07865044
[1] 0.9068323

  0   1 
 30 292 
[1] 323
[1] -0.1999888
[1] -0.1679553
[1] "AdaLSE"
[1] 0
[1] 0
[1] 0.3219814

  0   1 
219 104 
[1] "Fitting mean A"
[1] "Fitting variance A"
[1] "DR"
[1] -0.1721623
[1] 0.07571177
[1] 0.9071207

  0   1 
 30 293 
[1] 324
[1] -0.1999888
[1] -0.1679553
[1] "AdaLSE"
[1] -0.1742713
[1] 0.06574857
[1] 0.3240741

  0   1 
219 105 
[1] "Fitting mean A"
[1] "Fitting variance A"
[1] "DR"
[1] -0.1831376
[1] 0.076486
[1] 0.9074074

  0   1 
 30 294 
[1] 325
[1] -0.1999888
[1] -0.1679553
[1] "AdaLSE"
[1] 0
[1] 0
[1] 0.3230769

  0   1 
220 105 
[1] "Fitting mean A"
[1] "Fitting variance A"
[1] "DR"
[1] -0.1177499
[1] 0.07131203
[1] 0.9076923

  0   1 
 30 295 
[1] 326
[1] -0.1999888
[1] -0.1679553
[1] "AdaLSE"
[1] 0
[1] 0
[1] 0.3220859

  0   1 
221 105 
[1] "Fitting mean A"
[1] "Fitting variance A"
[1] "DR"
[1] -0.1292602
[1] 0.07133984
[1] 0.9079755

  0   1 
 30 296 
[1] 327
[1] -0.1999888
[1] -0.1679553
[1] "AdaLSE"
[1] 0
[1] 0
[1] 0.3211009

  0   1 
222 105 
[1] "Fitting mean A"
[1] "Fitting variance A"
[1] "DR"
[1] -0.1914217
[1] 0.07419566
[1] 0.9082569

  0   1 
 30 297 
[1] 328
[1] -0.1999888
[1] -0.1679553
[1] "AdaLSE"
[1] 0
[1] 0
[1] 0.320122

  0   1 
223 105 
[1] "Fitting mean A"
[1] "Fitting variance A"
[1] "DR"
[1] -0.09189435
[1] 0.07149306
[1] 0.9085366

  0   1 
 30 298 
[1] 329
[1] -0.1999888
[1] -0.1679553
[1] "AdaLSE"
[1] 0
[1] 0
[1] 0.3191489

  0   1 
224 105 
[1] "Fitting mean A"
[1] "Fitting variance A"
[1] "DR"
[1] -0.07342465
[1] 0.07263088
[1] 0.9088146

  0   1 
 30 299 
[1] 330
[1] -0.1999888
[1] -0.1679553
[1] "AdaLSE"
[1] -0.1106343
[1] 0.07525591
[1] 0.3212121

  0   1 
224 106 
[1] "Fitting mean A"
[1] "Fitting variance A"
[1] "DR"
[1] -0.09298994
[1] 0.07256134
[1] 0.9090909

  0   1 
 30 300 
[1] 331
[1] -0.1999888
[1] -0.1679553
[1] "AdaLSE"
[1] 0
[1] 0
[1] 0.3202417

  0   1 
225 106 
[1] "Fitting mean A"
[1] "Fitting variance A"
[1] "DR"
[1] -0.1706597
[1] 0.07417506
[1] 0.9093656

  0   1 
 30 301 
[1] 332
[1] -0.1999888
[1] -0.1679553
[1] "AdaLSE"
[1] 0
[1] 0
[1] 0.3192771

  0   1 
226 106 
[1] "Fitting mean A"
[1] "Fitting variance A"
[1] "DR"
[1] -0.116012
[1] 0.06810539
[1] 0.9096386

  0   1 
 30 302 
[1] 333
[1] -0.1999888
[1] -0.1679553
[1] "AdaLSE"
[1] -0.2999852
[1] 0.0694208
[1] 0.3213213

  0   1 
226 107 
[1] "Fitting mean A"
[1] "Fitting variance A"
[1] "DR"
[1] -0.2612232
[1] 0.07874346
[1] 0.9099099

  0   1 
 30 303 
[1] 334
[1] -0.1999888
[1] -0.1679553
[1] "AdaLSE"
[1] 0
[1] 0
[1] 0.3203593

  0   1 
227 107 
[1] "Fitting mean A"
[1] "Fitting variance A"
[1] "DR"
[1] -0.07884035
[1] 0.07045196
[1] 0.9101796

  0   1 
 30 304 
[1] 335
[1] -0.1999888
[1] -0.1679553
[1] "AdaLSE"
[1] 0
[1] 0
[1] 0.319403

  0   1 
228 107 
[1] "Fitting mean A"
[1] "Fitting variance A"
[1] "DR"
[1] -0.1815949
[1] 0.07578846
[1] 0.9104478

  0   1 
 30 305 
[1] 336
[1] -0.1999888
[1] -0.1679553
[1] "AdaLSE"
[1] 0
[1] 0
[1] 0.3184524

  0   1 
229 107 
[1] "Fitting mean A"
[1] "Fitting variance A"
[1] "DR"
[1] -0.2212498
[1] 0.07582105
[1] 0.9107143

  0   1 
 30 306 
[1] 337
[1] -0.1999888
[1] -0.1679553
[1] "AdaLSE"
[1] 0
[1] 0
[1] 0.3175074

  0   1 
230 107 
[1] "Fitting mean A"
[1] "Fitting variance A"
[1] "DR"
[1] -0.126474
[1] 0.07628534
[1] 0.9109792

  0   1 
 30 307 
[1] 338
[1] -0.1999888
[1] -0.1679553
[1] "AdaLSE"
[1] -0.1710295
[1] 0.07638875
[1] 0.3195266

  0   1 
230 108 
[1] "Fitting mean A"
[1] "Fitting variance A"
[1] "DR"
[1] -0.1687568
[1] 0.07409405
[1] 0.9112426

  0   1 
 30 308 
[1] 339
[1] -0.1999888
[1] -0.1679553
[1] "AdaLSE"
[1] 0
[1] 0
[1] 0.3185841

  0   1 
231 108 
[1] "Fitting mean A"
[1] "Fitting variance A"
[1] "DR"
[1] -0.04582289
[1] 0.07673592
[1] 0.9115044

  0   1 
 30 309 
[1] 340
[1] -0.1999888
[1] -0.1679553
[1] "AdaLSE"
[1] 0
[1] 0
[1] 0.3176471

  0   1 
232 108 
[1] "Fitting mean A"
[1] "Fitting variance A"
[1] "DR"
[1] -0.191176
[1] 0.07576413
[1] 0.9117647

  0   1 
 30 310 
[1] 341
[1] -0.1999888
[1] -0.1679553
[1] "AdaLSE"
[1] 0
[1] 0
[1] 0.3167155

  0   1 
233 108 
[1] "Fitting mean A"
[1] "Fitting variance A"
[1] "DR"
[1] -0.130846
[1] 0.07744374
[1] 0.9120235

  0   1 
 30 311 
[1] 342
[1] -0.1999888
[1] -0.1679553
[1] "AdaLSE"
[1] -0.2391139
[1] 0.07250907
[1] 0.3187135

  0   1 
233 109 
[1] "Fitting mean A"
[1] "Fitting variance A"
[1] "DR"
[1] -0.2562262
[1] 0.07604961
[1] 0.9122807

  0   1 
 30 312 
[1] 343
[1] -0.1999888
[1] -0.1679553
[1] "AdaLSE"
[1] -0.1317002
[1] 0.06614784
[1] 0.3206997

  0   1 
233 110 
[1] "Fitting mean A"
[1] "Fitting variance A"
[1] "DR"
[1] -0.1409031
[1] 0.0726823
[1] 0.9125364

  0   1 
 30 313 
[1] 344
[1] -0.1999888
[1] -0.1679553
[1] "AdaLSE"
[1] 0
[1] 0
[1] 0.3197674

  0   1 
234 110 
[1] "Fitting mean A"
[1] "Fitting variance A"
[1] "DR"
[1] -0.1274379
[1] 0.07370701
[1] 0.9127907

  0   1 
 30 314 
[1] 345
[1] -0.1999888
[1] -0.1679553
[1] "AdaLSE"
[1] 0
[1] 0
[1] 0.3188406

  0   1 
235 110 
[1] "Fitting mean A"
[1] "Fitting variance A"
[1] "DR"
[1] -0.1865815
[1] 0.07616343
[1] 0.9130435

  0   1 
 30 315 
[1] 346
[1] -0.1999888
[1] -0.1679553
[1] "AdaLSE"
[1] 0
[1] 0
[1] 0.3179191

  0   1 
236 110 
[1] "Fitting mean A"
[1] "Fitting variance A"
[1] "DR"
[1] -0.1885605
[1] 0.07276349
[1] 0.9132948

  0   1 
 30 316 
[1] 347
[1] -0.1999888
[1] -0.1679553
[1] "AdaLSE"
[1] 0
[1] 0
[1] 0.3170029

  0   1 
237 110 
[1] "Fitting mean A"
[1] "Fitting variance A"
[1] "DR"
[1] 0.0009144834
[1] 0.0739762
[1] 0.9106628

  0   1 
 31 316 
[1] 348
[1] -0.1999888
[1] -0.1679553
[1] "AdaLSE"
[1] 0
[1] 0
[1] 0.316092

  0   1 
238 110 
[1] "Fitting mean A"
[1] "Fitting variance A"
[1] "DR"
[1] -0.1199086
[1] 0.07362008
[1] 0.9109195

  0   1 
 31 317 
[1] 349
[1] -0.1999888
[1] -0.1679553
[1] "AdaLSE"
[1] -0.2389373
[1] 0.06720569
[1] 0.3180516

  0   1 
238 111 
[1] "Fitting mean A"
[1] "Fitting variance A"
[1] "DR"
[1] -0.2232854
[1] 0.07044196
[1] 0.9111748

  0   1 
 31 318 
[1] 350
[1] -0.1999888
[1] -0.1679553
[1] "AdaLSE"
[1] -0.3660719
[1] 0.08116725
[1] 0.3171429

  0   1 
239 111 
[1] "Fitting mean A"
[1] "Fitting variance A"
[1] "DR"
[1] -0.3322697
[1] 0.07936441
[1] 0.9085714

  0   1 
 32 318 
[1] 351
[1] -0.1999888
[1] -0.1679553
[1] "AdaLSE"
[1] 0
[1] 0
[1] 0.3162393

  0   1 
240 111 
[1] "Fitting mean A"
[1] "Fitting variance A"
[1] "DR"
[1] -0.04021134
[1] 0.07807248
[1] 0.9088319

  0   1 
 32 319 
[1] 352
[1] -0.1999888
[1] -0.1679553
[1] "AdaLSE"
[1] -0.2163815
[1] 0.06216812
[1] 0.3181818

  0   1 
240 112 
[1] "Fitting mean A"
[1] "Fitting variance A"
[1] "DR"
[1] -0.1413824
[1] 0.06925756
[1] 0.9090909

  0   1 
 32 320 
[1] 353
[1] -0.1999888
[1] -0.1679553
