LOADING R
R LOADED
[1] "/home/lvanderl/Rlibs2"                         
[2] "/app/software/R/4.2.2-foss-2021b/lib/R/library"
[1] "/home/lvanderl/sieveSims"
[1] 1
[1] -0.2
[1] -0.1892922
[1] "AdaLSE"
[1] -0.2204142
[1] 0.07243111
[1] 1

1 
1 
[1] "Fitting mean A"
[1] "Fitting variance A"
[1] "DR"
[1] -0.1868678
[1] 0.1474872
[1] 1

1 
1 
[1] "se comparison"
[1] NA
[1] NA
[1] 2
[1] -0.2
[1] -0.1892922
[1] "AdaLSE"
[1] -0.2025442
[1] 0.0668708
[1] 1

1 
2 
[1] "Fitting mean A"
[1] "Fitting variance A"
[1] "DR"
[1] -0.1618933
[1] 0.07416789
[1] 1

1 
2 
[1] "se comparison"
[1] 0.01263597
[1] 0.01765964
[1] 3
[1] -0.2
[1] -0.1892922
[1] "AdaLSE"
[1] -0.1854065
[1] 0.07794665
[1] 1

1 
3 
[1] "Fitting mean A"
[1] "Fitting variance A"
[1] "DR"
[1] -0.1457072
[1] 0.09854041
[1] 1

1 
3 
[1] "se comparison"
[1] 0.01750509
[1] 0.0207361
[1] 4
[1] -0.2
[1] -0.1892922
[1] "AdaLSE"
[1] -0.2636632
[1] 0.07190397
[1] 1

1 
4 
[1] "Fitting mean A"
[1] "Fitting variance A"
[1] "DR"
[1] -0.361332
[1] 0.1179739
[1] 1

1 
4 
[1] "se comparison"
[1] 0.03362625
[1] 0.09970268
[1] 5
[1] -0.2
[1] -0.1892922
[1] "AdaLSE"
[1] -0.2368821
[1] 0.07097166
[1] 1

1 
5 
[1] "Fitting mean A"
[1] "Fitting variance A"
[1] "DR"
[1] -0.2543451
[1] 0.1609686
[1] 1

1 
5 
[1] "se comparison"
[1] 0.03031991
[1] 0.08821463
[1] 6
[1] -0.2
[1] -0.1892922
[1] "AdaLSE"
[1] -0.2333766
[1] 0.06689725
[1] 1

1 
6 
[1] "Fitting mean A"
[1] "Fitting variance A"
[1] "DR"
[1] -0.1336761
[1] 0.1630768
[1] 1

1 
6 
[1] "se comparison"
[1] 0.02752895
[1] 0.08675539
[1] 7
[1] -0.2
[1] -0.1892922
[1] "AdaLSE"
[1] -0.263155
[1] 0.06509969
[1] 1

1 
7 
[1] "Fitting mean A"
[1] "Fitting variance A"
[1] "DR"
[1] -0.2207805
[1] 0.07920246
[1] 1

1 
7 
[1] "se comparison"
[1] 0.02921914
[1] 0.07936012
[1] 8
[1] -0.2
[1] -0.1892922
[1] "AdaLSE"
[1] -0.2238345
[1] 0.07641326
[1] 1

1 
8 
[1] "Fitting mean A"
[1] "Fitting variance A"
[1] "DR"
[1] -0.1278254
[1] 0.09376977
[1] 1

1 
8 
[1] "se comparison"
[1] 0.02712183
[1] 0.07890897
[1] 9
[1] -0.2
[1] -0.1892922
[1] "AdaLSE"
[1] -0.2924259
[1] 0.07140573
[1] 1

1 
9 
[1] "Fitting mean A"
[1] "Fitting variance A"
[1] "DR"
[1] -0.3085785
[1] 0.07615989
[1] 1

1 
9 
[1] "se comparison"
[1] 0.03309742
[1] 0.08234778
[1] 10
[1] -0.2
[1] -0.1892922
[1] "AdaLSE"
[1] -0.196448
[1] 0.07155565
[1] 1

 1 
10 
[1] "Fitting mean A"
[1] "Fitting variance A"
[1] "DR"
[1] -0.146757
[1] 0.0759278
[1] 1

 1 
10 
[1] "se comparison"
[1] 0.0335879
[1] 0.08027004
[1] 11
[1] -0.2
[1] -0.1892922
[1] "AdaLSE"
[1] -0.3137094
[1] 0.0708203
[1] 1

 1 
11 
[1] "Fitting mean A"
[1] "Fitting variance A"
[1] "DR"
[1] -0.3234177
[1] 0.07385478
[1] 1

 1 
11 
[1] "se comparison"
[1] 0.04031169
[1] 0.08413423
[1] 12
[1] -0.2
[1] -0.1892922
[1] "AdaLSE"
[1] -0.2359745
[1] 0.06842569
[1] 1

 1 
12 
[1] "Fitting mean A"
[1] "Fitting variance A"
[1] "DR"
[1] -0.2035409
[1] 0.1182989
[1] 1

 1 
12 
[1] "se comparison"
[1] 0.03844738
[1] 0.08029386
[1] 13
[1] -0.2
[1] -0.1892922
[1] "AdaLSE"
[1] -0.209189
[1] 0.0709632
[1] 1

 1 
13 
[1] "Fitting mean A"
[1] "Fitting variance A"
[1] "DR"
[1] -0.1852946
[1] 0.08271402
[1] 1

 1 
13 
[1] "se comparison"
[1] 0.03772686
[1] 0.07730284
[1] 14
[1] -0.2
[1] -0.1892922
[1] "AdaLSE"
[1] -0.2587755
[1] 0.07301401
[1] 1

 1 
14 
[1] "Fitting mean A"
[1] "Fitting variance A"
[1] "DR"
[1] -0.2645485
[1] 0.1069962
[1] 1

 1 
14 
[1] "se comparison"
[1] 0.03672408
[1] 0.07557105
[1] 15
[1] -0.2
[1] -0.1892922
[1] "AdaLSE"
[1] -0.1849026
[1] 0.07017914
[1] 1

 1 
15 
[1] "Fitting mean A"
[1] "Fitting variance A"
[1] "DR"
[1] -0.1349446
[1] 0.09828104
[1] 1

 1 
15 
[1] "se comparison"
[1] 0.03797639
[1] 0.07577262
[1] 16
[1] -0.2
[1] -0.1892922
[1] "AdaLSE"
[1] -0.2045261
[1] 0.06816026
[1] 1

 1 
16 
[1] "Fitting mean A"
[1] "Fitting variance A"
[1] "DR"
[1] -0.1508834
[1] 0.07067823
[1] 1

 1 
16 
[1] "se comparison"
[1] 0.03745683
[1] 0.07471183
[1] 17
[1] -0.2
[1] -0.1892922
[1] "AdaLSE"
[1] -0.3598364
[1] 0.0726808
[1] 0.9411765

 0  1 
 1 16 
[1] "Fitting mean A"
[1] "Fitting variance A"
[1] "DR"
[1] -0.4472104
[1] 0.1246369
[1] 0.9411765

 0  1 
 1 16 
[1] "se comparison"
[1] 0.04758398
[1] 0.09289785
[1] 18
[1] -0.2
[1] -0.1892922
[1] "AdaLSE"
[1] -0.2691036
[1] 0.07129952
[1] 0.9444444

 0  1 
 1 17 
[1] "Fitting mean A"
[1] "Fitting variance A"
[1] "DR"
[1] 0.09194025
[1] 0.5317598
[1] 0.9444444

 0  1 
 1 17 
[1] "se comparison"
[1] 0.04665987
[1] 0.1164656
[1] 19
[1] -0.2
[1] -0.1892922
[1] "AdaLSE"
[1] -0.1546992
[1] 0.07267939
[1] 0.9473684

 0  1 
 1 18 
[1] "Fitting mean A"
[1] "Fitting variance A"
[1] "DR"
[1] -0.4776231
[1] 0.228641
[1] 0.9473684

 0  1 
 1 18 
[1] "se comparison"
[1] 0.04956192
[1] 0.1294655
[1] 20
[1] -0.2
[1] -0.1892922
[1] "AdaLSE"
[1] -0.2492617
[1] 0.07236919
[1] 0.95

 0  1 
 1 19 
[1] "Fitting mean A"
[1] "Fitting variance A"
[1] "DR"
[1] -0.1897635
[1] 0.07484014
[1] 0.95

 0  1 
 1 19 
[1] "se comparison"
[1] 0.04831401
[1] 0.1261713
[1] 21
[1] -0.2
[1] -0.1892922
[1] "AdaLSE"
[1] -0.3390415
[1] 0.0701795
[1] 0.9047619

 0  1 
 2 19 
[1] "Fitting mean A"
[1] "Fitting variance A"
[1] "DR"
[1] -0.706925
[1] 0.3630244
[1] 0.952381

 0  1 
 1 20 
[1] "se comparison"
[1] 0.05200571
[1] 0.1630009
[1] 22
[1] -0.2
[1] -0.1892922
[1] "AdaLSE"
[1] -0.2852928
[1] 0.07169716
[1] 0.9090909

 0  1 
 2 20 
[1] "Fitting mean A"
[1] "Fitting variance A"
[1] "DR"
[1] -0.2654272
[1] 0.07926518
[1] 0.9545455

 0  1 
 1 21 
[1] "se comparison"
[1] 0.05155752
[1] 0.159165
[1] 23
[1] -0.2
[1] -0.1892922
[1] "AdaLSE"
[1] -0.2799757
[1] 0.07455261
[1] 0.9130435

 0  1 
 2 21 
[1] "Fitting mean A"
[1] "Fitting variance A"
[1] "DR"
[1] -0.1383752
[1] 0.09283043
[1] 0.9565217

 0  1 
 1 22 
[1] "se comparison"
[1] 0.05090762
[1] 0.1569753
[1] 24
[1] -0.2
[1] -0.1892922
[1] "AdaLSE"
[1] -0.1305643
[1] 0.06774777
[1] 0.9166667

 0  1 
 2 22 
[1] "Fitting mean A"
[1] "Fitting variance A"
[1] "DR"
[1] -0.07365918
[1] 0.07399971
[1] 0.9583333

 0  1 
 1 23 
[1] "se comparison"
[1] 0.05509983
[1] 0.1570901
[1] 25
[1] -0.2
[1] -0.1892922
[1] "AdaLSE"
[1] -0.2648712
[1] 0.07314519
[1] 0.92

 0  1 
 2 23 
[1] "Fitting mean A"
[1] "Fitting variance A"
[1] "DR"
[1] -0.07791009
[1] 0.09330899
[1] 0.96

 0  1 
 1 24 
[1] "se comparison"
[1] 0.05414402
[1] 0.1567579
[1] 26
[1] -0.2
[1] -0.1892922
[1] "AdaLSE"
[1] -0.2886783
[1] 0.06862466
[1] 0.9230769

 0  1 
 2 24 
[1] "Fitting mean A"
[1] "Fitting variance A"
[1] "DR"
[1] -0.163635
[1] 0.1395609
[1] 0.9615385

 0  1 
 1 25 
[1] "se comparison"
[1] 0.05382367
[1] 0.1540435
[1] 27
[1] -0.2
[1] -0.1892922
[1] "AdaLSE"
[1] -0.2153255
[1] 0.07148787
[1] 0.9259259

 0  1 
 2 25 
[1] "Fitting mean A"
[1] "Fitting variance A"
[1] "DR"
[1] -0.1552685
[1] 0.1102564
[1] 0.962963

 0  1 
 1 26 
[1] "se comparison"
[1] 0.05306813
[1] 0.1515889
[1] 28
[1] -0.2
[1] -0.1892922
[1] "AdaLSE"
[1] -0.09287496
[1] 0.07198764
[1] 0.9285714

 0  1 
 2 26 
[1] "Fitting mean A"
[1] "Fitting variance A"
[1] "DR"
[1] -0.3514729
[1] 0.3405538
[1] 0.9642857

 0  1 
 1 27 
[1] "se comparison"
[1] 0.05930583
[1] 0.1508457
[1] 29
[1] -0.2
[1] -0.1892922
[1] "AdaLSE"
[1] -0.2104395
[1] 0.0719638
[1] 0.9310345

 0  1 
 2 27 
[1] "Fitting mean A"
[1] "Fitting variance A"
[1] "DR"
[1] -0.1982454
[1] 0.1192733
[1] 0.9655172

 0  1 
 1 28 
[1] "se comparison"
[1] 0.05845628
[1] 0.1482034
[1] 30
[1] -0.2
[1] -0.1892922
[1] "AdaLSE"
[1] -0.1795618
[1] 0.06968804
[1] 0.9333333

 0  1 
 2 28 
[1] "Fitting mean A"
[1] "Fitting variance A"
[1] "DR"
[1] -0.1311256
[1] 0.08267463
[1] 0.9666667

 0  1 
 1 29 
[1] "se comparison"
[1] 0.0583802
[1] 0.1465864
[1] 31
[1] -0.2
[1] -0.1892922
[1] "AdaLSE"
[1] -0.06601145
[1] 0.07062122
[1] 0.9354839

 0  1 
 2 29 
[1] "Fitting mean A"
[1] "Fitting variance A"
[1] "DR"
[1] -0.09629395
[1] 0.121848
[1] 0.9677419

 0  1 
 1 30 
[1] "se comparison"
[1] 0.0649148
[1] 0.1458207
[1] 32
[1] -0.2
[1] -0.1892922
[1] "AdaLSE"
[1] -0.2672697
[1] 0.07143918
[1] 0.9375

 0  1 
 2 30 
[1] "Fitting mean A"
[1] "Fitting variance A"
[1] "DR"
[1] -0.2615078
[1] 0.07697929
[1] 0.96875

 0  1 
 1 31 
[1] "se comparison"
[1] 0.06420952
[1] 0.1436763
[1] 33
[1] -0.2
[1] -0.1892922
[1] "AdaLSE"
[1] -0.141517
[1] 0.07172401
[1] 0.9393939

 0  1 
 2 31 
[1] "Fitting mean A"
[1] "Fitting variance A"
[1] "DR"
[1] -0.2164972
[1] 0.1208007
[1] 0.969697

 0  1 
 1 32 
[1] "se comparison"
[1] 0.06507153
[1] 0.1414136
[1] 34
[1] -0.2
[1] -0.1892922
[1] "AdaLSE"
[1] -0.07474816
[1] 0.07298627
[1] 0.9411765

 0  1 
 2 32 
[1] "Fitting mean A"
[1] "Fitting variance A"
[1] "DR"
[1] -0.02677195
[1] 0.09206435
[1] 0.9705882

 0  1 
 1 33 
[1] "se comparison"
[1] 0.06924988
[1] 0.1430349
[1] 35
[1] -0.2
[1] -0.1892922
[1] "AdaLSE"
[1] -0.2034711
[1] 0.07365463
[1] 0.9428571

 0  1 
 2 33 
[1] "Fitting mean A"
[1] "Fitting variance A"
[1] "DR"
[1] -0.2083396
[1] 0.07836219
[1] 0.9714286

 0  1 
 1 34 
[1] "se comparison"
[1] 0.0683067
[1] 0.1409169
[1] 36
[1] -0.2
[1] -0.1892922
[1] "AdaLSE"
[1] -0.3293963
[1] 0.0720671
[1] 0.9444444

 0  1 
 2 34 
[1] "Fitting mean A"
[1] "Fitting variance A"
[1] "DR"
[1] -0.02536562
[1] 0.1929362
[1] 0.9722222

 0  1 
 1 35 
[1] "se comparison"
[1] 0.06962878
[1] 0.1423137
[1] 37
[1] -0.2
[1] -0.1892922
[1] "AdaLSE"
[1] -0.190265
[1] 0.06858467
[1] 0.9459459

 0  1 
 2 35 
[1] "Fitting mean A"
[1] "Fitting variance A"
[1] "DR"
[1] -0.228042
[1] 0.09046168
[1] 0.972973

 0  1 
 1 36 
[1] "se comparison"
[1] 0.06890237
[1] 0.1403684
[1] 38
[1] -0.2
[1] -0.1892922
[1] "AdaLSE"
[1] -0.2939248
[1] 0.07421215
[1] 0.9473684

 0  1 
 2 36 
[1] "Fitting mean A"
[1] "Fitting variance A"
[1] "DR"
[1] -0.3921334
[1] 0.1220617
[1] 0.9736842

 0  1 
 1 37 
[1] "se comparison"
[1] 0.06888385
[1] 0.1416792
[1] 39
[1] -0.2
[1] -0.1892922
[1] "AdaLSE"
[1] -0.1883461
[1] 0.07075956
[1] 0.9487179

 0  1 
 2 37 
[1] "Fitting mean A"
[1] "Fitting variance A"
[1] "DR"
[1] -0.1856769
[1] 0.07836221
[1] 0.974359

 0  1 
 1 38 
[1] "se comparison"
[1] 0.0682471
[1] 0.1398654
[1] 40
[1] -0.2
[1] -0.1892922
[1] "AdaLSE"
[1] -0.3266523
[1] 0.06890361
[1] 0.925

 0  1 
 3 37 
[1] "Fitting mean A"
[1] "Fitting variance A"
[1] "DR"
[1] -0.3654929
[1] 0.1111096
[1] 0.975

 0  1 
 1 39 
[1] "se comparison"
[1] 0.0692341
[1] 0.1402002
[1] 41
[1] -0.2
[1] -0.1892922
[1] "AdaLSE"
[1] -0.2925589
[1] 0.07347998
[1] 0.9268293

 0  1 
 3 38 
[1] "Fitting mean A"
[1] "Fitting variance A"
[1] "DR"
[1] -0.2670759
[1] 0.08277739
[1] 0.9756098

 0  1 
 1 40 
[1] "se comparison"
[1] 0.06909907
[1] 0.138675
[1] 42
[1] -0.2
[1] -0.1892922
[1] "AdaLSE"
[1] -0.2309882
[1] 0.07189356
[1] 0.9285714

 0  1 
 3 39 
[1] "Fitting mean A"
[1] "Fitting variance A"
[1] "DR"
[1] -0.1831979
[1] 0.1579426
[1] 0.9761905

 0  1 
 1 41 
[1] "se comparison"
[1] 0.06825147
[1] 0.1370686
[1] 43
[1] -0.2
[1] -0.1892922
[1] "AdaLSE"
[1] -0.28825
[1] 0.0757417
[1] 0.9302326

 0  1 
 3 40 
[1] "Fitting mean A"
[1] "Fitting variance A"
[1] "DR"
[1] -0.2219958
[1] 0.08163338
[1] 0.9767442

 0  1 
 1 42 
[1] "se comparison"
[1] 0.06802142
[1] 0.1354306
[1] 44
[1] -0.2
[1] -0.1892922
[1] "AdaLSE"
[1] -0.3336754
[1] 0.07469685
[1] 0.9318182

 0  1 
 3 41 
[1] "Fitting mean A"
[1] "Fitting variance A"
[1] "DR"
[1] -0.4126493
[1] 0.1134253
[1] 0.9545455

 0  1 
 2 42 
[1] "se comparison"
[1] 0.06898078
[1] 0.1371015
[1] 45
[1] -0.2
[1] -0.1892922
[1] "AdaLSE"
[1] -0.2450145
[1] 0.066236
[1] 0.9333333

 0  1 
 3 42 
[1] "Fitting mean A"
[1] "Fitting variance A"
[1] "DR"
[1] -0.9985392
[1] 0.5367737
[1] 0.9555556

 0  1 
 2 43 
[1] "se comparison"
[1] 0.06821419
[1] 0.1784214
[1] 46
[1] -0.2
[1] -0.1892922
[1] "AdaLSE"
[1] -0.1193763
[1] 0.07123741
[1] 0.9347826

 0  1 
 3 43 
[1] "Fitting mean A"
[1] "Fitting variance A"
[1] "DR"
[1] 0.1281662
[1] 0.1710522
[1] 0.9565217

 0  1 
 2 44 
[1] "se comparison"
[1] 0.06952653
[1] 0.1844791
[1] 47
[1] -0.2
[1] -0.1892922
[1] "AdaLSE"
[1] -0.3266675
[1] 0.07081565
[1] 0.9361702

 0  1 
 3 44 
[1] "Fitting mean A"
[1] "Fitting variance A"
[1] "DR"
[1] -0.2457212
[1] 0.1448449
[1] 0.9574468

 0  1 
 2 45 
[1] "se comparison"
[1] 0.0701618
[1] 0.1824782
[1] 48
[1] -0.2
[1] -0.1892922
[1] "AdaLSE"
[1] -0.1474696
[1] 0.07149161
[1] 0.9375

 0  1 
 3 45 
[1] "Fitting mean A"
[1] "Fitting variance A"
[1] "DR"
[1] -0.2157384
[1] 0.1228804
[1] 0.9583333

 0  1 
 2 46 
[1] "se comparison"
[1] 0.07050708
[1] 0.180538
[1] 49
[1] -0.2
[1] -0.1892922
[1] "AdaLSE"
[1] -0.3435706
[1] 0.07596462
[1] 0.9183673

 0  1 
 4 45 
[1] "Fitting mean A"
[1] "Fitting variance A"
[1] "DR"
[1] -0.331694
[1] 0.0947877
[1] 0.9591837

 0  1 
 2 47 
[1] "se comparison"
[1] 0.07158324
[1] 0.1792426
[1] 50
[1] -0.2
[1] -0.1892922
[1] "AdaLSE"
[1] -0.08109121
[1] 0.07276069
[1] 0.92

 0  1 
 4 46 
[1] "Fitting mean A"
[1] "Fitting variance A"
[1] "DR"
[1] 0.02632564
[1] 0.08367357
[1] 0.94

 0  1 
 3 47 
[1] "se comparison"
[1] 0.07406552
[1] 0.181116
[1] 51
[1] -0.2
[1] -0.1892922
[1] "AdaLSE"
[1] -0.1962986
[1] 0.07089733
[1] 0.9215686

 0  1 
 4 47 
[1] "Fitting mean A"
[1] "Fitting variance A"
[1] "DR"
[1] -0.2146812
[1] 0.07621946
[1] 0.9411765

 0  1 
 3 48 
[1] "se comparison"
[1] 0.0734792
[1] 0.1793033
[1] 52
[1] -0.2
[1] -0.1892922
[1] "AdaLSE"
[1] -0.1670055
[1] 0.06854681
[1] 0.9230769

 0  1 
 4 48 
[1] "Fitting mean A"
[1] "Fitting variance A"
[1] "DR"
[1] -0.1202456
[1] 0.08129152
[1] 0.9423077

 0  1 
 3 49 
[1] "se comparison"
[1] 0.07327825
[1] 0.1781441
[1] 53
[1] -0.2
[1] -0.1892922
[1] "AdaLSE"
[1] -0.1153341
[1] 0.0701271
[1] 0.9245283

 0  1 
 4 49 
[1] "Fitting mean A"
[1] "Fitting variance A"
[1] "DR"
[1] -0.0247183
[1] 0.09019478
[1] 0.9433962

 0  1 
 3 50 
[1] "se comparison"
[1] 0.07422543
[1] 0.178538
[1] 54
[1] -0.2
[1] -0.1892922
[1] "AdaLSE"
[1] -0.184262
[1] 0.06863556
[1] 0.9259259

 0  1 
 4 50 
[1] "Fitting mean A"
[1] "Fitting variance A"
[1] "DR"
[1] -0.2026041
[1] 0.09326617
[1] 0.9444444

 0  1 
 3 51 
[1] "se comparison"
[1] 0.07374803
[1] 0.1768623
[1] 55
[1] -0.2
[1] -0.1892922
[1] "AdaLSE"
[1] -0.183135
[1] 0.07203563
[1] 0.9272727

 0  1 
 4 51 
[1] "Fitting mean A"
[1] "Fitting variance A"
[1] "DR"
[1] -0.2483948
[1] 0.1312315
[1] 0.9454545

 0  1 
 3 52 
[1] "se comparison"
[1] 0.07328905
[1] 0.1752586
[1] 56
[1] -0.2
[1] -0.1892922
[1] "AdaLSE"
[1] -0.1443984
[1] 0.07128337
[1] 0.9285714

 0  1 
 4 52 
[1] "Fitting mean A"
[1] "Fitting variance A"
[1] "DR"
[1] -0.1503423
[1] 0.0766644
[1] 0.9464286

 0  1 
 3 53 
[1] "se comparison"
[1] 0.07341631
[1] 0.1739117
[1] 57
[1] -0.2
[1] -0.1892922
[1] "AdaLSE"
[1] -0.2476727
[1] 0.07150345
[1] 0.9298246

 0  1 
 4 53 
[1] "Fitting mean A"
[1] "Fitting variance A"
[1] "DR"
[1] -0.2512313
[1] 0.0742174
[1] 0.9473684

 0  1 
 3 54 
[1] "se comparison"
[1] 0.07282728
[1] 0.1724036
[1] 58
[1] -0.2
[1] -0.1892922
[1] "AdaLSE"
[1] -0.07451895
[1] 0.07530806
[1] 0.9310345

 0  1 
 4 54 
[1] "Fitting mean A"
[1] "Fitting variance A"
[1] "DR"
[1] -0.005028144
[1] 0.1051975
[1] 0.9482759

 0  1 
 3 55 
[1] "se comparison"
[1] 0.07480962
[1] 0.1731986
[1] 59
[1] -0.2
[1] -0.1892922
[1] "AdaLSE"
[1] -0.1935608
[1] 0.0768005
[1] 0.9322034

 0  1 
 4 55 
[1] "Fitting mean A"
[1] "Fitting variance A"
[1] "DR"
[1] -0.181878
[1] 0.08077487
[1] 0.9491525

 0  1 
 3 56 
[1] "se comparison"
[1] 0.07425112
[1] 0.1717572
[1] 60
[1] -0.2
[1] -0.1892922
[1] "AdaLSE"
[1] -0.178124
[1] 0.07341834
[1] 0.9333333

 0  1 
 4 56 
[1] "Fitting mean A"
[1] "Fitting variance A"
[1] "DR"
[1] -0.09656655
[1] 0.1491251
[1] 0.95

 0  1 
 3 57 
[1] "se comparison"
[1] 0.07382735
[1] 0.1709877
[1] 61
[1] -0.2
[1] -0.1892922
[1] "AdaLSE"
[1] -0.1743729
[1] 0.06755607
[1] 0.9344262

 0  1 
 4 57 
[1] "Fitting mean A"
[1] "Fitting variance A"
[1] "DR"
[1] -0.2225073
[1] 0.09580764
[1] 0.9508197

 0  1 
 3 58 
[1] "se comparison"
[1] 0.07344554
[1] 0.1695607
[1] 62
[1] -0.2
[1] -0.1892922
[1] "AdaLSE"
[1] -0.1475586
[1] 0.06636111
[1] 0.9354839

 0  1 
 4 58 
[1] "Fitting mean A"
[1] "Fitting variance A"
[1] "DR"
[1] -0.1572238
[1] 0.07364165
[1] 0.9516129

 0  1 
 3 59 
[1] "se comparison"
[1] 0.0734129
[1] 0.1683185
[1] 63
[1] -0.2
[1] -0.1892922
[1] "AdaLSE"
[1] -0.2114787
[1] 0.073618
[1] 0.9365079

 0  1 
 4 59 
[1] "Fitting mean A"
[1] "Fitting variance A"
[1] "DR"
[1] -0.144851
[1] 0.0800053
[1] 0.952381

 0  1 
 3 60 
[1] "se comparison"
[1] 0.07282369
[1] 0.1671754
[1] 64
[1] -0.2
[1] -0.1892922
[1] "AdaLSE"
[1] -0.2936004
[1] 0.07530539
[1] 0.9375

 0  1 
 4 60 
[1] "Fitting mean A"
[1] "Fitting variance A"
[1] "DR"
[1] -0.2424845
[1] 0.09106243
[1] 0.953125

 0  1 
 3 61 
[1] "se comparison"
[1] 0.07285405
[1] 0.1658877
[1] 65
[1] -0.2
[1] -0.1892922
[1] "AdaLSE"
[1] -0.2423781
[1] 0.07345379
[1] 0.9384615

 0  1 
 4 61 
[1] "Fitting mean A"
[1] "Fitting variance A"
[1] "DR"
[1] -0.2204797
[1] 0.07968522
[1] 0.9538462

 0  1 
 3 62 
[1] "se comparison"
[1] 0.07233844
[1] 0.1645897
[1] 66
[1] -0.2
[1] -0.1892922
[1] "AdaLSE"
[1] -0.1837519
[1] 0.0732226
[1] 0.9393939

 0  1 
 4 62 
[1] "Fitting mean A"
[1] "Fitting variance A"
[1] "DR"
[1] -0.1736371
[1] 0.1361506
[1] 0.9545455

 0  1 
 3 63 
[1] "se comparison"
[1] 0.07191705
[1] 0.1633884
[1] 67
[1] -0.2
[1] -0.1892922
[1] "AdaLSE"
[1] -0.1661825
[1] 0.07341773
[1] 0.9402985

 0  1 
 4 63 
[1] "Fitting mean A"
[1] "Fitting variance A"
[1] "DR"
[1] 0.09397879
[1] 0.1986458
[1] 0.9552239

 0  1 
 3 64 
[1] "se comparison"
[1] 0.07166434
[1] 0.1663942
[1] 68
[1] -0.2
[1] -0.1892922
[1] "AdaLSE"
[1] -0.2887385
[1] 0.070246
[1] 0.9411765

 0  1 
 4 64 
[1] "Fitting mean A"
[1] "Fitting variance A"
[1] "DR"
[1] -0.2530928
[1] 0.08110126
[1] 0.9558824

 0  1 
 3 65 
[1] "se comparison"
[1] 0.07163589
[1] 0.1652413
[1] 69
[1] -0.2
[1] -0.1892922
[1] "AdaLSE"
[1] -0.2022786
[1] 0.07428316
[1] 0.942029

 0  1 
 4 65 
[1] "Fitting mean A"
[1] "Fitting variance A"
[1] "DR"
[1] -0.1793159
[1] 0.09862702
[1] 0.9565217

 0  1 
 3 66 
[1] "se comparison"
[1] 0.07113749
[1] 0.164058
[1] 70
[1] -0.2
[1] -0.1892922
[1] "AdaLSE"
[1] -0.1921485
[1] 0.07323191
[1] 0.9428571

 0  1 
 4 66 
[1] "Fitting mean A"
[1] "Fitting variance A"
[1] "DR"
[1] -0.03590308
[1] 0.1001605
[1] 0.9571429

 0  1 
 3 67 
[1] "se comparison"
[1] 0.07069449
[1] 0.1641514
[1] 71
[1] -0.2
[1] -0.1892922
[1] "AdaLSE"
[1] -0.1674725
[1] 0.07296811
[1] 0.943662

 0  1 
 4 67 
[1] "Fitting mean A"
[1] "Fitting variance A"
[1] "DR"
[1] -0.1911671
[1] 0.1233301
[1] 0.9577465

 0  1 
 3 68 
[1] "se comparison"
[1] 0.0704524
[1] 0.162983
[1] 72
[1] -0.2
[1] -0.1892922
[1] "AdaLSE"
[1] -0.2965541
[1] 0.07338643
[1] 0.9444444

 0  1 
 4 68 
[1] "Fitting mean A"
[1] "Fitting variance A"
[1] "DR"
[1] -0.2833698
[1] 0.1344743
[1] 0.9583333

 0  1 
 3 69 
[1] "se comparison"
[1] 0.07056196
[1] 0.1620954
[1] 73
[1] -0.2
[1] -0.1892922
[1] "AdaLSE"
[1] -0.1610222
[1] 0.07295591
[1] 0.9452055

 0  1 
 4 69 
[1] "Fitting mean A"
[1] "Fitting variance A"
[1] "DR"
[1] -0.1362377
[1] 0.07826972
[1] 0.9589041

 0  1 
 3 70 
[1] "se comparison"
[1] 0.07040084
[1] 0.1611725
[1] 74
[1] -0.2
[1] -0.1892922
[1] "AdaLSE"
[1] -0.26084
[1] 0.07428581
[1] 0.9459459

 0  1 
 4 70 
[1] "Fitting mean A"
[1] "Fitting variance A"
[1] "DR"
[1] -0.05072614
[1] 0.1538749
[1] 0.9594595

 0  1 
 3 71 
[1] "se comparison"
[1] 0.07009042
[1] 0.1610664
[1] 75
[1] -0.2
[1] -0.1892922
[1] "AdaLSE"
[1] -0.2473481
[1] 0.07000438
[1] 0.9466667

 0  1 
 4 71 
[1] "Fitting mean A"
[1] "Fitting variance A"
[1] "DR"
[1] -0.1484179
[1] 0.0731974
[1] 0.96

 0  1 
 3 72 
[1] "se comparison"
[1] 0.06969202
[1] 0.1600981
[1] 76
[1] -0.2
[1] -0.1892922
[1] "AdaLSE"
[1] -0.3431329
[1] 0.07357505
[1] 0.9342105

 0  1 
 5 71 
[1] "Fitting mean A"
[1] "Fitting variance A"
[1] "DR"
[1] -0.356782
[1] 0.09573229
[1] 0.9605263

 0  1 
 3 73 
[1] "se comparison"
[1] 0.07066584
[1] 0.1600128
[1] 77
[1] -0.2
[1] -0.1892922
[1] "AdaLSE"
[1] -0.1853276
[1] 0.07278625
[1] 0.9350649

 0  1 
 5 72 
[1] "Fitting mean A"
[1] "Fitting variance A"
[1] "DR"
[1] -0.06927661
[1] 0.143587
[1] 0.961039

 0  1 
 3 74 
[1] "se comparison"
[1] 0.07031719
[1] 0.1596988
[1] 78
[1] -0.2
[1] -0.1892922
[1] "AdaLSE"
[1] -0.2547771
[1] 0.07070939
[1] 0.9358974

 0  1 
 5 73 
[1] "Fitting mean A"
[1] "Fitting variance A"
[1] "DR"
[1] -0.2474942
[1] 0.07686065
[1] 0.9615385

 0  1 
 3 75 
[1] "se comparison"
[1] 0.06996641
[1] 0.1587403
[1] 79
[1] -0.2
[1] -0.1892922
[1] "AdaLSE"
[1] -0.3179934
[1] 0.06810294
[1] 0.9367089

 0  1 
 5 74 
[1] "Fitting mean A"
[1] "Fitting variance A"
[1] "DR"
[1] -0.3361126
[1] 0.09903336
[1] 0.9620253

 0  1 
 3 76 
[1] "se comparison"
[1] 0.07036771
[1] 0.1584283
[1] 80
[1] -0.2
[1] -0.1892922
[1] "AdaLSE"
[1] -0.09059617
[1] 0.07223567
[1] 0.9375

 0  1 
 5 75 
[1] "Fitting mean A"
[1] "Fitting variance A"
[1] "DR"
[1] -0.05539908
[1] 0.07622016
[1] 0.9625

 0  1 
 3 77 
[1] "se comparison"
[1] 0.07145302
[1] 0.1583054
[1] 81
[1] -0.2
[1] -0.1892922
[1] "AdaLSE"
[1] -0.1862777
[1] 0.07187766
[1] 0.9382716

 0  1 
 5 76 
[1] "Fitting mean A"
[1] "Fitting variance A"
[1] "DR"
[1] -0.1408282
[1] 0.07638021
[1] 0.962963

 0  1 
 3 78 
[1] "se comparison"
[1] 0.07110729
[1] 0.1574638
[1] 82
[1] -0.2
[1] -0.1892922
[1] "AdaLSE"
[1] -0.07475846
[1] 0.07118063
[1] 0.9390244

 0  1 
 5 77 
[1] "Fitting mean A"
[1] "Fitting variance A"
[1] "DR"
[1] -0.01872272
[1] 0.08077429
[1] 0.9512195

 0  1 
 4 78 
[1] "se comparison"
[1] 0.07246831
[1] 0.1577937
[1] 83
[1] -0.2
[1] -0.1892922
[1] "AdaLSE"
[1] -0.1313296
[1] 0.07198209
[1] 0.939759

 0  1 
 5 78 
[1] "Fitting mean A"
[1] "Fitting variance A"
[1] "DR"
[1] -0.03415614
[1] 0.09365796
[1] 0.9518072

 0  1 
 4 79 
[1] "se comparison"
[1] 0.07265624
[1] 0.1578799
[1] 84
[1] -0.2
[1] -0.1892922
[1] "AdaLSE"
[1] -0.1294078
[1] 0.06904442
[1] 0.9404762

 0  1 
 5 79 
[1] "Fitting mean A"
[1] "Fitting variance A"
[1] "DR"
[1] -0.4672997
[1] 0.2135615
[1] 0.952381

 0  1 
 4 80 
[1] "se comparison"
[1] 0.07285175
[1] 0.1596557
[1] 85
[1] -0.2
[1] -0.1892922
[1] "AdaLSE"
[1] -0.155054
[1] 0.0729651
[1] 0.9411765

 0  1 
 5 80 
[1] "Fitting mean A"
[1] "Fitting variance A"
[1] "DR"
[1] -0.1487484
[1] 0.0866451
[1] 0.9529412

 0  1 
 4 81 
[1] "se comparison"
[1] 0.0727208
[1] 0.1588039
[1] 86
[1] -0.2
[1] -0.1892922
[1] "AdaLSE"
[1] -0.2002931
[1] 0.073352
[1] 0.9418605

 0  1 
 5 81 
[1] "Fitting mean A"
[1] "Fitting variance A"
[1] "DR"
[1] -0.06056316
[1] 0.1667432
[1] 0.9534884

 0  1 
 4 82 
[1] "se comparison"
[1] 0.07231054
[1] 0.1585862
[1] 87
[1] -0.2
[1] -0.1892922
[1] "AdaLSE"
[1] -0.1947993
[1] 0.06928635
[1] 0.9425287

 0  1 
 5 82 
[1] "Fitting mean A"
[1] "Fitting variance A"
[1] "DR"
[1] -0.1484938
[1] 0.08877774
[1] 0.954023

 0  1 
 4 83 
[1] "se comparison"
[1] 0.07192281
[1] 0.1577538
[1] 88
[1] -0.2
[1] -0.1892922
[1] "AdaLSE"
[1] -0.2225059
[1] 0.06763659
[1] 0.9431818

 0  1 
 5 83 
[1] "Fitting mean A"
[1] "Fitting variance A"
[1] "DR"
[1] -0.2518323
[1] 0.09058917
[1] 0.9545455

 0  1 
 4 84 
[1] "se comparison"
[1] 0.07151255
[1] 0.1569485
[1] 89
[1] -0.2
[1] -0.1892922
[1] "AdaLSE"
[1] -0.3518098
[1] 0.06966944
[1] 0.9325843

 0  1 
 6 83 
[1] "Fitting mean A"
[1] "Fitting variance A"
[1] "DR"
[1] -0.5685776
[1] 0.1873017
[1] 0.9438202

 0  1 
 5 84 
[1] "se comparison"
[1] 0.07256369
[1] 0.1608998
[1] 90
[1] -0.2
[1] -0.1892922
[1] "AdaLSE"
[1] -0.2543752
[1] 0.07188653
[1] 0.9333333

 0  1 
 6 84 
[1] "Fitting mean A"
[1] "Fitting variance A"
[1] "DR"
[1] -0.2307553
[1] 0.07554316
[1] 0.9444444

 0  1 
 5 85 
[1] "se comparison"
[1] 0.07226364
[1] 0.16002
[1] 91
[1] -0.2
[1] -0.1892922
[1] "AdaLSE"
[1] -0.2463381
[1] 0.07316013
[1] 0.9340659

 0  1 
 6 85 
[1] "Fitting mean A"
[1] "Fitting variance A"
[1] "DR"
[1] -0.2906367
[1] 0.1441211
[1] 0.9450549

 0  1 
 5 86 
[1] "se comparison"
[1] 0.07192597
[1] 0.1593915
[1] 92
[1] -0.2
[1] -0.1892922
[1] "AdaLSE"
[1] -0.03343917
[1] 0.07219425
[1] 0.923913

 0  1 
 7 85 
[1] "Fitting mean A"
[1] "Fitting variance A"
[1] "DR"
[1] -0.123407
[1] 0.152859
[1] 0.9456522

 0  1 
 5 87 
[1] "se comparison"
[1] 0.07405942
[1] 0.1587374
[1] 93
[1] -0.2
[1] -0.1892922
[1] "AdaLSE"
[1] -0.1044923
[1] 0.0696486
[1] 0.9247312

 0  1 
 7 86 
[1] "Fitting mean A"
[1] "Fitting variance A"
[1] "DR"
[1] -0.1088449
[1] 0.128169
[1] 0.9462366

 0  1 
 5 88 
[1] "se comparison"
[1] 0.07455008
[1] 0.1581766
[1] 94
[1] -0.2
[1] -0.1892922
[1] "AdaLSE"
[1] -0.3081269
[1] 0.07139012
[1] 0.9255319

 0  1 
 7 87 
[1] "Fitting mean A"
[1] "Fitting variance A"
[1] "DR"
[1] -0.2632681
[1] 0.08287054
[1] 0.9468085

 0  1 
 5 89 
[1] "se comparison"
[1] 0.07477679
[1] 0.1574491
[1] 95
[1] -0.2
[1] -0.1892922
[1] "AdaLSE"
[1] -0.3560356
[1] 0.06770703
[1] 0.9157895

 0  1 
 8 87 
[1] "Fitting mean A"
[1] "Fitting variance A"
[1] "DR"
[1] -0.3217494
[1] 0.07321101
[1] 0.9473684

 0  1 
 5 90 
[1] "se comparison"
[1] 0.07576622
[1] 0.1570823
[1] 96
[1] -0.2
[1] -0.1892922
[1] "AdaLSE"
[1] -0.1133052
[1] 0.07013447
[1] 0.9166667

 0  1 
 8 88 
[1] "Fitting mean A"
[1] "Fitting variance A"
[1] "DR"
[1] 0.02573187
[1] 0.09278943
[1] 0.9375

 0  1 
 6 90 
[1] "se comparison"
[1] 0.076103
[1] 0.1580071
[1] 97
[1] -0.2
[1] -0.1892922
[1] "AdaLSE"
[1] -0.1874168
[1] 0.06940543
[1] 0.9175258

 0  1 
 8 89 
[1] "Fitting mean A"
[1] "Fitting variance A"
[1] "DR"
[1] -0.1897189
[1] 0.07498407
[1] 0.9381443

 0  1 
 6 91 
[1] "se comparison"
[1] 0.07576012
[1] 0.1571869
[1] 98
[1] -0.2
[1] -0.1892922
[1] "AdaLSE"
[1] -0.1551721
[1] 0.07351443
[1] 0.9183673

 0  1 
 8 90 
[1] "Fitting mean A"
[1] "Fitting variance A"
[1] "DR"
[1] 0.1357271
[1] 0.2604831
[1] 0.9387755

 0  1 
 6 92 
[1] "se comparison"
[1] 0.07561399
[1] 0.1600477
[1] 99
[1] -0.2
[1] -0.1892922
[1] "AdaLSE"
[1] -0.325504
[1] 0.06685485
[1] 0.9090909

 0  1 
 9 90 
[1] "Fitting mean A"
[1] "Fitting variance A"
[1] "DR"
[1] -0.4328304
[1] 0.1358396
[1] 0.9393939

 0  1 
 6 93 
[1] "se comparison"
[1] 0.07604533
[1] 0.1609639
[1] 100
[1] -0.2
[1] -0.1892922
[1] "AdaLSE"
[1] -0.273667
[1] 0.07085931
[1] 0.91

 0  1 
 9 91 
[1] "Fitting mean A"
[1] "Fitting variance A"
[1] "DR"
[1] -0.2214972
[1] 0.08619525
[1] 0.94

 0  1 
 6 94 
[1] "se comparison"
[1] 0.07588025
[1] 0.1601624
[1] 101
[1] -0.2
[1] -0.1892922
[1] "AdaLSE"
[1] -0.2009226
[1] 0.07126477
[1] 0.9108911

 0  1 
 9 92 
[1] "Fitting mean A"
[1] "Fitting variance A"
[1] "DR"
[1] -0.1663841
[1] 0.07230765
[1] 0.9405941

 0  1 
 6 95 
[1] "se comparison"
[1] 0.07551583
[1] 0.1593966
[1] 102
[1] -0.2
[1] -0.1892922
[1] "AdaLSE"
[1] -0.2528462
[1] 0.06939052
[1] 0.9117647

 0  1 
 9 93 
[1] "Fitting mean A"
[1] "Fitting variance A"
[1] "DR"
[1] -0.2792104
[1] 0.08034652
[1] 0.9411765

 0  1 
 6 96 
[1] "se comparison"
[1] 0.07522787
[1] 0.1587966
[1] 103
[1] -0.2
[1] -0.1892922
[1] "AdaLSE"
[1] -0.1930596
[1] 0.06835417
[1] 0.9126214

 0  1 
 9 94 
[1] "Fitting mean A"
[1] "Fitting variance A"
[1] "DR"
[1] -0.2138359
[1] 0.07280817
[1] 0.9417476

 0  1 
 6 97 
[1] "se comparison"
[1] 0.07489447
[1] 0.1580211
[1] 104
[1] -0.2
[1] -0.1892922
[1] "AdaLSE"
[1] -0.1838725
[1] 0.06954389
[1] 0.9134615

 0  1 
 9 95 
[1] "Fitting mean A"
[1] "Fitting variance A"
[1] "DR"
[1] -0.1158606
[1] 0.1155046
[1] 0.9423077

 0  1 
 6 98 
[1] "se comparison"
[1] 0.07459859
[1] 0.1574759
[1] 105
[1] -0.2
[1] -0.1892922
[1] "AdaLSE"
[1] -0.1720552
[1] 0.07186356
[1] 0.9142857

 0  1 
 9 96 
[1] "Fitting mean A"
[1] "Fitting variance A"
[1] "DR"
[1] -0.1359613
[1] 0.08598185
[1] 0.9428571

 0  1 
 6 99 
[1] "se comparison"
[1] 0.0743638
[1] 0.156844
[1] 106
[1] -0.2
[1] -0.1892922
[1] "AdaLSE"
[1] -0.1771635
[1] 0.0708456
[1] 0.9150943

 0  1 
 9 97 
[1] "Fitting mean A"
[1] "Fitting variance A"
[1] "DR"
[1] -0.03417755
[1] 0.07497546
[1] 0.9339623

 0  1 
 7 99 
[1] "se comparison"
[1] 0.07410368
[1] 0.1569242
[1] 107
[1] -0.2
[1] -0.1892922
[1] "AdaLSE"
[1] -0.1824534
[1] 0.07099288
[1] 0.9158879

 0  1 
 9 98 
[1] "Fitting mean A"
[1] "Fitting variance A"
[1] "DR"
[1] -0.1498529
[1] 0.1096875
[1] 0.9345794

  0   1 
  7 100 
[1] "se comparison"
[1] 0.07382199
[1] 0.1562528
[1] 108
[1] -0.2
[1] -0.1892922
[1] "AdaLSE"
[1] -0.238976
[1] 0.07184356
[1] 0.9166667

 0  1 
 9 99 
[1] "Fitting mean A"
[1] "Fitting variance A"
[1] "DR"
[1] -0.1768839
[1] 0.09070572
[1] 0.9351852

  0   1 
  7 101 
[1] "se comparison"
[1] 0.07351219
[1] 0.1555342
[1] 109
[1] -0.2
[1] -0.1892922
[1] "AdaLSE"
[1] -0.3143161
[1] 0.07450417
[1] 0.9174312

  0   1 
  9 100 
[1] "Fitting mean A"
[1] "Fitting variance A"
[1] "DR"
[1] -0.1799467
[1] 0.07955849
[1] 0.9357798

  0   1 
  7 102 
[1] "se comparison"
[1] 0.07378315
[1] 0.1548219
[1] 110
[1] -0.2
[1] -0.1892922
[1] "AdaLSE"
[1] -0.1116089
[1] 0.07166374
[1] 0.9181818

  0   1 
  9 101 
[1] "Fitting mean A"
[1] "Fitting variance A"
[1] "DR"
[1] -0.09607701
[1] 0.09541457
[1] 0.9363636

  0   1 
  7 103 
[1] "se comparison"
[1] 0.07411795
[1] 0.154414
[1] 111
[1] -0.2
[1] -0.1892922
[1] "AdaLSE"
[1] -0.2067945
[1] 0.07622692
[1] 0.9189189

  0   1 
  9 102 
[1] "Fitting mean A"
[1] "Fitting variance A"
[1] "DR"
[1] 0.2264534
[1] 0.2579346
[1] 0.9369369

  0   1 
  7 104 
[1] "se comparison"
[1] 0.07378466
[1] 0.1588715
[1] 112
[1] -0.2
[1] -0.1892922
[1] "AdaLSE"
[1] -0.02526094
[1] 0.07462627
[1] 0.9107143

  0   1 
 10 102 
[1] "Fitting mean A"
[1] "Fitting variance A"
[1] "DR"
[1] 0.01630178
[1] 0.1190079
[1] 0.9375

  0   1 
  7 105 
[1] "se comparison"
[1] 0.07561202
[1] 0.1593848
[1] 113
[1] -0.2
[1] -0.1892922
[1] "AdaLSE"
[1] -0.2059701
[1] 0.07547874
[1] 0.9115044

  0   1 
 10 103 
[1] "Fitting mean A"
[1] "Fitting variance A"
[1] "DR"
[1] -0.2423919
[1] 0.09669982
[1] 0.9380531

  0   1 
  7 106 
[1] "se comparison"
[1] 0.07527703
[1] 0.1587452
[1] 114
[1] -0.2
[1] -0.1892922
[1] "AdaLSE"
[1] -0.2242985
[1] 0.07159418
[1] 0.9122807

  0   1 
 10 104 
[1] "Fitting mean A"
[1] "Fitting variance A"
[1] "DR"
[1] -0.1657932
[1] 0.1653763
[1] 0.9385965

  0   1 
  7 107 
[1] "se comparison"
[1] 0.07495014
[1] 0.1580596
[1] 115
[1] -0.2
[1] -0.1892922
[1] "AdaLSE"
[1] -0.2081391
[1] 0.06837905
[1] 0.9130435

  0   1 
 10 105 
[1] "Fitting mean A"
[1] "Fitting variance A"
[1] "DR"
[1] -0.1534954
[1] 0.06958592
[1] 0.9391304

  0   1 
  7 108 
[1] "se comparison"
[1] 0.07462237
[1] 0.1574042
[1] 116
[1] -0.2
[1] -0.1892922
[1] "AdaLSE"
[1] -0.1721517
[1] 0.06946191
[1] 0.9137931

  0   1 
 10 106 
[1] "Fitting mean A"
[1] "Fitting variance A"
[1] "DR"
[1] -0.1522246
[1] 0.07325027
[1] 0.9396552

  0   1 
  7 109 
[1] "se comparison"
[1] 0.07439618
[1] 0.1567595
[1] 117
[1] -0.2
[1] -0.1892922
[1] "AdaLSE"
[1] -0.1775399
[1] 0.07582227
[1] 0.9145299

  0   1 
 10 107 
[1] "Fitting mean A"
[1] "Fitting variance A"
[1] "DR"
[1] -0.3959118
[1] 0.191708
[1] 0.9401709

  0   1 
  7 110 
[1] "se comparison"
[1] 0.07414777
[1] 0.1572323
[1] 118
[1] -0.2
[1] -0.1892922
[1] "AdaLSE"
[1] -0.3408847
[1] 0.0735423
[1] 0.9067797

  0   1 
 11 107 
[1] "Fitting mean A"
[1] "Fitting variance A"
[1] "DR"
[1] -0.3105619
[1] 0.08370627
[1] 0.940678

  0   1 
  7 111 
[1] "se comparison"
[1] 0.07476575
[1] 0.1569367
[1] 119
[1] -0.2
[1] -0.1892922
[1] "AdaLSE"
[1] -0.3126445
[1] 0.07410152
[1] 0.907563

  0   1 
 11 108 
[1] "Fitting mean A"
[1] "Fitting variance A"
[1] "DR"
[1] -0.2882741
[1] 0.08542256
[1] 0.9411765

  0   1 
  7 112 
[1] "se comparison"
[1] 0.07499663
[1] 0.1565123
[1] 120
[1] -0.2
[1] -0.1892922
[1] "AdaLSE"
[1] -0.1449277
[1] 0.06994229
[1] 0.9083333

  0   1 
 11 109 
[1] "Fitting mean A"
[1] "Fitting variance A"
[1] "DR"
[1] -0.08197696
[1] 0.07319368
[1] 0.9416667

  0   1 
  7 113 
[1] "se comparison"
[1] 0.07495215
[1] 0.1561894
[1] 121
[1] -0.2
[1] -0.1892922
[1] "AdaLSE"
[1] -0.2706951
[1] 0.0727813
[1] 0.9090909

  0   1 
 11 110 
[1] "Fitting mean A"
[1] "Fitting variance A"
[1] "DR"
[1] -0.1952629
[1] 0.2072625
[1] 0.9421488

  0   1 
  7 114 
[1] "se comparison"
[1] 0.07481605
[1] 0.1555373
[1] 122
[1] -0.2
[1] -0.1892922
[1] "AdaLSE"
[1] -0.2207807
[1] 0.07187413
[1] 0.9098361

  0   1 
 11 111 
[1] "Fitting mean A"
[1] "Fitting variance A"
[1] "DR"
[1] -0.1626359
[1] 0.08542585
[1] 0.942623

  0   1 
  7 115 
[1] "se comparison"
[1] 0.07450835
[1] 0.1549181
[1] 123
[1] -0.2
[1] -0.1892922
[1] "AdaLSE"
[1] -0.2484172
[1] 0.07412526
[1] 0.9105691

  0   1 
 11 112 
[1] "Fitting mean A"
[1] "Fitting variance A"
[1] "DR"
[1] -0.3645648
[1] 0.1321874
[1] 0.9430894

  0   1 
  7 116 
[1] "se comparison"
[1] 0.07426477
[1] 0.1550556
[1] 124
[1] -0.2
[1] -0.1892922
[1] "AdaLSE"
[1] -0.1708029
[1] 0.07172376
[1] 0.9112903

  0   1 
 11 113 
[1] "Fitting mean A"
[1] "Fitting variance A"
[1] "DR"
[1] -0.1729291
[1] 0.07711414
[1] 0.9435484

  0   1 
  7 117 
[1] "se comparison"
[1] 0.07406836
[1] 0.154436
[1] 125
[1] -0.2
[1] -0.1892922
[1] "AdaLSE"
[1] -0.09595433
[1] 0.07359893
[1] 0.912

  0   1 
 11 114 
[1] "Fitting mean A"
[1] "Fitting variance A"
[1] "DR"
[1] -0.1667538
[1] 0.1143995
[1] 0.944

  0   1 
  7 118 
[1] "se comparison"
[1] 0.07452818
[1] 0.1538316
[1] 126
[1] -0.2
[1] -0.1892922
[1] "AdaLSE"
[1] -0.27278
[1] 0.07050408
[1] 0.9126984

  0   1 
 11 115 
[1] "Fitting mean A"
[1] "Fitting variance A"
[1] "DR"
[1] -0.1830297
[1] 0.1135674
[1] 0.9444444

  0   1 
  7 119 
[1] "se comparison"
[1] 0.07441629
[1] 0.1532182
[1] 127
[1] -0.2
[1] -0.1892922
[1] "AdaLSE"
[1] -0.1929251
[1] 0.07045487
[1] 0.9133858

  0   1 
 11 116 
[1] "Fitting mean A"
[1] "Fitting variance A"
[1] "DR"
[1] -0.218428
[1] 0.08440836
[1] 0.9448819

  0   1 
  7 120 
[1] "se comparison"
[1] 0.0741442
[1] 0.1526245
[1] 128
[1] -0.2
[1] -0.1892922
[1] "AdaLSE"
[1] -0.3267446
[1] 0.06737494
[1] 0.90625

  0   1 
 12 116 
[1] "Fitting mean A"
[1] "Fitting variance A"
[1] "DR"
[1] -0.3587524
[1] 0.1295779
[1] 0.9453125

  0   1 
  7 121 
[1] "se comparison"
[1] 0.07452184
[1] 0.1527175
[1] 129
[1] -0.2
[1] -0.1892922
[1] "AdaLSE"
[1] -0.2625102
[1] 0.07265336
[1] 0.9069767

  0   1 
 12 117 
[1] "Fitting mean A"
[1] "Fitting variance A"
[1] "DR"
[1] -0.2276874
[1] 0.07385051
[1] 0.9457364

  0   1 
  7 122 
[1] "se comparison"
[1] 0.07434887
[1] 0.1521464
[1] 130
[1] -0.2
[1] -0.1892922
[1] "AdaLSE"
[1] -0.3473842
[1] 0.07086016
[1] 0.9

  0   1 
 13 117 
[1] "Fitting mean A"
[1] "Fitting variance A"
[1] "DR"
[1] -0.1719735
[1] 0.08869838
[1] 0.9461538

  0   1 
  7 123 
[1] "se comparison"
[1] 0.07496229
[1] 0.1515697
[1] 131
[1] -0.2
[1] -0.1892922
[1] "AdaLSE"
[1] -0.08250954
[1] 0.07232142
[1] 0.9007634

  0   1 
 13 118 
[1] "Fitting mean A"
[1] "Fitting variance A"
[1] "DR"
[1] -0.1816155
[1] 0.1627605
[1] 0.9465649

  0   1 
  7 124 
[1] "se comparison"
[1] 0.07558144
[1] 0.1509905
[1] 132
[1] -0.2
[1] -0.1892922
[1] "AdaLSE"
[1] -0.07418641
[1] 0.06764496
[1] 0.9015152

  0   1 
 13 119 
[1] "Fitting mean A"
[1] "Fitting variance A"
[1] "DR"
[1] -0.07853914
[1] 0.07462491
[1] 0.9469697

  0   1 
  7 125 
[1] "se comparison"
[1] 0.07628593
[1] 0.1507562
[1] 133
[1] -0.2
[1] -0.1892922
[1] "AdaLSE"
[1] -0.2254458
[1] 0.07356095
[1] 0.9022556

  0   1 
 13 120 
[1] "Fitting mean A"
[1] "Fitting variance A"
[1] "DR"
[1] -0.3800405
[1] 0.1790318
[1] 0.9473684

  0   1 
  7 126 
[1] "se comparison"
[1] 0.07600278
[1] 0.1510438
[1] 134
[1] -0.2
[1] -0.1892922
[1] "AdaLSE"
[1] -0.3004809
[1] 0.07420969
[1] 0.9029851

  0   1 
 13 121 
[1] "Fitting mean A"
[1] "Fitting variance A"
[1] "DR"
[1] -0.2571516
[1] 0.07599286
[1] 0.9477612

  0   1 
  7 127 
[1] "se comparison"
[1] 0.07608253
[1] 0.150568
[1] 135
[1] -0.2
[1] -0.1892922
[1] "AdaLSE"
[1] -0.2580467
[1] 0.07189653
[1] 0.9037037

  0   1 
 13 122 
[1] "Fitting mean A"
[1] "Fitting variance A"
[1] "DR"
[1] -0.3007605
[1] 0.1218785
[1] 0.9481481

  0   1 
  7 128 
[1] "se comparison"
[1] 0.07588927
[1] 0.1502743
[1] 136
[1] -0.2
[1] -0.1892922
[1] "AdaLSE"
[1] -0.2451457
[1] 0.06870596
[1] 0.9044118

  0   1 
 13 123 
[1] "Fitting mean A"
[1] "Fitting variance A"
[1] "DR"
[1] -0.2632579
[1] 0.07540083
[1] 0.9485294

  0   1 
  7 129 
[1] "se comparison"
[1] 0.07565139
[1] 0.1498242
[1] 137
[1] -0.2
[1] -0.1892922
[1] "AdaLSE"
[1] -0.2581279
[1] 0.07475019
[1] 0.9051095

  0   1 
 13 124 
[1] "Fitting mean A"
[1] "Fitting variance A"
[1] "DR"
[1] -0.1069984
[1] 0.217247
[1] 0.9489051

  0   1 
  7 130 
[1] "se comparison"
[1] 0.07546118
[1] 0.1494728
[1] 138
[1] -0.2
[1] -0.1892922
[1] "AdaLSE"
[1] -0.1935235
[1] 0.07686486
[1] 0.9057971

  0   1 
 13 125 
[1] "Fitting mean A"
[1] "Fitting variance A"
[1] "DR"
[1] 0.06069976
[1] 0.2451115
[1] 0.9492754

  0   1 
  7 131 
[1] "se comparison"
[1] 0.07520895
[1] 0.1505321
[1] 139
[1] -0.2
[1] -0.1892922
[1] "AdaLSE"
[1] -0.2296697
[1] 0.07205878
[1] 0.9064748

  0   1 
 13 126 
[1] "Fitting mean A"
[1] "Fitting variance A"
[1] "DR"
[1] -0.1560711
[1] 0.09633706
[1] 0.9496403

  0   1 
  7 132 
[1] "se comparison"
[1] 0.07494555
[1] 0.1500221
[1] 140
[1] -0.2
[1] -0.1892922
[1] "AdaLSE"
[1] -0.07463795
[1] 0.06845327
[1] 0.9071429

  0   1 
 13 127 
[1] "Fitting mean A"
[1] "Fitting variance A"
[1] "DR"
[1] 0.003139063
[1] 0.07745602
[1] 0.9428571

  0   1 
  8 132 
[1] "se comparison"
[1] 0.07562026
[1] 0.1504143
[1] 141
[1] -0.2
[1] -0.1892922
[1] "AdaLSE"
[1] -0.2418255
[1] 0.07095879
[1] 0.9078014

  0   1 
 13 128 
[1] "Fitting mean A"
[1] "Fitting variance A"
[1] "DR"
[1] -0.214524
[1] 0.0909907
[1] 0.9432624

  0   1 
  8 133 
[1] "se comparison"
[1] 0.07538451
[1] 0.1498867
[1] 142
[1] -0.2
[1] -0.1892922
[1] "AdaLSE"
[1] -0.1940175
[1] 0.07872648
[1] 0.9084507

  0   1 
 13 129 
[1] "Fitting mean A"
[1] "Fitting variance A"
[1] "DR"
[1] -0.1084984
[1] 0.1126836
[1] 0.943662

  0   1 
  8 134 
[1] "se comparison"
[1] 0.075137
[1] 0.1495245
[1] 143
[1] -0.2
[1] -0.1892922
[1] "AdaLSE"
[1] -0.2821424
[1] 0.07057121
[1] 0.9090909

  0   1 
 13 130 
[1] "Fitting mean A"
[1] "Fitting variance A"
[1] "DR"
[1] -0.2249143
[1] 0.07601141
[1] 0.9440559

  0   1 
  8 135 
[1] "se comparison"
[1] 0.07508425
[1] 0.1490211
[1] 144
[1] -0.2
[1] -0.1892922
[1] "AdaLSE"
[1] -0.2518131
[1] 0.06775208
[1] 0.9097222

  0   1 
 13 131 
[1] "Fitting mean A"
[1] "Fitting variance A"
[1] "DR"
[1] -0.212058
[1] 0.07182979
[1] 0.9444444

  0   1 
  8 136 
[1] "se comparison"
[1] 0.07488363
[1] 0.1485076
[1] 145
[1] -0.2
[1] -0.1892922
[1] "AdaLSE"
[1] -0.2309452
[1] 0.07097339
[1] 0.9103448

  0   1 
 13 132 
[1] "Fitting mean A"
[1] "Fitting variance A"
[1] "DR"
[1] -0.1964894
[1] 0.09589137
[1] 0.9448276

  0   1 
  8 137 
[1] "se comparison"
[1] 0.07463433
[1] 0.1479913
[1] 146
[1] -0.2
[1] -0.1892922
[1] "AdaLSE"
[1] -0.2230248
[1] 0.07238695
[1] 0.9109589

  0   1 
 13 133 
[1] "Fitting mean A"
[1] "Fitting variance A"
[1] "DR"
[1] -0.1310919
[1] 0.07855642
[1] 0.9452055

  0   1 
  8 138 
[1] "se comparison"
[1] 0.07437913
[1] 0.1475698
[1] 147
[1] -0.2
[1] -0.1892922
[1] "AdaLSE"
[1] -0.1779288
[1] 0.07021767
[1] 0.9115646

  0   1 
 13 134 
[1] "Fitting mean A"
[1] "Fitting variance A"
[1] "DR"
[1] -0.01849625
[1] 0.1484251
[1] 0.9455782

  0   1 
  8 139 
[1] "se comparison"
[1] 0.07418891
[1] 0.147765
[1] 148
[1] -0.2
[1] -0.1892922
[1] "AdaLSE"
[1] -0.2522304
[1] 0.07488362
[1] 0.9121622

  0   1 
 13 135 
[1] "Fitting mean A"
[1] "Fitting variance A"
[1] "DR"
[1] -0.09797091
[1] 0.1693191
[1] 0.9459459

  0   1 
  8 140 
[1] "se comparison"
[1] 0.07399843
[1] 0.1474628
[1] 149
[1] -0.2
[1] -0.1892922
[1] "AdaLSE"
[1] -0.1245845
[1] 0.07507513
[1] 0.9127517

  0   1 
 13 136 
[1] "Fitting mean A"
[1] "Fitting variance A"
[1] "DR"
[1] -0.1840952
[1] 0.09611685
[1] 0.9463087

  0   1 
  8 141 
[1] "se comparison"
[1] 0.07412358
[1] 0.1469649
[1] 150
[1] -0.2
[1] -0.1892922
[1] "AdaLSE"
[1] -0.2339461
[1] 0.07040572
[1] 0.9133333

  0   1 
 13 137 
[1] "Fitting mean A"
[1] "Fitting variance A"
[1] "DR"
[1] -0.1531483
[1] 0.06986928
[1] 0.9466667

  0   1 
  8 142 
[1] "se comparison"
[1] 0.07389072
[1] 0.1465034
[1] 151
[1] -0.2
[1] -0.1892922
[1] "AdaLSE"
[1] -0.177677
[1] 0.07107375
[1] 0.9139073

  0   1 
 13 138 
[1] "Fitting mean A"
[1] "Fitting variance A"
[1] "DR"
[1] -0.3239913
[1] 0.216015
[1] 0.9470199

  0   1 
  8 143 
[1] "se comparison"
[1] 0.07370684
[1] 0.1464164
[1] 152
[1] -0.2
[1] -0.1892922
[1] "AdaLSE"
[1] -0.2068998
[1] 0.07344229
[1] 0.9144737

  0   1 
 13 139 
[1] "Fitting mean A"
[1] "Fitting variance A"
[1] "DR"
[1] -0.197487
[1] 0.08743538
[1] 0.9473684

  0   1 
  8 144 
[1] "se comparison"
[1] 0.07346518
[1] 0.1459316
[1] 153
[1] -0.2
[1] -0.1892922
[1] "AdaLSE"
[1] -0.3846331
[1] 0.07263013
[1] 0.9084967

  0   1 
 14 139 
[1] "Fitting mean A"
[1] "Fitting variance A"
[1] "DR"
[1] -0.1858979
[1] 0.09476411
[1] 0.9477124

  0   1 
  8 145 
[1] "se comparison"
[1] 0.07449977
[1] 0.1454515
[1] 154
[1] -0.2
[1] -0.1892922
[1] "AdaLSE"
[1] -0.2471159
[1] 0.07013478
[1] 0.9090909

  0   1 
 14 140 
[1] "Fitting mean A"
[1] "Fitting variance A"
[1] "DR"
[1] -0.298056
[1] 0.1118404
[1] 0.9480519

  0   1 
  8 146 
[1] "se comparison"
[1] 0.07429856
[1] 0.1452289
[1] 155
[1] -0.2
[1] -0.1892922
[1] "AdaLSE"
[1] -0.1284225
[1] 0.07353666
[1] 0.9096774

  0   1 
 14 141 
[1] "Fitting mean A"
[1] "Fitting variance A"
[1] "DR"
[1] -0.1275936
[1] 0.1086014
[1] 0.9483871

  0   1 
  8 147 
[1] "se comparison"
[1] 0.07439089
[1] 0.1448499
[1] 156
[1] -0.2
[1] -0.1892922
[1] "AdaLSE"
[1] -0.2764954
[1] 0.07655716
[1] 0.9102564

  0   1 
 14 142 
[1] "Fitting mean A"
[1] "Fitting variance A"
[1] "DR"
[1] -0.2261828
[1] 0.08008484
[1] 0.9487179

  0   1 
  8 148 
[1] "se comparison"
[1] 0.07431109
[1] 0.144408
[1] 157
[1] -0.2
[1] -0.1892922
[1] "AdaLSE"
[1] -0.3678175
[1] 0.07147715
[1] 0.9044586

  0   1 
 15 142 
[1] "Fitting mean A"
[1] "Fitting variance A"
[1] "DR"
[1] -0.3073542
[1] 0.1091681
[1] 0.9490446

  0   1 
  8 149 
[1] "se comparison"
[1] 0.07505816
[1] 0.1442379
[1] 158
[1] -0.2
[1] -0.1892922
[1] "AdaLSE"
[1] -0.1996944
[1] 0.07260642
[1] 0.9050633

  0   1 
 15 143 
[1] "Fitting mean A"
[1] "Fitting variance A"
[1] "DR"
[1] -0.1157258
[1] 0.07983718
[1] 0.9493671

  0   1 
  8 150 
[1] "se comparison"
[1] 0.07483122
[1] 0.1439087
[1] 159
[1] -0.2
[1] -0.1892922
[1] "AdaLSE"
[1] -0.1772865
[1] 0.07051821
[1] 0.9056604

  0   1 
 15 144 
[1] "Fitting mean A"
[1] "Fitting variance A"
[1] "DR"
[1] -0.1053943
[1] 0.07410619
[1] 0.9496855

  0   1 
  8 151 
[1] "se comparison"
[1] 0.07465971
[1] 0.1436182
[1] 160
[1] -0.2
[1] -0.1892922
[1] "AdaLSE"
[1] -0.240763
[1] 0.07381923
[1] 0.90625

  0   1 
 15 145 
[1] "Fitting mean A"
[1] "Fitting variance A"
[1] "DR"
[1] -0.2008168
[1] 0.07860635
[1] 0.95

  0   1 
  8 152 
[1] "se comparison"
[1] 0.07444924
[1] 0.1431677
[1] 161
[1] -0.2
[1] -0.1892922
[1] "AdaLSE"
[1] -0.1641661
[1] 0.0672569
[1] 0.9068323

  0   1 
 15 146 
[1] "Fitting mean A"
[1] "Fitting variance A"
[1] "DR"
[1] -0.09928921
[1] 0.07145021
[1] 0.9503106

  0   1 
  8 153 
[1] "se comparison"
[1] 0.07433148
[1] 0.1429059
[1] 162
[1] -0.2
[1] -0.1892922
[1] "AdaLSE"
[1] -0.2727942
[1] 0.07323799
[1] 0.9074074

  0   1 
 15 147 
[1] "Fitting mean A"
[1] "Fitting variance A"
[1] "DR"
[1] -0.4148525
[1] 0.1365977
[1] 0.9506173

  0   1 
  8 154 
[1] "se comparison"
[1] 0.0742329
[1] 0.1435402
[1] 163
[1] -0.2
[1] -0.1892922
[1] "AdaLSE"
[1] -0.1570096
[1] 0.07068031
[1] 0.9079755

  0   1 
 15 148 
[1] "Fitting mean A"
[1] "Fitting variance A"
[1] "DR"
[1] -0.06821043
[1] 0.08005241
[1] 0.9509202

  0   1 
  8 155 
[1] "se comparison"
[1] 0.07415092
[1] 0.1434281
[1] 164
[1] -0.2
[1] -0.1892922
[1] "AdaLSE"
[1] -0.1545824
[1] 0.06613913
[1] 0.9085366

  0   1 
 15 149 
[1] "Fitting mean A"
[1] "Fitting variance A"
[1] "DR"
[1] -0.05615705
[1] 0.1610508
[1] 0.9512195

  0   1 
  8 156 
[1] "se comparison"
[1] 0.07408017
[1] 0.1433799
[1] 165
[1] -0.2
[1] -0.1892922
[1] "AdaLSE"
[1] -0.2120946
[1] 0.07268577
[1] 0.9090909

  0   1 
 15 150 
[1] "Fitting mean A"
[1] "Fitting variance A"
[1] "DR"
[1] -0.108608
[1] 0.08776991
[1] 0.9515152

  0   1 
  8 157 
[1] "se comparison"
[1] 0.07385458
[1] 0.1430862
[1] 166
[1] -0.2
[1] -0.1892922
[1] "AdaLSE"
[1] -0.2303305
[1] 0.0678601
[1] 0.9096386

  0   1 
 15 151 
[1] "Fitting mean A"
[1] "Fitting variance A"
[1] "DR"
[1] -0.2012068
[1] 0.0750653
[1] 0.9518072

  0   1 
  8 158 
[1] "se comparison"
[1] 0.07363892
[1] 0.1426543
[1] 167
[1] -0.2
[1] -0.1892922
[1] "AdaLSE"
[1] -0.2244955
[1] 0.06773988
[1] 0.9101796

  0   1 
 15 152 
[1] "Fitting mean A"
[1] "Fitting variance A"
[1] "DR"
[1] -0.07875706
[1] 0.1762553
[1] 0.9520958

  0   1 
  8 159 
[1] "se comparison"
[1] 0.07341972
[1] 0.1424873
[1] 168
[1] -0.2
[1] -0.1892922
[1] "AdaLSE"
[1] -0.2010262
[1] 0.07893354
[1] 0.9107143

  0   1 
 15 153 
[1] "Fitting mean A"
[1] "Fitting variance A"
[1] "DR"
[1] -0.1765052
[1] 0.1071813
[1] 0.952381

  0   1 
  8 160 
[1] "se comparison"
[1] 0.07320876
[1] 0.1420638
[1] 169
[1] -0.2
[1] -0.1892922
[1] "AdaLSE"
[1] -0.2177255
[1] 0.06735275
[1] 0.9112426

  0   1 
 15 154 
[1] "Fitting mean A"
[1] "Fitting variance A"
[1] "DR"
[1] -0.3313249
[1] 0.09379919
[1] 0.9526627

  0   1 
  8 161 
[1] "se comparison"
[1] 0.07299068
[1] 0.1420576
[1] 170
[1] -0.2
[1] -0.1892922
[1] "AdaLSE"
[1] -0.2985439
[1] 0.06477647
[1] 0.9117647

  0   1 
 15 155 
[1] "Fitting mean A"
[1] "Fitting variance A"
[1] "DR"
[1] -0.3359583
[1] 0.08781487
[1] 0.9529412

  0   1 
  8 162 
[1] "se comparison"
[1] 0.07304937
[1] 0.142074
[1] 171
[1] -0.2
[1] -0.1892922
[1] "AdaLSE"
[1] -0.09665358
[1] 0.0712292
[1] 0.9122807

  0   1 
 15 156 
[1] "Fitting mean A"
[1] "Fitting variance A"
[1] "DR"
[1] 0.0850176
[1] 0.09411351
[1] 0.9473684

  0   1 
  9 162 
[1] "se comparison"
[1] 0.07340826
[1] 0.143226
[1] 172
[1] -0.2
[1] -0.1892922
[1] "AdaLSE"
[1] -0.1390069
[1] 0.07373292
[1] 0.9127907

  0   1 
 15 157 
[1] "Fitting mean A"
[1] "Fitting variance A"
[1] "DR"
[1] -0.1097419
[1] 0.07439735
[1] 0.9476744

  0   1 
  9 163 
[1] "se comparison"
[1] 0.07342694
[1] 0.1429376
[1] 173
[1] -0.2
[1] -0.1892922
[1] "AdaLSE"
[1] -0.1247497
[1] 0.07047968
[1] 0.9132948

  0   1 
 15 158 
[1] "Fitting mean A"
[1] "Fitting variance A"
[1] "DR"
[1] 0.0613685
[1] 0.1263258
[1] 0.9421965

  0   1 
 10 163 
[1] "se comparison"
[1] 0.0735363
[1] 0.1437921
[1] 174
[1] -0.2
[1] -0.1892922
[1] "AdaLSE"
[1] -0.271128
[1] 0.07108105
[1] 0.9137931

  0   1 
 15 159 
[1] "Fitting mean A"
[1] "Fitting variance A"
[1] "DR"
[1] -0.2228812
[1] 0.1892873
[1] 0.9425287

  0   1 
 10 164 
[1] "se comparison"
[1] 0.07344771
[1] 0.1434002
[1] 175
[1] -0.2
[1] -0.1892922
[1] "AdaLSE"
[1] -0.1606558
[1] 0.07028232
[1] 0.9142857

  0   1 
 15 160 
[1] "Fitting mean A"
[1] "Fitting variance A"
[1] "DR"
[1] -0.1794257
[1] 0.1127235
[1] 0.9428571

  0   1 
 10 165 
[1] "se comparison"
[1] 0.07335199
[1] 0.1429891
[1] 176
[1] -0.2
[1] -0.1892922
[1] "AdaLSE"
[1] -0.1865893
[1] 0.07031004
[1] 0.9147727

  0   1 
 15 161 
[1] "Fitting mean A"
[1] "Fitting variance A"
[1] "DR"
[1] -0.2614046
[1] 0.0876192
[1] 0.9431818

  0   1 
 10 166 
[1] "se comparison"
[1] 0.07317304
[1] 0.1426867
[1] 177
[1] -0.2
[1] -0.1892922
[1] "AdaLSE"
[1] -0.2494476
[1] 0.07489291
[1] 0.9152542

  0   1 
 15 162 
[1] "Fitting mean A"
[1] "Fitting variance A"
[1] "DR"
[1] -0.1744185
[1] 0.09848867
[1] 0.9435028

  0   1 
 10 167 
[1] "se comparison"
[1] 0.07301173
[1] 0.1422848
[1] 178
[1] -0.2
[1] -0.1892922
[1] "AdaLSE"
[1] -0.368245
[1] 0.06955472
[1] 0.9101124

  0   1 
 16 162 
[1] "Fitting mean A"
[1] "Fitting variance A"
[1] "DR"
[1] -0.3455375
[1] 0.2443198
[1] 0.9438202

  0   1 
 10 168 
[1] "se comparison"
[1] 0.07370748
[1] 0.1423694
[1] 179
[1] -0.2
[1] -0.1892922
[1] "AdaLSE"
[1] -0.2783628
[1] 0.0700936
[1] 0.9106145

  0   1 
 16 163 
[1] "Fitting mean A"
[1] "Fitting variance A"
[1] "DR"
[1] -0.2572418
[1] 0.09759805
[1] 0.9441341

  0   1 
 10 169 
[1] "se comparison"
[1] 0.07364918
[1] 0.1420594
[1] 180
[1] -0.2
[1] -0.1892922
[1] "AdaLSE"
[1] -0.3250991
[1] 0.07442086
[1] 0.9111111

  0   1 
 16 164 
[1] "Fitting mean A"
[1] "Fitting variance A"
[1] "DR"
[1] -0.1869488
[1] 0.1498069
[1] 0.9444444

  0   1 
 10 170 
[1] "se comparison"
[1] 0.0738915
[1] 0.1416622
[1] 181
[1] -0.2
[1] -0.1892922
[1] "AdaLSE"
[1] -0.2337811
[1] 0.07196333
[1] 0.9116022

  0   1 
 16 165 
[1] "Fitting mean A"
[1] "Fitting variance A"
[1] "DR"
[1] -0.1297822
[1] 0.1130537
[1] 0.9447514

  0   1 
 10 171 
[1] "se comparison"
[1] 0.07369694
[1] 0.1413385
[1] 182
[1] -0.2
[1] -0.1892922
[1] "AdaLSE"
[1] -0.06109489
[1] 0.07121642
[1] 0.9120879

  0   1 
 16 166 
[1] "Fitting mean A"
[1] "Fitting variance A"
[1] "DR"
[1] 0.07749387
[1] 0.0831656
[1] 0.9395604

  0   1 
 11 171 
[1] "se comparison"
[1] 0.07439335
[1] 0.1423297
[1] 183
[1] -0.2
[1] -0.1892922
[1] "AdaLSE"
[1] -0.2313862
[1] 0.07243181
[1] 0.9125683

  0   1 
 16 167 
[1] "Fitting mean A"
[1] "Fitting variance A"
[1] "DR"
[1] 0.06128398
[1] 0.2371972
[1] 0.9398907

  0   1 
 11 172 
[1] "se comparison"
[1] 0.07419752
[1] 0.1431292
[1] 184
[1] -0.2
[1] -0.1892922
[1] "AdaLSE"
[1] -0.2393028
[1] 0.06995252
[1] 0.9130435

  0   1 
 16 168 
[1] "Fitting mean A"
[1] "Fitting variance A"
[1] "DR"
[1] -0.1169933
[1] 0.155961
[1] 0.9402174

  0   1 
 11 173 
[1] "se comparison"
[1] 0.07401448
[1] 0.1428299
[1] 185
[1] -0.2
[1] -0.1892922
[1] "AdaLSE"
[1] -0.2542084
[1] 0.07372234
[1] 0.9135135

  0   1 
 16 169 
[1] "Fitting mean A"
[1] "Fitting variance A"
[1] "DR"
[1] -0.0854392
[1] 0.1099948
[1] 0.9405405

  0   1 
 11 174 
[1] "se comparison"
[1] 0.07386619
[1] 0.1426339
[1] 186
[1] -0.2
[1] -0.1892922
[1] "AdaLSE"
[1] -0.2877697
[1] 0.07660357
[1] 0.9139785

  0   1 
 16 170 
[1] "Fitting mean A"
[1] "Fitting variance A"
[1] "DR"
[1] -0.3062669
[1] 0.1368806
[1] 0.9408602

  0   1 
 11 175 
[1] "se comparison"
[1] 0.07385233
[1] 0.1425223
[1] 187
[1] -0.2
[1] -0.1892922
[1] "AdaLSE"
[1] -0.189273
[1] 0.07032129
[1] 0.9144385

  0   1 
 16 171 
[1] "Fitting mean A"
[1] "Fitting variance A"
[1] "DR"
[1] -0.1204293
[1] 0.08233121
[1] 0.9411765

  0   1 
 11 176 
[1] "se comparison"
[1] 0.07368085
[1] 0.1422204
[1] 188
[1] -0.2
[1] -0.1892922
[1] "AdaLSE"
[1] -0.3342323
[1] 0.06879027
[1] 0.9095745

  0   1 
 17 171 
[1] "Fitting mean A"
[1] "Fitting variance A"
[1] "DR"
[1] -0.2788755
[1] 0.08024953
[1] 0.9414894

  0   1 
 11 177 
[1] "se comparison"
[1] 0.07398305
[1] 0.1420013
[1] 189
[1] -0.2
[1] -0.1892922
[1] "AdaLSE"
[1] -0.2045967
[1] 0.06956979
[1] 0.9100529

  0   1 
 17 172 
[1] "Fitting mean A"
[1] "Fitting variance A"
[1] "DR"
[1] -0.2216914
[1] 0.08558295
[1] 0.9417989

  0   1 
 11 178 
[1] "se comparison"
[1] 0.0737917
[1] 0.1416463
[1] 190
[1] -0.2
[1] -0.1892922
[1] "AdaLSE"
[1] -0.1714077
[1] 0.07648913
[1] 0.9105263

  0   1 
 17 173 
[1] "Fitting mean A"
[1] "Fitting variance A"
[1] "DR"
[1] -0.03407654
[1] 0.1555419
[1] 0.9421053

  0   1 
 11 179 
[1] "se comparison"
[1] 0.0736709
[1] 0.1417041
[1] 191
[1] -0.2
[1] -0.1892922
[1] "AdaLSE"
[1] -0.2543937
[1] 0.07437425
[1] 0.9109948

  0   1 
 17 174 
[1] "Fitting mean A"
[1] "Fitting variance A"
[1] "DR"
[1] -0.2496727
[1] 0.08571165
[1] 0.9424084

  0   1 
 11 180 
[1] "se comparison"
[1] 0.0735269
[1] 0.1414061
[1] 192
[1] -0.2
[1] -0.1892922
[1] "AdaLSE"
[1] -0.121045
[1] 0.07649093
[1] 0.9114583

  0   1 
 17 175 
[1] "Fitting mean A"
[1] "Fitting variance A"
[1] "DR"
[1] -0.03725414
[1] 0.1281251
[1] 0.9427083

  0   1 
 11 181 
[1] "se comparison"
[1] 0.07366091
[1] 0.1414445
[1] 193
[1] -0.2
[1] -0.1892922
[1] "AdaLSE"
[1] -0.3257968
[1] 0.07050735
[1] 0.9119171

  0   1 
 17 176 
[1] "Fitting mean A"
[1] "Fitting variance A"
[1] "DR"
[1] -0.3870333
[1] 0.1230751
[1] 0.9430052

  0   1 
 11 182 
[1] "se comparison"
[1] 0.0738883
[1] 0.1418201
[1] 194
[1] -0.2
[1] -0.1892922
[1] "AdaLSE"
[1] -0.2459156
[1] 0.07257425
[1] 0.9123711

  0   1 
 17 177 
[1] "Fitting mean A"
[1] "Fitting variance A"
[1] "DR"
[1] -0.2996303
[1] 0.08127786
[1] 0.943299

  0   1 
 11 183 
[1] "se comparison"
[1] 0.07372559
[1] 0.1416854
[1] 195
[1] -0.2
[1] -0.1892922
[1] "AdaLSE"
[1] -0.2996044
[1] 0.0745648
[1] 0.9128205

  0   1 
 17 178 
[1] "Fitting mean A"
[1] "Fitting variance A"
[1] "DR"
[1] -0.2962289
[1] 0.07820468
[1] 0.9435897

  0   1 
 11 184 
[1] "se comparison"
[1] 0.07377122
[1] 0.1415358
[1] 196
[1] -0.2
[1] -0.1892922
[1] "AdaLSE"
[1] -0.2667388
[1] 0.06879931
[1] 0.9132653

  0   1 
 17 179 
[1] "Fitting mean A"
[1] "Fitting variance A"
[1] "DR"
[1] -0.2821981
[1] 0.0731279
[1] 0.9438776

  0   1 
 11 185 
[1] "se comparison"
[1] 0.07366511
[1] 0.141334
[1] 197
[1] -0.2
[1] -0.1892922
[1] "AdaLSE"
[1] -0.1505963
[1] 0.06952148
[1] 0.9137056

  0   1 
 17 180 
[1] "Fitting mean A"
[1] "Fitting variance A"
[1] "DR"
[1] -0.07894385
[1] 0.07478624
[1] 0.9441624

  0   1 
 11 186 
[1] "se comparison"
[1] 0.07363354
[1] 0.1411873
[1] 198
[1] -0.2
[1] -0.1892922
[1] "AdaLSE"
[1] -0.2716061
[1] 0.07140563
[1] 0.9141414

  0   1 
 17 181 
[1] "Fitting mean A"
[1] "Fitting variance A"
[1] "DR"
[1] -0.3957412
[1] 0.1608945
[1] 0.9444444

  0   1 
 11 187 
[1] "se comparison"
[1] 0.07354656
[1] 0.1416036
[1] 199
[1] -0.2
[1] -0.1892922
[1] "AdaLSE"
[1] -0.2179389
[1] 0.07184675
[1] 0.9145729

  0   1 
 17 182 
[1] "Fitting mean A"
[1] "Fitting variance A"
[1] "DR"
[1] -0.2036526
[1] 0.07803696
[1] 0.9447236

  0   1 
 11 188 
[1] "se comparison"
[1] 0.0733606
[1] 0.1412496
[1] 200
[1] -0.2
[1] -0.1892922
[1] "AdaLSE"
[1] -0.1819615
[1] 0.07231632
[1] 0.915

  0   1 
 17 183 
[1] "Fitting mean A"
[1] "Fitting variance A"
[1] "DR"
[1] -0.1895491
[1] 0.100006
[1] 0.945

  0   1 
 11 189 
[1] "se comparison"
[1] 0.07322013
[1] 0.1408943
[1] 201
[1] -0.2
[1] -0.1892922
[1] "AdaLSE"
[1] -0.2027949
[1] 0.07462293
[1] 0.9154229

  0   1 
 17 184 
[1] "Fitting mean A"
[1] "Fitting variance A"
[1] "DR"
[1] 0.1030099
[1] 0.2444979
[1] 0.9452736

  0   1 
 11 190 
[1] "se comparison"
[1] 0.07304443
[1] 0.1420396
[1] 202
[1] -0.2
[1] -0.1892922
[1] "AdaLSE"
[1] -0.2205231
[1] 0.06865585
[1] 0.9158416

  0   1 
 17 185 
[1] "Fitting mean A"
[1] "Fitting variance A"
[1] "DR"
[1] -0.2497651
[1] 0.1180252
[1] 0.9455446

  0   1 
 11 191 
[1] "se comparison"
[1] 0.07286278
[1] 0.1417541
[1] 203
[1] -0.2
[1] -0.1892922
[1] "AdaLSE"
[1] -0.290981
[1] 0.06979665
[1] 0.9162562

  0   1 
 17 186 
[1] "Fitting mean A"
[1] "Fitting variance A"
[1] "DR"
[1] -0.3604309
[1] 0.1109402
[1] 0.9458128

  0   1 
 11 192 
[1] "se comparison"
[1] 0.0728642
[1] 0.1419225
[1] 204
[1] -0.2
[1] -0.1892922
[1] "AdaLSE"
[1] -0.1975676
[1] 0.07329098
[1] 0.9166667

  0   1 
 17 187 
[1] "Fitting mean A"
[1] "Fitting variance A"
[1] "DR"
[1] -0.07122124
[1] 0.09129291
[1] 0.9460784

  0   1 
 11 193 
[1] "se comparison"
[1] 0.07269861
[1] 0.14181
[1] 205
[1] -0.2
[1] -0.1892922
[1] "AdaLSE"
[1] -0.2417826
[1] 0.07261046
[1] 0.9170732

  0   1 
 17 188 
[1] "Fitting mean A"
[1] "Fitting variance A"
[1] "DR"
[1] -0.0997279
[1] 0.1723417
[1] 0.9463415

  0   1 
 11 194 
[1] "se comparison"
[1] 0.07253937
[1] 0.1415957
[1] 206
[1] -0.2
[1] -0.1892922
[1] "AdaLSE"
[1] -0.3205695
[1] 0.07548519
[1] 0.9174757

  0   1 
 17 189 
[1] "Fitting mean A"
[1] "Fitting variance A"
[1] "DR"
[1] -0.285594
[1] 0.08181276
[1] 0.9466019

  0   1 
 11 195 
[1] "se comparison"
[1] 0.07271405
[1] 0.1414156
[1] 207
[1] -0.2
[1] -0.1892922
[1] "AdaLSE"
[1] -0.1741908
[1] 0.06824872
[1] 0.9178744

  0   1 
 17 190 
[1] "Fitting mean A"
[1] "Fitting variance A"
[1] "DR"
[1] -0.1508846
[1] 0.08624517
[1] 0.9468599

  0   1 
 11 196 
[1] "se comparison"
[1] 0.07260277
[1] 0.1410953
[1] 208
[1] -0.2
[1] -0.1892922
[1] "AdaLSE"
[1] -0.1402316
[1] 0.07363703
[1] 0.9182692

  0   1 
 17 191 
[1] "Fitting mean A"
[1] "Fitting variance A"
[1] "DR"
[1] 0.04180686
[1] 0.1139342
[1] 0.9423077

  0   1 
 12 196 
[1] "se comparison"
[1] 0.07262925
[1] 0.1416507
[1] 209
[1] -0.2
[1] -0.1892922
[1] "AdaLSE"
[1] -0.2446945
[1] 0.07172061
[1] 0.9186603

  0   1 
 17 192 
[1] "Fitting mean A"
[1] "Fitting variance A"
[1] "DR"
[1] -0.4167242
[1] 0.117257
[1] 0.9425837

  0   1 
 12 197 
[1] "se comparison"
[1] 0.07247809
[1] 0.1422037
[1] 210
[1] -0.2
[1] -0.1892922
[1] "AdaLSE"
[1] -0.3195998
[1] 0.06955527
[1] 0.9190476

  0   1 
 17 193 
[1] "Fitting mean A"
[1] "Fitting variance A"
[1] "DR"
[1] -0.3846954
[1] 0.2060978
[1] 0.9428571

  0   1 
 12 198 
[1] "se comparison"
[1] 0.07264318
[1] 0.142513
[1] 211
[1] -0.2
[1] -0.1892922
[1] "AdaLSE"
[1] -0.2408901
[1] 0.06982147
[1] 0.9194313

  0   1 
 17 194 
[1] "Fitting mean A"
[1] "Fitting variance A"
[1] "DR"
[1] -0.4408403
[1] 0.2665548
[1] 0.943128

  0   1 
 12 199 
[1] "se comparison"
[1] 0.07248633
[1] 0.1432297
[1] 212
[1] -0.2
[1] -0.1892922
[1] "AdaLSE"
[1] -0.2372624
[1] 0.0726524
[1] 0.9198113

  0   1 
 17 195 
[1] "Fitting mean A"
[1] "Fitting variance A"
[1] "DR"
[1] -0.3942308
[1] 0.3523334
[1] 0.9433962

  0   1 
 12 200 
[1] "se comparison"
[1] 0.07232565
[1] 0.143578
[1] 213
[1] -0.2
[1] -0.1892922
[1] "AdaLSE"
[1] -0.2413431
[1] 0.06909282
[1] 0.9201878

  0   1 
 17 196 
[1] "Fitting mean A"
[1] "Fitting variance A"
[1] "DR"
[1] -0.01207032
[1] 0.1351382
[1] 0.943662

  0   1 
 12 201 
[1] "se comparison"
[1] 0.07217148
[1] 0.1437614
[1] 214
[1] -0.2
[1] -0.1892922
[1] "AdaLSE"
[1] -0.2570381
[1] 0.0702834
[1] 0.9205607

  0   1 
 17 197 
[1] "Fitting mean A"
[1] "Fitting variance A"
[1] "DR"
[1] -0.2885907
[1] 0.08201283
[1] 0.9439252

  0   1 
 12 202 
[1] "se comparison"
[1] 0.07204918
[1] 0.1435819
[1] 215
[1] -0.2
[1] -0.1892922
[1] "AdaLSE"
[1] -0.1838186
[1] 0.06793427
[1] 0.9209302

  0   1 
 17 198 
[1] "Fitting mean A"
[1] "Fitting variance A"
[1] "DR"
[1] -0.1878104
[1] 0.09643988
[1] 0.944186

  0   1 
 12 203 
[1] "se comparison"
[1] 0.07192074
[1] 0.1432462
[1] 216
[1] -0.2
[1] -0.1892922
[1] "AdaLSE"
[1] -0.2797281
[1] 0.07523949
[1] 0.9212963

  0   1 
 17 199 
[1] "Fitting mean A"
[1] "Fitting variance A"
[1] "DR"
[1] -0.2186353
[1] 0.09042759
[1] 0.9444444

  0   1 
 12 204 
[1] "se comparison"
[1] 0.0718727
[1] 0.1429256
[1] 217
[1] -0.2
[1] -0.1892922
[1] "AdaLSE"
[1] -0.3253159
[1] 0.07234275
[1] 0.921659

  0   1 
 17 200 
[1] "Fitting mean A"
[1] "Fitting variance A"
[1] "DR"
[1] -0.3183442
[1] 0.08586772
[1] 0.9447005

  0   1 
 12 205 
[1] "se comparison"
[1] 0.07206744
[1] 0.1428582
[1] 218
[1] -0.2
[1] -0.1892922
[1] "AdaLSE"
[1] -0.1500214
[1] 0.07641642
[1] 0.9220183

  0   1 
 17 201 
[1] "Fitting mean A"
[1] "Fitting variance A"
[1] "DR"
[1] 0.1891438
[1] 0.1918009
[1] 0.940367

  0   1 
 13 205 
[1] "se comparison"
[1] 0.07205561
[1] 0.1448367
[1] 219
[1] -0.2
[1] -0.1892922
[1] "AdaLSE"
[1] -0.2853448
[1] 0.07462005
[1] 0.9223744

  0   1 
 17 202 
[1] "Fitting mean A"
[1] "Fitting variance A"
[1] "DR"
[1] -0.4116012
[1] 0.2686388
[1] 0.9406393

  0   1 
 13 206 
[1] "se comparison"
[1] 0.07202848
[1] 0.1452823
[1] 220
[1] -0.2
[1] -0.1892922
[1] "AdaLSE"
[1] -0.2360538
[1] 0.07358682
[1] 0.9227273

  0   1 
 17 203 
[1] "Fitting mean A"
[1] "Fitting variance A"
[1] "DR"
[1] -0.3445602
[1] 0.08964216
[1] 0.9409091

  0   1 
 13 207 
[1] "se comparison"
[1] 0.07187239
[1] 0.1453225
[1] 221
[1] -0.2
[1] -0.1892922
[1] "AdaLSE"
[1] -0.1634495
[1] 0.07146514
[1] 0.9230769

  0   1 
 17 204 
[1] "Fitting mean A"
[1] "Fitting variance A"
[1] "DR"
[1] -0.03478725
[1] 0.09763952
[1] 0.9411765

  0   1 
 13 208 
[1] "se comparison"
[1] 0.07180859
[1] 0.1453725
[1] 222
[1] -0.2
[1] -0.1892922
[1] "AdaLSE"
[1] -0.2249216
[1] 0.07860081
[1] 0.9234234

  0   1 
 17 205 
[1] "Fitting mean A"
[1] "Fitting variance A"
[1] "DR"
[1] -0.3679606
[1] 0.1627805
[1] 0.9414414

  0   1 
 13 209 
[1] "se comparison"
[1] 0.07164689
[1] 0.1455322
[1] 223
[1] -0.2
[1] -0.1892922
[1] "AdaLSE"
[1] -0.2507959
[1] 0.07193706
[1] 0.9237668

  0   1 
 17 206 
[1] "Fitting mean A"
[1] "Fitting variance A"
[1] "DR"
[1] -0.3775278
[1] 0.1542753
[1] 0.941704

  0   1 
 13 210 
[1] "se comparison"
[1] 0.07151613
[1] 0.1457393
[1] 224
[1] -0.2
[1] -0.1892922
[1] "AdaLSE"
[1] -0.4285931
[1] 0.06851641
[1] 0.9196429

  0   1 
 18 206 
[1] "Fitting mean A"
[1] "Fitting variance A"
[1] "DR"
[1] -0.3503576
[1] 0.07008904
[1] 0.9375

  0   1 
 14 210 
[1] "se comparison"
[1] 0.07270908
[1] 0.1457966
[1] 225
[1] -0.2
[1] -0.1892922
[1] "AdaLSE"
[1] -0.1982427
[1] 0.06938742
[1] 0.92

  0   1 
 18 207 
[1] "Fitting mean A"
[1] "Fitting variance A"
[1] "DR"
[1] -0.1508601
[1] 0.1638537
[1] 0.9377778

  0   1 
 14 211 
[1] "se comparison"
[1] 0.07256182
[1] 0.1454975
[1] 226
[1] -0.2
[1] -0.1892922
[1] "AdaLSE"
[1] -0.3062844
[1] 0.06924422
[1] 0.920354

  0   1 
 18 208 
[1] "Fitting mean A"
[1] "Fitting variance A"
[1] "DR"
[1] -0.2627905
[1] 0.08591083
[1] 0.9380531

  0   1 
 14 212 
[1] "se comparison"
[1] 0.07262525
[1] 0.1452491
[1] 227
[1] -0.2
[1] -0.1892922
[1] "AdaLSE"
[1] -0.2262582
[1] 0.068906
[1] 0.9207048

  0   1 
 18 209 
[1] "Fitting mean A"
[1] "Fitting variance A"
[1] "DR"
[1] -0.2653599
[1] 0.1013568
[1] 0.938326

  0   1 
 14 213 
[1] "se comparison"
[1] 0.0724653
[1] 0.1450073
[1] 228
[1] -0.2
[1] -0.1892922
[1] "AdaLSE"
[1] -0.2524405
[1] 0.07032373
[1] 0.9210526

  0   1 
 18 210 
[1] "Fitting mean A"
[1] "Fitting variance A"
[1] "DR"
[1] -0.2283661
[1] 0.1209718
[1] 0.9385965

  0   1 
 14 214 
[1] "se comparison"
[1] 0.07233579
[1] 0.1447063
[1] 229
[1] -0.2
[1] -0.1892922
[1] "AdaLSE"
[1] -0.2140808
[1] 0.06972901
[1] 0.9213974

  0   1 
 18 211 
[1] "Fitting mean A"
[1] "Fitting variance A"
[1] "DR"
[1] -0.183033
[1] 0.07909918
[1] 0.9388646

  0   1 
 14 215 
[1] "se comparison"
[1] 0.07217842
[1] 0.1443902
[1] 230
[1] -0.2
[1] -0.1892922
[1] "AdaLSE"
[1] -0.2686833
[1] 0.07060384
[1] 0.9217391

  0   1 
 18 212 
[1] "Fitting mean A"
[1] "Fitting variance A"
[1] "DR"
[1] -0.2433818
[1] 0.09503016
[1] 0.9391304

  0   1 
 14 216 
[1] "se comparison"
[1] 0.0720894
[1] 0.1441125
[1] 231
[1] -0.2
[1] -0.1892922
[1] "AdaLSE"
[1] -0.1960998
[1] 0.07424315
[1] 0.9220779

  0   1 
 18 213 
[1] "Fitting mean A"
[1] "Fitting variance A"
[1] "DR"
[1] -0.07541655
[1] 0.236137
[1] 0.9393939

  0   1 
 14 217 
[1] "se comparison"
[1] 0.0719514
[1] 0.1440085
[1] 232
[1] -0.2
[1] -0.1892922
[1] "AdaLSE"
[1] -0.1176905
[1] 0.0765835
[1] 0.9224138

  0   1 
 18 214 
[1] "Fitting mean A"
[1] "Fitting variance A"
[1] "DR"
[1] -0.04799582
[1] 0.1145362
[1] 0.9396552

  0   1 
 14 218 
[1] "se comparison"
[1] 0.07211545
[1] 0.1440114
[1] 233
[1] -0.2
[1] -0.1892922
[1] "AdaLSE"
[1] -0.185259
[1] 0.06944637
[1] 0.9227468

  0   1 
 18 215 
[1] "Fitting mean A"
[1] "Fitting variance A"
[1] "DR"
[1] -0.1252175
[1] 0.0812874
[1] 0.9399142

  0   1 
 14 219 
[1] "se comparison"
[1] 0.0719971
[1] 0.143768
[1] 234
[1] -0.2
[1] -0.1892922
[1] "AdaLSE"
[1] -0.05228746
[1] 0.07416462
[1] 0.9230769

  0   1 
 18 216 
[1] "Fitting mean A"
[1] "Fitting variance A"
[1] "DR"
[1] 0.05074812
[1] 0.08331859
[1] 0.9358974

  0   1 
 15 219 
[1] "se comparison"
[1] 0.07267864
[1] 0.1443346
[1] 235
[1] -0.2
[1] -0.1892922
[1] "AdaLSE"
[1] -0.1453154
[1] 0.06956238
[1] 0.9234043

  0   1 
 18 217 
[1] "Fitting mean A"
[1] "Fitting variance A"
[1] "DR"
[1] -0.1027242
[1] 0.08135388
[1] 0.9361702

  0   1 
 15 220 
[1] "se comparison"
[1] 0.07268546
[1] 0.144141
[1] 236
[1] -0.2
[1] -0.1892922
[1] "AdaLSE"
[1] -0.1097159
[1] 0.07218936
[1] 0.9237288

  0   1 
 18 218 
[1] "Fitting mean A"
[1] "Fitting variance A"
[1] "DR"
[1] -0.1547149
[1] 0.0754689
[1] 0.9364407

  0   1 
 15 221 
[1] "se comparison"
[1] 0.07288131
[1] 0.143853
[1] 237
[1] -0.2
[1] -0.1892922
[1] "AdaLSE"
[1] -0.1402799
[1] 0.07308306
[1] 0.9240506

  0   1 
 18 219 
[1] "Fitting mean A"
[1] "Fitting variance A"
[1] "DR"
[1] 0.01238591
[1] 0.121762
[1] 0.9367089

  0   1 
 15 222 
[1] "se comparison"
[1] 0.07290605
[1] 0.1441515
[1] 238
[1] -0.2
[1] -0.1892922
[1] "AdaLSE"
[1] -0.1638361
[1] 0.07304254
[1] 0.9243697

  0   1 
 18 220 
[1] "Fitting mean A"
[1] "Fitting variance A"
[1] "DR"
[1] -0.1086773
[1] 0.08450568
[1] 0.9369748

  0   1 
 15 223 
[1] "se comparison"
[1] 0.07283868
[1] 0.1439428
[1] 239
[1] -0.2
[1] -0.1892922
[1] "AdaLSE"
[1] -0.2408021
[1] 0.07131158
[1] 0.9246862

  0   1 
 18 221 
[1] "Fitting mean A"
[1] "Fitting variance A"
[1] "DR"
[1] -0.1510133
[1] 0.07718117
[1] 0.9372385

  0   1 
 15 224 
[1] "se comparison"
[1] 0.07269996
[1] 0.1436614
[1] 240
[1] -0.2
[1] -0.1892922
[1] "AdaLSE"
[1] -0.2010501
[1] 0.07051569
[1] 0.925

  0   1 
 18 222 
[1] "Fitting mean A"
[1] "Fitting variance A"
[1] "DR"
[1] -0.1759012
[1] 0.08228331
[1] 0.9375

  0   1 
 15 225 
[1] "se comparison"
[1] 0.07255643
[1] 0.1433631
[1] 241
[1] -0.2
[1] -0.1892922
[1] "AdaLSE"
[1] -0.2169537
[1] 0.06723195
[1] 0.9253112

  0   1 
 18 223 
[1] "Fitting mean A"
[1] "Fitting variance A"
